/rcfs/dtn/arpacomp/.conda/envs/goc_eval/lib/python3.10/site-packages/scipy/sparse/linalg/_dsolve/linsolve.py:347: SparseEfficiencyWarning: splu converted its input to CSC format
  warn('splu converted its input to CSC format', SparseEfficiencyWarning)
args:
Namespace(problem_opt=None, problem='/qfs/projects/goc/share/data/C3/E1/D1/C3E1N01576D1/scenario_123.json', solution='/qfs/projects/goc/share/data/C3/E1/D1/C3E1N01576D1/scenario_123.json.pop_solution.json', configuration=None, parameters='{}', summary_csv='summary.csv', summary_json='summary.json', data_errors='data_errors.txt', ignored_errors='ignored_errors.txt', solution_errors='solution_errors.txt', pop_solution=None, scrubbed_problem=None)
problem data file: /qfs/projects/goc/share/data/C3/E1/D1/C3E1N01576D1/scenario_123.json

pop solution data file: None

solution data file: /qfs/projects/goc/share/data/C3/E1/D1/C3E1N01576D1/scenario_123.json.pop_solution.json

git info: {'C3DataUtilities': {'branch': None, 'commit': '417faef61bd7caf40b3ea0dc36c5e033ca7ea3d5', 'date': 'Fri Dec 30 07:03:34 2022 -0800', 'query_return_code': 0, 'query_err': '', 'query_path': '/qfs/projects/goc/share/loadbalancing/src/nonmpi-template/Challenge3/C3DataUtilities/datautilities', 'query_out': 'commit 417faef61bd7caf40b3ea0dc36c5e033ca7ea3d5\nAuthor: Jesse T Holzer <jesse.holzer@pnnl.gov>\nDate:   Fri Dec 30 07:03:34 2022 -0800\n\n    add z_value, z_cost, z_penalty components of z_base\n'}, 'Bid-DS-data-model': {'branch': None, 'commit': None, 'date': None, 'query_return_code': 128, 'query_err': 'fatal: Not a git repository (or any parent up to mount point /rcfs)\nStopping at filesystem boundary (GIT_DISCOVERY_ACROSS_FILESYSTEM not set).\n', 'query_path': '/rcfs/dtn/arpacomp/.conda/envs/goc_eval/lib/python3.10/site-packages/datamodel', 'query_out': ''}}

after reading problem without validation, memory info: {'rss bytes': 176795648, 'rss human': '168.6M', 'percent': 0.06542413309120608}
read problem data file without validation time: 0.3473515510559082
after reading problem with validation, memory info: {'rss bytes': 309026816, 'rss human': '294.7M', 'percent': 0.11435695260290375}
load time: 2.8604822158813477
{'general': {'base_norm_mva': 100.0,
             'day_type': None,
             'electricity_demand': None,
             'net_load': None,
             'season': None,
             'solar_availability': None,
             'timestamp_start': None,
             'timestamp_stop': None,
             'vre_availability': None,
             'weather_temperature': None,
             'wind_availability': None},
 'interval durations': [0.25,
                        0.25,
                        0.25,
                        0.25,
                        0.25,
                        0.25,
                        0.25,
                        0.25,
                        0.5,
                        0.5,
                        0.5,
                        0.5,
                        0.5,
                        0.5,
                        0.5,
                        0.5,
                        1.0,
                        1.0],
 'num ac lines': 2227,
 'num buses': 1576,
 'num consuming devices': 1449,
 'num contingencies': 219,
 'num dc lines': 0,
 'num intervals': 18,
 'num producing devices': 615,
 'num reactive power reserve zones': 2,
 'num real power reserve zones': 2,
 'num shunts': 68,
 'num simple dispatchable devices': 2064,
 'num transformers': 144,
 'total duration': 8.0,
 'violation costs': {'e_vio_cost': 100000.0,
                     'p_bus_vio_cost': 100000.0,
                     'q_bus_vio_cost': 100000.0,
                     's_vio_cost': 100000.0}}
after read solution without validation, memory info: {'rss bytes': 317407232, 'rss human': '302.7M', 'percent': 0.11745816837346204}
read solution data file without validation time: 0.09336566925048828
after read solution with validation, memory info: {'rss bytes': 350658560, 'rss human': '334.4M', 'percent': 0.12976299223729013}
solution load time: 1.078953742980957
after solution_model_checks(), memory info: {'rss bytes': 350658560, 'rss human': '334.4M', 'percent': 0.12976299223729013}
solution model_checks time: 0.014211893081665039
{}
after problem_data_array.set_from_data_model(), memory info: {'rss bytes': 362586112, 'rss human': '345.8M', 'percent': 0.13417684381298206}
convert problem data to numpy arrays time: 0.4712657928466797
after solution_data_array.set_from_data_model(), memory info: {'rss bytes': 367173632, 'rss human': '350.2M', 'percent': 0.13587447903440206}
convert solution data to numpy arrays time: 0.04349923133850098
function: set_summary, time: 0.00016689300537109375
function: set_problem, time: 7.152557373046875e-07
function: set_solution, time: 4.76837158203125e-06
function: set_solution_zero, time: 0.0004029273986816406
function: set_work_zero, time: 0.00041937828063964844
function: set_matrices, time: 0.004391193389892578
function: __init__, time: 0.005409955978393555
function: eval_sd_t_d_up_dn, time: 0.0008392333984375
function: eval_sd_max_startup, time: 0.046883583068847656
function: eval_sd_t_z_sus, time: 0.03386282920837402
function: eval_acl_t_p_q_fr_to, time: 0.002483844757080078
function: eval_xfr_t_p_q_fr_to, time: 0.0002493858337402344
function: eval_sd_t_su_sd_trajectories, time: 0.00041747093200683594
function: eval_sd_max_energy, time: 0.001237630844116211
function: eval_sd_min_energy, time: 0.0007297992706298828
function: eval_sd_t_z_p, time: 0.0989372730255127
function: eval_bus_t_p, time: 0.0008878707885742188
function: eval_bus_t_q, time: 0.00047707557678222656
sd_t_p_rgu sum: 0.0
prz_sigma_rgu max: 0.01
prz_t_p_rgu_req max: 3.143415240101237
sd_t_p_rgd sum: 0.0
prz_sigma_rgd max: 0.01
prz_t_p_rgd_req max: 3.143415240101237
sd_t_p_scr sum: 0.0
prz_sigma_scr max: 1.0
prz_t_p_scr_req max: 12.513202699695933
sd_t_p_nsc sum: 0.0
prz_sigma_nsc max: 1.0
prz_t_p_nsc_req max: 12.513202699695933
sd_t_p_rru sum: 0.0
prz_t_p_rru_min max: 0.0
sd_t_p_rrd sum: 0.0
prz_t_p_rrd_min max: 0.0
sd_t_p_qru sum: 0.0
qrz_t_q_qru_min max: 0.0
sd_t_p_qrd sum: 0.0
qrz_t_q_qrd_min max: 0.0
function: get_connected_components, time: 0.008281230926513672
function: get_bridges, time: 0.02745795249938965
function: get_connected_components, time: 0.006682395935058594
function: get_bridges, time: 0.0268552303314209
function: get_connected_components, time: 0.006738901138305664
function: get_bridges, time: 0.02688765525817871
function: get_connected_components, time: 0.006800413131713867
function: get_bridges, time: 0.027083158493041992
function: get_connected_components, time: 0.006723642349243164
function: get_bridges, time: 0.02693629264831543
function: get_connected_components, time: 0.006777286529541016
function: get_bridges, time: 0.02709174156188965
function: get_connected_components, time: 0.0069293975830078125
function: get_bridges, time: 0.026982784271240234
function: get_connected_components, time: 0.006899595260620117
function: get_bridges, time: 0.026989221572875977
function: get_connected_components, time: 0.0068454742431640625
function: get_bridges, time: 0.026962757110595703
function: get_connected_components, time: 0.006838321685791016
function: get_bridges, time: 0.02718067169189453
function: get_connected_components, time: 0.0069310665130615234
function: get_bridges, time: 0.02720355987548828
function: get_connected_components, time: 0.006897449493408203
function: get_bridges, time: 0.02725672721862793
function: get_connected_components, time: 0.0068874359130859375
function: get_bridges, time: 0.02711033821105957
function: get_connected_components, time: 0.006825923919677734
function: get_bridges, time: 0.027197837829589844
function: get_connected_components, time: 0.006741762161254883
function: get_bridges, time: 0.02727508544921875
function: get_connected_components, time: 0.00686335563659668
function: get_bridges, time: 0.027232646942138672
function: get_connected_components, time: 0.00681304931640625
function: get_bridges, time: 0.027426481246948242
function: get_connected_components, time: 0.006821393966674805
function: get_bridges, time: 0.027150869369506836
end of eval_connectedness(), memory info: {'rss bytes': 407810048, 'rss human': '388.9M', 'percent': 0.15091219245556964}
function: eval_connectedness, time: 0.640944242477417
problem dimensions. bus: 1576, acl: 2227, xfr: 144, dcl: 0, k: 219, t: 18
construct static bus admittance matrix. time: 0.0009603500366210938
factor static bus admittance matrix. time: 0.00619196891784668
t_acl_delta_t: [array([], dtype=int64), array([], dtype=int64), array([], dtype=int64), array([], dtype=int64), array([], dtype=int64), array([], dtype=int64), array([], dtype=int64), array([], dtype=int64), array([], dtype=int64), array([], dtype=int64), array([], dtype=int64), array([], dtype=int64), array([], dtype=int64), array([], dtype=int64), array([], dtype=int64), array([], dtype=int64), array([], dtype=int64), array([], dtype=int64)], t_xfr_delta_t: [array([], dtype=int64), array([], dtype=int64), array([], dtype=int64), array([], dtype=int64), array([], dtype=int64), array([], dtype=int64), array([], dtype=int64), array([], dtype=int64), array([], dtype=int64), array([], dtype=int64), array([], dtype=int64), array([], dtype=int64), array([], dtype=int64), array([], dtype=int64), array([], dtype=int64), array([], dtype=int64), array([], dtype=int64), array([], dtype=int64)], t_br_delta_t: [array([], dtype=int64), array([], dtype=int64), array([], dtype=int64), array([], dtype=int64), array([], dtype=int64), array([], dtype=int64), array([], dtype=int64), array([], dtype=int64), array([], dtype=int64), array([], dtype=int64), array([], dtype=int64), array([], dtype=int64), array([], dtype=int64), array([], dtype=int64), array([], dtype=int64), array([], dtype=int64), array([], dtype=int64), array([], dtype=int64)], acl_delta_t: [], xfr_delta_t: [], br_delta_t: []
contingency delta branches. acl: 219, xfr: 0, dcl: 0
construct bus,t-indexed right hand side. time: 0.0003275871276855469
solve for base case bus,t-indexed theta. time: 0.20636844635009766
num AC branches with possible violations in ACL contingencies: 0
num AC branches with possible violations in DCL contingencies: 0
num AC branches with possible violations in XFR contingencies: 0
t: 0, time: 0.1485285758972168, memory_info: {'rss bytes': 444559360, 'rss human': '424.0M', 'percent': 0.16451146317573043}
num AC branches with possible violations in ACL contingencies: 0
num AC branches with possible violations in DCL contingencies: 0
num AC branches with possible violations in XFR contingencies: 0
t: 1, time: 0.17391753196716309, memory_info: {'rss bytes': 449552384, 'rss human': '428.7M', 'percent': 0.16635915722475808}
num AC branches with possible violations in ACL contingencies: 0
num AC branches with possible violations in DCL contingencies: 0
num AC branches with possible violations in XFR contingencies: 0
t: 2, time: 0.14580106735229492, memory_info: {'rss bytes': 450056192, 'rss human': '429.2M', 'percent': 0.1665455939499676}
num AC branches with possible violations in ACL contingencies: 0
num AC branches with possible violations in DCL contingencies: 0
num AC branches with possible violations in XFR contingencies: 0
t: 3, time: 0.14198040962219238, memory_info: {'rss bytes': 450056192, 'rss human': '429.2M', 'percent': 0.1665455939499676}
num AC branches with possible violations in ACL contingencies: 0
num AC branches with possible violations in DCL contingencies: 0
num AC branches with possible violations in XFR contingencies: 0
t: 4, time: 0.14487934112548828, memory_info: {'rss bytes': 450056192, 'rss human': '429.2M', 'percent': 0.1665455939499676}
num AC branches with possible violations in ACL contingencies: 0
num AC branches with possible violations in DCL contingencies: 0
num AC branches with possible violations in XFR contingencies: 0
t: 5, time: 0.1009681224822998, memory_info: {'rss bytes': 450908160, 'rss human': '430.0M', 'percent': 0.16686086906251701}
num AC branches with possible violations in ACL contingencies: 0
num AC branches with possible violations in DCL contingencies: 0
num AC branches with possible violations in XFR contingencies: 0
t: 6, time: 0.09172844886779785, memory_info: {'rss bytes': 450908160, 'rss human': '430.0M', 'percent': 0.16686086906251701}
num AC branches with possible violations in ACL contingencies: 0
num AC branches with possible violations in DCL contingencies: 0
num AC branches with possible violations in XFR contingencies: 0
t: 7, time: 0.09407639503479004, memory_info: {'rss bytes': 450908160, 'rss human': '430.0M', 'percent': 0.16686086906251701}
num AC branches with possible violations in ACL contingencies: 0
num AC branches with possible violations in DCL contingencies: 0
num AC branches with possible violations in XFR contingencies: 0
t: 8, time: 0.09543943405151367, memory_info: {'rss bytes': 450908160, 'rss human': '430.0M', 'percent': 0.16686086906251701}
num AC branches with possible violations in ACL contingencies: 0
num AC branches with possible violations in DCL contingencies: 0
num AC branches with possible violations in XFR contingencies: 0
t: 9, time: 0.09660005569458008, memory_info: {'rss bytes': 450908160, 'rss human': '430.0M', 'percent': 0.16686086906251701}
num AC branches with possible violations in ACL contingencies: 0
num AC branches with possible violations in DCL contingencies: 0
num AC branches with possible violations in XFR contingencies: 0
t: 10, time: 0.13724446296691895, memory_info: {'rss bytes': 451104768, 'rss human': '430.2M', 'percent': 0.16693362485772073}
num AC branches with possible violations in ACL contingencies: 0
num AC branches with possible violations in DCL contingencies: 0
num AC branches with possible violations in XFR contingencies: 0
t: 11, time: 0.14401602745056152, memory_info: {'rss bytes': 451104768, 'rss human': '430.2M', 'percent': 0.16693362485772073}
num AC branches with possible violations in ACL contingencies: 0
num AC branches with possible violations in DCL contingencies: 0
num AC branches with possible violations in XFR contingencies: 0
t: 12, time: 0.14383220672607422, memory_info: {'rss bytes': 451104768, 'rss human': '430.2M', 'percent': 0.16693362485772073}
num AC branches with possible violations in ACL contingencies: 0
num AC branches with possible violations in DCL contingencies: 0
num AC branches with possible violations in XFR contingencies: 0
t: 13, time: 0.14454174041748047, memory_info: {'rss bytes': 451104768, 'rss human': '430.2M', 'percent': 0.16693362485772073}
num AC branches with possible violations in ACL contingencies: 0
num AC branches with possible violations in DCL contingencies: 0
num AC branches with possible violations in XFR contingencies: 0
t: 14, time: 0.14658546447753906, memory_info: {'rss bytes': 451104768, 'rss human': '430.2M', 'percent': 0.16693362485772073}
num AC branches with possible violations in ACL contingencies: 0
num AC branches with possible violations in DCL contingencies: 0
num AC branches with possible violations in XFR contingencies: 0
t: 15, time: 0.14384841918945312, memory_info: {'rss bytes': 451104768, 'rss human': '430.2M', 'percent': 0.16693362485772073}
num AC branches with possible violations in ACL contingencies: 0
num AC branches with possible violations in DCL contingencies: 0
num AC branches with possible violations in XFR contingencies: 0
t: 16, time: 0.1455378532409668, memory_info: {'rss bytes': 451104768, 'rss human': '430.2M', 'percent': 0.16693362485772073}
num AC branches with possible violations in ACL contingencies: 0
num AC branches with possible violations in DCL contingencies: 0
num AC branches with possible violations in XFR contingencies: 0
t: 17, time: 0.15001201629638672, memory_info: {'rss bytes': 451104768, 'rss human': '430.2M', 'percent': 0.16693362485772073}
initialize_m_w_time: 0.001857757568359375
compute_static_w_time: 0.12452006340026855
get_time_varying_branch_characteristics_time: 0.001468658447265625
construct_a_t_time: 0.00934457778930664
factor_a_t_time: 0.03477120399475098
compute_w_with_t_a_solve_time: 1.3814232349395752
compute_v_t_time: 2.86102294921875e-06
compute_w_with_t_smw_time: 2.6226043701171875e-06
compute_v_time: 0.00350189208984375
compute_bus_theta_with_t_a_solve_time: 0.002507925033569336
compute_bus_theta_with_t_smw_time: 1.9073486328125e-06
compute_br_p_time: 0.002368927001953125
apply_w_v_wt_time: 0.007097721099853516
compute_bus_dtheta_rhs_dcl_k_time: 0.002873659133911133
compute_w_v_wt_xfr_k_time: 0.002586841583251953
compute_bus_dtheta_rhs_xfr_k_time: 2.1457672119140625e-06
compute_br_acl_delta_k_p_delta_time: 0.03902435302734375
compute_br_dcl_delta_k_p_delta_time: 0.0015892982482910156
compute_br_xfr_delta_k_p_delta_time: 0.0011780261993408203
filter_branches_acl_k_time: 0.011490821838378906
filter_branches_dcl_k_time: 0.003113985061645508
filter_branches_xfr_k_time: 0.003056049346923828
compute_br_acl_delta_k_p_time: 0.015572547912597656
compute_br_dcl_delta_k_p_time: 8.0108642578125e-05
compute_br_xfr_delta_k_p_time: 5.507469177246094e-05
compute_br_acl_delta_k_s_over_time: 0.8559257984161377
compute_br_dcl_delta_k_s_over_time: 0.0006473064422607422
compute_br_xfr_delta_k_s_over_time: 0.0005917549133300781
zero_out_time: 0.00010013580322265625
get_max_br_acl_delta_k_s_over_time: 0.0025947093963623047
get_max_br_dcl_delta_k_s_over_time: 3.5762786865234375e-06
get_max_br_xfr_delta_k_s_over_time: 2.1457672119140625e-06
compute_br_k_z_time: 0.002554655075073242
collect_penalties_into_obj_array_time: 0.0002636909484863281
end of contingency model method 1, memory info: {'rss bytes': 451104768, 'rss human': '430.2M', 'percent': 0.16693362485772073}
function: eval_post_contingency_model, time: 2.740187883377075
function: eval_post_contingency_model, time: 2.7402026653289795
function: run, time: 3.585836887359619
after solution_evaluator.run(), memory info: {'rss bytes': 425283584, 'rss human': '405.6M', 'percent': 0.15737836375429967}
evaluation summary:
{'feas': 1,
 'infeas': 0,
 'info_i_i_k_t_disconnected_ctg': {'idx': {0: None, 1: None, 2: None, 3: None},
                                   'val': 0},
 'info_i_i_t_disconnected_base': {'idx': {0: None, 1: None, 2: None}, 'val': 0},
 'sum_acl_t_u_sd': 0,
 'sum_acl_t_u_su': 0,
 'sum_acl_t_z_s': 0.0,
 'sum_acl_t_z_sd': 0.0,
 'sum_acl_t_z_su': 0.0,
 'sum_bus_t_z_p': 14993384.015787922,
 'sum_bus_t_z_q': 143797376.08140248,
 'sum_cs_t_z_p': 130005685.1628344,
 'sum_pr_t_z_p': 61126.44521421826,
 'sum_prz_t_z_nsc': 224894.04999832137,
 'sum_prz_t_z_rgd': 21974.8511016965,
 'sum_prz_t_z_rgu': 21974.8511016965,
 'sum_prz_t_z_rrd': 0.0,
 'sum_prz_t_z_rru': 0.0,
 'sum_prz_t_z_scr': 115475.2029791683,
 'sum_qrz_t_z_qrd': 0.0,
 'sum_qrz_t_z_qru': 0.0,
 'sum_sd_t_sd': 0,
 'sum_sd_t_su': 0,
 'sum_sd_t_z_nsc': 0.0,
 'sum_sd_t_z_on': 1571578.8433080001,
 'sum_sd_t_z_qrd': 0.0,
 'sum_sd_t_z_qru': 0.0,
 'sum_sd_t_z_rgd': 0.0,
 'sum_sd_t_z_rgu': 0.0,
 'sum_sd_t_z_rrd_off': 0.0,
 'sum_sd_t_z_rrd_on': 0.0,
 'sum_sd_t_z_rru_off': 0.0,
 'sum_sd_t_z_rru_on': 0.0,
 'sum_sd_t_z_scr': 0.0,
 'sum_sd_t_z_sd': 0.0,
 'sum_sd_t_z_su': 0.0,
 'sum_sd_t_z_sus': 0.0,
 'sum_xfr_t_u_sd': 0,
 'sum_xfr_t_u_su': 0,
 'sum_xfr_t_z_s': 0.0,
 'sum_xfr_t_z_sd': 0.0,
 'sum_xfr_t_z_su': 0.0,
 'viol_acl_acl_t_s_max_ctg': {'idx': {0: None, 1: None, 2: None}, 'val': 0.0},
 'viol_acl_dcl_t_s_max_ctg': {'idx': {0: None, 1: None, 2: None}, 'val': 0.0},
 'viol_acl_t_s_max': {'idx': {0: 'acl_0000', 1: 0}, 'val': 0.0},
 'viol_acl_t_u_sd_max': {'idx': {0: 'acl_0000', 1: 0}, 'val': 0},
 'viol_acl_t_u_su_max': {'idx': {0: 'acl_0000', 1: 0}, 'val': 0},
 'viol_acl_xfr_t_s_max_ctg': {'idx': {0: None, 1: None, 2: None}, 'val': 0.0},
 'viol_bus_t_p_balance_max': {'idx': {0: 'bus_0758', 1: 8},
                              'val': 2.4758304640080233},
 'viol_bus_t_p_balance_min': {'idx': {0: 'bus_1492', 1: 17},
                              'val': -0.47181032829842806},
 'viol_bus_t_q_balance_max': {'idx': {0: 'bus_1492', 1: 0},
                              'val': 5.0658154877624915},
 'viol_bus_t_q_balance_min': {'idx': {0: 'bus_0394', 1: 0},
                              'val': -3.895473664775446},
 'viol_bus_t_v_max': {'idx': {0: 'bus_0000', 1: 0}, 'val': 0.0},
 'viol_bus_t_v_min': {'idx': {0: 'bus_0000', 1: 0}, 'val': 0.0},
 'viol_cs_t_p_off_max': {'idx': {0: 'sd_0615', 1: 0}, 'val': 0.0},
 'viol_cs_t_p_off_min': {'idx': {0: 'sd_0615', 1: 0}, 'val': 0.0},
 'viol_cs_t_p_on_max': {'idx': {0: 'sd_0615', 1: 0}, 'val': 0.0},
 'viol_cs_t_p_on_min': {'idx': {0: 'sd_0615', 1: 0}, 'val': 0.0},
 'viol_cs_t_q_max': {'idx': {0: 'sd_0615', 1: 0}, 'val': 0.0},
 'viol_cs_t_q_min': {'idx': {0: 'sd_0615', 1: 0}, 'val': 0.0},
 'viol_cs_t_q_p_max': {'idx': {0: None, 1: None}, 'val': None},
 'viol_cs_t_q_p_min': {'idx': {0: None, 1: None}, 'val': None},
 'viol_dcl_t_p_max': {'idx': {0: None, 1: None}, 'val': None},
 'viol_dcl_t_p_min': {'idx': {0: None, 1: None}, 'val': None},
 'viol_dcl_t_q_fr_max': {'idx': {0: None, 1: None}, 'val': None},
 'viol_dcl_t_q_fr_min': {'idx': {0: None, 1: None}, 'val': None},
 'viol_dcl_t_q_to_max': {'idx': {0: None, 1: None}, 'val': None},
 'viol_dcl_t_q_to_min': {'idx': {0: None, 1: None}, 'val': None},
 'viol_pr_t_p_off_max': {'idx': {0: 'sd_0000', 1: 0}, 'val': 0.0},
 'viol_pr_t_p_off_min': {'idx': {0: 'sd_0000', 1: 0}, 'val': 0.0},
 'viol_pr_t_p_on_max': {'idx': {0: 'sd_0000', 1: 0}, 'val': 0.0},
 'viol_pr_t_p_on_min': {'idx': {0: 'sd_0000', 1: 0}, 'val': 0.0},
 'viol_pr_t_q_max': {'idx': {0: 'sd_0000', 1: 0}, 'val': 0.0},
 'viol_pr_t_q_min': {'idx': {0: 'sd_0000', 1: 0}, 'val': 0.0},
 'viol_pr_t_q_p_max': {'idx': {0: None, 1: None}, 'val': None},
 'viol_pr_t_q_p_min': {'idx': {0: None, 1: None}, 'val': None},
 'viol_prz_t_p_nsc_balance': {'idx': {0: 'prz_0', 1: 0},
                              'val': 28.169820637996434},
 'viol_prz_t_p_rgd_balance': {'idx': {0: 'prz_0', 1: 0},
                              'val': 3.143415240101237},
 'viol_prz_t_p_rgu_balance': {'idx': {0: 'prz_0', 1: 0},
                              'val': 3.143415240101237},
 'viol_prz_t_p_rrd_balance': {'idx': {0: 'prz_0', 1: 0}, 'val': 0.0},
 'viol_prz_t_p_rru_balance': {'idx': {0: 'prz_0', 1: 0}, 'val': 0.0},
 'viol_prz_t_p_scr_balance': {'idx': {0: 'prz_0', 1: 0},
                              'val': 15.656617939048836},
 'viol_qrz_t_q_qrd_balance': {'idx': {0: 'qrz_0', 1: 0}, 'val': 0.0},
 'viol_qrz_t_q_qru_balance': {'idx': {0: 'qrz_0', 1: 0}, 'val': 0.0},
 'viol_sd_max_energy_constr': {'idx': {0: 'sd_0000', 1: 0}, 'val': 0.0},
 'viol_sd_max_startup_constr': {'idx': {0: 'sd_0000', 1: 0}, 'val': 0},
 'viol_sd_min_energy_constr': {'idx': {0: 'sd_0000', 1: 0}, 'val': 0.0},
 'viol_sd_t_d_dn_min': {'idx': {0: 'sd_0000', 1: 0}, 'val': 0},
 'viol_sd_t_d_up_min': {'idx': {0: 'sd_0000', 1: 0}, 'val': 0},
 'viol_sd_t_p_nsc_max': {'idx': {0: 'sd_0000', 1: 0}, 'val': 0.0},
 'viol_sd_t_p_nsc_nonneg': {'idx': {0: 'sd_0000', 1: 0}, 'val': -0.0},
 'viol_sd_t_p_ramp_dn_max': {'idx': {0: 'sd_0000', 1: 0}, 'val': 0.0},
 'viol_sd_t_p_ramp_up_max': {'idx': {0: 'sd_0000', 1: 0}, 'val': 0.0},
 'viol_sd_t_p_rgd_max': {'idx': {0: 'sd_0000', 1: 0}, 'val': 0.0},
 'viol_sd_t_p_rgd_nonneg': {'idx': {0: 'sd_0000', 1: 0}, 'val': -0.0},
 'viol_sd_t_p_rgu_max': {'idx': {0: 'sd_0000', 1: 0}, 'val': 0.0},
 'viol_sd_t_p_rgu_nonneg': {'idx': {0: 'sd_0000', 1: 0}, 'val': -0.0},
 'viol_sd_t_p_rrd_off_max': {'idx': {0: 'sd_0000', 1: 0}, 'val': 0.0},
 'viol_sd_t_p_rrd_off_nonneg': {'idx': {0: 'sd_0000', 1: 0}, 'val': -0.0},
 'viol_sd_t_p_rrd_on_max': {'idx': {0: 'sd_0000', 1: 0}, 'val': 0.0},
 'viol_sd_t_p_rrd_on_nonneg': {'idx': {0: 'sd_0000', 1: 0}, 'val': -0.0},
 'viol_sd_t_p_rru_off_max': {'idx': {0: 'sd_0000', 1: 0}, 'val': 0.0},
 'viol_sd_t_p_rru_off_nonneg': {'idx': {0: 'sd_0000', 1: 0}, 'val': -0.0},
 'viol_sd_t_p_rru_on_max': {'idx': {0: 'sd_0000', 1: 0}, 'val': 0.0},
 'viol_sd_t_p_rru_on_nonneg': {'idx': {0: 'sd_0000', 1: 0}, 'val': -0.0},
 'viol_sd_t_p_scr_max': {'idx': {0: 'sd_0000', 1: 0}, 'val': 0.0},
 'viol_sd_t_p_scr_nonneg': {'idx': {0: 'sd_0000', 1: 0}, 'val': -0.0},
 'viol_sd_t_q_qrd_nonneg': {'idx': {0: 'sd_0000', 1: 0}, 'val': -0.0},
 'viol_sd_t_q_qru_nonneg': {'idx': {0: 'sd_0000', 1: 0}, 'val': -0.0},
 'viol_sd_t_u_on_max': {'idx': {0: 'sd_0000', 1: 0}, 'val': 0},
 'viol_sd_t_u_on_min': {'idx': {0: 'sd_0000', 1: 0}, 'val': 0},
 'viol_sh_t_u_st_max': {'idx': {0: 'sh_00', 1: 0}, 'val': 0},
 'viol_sh_t_u_st_min': {'idx': {0: 'sh_00', 1: 0}, 'val': 0},
 'viol_t_connected_base': {'idx': {0: 0}, 'val': 0},
 'viol_t_connected_ctg': {'idx': {0: 0}, 'val': 0},
 'viol_xfr_acl_t_s_max_ctg': {'idx': {0: None, 1: None, 2: None}, 'val': 0.0},
 'viol_xfr_dcl_t_s_max_ctg': {'idx': {0: None, 1: None, 2: None}, 'val': 0.0},
 'viol_xfr_t_phi_max': {'idx': {0: 'xfr_000', 1: 0}, 'val': 0.0},
 'viol_xfr_t_phi_min': {'idx': {0: 'xfr_000', 1: 0}, 'val': 0.0},
 'viol_xfr_t_s_max': {'idx': {0: 'xfr_000', 1: 0}, 'val': 0.0},
 'viol_xfr_t_tau_max': {'idx': {0: 'xfr_000', 1: 0}, 'val': 0.0},
 'viol_xfr_t_tau_min': {'idx': {0: 'xfr_000', 1: 0}, 'val': 0.0},
 'viol_xfr_t_u_sd_max': {'idx': {0: 'xfr_000', 1: 0}, 'val': 0},
 'viol_xfr_t_u_su_max': {'idx': {0: 'xfr_000', 1: 0}, 'val': 0},
 'viol_xfr_xfr_t_s_max_ctg': {'idx': {0: None, 1: None, 2: None}, 'val': 0.0},
 'z': -30802099.178058952,
 'z_base': -30802099.178058952,
 'z_cost': 1632705.2885222184,
 'z_k_average_case': 0.0,
 'z_k_worst_case': 0.0,
 'z_max_energy': 0.0,
 'z_min_energy': 0.0,
 'z_penalty': 159175079.0523713,
 'z_value': 130005685.1628344}
infeasibility summary:
{}
feas: 1
obj: -30802099.178058952
evaluate solution time: 3.594466209411621
end of check_data(), memory info: {'rss bytes': 425537536, 'rss human': '405.8M', 'percent': 0.15747233998977114}
