/rcfs/dtn/arpacomp/.conda/envs/goc_eval/lib/python3.10/site-packages/scipy/sparse/linalg/_dsolve/linsolve.py:347: SparseEfficiencyWarning: splu converted its input to CSC format
  warn('splu converted its input to CSC format', SparseEfficiencyWarning)
args:
Namespace(problem_opt=None, problem='/qfs/projects/goc/share/data/C3/E1/D1/C3E1N01576D1/scenario_114.json', solution='/qfs/projects/goc/share/data/C3/E1/D1/C3E1N01576D1/scenario_114.json.pop_solution.json', configuration=None, parameters='{}', summary_csv='summary.csv', summary_json='summary.json', data_errors='data_errors.txt', ignored_errors='ignored_errors.txt', solution_errors='solution_errors.txt', pop_solution=None, scrubbed_problem=None)
problem data file: /qfs/projects/goc/share/data/C3/E1/D1/C3E1N01576D1/scenario_114.json

pop solution data file: None

solution data file: /qfs/projects/goc/share/data/C3/E1/D1/C3E1N01576D1/scenario_114.json.pop_solution.json

git info: {'C3DataUtilities': {'branch': None, 'commit': '417faef61bd7caf40b3ea0dc36c5e033ca7ea3d5', 'date': 'Fri Dec 30 07:03:34 2022 -0800', 'query_return_code': 0, 'query_err': '', 'query_path': '/qfs/projects/goc/share/loadbalancing/src/nonmpi-template/Challenge3/C3DataUtilities/datautilities', 'query_out': 'commit 417faef61bd7caf40b3ea0dc36c5e033ca7ea3d5\nAuthor: Jesse T Holzer <jesse.holzer@pnnl.gov>\nDate:   Fri Dec 30 07:03:34 2022 -0800\n\n    add z_value, z_cost, z_penalty components of z_base\n'}, 'Bid-DS-data-model': {'branch': None, 'commit': None, 'date': None, 'query_return_code': 128, 'query_err': 'fatal: Not a git repository (or any parent up to mount point /rcfs)\nStopping at filesystem boundary (GIT_DISCOVERY_ACROSS_FILESYSTEM not set).\n', 'query_path': '/rcfs/dtn/arpacomp/.conda/envs/goc_eval/lib/python3.10/site-packages/datamodel', 'query_out': ''}}

after reading problem without validation, memory info: {'rss bytes': 168435712, 'rss human': '160.6M', 'percent': 0.06233049604931484}
read problem data file without validation time: 0.35922718048095703
after reading problem with validation, memory info: {'rss bytes': 300666880, 'rss human': '286.7M', 'percent': 0.1112633155610125}
load time: 2.9540886878967285
{'general': {'base_norm_mva': 100.0,
             'day_type': None,
             'electricity_demand': None,
             'net_load': None,
             'season': None,
             'solar_availability': None,
             'timestamp_start': None,
             'timestamp_stop': None,
             'vre_availability': None,
             'weather_temperature': None,
             'wind_availability': None},
 'interval durations': [0.25,
                        0.25,
                        0.25,
                        0.25,
                        0.25,
                        0.25,
                        0.25,
                        0.25,
                        0.5,
                        0.5,
                        0.5,
                        0.5,
                        0.5,
                        0.5,
                        0.5,
                        0.5,
                        1.0,
                        1.0],
 'num ac lines': 2227,
 'num buses': 1576,
 'num consuming devices': 1449,
 'num contingencies': 219,
 'num dc lines': 0,
 'num intervals': 18,
 'num producing devices': 615,
 'num reactive power reserve zones': 2,
 'num real power reserve zones': 2,
 'num shunts': 68,
 'num simple dispatchable devices': 2064,
 'num transformers': 144,
 'total duration': 8.0,
 'violation costs': {'e_vio_cost': 100000.0,
                     'p_bus_vio_cost': 100000.0,
                     'q_bus_vio_cost': 100000.0,
                     's_vio_cost': 100000.0}}
after read solution without validation, memory info: {'rss bytes': 309047296, 'rss human': '294.7M', 'percent': 0.1143645313315708}
read solution data file without validation time: 0.09410762786865234
after read solution with validation, memory info: {'rss bytes': 342298624, 'rss human': '326.4M', 'percent': 0.12666935519539888}
solution load time: 1.1306819915771484
after solution_model_checks(), memory info: {'rss bytes': 342298624, 'rss human': '326.4M', 'percent': 0.12666935519539888}
solution model_checks time: 0.01453709602355957
{}
after problem_data_array.set_from_data_model(), memory info: {'rss bytes': 354226176, 'rss human': '337.8M', 'percent': 0.13108320677109084}
convert problem data to numpy arrays time: 0.47399091720581055
after solution_data_array.set_from_data_model(), memory info: {'rss bytes': 358813696, 'rss human': '342.2M', 'percent': 0.1327808419925108}
convert solution data to numpy arrays time: 0.04393601417541504
function: set_summary, time: 0.00016355514526367188
function: set_problem, time: 9.5367431640625e-07
function: set_solution, time: 4.76837158203125e-06
function: set_solution_zero, time: 0.00038933753967285156
function: set_work_zero, time: 0.000446319580078125
function: set_matrices, time: 0.02147078514099121
function: __init__, time: 0.022503137588500977
function: eval_sd_t_d_up_dn, time: 0.0008459091186523438
function: eval_sd_max_startup, time: 0.047655582427978516
function: eval_sd_t_z_sus, time: 0.034631967544555664
function: eval_acl_t_p_q_fr_to, time: 0.0025081634521484375
function: eval_xfr_t_p_q_fr_to, time: 0.0002446174621582031
function: eval_sd_t_su_sd_trajectories, time: 0.00043392181396484375
function: eval_sd_max_energy, time: 0.0012276172637939453
function: eval_sd_min_energy, time: 0.0007526874542236328
function: eval_sd_t_z_p, time: 0.1000673770904541
function: eval_bus_t_p, time: 0.0011703968048095703
function: eval_bus_t_q, time: 0.00048470497131347656
sd_t_p_rgu sum: 0.0
prz_sigma_rgu max: 0.01
prz_t_p_rgu_req max: 3.142486225882233
sd_t_p_rgd sum: 0.0
prz_sigma_rgd max: 0.01
prz_t_p_rgd_req max: 3.142486225882233
sd_t_p_scr sum: 0.0
prz_sigma_scr max: 1.0
prz_t_p_scr_req max: 12.513202697649996
sd_t_p_nsc sum: 0.0
prz_sigma_nsc max: 1.0
prz_t_p_nsc_req max: 12.513202697649996
sd_t_p_rru sum: 0.0
prz_t_p_rru_min max: 0.0
sd_t_p_rrd sum: 0.0
prz_t_p_rrd_min max: 0.0
sd_t_p_qru sum: 0.0
qrz_t_q_qru_min max: 0.0
sd_t_p_qrd sum: 0.0
qrz_t_q_qrd_min max: 0.0
function: get_connected_components, time: 0.008398771286010742
function: get_bridges, time: 0.027541399002075195
function: get_connected_components, time: 0.00677490234375
function: get_bridges, time: 0.02726578712463379
function: get_connected_components, time: 0.0067291259765625
function: get_bridges, time: 0.027152061462402344
function: get_connected_components, time: 0.0068318843841552734
function: get_bridges, time: 0.027239322662353516
function: get_connected_components, time: 0.006764888763427734
function: get_bridges, time: 0.027443885803222656
function: get_connected_components, time: 0.0068666934967041016
function: get_bridges, time: 0.027367115020751953
function: get_connected_components, time: 0.0071485042572021484
function: get_bridges, time: 0.027379751205444336
function: get_connected_components, time: 0.007012844085693359
function: get_bridges, time: 0.027457237243652344
function: get_connected_components, time: 0.0072710514068603516
function: get_bridges, time: 0.02819991111755371
function: get_connected_components, time: 0.007093191146850586
function: get_bridges, time: 0.02783823013305664
function: get_connected_components, time: 0.0069599151611328125
function: get_bridges, time: 0.027512311935424805
function: get_connected_components, time: 0.007009267807006836
function: get_bridges, time: 0.027347803115844727
function: get_connected_components, time: 0.006990671157836914
function: get_bridges, time: 0.02757549285888672
function: get_connected_components, time: 0.006931781768798828
function: get_bridges, time: 0.027510643005371094
function: get_connected_components, time: 0.006909370422363281
function: get_bridges, time: 0.02785491943359375
function: get_connected_components, time: 0.006891489028930664
function: get_bridges, time: 0.027643680572509766
function: get_connected_components, time: 0.006952524185180664
function: get_bridges, time: 0.027596235275268555
function: get_connected_components, time: 0.006862163543701172
function: get_bridges, time: 0.02750873565673828
end of eval_connectedness(), memory info: {'rss bytes': 399446016, 'rss human': '380.9M', 'percent': 0.14781703966794496}
function: eval_connectedness, time: 0.6499297618865967
problem dimensions. bus: 1576, acl: 2227, xfr: 144, dcl: 0, k: 219, t: 18
construct static bus admittance matrix. time: 0.0012557506561279297
factor static bus admittance matrix. time: 0.007790565490722656
t_acl_delta_t: [array([], dtype=int64), array([], dtype=int64), array([], dtype=int64), array([], dtype=int64), array([], dtype=int64), array([], dtype=int64), array([], dtype=int64), array([], dtype=int64), array([], dtype=int64), array([], dtype=int64), array([], dtype=int64), array([], dtype=int64), array([], dtype=int64), array([], dtype=int64), array([], dtype=int64), array([], dtype=int64), array([], dtype=int64), array([], dtype=int64)], t_xfr_delta_t: [array([], dtype=int64), array([], dtype=int64), array([], dtype=int64), array([], dtype=int64), array([], dtype=int64), array([], dtype=int64), array([], dtype=int64), array([], dtype=int64), array([], dtype=int64), array([], dtype=int64), array([], dtype=int64), array([], dtype=int64), array([], dtype=int64), array([], dtype=int64), array([], dtype=int64), array([], dtype=int64), array([], dtype=int64), array([], dtype=int64)], t_br_delta_t: [array([], dtype=int64), array([], dtype=int64), array([], dtype=int64), array([], dtype=int64), array([], dtype=int64), array([], dtype=int64), array([], dtype=int64), array([], dtype=int64), array([], dtype=int64), array([], dtype=int64), array([], dtype=int64), array([], dtype=int64), array([], dtype=int64), array([], dtype=int64), array([], dtype=int64), array([], dtype=int64), array([], dtype=int64), array([], dtype=int64)], acl_delta_t: [], xfr_delta_t: [], br_delta_t: []
contingency delta branches. acl: 219, xfr: 0, dcl: 0
construct bus,t-indexed right hand side. time: 0.00032711029052734375
solve for base case bus,t-indexed theta. time: 0.12124228477478027
num AC branches with possible violations in ACL contingencies: 0
num AC branches with possible violations in DCL contingencies: 0
num AC branches with possible violations in XFR contingencies: 0
t: 0, time: 0.1355609893798828, memory_info: {'rss bytes': 436846592, 'rss human': '416.6M', 'percent': 0.16165731395971808}
num AC branches with possible violations in ACL contingencies: 0
num AC branches with possible violations in DCL contingencies: 0
num AC branches with possible violations in XFR contingencies: 0
t: 1, time: 0.13705873489379883, memory_info: {'rss bytes': 441618432, 'rss human': '421.2M', 'percent': 0.16342315773914157}
num AC branches with possible violations in ACL contingencies: 0
num AC branches with possible violations in DCL contingencies: 0
num AC branches with possible violations in XFR contingencies: 0
t: 2, time: 0.16811466217041016, memory_info: {'rss bytes': 442351616, 'rss human': '421.9M', 'percent': 0.16369447622542208}
num AC branches with possible violations in ACL contingencies: 0
num AC branches with possible violations in DCL contingencies: 0
num AC branches with possible violations in XFR contingencies: 0
t: 3, time: 0.17397594451904297, memory_info: {'rss bytes': 442351616, 'rss human': '421.9M', 'percent': 0.16369447622542208}
num AC branches with possible violations in ACL contingencies: 0
num AC branches with possible violations in DCL contingencies: 0
num AC branches with possible violations in XFR contingencies: 0
t: 4, time: 0.17749953269958496, memory_info: {'rss bytes': 442351616, 'rss human': '421.9M', 'percent': 0.16369447622542208}
num AC branches with possible violations in ACL contingencies: 0
num AC branches with possible violations in DCL contingencies: 0
num AC branches with possible violations in XFR contingencies: 0
t: 5, time: 0.11893939971923828, memory_info: {'rss bytes': 442974208, 'rss human': '422.5M', 'percent': 0.1639248695769005}
num AC branches with possible violations in ACL contingencies: 0
num AC branches with possible violations in DCL contingencies: 0
num AC branches with possible violations in XFR contingencies: 0
t: 6, time: 0.10807681083679199, memory_info: {'rss bytes': 442974208, 'rss human': '422.5M', 'percent': 0.1639248695769005}
num AC branches with possible violations in ACL contingencies: 0
num AC branches with possible violations in DCL contingencies: 0
num AC branches with possible violations in XFR contingencies: 0
t: 7, time: 0.10525894165039062, memory_info: {'rss bytes': 442974208, 'rss human': '422.5M', 'percent': 0.1639248695769005}
num AC branches with possible violations in ACL contingencies: 0
num AC branches with possible violations in DCL contingencies: 0
num AC branches with possible violations in XFR contingencies: 0
t: 8, time: 0.1250596046447754, memory_info: {'rss bytes': 442974208, 'rss human': '422.5M', 'percent': 0.1639248695769005}
num AC branches with possible violations in ACL contingencies: 0
num AC branches with possible violations in DCL contingencies: 0
num AC branches with possible violations in XFR contingencies: 0
t: 9, time: 0.16041016578674316, memory_info: {'rss bytes': 442974208, 'rss human': '422.5M', 'percent': 0.1639248695769005}
num AC branches with possible violations in ACL contingencies: 0
num AC branches with possible violations in DCL contingencies: 0
num AC branches with possible violations in XFR contingencies: 0
t: 10, time: 0.12141227722167969, memory_info: {'rss bytes': 443129856, 'rss human': '422.6M', 'percent': 0.16398246791477009}
num AC branches with possible violations in ACL contingencies: 0
num AC branches with possible violations in DCL contingencies: 0
num AC branches with possible violations in XFR contingencies: 0
t: 11, time: 0.11327576637268066, memory_info: {'rss bytes': 443129856, 'rss human': '422.6M', 'percent': 0.16398246791477009}
num AC branches with possible violations in ACL contingencies: 0
num AC branches with possible violations in DCL contingencies: 0
num AC branches with possible violations in XFR contingencies: 0
t: 12, time: 0.10392308235168457, memory_info: {'rss bytes': 443129856, 'rss human': '422.6M', 'percent': 0.16398246791477009}
num AC branches with possible violations in ACL contingencies: 0
num AC branches with possible violations in DCL contingencies: 0
num AC branches with possible violations in XFR contingencies: 0
t: 13, time: 0.10356879234313965, memory_info: {'rss bytes': 443129856, 'rss human': '422.6M', 'percent': 0.16398246791477009}
num AC branches with possible violations in ACL contingencies: 0
num AC branches with possible violations in DCL contingencies: 0
num AC branches with possible violations in XFR contingencies: 0
t: 14, time: 0.15831542015075684, memory_info: {'rss bytes': 443129856, 'rss human': '422.6M', 'percent': 0.16398246791477009}
num AC branches with possible violations in ACL contingencies: 0
num AC branches with possible violations in DCL contingencies: 0
num AC branches with possible violations in XFR contingencies: 0
t: 15, time: 0.14829277992248535, memory_info: {'rss bytes': 443129856, 'rss human': '422.6M', 'percent': 0.16398246791477009}
num AC branches with possible violations in ACL contingencies: 0
num AC branches with possible violations in DCL contingencies: 0
num AC branches with possible violations in XFR contingencies: 0
t: 16, time: 0.1482226848602295, memory_info: {'rss bytes': 443129856, 'rss human': '422.6M', 'percent': 0.16398246791477009}
num AC branches with possible violations in ACL contingencies: 0
num AC branches with possible violations in DCL contingencies: 0
num AC branches with possible violations in XFR contingencies: 0
t: 17, time: 0.15072894096374512, memory_info: {'rss bytes': 443129856, 'rss human': '422.6M', 'percent': 0.16398246791477009}
initialize_m_w_time: 0.0018405914306640625
compute_static_w_time: 0.10767912864685059
get_time_varying_branch_characteristics_time: 0.001379251480102539
construct_a_t_time: 0.009382486343383789
factor_a_t_time: 0.03492259979248047
compute_w_with_t_a_solve_time: 1.5563552379608154
compute_v_t_time: 3.0994415283203125e-06
compute_w_with_t_smw_time: 2.384185791015625e-06
compute_v_time: 0.003647327423095703
compute_bus_theta_with_t_a_solve_time: 0.0025687217712402344
compute_bus_theta_with_t_smw_time: 1.9073486328125e-06
compute_br_p_time: 0.0028314590454101562
apply_w_v_wt_time: 0.006965160369873047
compute_bus_dtheta_rhs_dcl_k_time: 0.002851724624633789
compute_w_v_wt_xfr_k_time: 0.0025382041931152344
compute_bus_dtheta_rhs_xfr_k_time: 9.5367431640625e-07
compute_br_acl_delta_k_p_delta_time: 0.03824114799499512
compute_br_dcl_delta_k_p_delta_time: 0.0017762184143066406
compute_br_xfr_delta_k_p_delta_time: 0.0011827945709228516
filter_branches_acl_k_time: 0.011590003967285156
filter_branches_dcl_k_time: 0.0030748844146728516
filter_branches_xfr_k_time: 0.0030374526977539062
compute_br_acl_delta_k_p_time: 0.005349636077880859
compute_br_dcl_delta_k_p_time: 7.915496826171875e-05
compute_br_xfr_delta_k_p_time: 5.435943603515625e-05
compute_br_acl_delta_k_s_over_time: 0.7592759132385254
compute_br_dcl_delta_k_s_over_time: 0.0006558895111083984
compute_br_xfr_delta_k_s_over_time: 0.0005688667297363281
zero_out_time: 0.00010395050048828125
get_max_br_acl_delta_k_s_over_time: 0.0025794506072998047
get_max_br_dcl_delta_k_s_over_time: 3.0994415283203125e-06
get_max_br_xfr_delta_k_s_over_time: 2.6226043701171875e-06
compute_br_k_z_time: 0.002653837203979492
collect_penalties_into_obj_array_time: 0.0002703666687011719
end of contingency model method 1, memory info: {'rss bytes': 443129856, 'rss human': '422.6M', 'percent': 0.16398246791477009}
function: eval_post_contingency_model, time: 2.7083373069763184
function: eval_post_contingency_model, time: 2.7083516120910645
function: run, time: 3.5660722255706787
after solution_evaluator.run(), memory info: {'rss bytes': 417402880, 'rss human': '398.1M', 'percent': 0.15446206896321749}
evaluation summary:
{'feas': 1,
 'infeas': 0,
 'info_i_i_k_t_disconnected_ctg': {'idx': {0: None, 1: None, 2: None, 3: None},
                                   'val': 0},
 'info_i_i_t_disconnected_base': {'idx': {0: None, 1: None, 2: None}, 'val': 0},
 'sum_acl_t_u_sd': 0,
 'sum_acl_t_u_su': 0,
 'sum_acl_t_z_s': 0.0,
 'sum_acl_t_z_sd': 0.0,
 'sum_acl_t_z_su': 0.0,
 'sum_bus_t_z_p': 61435476.804021165,
 'sum_bus_t_z_q': 117005806.79450566,
 'sum_cs_t_z_p': 100072406.10765229,
 'sum_pr_t_z_p': 61126.3027308076,
 'sum_prz_t_z_nsc': 219864.06812685603,
 'sum_prz_t_z_rgd': 16944.943663650607,
 'sum_prz_t_z_rgu': 16944.943663650607,
 'sum_prz_t_z_rrd': 0.0,
 'sum_prz_t_z_rru': 0.0,
 'sum_prz_t_z_scr': 110445.27072055296,
 'sum_qrz_t_z_qrd': 0.0,
 'sum_qrz_t_z_qru': 0.0,
 'sum_sd_t_sd': 0,
 'sum_sd_t_su': 0,
 'sum_sd_t_z_nsc': 0.0,
 'sum_sd_t_z_on': 1571578.8433080001,
 'sum_sd_t_z_qrd': 0.0,
 'sum_sd_t_z_qru': 0.0,
 'sum_sd_t_z_rgd': 0.0,
 'sum_sd_t_z_rgu': 0.0,
 'sum_sd_t_z_rrd_off': 0.0,
 'sum_sd_t_z_rrd_on': 0.0,
 'sum_sd_t_z_rru_off': 0.0,
 'sum_sd_t_z_rru_on': 0.0,
 'sum_sd_t_z_scr': 0.0,
 'sum_sd_t_z_sd': 0.0,
 'sum_sd_t_z_su': 0.0,
 'sum_sd_t_z_sus': 0.0,
 'sum_xfr_t_u_sd': 0,
 'sum_xfr_t_u_su': 0,
 'sum_xfr_t_z_s': 0.0,
 'sum_xfr_t_z_sd': 0.0,
 'sum_xfr_t_z_su': 0.0,
 'viol_acl_acl_t_s_max_ctg': {'idx': {0: None, 1: None, 2: None}, 'val': 0.0},
 'viol_acl_dcl_t_s_max_ctg': {'idx': {0: None, 1: None, 2: None}, 'val': 0.0},
 'viol_acl_t_s_max': {'idx': {0: 'acl_0000', 1: 0}, 'val': 0.0},
 'viol_acl_t_u_sd_max': {'idx': {0: 'acl_0000', 1: 0}, 'val': 0},
 'viol_acl_t_u_su_max': {'idx': {0: 'acl_0000', 1: 0}, 'val': 0},
 'viol_acl_xfr_t_s_max_ctg': {'idx': {0: None, 1: None, 2: None}, 'val': 0.0},
 'viol_bus_t_p_balance_max': {'idx': {0: 'bus_0029', 1: 4},
                              'val': 0.5848202066520722},
 'viol_bus_t_p_balance_min': {'idx': {0: 'bus_1492', 1: 17},
                              'val': -3.994877146972513},
 'viol_bus_t_q_balance_max': {'idx': {0: 'bus_1492', 1: 0},
                              'val': 5.0658154877624915},
 'viol_bus_t_q_balance_min': {'idx': {0: 'bus_0394', 1: 0},
                              'val': -3.895473664775446},
 'viol_bus_t_v_max': {'idx': {0: 'bus_0000', 1: 0}, 'val': 0.0},
 'viol_bus_t_v_min': {'idx': {0: 'bus_0000', 1: 0}, 'val': 0.0},
 'viol_cs_t_p_off_max': {'idx': {0: 'sd_0615', 1: 0}, 'val': 0.0},
 'viol_cs_t_p_off_min': {'idx': {0: 'sd_0615', 1: 0}, 'val': 0.0},
 'viol_cs_t_p_on_max': {'idx': {0: 'sd_0615', 1: 0}, 'val': 0.0},
 'viol_cs_t_p_on_min': {'idx': {0: 'sd_0615', 1: 0}, 'val': 0.0},
 'viol_cs_t_q_max': {'idx': {0: 'sd_0615', 1: 0}, 'val': 0.0},
 'viol_cs_t_q_min': {'idx': {0: 'sd_0615', 1: 0}, 'val': 0.0},
 'viol_cs_t_q_p_max': {'idx': {0: None, 1: None}, 'val': None},
 'viol_cs_t_q_p_min': {'idx': {0: None, 1: None}, 'val': None},
 'viol_dcl_t_p_max': {'idx': {0: None, 1: None}, 'val': None},
 'viol_dcl_t_p_min': {'idx': {0: None, 1: None}, 'val': None},
 'viol_dcl_t_q_fr_max': {'idx': {0: None, 1: None}, 'val': None},
 'viol_dcl_t_q_fr_min': {'idx': {0: None, 1: None}, 'val': None},
 'viol_dcl_t_q_to_max': {'idx': {0: None, 1: None}, 'val': None},
 'viol_dcl_t_q_to_min': {'idx': {0: None, 1: None}, 'val': None},
 'viol_pr_t_p_off_max': {'idx': {0: 'sd_0000', 1: 0}, 'val': 0.0},
 'viol_pr_t_p_off_min': {'idx': {0: 'sd_0000', 1: 0}, 'val': 0.0},
 'viol_pr_t_p_on_max': {'idx': {0: 'sd_0000', 1: 0}, 'val': 0.0},
 'viol_pr_t_p_on_min': {'idx': {0: 'sd_0000', 1: 0}, 'val': 0.0},
 'viol_pr_t_q_max': {'idx': {0: 'sd_0000', 1: 0}, 'val': 0.0},
 'viol_pr_t_q_min': {'idx': {0: 'sd_0000', 1: 0}, 'val': 0.0},
 'viol_pr_t_q_p_max': {'idx': {0: None, 1: None}, 'val': None},
 'viol_pr_t_q_p_min': {'idx': {0: None, 1: None}, 'val': None},
 'viol_prz_t_p_nsc_balance': {'idx': {0: 'prz_0', 1: 0},
                              'val': 28.168891609647808},
 'viol_prz_t_p_rgd_balance': {'idx': {0: 'prz_0', 1: 0},
                              'val': 3.142486225882233},
 'viol_prz_t_p_rgu_balance': {'idx': {0: 'prz_0', 1: 0},
                              'val': 3.142486225882233},
 'viol_prz_t_p_rrd_balance': {'idx': {0: 'prz_0', 1: 0}, 'val': 0.0},
 'viol_prz_t_p_rru_balance': {'idx': {0: 'prz_0', 1: 0}, 'val': 0.0},
 'viol_prz_t_p_scr_balance': {'idx': {0: 'prz_0', 1: 0},
                              'val': 15.65568891776502},
 'viol_qrz_t_q_qrd_balance': {'idx': {0: 'qrz_0', 1: 0}, 'val': 0.0},
 'viol_qrz_t_q_qru_balance': {'idx': {0: 'qrz_0', 1: 0}, 'val': 0.0},
 'viol_sd_max_energy_constr': {'idx': {0: 'sd_0000', 1: 0}, 'val': 0.0},
 'viol_sd_max_startup_constr': {'idx': {0: 'sd_0000', 1: 0}, 'val': 0},
 'viol_sd_min_energy_constr': {'idx': {0: 'sd_0000', 1: 0}, 'val': 0.0},
 'viol_sd_t_d_dn_min': {'idx': {0: 'sd_0000', 1: 0}, 'val': 0},
 'viol_sd_t_d_up_min': {'idx': {0: 'sd_0000', 1: 0}, 'val': 0},
 'viol_sd_t_p_nsc_max': {'idx': {0: 'sd_0000', 1: 0}, 'val': 0.0},
 'viol_sd_t_p_nsc_nonneg': {'idx': {0: 'sd_0000', 1: 0}, 'val': -0.0},
 'viol_sd_t_p_ramp_dn_max': {'idx': {0: 'sd_0000', 1: 0}, 'val': 0.0},
 'viol_sd_t_p_ramp_up_max': {'idx': {0: 'sd_0000', 1: 0}, 'val': 0.0},
 'viol_sd_t_p_rgd_max': {'idx': {0: 'sd_0000', 1: 0}, 'val': 0.0},
 'viol_sd_t_p_rgd_nonneg': {'idx': {0: 'sd_0000', 1: 0}, 'val': -0.0},
 'viol_sd_t_p_rgu_max': {'idx': {0: 'sd_0000', 1: 0}, 'val': 0.0},
 'viol_sd_t_p_rgu_nonneg': {'idx': {0: 'sd_0000', 1: 0}, 'val': -0.0},
 'viol_sd_t_p_rrd_off_max': {'idx': {0: 'sd_0000', 1: 0}, 'val': 0.0},
 'viol_sd_t_p_rrd_off_nonneg': {'idx': {0: 'sd_0000', 1: 0}, 'val': -0.0},
 'viol_sd_t_p_rrd_on_max': {'idx': {0: 'sd_0000', 1: 0}, 'val': 0.0},
 'viol_sd_t_p_rrd_on_nonneg': {'idx': {0: 'sd_0000', 1: 0}, 'val': -0.0},
 'viol_sd_t_p_rru_off_max': {'idx': {0: 'sd_0000', 1: 0}, 'val': 0.0},
 'viol_sd_t_p_rru_off_nonneg': {'idx': {0: 'sd_0000', 1: 0}, 'val': -0.0},
 'viol_sd_t_p_rru_on_max': {'idx': {0: 'sd_0000', 1: 0}, 'val': 0.0},
 'viol_sd_t_p_rru_on_nonneg': {'idx': {0: 'sd_0000', 1: 0}, 'val': -0.0},
 'viol_sd_t_p_scr_max': {'idx': {0: 'sd_0000', 1: 0}, 'val': 0.0},
 'viol_sd_t_p_scr_nonneg': {'idx': {0: 'sd_0000', 1: 0}, 'val': -0.0},
 'viol_sd_t_q_qrd_nonneg': {'idx': {0: 'sd_0000', 1: 0}, 'val': -0.0},
 'viol_sd_t_q_qru_nonneg': {'idx': {0: 'sd_0000', 1: 0}, 'val': -0.0},
 'viol_sd_t_u_on_max': {'idx': {0: 'sd_0000', 1: 0}, 'val': 0},
 'viol_sd_t_u_on_min': {'idx': {0: 'sd_0000', 1: 0}, 'val': 0},
 'viol_sh_t_u_st_max': {'idx': {0: 'sh_00', 1: 0}, 'val': 0},
 'viol_sh_t_u_st_min': {'idx': {0: 'sh_00', 1: 0}, 'val': 0},
 'viol_t_connected_base': {'idx': {0: 0}, 'val': 0},
 'viol_t_connected_ctg': {'idx': {0: 0}, 'val': 0},
 'viol_xfr_acl_t_s_max_ctg': {'idx': {0: None, 1: None, 2: None}, 'val': 0.0},
 'viol_xfr_dcl_t_s_max_ctg': {'idx': {0: None, 1: None, 2: None}, 'val': 0.0},
 'viol_xfr_t_phi_max': {'idx': {0: 'xfr_000', 1: 0}, 'val': 0.0},
 'viol_xfr_t_phi_min': {'idx': {0: 'xfr_000', 1: 0}, 'val': 0.0},
 'viol_xfr_t_s_max': {'idx': {0: 'xfr_000', 1: 0}, 'val': 0.0},
 'viol_xfr_t_tau_max': {'idx': {0: 'xfr_000', 1: 0}, 'val': 0.0},
 'viol_xfr_t_tau_min': {'idx': {0: 'xfr_000', 1: 0}, 'val': 0.0},
 'viol_xfr_t_u_sd_max': {'idx': {0: 'xfr_000', 1: 0}, 'val': 0},
 'viol_xfr_t_u_su_max': {'idx': {0: 'xfr_000', 1: 0}, 'val': 0},
 'viol_xfr_xfr_t_s_max_ctg': {'idx': {0: None, 1: None, 2: None}, 'val': 0.0},
 'z': -80365781.86308798,
 'z_base': -80365781.86308798,
 'z_cost': 1632705.1460388077,
 'z_k_average_case': 0.0,
 'z_k_worst_case': 0.0,
 'z_max_energy': 0.0,
 'z_min_energy': 0.0,
 'z_penalty': 178805482.82470155,
 'z_value': 100072406.10765229}
infeasibility summary:
{}
feas: 1
obj: -80365781.86308798
evaluate solution time: 3.591761827468872
end of check_data(), memory info: {'rss bytes': 417656832, 'rss human': '398.3M', 'percent': 0.15455604519868896}
