/rcfs/dtn/arpacomp/.conda/envs/goc_eval/lib/python3.10/site-packages/scipy/sparse/linalg/_dsolve/linsolve.py:347: SparseEfficiencyWarning: splu converted its input to CSC format
  warn('splu converted its input to CSC format', SparseEfficiencyWarning)
args:
Namespace(problem_opt=None, problem='/qfs/projects/goc/share/data/C3/E1/D1/C3E1N01576D1/scenario_120.json', solution='/qfs/projects/goc/share/data/C3/E1/D1/C3E1N01576D1/scenario_120.json.pop_solution.json', configuration=None, parameters='{}', summary_csv='summary.csv', summary_json='summary.json', data_errors='data_errors.txt', ignored_errors='ignored_errors.txt', solution_errors='solution_errors.txt', pop_solution=None, scrubbed_problem=None)
problem data file: /qfs/projects/goc/share/data/C3/E1/D1/C3E1N01576D1/scenario_120.json

pop solution data file: None

solution data file: /qfs/projects/goc/share/data/C3/E1/D1/C3E1N01576D1/scenario_120.json.pop_solution.json

git info: {'C3DataUtilities': {'branch': None, 'commit': '417faef61bd7caf40b3ea0dc36c5e033ca7ea3d5', 'date': 'Fri Dec 30 07:03:34 2022 -0800', 'query_return_code': 0, 'query_err': '', 'query_path': '/qfs/projects/goc/share/loadbalancing/src/nonmpi-template/Challenge3/C3DataUtilities/datautilities', 'query_out': 'commit 417faef61bd7caf40b3ea0dc36c5e033ca7ea3d5\nAuthor: Jesse T Holzer <jesse.holzer@pnnl.gov>\nDate:   Fri Dec 30 07:03:34 2022 -0800\n\n    add z_value, z_cost, z_penalty components of z_base\n'}, 'Bid-DS-data-model': {'branch': None, 'commit': None, 'date': None, 'query_return_code': 128, 'query_err': 'fatal: Not a git repository (or any parent up to mount point /rcfs)\nStopping at filesystem boundary (GIT_DISCOVERY_ACROSS_FILESYSTEM not set).\n', 'query_path': '/rcfs/dtn/arpacomp/.conda/envs/goc_eval/lib/python3.10/site-packages/datamodel', 'query_out': ''}}

after reading problem without validation, memory info: {'rss bytes': 183062528, 'rss human': '174.6M', 'percent': 0.06774322406332446}
read problem data file without validation time: 0.3478398323059082
after reading problem with validation, memory info: {'rss bytes': 315293696, 'rss human': '300.7M', 'percent': 0.11667604357502212}
load time: 2.8544461727142334
{'general': {'base_norm_mva': 100.0,
             'day_type': None,
             'electricity_demand': None,
             'net_load': None,
             'season': None,
             'solar_availability': None,
             'timestamp_start': None,
             'timestamp_stop': None,
             'vre_availability': None,
             'weather_temperature': None,
             'wind_availability': None},
 'interval durations': [0.25,
                        0.25,
                        0.25,
                        0.25,
                        0.25,
                        0.25,
                        0.25,
                        0.25,
                        0.5,
                        0.5,
                        0.5,
                        0.5,
                        0.5,
                        0.5,
                        0.5,
                        0.5,
                        1.0,
                        1.0],
 'num ac lines': 2227,
 'num buses': 1576,
 'num consuming devices': 1449,
 'num contingencies': 219,
 'num dc lines': 0,
 'num intervals': 18,
 'num producing devices': 615,
 'num reactive power reserve zones': 2,
 'num real power reserve zones': 2,
 'num shunts': 68,
 'num simple dispatchable devices': 2064,
 'num transformers': 144,
 'total duration': 8.0,
 'violation costs': {'e_vio_cost': 100000.0,
                     'p_bus_vio_cost': 100000.0,
                     'q_bus_vio_cost': 100000.0,
                     's_vio_cost': 100000.0}}
after read solution without validation, memory info: {'rss bytes': 323674112, 'rss human': '308.7M', 'percent': 0.11977725934558042}
read solution data file without validation time: 0.0938875675201416
after read solution with validation, memory info: {'rss bytes': 356925440, 'rss human': '340.4M', 'percent': 0.1320820832094085}
solution load time: 1.0729591846466064
after solution_model_checks(), memory info: {'rss bytes': 356925440, 'rss human': '340.4M', 'percent': 0.1320820832094085}
solution model_checks time: 0.015003681182861328
{}
after problem_data_array.set_from_data_model(), memory info: {'rss bytes': 368857088, 'rss human': '351.8M', 'percent': 0.13649745053083387}
convert problem data to numpy arrays time: 0.4722573757171631
after solution_data_array.set_from_data_model(), memory info: {'rss bytes': 373444608, 'rss human': '356.1M', 'percent': 0.13819508575225384}
convert solution data to numpy arrays time: 0.043202877044677734
function: set_summary, time: 0.00017023086547851562
function: set_problem, time: 9.5367431640625e-07
function: set_solution, time: 3.814697265625e-06
function: set_solution_zero, time: 0.00042510032653808594
function: set_work_zero, time: 0.0004296302795410156
function: set_matrices, time: 0.005475282669067383
function: __init__, time: 0.006530284881591797
function: eval_sd_t_d_up_dn, time: 0.0008602142333984375
function: eval_sd_max_startup, time: 0.04705691337585449
function: eval_sd_t_z_sus, time: 0.03381490707397461
function: eval_acl_t_p_q_fr_to, time: 0.002485990524291992
function: eval_xfr_t_p_q_fr_to, time: 0.00024580955505371094
function: eval_sd_t_su_sd_trajectories, time: 0.00040841102600097656
function: eval_sd_max_energy, time: 0.0012056827545166016
function: eval_sd_min_energy, time: 0.0006983280181884766
function: eval_sd_t_z_p, time: 0.0966489315032959
function: eval_bus_t_p, time: 0.0011591911315917969
function: eval_bus_t_q, time: 0.0004737377166748047
sd_t_p_rgu sum: 0.0
prz_sigma_rgu max: 0.01
prz_t_p_rgu_req max: 3.1418873820758626
sd_t_p_rgd sum: 0.0
prz_sigma_rgd max: 0.01
prz_t_p_rgd_req max: 3.1418873820758626
sd_t_p_scr sum: 0.0
prz_sigma_scr max: 1.0
prz_t_p_scr_req max: 12.513202694790046
sd_t_p_nsc sum: 0.0
prz_sigma_nsc max: 1.0
prz_t_p_nsc_req max: 12.513202694790046
sd_t_p_rru sum: 0.0
prz_t_p_rru_min max: 0.0
sd_t_p_rrd sum: 0.0
prz_t_p_rrd_min max: 0.0
sd_t_p_qru sum: 0.0
qrz_t_q_qru_min max: 0.0
sd_t_p_qrd sum: 0.0
qrz_t_q_qrd_min max: 0.0
function: get_connected_components, time: 0.008394956588745117
function: get_bridges, time: 0.02740001678466797
function: get_connected_components, time: 0.006628513336181641
function: get_bridges, time: 0.02701282501220703
function: get_connected_components, time: 0.006720304489135742
function: get_bridges, time: 0.02683281898498535
function: get_connected_components, time: 0.0067768096923828125
function: get_bridges, time: 0.02697014808654785
function: get_connected_components, time: 0.00670313835144043
function: get_bridges, time: 0.027062654495239258
function: get_connected_components, time: 0.006772518157958984
function: get_bridges, time: 0.02702784538269043
function: get_connected_components, time: 0.0069370269775390625
function: get_bridges, time: 0.027205228805541992
function: get_connected_components, time: 0.006951332092285156
function: get_bridges, time: 0.027051210403442383
function: get_connected_components, time: 0.006895542144775391
function: get_bridges, time: 0.027236223220825195
function: get_connected_components, time: 0.006887912750244141
function: get_bridges, time: 0.02720022201538086
function: get_connected_components, time: 0.006966114044189453
function: get_bridges, time: 0.027155399322509766
function: get_connected_components, time: 0.0069200992584228516
function: get_bridges, time: 0.026975631713867188
function: get_connected_components, time: 0.006821155548095703
function: get_bridges, time: 0.02726268768310547
function: get_connected_components, time: 0.006800174713134766
function: get_bridges, time: 0.027178287506103516
function: get_connected_components, time: 0.006755352020263672
function: get_bridges, time: 0.027276039123535156
function: get_connected_components, time: 0.006752967834472656
function: get_bridges, time: 0.027152538299560547
function: get_connected_components, time: 0.006720781326293945
function: get_bridges, time: 0.027140378952026367
function: get_connected_components, time: 0.006776094436645508
function: get_bridges, time: 0.0270538330078125
end of eval_connectedness(), memory info: {'rss bytes': 414076928, 'rss human': '394.9M', 'percent': 0.15323128342768802}
function: eval_connectedness, time: 0.6401607990264893
problem dimensions. bus: 1576, acl: 2227, xfr: 144, dcl: 0, k: 219, t: 18
construct static bus admittance matrix. time: 0.0013926029205322266
factor static bus admittance matrix. time: 0.00783085823059082
t_acl_delta_t: [array([], dtype=int64), array([], dtype=int64), array([], dtype=int64), array([], dtype=int64), array([], dtype=int64), array([], dtype=int64), array([], dtype=int64), array([], dtype=int64), array([], dtype=int64), array([], dtype=int64), array([], dtype=int64), array([], dtype=int64), array([], dtype=int64), array([], dtype=int64), array([], dtype=int64), array([], dtype=int64), array([], dtype=int64), array([], dtype=int64)], t_xfr_delta_t: [array([], dtype=int64), array([], dtype=int64), array([], dtype=int64), array([], dtype=int64), array([], dtype=int64), array([], dtype=int64), array([], dtype=int64), array([], dtype=int64), array([], dtype=int64), array([], dtype=int64), array([], dtype=int64), array([], dtype=int64), array([], dtype=int64), array([], dtype=int64), array([], dtype=int64), array([], dtype=int64), array([], dtype=int64), array([], dtype=int64)], t_br_delta_t: [array([], dtype=int64), array([], dtype=int64), array([], dtype=int64), array([], dtype=int64), array([], dtype=int64), array([], dtype=int64), array([], dtype=int64), array([], dtype=int64), array([], dtype=int64), array([], dtype=int64), array([], dtype=int64), array([], dtype=int64), array([], dtype=int64), array([], dtype=int64), array([], dtype=int64), array([], dtype=int64), array([], dtype=int64), array([], dtype=int64)], acl_delta_t: [], xfr_delta_t: [], br_delta_t: []
contingency delta branches. acl: 219, xfr: 0, dcl: 0
construct bus,t-indexed right hand side. time: 0.0003314018249511719
solve for base case bus,t-indexed theta. time: 0.1153099536895752
num AC branches with possible violations in ACL contingencies: 0
num AC branches with possible violations in DCL contingencies: 0
num AC branches with possible violations in XFR contingencies: 0
t: 0, time: 0.16905498504638672, memory_info: {'rss bytes': 449368064, 'rss human': '428.6M', 'percent': 0.16629094866675462}
num AC branches with possible violations in ACL contingencies: 0
num AC branches with possible violations in DCL contingencies: 0
num AC branches with possible violations in XFR contingencies: 0
t: 1, time: 0.1734473705291748, memory_info: {'rss bytes': 454148096, 'rss human': '433.1M', 'percent': 0.1680598239376449}
num AC branches with possible violations in ACL contingencies: 0
num AC branches with possible violations in DCL contingencies: 0
num AC branches with possible violations in XFR contingencies: 0
t: 2, time: 0.16844725608825684, memory_info: {'rss bytes': 454873088, 'rss human': '433.8M', 'percent': 0.16832811093245859}
num AC branches with possible violations in ACL contingencies: 0
num AC branches with possible violations in DCL contingencies: 0
num AC branches with possible violations in XFR contingencies: 0
t: 3, time: 0.17693781852722168, memory_info: {'rss bytes': 454873088, 'rss human': '433.8M', 'percent': 0.16832811093245859}
num AC branches with possible violations in ACL contingencies: 0
num AC branches with possible violations in DCL contingencies: 0
num AC branches with possible violations in XFR contingencies: 0
t: 4, time: 0.16526556015014648, memory_info: {'rss bytes': 454885376, 'rss human': '433.8M', 'percent': 0.1683326581696588}
num AC branches with possible violations in ACL contingencies: 0
num AC branches with possible violations in DCL contingencies: 0
num AC branches with possible violations in XFR contingencies: 0
t: 5, time: 0.13358855247497559, memory_info: {'rss bytes': 455520256, 'rss human': '434.4M', 'percent': 0.16856759875833746}
num AC branches with possible violations in ACL contingencies: 0
num AC branches with possible violations in DCL contingencies: 0
num AC branches with possible violations in XFR contingencies: 0
t: 6, time: 0.10478544235229492, memory_info: {'rss bytes': 455520256, 'rss human': '434.4M', 'percent': 0.16856759875833746}
num AC branches with possible violations in ACL contingencies: 0
num AC branches with possible violations in DCL contingencies: 0
num AC branches with possible violations in XFR contingencies: 0
t: 7, time: 0.08820319175720215, memory_info: {'rss bytes': 455520256, 'rss human': '434.4M', 'percent': 0.16856759875833746}
num AC branches with possible violations in ACL contingencies: 0
num AC branches with possible violations in DCL contingencies: 0
num AC branches with possible violations in XFR contingencies: 0
t: 8, time: 0.08928203582763672, memory_info: {'rss bytes': 455663616, 'rss human': '434.6M', 'percent': 0.16862064985900685}
num AC branches with possible violations in ACL contingencies: 0
num AC branches with possible violations in DCL contingencies: 0
num AC branches with possible violations in XFR contingencies: 0
t: 9, time: 0.09973573684692383, memory_info: {'rss bytes': 455663616, 'rss human': '434.6M', 'percent': 0.16862064985900685}
num AC branches with possible violations in ACL contingencies: 0
num AC branches with possible violations in DCL contingencies: 0
num AC branches with possible violations in XFR contingencies: 0
t: 10, time: 0.09739208221435547, memory_info: {'rss bytes': 455663616, 'rss human': '434.6M', 'percent': 0.16862064985900685}
num AC branches with possible violations in ACL contingencies: 0
num AC branches with possible violations in DCL contingencies: 0
num AC branches with possible violations in XFR contingencies: 0
t: 11, time: 0.09996700286865234, memory_info: {'rss bytes': 455663616, 'rss human': '434.6M', 'percent': 0.16862064985900685}
num AC branches with possible violations in ACL contingencies: 0
num AC branches with possible violations in DCL contingencies: 0
num AC branches with possible violations in XFR contingencies: 0
t: 12, time: 0.09934830665588379, memory_info: {'rss bytes': 455663616, 'rss human': '434.6M', 'percent': 0.16862064985900685}
num AC branches with possible violations in ACL contingencies: 0
num AC branches with possible violations in DCL contingencies: 0
num AC branches with possible violations in XFR contingencies: 0
t: 13, time: 0.14252662658691406, memory_info: {'rss bytes': 455663616, 'rss human': '434.6M', 'percent': 0.16862064985900685}
num AC branches with possible violations in ACL contingencies: 0
num AC branches with possible violations in DCL contingencies: 0
num AC branches with possible violations in XFR contingencies: 0
t: 14, time: 0.14572381973266602, memory_info: {'rss bytes': 455663616, 'rss human': '434.6M', 'percent': 0.16862064985900685}
num AC branches with possible violations in ACL contingencies: 0
num AC branches with possible violations in DCL contingencies: 0
num AC branches with possible violations in XFR contingencies: 0
t: 15, time: 0.15083670616149902, memory_info: {'rss bytes': 455663616, 'rss human': '434.6M', 'percent': 0.16862064985900685}
num AC branches with possible violations in ACL contingencies: 0
num AC branches with possible violations in DCL contingencies: 0
num AC branches with possible violations in XFR contingencies: 0
t: 16, time: 0.14766216278076172, memory_info: {'rss bytes': 455663616, 'rss human': '434.6M', 'percent': 0.16862064985900685}
num AC branches with possible violations in ACL contingencies: 0
num AC branches with possible violations in DCL contingencies: 0
num AC branches with possible violations in XFR contingencies: 0
t: 17, time: 0.15076231956481934, memory_info: {'rss bytes': 455663616, 'rss human': '434.6M', 'percent': 0.16862064985900685}
initialize_m_w_time: 0.0018956661224365234
compute_static_w_time: 0.14433574676513672
get_time_varying_branch_characteristics_time: 0.0014240741729736328
construct_a_t_time: 0.009546756744384766
factor_a_t_time: 0.03487420082092285
compute_w_with_t_a_solve_time: 1.5210685729980469
compute_v_t_time: 3.337860107421875e-06
compute_w_with_t_smw_time: 3.0994415283203125e-06
compute_v_time: 0.0036287307739257812
compute_bus_theta_with_t_a_solve_time: 0.0025148391723632812
compute_bus_theta_with_t_smw_time: 2.1457672119140625e-06
compute_br_p_time: 0.002920389175415039
apply_w_v_wt_time: 0.007061004638671875
compute_bus_dtheta_rhs_dcl_k_time: 0.0028715133666992188
compute_w_v_wt_xfr_k_time: 0.0025954246520996094
compute_bus_dtheta_rhs_xfr_k_time: 1.1920928955078125e-06
compute_br_acl_delta_k_p_delta_time: 0.03959369659423828
compute_br_dcl_delta_k_p_delta_time: 0.0016405582427978516
compute_br_xfr_delta_k_p_delta_time: 0.0012292861938476562
filter_branches_acl_k_time: 0.011456489562988281
filter_branches_dcl_k_time: 0.003094196319580078
filter_branches_xfr_k_time: 0.0030853748321533203
compute_br_acl_delta_k_p_time: 0.005375862121582031
compute_br_dcl_delta_k_p_time: 7.963180541992188e-05
compute_br_xfr_delta_k_p_time: 5.412101745605469e-05
compute_br_acl_delta_k_s_over_time: 0.7382380962371826
compute_br_dcl_delta_k_s_over_time: 0.0006432533264160156
compute_br_xfr_delta_k_s_over_time: 0.0005640983581542969
zero_out_time: 0.00010156631469726562
get_max_br_acl_delta_k_s_over_time: 0.002590179443359375
get_max_br_dcl_delta_k_s_over_time: 4.5299530029296875e-06
get_max_br_xfr_delta_k_s_over_time: 2.1457672119140625e-06
compute_br_k_z_time: 0.0026712417602539062
collect_penalties_into_obj_array_time: 0.0002703666687011719
end of contingency model method 1, memory info: {'rss bytes': 455663616, 'rss human': '434.6M', 'percent': 0.16862064985900685}
function: eval_post_contingency_model, time: 2.6851327419281006
function: eval_post_contingency_model, time: 2.685145854949951
function: run, time: 3.5282700061798096
after solution_evaluator.run(), memory info: {'rss bytes': 429953024, 'rss human': '410.0M', 'percent': 0.15910631389038787}
evaluation summary:
{'feas': 1,
 'infeas': 0,
 'info_i_i_k_t_disconnected_ctg': {'idx': {0: None, 1: None, 2: None, 3: None},
                                   'val': 0},
 'info_i_i_t_disconnected_base': {'idx': {0: None, 1: None, 2: None}, 'val': 0},
 'sum_acl_t_u_sd': 0,
 'sum_acl_t_u_su': 0,
 'sum_acl_t_z_s': 0.0,
 'sum_acl_t_z_sd': 0.0,
 'sum_acl_t_z_su': 0.0,
 'sum_bus_t_z_p': 58308926.50271814,
 'sum_bus_t_z_q': 126628504.04898112,
 'sum_cs_t_z_p': 110780181.75281113,
 'sum_pr_t_z_p': 61126.20651199232,
 'sum_prz_t_z_nsc': 221515.97663652513,
 'sum_prz_t_z_rgd': 18596.90231530438,
 'sum_prz_t_z_rgu': 18596.90231530438,
 'sum_prz_t_z_rrd': 0.0,
 'sum_prz_t_z_rru': 0.0,
 'sum_prz_t_z_scr': 112097.21264500184,
 'sum_qrz_t_z_qrd': 0.0,
 'sum_qrz_t_z_qru': 0.0,
 'sum_sd_t_sd': 0,
 'sum_sd_t_su': 0,
 'sum_sd_t_z_nsc': 0.0,
 'sum_sd_t_z_on': 1571578.8433080001,
 'sum_sd_t_z_qrd': 0.0,
 'sum_sd_t_z_qru': 0.0,
 'sum_sd_t_z_rgd': 0.0,
 'sum_sd_t_z_rgu': 0.0,
 'sum_sd_t_z_rrd_off': 0.0,
 'sum_sd_t_z_rrd_on': 0.0,
 'sum_sd_t_z_rru_off': 0.0,
 'sum_sd_t_z_rru_on': 0.0,
 'sum_sd_t_z_scr': 0.0,
 'sum_sd_t_z_sd': 0.0,
 'sum_sd_t_z_su': 0.0,
 'sum_sd_t_z_sus': 0.0,
 'sum_xfr_t_u_sd': 0,
 'sum_xfr_t_u_su': 0,
 'sum_xfr_t_z_s': 0.0,
 'sum_xfr_t_z_sd': 0.0,
 'sum_xfr_t_z_su': 0.0,
 'viol_acl_acl_t_s_max_ctg': {'idx': {0: None, 1: None, 2: None}, 'val': 0.0},
 'viol_acl_dcl_t_s_max_ctg': {'idx': {0: None, 1: None, 2: None}, 'val': 0.0},
 'viol_acl_t_s_max': {'idx': {0: 'acl_0000', 1: 0}, 'val': 0.0},
 'viol_acl_t_u_sd_max': {'idx': {0: 'acl_0000', 1: 0}, 'val': 0},
 'viol_acl_t_u_su_max': {'idx': {0: 'acl_0000', 1: 0}, 'val': 0},
 'viol_acl_xfr_t_s_max_ctg': {'idx': {0: None, 1: None, 2: None}, 'val': 0.0},
 'viol_bus_t_p_balance_max': {'idx': {0: 'bus_0394', 1: 0},
                              'val': 3.1995960400001078},
 'viol_bus_t_p_balance_min': {'idx': {0: 'bus_1492', 1: 14},
                              'val': -2.248773438517773},
 'viol_bus_t_q_balance_max': {'idx': {0: 'bus_1492', 1: 0},
                              'val': 5.0658154877624915},
 'viol_bus_t_q_balance_min': {'idx': {0: 'bus_0394', 1: 0},
                              'val': -3.895473664775446},
 'viol_bus_t_v_max': {'idx': {0: 'bus_0000', 1: 0}, 'val': 0.0},
 'viol_bus_t_v_min': {'idx': {0: 'bus_0000', 1: 0}, 'val': 0.0},
 'viol_cs_t_p_off_max': {'idx': {0: 'sd_0615', 1: 0}, 'val': 0.0},
 'viol_cs_t_p_off_min': {'idx': {0: 'sd_0615', 1: 0}, 'val': 0.0},
 'viol_cs_t_p_on_max': {'idx': {0: 'sd_0615', 1: 0}, 'val': 0.0},
 'viol_cs_t_p_on_min': {'idx': {0: 'sd_0615', 1: 0}, 'val': 0.0},
 'viol_cs_t_q_max': {'idx': {0: 'sd_0615', 1: 0}, 'val': 0.0},
 'viol_cs_t_q_min': {'idx': {0: 'sd_0615', 1: 0}, 'val': 0.0},
 'viol_cs_t_q_p_max': {'idx': {0: None, 1: None}, 'val': None},
 'viol_cs_t_q_p_min': {'idx': {0: None, 1: None}, 'val': None},
 'viol_dcl_t_p_max': {'idx': {0: None, 1: None}, 'val': None},
 'viol_dcl_t_p_min': {'idx': {0: None, 1: None}, 'val': None},
 'viol_dcl_t_q_fr_max': {'idx': {0: None, 1: None}, 'val': None},
 'viol_dcl_t_q_fr_min': {'idx': {0: None, 1: None}, 'val': None},
 'viol_dcl_t_q_to_max': {'idx': {0: None, 1: None}, 'val': None},
 'viol_dcl_t_q_to_min': {'idx': {0: None, 1: None}, 'val': None},
 'viol_pr_t_p_off_max': {'idx': {0: 'sd_0000', 1: 0}, 'val': 0.0},
 'viol_pr_t_p_off_min': {'idx': {0: 'sd_0000', 1: 0}, 'val': 0.0},
 'viol_pr_t_p_on_max': {'idx': {0: 'sd_0000', 1: 0}, 'val': 0.0},
 'viol_pr_t_p_on_min': {'idx': {0: 'sd_0000', 1: 0}, 'val': 0.0},
 'viol_pr_t_q_max': {'idx': {0: 'sd_0000', 1: 0}, 'val': 0.0},
 'viol_pr_t_q_min': {'idx': {0: 'sd_0000', 1: 0}, 'val': 0.0},
 'viol_pr_t_q_p_max': {'idx': {0: None, 1: None}, 'val': None},
 'viol_pr_t_q_p_min': {'idx': {0: None, 1: None}, 'val': None},
 'viol_prz_t_p_nsc_balance': {'idx': {0: 'prz_0', 1: 0},
                              'val': 28.168292746017293},
 'viol_prz_t_p_rgd_balance': {'idx': {0: 'prz_0', 1: 0},
                              'val': 3.1418873820758626},
 'viol_prz_t_p_rgu_balance': {'idx': {0: 'prz_0', 1: 0},
                              'val': 3.1418873820758626},
 'viol_prz_t_p_rrd_balance': {'idx': {0: 'prz_0', 1: 0}, 'val': 0.0},
 'viol_prz_t_p_rru_balance': {'idx': {0: 'prz_0', 1: 0}, 'val': 0.0},
 'viol_prz_t_p_scr_balance': {'idx': {0: 'prz_0', 1: 0},
                              'val': 15.655090064046579},
 'viol_qrz_t_q_qrd_balance': {'idx': {0: 'qrz_0', 1: 0}, 'val': 0.0},
 'viol_qrz_t_q_qru_balance': {'idx': {0: 'qrz_0', 1: 0}, 'val': 0.0},
 'viol_sd_max_energy_constr': {'idx': {0: 'sd_0000', 1: 0}, 'val': 0.0},
 'viol_sd_max_startup_constr': {'idx': {0: 'sd_0000', 1: 0}, 'val': 0},
 'viol_sd_min_energy_constr': {'idx': {0: 'sd_0000', 1: 0}, 'val': 0.0},
 'viol_sd_t_d_dn_min': {'idx': {0: 'sd_0000', 1: 0}, 'val': 0},
 'viol_sd_t_d_up_min': {'idx': {0: 'sd_0000', 1: 0}, 'val': 0},
 'viol_sd_t_p_nsc_max': {'idx': {0: 'sd_0000', 1: 0}, 'val': 0.0},
 'viol_sd_t_p_nsc_nonneg': {'idx': {0: 'sd_0000', 1: 0}, 'val': -0.0},
 'viol_sd_t_p_ramp_dn_max': {'idx': {0: 'sd_0000', 1: 0}, 'val': 0.0},
 'viol_sd_t_p_ramp_up_max': {'idx': {0: 'sd_0000', 1: 0}, 'val': 0.0},
 'viol_sd_t_p_rgd_max': {'idx': {0: 'sd_0000', 1: 0}, 'val': 0.0},
 'viol_sd_t_p_rgd_nonneg': {'idx': {0: 'sd_0000', 1: 0}, 'val': -0.0},
 'viol_sd_t_p_rgu_max': {'idx': {0: 'sd_0000', 1: 0}, 'val': 0.0},
 'viol_sd_t_p_rgu_nonneg': {'idx': {0: 'sd_0000', 1: 0}, 'val': -0.0},
 'viol_sd_t_p_rrd_off_max': {'idx': {0: 'sd_0000', 1: 0}, 'val': 0.0},
 'viol_sd_t_p_rrd_off_nonneg': {'idx': {0: 'sd_0000', 1: 0}, 'val': -0.0},
 'viol_sd_t_p_rrd_on_max': {'idx': {0: 'sd_0000', 1: 0}, 'val': 0.0},
 'viol_sd_t_p_rrd_on_nonneg': {'idx': {0: 'sd_0000', 1: 0}, 'val': -0.0},
 'viol_sd_t_p_rru_off_max': {'idx': {0: 'sd_0000', 1: 0}, 'val': 0.0},
 'viol_sd_t_p_rru_off_nonneg': {'idx': {0: 'sd_0000', 1: 0}, 'val': -0.0},
 'viol_sd_t_p_rru_on_max': {'idx': {0: 'sd_0000', 1: 0}, 'val': 0.0},
 'viol_sd_t_p_rru_on_nonneg': {'idx': {0: 'sd_0000', 1: 0}, 'val': -0.0},
 'viol_sd_t_p_scr_max': {'idx': {0: 'sd_0000', 1: 0}, 'val': 0.0},
 'viol_sd_t_p_scr_nonneg': {'idx': {0: 'sd_0000', 1: 0}, 'val': -0.0},
 'viol_sd_t_q_qrd_nonneg': {'idx': {0: 'sd_0000', 1: 0}, 'val': -0.0},
 'viol_sd_t_q_qru_nonneg': {'idx': {0: 'sd_0000', 1: 0}, 'val': -0.0},
 'viol_sd_t_u_on_max': {'idx': {0: 'sd_0000', 1: 0}, 'val': 0},
 'viol_sd_t_u_on_min': {'idx': {0: 'sd_0000', 1: 0}, 'val': 0},
 'viol_sh_t_u_st_max': {'idx': {0: 'sh_00', 1: 0}, 'val': 0},
 'viol_sh_t_u_st_min': {'idx': {0: 'sh_00', 1: 0}, 'val': 0},
 'viol_t_connected_base': {'idx': {0: 0}, 'val': 0},
 'viol_t_connected_ctg': {'idx': {0: 0}, 'val': 0},
 'viol_xfr_acl_t_s_max_ctg': {'idx': {0: None, 1: None, 2: None}, 'val': 0.0},
 'viol_xfr_dcl_t_s_max_ctg': {'idx': {0: None, 1: None, 2: None}, 'val': 0.0},
 'viol_xfr_t_phi_max': {'idx': {0: 'xfr_000', 1: 0}, 'val': 0.0},
 'viol_xfr_t_phi_min': {'idx': {0: 'xfr_000', 1: 0}, 'val': 0.0},
 'viol_xfr_t_s_max': {'idx': {0: 'xfr_000', 1: 0}, 'val': 0.0},
 'viol_xfr_t_tau_max': {'idx': {0: 'xfr_000', 1: 0}, 'val': 0.0},
 'viol_xfr_t_tau_min': {'idx': {0: 'xfr_000', 1: 0}, 'val': 0.0},
 'viol_xfr_t_u_sd_max': {'idx': {0: 'xfr_000', 1: 0}, 'val': 0},
 'viol_xfr_t_u_su_max': {'idx': {0: 'xfr_000', 1: 0}, 'val': 0},
 'viol_xfr_xfr_t_s_max_ctg': {'idx': {0: None, 1: None, 2: None}, 'val': 0.0},
 'z': -76160760.84262015,
 'z_base': -76160760.84262015,
 'z_cost': 1632705.0498199924,
 'z_k_average_case': 0.0,
 'z_k_worst_case': 0.0,
 'z_max_energy': 0.0,
 'z_min_energy': 0.0,
 'z_penalty': 185308237.54561138,
 'z_value': 110780181.75281113}
infeasibility summary:
{}
feas: 1
obj: -76160760.84262015
evaluate solution time: 3.538013219833374
end of check_data(), memory info: {'rss bytes': 430206976, 'rss human': '410.3M', 'percent': 0.15920029012585935}
