/rcfs/dtn/arpacomp/.conda/envs/goc_eval/lib/python3.10/site-packages/scipy/sparse/linalg/_dsolve/linsolve.py:347: SparseEfficiencyWarning: splu converted its input to CSC format
  warn('splu converted its input to CSC format', SparseEfficiencyWarning)
args:
Namespace(problem_opt=None, problem='/qfs/projects/goc/share/data/C3/E1/D1/C3E1N01576D1/scenario_111.json_scrubbed.json', solution='/qfs/projects/goc/share/data/C3/E1/D1/C3E1N01576D1/scenario_111.json.pop_solution.json', configuration=None, parameters='{}', summary_csv='summary.csv', summary_json='summary.json', data_errors='data_errors.txt', ignored_errors='ignored_errors.txt', solution_errors='solution_errors.txt', pop_solution=None, scrubbed_problem=None)
problem data file: /qfs/projects/goc/share/data/C3/E1/D1/C3E1N01576D1/scenario_111.json_scrubbed.json

pop solution data file: None

solution data file: /qfs/projects/goc/share/data/C3/E1/D1/C3E1N01576D1/scenario_111.json.pop_solution.json

git info: {'C3DataUtilities': {'branch': None, 'commit': 'db95afa558c9d522ed52e7eedbd03837c4b9530d', 'date': 'Mon Feb 6 13:38:56 2023 -0800', 'query_return_code': 0, 'query_err': '', 'query_path': '/qfs/projects/goc/share/loadbalancing/src/nonmpi-template/Challenge3/C3DataUtilities/datautilities', 'query_out': 'commit db95afa558c9d522ed52e7eedbd03837c4b9530d\nAuthor: Jesse T Holzer <jesse.holzer@pnnl.gov>\nDate:   Mon Feb 6 13:38:56 2023 -0800\n\n    add total_switches summary output field\n'}, 'Bid-DS-data-model': {'branch': None, 'commit': None, 'date': None, 'query_return_code': 128, 'query_err': 'fatal: Not a git repository (or any parent up to mount point /rcfs)\nStopping at filesystem boundary (GIT_DISCOVERY_ACROSS_FILESYSTEM not set).\n', 'query_path': '/rcfs/dtn/arpacomp/.conda/envs/goc_eval/lib/python3.10/site-packages/datamodel', 'query_out': ''}}

after reading problem without validation, memory info: {'rss bytes': 170184704, 'rss human': '162.3M', 'percent': 0.06297771947748121}
read problem data file without validation time: 0.3456840515136719
after reading problem with validation, memory info: {'rss bytes': 302686208, 'rss human': '288.7M', 'percent': 0.11201057820758398}
load time: 2.9555892944335938
{'general': {'base_norm_mva': 100.0,
             'day_type': None,
             'electricity_demand': None,
             'net_load': None,
             'season': None,
             'solar_availability': None,
             'timestamp_start': None,
             'timestamp_stop': None,
             'vre_availability': None,
             'weather_temperature': None,
             'wind_availability': None},
 'interval durations': [0.25,
                        0.25,
                        0.25,
                        0.25,
                        0.25,
                        0.25,
                        0.25,
                        0.25,
                        0.5,
                        0.5,
                        0.5,
                        0.5,
                        0.5,
                        0.5,
                        0.5,
                        0.5,
                        1.0,
                        1.0],
 'num ac lines': 2227,
 'num buses': 1576,
 'num consuming devices': 1449,
 'num contingencies': 219,
 'num dc lines': 0,
 'num intervals': 18,
 'num producing devices': 615,
 'num reactive power reserve zones': 2,
 'num real power reserve zones': 2,
 'num shunts': 68,
 'num simple dispatchable devices': 2064,
 'num transformers': 144,
 'total duration': 8.0,
 'violation costs': {'e_vio_cost': 100000.0,
                     'p_bus_vio_cost': 100000.0,
                     'q_bus_vio_cost': 100000.0,
                     's_vio_cost': 100000.0}}
after read solution without validation, memory info: {'rss bytes': 310796288, 'rss human': '296.4M', 'percent': 0.11501175475973717}
read solution data file without validation time: 0.09329485893249512
after read solution with validation, memory info: {'rss bytes': 344047616, 'rss human': '328.1M', 'percent': 0.12731657862356524}
solution load time: 1.1039822101593018
after solution_model_checks(), memory info: {'rss bytes': 344047616, 'rss human': '328.1M', 'percent': 0.12731657862356524}
solution model_checks time: 0.014297008514404297
{}
after problem_data_array.set_from_data_model(), memory info: {'rss bytes': 355975168, 'rss human': '339.5M', 'percent': 0.1317304301992572}
convert problem data to numpy arrays time: 0.46853113174438477
after solution_data_array.set_from_data_model(), memory info: {'rss bytes': 360562688, 'rss human': '343.9M', 'percent': 0.13342806542067717}
convert solution data to numpy arrays time: 0.0431065559387207
function: set_summary, time: 0.00016307830810546875
function: set_problem, time: 7.152557373046875e-07
function: set_solution, time: 4.76837158203125e-06
function: set_solution_zero, time: 0.0003998279571533203
function: set_work_zero, time: 0.0004096031188964844
function: set_matrices, time: 0.22039127349853516
function: __init__, time: 0.22139596939086914
function: eval_sd_t_d_up_dn, time: 0.0008373260498046875
function: eval_sd_max_startup, time: 0.04641413688659668
function: eval_sd_t_z_sus, time: 0.0334928035736084
function: eval_acl_t_p_q_fr_to, time: 0.002512693405151367
function: eval_xfr_t_p_q_fr_to, time: 0.00024390220642089844
function: eval_sd_t_su_sd_trajectories, time: 0.0004074573516845703
function: eval_sd_max_energy, time: 0.0012061595916748047
function: eval_sd_min_energy, time: 0.0007245540618896484
function: eval_sd_t_z_p, time: 0.09575152397155762
function: eval_bus_t_p, time: 0.0018649101257324219
function: eval_bus_t_q, time: 0.00047516822814941406
sd_t_p_rgu sum: 0.0
prz_sigma_rgu max: 0.01
prz_t_p_rgu_req max: 2.6345466858789393
sd_t_p_rgd sum: 0.0
prz_sigma_rgd max: 0.01
prz_t_p_rgd_req max: 2.6345466858789393
sd_t_p_scr sum: 0.0
prz_sigma_scr max: 1.0
prz_t_p_scr_req max: 12.513202699338382
sd_t_p_nsc sum: 0.0
prz_sigma_nsc max: 1.0
prz_t_p_nsc_req max: 12.513202699338382
sd_t_p_rru sum: 0.0
prz_t_p_rru_min max: 0.0
sd_t_p_rrd sum: 0.0
prz_t_p_rrd_min max: 0.0
sd_t_p_qru sum: 0.0
qrz_t_q_qru_min max: 0.0
sd_t_p_qrd sum: 0.0
qrz_t_q_qrd_min max: 0.0
function: get_connected_components, time: 0.008337736129760742
function: get_bridges, time: 0.027388811111450195
function: get_connected_components, time: 0.006745576858520508
function: get_bridges, time: 0.02701115608215332
function: get_connected_components, time: 0.006597042083740234
function: get_bridges, time: 0.026933670043945312
function: get_connected_components, time: 0.006735563278198242
function: get_bridges, time: 0.02710413932800293
function: get_connected_components, time: 0.0066831111907958984
function: get_bridges, time: 0.027148008346557617
function: get_connected_components, time: 0.006802082061767578
function: get_bridges, time: 0.027523279190063477
function: get_connected_components, time: 0.0069735050201416016
function: get_bridges, time: 0.027343273162841797
function: get_connected_components, time: 0.006903171539306641
function: get_bridges, time: 0.027054309844970703
function: get_connected_components, time: 0.00678706169128418
function: get_bridges, time: 0.027011871337890625
function: get_connected_components, time: 0.006799936294555664
function: get_bridges, time: 0.02718067169189453
function: get_connected_components, time: 0.006873130798339844
function: get_bridges, time: 0.02707386016845703
function: get_connected_components, time: 0.006891727447509766
function: get_bridges, time: 0.027013063430786133
function: get_connected_components, time: 0.006842374801635742
function: get_bridges, time: 0.027050256729125977
function: get_connected_components, time: 0.00675511360168457
function: get_bridges, time: 0.027304410934448242
function: get_connected_components, time: 0.006678581237792969
function: get_bridges, time: 0.027456283569335938
function: get_connected_components, time: 0.0067365169525146484
function: get_bridges, time: 0.02742600440979004
function: get_connected_components, time: 0.00677800178527832
function: get_bridges, time: 0.027428150177001953
function: get_connected_components, time: 0.006715297698974609
function: get_bridges, time: 0.02725505828857422
end of eval_connectedness(), memory info: {'rss bytes': 401469440, 'rss human': '382.9M', 'percent': 0.14856581806024985}
function: eval_connectedness, time: 0.6417446136474609
problem dimensions. bus: 1576, acl: 2227, xfr: 144, dcl: 0, k: 219, t: 18
construct static bus admittance matrix. time: 0.006801605224609375
factor static bus admittance matrix. time: 0.17590999603271484
t_acl_delta_t: [array([], dtype=int64), array([], dtype=int64), array([], dtype=int64), array([], dtype=int64), array([], dtype=int64), array([], dtype=int64), array([], dtype=int64), array([], dtype=int64), array([], dtype=int64), array([], dtype=int64), array([], dtype=int64), array([], dtype=int64), array([], dtype=int64), array([], dtype=int64), array([], dtype=int64), array([], dtype=int64), array([], dtype=int64), array([], dtype=int64)], t_xfr_delta_t: [array([], dtype=int64), array([], dtype=int64), array([], dtype=int64), array([], dtype=int64), array([], dtype=int64), array([], dtype=int64), array([], dtype=int64), array([], dtype=int64), array([], dtype=int64), array([], dtype=int64), array([], dtype=int64), array([], dtype=int64), array([], dtype=int64), array([], dtype=int64), array([], dtype=int64), array([], dtype=int64), array([], dtype=int64), array([], dtype=int64)], t_br_delta_t: [array([], dtype=int64), array([], dtype=int64), array([], dtype=int64), array([], dtype=int64), array([], dtype=int64), array([], dtype=int64), array([], dtype=int64), array([], dtype=int64), array([], dtype=int64), array([], dtype=int64), array([], dtype=int64), array([], dtype=int64), array([], dtype=int64), array([], dtype=int64), array([], dtype=int64), array([], dtype=int64), array([], dtype=int64), array([], dtype=int64)], acl_delta_t: [], xfr_delta_t: [], br_delta_t: []
contingency delta branches. acl: 219, xfr: 0, dcl: 0
construct bus,t-indexed right hand side. time: 0.0003333091735839844
solve for base case bus,t-indexed theta. time: 0.34084010124206543
v_acl_k: [-1.19076484e-02 -1.01324350e-02 -2.66285766e-02 -4.40462154e-02
 -4.40462154e-02 -1.33108601e-02 -1.33108601e-02 -1.33108601e-02
 -1.33108601e-02 -1.33108601e-02 -9.79503691e-05 -8.79796089e-05
 -1.05566564e-07 -6.24707723e-04 -5.92369398e-04 -1.20131753e-03
 -1.20131753e-03 -6.62673058e-04 -6.62673058e-04 -5.66415672e-03
 -1.59399647e-03 -1.99011968e-03 -1.99011968e-03 -1.55357278e-06
 -9.49182051e-06 -1.95261444e-03 -5.76822010e-03 -2.02154676e-03
 -5.79438327e-04 -1.21037868e-04 -1.21037868e-04 -1.18254185e-04
 -8.83259549e-05 -3.44692308e-04 -3.44692308e-04 -1.37716621e-03
 -8.11384697e-03 -7.47757860e-03 -4.89363399e-05 -7.87415347e-05
 -1.48989723e-04 -4.15039023e-03 -9.56539556e-06 -8.21719903e-03
 -3.28630317e-03 -3.28630317e-03 -3.32613117e-03 -3.33608867e-03
 -3.11416883e-03 -3.19382641e-03 -3.17391082e-03 -7.06749151e-03
 -5.16266159e-04 -5.16266159e-04 -1.56120070e-04 -2.19791492e-03
 -2.19791492e-03 -3.97529980e-04 -1.59518524e-03 -9.02013035e-03
 -9.02013035e-03 -9.18623364e-04 -9.18623364e-04 -5.66155090e-06
 -5.93990270e-03 -5.93990270e-03 -6.65971414e-04 -3.95831724e-04
 -5.46494062e-04 -3.95831724e-04 -5.38360394e-03 -5.40351894e-03
 -5.31379581e-03 -5.31379581e-03 -6.60252008e-04 -2.12634011e-05
 -2.12634011e-05 -5.51547442e-03 -5.51547442e-03 -5.51547442e-03
 -4.95634850e-04 -4.25072678e-04 -4.25072678e-04 -4.25072678e-04
 -1.64490804e-04 -1.64490804e-04 -1.36113163e-04 -4.65910155e-03
 -4.65910155e-03 -4.65910155e-03 -3.16824599e-03 -3.16824599e-03
 -3.16824599e-03 -3.16824599e-03 -6.61124606e-03 -6.62084712e-03
 -4.37692556e-03 -4.47181522e-03 -1.99121128e-02 -1.29209151e-02
 -1.29209151e-02 -1.27240944e-02 -3.28662796e-03 -3.28662796e-03
 -9.58082112e-03 -9.58082112e-03 -1.29736265e-03 -1.91671053e-03
 -1.45562522e-02 -1.45761660e-02 -1.57590292e-03 -7.56768389e-03
 -1.35600000e-03 -1.35600000e-03 -1.99853629e-03 -5.20228777e-04
 -2.00078032e-05 -1.12621924e-05 -8.80975337e-03 -7.16254082e-03
 -7.09284001e-03 -8.98187850e-03 -3.32830031e-02 -3.35393938e-02
 -1.25048770e-06 -7.43476317e-03 -4.57045996e-06 -1.12177425e-02
 -9.69714795e-07 -4.72707654e-03 -4.72707654e-03 -2.58025452e-02
 -9.93160355e-06 -3.65148708e-03 -3.65148708e-03 -3.70127229e-03
 -3.60776350e-03 -3.60776350e-03 -4.64380736e-03 -4.64380736e-03
 -4.62908081e-03 -6.48743527e-03 -3.54797146e-03 -2.33715865e-02
 -1.77787352e-02 -6.96434029e-04 -6.96434029e-04 -1.08163857e-03
 -1.08163857e-03 -1.04249652e-04 -1.04249652e-04 -2.54901332e-05
 -3.06521065e-04 -3.06521065e-04 -3.06521065e-04 -7.84171009e-05
 -1.55076743e-03 -1.55076743e-03 -5.85800587e-04 -5.85800587e-04
 -5.85800587e-04 -8.09266148e-05 -4.78750305e-03 -4.78750305e-03
 -4.78750305e-03 -4.78750305e-03 -8.40794500e-02 -8.41114743e-02
 -9.03388126e-03 -4.84906962e-02 -6.96480518e-03 -2.30091413e-02
 -1.34449255e-02 -6.21917162e-03 -6.18963429e-03 -1.48935992e-03
 -2.10719454e-02 -2.10719454e-02 -2.99416575e-02 -2.58828026e-05
 -4.64397775e-03 -4.65524674e-03 -2.14822309e-02 -2.14722739e-02
 -2.18515921e-02 -1.33644853e-02 -1.33757527e-02 -1.33757527e-02
 -2.79351988e-02 -3.95274263e-03 -3.95274263e-03 -5.48991039e-03
 -9.66979817e-03 -9.97752193e-03 -2.42327862e-03 -2.40336369e-03
 -2.77452248e-02 -5.13927827e-05 -1.32155909e-04 -2.30823186e-04
 -1.58164097e-04 -6.04333370e-03 -3.18375167e-03 -3.66578082e-03
 -3.66578082e-03 -9.17565630e-03 -2.95850320e-03 -4.48100100e-03
 -4.48100100e-03 -4.48100100e-03 -9.06532049e-03 -8.97439085e-03
 -2.56008709e-03 -3.31500705e-03 -3.31500705e-03 -5.77788069e-07
 -2.01733829e-03 -2.01733829e-03 -2.01733829e-03]
acl_u[acl_delta_k]: [1 1 1 1 1 1 1 1 1 1 1 1 1 1 1 1 1 1 1 1 1 1 1 1 1 1 1 1 1 1 1 1 1 1 1 1 1
 1 1 1 1 1 1 1 1 1 1 1 1 1 1 1 1 1 1 1 1 1 1 1 1 1 1 1 1 1 1 1 1 1 1 1 1 1
 1 1 1 1 1 1 1 1 1 1 1 1 1 1 1 1 1 1 1 1 1 1 1 1 1 1 1 1 1 1 1 1 1 1 1 1 1
 1 1 1 1 1 1 1 1 1 1 1 1 1 1 1 1 1 1 1 1 1 1 1 1 1 1 1 1 1 1 1 1 1 1 1 1 1
 1 1 1 1 1 1 1 1 1 1 1 1 1 1 1 1 1 1 1 1 1 1 1 1 1 1 1 1 1 1 1 1 1 1 1 1 0
 0 1 1 1 1 1 1 1 1 1 1 1 1 1 1 1 1 1 1 1 0 1 1 1 1 1 1 1 1 1 1 1 1 1]
num AC branches with possible violations in ACL contingencies: 0
num AC branches with possible violations in DCL contingencies: 0
num AC branches with possible violations in XFR contingencies: 0
t: 0, time: 0.20239996910095215, memory_info: {'rss bytes': 436572160, 'rss human': '416.3M', 'percent': 0.16155575899557956}
v_acl_k: [-1.19076484e-02 -1.01324350e-02 -2.66285766e-02 -4.40462154e-02
 -4.40462154e-02 -1.33108601e-02 -1.33108601e-02 -1.33108601e-02
 -1.33108601e-02 -1.33108601e-02 -9.79503691e-05 -8.79796089e-05
 -1.05566564e-07 -6.24707723e-04 -5.92369398e-04 -1.20131753e-03
 -1.20131753e-03 -6.62673058e-04 -6.62673058e-04 -5.66415672e-03
 -1.59399647e-03 -1.99011968e-03 -1.99011968e-03 -1.55357278e-06
 -9.49182051e-06 -1.95261444e-03 -5.76822010e-03 -2.02154676e-03
 -5.79438327e-04 -1.21037868e-04 -1.21037868e-04 -1.18254185e-04
 -8.83259549e-05 -3.44692308e-04 -3.44692308e-04 -1.37716621e-03
 -8.11384697e-03 -7.47757860e-03 -4.89363399e-05 -7.87415347e-05
 -1.48989723e-04 -4.15039023e-03 -9.56539556e-06 -8.21719903e-03
 -3.28630317e-03 -3.28630317e-03 -3.32613117e-03 -3.33608867e-03
 -3.11416883e-03 -3.19382641e-03 -3.17391082e-03 -7.06749151e-03
 -5.16266159e-04 -5.16266159e-04 -1.56120070e-04 -2.19791492e-03
 -2.19791492e-03 -3.97529980e-04 -1.59518524e-03 -9.02013035e-03
 -9.02013035e-03 -9.18623364e-04 -9.18623364e-04 -5.66155090e-06
 -5.93990270e-03 -5.93990270e-03 -6.65971414e-04 -3.95831724e-04
 -5.46494062e-04 -3.95831724e-04 -5.38360394e-03 -5.40351894e-03
 -5.31379581e-03 -5.31379581e-03 -6.60252008e-04 -2.12634011e-05
 -2.12634011e-05 -5.51547442e-03 -5.51547442e-03 -5.51547442e-03
 -4.95634850e-04 -4.25072678e-04 -4.25072678e-04 -4.25072678e-04
 -1.64490804e-04 -1.64490804e-04 -1.36113163e-04 -4.65910155e-03
 -4.65910155e-03 -4.65910155e-03 -3.16824599e-03 -3.16824599e-03
 -3.16824599e-03 -3.16824599e-03 -6.61124606e-03 -6.62084712e-03
 -4.37692556e-03 -4.47181522e-03 -1.99121128e-02 -1.29209151e-02
 -1.29209151e-02 -1.27240944e-02 -3.28662796e-03 -3.28662796e-03
 -9.58082112e-03 -9.58082112e-03 -1.29736265e-03 -1.91671053e-03
 -1.45562522e-02 -1.45761660e-02 -1.57590292e-03 -7.56768389e-03
 -1.35600000e-03 -1.35600000e-03 -1.99853629e-03 -5.20228777e-04
 -2.00078032e-05 -1.12621924e-05 -8.80975337e-03 -7.16254082e-03
 -7.09284001e-03 -8.98187850e-03 -3.32830031e-02 -3.35393938e-02
 -1.25048770e-06 -7.43476317e-03 -4.57045996e-06 -1.12177425e-02
 -9.69714795e-07 -4.72707654e-03 -4.72707654e-03 -2.58025452e-02
 -9.93160355e-06 -3.65148708e-03 -3.65148708e-03 -3.70127229e-03
 -3.60776350e-03 -3.60776350e-03 -4.64380736e-03 -4.64380736e-03
 -4.62908081e-03 -6.48743527e-03 -3.54797146e-03 -2.33715865e-02
 -1.77787352e-02 -6.96434029e-04 -6.96434029e-04 -1.08163857e-03
 -1.08163857e-03 -1.04249652e-04 -1.04249652e-04 -2.54901332e-05
 -3.06521065e-04 -3.06521065e-04 -3.06521065e-04 -7.84171009e-05
 -1.55076743e-03 -1.55076743e-03 -5.85800587e-04 -5.85800587e-04
 -5.85800587e-04 -8.09266148e-05 -4.78750305e-03 -4.78750305e-03
 -4.78750305e-03 -4.78750305e-03 -8.40794500e-02 -8.41114743e-02
 -9.03388126e-03 -4.84906962e-02 -6.96480518e-03 -2.30091413e-02
 -1.34449255e-02 -6.21917162e-03 -6.18963429e-03 -1.48935992e-03
 -2.10719454e-02 -2.10719454e-02 -2.99416575e-02 -2.58828026e-05
 -4.64397775e-03 -4.65524674e-03 -2.14822309e-02 -2.14722739e-02
 -2.18515921e-02 -1.33644853e-02 -1.33757527e-02 -1.33757527e-02
 -2.79351988e-02 -3.95274263e-03 -3.95274263e-03 -5.48991039e-03
 -9.66979817e-03 -9.97752193e-03 -2.42327862e-03 -2.40336369e-03
 -2.77452248e-02 -5.13927827e-05 -1.32155909e-04 -2.30823186e-04
 -1.58164097e-04 -6.04333370e-03 -3.18375167e-03 -3.66578082e-03
 -3.66578082e-03 -9.17565630e-03 -2.95850320e-03 -4.48100100e-03
 -4.48100100e-03 -4.48100100e-03 -9.06532049e-03 -8.97439085e-03
 -2.56008709e-03 -3.31500705e-03 -3.31500705e-03 -5.77788069e-07
 -2.01733829e-03 -2.01733829e-03 -2.01733829e-03]
acl_u[acl_delta_k]: [1 1 1 1 1 1 1 1 1 1 1 1 1 1 1 1 1 1 1 1 1 1 1 1 1 1 1 1 1 1 1 1 1 1 1 1 1
 1 1 1 1 1 1 1 1 1 1 1 1 1 1 1 1 1 1 1 1 1 1 1 1 1 1 1 1 1 1 1 1 1 1 1 1 1
 1 1 1 1 1 1 1 1 1 1 1 1 1 1 1 1 1 1 1 1 1 1 1 1 1 1 1 1 1 1 1 1 1 1 1 1 1
 1 1 1 1 1 1 1 1 1 1 1 1 1 1 1 1 1 1 1 1 1 1 1 1 1 1 1 1 1 1 1 1 1 1 1 1 1
 1 1 1 1 1 1 1 1 1 1 1 1 1 1 1 1 1 1 1 1 1 1 1 1 1 1 1 1 1 1 1 1 1 1 1 1 0
 0 1 1 1 1 1 1 1 1 1 1 1 1 1 1 1 1 1 1 1 0 1 1 1 1 1 1 1 1 1 1 1 1 1]
num AC branches with possible violations in ACL contingencies: 0
num AC branches with possible violations in DCL contingencies: 0
num AC branches with possible violations in XFR contingencies: 0
t: 1, time: 0.16246700286865234, memory_info: {'rss bytes': 441556992, 'rss human': '421.1M', 'percent': 0.1634004215531404}
v_acl_k: [-1.19076484e-02 -1.01324350e-02 -2.66285766e-02 -4.40462154e-02
 -4.40462154e-02 -1.33108601e-02 -1.33108601e-02 -1.33108601e-02
 -1.33108601e-02 -1.33108601e-02 -9.79503691e-05 -8.79796089e-05
 -1.05566564e-07 -6.24707723e-04 -5.92369398e-04 -1.20131753e-03
 -1.20131753e-03 -6.62673058e-04 -6.62673058e-04 -5.66415672e-03
 -1.59399647e-03 -1.99011968e-03 -1.99011968e-03 -1.55357278e-06
 -9.49182051e-06 -1.95261444e-03 -5.76822010e-03 -2.02154676e-03
 -5.79438327e-04 -1.21037868e-04 -1.21037868e-04 -1.18254185e-04
 -8.83259549e-05 -3.44692308e-04 -3.44692308e-04 -1.37716621e-03
 -8.11384697e-03 -7.47757860e-03 -4.89363399e-05 -7.87415347e-05
 -1.48989723e-04 -4.15039023e-03 -9.56539556e-06 -8.21719903e-03
 -3.28630317e-03 -3.28630317e-03 -3.32613117e-03 -3.33608867e-03
 -3.11416883e-03 -3.19382641e-03 -3.17391082e-03 -7.06749151e-03
 -5.16266159e-04 -5.16266159e-04 -1.56120070e-04 -2.19791492e-03
 -2.19791492e-03 -3.97529980e-04 -1.59518524e-03 -9.02013035e-03
 -9.02013035e-03 -9.18623364e-04 -9.18623364e-04 -5.66155090e-06
 -5.93990270e-03 -5.93990270e-03 -6.65971414e-04 -3.95831724e-04
 -5.46494062e-04 -3.95831724e-04 -5.38360394e-03 -5.40351894e-03
 -5.31379581e-03 -5.31379581e-03 -6.60252008e-04 -2.12634011e-05
 -2.12634011e-05 -5.51547442e-03 -5.51547442e-03 -5.51547442e-03
 -4.95634850e-04 -4.25072678e-04 -4.25072678e-04 -4.25072678e-04
 -1.64490804e-04 -1.64490804e-04 -1.36113163e-04 -4.65910155e-03
 -4.65910155e-03 -4.65910155e-03 -3.16824599e-03 -3.16824599e-03
 -3.16824599e-03 -3.16824599e-03 -6.61124606e-03 -6.62084712e-03
 -4.37692556e-03 -4.47181522e-03 -1.99121128e-02 -1.29209151e-02
 -1.29209151e-02 -1.27240944e-02 -3.28662796e-03 -3.28662796e-03
 -9.58082112e-03 -9.58082112e-03 -1.29736265e-03 -1.91671053e-03
 -1.45562522e-02 -1.45761660e-02 -1.57590292e-03 -7.56768389e-03
 -1.35600000e-03 -1.35600000e-03 -1.99853629e-03 -5.20228777e-04
 -2.00078032e-05 -1.12621924e-05 -8.80975337e-03 -7.16254082e-03
 -7.09284001e-03 -8.98187850e-03 -3.32830031e-02 -3.35393938e-02
 -1.25048770e-06 -7.43476317e-03 -4.57045996e-06 -1.12177425e-02
 -9.69714795e-07 -4.72707654e-03 -4.72707654e-03 -2.58025452e-02
 -9.93160355e-06 -3.65148708e-03 -3.65148708e-03 -3.70127229e-03
 -3.60776350e-03 -3.60776350e-03 -4.64380736e-03 -4.64380736e-03
 -4.62908081e-03 -6.48743527e-03 -3.54797146e-03 -2.33715865e-02
 -1.77787352e-02 -6.96434029e-04 -6.96434029e-04 -1.08163857e-03
 -1.08163857e-03 -1.04249652e-04 -1.04249652e-04 -2.54901332e-05
 -3.06521065e-04 -3.06521065e-04 -3.06521065e-04 -7.84171009e-05
 -1.55076743e-03 -1.55076743e-03 -5.85800587e-04 -5.85800587e-04
 -5.85800587e-04 -8.09266148e-05 -4.78750305e-03 -4.78750305e-03
 -4.78750305e-03 -4.78750305e-03 -8.40794500e-02 -8.41114743e-02
 -9.03388126e-03 -4.84906962e-02 -6.96480518e-03 -2.30091413e-02
 -1.34449255e-02 -6.21917162e-03 -6.18963429e-03 -1.48935992e-03
 -2.10719454e-02 -2.10719454e-02 -2.99416575e-02 -2.58828026e-05
 -4.64397775e-03 -4.65524674e-03 -2.14822309e-02 -2.14722739e-02
 -2.18515921e-02 -1.33644853e-02 -1.33757527e-02 -1.33757527e-02
 -2.79351988e-02 -3.95274263e-03 -3.95274263e-03 -5.48991039e-03
 -9.66979817e-03 -9.97752193e-03 -2.42327862e-03 -2.40336369e-03
 -2.77452248e-02 -5.13927827e-05 -1.32155909e-04 -2.30823186e-04
 -1.58164097e-04 -6.04333370e-03 -3.18375167e-03 -3.66578082e-03
 -3.66578082e-03 -9.17565630e-03 -2.95850320e-03 -4.48100100e-03
 -4.48100100e-03 -4.48100100e-03 -9.06532049e-03 -8.97439085e-03
 -2.56008709e-03 -3.31500705e-03 -3.31500705e-03 -5.77788069e-07
 -2.01733829e-03 -2.01733829e-03 -2.01733829e-03]
acl_u[acl_delta_k]: [1 1 1 1 1 1 1 1 1 1 1 1 1 1 1 1 1 1 1 1 1 1 1 1 1 1 1 1 1 1 1 1 1 1 1 1 1
 1 1 1 1 1 1 1 1 1 1 1 1 1 1 1 1 1 1 1 1 1 1 1 1 1 1 1 1 1 1 1 1 1 1 1 1 1
 1 1 1 1 1 1 1 1 1 1 1 1 1 1 1 1 1 1 1 1 1 1 1 1 1 1 1 1 1 1 1 1 1 1 1 1 1
 1 1 1 1 1 1 1 1 1 1 1 1 1 1 1 1 1 1 1 1 1 1 1 1 1 1 1 1 1 1 1 1 1 1 1 1 1
 1 1 1 1 1 1 1 1 1 1 1 1 1 1 1 1 1 1 1 1 1 1 1 1 1 1 1 1 1 1 1 1 1 1 1 1 0
 0 1 1 1 1 1 1 1 1 1 1 1 1 1 1 1 1 1 1 1 0 1 1 1 1 1 1 1 1 1 1 1 1 1]
num AC branches with possible violations in ACL contingencies: 0
num AC branches with possible violations in DCL contingencies: 0
num AC branches with possible violations in XFR contingencies: 0
t: 2, time: 0.1569812297821045, memory_info: {'rss bytes': 441556992, 'rss human': '421.1M', 'percent': 0.1634004215531404}
v_acl_k: [-1.19076484e-02 -1.01324350e-02 -2.66285766e-02 -4.40462154e-02
 -4.40462154e-02 -1.33108601e-02 -1.33108601e-02 -1.33108601e-02
 -1.33108601e-02 -1.33108601e-02 -9.79503691e-05 -8.79796089e-05
 -1.05566564e-07 -6.24707723e-04 -5.92369398e-04 -1.20131753e-03
 -1.20131753e-03 -6.62673058e-04 -6.62673058e-04 -5.66415672e-03
 -1.59399647e-03 -1.99011968e-03 -1.99011968e-03 -1.55357278e-06
 -9.49182051e-06 -1.95261444e-03 -5.76822010e-03 -2.02154676e-03
 -5.79438327e-04 -1.21037868e-04 -1.21037868e-04 -1.18254185e-04
 -8.83259549e-05 -3.44692308e-04 -3.44692308e-04 -1.37716621e-03
 -8.11384697e-03 -7.47757860e-03 -4.89363399e-05 -7.87415347e-05
 -1.48989723e-04 -4.15039023e-03 -9.56539556e-06 -8.21719903e-03
 -3.28630317e-03 -3.28630317e-03 -3.32613117e-03 -3.33608867e-03
 -3.11416883e-03 -3.19382641e-03 -3.17391082e-03 -7.06749151e-03
 -5.16266159e-04 -5.16266159e-04 -1.56120070e-04 -2.19791492e-03
 -2.19791492e-03 -3.97529980e-04 -1.59518524e-03 -9.02013035e-03
 -9.02013035e-03 -9.18623364e-04 -9.18623364e-04 -5.66155090e-06
 -5.93990270e-03 -5.93990270e-03 -6.65971414e-04 -3.95831724e-04
 -5.46494062e-04 -3.95831724e-04 -5.38360394e-03 -5.40351894e-03
 -5.31379581e-03 -5.31379581e-03 -6.60252008e-04 -2.12634011e-05
 -2.12634011e-05 -5.51547442e-03 -5.51547442e-03 -5.51547442e-03
 -4.95634850e-04 -4.25072678e-04 -4.25072678e-04 -4.25072678e-04
 -1.64490804e-04 -1.64490804e-04 -1.36113163e-04 -4.65910155e-03
 -4.65910155e-03 -4.65910155e-03 -3.16824599e-03 -3.16824599e-03
 -3.16824599e-03 -3.16824599e-03 -6.61124606e-03 -6.62084712e-03
 -4.37692556e-03 -4.47181522e-03 -1.99121128e-02 -1.29209151e-02
 -1.29209151e-02 -1.27240944e-02 -3.28662796e-03 -3.28662796e-03
 -9.58082112e-03 -9.58082112e-03 -1.29736265e-03 -1.91671053e-03
 -1.45562522e-02 -1.45761660e-02 -1.57590292e-03 -7.56768389e-03
 -1.35600000e-03 -1.35600000e-03 -1.99853629e-03 -5.20228777e-04
 -2.00078032e-05 -1.12621924e-05 -8.80975337e-03 -7.16254082e-03
 -7.09284001e-03 -8.98187850e-03 -3.32830031e-02 -3.35393938e-02
 -1.25048770e-06 -7.43476317e-03 -4.57045996e-06 -1.12177425e-02
 -9.69714795e-07 -4.72707654e-03 -4.72707654e-03 -2.58025452e-02
 -9.93160355e-06 -3.65148708e-03 -3.65148708e-03 -3.70127229e-03
 -3.60776350e-03 -3.60776350e-03 -4.64380736e-03 -4.64380736e-03
 -4.62908081e-03 -6.48743527e-03 -3.54797146e-03 -2.33715865e-02
 -1.77787352e-02 -6.96434029e-04 -6.96434029e-04 -1.08163857e-03
 -1.08163857e-03 -1.04249652e-04 -1.04249652e-04 -2.54901332e-05
 -3.06521065e-04 -3.06521065e-04 -3.06521065e-04 -7.84171009e-05
 -1.55076743e-03 -1.55076743e-03 -5.85800587e-04 -5.85800587e-04
 -5.85800587e-04 -8.09266148e-05 -4.78750305e-03 -4.78750305e-03
 -4.78750305e-03 -4.78750305e-03 -8.40794500e-02 -8.41114743e-02
 -9.03388126e-03 -4.84906962e-02 -6.96480518e-03 -2.30091413e-02
 -1.34449255e-02 -6.21917162e-03 -6.18963429e-03 -1.48935992e-03
 -2.10719454e-02 -2.10719454e-02 -2.99416575e-02 -2.58828026e-05
 -4.64397775e-03 -4.65524674e-03 -2.14822309e-02 -2.14722739e-02
 -2.18515921e-02 -1.33644853e-02 -1.33757527e-02 -1.33757527e-02
 -2.79351988e-02 -3.95274263e-03 -3.95274263e-03 -5.48991039e-03
 -9.66979817e-03 -9.97752193e-03 -2.42327862e-03 -2.40336369e-03
 -2.77452248e-02 -5.13927827e-05 -1.32155909e-04 -2.30823186e-04
 -1.58164097e-04 -6.04333370e-03 -3.18375167e-03 -3.66578082e-03
 -3.66578082e-03 -9.17565630e-03 -2.95850320e-03 -4.48100100e-03
 -4.48100100e-03 -4.48100100e-03 -9.06532049e-03 -8.97439085e-03
 -2.56008709e-03 -3.31500705e-03 -3.31500705e-03 -5.77788069e-07
 -2.01733829e-03 -2.01733829e-03 -2.01733829e-03]
acl_u[acl_delta_k]: [1 1 1 1 1 1 1 1 1 1 1 1 1 1 1 1 1 1 1 1 1 1 1 1 1 1 1 1 1 1 1 1 1 1 1 1 1
 1 1 1 1 1 1 1 1 1 1 1 1 1 1 1 1 1 1 1 1 1 1 1 1 1 1 1 1 1 1 1 1 1 1 1 1 1
 1 1 1 1 1 1 1 1 1 1 1 1 1 1 1 1 1 1 1 1 1 1 1 1 1 1 1 1 1 1 1 1 1 1 1 1 1
 1 1 1 1 1 1 1 1 1 1 1 1 1 1 1 1 1 1 1 1 1 1 1 1 1 1 1 1 1 1 1 1 1 1 1 1 1
 1 1 1 1 1 1 1 1 1 1 1 1 1 1 1 1 1 1 1 1 1 1 1 1 1 1 1 1 1 1 1 1 1 1 1 1 0
 0 1 1 1 1 1 1 1 1 1 1 1 1 1 1 1 1 1 1 1 0 1 1 1 1 1 1 1 1 1 1 1 1 1]
num AC branches with possible violations in ACL contingencies: 0
num AC branches with possible violations in DCL contingencies: 0
num AC branches with possible violations in XFR contingencies: 0
t: 3, time: 0.1516411304473877, memory_info: {'rss bytes': 441556992, 'rss human': '421.1M', 'percent': 0.1634004215531404}
v_acl_k: [-1.19076484e-02 -1.01324350e-02 -2.66285766e-02 -4.40462154e-02
 -4.40462154e-02 -1.33108601e-02 -1.33108601e-02 -1.33108601e-02
 -1.33108601e-02 -1.33108601e-02 -9.79503691e-05 -8.79796089e-05
 -1.05566564e-07 -6.24707723e-04 -5.92369398e-04 -1.20131753e-03
 -1.20131753e-03 -6.62673058e-04 -6.62673058e-04 -5.66415672e-03
 -1.59399647e-03 -1.99011968e-03 -1.99011968e-03 -1.55357278e-06
 -9.49182051e-06 -1.95261444e-03 -5.76822010e-03 -2.02154676e-03
 -5.79438327e-04 -1.21037868e-04 -1.21037868e-04 -1.18254185e-04
 -8.83259549e-05 -3.44692308e-04 -3.44692308e-04 -1.37716621e-03
 -8.11384697e-03 -7.47757860e-03 -4.89363399e-05 -7.87415347e-05
 -1.48989723e-04 -4.15039023e-03 -9.56539556e-06 -8.21719903e-03
 -3.28630317e-03 -3.28630317e-03 -3.32613117e-03 -3.33608867e-03
 -3.11416883e-03 -3.19382641e-03 -3.17391082e-03 -7.06749151e-03
 -5.16266159e-04 -5.16266159e-04 -1.56120070e-04 -2.19791492e-03
 -2.19791492e-03 -3.97529980e-04 -1.59518524e-03 -9.02013035e-03
 -9.02013035e-03 -9.18623364e-04 -9.18623364e-04 -5.66155090e-06
 -5.93990270e-03 -5.93990270e-03 -6.65971414e-04 -3.95831724e-04
 -5.46494062e-04 -3.95831724e-04 -5.38360394e-03 -5.40351894e-03
 -5.31379581e-03 -5.31379581e-03 -6.60252008e-04 -2.12634011e-05
 -2.12634011e-05 -5.51547442e-03 -5.51547442e-03 -5.51547442e-03
 -4.95634850e-04 -4.25072678e-04 -4.25072678e-04 -4.25072678e-04
 -1.64490804e-04 -1.64490804e-04 -1.36113163e-04 -4.65910155e-03
 -4.65910155e-03 -4.65910155e-03 -3.16824599e-03 -3.16824599e-03
 -3.16824599e-03 -3.16824599e-03 -6.61124606e-03 -6.62084712e-03
 -4.37692556e-03 -4.47181522e-03 -1.99121128e-02 -1.29209151e-02
 -1.29209151e-02 -1.27240944e-02 -3.28662796e-03 -3.28662796e-03
 -9.58082112e-03 -9.58082112e-03 -1.29736265e-03 -1.91671053e-03
 -1.45562522e-02 -1.45761660e-02 -1.57590292e-03 -7.56768389e-03
 -1.35600000e-03 -1.35600000e-03 -1.99853629e-03 -5.20228777e-04
 -2.00078032e-05 -1.12621924e-05 -8.80975337e-03 -7.16254082e-03
 -7.09284001e-03 -8.98187850e-03 -3.32830031e-02 -3.35393938e-02
 -1.25048770e-06 -7.43476317e-03 -4.57045996e-06 -1.12177425e-02
 -9.69714795e-07 -4.72707654e-03 -4.72707654e-03 -2.58025452e-02
 -9.93160355e-06 -3.65148708e-03 -3.65148708e-03 -3.70127229e-03
 -3.60776350e-03 -3.60776350e-03 -4.64380736e-03 -4.64380736e-03
 -4.62908081e-03 -6.48743527e-03 -3.54797146e-03 -2.33715865e-02
 -1.77787352e-02 -6.96434029e-04 -6.96434029e-04 -1.08163857e-03
 -1.08163857e-03 -1.04249652e-04 -1.04249652e-04 -2.54901332e-05
 -3.06521065e-04 -3.06521065e-04 -3.06521065e-04 -7.84171009e-05
 -1.55076743e-03 -1.55076743e-03 -5.85800587e-04 -5.85800587e-04
 -5.85800587e-04 -8.09266148e-05 -4.78750305e-03 -4.78750305e-03
 -4.78750305e-03 -4.78750305e-03 -8.40794500e-02 -8.41114743e-02
 -9.03388126e-03 -4.84906962e-02 -6.96480518e-03 -2.30091413e-02
 -1.34449255e-02 -6.21917162e-03 -6.18963429e-03 -1.48935992e-03
 -2.10719454e-02 -2.10719454e-02 -2.99416575e-02 -2.58828026e-05
 -4.64397775e-03 -4.65524674e-03 -2.14822309e-02 -2.14722739e-02
 -2.18515921e-02 -1.33644853e-02 -1.33757527e-02 -1.33757527e-02
 -2.79351988e-02 -3.95274263e-03 -3.95274263e-03 -5.48991039e-03
 -9.66979817e-03 -9.97752193e-03 -2.42327862e-03 -2.40336369e-03
 -2.77452248e-02 -5.13927827e-05 -1.32155909e-04 -2.30823186e-04
 -1.58164097e-04 -6.04333370e-03 -3.18375167e-03 -3.66578082e-03
 -3.66578082e-03 -9.17565630e-03 -2.95850320e-03 -4.48100100e-03
 -4.48100100e-03 -4.48100100e-03 -9.06532049e-03 -8.97439085e-03
 -2.56008709e-03 -3.31500705e-03 -3.31500705e-03 -5.77788069e-07
 -2.01733829e-03 -2.01733829e-03 -2.01733829e-03]
acl_u[acl_delta_k]: [1 1 1 1 1 1 1 1 1 1 1 1 1 1 1 1 1 1 1 1 1 1 1 1 1 1 1 1 1 1 1 1 1 1 1 1 1
 1 1 1 1 1 1 1 1 1 1 1 1 1 1 1 1 1 1 1 1 1 1 1 1 1 1 1 1 1 1 1 1 1 1 1 1 1
 1 1 1 1 1 1 1 1 1 1 1 1 1 1 1 1 1 1 1 1 1 1 1 1 1 1 1 1 1 1 1 1 1 1 1 1 1
 1 1 1 1 1 1 1 1 1 1 1 1 1 1 1 1 1 1 1 1 1 1 1 1 1 1 1 1 1 1 1 1 1 1 1 1 1
 1 1 1 1 1 1 1 1 1 1 1 1 1 1 1 1 1 1 1 1 1 1 1 1 1 1 1 1 1 1 1 1 1 1 1 1 0
 0 1 1 1 1 1 1 1 1 1 1 1 1 1 1 1 1 1 1 1 0 1 1 1 1 1 1 1 1 1 1 1 1 1]
num AC branches with possible violations in ACL contingencies: 0
num AC branches with possible violations in DCL contingencies: 0
num AC branches with possible violations in XFR contingencies: 0
t: 4, time: 0.14769315719604492, memory_info: {'rss bytes': 441556992, 'rss human': '421.1M', 'percent': 0.1634004215531404}
v_acl_k: [-1.19076484e-02 -1.01324350e-02 -2.66285766e-02 -4.40462154e-02
 -4.40462154e-02 -1.33108601e-02 -1.33108601e-02 -1.33108601e-02
 -1.33108601e-02 -1.33108601e-02 -9.79503691e-05 -8.79796089e-05
 -1.05566564e-07 -6.24707723e-04 -5.92369398e-04 -1.20131753e-03
 -1.20131753e-03 -6.62673058e-04 -6.62673058e-04 -5.66415672e-03
 -1.59399647e-03 -1.99011968e-03 -1.99011968e-03 -1.55357278e-06
 -9.49182051e-06 -1.95261444e-03 -5.76822010e-03 -2.02154676e-03
 -5.79438327e-04 -1.21037868e-04 -1.21037868e-04 -1.18254185e-04
 -8.83259549e-05 -3.44692308e-04 -3.44692308e-04 -1.37716621e-03
 -8.11384697e-03 -7.47757860e-03 -4.89363399e-05 -7.87415347e-05
 -1.48989723e-04 -4.15039023e-03 -9.56539556e-06 -8.21719903e-03
 -3.28630317e-03 -3.28630317e-03 -3.32613117e-03 -3.33608867e-03
 -3.11416883e-03 -3.19382641e-03 -3.17391082e-03 -7.06749151e-03
 -5.16266159e-04 -5.16266159e-04 -1.56120070e-04 -2.19791492e-03
 -2.19791492e-03 -3.97529980e-04 -1.59518524e-03 -9.02013035e-03
 -9.02013035e-03 -9.18623364e-04 -9.18623364e-04 -5.66155090e-06
 -5.93990270e-03 -5.93990270e-03 -6.65971414e-04 -3.95831724e-04
 -5.46494062e-04 -3.95831724e-04 -5.38360394e-03 -5.40351894e-03
 -5.31379581e-03 -5.31379581e-03 -6.60252008e-04 -2.12634011e-05
 -2.12634011e-05 -5.51547442e-03 -5.51547442e-03 -5.51547442e-03
 -4.95634850e-04 -4.25072678e-04 -4.25072678e-04 -4.25072678e-04
 -1.64490804e-04 -1.64490804e-04 -1.36113163e-04 -4.65910155e-03
 -4.65910155e-03 -4.65910155e-03 -3.16824599e-03 -3.16824599e-03
 -3.16824599e-03 -3.16824599e-03 -6.61124606e-03 -6.62084712e-03
 -4.37692556e-03 -4.47181522e-03 -1.99121128e-02 -1.29209151e-02
 -1.29209151e-02 -1.27240944e-02 -3.28662796e-03 -3.28662796e-03
 -9.58082112e-03 -9.58082112e-03 -1.29736265e-03 -1.91671053e-03
 -1.45562522e-02 -1.45761660e-02 -1.57590292e-03 -7.56768389e-03
 -1.35600000e-03 -1.35600000e-03 -1.99853629e-03 -5.20228777e-04
 -2.00078032e-05 -1.12621924e-05 -8.80975337e-03 -7.16254082e-03
 -7.09284001e-03 -8.98187850e-03 -3.32830031e-02 -3.35393938e-02
 -1.25048770e-06 -7.43476317e-03 -4.57045996e-06 -1.12177425e-02
 -9.69714795e-07 -4.72707654e-03 -4.72707654e-03 -2.58025452e-02
 -9.93160355e-06 -3.65148708e-03 -3.65148708e-03 -3.70127229e-03
 -3.60776350e-03 -3.60776350e-03 -4.64380736e-03 -4.64380736e-03
 -4.62908081e-03 -6.48743527e-03 -3.54797146e-03 -2.33715865e-02
 -1.77787352e-02 -6.96434029e-04 -6.96434029e-04 -1.08163857e-03
 -1.08163857e-03 -1.04249652e-04 -1.04249652e-04 -2.54901332e-05
 -3.06521065e-04 -3.06521065e-04 -3.06521065e-04 -7.84171009e-05
 -1.55076743e-03 -1.55076743e-03 -5.85800587e-04 -5.85800587e-04
 -5.85800587e-04 -8.09266148e-05 -4.78750305e-03 -4.78750305e-03
 -4.78750305e-03 -4.78750305e-03 -8.40794500e-02 -8.41114743e-02
 -9.03388126e-03 -4.84906962e-02 -6.96480518e-03 -2.30091413e-02
 -1.34449255e-02 -6.21917162e-03 -6.18963429e-03 -1.48935992e-03
 -2.10719454e-02 -2.10719454e-02 -2.99416575e-02 -2.58828026e-05
 -4.64397775e-03 -4.65524674e-03 -2.14822309e-02 -2.14722739e-02
 -2.18515921e-02 -1.33644853e-02 -1.33757527e-02 -1.33757527e-02
 -2.79351988e-02 -3.95274263e-03 -3.95274263e-03 -5.48991039e-03
 -9.66979817e-03 -9.97752193e-03 -2.42327862e-03 -2.40336369e-03
 -2.77452248e-02 -5.13927827e-05 -1.32155909e-04 -2.30823186e-04
 -1.58164097e-04 -6.04333370e-03 -3.18375167e-03 -3.66578082e-03
 -3.66578082e-03 -9.17565630e-03 -2.95850320e-03 -4.48100100e-03
 -4.48100100e-03 -4.48100100e-03 -9.06532049e-03 -8.97439085e-03
 -2.56008709e-03 -3.31500705e-03 -3.31500705e-03 -5.77788069e-07
 -2.01733829e-03 -2.01733829e-03 -2.01733829e-03]
acl_u[acl_delta_k]: [1 1 1 1 1 1 1 1 1 1 1 1 1 1 1 1 1 1 1 1 1 1 1 1 1 1 1 1 1 1 1 1 1 1 1 1 1
 1 1 1 1 1 1 1 1 1 1 1 1 1 1 1 1 1 1 1 1 1 1 1 1 1 1 1 1 1 1 1 1 1 1 1 1 1
 1 1 1 1 1 1 1 1 1 1 1 1 1 1 1 1 1 1 1 1 1 1 1 1 1 1 1 1 1 1 1 1 1 1 1 1 1
 1 1 1 1 1 1 1 1 1 1 1 1 1 1 1 1 1 1 1 1 1 1 1 1 1 1 1 1 1 1 1 1 1 1 1 1 1
 1 1 1 1 1 1 1 1 1 1 1 1 1 1 1 1 1 1 1 1 1 1 1 1 1 1 1 1 1 1 1 1 1 1 1 1 0
 0 1 1 1 1 1 1 1 1 1 1 1 1 1 1 1 1 1 1 1 0 1 1 1 1 1 1 1 1 1 1 1 1 1]
num AC branches with possible violations in ACL contingencies: 0
num AC branches with possible violations in DCL contingencies: 0
num AC branches with possible violations in XFR contingencies: 0
t: 5, time: 0.14565205574035645, memory_info: {'rss bytes': 441556992, 'rss human': '421.1M', 'percent': 0.1634004215531404}
v_acl_k: [-1.19076484e-02 -1.01324350e-02 -2.66285766e-02 -4.40462154e-02
 -4.40462154e-02 -1.33108601e-02 -1.33108601e-02 -1.33108601e-02
 -1.33108601e-02 -1.33108601e-02 -9.79503691e-05 -8.79796089e-05
 -1.05566564e-07 -6.24707723e-04 -5.92369398e-04 -1.20131753e-03
 -1.20131753e-03 -6.62673058e-04 -6.62673058e-04 -5.66415672e-03
 -1.59399647e-03 -1.99011968e-03 -1.99011968e-03 -1.55357278e-06
 -9.49182051e-06 -1.95261444e-03 -5.76822010e-03 -2.02154676e-03
 -5.79438327e-04 -1.21037868e-04 -1.21037868e-04 -1.18254185e-04
 -8.83259549e-05 -3.44692308e-04 -3.44692308e-04 -1.37716621e-03
 -8.11384697e-03 -7.47757860e-03 -4.89363399e-05 -7.87415347e-05
 -1.48989723e-04 -4.15039023e-03 -9.56539556e-06 -8.21719903e-03
 -3.28630317e-03 -3.28630317e-03 -3.32613117e-03 -3.33608867e-03
 -3.11416883e-03 -3.19382641e-03 -3.17391082e-03 -7.06749151e-03
 -5.16266159e-04 -5.16266159e-04 -1.56120070e-04 -2.19791492e-03
 -2.19791492e-03 -3.97529980e-04 -1.59518524e-03 -9.02013035e-03
 -9.02013035e-03 -9.18623364e-04 -9.18623364e-04 -5.66155090e-06
 -5.93990270e-03 -5.93990270e-03 -6.65971414e-04 -3.95831724e-04
 -5.46494062e-04 -3.95831724e-04 -5.38360394e-03 -5.40351894e-03
 -5.31379581e-03 -5.31379581e-03 -6.60252008e-04 -2.12634011e-05
 -2.12634011e-05 -5.51547442e-03 -5.51547442e-03 -5.51547442e-03
 -4.95634850e-04 -4.25072678e-04 -4.25072678e-04 -4.25072678e-04
 -1.64490804e-04 -1.64490804e-04 -1.36113163e-04 -4.65910155e-03
 -4.65910155e-03 -4.65910155e-03 -3.16824599e-03 -3.16824599e-03
 -3.16824599e-03 -3.16824599e-03 -6.61124606e-03 -6.62084712e-03
 -4.37692556e-03 -4.47181522e-03 -1.99121128e-02 -1.29209151e-02
 -1.29209151e-02 -1.27240944e-02 -3.28662796e-03 -3.28662796e-03
 -9.58082112e-03 -9.58082112e-03 -1.29736265e-03 -1.91671053e-03
 -1.45562522e-02 -1.45761660e-02 -1.57590292e-03 -7.56768389e-03
 -1.35600000e-03 -1.35600000e-03 -1.99853629e-03 -5.20228777e-04
 -2.00078032e-05 -1.12621924e-05 -8.80975337e-03 -7.16254082e-03
 -7.09284001e-03 -8.98187850e-03 -3.32830031e-02 -3.35393938e-02
 -1.25048770e-06 -7.43476317e-03 -4.57045996e-06 -1.12177425e-02
 -9.69714795e-07 -4.72707654e-03 -4.72707654e-03 -2.58025452e-02
 -9.93160355e-06 -3.65148708e-03 -3.65148708e-03 -3.70127229e-03
 -3.60776350e-03 -3.60776350e-03 -4.64380736e-03 -4.64380736e-03
 -4.62908081e-03 -6.48743527e-03 -3.54797146e-03 -2.33715865e-02
 -1.77787352e-02 -6.96434029e-04 -6.96434029e-04 -1.08163857e-03
 -1.08163857e-03 -1.04249652e-04 -1.04249652e-04 -2.54901332e-05
 -3.06521065e-04 -3.06521065e-04 -3.06521065e-04 -7.84171009e-05
 -1.55076743e-03 -1.55076743e-03 -5.85800587e-04 -5.85800587e-04
 -5.85800587e-04 -8.09266148e-05 -4.78750305e-03 -4.78750305e-03
 -4.78750305e-03 -4.78750305e-03 -8.40794500e-02 -8.41114743e-02
 -9.03388126e-03 -4.84906962e-02 -6.96480518e-03 -2.30091413e-02
 -1.34449255e-02 -6.21917162e-03 -6.18963429e-03 -1.48935992e-03
 -2.10719454e-02 -2.10719454e-02 -2.99416575e-02 -2.58828026e-05
 -4.64397775e-03 -4.65524674e-03 -2.14822309e-02 -2.14722739e-02
 -2.18515921e-02 -1.33644853e-02 -1.33757527e-02 -1.33757527e-02
 -2.79351988e-02 -3.95274263e-03 -3.95274263e-03 -5.48991039e-03
 -9.66979817e-03 -9.97752193e-03 -2.42327862e-03 -2.40336369e-03
 -2.77452248e-02 -5.13927827e-05 -1.32155909e-04 -2.30823186e-04
 -1.58164097e-04 -6.04333370e-03 -3.18375167e-03 -3.66578082e-03
 -3.66578082e-03 -9.17565630e-03 -2.95850320e-03 -4.48100100e-03
 -4.48100100e-03 -4.48100100e-03 -9.06532049e-03 -8.97439085e-03
 -2.56008709e-03 -3.31500705e-03 -3.31500705e-03 -5.77788069e-07
 -2.01733829e-03 -2.01733829e-03 -2.01733829e-03]
acl_u[acl_delta_k]: [1 1 1 1 1 1 1 1 1 1 1 1 1 1 1 1 1 1 1 1 1 1 1 1 1 1 1 1 1 1 1 1 1 1 1 1 1
 1 1 1 1 1 1 1 1 1 1 1 1 1 1 1 1 1 1 1 1 1 1 1 1 1 1 1 1 1 1 1 1 1 1 1 1 1
 1 1 1 1 1 1 1 1 1 1 1 1 1 1 1 1 1 1 1 1 1 1 1 1 1 1 1 1 1 1 1 1 1 1 1 1 1
 1 1 1 1 1 1 1 1 1 1 1 1 1 1 1 1 1 1 1 1 1 1 1 1 1 1 1 1 1 1 1 1 1 1 1 1 1
 1 1 1 1 1 1 1 1 1 1 1 1 1 1 1 1 1 1 1 1 1 1 1 1 1 1 1 1 1 1 1 1 1 1 1 1 0
 0 1 1 1 1 1 1 1 1 1 1 1 1 1 1 1 1 1 1 1 0 1 1 1 1 1 1 1 1 1 1 1 1 1]
num AC branches with possible violations in ACL contingencies: 0
num AC branches with possible violations in DCL contingencies: 0
num AC branches with possible violations in XFR contingencies: 0
t: 6, time: 0.14671754837036133, memory_info: {'rss bytes': 441556992, 'rss human': '421.1M', 'percent': 0.1634004215531404}
v_acl_k: [-1.19076484e-02 -1.01324350e-02 -2.66285766e-02 -4.40462154e-02
 -4.40462154e-02 -1.33108601e-02 -1.33108601e-02 -1.33108601e-02
 -1.33108601e-02 -1.33108601e-02 -9.79503691e-05 -8.79796089e-05
 -1.05566564e-07 -6.24707723e-04 -5.92369398e-04 -1.20131753e-03
 -1.20131753e-03 -6.62673058e-04 -6.62673058e-04 -5.66415672e-03
 -1.59399647e-03 -1.99011968e-03 -1.99011968e-03 -1.55357278e-06
 -9.49182051e-06 -1.95261444e-03 -5.76822010e-03 -2.02154676e-03
 -5.79438327e-04 -1.21037868e-04 -1.21037868e-04 -1.18254185e-04
 -8.83259549e-05 -3.44692308e-04 -3.44692308e-04 -1.37716621e-03
 -8.11384697e-03 -7.47757860e-03 -4.89363399e-05 -7.87415347e-05
 -1.48989723e-04 -4.15039023e-03 -9.56539556e-06 -8.21719903e-03
 -3.28630317e-03 -3.28630317e-03 -3.32613117e-03 -3.33608867e-03
 -3.11416883e-03 -3.19382641e-03 -3.17391082e-03 -7.06749151e-03
 -5.16266159e-04 -5.16266159e-04 -1.56120070e-04 -2.19791492e-03
 -2.19791492e-03 -3.97529980e-04 -1.59518524e-03 -9.02013035e-03
 -9.02013035e-03 -9.18623364e-04 -9.18623364e-04 -5.66155090e-06
 -5.93990270e-03 -5.93990270e-03 -6.65971414e-04 -3.95831724e-04
 -5.46494062e-04 -3.95831724e-04 -5.38360394e-03 -5.40351894e-03
 -5.31379581e-03 -5.31379581e-03 -6.60252008e-04 -2.12634011e-05
 -2.12634011e-05 -5.51547442e-03 -5.51547442e-03 -5.51547442e-03
 -4.95634850e-04 -4.25072678e-04 -4.25072678e-04 -4.25072678e-04
 -1.64490804e-04 -1.64490804e-04 -1.36113163e-04 -4.65910155e-03
 -4.65910155e-03 -4.65910155e-03 -3.16824599e-03 -3.16824599e-03
 -3.16824599e-03 -3.16824599e-03 -6.61124606e-03 -6.62084712e-03
 -4.37692556e-03 -4.47181522e-03 -1.99121128e-02 -1.29209151e-02
 -1.29209151e-02 -1.27240944e-02 -3.28662796e-03 -3.28662796e-03
 -9.58082112e-03 -9.58082112e-03 -1.29736265e-03 -1.91671053e-03
 -1.45562522e-02 -1.45761660e-02 -1.57590292e-03 -7.56768389e-03
 -1.35600000e-03 -1.35600000e-03 -1.99853629e-03 -5.20228777e-04
 -2.00078032e-05 -1.12621924e-05 -8.80975337e-03 -7.16254082e-03
 -7.09284001e-03 -8.98187850e-03 -3.32830031e-02 -3.35393938e-02
 -1.25048770e-06 -7.43476317e-03 -4.57045996e-06 -1.12177425e-02
 -9.69714795e-07 -4.72707654e-03 -4.72707654e-03 -2.58025452e-02
 -9.93160355e-06 -3.65148708e-03 -3.65148708e-03 -3.70127229e-03
 -3.60776350e-03 -3.60776350e-03 -4.64380736e-03 -4.64380736e-03
 -4.62908081e-03 -6.48743527e-03 -3.54797146e-03 -2.33715865e-02
 -1.77787352e-02 -6.96434029e-04 -6.96434029e-04 -1.08163857e-03
 -1.08163857e-03 -1.04249652e-04 -1.04249652e-04 -2.54901332e-05
 -3.06521065e-04 -3.06521065e-04 -3.06521065e-04 -7.84171009e-05
 -1.55076743e-03 -1.55076743e-03 -5.85800587e-04 -5.85800587e-04
 -5.85800587e-04 -8.09266148e-05 -4.78750305e-03 -4.78750305e-03
 -4.78750305e-03 -4.78750305e-03 -8.40794500e-02 -8.41114743e-02
 -9.03388126e-03 -4.84906962e-02 -6.96480518e-03 -2.30091413e-02
 -1.34449255e-02 -6.21917162e-03 -6.18963429e-03 -1.48935992e-03
 -2.10719454e-02 -2.10719454e-02 -2.99416575e-02 -2.58828026e-05
 -4.64397775e-03 -4.65524674e-03 -2.14822309e-02 -2.14722739e-02
 -2.18515921e-02 -1.33644853e-02 -1.33757527e-02 -1.33757527e-02
 -2.79351988e-02 -3.95274263e-03 -3.95274263e-03 -5.48991039e-03
 -9.66979817e-03 -9.97752193e-03 -2.42327862e-03 -2.40336369e-03
 -2.77452248e-02 -5.13927827e-05 -1.32155909e-04 -2.30823186e-04
 -1.58164097e-04 -6.04333370e-03 -3.18375167e-03 -3.66578082e-03
 -3.66578082e-03 -9.17565630e-03 -2.95850320e-03 -4.48100100e-03
 -4.48100100e-03 -4.48100100e-03 -9.06532049e-03 -8.97439085e-03
 -2.56008709e-03 -3.31500705e-03 -3.31500705e-03 -5.77788069e-07
 -2.01733829e-03 -2.01733829e-03 -2.01733829e-03]
acl_u[acl_delta_k]: [1 1 1 1 1 1 1 1 1 1 1 1 1 1 1 1 1 1 1 1 1 1 1 1 1 1 1 1 1 1 1 1 1 1 1 1 1
 1 1 1 1 1 1 1 1 1 1 1 1 1 1 1 1 1 1 1 1 1 1 1 1 1 1 1 1 1 1 1 1 1 1 1 1 1
 1 1 1 1 1 1 1 1 1 1 1 1 1 1 1 1 1 1 1 1 1 1 1 1 1 1 1 1 1 1 1 1 1 1 1 1 1
 1 1 1 1 1 1 1 1 1 1 1 1 1 1 1 1 1 1 1 1 1 1 1 1 1 1 1 1 1 1 1 1 1 1 1 1 1
 1 1 1 1 1 1 1 1 1 1 1 1 1 1 1 1 1 1 1 1 1 1 1 1 1 1 1 1 1 1 1 1 1 1 1 1 0
 0 1 1 1 1 1 1 1 1 1 1 1 1 1 1 1 1 1 1 1 0 1 1 1 1 1 1 1 1 1 1 1 1 1]
num AC branches with possible violations in ACL contingencies: 0
num AC branches with possible violations in DCL contingencies: 0
num AC branches with possible violations in XFR contingencies: 0
t: 7, time: 0.1488056182861328, memory_info: {'rss bytes': 441556992, 'rss human': '421.1M', 'percent': 0.1634004215531404}
v_acl_k: [-1.19076484e-02 -1.01324350e-02 -2.66285766e-02 -4.40462154e-02
 -4.40462154e-02 -1.33108601e-02 -1.33108601e-02 -1.33108601e-02
 -1.33108601e-02 -1.33108601e-02 -9.79503691e-05 -8.79796089e-05
 -1.05566564e-07 -6.24707723e-04 -5.92369398e-04 -1.20131753e-03
 -1.20131753e-03 -6.62673058e-04 -6.62673058e-04 -5.66415672e-03
 -1.59399647e-03 -1.99011968e-03 -1.99011968e-03 -1.55357278e-06
 -9.49182051e-06 -1.95261444e-03 -5.76822010e-03 -2.02154676e-03
 -5.79438327e-04 -1.21037868e-04 -1.21037868e-04 -1.18254185e-04
 -8.83259549e-05 -3.44692308e-04 -3.44692308e-04 -1.37716621e-03
 -8.11384697e-03 -7.47757860e-03 -4.89363399e-05 -7.87415347e-05
 -1.48989723e-04 -4.15039023e-03 -9.56539556e-06 -8.21719903e-03
 -3.28630317e-03 -3.28630317e-03 -3.32613117e-03 -3.33608867e-03
 -3.11416883e-03 -3.19382641e-03 -3.17391082e-03 -7.06749151e-03
 -5.16266159e-04 -5.16266159e-04 -1.56120070e-04 -2.19791492e-03
 -2.19791492e-03 -3.97529980e-04 -1.59518524e-03 -9.02013035e-03
 -9.02013035e-03 -9.18623364e-04 -9.18623364e-04 -5.66155090e-06
 -5.93990270e-03 -5.93990270e-03 -6.65971414e-04 -3.95831724e-04
 -5.46494062e-04 -3.95831724e-04 -5.38360394e-03 -5.40351894e-03
 -5.31379581e-03 -5.31379581e-03 -6.60252008e-04 -2.12634011e-05
 -2.12634011e-05 -5.51547442e-03 -5.51547442e-03 -5.51547442e-03
 -4.95634850e-04 -4.25072678e-04 -4.25072678e-04 -4.25072678e-04
 -1.64490804e-04 -1.64490804e-04 -1.36113163e-04 -4.65910155e-03
 -4.65910155e-03 -4.65910155e-03 -3.16824599e-03 -3.16824599e-03
 -3.16824599e-03 -3.16824599e-03 -6.61124606e-03 -6.62084712e-03
 -4.37692556e-03 -4.47181522e-03 -1.99121128e-02 -1.29209151e-02
 -1.29209151e-02 -1.27240944e-02 -3.28662796e-03 -3.28662796e-03
 -9.58082112e-03 -9.58082112e-03 -1.29736265e-03 -1.91671053e-03
 -1.45562522e-02 -1.45761660e-02 -1.57590292e-03 -7.56768389e-03
 -1.35600000e-03 -1.35600000e-03 -1.99853629e-03 -5.20228777e-04
 -2.00078032e-05 -1.12621924e-05 -8.80975337e-03 -7.16254082e-03
 -7.09284001e-03 -8.98187850e-03 -3.32830031e-02 -3.35393938e-02
 -1.25048770e-06 -7.43476317e-03 -4.57045996e-06 -1.12177425e-02
 -9.69714795e-07 -4.72707654e-03 -4.72707654e-03 -2.58025452e-02
 -9.93160355e-06 -3.65148708e-03 -3.65148708e-03 -3.70127229e-03
 -3.60776350e-03 -3.60776350e-03 -4.64380736e-03 -4.64380736e-03
 -4.62908081e-03 -6.48743527e-03 -3.54797146e-03 -2.33715865e-02
 -1.77787352e-02 -6.96434029e-04 -6.96434029e-04 -1.08163857e-03
 -1.08163857e-03 -1.04249652e-04 -1.04249652e-04 -2.54901332e-05
 -3.06521065e-04 -3.06521065e-04 -3.06521065e-04 -7.84171009e-05
 -1.55076743e-03 -1.55076743e-03 -5.85800587e-04 -5.85800587e-04
 -5.85800587e-04 -8.09266148e-05 -4.78750305e-03 -4.78750305e-03
 -4.78750305e-03 -4.78750305e-03 -8.40794500e-02 -8.41114743e-02
 -9.03388126e-03 -4.84906962e-02 -6.96480518e-03 -2.30091413e-02
 -1.34449255e-02 -6.21917162e-03 -6.18963429e-03 -1.48935992e-03
 -2.10719454e-02 -2.10719454e-02 -2.99416575e-02 -2.58828026e-05
 -4.64397775e-03 -4.65524674e-03 -2.14822309e-02 -2.14722739e-02
 -2.18515921e-02 -1.33644853e-02 -1.33757527e-02 -1.33757527e-02
 -2.79351988e-02 -3.95274263e-03 -3.95274263e-03 -5.48991039e-03
 -9.66979817e-03 -9.97752193e-03 -2.42327862e-03 -2.40336369e-03
 -2.77452248e-02 -5.13927827e-05 -1.32155909e-04 -2.30823186e-04
 -1.58164097e-04 -6.04333370e-03 -3.18375167e-03 -3.66578082e-03
 -3.66578082e-03 -9.17565630e-03 -2.95850320e-03 -4.48100100e-03
 -4.48100100e-03 -4.48100100e-03 -9.06532049e-03 -8.97439085e-03
 -2.56008709e-03 -3.31500705e-03 -3.31500705e-03 -5.77788069e-07
 -2.01733829e-03 -2.01733829e-03 -2.01733829e-03]
acl_u[acl_delta_k]: [1 1 1 1 1 1 1 1 1 1 1 1 1 1 1 1 1 1 1 1 1 1 1 1 1 1 1 1 1 1 1 1 1 1 1 1 1
 1 1 1 1 1 1 1 1 1 1 1 1 1 1 1 1 1 1 1 1 1 1 1 1 1 1 1 1 1 1 1 1 1 1 1 1 1
 1 1 1 1 1 1 1 1 1 1 1 1 1 1 1 1 1 1 1 1 1 1 1 1 1 1 1 1 1 1 1 1 1 1 1 1 1
 1 1 1 1 1 1 1 1 1 1 1 1 1 1 1 1 1 1 1 1 1 1 1 1 1 1 1 1 1 1 1 1 1 1 1 1 1
 1 1 1 1 1 1 1 1 1 1 1 1 1 1 1 1 1 1 1 1 1 1 1 1 1 1 1 1 1 1 1 1 1 1 1 1 0
 0 1 1 1 1 1 1 1 1 1 1 1 1 1 1 1 1 1 1 1 0 1 1 1 1 1 1 1 1 1 1 1 1 1]
num AC branches with possible violations in ACL contingencies: 0
num AC branches with possible violations in DCL contingencies: 0
num AC branches with possible violations in XFR contingencies: 0
t: 8, time: 0.14966940879821777, memory_info: {'rss bytes': 441556992, 'rss human': '421.1M', 'percent': 0.1634004215531404}
v_acl_k: [-1.19076484e-02 -1.01324350e-02 -2.66285766e-02 -4.40462154e-02
 -4.40462154e-02 -1.33108601e-02 -1.33108601e-02 -1.33108601e-02
 -1.33108601e-02 -1.33108601e-02 -9.79503691e-05 -8.79796089e-05
 -1.05566564e-07 -6.24707723e-04 -5.92369398e-04 -1.20131753e-03
 -1.20131753e-03 -6.62673058e-04 -6.62673058e-04 -5.66415672e-03
 -1.59399647e-03 -1.99011968e-03 -1.99011968e-03 -1.55357278e-06
 -9.49182051e-06 -1.95261444e-03 -5.76822010e-03 -2.02154676e-03
 -5.79438327e-04 -1.21037868e-04 -1.21037868e-04 -1.18254185e-04
 -8.83259549e-05 -3.44692308e-04 -3.44692308e-04 -1.37716621e-03
 -8.11384697e-03 -7.47757860e-03 -4.89363399e-05 -7.87415347e-05
 -1.48989723e-04 -4.15039023e-03 -9.56539556e-06 -8.21719903e-03
 -3.28630317e-03 -3.28630317e-03 -3.32613117e-03 -3.33608867e-03
 -3.11416883e-03 -3.19382641e-03 -3.17391082e-03 -7.06749151e-03
 -5.16266159e-04 -5.16266159e-04 -1.56120070e-04 -2.19791492e-03
 -2.19791492e-03 -3.97529980e-04 -1.59518524e-03 -9.02013035e-03
 -9.02013035e-03 -9.18623364e-04 -9.18623364e-04 -5.66155090e-06
 -5.93990270e-03 -5.93990270e-03 -6.65971414e-04 -3.95831724e-04
 -5.46494062e-04 -3.95831724e-04 -5.38360394e-03 -5.40351894e-03
 -5.31379581e-03 -5.31379581e-03 -6.60252008e-04 -2.12634011e-05
 -2.12634011e-05 -5.51547442e-03 -5.51547442e-03 -5.51547442e-03
 -4.95634850e-04 -4.25072678e-04 -4.25072678e-04 -4.25072678e-04
 -1.64490804e-04 -1.64490804e-04 -1.36113163e-04 -4.65910155e-03
 -4.65910155e-03 -4.65910155e-03 -3.16824599e-03 -3.16824599e-03
 -3.16824599e-03 -3.16824599e-03 -6.61124606e-03 -6.62084712e-03
 -4.37692556e-03 -4.47181522e-03 -1.99121128e-02 -1.29209151e-02
 -1.29209151e-02 -1.27240944e-02 -3.28662796e-03 -3.28662796e-03
 -9.58082112e-03 -9.58082112e-03 -1.29736265e-03 -1.91671053e-03
 -1.45562522e-02 -1.45761660e-02 -1.57590292e-03 -7.56768389e-03
 -1.35600000e-03 -1.35600000e-03 -1.99853629e-03 -5.20228777e-04
 -2.00078032e-05 -1.12621924e-05 -8.80975337e-03 -7.16254082e-03
 -7.09284001e-03 -8.98187850e-03 -3.32830031e-02 -3.35393938e-02
 -1.25048770e-06 -7.43476317e-03 -4.57045996e-06 -1.12177425e-02
 -9.69714795e-07 -4.72707654e-03 -4.72707654e-03 -2.58025452e-02
 -9.93160355e-06 -3.65148708e-03 -3.65148708e-03 -3.70127229e-03
 -3.60776350e-03 -3.60776350e-03 -4.64380736e-03 -4.64380736e-03
 -4.62908081e-03 -6.48743527e-03 -3.54797146e-03 -2.33715865e-02
 -1.77787352e-02 -6.96434029e-04 -6.96434029e-04 -1.08163857e-03
 -1.08163857e-03 -1.04249652e-04 -1.04249652e-04 -2.54901332e-05
 -3.06521065e-04 -3.06521065e-04 -3.06521065e-04 -7.84171009e-05
 -1.55076743e-03 -1.55076743e-03 -5.85800587e-04 -5.85800587e-04
 -5.85800587e-04 -8.09266148e-05 -4.78750305e-03 -4.78750305e-03
 -4.78750305e-03 -4.78750305e-03 -8.40794500e-02 -8.41114743e-02
 -9.03388126e-03 -4.84906962e-02 -6.96480518e-03 -2.30091413e-02
 -1.34449255e-02 -6.21917162e-03 -6.18963429e-03 -1.48935992e-03
 -2.10719454e-02 -2.10719454e-02 -2.99416575e-02 -2.58828026e-05
 -4.64397775e-03 -4.65524674e-03 -2.14822309e-02 -2.14722739e-02
 -2.18515921e-02 -1.33644853e-02 -1.33757527e-02 -1.33757527e-02
 -2.79351988e-02 -3.95274263e-03 -3.95274263e-03 -5.48991039e-03
 -9.66979817e-03 -9.97752193e-03 -2.42327862e-03 -2.40336369e-03
 -2.77452248e-02 -5.13927827e-05 -1.32155909e-04 -2.30823186e-04
 -1.58164097e-04 -6.04333370e-03 -3.18375167e-03 -3.66578082e-03
 -3.66578082e-03 -9.17565630e-03 -2.95850320e-03 -4.48100100e-03
 -4.48100100e-03 -4.48100100e-03 -9.06532049e-03 -8.97439085e-03
 -2.56008709e-03 -3.31500705e-03 -3.31500705e-03 -5.77788069e-07
 -2.01733829e-03 -2.01733829e-03 -2.01733829e-03]
acl_u[acl_delta_k]: [1 1 1 1 1 1 1 1 1 1 1 1 1 1 1 1 1 1 1 1 1 1 1 1 1 1 1 1 1 1 1 1 1 1 1 1 1
 1 1 1 1 1 1 1 1 1 1 1 1 1 1 1 1 1 1 1 1 1 1 1 1 1 1 1 1 1 1 1 1 1 1 1 1 1
 1 1 1 1 1 1 1 1 1 1 1 1 1 1 1 1 1 1 1 1 1 1 1 1 1 1 1 1 1 1 1 1 1 1 1 1 1
 1 1 1 1 1 1 1 1 1 1 1 1 1 1 1 1 1 1 1 1 1 1 1 1 1 1 1 1 1 1 1 1 1 1 1 1 1
 1 1 1 1 1 1 1 1 1 1 1 1 1 1 1 1 1 1 1 1 1 1 1 1 1 1 1 1 1 1 1 1 1 1 1 1 0
 0 1 1 1 1 1 1 1 1 1 1 1 1 1 1 1 1 1 1 1 0 1 1 1 1 1 1 1 1 1 1 1 1 1]
num AC branches with possible violations in ACL contingencies: 0
num AC branches with possible violations in DCL contingencies: 0
num AC branches with possible violations in XFR contingencies: 0
t: 9, time: 0.14763879776000977, memory_info: {'rss bytes': 441556992, 'rss human': '421.1M', 'percent': 0.1634004215531404}
v_acl_k: [-1.19076484e-02 -1.01324350e-02 -2.66285766e-02 -4.40462154e-02
 -4.40462154e-02 -1.33108601e-02 -1.33108601e-02 -1.33108601e-02
 -1.33108601e-02 -1.33108601e-02 -9.79503691e-05 -8.79796089e-05
 -1.05566564e-07 -6.24707723e-04 -5.92369398e-04 -1.20131753e-03
 -1.20131753e-03 -6.62673058e-04 -6.62673058e-04 -5.66415672e-03
 -1.59399647e-03 -1.99011968e-03 -1.99011968e-03 -1.55357278e-06
 -9.49182051e-06 -1.95261444e-03 -5.76822010e-03 -2.02154676e-03
 -5.79438327e-04 -1.21037868e-04 -1.21037868e-04 -1.18254185e-04
 -8.83259549e-05 -3.44692308e-04 -3.44692308e-04 -1.37716621e-03
 -8.11384697e-03 -7.47757860e-03 -4.89363399e-05 -7.87415347e-05
 -1.48989723e-04 -4.15039023e-03 -9.56539556e-06 -8.21719903e-03
 -3.28630317e-03 -3.28630317e-03 -3.32613117e-03 -3.33608867e-03
 -3.11416883e-03 -3.19382641e-03 -3.17391082e-03 -7.06749151e-03
 -5.16266159e-04 -5.16266159e-04 -1.56120070e-04 -2.19791492e-03
 -2.19791492e-03 -3.97529980e-04 -1.59518524e-03 -9.02013035e-03
 -9.02013035e-03 -9.18623364e-04 -9.18623364e-04 -5.66155090e-06
 -5.93990270e-03 -5.93990270e-03 -6.65971414e-04 -3.95831724e-04
 -5.46494062e-04 -3.95831724e-04 -5.38360394e-03 -5.40351894e-03
 -5.31379581e-03 -5.31379581e-03 -6.60252008e-04 -2.12634011e-05
 -2.12634011e-05 -5.51547442e-03 -5.51547442e-03 -5.51547442e-03
 -4.95634850e-04 -4.25072678e-04 -4.25072678e-04 -4.25072678e-04
 -1.64490804e-04 -1.64490804e-04 -1.36113163e-04 -4.65910155e-03
 -4.65910155e-03 -4.65910155e-03 -3.16824599e-03 -3.16824599e-03
 -3.16824599e-03 -3.16824599e-03 -6.61124606e-03 -6.62084712e-03
 -4.37692556e-03 -4.47181522e-03 -1.99121128e-02 -1.29209151e-02
 -1.29209151e-02 -1.27240944e-02 -3.28662796e-03 -3.28662796e-03
 -9.58082112e-03 -9.58082112e-03 -1.29736265e-03 -1.91671053e-03
 -1.45562522e-02 -1.45761660e-02 -1.57590292e-03 -7.56768389e-03
 -1.35600000e-03 -1.35600000e-03 -1.99853629e-03 -5.20228777e-04
 -2.00078032e-05 -1.12621924e-05 -8.80975337e-03 -7.16254082e-03
 -7.09284001e-03 -8.98187850e-03 -3.32830031e-02 -3.35393938e-02
 -1.25048770e-06 -7.43476317e-03 -4.57045996e-06 -1.12177425e-02
 -9.69714795e-07 -4.72707654e-03 -4.72707654e-03 -2.58025452e-02
 -9.93160355e-06 -3.65148708e-03 -3.65148708e-03 -3.70127229e-03
 -3.60776350e-03 -3.60776350e-03 -4.64380736e-03 -4.64380736e-03
 -4.62908081e-03 -6.48743527e-03 -3.54797146e-03 -2.33715865e-02
 -1.77787352e-02 -6.96434029e-04 -6.96434029e-04 -1.08163857e-03
 -1.08163857e-03 -1.04249652e-04 -1.04249652e-04 -2.54901332e-05
 -3.06521065e-04 -3.06521065e-04 -3.06521065e-04 -7.84171009e-05
 -1.55076743e-03 -1.55076743e-03 -5.85800587e-04 -5.85800587e-04
 -5.85800587e-04 -8.09266148e-05 -4.78750305e-03 -4.78750305e-03
 -4.78750305e-03 -4.78750305e-03 -8.40794500e-02 -8.41114743e-02
 -9.03388126e-03 -4.84906962e-02 -6.96480518e-03 -2.30091413e-02
 -1.34449255e-02 -6.21917162e-03 -6.18963429e-03 -1.48935992e-03
 -2.10719454e-02 -2.10719454e-02 -2.99416575e-02 -2.58828026e-05
 -4.64397775e-03 -4.65524674e-03 -2.14822309e-02 -2.14722739e-02
 -2.18515921e-02 -1.33644853e-02 -1.33757527e-02 -1.33757527e-02
 -2.79351988e-02 -3.95274263e-03 -3.95274263e-03 -5.48991039e-03
 -9.66979817e-03 -9.97752193e-03 -2.42327862e-03 -2.40336369e-03
 -2.77452248e-02 -5.13927827e-05 -1.32155909e-04 -2.30823186e-04
 -1.58164097e-04 -6.04333370e-03 -3.18375167e-03 -3.66578082e-03
 -3.66578082e-03 -9.17565630e-03 -2.95850320e-03 -4.48100100e-03
 -4.48100100e-03 -4.48100100e-03 -9.06532049e-03 -8.97439085e-03
 -2.56008709e-03 -3.31500705e-03 -3.31500705e-03 -5.77788069e-07
 -2.01733829e-03 -2.01733829e-03 -2.01733829e-03]
acl_u[acl_delta_k]: [1 1 1 1 1 1 1 1 1 1 1 1 1 1 1 1 1 1 1 1 1 1 1 1 1 1 1 1 1 1 1 1 1 1 1 1 1
 1 1 1 1 1 1 1 1 1 1 1 1 1 1 1 1 1 1 1 1 1 1 1 1 1 1 1 1 1 1 1 1 1 1 1 1 1
 1 1 1 1 1 1 1 1 1 1 1 1 1 1 1 1 1 1 1 1 1 1 1 1 1 1 1 1 1 1 1 1 1 1 1 1 1
 1 1 1 1 1 1 1 1 1 1 1 1 1 1 1 1 1 1 1 1 1 1 1 1 1 1 1 1 1 1 1 1 1 1 1 1 1
 1 1 1 1 1 1 1 1 1 1 1 1 1 1 1 1 1 1 1 1 1 1 1 1 1 1 1 1 1 1 1 1 1 1 1 1 0
 0 1 1 1 1 1 1 1 1 1 1 1 1 1 1 1 1 1 1 1 0 1 1 1 1 1 1 1 1 1 1 1 1 1]
num AC branches with possible violations in ACL contingencies: 0
num AC branches with possible violations in DCL contingencies: 0
num AC branches with possible violations in XFR contingencies: 0
t: 10, time: 0.14572405815124512, memory_info: {'rss bytes': 441556992, 'rss human': '421.1M', 'percent': 0.1634004215531404}
v_acl_k: [-1.19076484e-02 -1.01324350e-02 -2.66285766e-02 -4.40462154e-02
 -4.40462154e-02 -1.33108601e-02 -1.33108601e-02 -1.33108601e-02
 -1.33108601e-02 -1.33108601e-02 -9.79503691e-05 -8.79796089e-05
 -1.05566564e-07 -6.24707723e-04 -5.92369398e-04 -1.20131753e-03
 -1.20131753e-03 -6.62673058e-04 -6.62673058e-04 -5.66415672e-03
 -1.59399647e-03 -1.99011968e-03 -1.99011968e-03 -1.55357278e-06
 -9.49182051e-06 -1.95261444e-03 -5.76822010e-03 -2.02154676e-03
 -5.79438327e-04 -1.21037868e-04 -1.21037868e-04 -1.18254185e-04
 -8.83259549e-05 -3.44692308e-04 -3.44692308e-04 -1.37716621e-03
 -8.11384697e-03 -7.47757860e-03 -4.89363399e-05 -7.87415347e-05
 -1.48989723e-04 -4.15039023e-03 -9.56539556e-06 -8.21719903e-03
 -3.28630317e-03 -3.28630317e-03 -3.32613117e-03 -3.33608867e-03
 -3.11416883e-03 -3.19382641e-03 -3.17391082e-03 -7.06749151e-03
 -5.16266159e-04 -5.16266159e-04 -1.56120070e-04 -2.19791492e-03
 -2.19791492e-03 -3.97529980e-04 -1.59518524e-03 -9.02013035e-03
 -9.02013035e-03 -9.18623364e-04 -9.18623364e-04 -5.66155090e-06
 -5.93990270e-03 -5.93990270e-03 -6.65971414e-04 -3.95831724e-04
 -5.46494062e-04 -3.95831724e-04 -5.38360394e-03 -5.40351894e-03
 -5.31379581e-03 -5.31379581e-03 -6.60252008e-04 -2.12634011e-05
 -2.12634011e-05 -5.51547442e-03 -5.51547442e-03 -5.51547442e-03
 -4.95634850e-04 -4.25072678e-04 -4.25072678e-04 -4.25072678e-04
 -1.64490804e-04 -1.64490804e-04 -1.36113163e-04 -4.65910155e-03
 -4.65910155e-03 -4.65910155e-03 -3.16824599e-03 -3.16824599e-03
 -3.16824599e-03 -3.16824599e-03 -6.61124606e-03 -6.62084712e-03
 -4.37692556e-03 -4.47181522e-03 -1.99121128e-02 -1.29209151e-02
 -1.29209151e-02 -1.27240944e-02 -3.28662796e-03 -3.28662796e-03
 -9.58082112e-03 -9.58082112e-03 -1.29736265e-03 -1.91671053e-03
 -1.45562522e-02 -1.45761660e-02 -1.57590292e-03 -7.56768389e-03
 -1.35600000e-03 -1.35600000e-03 -1.99853629e-03 -5.20228777e-04
 -2.00078032e-05 -1.12621924e-05 -8.80975337e-03 -7.16254082e-03
 -7.09284001e-03 -8.98187850e-03 -3.32830031e-02 -3.35393938e-02
 -1.25048770e-06 -7.43476317e-03 -4.57045996e-06 -1.12177425e-02
 -9.69714795e-07 -4.72707654e-03 -4.72707654e-03 -2.58025452e-02
 -9.93160355e-06 -3.65148708e-03 -3.65148708e-03 -3.70127229e-03
 -3.60776350e-03 -3.60776350e-03 -4.64380736e-03 -4.64380736e-03
 -4.62908081e-03 -6.48743527e-03 -3.54797146e-03 -2.33715865e-02
 -1.77787352e-02 -6.96434029e-04 -6.96434029e-04 -1.08163857e-03
 -1.08163857e-03 -1.04249652e-04 -1.04249652e-04 -2.54901332e-05
 -3.06521065e-04 -3.06521065e-04 -3.06521065e-04 -7.84171009e-05
 -1.55076743e-03 -1.55076743e-03 -5.85800587e-04 -5.85800587e-04
 -5.85800587e-04 -8.09266148e-05 -4.78750305e-03 -4.78750305e-03
 -4.78750305e-03 -4.78750305e-03 -8.40794500e-02 -8.41114743e-02
 -9.03388126e-03 -4.84906962e-02 -6.96480518e-03 -2.30091413e-02
 -1.34449255e-02 -6.21917162e-03 -6.18963429e-03 -1.48935992e-03
 -2.10719454e-02 -2.10719454e-02 -2.99416575e-02 -2.58828026e-05
 -4.64397775e-03 -4.65524674e-03 -2.14822309e-02 -2.14722739e-02
 -2.18515921e-02 -1.33644853e-02 -1.33757527e-02 -1.33757527e-02
 -2.79351988e-02 -3.95274263e-03 -3.95274263e-03 -5.48991039e-03
 -9.66979817e-03 -9.97752193e-03 -2.42327862e-03 -2.40336369e-03
 -2.77452248e-02 -5.13927827e-05 -1.32155909e-04 -2.30823186e-04
 -1.58164097e-04 -6.04333370e-03 -3.18375167e-03 -3.66578082e-03
 -3.66578082e-03 -9.17565630e-03 -2.95850320e-03 -4.48100100e-03
 -4.48100100e-03 -4.48100100e-03 -9.06532049e-03 -8.97439085e-03
 -2.56008709e-03 -3.31500705e-03 -3.31500705e-03 -5.77788069e-07
 -2.01733829e-03 -2.01733829e-03 -2.01733829e-03]
acl_u[acl_delta_k]: [1 1 1 1 1 1 1 1 1 1 1 1 1 1 1 1 1 1 1 1 1 1 1 1 1 1 1 1 1 1 1 1 1 1 1 1 1
 1 1 1 1 1 1 1 1 1 1 1 1 1 1 1 1 1 1 1 1 1 1 1 1 1 1 1 1 1 1 1 1 1 1 1 1 1
 1 1 1 1 1 1 1 1 1 1 1 1 1 1 1 1 1 1 1 1 1 1 1 1 1 1 1 1 1 1 1 1 1 1 1 1 1
 1 1 1 1 1 1 1 1 1 1 1 1 1 1 1 1 1 1 1 1 1 1 1 1 1 1 1 1 1 1 1 1 1 1 1 1 1
 1 1 1 1 1 1 1 1 1 1 1 1 1 1 1 1 1 1 1 1 1 1 1 1 1 1 1 1 1 1 1 1 1 1 1 1 0
 0 1 1 1 1 1 1 1 1 1 1 1 1 1 1 1 1 1 1 1 0 1 1 1 1 1 1 1 1 1 1 1 1 1]
num AC branches with possible violations in ACL contingencies: 0
num AC branches with possible violations in DCL contingencies: 0
num AC branches with possible violations in XFR contingencies: 0
t: 11, time: 0.14677000045776367, memory_info: {'rss bytes': 441556992, 'rss human': '421.1M', 'percent': 0.1634004215531404}
v_acl_k: [-1.19076484e-02 -1.01324350e-02 -2.66285766e-02 -4.40462154e-02
 -4.40462154e-02 -1.33108601e-02 -1.33108601e-02 -1.33108601e-02
 -1.33108601e-02 -1.33108601e-02 -9.79503691e-05 -8.79796089e-05
 -1.05566564e-07 -6.24707723e-04 -5.92369398e-04 -1.20131753e-03
 -1.20131753e-03 -6.62673058e-04 -6.62673058e-04 -5.66415672e-03
 -1.59399647e-03 -1.99011968e-03 -1.99011968e-03 -1.55357278e-06
 -9.49182051e-06 -1.95261444e-03 -5.76822010e-03 -2.02154676e-03
 -5.79438327e-04 -1.21037868e-04 -1.21037868e-04 -1.18254185e-04
 -8.83259549e-05 -3.44692308e-04 -3.44692308e-04 -1.37716621e-03
 -8.11384697e-03 -7.47757860e-03 -4.89363399e-05 -7.87415347e-05
 -1.48989723e-04 -4.15039023e-03 -9.56539556e-06 -8.21719903e-03
 -3.28630317e-03 -3.28630317e-03 -3.32613117e-03 -3.33608867e-03
 -3.11416883e-03 -3.19382641e-03 -3.17391082e-03 -7.06749151e-03
 -5.16266159e-04 -5.16266159e-04 -1.56120070e-04 -2.19791492e-03
 -2.19791492e-03 -3.97529980e-04 -1.59518524e-03 -9.02013035e-03
 -9.02013035e-03 -9.18623364e-04 -9.18623364e-04 -5.66155090e-06
 -5.93990270e-03 -5.93990270e-03 -6.65971414e-04 -3.95831724e-04
 -5.46494062e-04 -3.95831724e-04 -5.38360394e-03 -5.40351894e-03
 -5.31379581e-03 -5.31379581e-03 -6.60252008e-04 -2.12634011e-05
 -2.12634011e-05 -5.51547442e-03 -5.51547442e-03 -5.51547442e-03
 -4.95634850e-04 -4.25072678e-04 -4.25072678e-04 -4.25072678e-04
 -1.64490804e-04 -1.64490804e-04 -1.36113163e-04 -4.65910155e-03
 -4.65910155e-03 -4.65910155e-03 -3.16824599e-03 -3.16824599e-03
 -3.16824599e-03 -3.16824599e-03 -6.61124606e-03 -6.62084712e-03
 -4.37692556e-03 -4.47181522e-03 -1.99121128e-02 -1.29209151e-02
 -1.29209151e-02 -1.27240944e-02 -3.28662796e-03 -3.28662796e-03
 -9.58082112e-03 -9.58082112e-03 -1.29736265e-03 -1.91671053e-03
 -1.45562522e-02 -1.45761660e-02 -1.57590292e-03 -7.56768389e-03
 -1.35600000e-03 -1.35600000e-03 -1.99853629e-03 -5.20228777e-04
 -2.00078032e-05 -1.12621924e-05 -8.80975337e-03 -7.16254082e-03
 -7.09284001e-03 -8.98187850e-03 -3.32830031e-02 -3.35393938e-02
 -1.25048770e-06 -7.43476317e-03 -4.57045996e-06 -1.12177425e-02
 -9.69714795e-07 -4.72707654e-03 -4.72707654e-03 -2.58025452e-02
 -9.93160355e-06 -3.65148708e-03 -3.65148708e-03 -3.70127229e-03
 -3.60776350e-03 -3.60776350e-03 -4.64380736e-03 -4.64380736e-03
 -4.62908081e-03 -6.48743527e-03 -3.54797146e-03 -2.33715865e-02
 -1.77787352e-02 -6.96434029e-04 -6.96434029e-04 -1.08163857e-03
 -1.08163857e-03 -1.04249652e-04 -1.04249652e-04 -2.54901332e-05
 -3.06521065e-04 -3.06521065e-04 -3.06521065e-04 -7.84171009e-05
 -1.55076743e-03 -1.55076743e-03 -5.85800587e-04 -5.85800587e-04
 -5.85800587e-04 -8.09266148e-05 -4.78750305e-03 -4.78750305e-03
 -4.78750305e-03 -4.78750305e-03 -8.40794500e-02 -8.41114743e-02
 -9.03388126e-03 -4.84906962e-02 -6.96480518e-03 -2.30091413e-02
 -1.34449255e-02 -6.21917162e-03 -6.18963429e-03 -1.48935992e-03
 -2.10719454e-02 -2.10719454e-02 -2.99416575e-02 -2.58828026e-05
 -4.64397775e-03 -4.65524674e-03 -2.14822309e-02 -2.14722739e-02
 -2.18515921e-02 -1.33644853e-02 -1.33757527e-02 -1.33757527e-02
 -2.79351988e-02 -3.95274263e-03 -3.95274263e-03 -5.48991039e-03
 -9.66979817e-03 -9.97752193e-03 -2.42327862e-03 -2.40336369e-03
 -2.77452248e-02 -5.13927827e-05 -1.32155909e-04 -2.30823186e-04
 -1.58164097e-04 -6.04333370e-03 -3.18375167e-03 -3.66578082e-03
 -3.66578082e-03 -9.17565630e-03 -2.95850320e-03 -4.48100100e-03
 -4.48100100e-03 -4.48100100e-03 -9.06532049e-03 -8.97439085e-03
 -2.56008709e-03 -3.31500705e-03 -3.31500705e-03 -5.77788069e-07
 -2.01733829e-03 -2.01733829e-03 -2.01733829e-03]
acl_u[acl_delta_k]: [1 1 1 1 1 1 1 1 1 1 1 1 1 1 1 1 1 1 1 1 1 1 1 1 1 1 1 1 1 1 1 1 1 1 1 1 1
 1 1 1 1 1 1 1 1 1 1 1 1 1 1 1 1 1 1 1 1 1 1 1 1 1 1 1 1 1 1 1 1 1 1 1 1 1
 1 1 1 1 1 1 1 1 1 1 1 1 1 1 1 1 1 1 1 1 1 1 1 1 1 1 1 1 1 1 1 1 1 1 1 1 1
 1 1 1 1 1 1 1 1 1 1 1 1 1 1 1 1 1 1 1 1 1 1 1 1 1 1 1 1 1 1 1 1 1 1 1 1 1
 1 1 1 1 1 1 1 1 1 1 1 1 1 1 1 1 1 1 1 1 1 1 1 1 1 1 1 1 1 1 1 1 1 1 1 1 0
 0 1 1 1 1 1 1 1 1 1 1 1 1 1 1 1 1 1 1 1 0 1 1 1 1 1 1 1 1 1 1 1 1 1]
num AC branches with possible violations in ACL contingencies: 0
num AC branches with possible violations in DCL contingencies: 0
num AC branches with possible violations in XFR contingencies: 0
t: 12, time: 0.1457045078277588, memory_info: {'rss bytes': 441556992, 'rss human': '421.1M', 'percent': 0.1634004215531404}
v_acl_k: [-1.19076484e-02 -1.01324350e-02 -2.66285766e-02 -4.40462154e-02
 -4.40462154e-02 -1.33108601e-02 -1.33108601e-02 -1.33108601e-02
 -1.33108601e-02 -1.33108601e-02 -9.79503691e-05 -8.79796089e-05
 -1.05566564e-07 -6.24707723e-04 -5.92369398e-04 -1.20131753e-03
 -1.20131753e-03 -6.62673058e-04 -6.62673058e-04 -5.66415672e-03
 -1.59399647e-03 -1.99011968e-03 -1.99011968e-03 -1.55357278e-06
 -9.49182051e-06 -1.95261444e-03 -5.76822010e-03 -2.02154676e-03
 -5.79438327e-04 -1.21037868e-04 -1.21037868e-04 -1.18254185e-04
 -8.83259549e-05 -3.44692308e-04 -3.44692308e-04 -1.37716621e-03
 -8.11384697e-03 -7.47757860e-03 -4.89363399e-05 -7.87415347e-05
 -1.48989723e-04 -4.15039023e-03 -9.56539556e-06 -8.21719903e-03
 -3.28630317e-03 -3.28630317e-03 -3.32613117e-03 -3.33608867e-03
 -3.11416883e-03 -3.19382641e-03 -3.17391082e-03 -7.06749151e-03
 -5.16266159e-04 -5.16266159e-04 -1.56120070e-04 -2.19791492e-03
 -2.19791492e-03 -3.97529980e-04 -1.59518524e-03 -9.02013035e-03
 -9.02013035e-03 -9.18623364e-04 -9.18623364e-04 -5.66155090e-06
 -5.93990270e-03 -5.93990270e-03 -6.65971414e-04 -3.95831724e-04
 -5.46494062e-04 -3.95831724e-04 -5.38360394e-03 -5.40351894e-03
 -5.31379581e-03 -5.31379581e-03 -6.60252008e-04 -2.12634011e-05
 -2.12634011e-05 -5.51547442e-03 -5.51547442e-03 -5.51547442e-03
 -4.95634850e-04 -4.25072678e-04 -4.25072678e-04 -4.25072678e-04
 -1.64490804e-04 -1.64490804e-04 -1.36113163e-04 -4.65910155e-03
 -4.65910155e-03 -4.65910155e-03 -3.16824599e-03 -3.16824599e-03
 -3.16824599e-03 -3.16824599e-03 -6.61124606e-03 -6.62084712e-03
 -4.37692556e-03 -4.47181522e-03 -1.99121128e-02 -1.29209151e-02
 -1.29209151e-02 -1.27240944e-02 -3.28662796e-03 -3.28662796e-03
 -9.58082112e-03 -9.58082112e-03 -1.29736265e-03 -1.91671053e-03
 -1.45562522e-02 -1.45761660e-02 -1.57590292e-03 -7.56768389e-03
 -1.35600000e-03 -1.35600000e-03 -1.99853629e-03 -5.20228777e-04
 -2.00078032e-05 -1.12621924e-05 -8.80975337e-03 -7.16254082e-03
 -7.09284001e-03 -8.98187850e-03 -3.32830031e-02 -3.35393938e-02
 -1.25048770e-06 -7.43476317e-03 -4.57045996e-06 -1.12177425e-02
 -9.69714795e-07 -4.72707654e-03 -4.72707654e-03 -2.58025452e-02
 -9.93160355e-06 -3.65148708e-03 -3.65148708e-03 -3.70127229e-03
 -3.60776350e-03 -3.60776350e-03 -4.64380736e-03 -4.64380736e-03
 -4.62908081e-03 -6.48743527e-03 -3.54797146e-03 -2.33715865e-02
 -1.77787352e-02 -6.96434029e-04 -6.96434029e-04 -1.08163857e-03
 -1.08163857e-03 -1.04249652e-04 -1.04249652e-04 -2.54901332e-05
 -3.06521065e-04 -3.06521065e-04 -3.06521065e-04 -7.84171009e-05
 -1.55076743e-03 -1.55076743e-03 -5.85800587e-04 -5.85800587e-04
 -5.85800587e-04 -8.09266148e-05 -4.78750305e-03 -4.78750305e-03
 -4.78750305e-03 -4.78750305e-03 -8.40794500e-02 -8.41114743e-02
 -9.03388126e-03 -4.84906962e-02 -6.96480518e-03 -2.30091413e-02
 -1.34449255e-02 -6.21917162e-03 -6.18963429e-03 -1.48935992e-03
 -2.10719454e-02 -2.10719454e-02 -2.99416575e-02 -2.58828026e-05
 -4.64397775e-03 -4.65524674e-03 -2.14822309e-02 -2.14722739e-02
 -2.18515921e-02 -1.33644853e-02 -1.33757527e-02 -1.33757527e-02
 -2.79351988e-02 -3.95274263e-03 -3.95274263e-03 -5.48991039e-03
 -9.66979817e-03 -9.97752193e-03 -2.42327862e-03 -2.40336369e-03
 -2.77452248e-02 -5.13927827e-05 -1.32155909e-04 -2.30823186e-04
 -1.58164097e-04 -6.04333370e-03 -3.18375167e-03 -3.66578082e-03
 -3.66578082e-03 -9.17565630e-03 -2.95850320e-03 -4.48100100e-03
 -4.48100100e-03 -4.48100100e-03 -9.06532049e-03 -8.97439085e-03
 -2.56008709e-03 -3.31500705e-03 -3.31500705e-03 -5.77788069e-07
 -2.01733829e-03 -2.01733829e-03 -2.01733829e-03]
acl_u[acl_delta_k]: [1 1 1 1 1 1 1 1 1 1 1 1 1 1 1 1 1 1 1 1 1 1 1 1 1 1 1 1 1 1 1 1 1 1 1 1 1
 1 1 1 1 1 1 1 1 1 1 1 1 1 1 1 1 1 1 1 1 1 1 1 1 1 1 1 1 1 1 1 1 1 1 1 1 1
 1 1 1 1 1 1 1 1 1 1 1 1 1 1 1 1 1 1 1 1 1 1 1 1 1 1 1 1 1 1 1 1 1 1 1 1 1
 1 1 1 1 1 1 1 1 1 1 1 1 1 1 1 1 1 1 1 1 1 1 1 1 1 1 1 1 1 1 1 1 1 1 1 1 1
 1 1 1 1 1 1 1 1 1 1 1 1 1 1 1 1 1 1 1 1 1 1 1 1 1 1 1 1 1 1 1 1 1 1 1 1 0
 0 1 1 1 1 1 1 1 1 1 1 1 1 1 1 1 1 1 1 1 0 1 1 1 1 1 1 1 1 1 1 1 1 1]
num AC branches with possible violations in ACL contingencies: 0
num AC branches with possible violations in DCL contingencies: 0
num AC branches with possible violations in XFR contingencies: 0
t: 13, time: 0.14760684967041016, memory_info: {'rss bytes': 441556992, 'rss human': '421.1M', 'percent': 0.1634004215531404}
v_acl_k: [-1.19076484e-02 -1.01324350e-02 -2.66285766e-02 -4.40462154e-02
 -4.40462154e-02 -1.33108601e-02 -1.33108601e-02 -1.33108601e-02
 -1.33108601e-02 -1.33108601e-02 -9.79503691e-05 -8.79796089e-05
 -1.05566564e-07 -6.24707723e-04 -5.92369398e-04 -1.20131753e-03
 -1.20131753e-03 -6.62673058e-04 -6.62673058e-04 -5.66415672e-03
 -1.59399647e-03 -1.99011968e-03 -1.99011968e-03 -1.55357278e-06
 -9.49182051e-06 -1.95261444e-03 -5.76822010e-03 -2.02154676e-03
 -5.79438327e-04 -1.21037868e-04 -1.21037868e-04 -1.18254185e-04
 -8.83259549e-05 -3.44692308e-04 -3.44692308e-04 -1.37716621e-03
 -8.11384697e-03 -7.47757860e-03 -4.89363399e-05 -7.87415347e-05
 -1.48989723e-04 -4.15039023e-03 -9.56539556e-06 -8.21719903e-03
 -3.28630317e-03 -3.28630317e-03 -3.32613117e-03 -3.33608867e-03
 -3.11416883e-03 -3.19382641e-03 -3.17391082e-03 -7.06749151e-03
 -5.16266159e-04 -5.16266159e-04 -1.56120070e-04 -2.19791492e-03
 -2.19791492e-03 -3.97529980e-04 -1.59518524e-03 -9.02013035e-03
 -9.02013035e-03 -9.18623364e-04 -9.18623364e-04 -5.66155090e-06
 -5.93990270e-03 -5.93990270e-03 -6.65971414e-04 -3.95831724e-04
 -5.46494062e-04 -3.95831724e-04 -5.38360394e-03 -5.40351894e-03
 -5.31379581e-03 -5.31379581e-03 -6.60252008e-04 -2.12634011e-05
 -2.12634011e-05 -5.51547442e-03 -5.51547442e-03 -5.51547442e-03
 -4.95634850e-04 -4.25072678e-04 -4.25072678e-04 -4.25072678e-04
 -1.64490804e-04 -1.64490804e-04 -1.36113163e-04 -4.65910155e-03
 -4.65910155e-03 -4.65910155e-03 -3.16824599e-03 -3.16824599e-03
 -3.16824599e-03 -3.16824599e-03 -6.61124606e-03 -6.62084712e-03
 -4.37692556e-03 -4.47181522e-03 -1.99121128e-02 -1.29209151e-02
 -1.29209151e-02 -1.27240944e-02 -3.28662796e-03 -3.28662796e-03
 -9.58082112e-03 -9.58082112e-03 -1.29736265e-03 -1.91671053e-03
 -1.45562522e-02 -1.45761660e-02 -1.57590292e-03 -7.56768389e-03
 -1.35600000e-03 -1.35600000e-03 -1.99853629e-03 -5.20228777e-04
 -2.00078032e-05 -1.12621924e-05 -8.80975337e-03 -7.16254082e-03
 -7.09284001e-03 -8.98187850e-03 -3.32830031e-02 -3.35393938e-02
 -1.25048770e-06 -7.43476317e-03 -4.57045996e-06 -1.12177425e-02
 -9.69714795e-07 -4.72707654e-03 -4.72707654e-03 -2.58025452e-02
 -9.93160355e-06 -3.65148708e-03 -3.65148708e-03 -3.70127229e-03
 -3.60776350e-03 -3.60776350e-03 -4.64380736e-03 -4.64380736e-03
 -4.62908081e-03 -6.48743527e-03 -3.54797146e-03 -2.33715865e-02
 -1.77787352e-02 -6.96434029e-04 -6.96434029e-04 -1.08163857e-03
 -1.08163857e-03 -1.04249652e-04 -1.04249652e-04 -2.54901332e-05
 -3.06521065e-04 -3.06521065e-04 -3.06521065e-04 -7.84171009e-05
 -1.55076743e-03 -1.55076743e-03 -5.85800587e-04 -5.85800587e-04
 -5.85800587e-04 -8.09266148e-05 -4.78750305e-03 -4.78750305e-03
 -4.78750305e-03 -4.78750305e-03 -8.40794500e-02 -8.41114743e-02
 -9.03388126e-03 -4.84906962e-02 -6.96480518e-03 -2.30091413e-02
 -1.34449255e-02 -6.21917162e-03 -6.18963429e-03 -1.48935992e-03
 -2.10719454e-02 -2.10719454e-02 -2.99416575e-02 -2.58828026e-05
 -4.64397775e-03 -4.65524674e-03 -2.14822309e-02 -2.14722739e-02
 -2.18515921e-02 -1.33644853e-02 -1.33757527e-02 -1.33757527e-02
 -2.79351988e-02 -3.95274263e-03 -3.95274263e-03 -5.48991039e-03
 -9.66979817e-03 -9.97752193e-03 -2.42327862e-03 -2.40336369e-03
 -2.77452248e-02 -5.13927827e-05 -1.32155909e-04 -2.30823186e-04
 -1.58164097e-04 -6.04333370e-03 -3.18375167e-03 -3.66578082e-03
 -3.66578082e-03 -9.17565630e-03 -2.95850320e-03 -4.48100100e-03
 -4.48100100e-03 -4.48100100e-03 -9.06532049e-03 -8.97439085e-03
 -2.56008709e-03 -3.31500705e-03 -3.31500705e-03 -5.77788069e-07
 -2.01733829e-03 -2.01733829e-03 -2.01733829e-03]
acl_u[acl_delta_k]: [1 1 1 1 1 1 1 1 1 1 1 1 1 1 1 1 1 1 1 1 1 1 1 1 1 1 1 1 1 1 1 1 1 1 1 1 1
 1 1 1 1 1 1 1 1 1 1 1 1 1 1 1 1 1 1 1 1 1 1 1 1 1 1 1 1 1 1 1 1 1 1 1 1 1
 1 1 1 1 1 1 1 1 1 1 1 1 1 1 1 1 1 1 1 1 1 1 1 1 1 1 1 1 1 1 1 1 1 1 1 1 1
 1 1 1 1 1 1 1 1 1 1 1 1 1 1 1 1 1 1 1 1 1 1 1 1 1 1 1 1 1 1 1 1 1 1 1 1 1
 1 1 1 1 1 1 1 1 1 1 1 1 1 1 1 1 1 1 1 1 1 1 1 1 1 1 1 1 1 1 1 1 1 1 1 1 0
 0 1 1 1 1 1 1 1 1 1 1 1 1 1 1 1 1 1 1 1 0 1 1 1 1 1 1 1 1 1 1 1 1 1]
num AC branches with possible violations in ACL contingencies: 0
num AC branches with possible violations in DCL contingencies: 0
num AC branches with possible violations in XFR contingencies: 0
t: 14, time: 0.11013126373291016, memory_info: {'rss bytes': 441556992, 'rss human': '421.1M', 'percent': 0.1634004215531404}
v_acl_k: [-1.19076484e-02 -1.01324350e-02 -2.66285766e-02 -4.40462154e-02
 -4.40462154e-02 -1.33108601e-02 -1.33108601e-02 -1.33108601e-02
 -1.33108601e-02 -1.33108601e-02 -9.79503691e-05 -8.79796089e-05
 -1.05566564e-07 -6.24707723e-04 -5.92369398e-04 -1.20131753e-03
 -1.20131753e-03 -6.62673058e-04 -6.62673058e-04 -5.66415672e-03
 -1.59399647e-03 -1.99011968e-03 -1.99011968e-03 -1.55357278e-06
 -9.49182051e-06 -1.95261444e-03 -5.76822010e-03 -2.02154676e-03
 -5.79438327e-04 -1.21037868e-04 -1.21037868e-04 -1.18254185e-04
 -8.83259549e-05 -3.44692308e-04 -3.44692308e-04 -1.37716621e-03
 -8.11384697e-03 -7.47757860e-03 -4.89363399e-05 -7.87415347e-05
 -1.48989723e-04 -4.15039023e-03 -9.56539556e-06 -8.21719903e-03
 -3.28630317e-03 -3.28630317e-03 -3.32613117e-03 -3.33608867e-03
 -3.11416883e-03 -3.19382641e-03 -3.17391082e-03 -7.06749151e-03
 -5.16266159e-04 -5.16266159e-04 -1.56120070e-04 -2.19791492e-03
 -2.19791492e-03 -3.97529980e-04 -1.59518524e-03 -9.02013035e-03
 -9.02013035e-03 -9.18623364e-04 -9.18623364e-04 -5.66155090e-06
 -5.93990270e-03 -5.93990270e-03 -6.65971414e-04 -3.95831724e-04
 -5.46494062e-04 -3.95831724e-04 -5.38360394e-03 -5.40351894e-03
 -5.31379581e-03 -5.31379581e-03 -6.60252008e-04 -2.12634011e-05
 -2.12634011e-05 -5.51547442e-03 -5.51547442e-03 -5.51547442e-03
 -4.95634850e-04 -4.25072678e-04 -4.25072678e-04 -4.25072678e-04
 -1.64490804e-04 -1.64490804e-04 -1.36113163e-04 -4.65910155e-03
 -4.65910155e-03 -4.65910155e-03 -3.16824599e-03 -3.16824599e-03
 -3.16824599e-03 -3.16824599e-03 -6.61124606e-03 -6.62084712e-03
 -4.37692556e-03 -4.47181522e-03 -1.99121128e-02 -1.29209151e-02
 -1.29209151e-02 -1.27240944e-02 -3.28662796e-03 -3.28662796e-03
 -9.58082112e-03 -9.58082112e-03 -1.29736265e-03 -1.91671053e-03
 -1.45562522e-02 -1.45761660e-02 -1.57590292e-03 -7.56768389e-03
 -1.35600000e-03 -1.35600000e-03 -1.99853629e-03 -5.20228777e-04
 -2.00078032e-05 -1.12621924e-05 -8.80975337e-03 -7.16254082e-03
 -7.09284001e-03 -8.98187850e-03 -3.32830031e-02 -3.35393938e-02
 -1.25048770e-06 -7.43476317e-03 -4.57045996e-06 -1.12177425e-02
 -9.69714795e-07 -4.72707654e-03 -4.72707654e-03 -2.58025452e-02
 -9.93160355e-06 -3.65148708e-03 -3.65148708e-03 -3.70127229e-03
 -3.60776350e-03 -3.60776350e-03 -4.64380736e-03 -4.64380736e-03
 -4.62908081e-03 -6.48743527e-03 -3.54797146e-03 -2.33715865e-02
 -1.77787352e-02 -6.96434029e-04 -6.96434029e-04 -1.08163857e-03
 -1.08163857e-03 -1.04249652e-04 -1.04249652e-04 -2.54901332e-05
 -3.06521065e-04 -3.06521065e-04 -3.06521065e-04 -7.84171009e-05
 -1.55076743e-03 -1.55076743e-03 -5.85800587e-04 -5.85800587e-04
 -5.85800587e-04 -8.09266148e-05 -4.78750305e-03 -4.78750305e-03
 -4.78750305e-03 -4.78750305e-03 -8.40794500e-02 -8.41114743e-02
 -9.03388126e-03 -4.84906962e-02 -6.96480518e-03 -2.30091413e-02
 -1.34449255e-02 -6.21917162e-03 -6.18963429e-03 -1.48935992e-03
 -2.10719454e-02 -2.10719454e-02 -2.99416575e-02 -2.58828026e-05
 -4.64397775e-03 -4.65524674e-03 -2.14822309e-02 -2.14722739e-02
 -2.18515921e-02 -1.33644853e-02 -1.33757527e-02 -1.33757527e-02
 -2.79351988e-02 -3.95274263e-03 -3.95274263e-03 -5.48991039e-03
 -9.66979817e-03 -9.97752193e-03 -2.42327862e-03 -2.40336369e-03
 -2.77452248e-02 -5.13927827e-05 -1.32155909e-04 -2.30823186e-04
 -1.58164097e-04 -6.04333370e-03 -3.18375167e-03 -3.66578082e-03
 -3.66578082e-03 -9.17565630e-03 -2.95850320e-03 -4.48100100e-03
 -4.48100100e-03 -4.48100100e-03 -9.06532049e-03 -8.97439085e-03
 -2.56008709e-03 -3.31500705e-03 -3.31500705e-03 -5.77788069e-07
 -2.01733829e-03 -2.01733829e-03 -2.01733829e-03]
acl_u[acl_delta_k]: [1 1 1 1 1 1 1 1 1 1 1 1 1 1 1 1 1 1 1 1 1 1 1 1 1 1 1 1 1 1 1 1 1 1 1 1 1
 1 1 1 1 1 1 1 1 1 1 1 1 1 1 1 1 1 1 1 1 1 1 1 1 1 1 1 1 1 1 1 1 1 1 1 1 1
 1 1 1 1 1 1 1 1 1 1 1 1 1 1 1 1 1 1 1 1 1 1 1 1 1 1 1 1 1 1 1 1 1 1 1 1 1
 1 1 1 1 1 1 1 1 1 1 1 1 1 1 1 1 1 1 1 1 1 1 1 1 1 1 1 1 1 1 1 1 1 1 1 1 1
 1 1 1 1 1 1 1 1 1 1 1 1 1 1 1 1 1 1 1 1 1 1 1 1 1 1 1 1 1 1 1 1 1 1 1 1 0
 0 1 1 1 1 1 1 1 1 1 1 1 1 1 1 1 1 1 1 1 0 1 1 1 1 1 1 1 1 1 1 1 1 1]
num AC branches with possible violations in ACL contingencies: 0
num AC branches with possible violations in DCL contingencies: 0
num AC branches with possible violations in XFR contingencies: 0
t: 15, time: 0.10323762893676758, memory_info: {'rss bytes': 441556992, 'rss human': '421.1M', 'percent': 0.1634004215531404}
v_acl_k: [-1.19076484e-02 -1.01324350e-02 -2.66285766e-02 -4.40462154e-02
 -4.40462154e-02 -1.33108601e-02 -1.33108601e-02 -1.33108601e-02
 -1.33108601e-02 -1.33108601e-02 -9.79503691e-05 -8.79796089e-05
 -1.05566564e-07 -6.24707723e-04 -5.92369398e-04 -1.20131753e-03
 -1.20131753e-03 -6.62673058e-04 -6.62673058e-04 -5.66415672e-03
 -1.59399647e-03 -1.99011968e-03 -1.99011968e-03 -1.55357278e-06
 -9.49182051e-06 -1.95261444e-03 -5.76822010e-03 -2.02154676e-03
 -5.79438327e-04 -1.21037868e-04 -1.21037868e-04 -1.18254185e-04
 -8.83259549e-05 -3.44692308e-04 -3.44692308e-04 -1.37716621e-03
 -8.11384697e-03 -7.47757860e-03 -4.89363399e-05 -7.87415347e-05
 -1.48989723e-04 -4.15039023e-03 -9.56539556e-06 -8.21719903e-03
 -3.28630317e-03 -3.28630317e-03 -3.32613117e-03 -3.33608867e-03
 -3.11416883e-03 -3.19382641e-03 -3.17391082e-03 -7.06749151e-03
 -5.16266159e-04 -5.16266159e-04 -1.56120070e-04 -2.19791492e-03
 -2.19791492e-03 -3.97529980e-04 -1.59518524e-03 -9.02013035e-03
 -9.02013035e-03 -9.18623364e-04 -9.18623364e-04 -5.66155090e-06
 -5.93990270e-03 -5.93990270e-03 -6.65971414e-04 -3.95831724e-04
 -5.46494062e-04 -3.95831724e-04 -5.38360394e-03 -5.40351894e-03
 -5.31379581e-03 -5.31379581e-03 -6.60252008e-04 -2.12634011e-05
 -2.12634011e-05 -5.51547442e-03 -5.51547442e-03 -5.51547442e-03
 -4.95634850e-04 -4.25072678e-04 -4.25072678e-04 -4.25072678e-04
 -1.64490804e-04 -1.64490804e-04 -1.36113163e-04 -4.65910155e-03
 -4.65910155e-03 -4.65910155e-03 -3.16824599e-03 -3.16824599e-03
 -3.16824599e-03 -3.16824599e-03 -6.61124606e-03 -6.62084712e-03
 -4.37692556e-03 -4.47181522e-03 -1.99121128e-02 -1.29209151e-02
 -1.29209151e-02 -1.27240944e-02 -3.28662796e-03 -3.28662796e-03
 -9.58082112e-03 -9.58082112e-03 -1.29736265e-03 -1.91671053e-03
 -1.45562522e-02 -1.45761660e-02 -1.57590292e-03 -7.56768389e-03
 -1.35600000e-03 -1.35600000e-03 -1.99853629e-03 -5.20228777e-04
 -2.00078032e-05 -1.12621924e-05 -8.80975337e-03 -7.16254082e-03
 -7.09284001e-03 -8.98187850e-03 -3.32830031e-02 -3.35393938e-02
 -1.25048770e-06 -7.43476317e-03 -4.57045996e-06 -1.12177425e-02
 -9.69714795e-07 -4.72707654e-03 -4.72707654e-03 -2.58025452e-02
 -9.93160355e-06 -3.65148708e-03 -3.65148708e-03 -3.70127229e-03
 -3.60776350e-03 -3.60776350e-03 -4.64380736e-03 -4.64380736e-03
 -4.62908081e-03 -6.48743527e-03 -3.54797146e-03 -2.33715865e-02
 -1.77787352e-02 -6.96434029e-04 -6.96434029e-04 -1.08163857e-03
 -1.08163857e-03 -1.04249652e-04 -1.04249652e-04 -2.54901332e-05
 -3.06521065e-04 -3.06521065e-04 -3.06521065e-04 -7.84171009e-05
 -1.55076743e-03 -1.55076743e-03 -5.85800587e-04 -5.85800587e-04
 -5.85800587e-04 -8.09266148e-05 -4.78750305e-03 -4.78750305e-03
 -4.78750305e-03 -4.78750305e-03 -8.40794500e-02 -8.41114743e-02
 -9.03388126e-03 -4.84906962e-02 -6.96480518e-03 -2.30091413e-02
 -1.34449255e-02 -6.21917162e-03 -6.18963429e-03 -1.48935992e-03
 -2.10719454e-02 -2.10719454e-02 -2.99416575e-02 -2.58828026e-05
 -4.64397775e-03 -4.65524674e-03 -2.14822309e-02 -2.14722739e-02
 -2.18515921e-02 -1.33644853e-02 -1.33757527e-02 -1.33757527e-02
 -2.79351988e-02 -3.95274263e-03 -3.95274263e-03 -5.48991039e-03
 -9.66979817e-03 -9.97752193e-03 -2.42327862e-03 -2.40336369e-03
 -2.77452248e-02 -5.13927827e-05 -1.32155909e-04 -2.30823186e-04
 -1.58164097e-04 -6.04333370e-03 -3.18375167e-03 -3.66578082e-03
 -3.66578082e-03 -9.17565630e-03 -2.95850320e-03 -4.48100100e-03
 -4.48100100e-03 -4.48100100e-03 -9.06532049e-03 -8.97439085e-03
 -2.56008709e-03 -3.31500705e-03 -3.31500705e-03 -5.77788069e-07
 -2.01733829e-03 -2.01733829e-03 -2.01733829e-03]
acl_u[acl_delta_k]: [1 1 1 1 1 1 1 1 1 1 1 1 1 1 1 1 1 1 1 1 1 1 1 1 1 1 1 1 1 1 1 1 1 1 1 1 1
 1 1 1 1 1 1 1 1 1 1 1 1 1 1 1 1 1 1 1 1 1 1 1 1 1 1 1 1 1 1 1 1 1 1 1 1 1
 1 1 1 1 1 1 1 1 1 1 1 1 1 1 1 1 1 1 1 1 1 1 1 1 1 1 1 1 1 1 1 1 1 1 1 1 1
 1 1 1 1 1 1 1 1 1 1 1 1 1 1 1 1 1 1 1 1 1 1 1 1 1 1 1 1 1 1 1 1 1 1 1 1 1
 1 1 1 1 1 1 1 1 1 1 1 1 1 1 1 1 1 1 1 1 1 1 1 1 1 1 1 1 1 1 1 1 1 1 1 1 0
 0 1 1 1 1 1 1 1 1 1 1 1 1 1 1 1 1 1 1 1 0 1 1 1 1 1 1 1 1 1 1 1 1 1]
num AC branches with possible violations in ACL contingencies: 0
num AC branches with possible violations in DCL contingencies: 0
num AC branches with possible violations in XFR contingencies: 0
t: 16, time: 0.10658049583435059, memory_info: {'rss bytes': 441556992, 'rss human': '421.1M', 'percent': 0.1634004215531404}
v_acl_k: [-1.19076484e-02 -1.01324350e-02 -2.66285766e-02 -4.40462154e-02
 -4.40462154e-02 -1.33108601e-02 -1.33108601e-02 -1.33108601e-02
 -1.33108601e-02 -1.33108601e-02 -9.79503691e-05 -8.79796089e-05
 -1.05566564e-07 -6.24707723e-04 -5.92369398e-04 -1.20131753e-03
 -1.20131753e-03 -6.62673058e-04 -6.62673058e-04 -5.66415672e-03
 -1.59399647e-03 -1.99011968e-03 -1.99011968e-03 -1.55357278e-06
 -9.49182051e-06 -1.95261444e-03 -5.76822010e-03 -2.02154676e-03
 -5.79438327e-04 -1.21037868e-04 -1.21037868e-04 -1.18254185e-04
 -8.83259549e-05 -3.44692308e-04 -3.44692308e-04 -1.37716621e-03
 -8.11384697e-03 -7.47757860e-03 -4.89363399e-05 -7.87415347e-05
 -1.48989723e-04 -4.15039023e-03 -9.56539556e-06 -8.21719903e-03
 -3.28630317e-03 -3.28630317e-03 -3.32613117e-03 -3.33608867e-03
 -3.11416883e-03 -3.19382641e-03 -3.17391082e-03 -7.06749151e-03
 -5.16266159e-04 -5.16266159e-04 -1.56120070e-04 -2.19791492e-03
 -2.19791492e-03 -3.97529980e-04 -1.59518524e-03 -9.02013035e-03
 -9.02013035e-03 -9.18623364e-04 -9.18623364e-04 -5.66155090e-06
 -5.93990270e-03 -5.93990270e-03 -6.65971414e-04 -3.95831724e-04
 -5.46494062e-04 -3.95831724e-04 -5.38360394e-03 -5.40351894e-03
 -5.31379581e-03 -5.31379581e-03 -6.60252008e-04 -2.12634011e-05
 -2.12634011e-05 -5.51547442e-03 -5.51547442e-03 -5.51547442e-03
 -4.95634850e-04 -4.25072678e-04 -4.25072678e-04 -4.25072678e-04
 -1.64490804e-04 -1.64490804e-04 -1.36113163e-04 -4.65910155e-03
 -4.65910155e-03 -4.65910155e-03 -3.16824599e-03 -3.16824599e-03
 -3.16824599e-03 -3.16824599e-03 -6.61124606e-03 -6.62084712e-03
 -4.37692556e-03 -4.47181522e-03 -1.99121128e-02 -1.29209151e-02
 -1.29209151e-02 -1.27240944e-02 -3.28662796e-03 -3.28662796e-03
 -9.58082112e-03 -9.58082112e-03 -1.29736265e-03 -1.91671053e-03
 -1.45562522e-02 -1.45761660e-02 -1.57590292e-03 -7.56768389e-03
 -1.35600000e-03 -1.35600000e-03 -1.99853629e-03 -5.20228777e-04
 -2.00078032e-05 -1.12621924e-05 -8.80975337e-03 -7.16254082e-03
 -7.09284001e-03 -8.98187850e-03 -3.32830031e-02 -3.35393938e-02
 -1.25048770e-06 -7.43476317e-03 -4.57045996e-06 -1.12177425e-02
 -9.69714795e-07 -4.72707654e-03 -4.72707654e-03 -2.58025452e-02
 -9.93160355e-06 -3.65148708e-03 -3.65148708e-03 -3.70127229e-03
 -3.60776350e-03 -3.60776350e-03 -4.64380736e-03 -4.64380736e-03
 -4.62908081e-03 -6.48743527e-03 -3.54797146e-03 -2.33715865e-02
 -1.77787352e-02 -6.96434029e-04 -6.96434029e-04 -1.08163857e-03
 -1.08163857e-03 -1.04249652e-04 -1.04249652e-04 -2.54901332e-05
 -3.06521065e-04 -3.06521065e-04 -3.06521065e-04 -7.84171009e-05
 -1.55076743e-03 -1.55076743e-03 -5.85800587e-04 -5.85800587e-04
 -5.85800587e-04 -8.09266148e-05 -4.78750305e-03 -4.78750305e-03
 -4.78750305e-03 -4.78750305e-03 -8.40794500e-02 -8.41114743e-02
 -9.03388126e-03 -4.84906962e-02 -6.96480518e-03 -2.30091413e-02
 -1.34449255e-02 -6.21917162e-03 -6.18963429e-03 -1.48935992e-03
 -2.10719454e-02 -2.10719454e-02 -2.99416575e-02 -2.58828026e-05
 -4.64397775e-03 -4.65524674e-03 -2.14822309e-02 -2.14722739e-02
 -2.18515921e-02 -1.33644853e-02 -1.33757527e-02 -1.33757527e-02
 -2.79351988e-02 -3.95274263e-03 -3.95274263e-03 -5.48991039e-03
 -9.66979817e-03 -9.97752193e-03 -2.42327862e-03 -2.40336369e-03
 -2.77452248e-02 -5.13927827e-05 -1.32155909e-04 -2.30823186e-04
 -1.58164097e-04 -6.04333370e-03 -3.18375167e-03 -3.66578082e-03
 -3.66578082e-03 -9.17565630e-03 -2.95850320e-03 -4.48100100e-03
 -4.48100100e-03 -4.48100100e-03 -9.06532049e-03 -8.97439085e-03
 -2.56008709e-03 -3.31500705e-03 -3.31500705e-03 -5.77788069e-07
 -2.01733829e-03 -2.01733829e-03 -2.01733829e-03]
acl_u[acl_delta_k]: [1 1 1 1 1 1 1 1 1 1 1 1 1 1 1 1 1 1 1 1 1 1 1 1 1 1 1 1 1 1 1 1 1 1 1 1 1
 1 1 1 1 1 1 1 1 1 1 1 1 1 1 1 1 1 1 1 1 1 1 1 1 1 1 1 1 1 1 1 1 1 1 1 1 1
 1 1 1 1 1 1 1 1 1 1 1 1 1 1 1 1 1 1 1 1 1 1 1 1 1 1 1 1 1 1 1 1 1 1 1 1 1
 1 1 1 1 1 1 1 1 1 1 1 1 1 1 1 1 1 1 1 1 1 1 1 1 1 1 1 1 1 1 1 1 1 1 1 1 1
 1 1 1 1 1 1 1 1 1 1 1 1 1 1 1 1 1 1 1 1 1 1 1 1 1 1 1 1 1 1 1 1 1 1 1 1 0
 0 1 1 1 1 1 1 1 1 1 1 1 1 1 1 1 1 1 1 1 0 1 1 1 1 1 1 1 1 1 1 1 1 1]
num AC branches with possible violations in ACL contingencies: 0
num AC branches with possible violations in DCL contingencies: 0
num AC branches with possible violations in XFR contingencies: 0
t: 17, time: 0.10468626022338867, memory_info: {'rss bytes': 441556992, 'rss human': '421.1M', 'percent': 0.1634004215531404}
initialize_m_w_time: 0.0019154548645019531
compute_static_w_time: 0.11799883842468262
get_time_varying_branch_characteristics_time: 0.001627206802368164
construct_a_t_time: 0.00968027114868164
factor_a_t_time: 0.04509782791137695
compute_w_with_t_a_solve_time: 1.447441816329956
compute_v_t_time: 2.6226043701171875e-06
compute_w_with_t_smw_time: 2.384185791015625e-06
compute_v_time: 0.030601024627685547
compute_bus_theta_with_t_a_solve_time: 0.0027916431427001953
compute_bus_theta_with_t_smw_time: 2.86102294921875e-06
compute_br_p_time: 0.03732895851135254
apply_w_v_wt_time: 0.008376598358154297
compute_bus_dtheta_rhs_dcl_k_time: 0.002985239028930664
compute_w_v_wt_xfr_k_time: 0.0025658607482910156
compute_bus_dtheta_rhs_xfr_k_time: 1.1920928955078125e-06
compute_br_acl_delta_k_p_delta_time: 0.04950237274169922
compute_br_dcl_delta_k_p_delta_time: 0.0015325546264648438
compute_br_xfr_delta_k_p_delta_time: 0.0011782646179199219
filter_branches_acl_k_time: 0.011800765991210938
filter_branches_dcl_k_time: 0.003142118453979492
filter_branches_xfr_k_time: 0.0030434131622314453
compute_br_acl_delta_k_p_time: 0.005124807357788086
compute_br_dcl_delta_k_p_time: 7.891654968261719e-05
compute_br_xfr_delta_k_p_time: 5.3882598876953125e-05
compute_br_acl_delta_k_s_over_time: 0.8955388069152832
compute_br_dcl_delta_k_s_over_time: 0.0006184577941894531
compute_br_xfr_delta_k_s_over_time: 0.00054168701171875
zero_out_time: 9.989738464355469e-05
get_max_br_acl_delta_k_s_over_time: 0.0026285648345947266
get_max_br_dcl_delta_k_s_over_time: 3.814697265625e-06
get_max_br_xfr_delta_k_s_over_time: 3.814697265625e-06
compute_br_k_z_time: 0.002620220184326172
collect_penalties_into_obj_array_time: 0.0002961158752441406
end of contingency model method 1, memory info: {'rss bytes': 441556992, 'rss human': '421.1M', 'percent': 0.1634004215531404}
function: eval_post_contingency_model, time: 3.2259395122528076
function: eval_post_contingency_model, time: 3.2259485721588135
function: run, time: 4.071210861206055
after solution_evaluator.run(), memory info: {'rss bytes': 417353728, 'rss human': '398.0M', 'percent': 0.15444388001441656}
evaluation summary:
{'feas': 1,
 'infeas': 0,
 'info_i_i_k_t_disconnected_ctg': {'idx': {0: None, 1: None, 2: None, 3: None},
                                   'val': 0},
 'info_i_i_t_disconnected_base': {'idx': {0: None, 1: None, 2: None}, 'val': 0},
 'sum_acl_t_u_sd': 0,
 'sum_acl_t_u_su': 0,
 'sum_acl_t_z_s': 0.0,
 'sum_acl_t_z_sd': 0.0,
 'sum_acl_t_z_su': 0.0,
 'sum_bus_t_z_p': 53442035.602819465,
 'sum_bus_t_z_q': 123586990.51997249,
 'sum_cs_t_z_p': 111393609.35301617,
 'sum_pr_t_z_p': 61126.394835615516,
 'sum_prz_t_z_nsc': 220568.12286470478,
 'sum_prz_t_z_rgd': 17648.950111852428,
 'sum_prz_t_z_rgu': 17648.950111852428,
 'sum_prz_t_z_rrd': 0.0,
 'sum_prz_t_z_rru': 0.0,
 'sum_prz_t_z_scr': 111149.29327308308,
 'sum_qrz_t_z_qrd': 0.0,
 'sum_qrz_t_z_qru': 0.0,
 'sum_sd_t_sd': 0,
 'sum_sd_t_su': 0,
 'sum_sd_t_z_nsc': 0.0,
 'sum_sd_t_z_on': 1571578.8433080001,
 'sum_sd_t_z_qrd': 0.0,
 'sum_sd_t_z_qru': 0.0,
 'sum_sd_t_z_rgd': 0.0,
 'sum_sd_t_z_rgu': 0.0,
 'sum_sd_t_z_rrd_off': 0.0,
 'sum_sd_t_z_rrd_on': 0.0,
 'sum_sd_t_z_rru_off': 0.0,
 'sum_sd_t_z_rru_on': 0.0,
 'sum_sd_t_z_scr': 0.0,
 'sum_sd_t_z_sd': 0.0,
 'sum_sd_t_z_su': 0.0,
 'sum_sd_t_z_sus': 0.0,
 'sum_xfr_t_u_sd': 0,
 'sum_xfr_t_u_su': 0,
 'sum_xfr_t_z_s': 0.0,
 'sum_xfr_t_z_sd': 0.0,
 'sum_xfr_t_z_su': 0.0,
 'total_switches': 0,
 'viol_acl_acl_t_s_max_ctg': {'idx': {0: None, 1: None, 2: None}, 'val': 0.0},
 'viol_acl_dcl_t_s_max_ctg': {'idx': {0: None, 1: None, 2: None}, 'val': 0.0},
 'viol_acl_t_s_max': {'idx': {0: 'acl_0000', 1: 0}, 'val': 0.0},
 'viol_acl_t_u_sd_max': {'idx': {0: 'acl_0000', 1: 0}, 'val': 0},
 'viol_acl_t_u_su_max': {'idx': {0: 'acl_0000', 1: 0}, 'val': 0},
 'viol_acl_xfr_t_s_max_ctg': {'idx': {0: None, 1: None, 2: None}, 'val': 0.0},
 'viol_bus_t_p_balance_max': {'idx': {0: 'bus_1168', 1: 0},
                              'val': 0.23612629485451153},
 'viol_bus_t_p_balance_min': {'idx': {0: 'bus_1492', 1: 10},
                              'val': -2.2951461897703176},
 'viol_bus_t_q_balance_max': {'idx': {0: 'bus_1492', 1: 0},
                              'val': 4.246349604932522},
 'viol_bus_t_q_balance_min': {'idx': {0: 'bus_0394', 1: 0},
                              'val': -3.895473664775446},
 'viol_bus_t_v_max': {'idx': {0: 'bus_0000', 1: 0}, 'val': 0.0},
 'viol_bus_t_v_min': {'idx': {0: 'bus_0000', 1: 0}, 'val': 0.0},
 'viol_cs_t_p_off_max': {'idx': {0: 'sd_0615', 1: 0}, 'val': 0.0},
 'viol_cs_t_p_off_min': {'idx': {0: 'sd_0615', 1: 0}, 'val': 0.0},
 'viol_cs_t_p_on_max': {'idx': {0: 'sd_0615', 1: 0}, 'val': 0.0},
 'viol_cs_t_p_on_min': {'idx': {0: 'sd_0615', 1: 0}, 'val': 0.0},
 'viol_cs_t_q_max': {'idx': {0: 'sd_0615', 1: 0}, 'val': 0.0},
 'viol_cs_t_q_min': {'idx': {0: 'sd_0615', 1: 0}, 'val': 0.0},
 'viol_cs_t_q_p_max': {'idx': {0: None, 1: None}, 'val': None},
 'viol_cs_t_q_p_min': {'idx': {0: None, 1: None}, 'val': None},
 'viol_dcl_t_p_max': {'idx': {0: None, 1: None}, 'val': None},
 'viol_dcl_t_p_min': {'idx': {0: None, 1: None}, 'val': None},
 'viol_dcl_t_q_fr_max': {'idx': {0: None, 1: None}, 'val': None},
 'viol_dcl_t_q_fr_min': {'idx': {0: None, 1: None}, 'val': None},
 'viol_dcl_t_q_to_max': {'idx': {0: None, 1: None}, 'val': None},
 'viol_dcl_t_q_to_min': {'idx': {0: None, 1: None}, 'val': None},
 'viol_pr_t_p_off_max': {'idx': {0: 'sd_0000', 1: 0}, 'val': 0.0},
 'viol_pr_t_p_off_min': {'idx': {0: 'sd_0000', 1: 0}, 'val': 0.0},
 'viol_pr_t_p_on_max': {'idx': {0: 'sd_0000', 1: 0}, 'val': 0.0},
 'viol_pr_t_p_on_min': {'idx': {0: 'sd_0000', 1: 0}, 'val': 0.0},
 'viol_pr_t_q_max': {'idx': {0: 'sd_0000', 1: 0}, 'val': 0.0},
 'viol_pr_t_q_min': {'idx': {0: 'sd_0000', 1: 0}, 'val': 0.0},
 'viol_pr_t_q_p_max': {'idx': {0: None, 1: None}, 'val': None},
 'viol_pr_t_q_p_min': {'idx': {0: None, 1: None}, 'val': None},
 'viol_prz_t_p_nsc_balance': {'idx': {0: 'prz_0', 1: 0},
                              'val': 27.660952081299165},
 'viol_prz_t_p_rgd_balance': {'idx': {0: 'prz_0', 1: 0},
                              'val': 2.6345466858789393},
 'viol_prz_t_p_rgu_balance': {'idx': {0: 'prz_0', 1: 0},
                              'val': 2.6345466858789393},
 'viol_prz_t_p_rrd_balance': {'idx': {0: 'prz_0', 1: 0}, 'val': 0.0},
 'viol_prz_t_p_rru_balance': {'idx': {0: 'prz_0', 1: 0}, 'val': 0.0},
 'viol_prz_t_p_scr_balance': {'idx': {0: 'prz_0', 1: 0},
                              'val': 15.147749383589053},
 'viol_qrz_t_q_qrd_balance': {'idx': {0: 'qrz_0', 1: 0}, 'val': 0.0},
 'viol_qrz_t_q_qru_balance': {'idx': {0: 'qrz_0', 1: 0}, 'val': 0.0},
 'viol_sd_max_energy_constr': {'idx': {0: 'sd_0000', 1: 0}, 'val': 0.0},
 'viol_sd_max_startup_constr': {'idx': {0: 'sd_0000', 1: 0}, 'val': 0},
 'viol_sd_min_energy_constr': {'idx': {0: 'sd_0000', 1: 0}, 'val': 0.0},
 'viol_sd_t_d_dn_min': {'idx': {0: 'sd_0000', 1: 0}, 'val': 0},
 'viol_sd_t_d_up_min': {'idx': {0: 'sd_0000', 1: 0}, 'val': 0},
 'viol_sd_t_p_nsc_max': {'idx': {0: 'sd_0000', 1: 0}, 'val': 0.0},
 'viol_sd_t_p_nsc_nonneg': {'idx': {0: 'sd_0000', 1: 0}, 'val': -0.0},
 'viol_sd_t_p_ramp_dn_max': {'idx': {0: 'sd_0000', 1: 0}, 'val': 0.0},
 'viol_sd_t_p_ramp_up_max': {'idx': {0: 'sd_0000', 1: 0}, 'val': 0.0},
 'viol_sd_t_p_rgd_max': {'idx': {0: 'sd_0000', 1: 0}, 'val': 0.0},
 'viol_sd_t_p_rgd_nonneg': {'idx': {0: 'sd_0000', 1: 0}, 'val': -0.0},
 'viol_sd_t_p_rgu_max': {'idx': {0: 'sd_0000', 1: 0}, 'val': 0.0},
 'viol_sd_t_p_rgu_nonneg': {'idx': {0: 'sd_0000', 1: 0}, 'val': -0.0},
 'viol_sd_t_p_rrd_off_max': {'idx': {0: 'sd_0000', 1: 0}, 'val': 0.0},
 'viol_sd_t_p_rrd_off_nonneg': {'idx': {0: 'sd_0000', 1: 0}, 'val': -0.0},
 'viol_sd_t_p_rrd_on_max': {'idx': {0: 'sd_0000', 1: 0}, 'val': 0.0},
 'viol_sd_t_p_rrd_on_nonneg': {'idx': {0: 'sd_0000', 1: 0}, 'val': -0.0},
 'viol_sd_t_p_rru_off_max': {'idx': {0: 'sd_0000', 1: 0}, 'val': 0.0},
 'viol_sd_t_p_rru_off_nonneg': {'idx': {0: 'sd_0000', 1: 0}, 'val': -0.0},
 'viol_sd_t_p_rru_on_max': {'idx': {0: 'sd_0000', 1: 0}, 'val': 0.0},
 'viol_sd_t_p_rru_on_nonneg': {'idx': {0: 'sd_0000', 1: 0}, 'val': -0.0},
 'viol_sd_t_p_scr_max': {'idx': {0: 'sd_0000', 1: 0}, 'val': 0.0},
 'viol_sd_t_p_scr_nonneg': {'idx': {0: 'sd_0000', 1: 0}, 'val': -0.0},
 'viol_sd_t_q_qrd_nonneg': {'idx': {0: 'sd_0000', 1: 0}, 'val': -0.0},
 'viol_sd_t_q_qru_nonneg': {'idx': {0: 'sd_0000', 1: 0}, 'val': -0.0},
 'viol_sd_t_u_on_max': {'idx': {0: 'sd_0000', 1: 0}, 'val': 0},
 'viol_sd_t_u_on_min': {'idx': {0: 'sd_0000', 1: 0}, 'val': 0},
 'viol_sh_t_u_st_max': {'idx': {0: 'sh_00', 1: 0}, 'val': 0},
 'viol_sh_t_u_st_min': {'idx': {0: 'sh_00', 1: 0}, 'val': 0},
 'viol_t_connected_base': {'idx': {0: 0}, 'val': 0},
 'viol_t_connected_ctg': {'idx': {0: 0}, 'val': 0},
 'viol_xfr_acl_t_s_max_ctg': {'idx': {0: None, 1: None, 2: None}, 'val': 0.0},
 'viol_xfr_dcl_t_s_max_ctg': {'idx': {0: None, 1: None, 2: None}, 'val': 0.0},
 'viol_xfr_t_phi_max': {'idx': {0: 'xfr_000', 1: 0}, 'val': 0.0},
 'viol_xfr_t_phi_min': {'idx': {0: 'xfr_000', 1: 0}, 'val': 0.0},
 'viol_xfr_t_s_max': {'idx': {0: 'xfr_000', 1: 0}, 'val': 0.0},
 'viol_xfr_t_tau_max': {'idx': {0: 'xfr_000', 1: 0}, 'val': 0.0},
 'viol_xfr_t_tau_min': {'idx': {0: 'xfr_000', 1: 0}, 'val': 0.0},
 'viol_xfr_t_u_sd_max': {'idx': {0: 'xfr_000', 1: 0}, 'val': 0},
 'viol_xfr_t_u_su_max': {'idx': {0: 'xfr_000', 1: 0}, 'val': 0},
 'viol_xfr_xfr_t_s_max_ctg': {'idx': {0: None, 1: None, 2: None}, 'val': 0.0},
 'z': -67635137.32428081,
 'z_base': -67635137.32428081,
 'z_cost': 1632705.2381436157,
 'z_k_average_case': 0.0,
 'z_k_worst_case': 0.0,
 'z_max_energy': 0.0,
 'z_min_energy': 0.0,
 'z_penalty': 177396041.43915343,
 'z_value': 111393609.35301617}
infeasibility summary:
{}
feas: 1
obj: -67635137.32428081
evaluate solution time: 4.2959630489349365
end of check_data(), memory info: {'rss bytes': 417599488, 'rss human': '398.3M', 'percent': 0.1545348247584212}
