/rcfs/dtn/arpacomp/.conda/envs/goc_eval/lib/python3.10/site-packages/scipy/sparse/linalg/_dsolve/linsolve.py:347: SparseEfficiencyWarning: splu converted its input to CSC format
  warn('splu converted its input to CSC format', SparseEfficiencyWarning)
args:
Namespace(problem_opt=None, problem='/qfs/projects/goc/share/data/C3/E1/D1/C3E1N01576D1/scenario_124.json', solution='/qfs/projects/goc/share/data/C3/E1/D1/C3E1N01576D1/scenario_124.json.pop_solution.json', configuration=None, parameters='{}', summary_csv='summary.csv', summary_json='summary.json', data_errors='data_errors.txt', ignored_errors='ignored_errors.txt', solution_errors='solution_errors.txt', pop_solution=None, scrubbed_problem=None)
problem data file: /qfs/projects/goc/share/data/C3/E1/D1/C3E1N01576D1/scenario_124.json

pop solution data file: None

solution data file: /qfs/projects/goc/share/data/C3/E1/D1/C3E1N01576D1/scenario_124.json.pop_solution.json

git info: {'C3DataUtilities': {'branch': None, 'commit': '417faef61bd7caf40b3ea0dc36c5e033ca7ea3d5', 'date': 'Fri Dec 30 07:03:34 2022 -0800', 'query_return_code': 0, 'query_err': '', 'query_path': '/qfs/projects/goc/share/loadbalancing/src/nonmpi-template/Challenge3/C3DataUtilities/datautilities', 'query_out': 'commit 417faef61bd7caf40b3ea0dc36c5e033ca7ea3d5\nAuthor: Jesse T Holzer <jesse.holzer@pnnl.gov>\nDate:   Fri Dec 30 07:03:34 2022 -0800\n\n    add z_value, z_cost, z_penalty components of z_base\n'}, 'Bid-DS-data-model': {'branch': None, 'commit': None, 'date': None, 'query_return_code': 128, 'query_err': 'fatal: Not a git repository (or any parent up to mount point /rcfs)\nStopping at filesystem boundary (GIT_DISCOVERY_ACROSS_FILESYSTEM not set).\n', 'query_path': '/rcfs/dtn/arpacomp/.conda/envs/goc_eval/lib/python3.10/site-packages/datamodel', 'query_out': ''}}

after reading problem without validation, memory info: {'rss bytes': 166342656, 'rss human': '158.6M', 'percent': 0.06155594997954198}
read problem data file without validation time: 0.3481109142303467
after reading problem with validation, memory info: {'rss bytes': 298573824, 'rss human': '284.7M', 'percent': 0.11048876949123965}
load time: 2.8504464626312256
{'general': {'base_norm_mva': 100.0,
             'day_type': None,
             'electricity_demand': None,
             'net_load': None,
             'season': None,
             'solar_availability': None,
             'timestamp_start': None,
             'timestamp_stop': None,
             'vre_availability': None,
             'weather_temperature': None,
             'wind_availability': None},
 'interval durations': [0.25,
                        0.25,
                        0.25,
                        0.25,
                        0.25,
                        0.25,
                        0.25,
                        0.25,
                        0.5,
                        0.5,
                        0.5,
                        0.5,
                        0.5,
                        0.5,
                        0.5,
                        0.5,
                        1.0,
                        1.0],
 'num ac lines': 2227,
 'num buses': 1576,
 'num consuming devices': 1449,
 'num contingencies': 219,
 'num dc lines': 0,
 'num intervals': 18,
 'num producing devices': 615,
 'num reactive power reserve zones': 2,
 'num real power reserve zones': 2,
 'num shunts': 68,
 'num simple dispatchable devices': 2064,
 'num transformers': 144,
 'total duration': 8.0,
 'violation costs': {'e_vio_cost': 100000.0,
                     'p_bus_vio_cost': 100000.0,
                     'q_bus_vio_cost': 100000.0,
                     's_vio_cost': 100000.0}}
after read solution without validation, memory info: {'rss bytes': 306954240, 'rss human': '292.7M', 'percent': 0.11358998526179793}
read solution data file without validation time: 0.09645414352416992
after read solution with validation, memory info: {'rss bytes': 340205568, 'rss human': '324.4M', 'percent': 0.125894809125626}
solution load time: 1.075915813446045
after solution_model_checks(), memory info: {'rss bytes': 340205568, 'rss human': '324.4M', 'percent': 0.125894809125626}
solution model_checks time: 0.01434779167175293
{}
after problem_data_array.set_from_data_model(), memory info: {'rss bytes': 352137216, 'rss human': '335.8M', 'percent': 0.1303101764470514}
convert problem data to numpy arrays time: 0.4773683547973633
after solution_data_array.set_from_data_model(), memory info: {'rss bytes': 356724736, 'rss human': '340.2M', 'percent': 0.13200781166847136}
convert solution data to numpy arrays time: 0.04448986053466797
function: set_summary, time: 0.0001633167266845703
function: set_problem, time: 9.5367431640625e-07
function: set_solution, time: 5.0067901611328125e-06
function: set_solution_zero, time: 0.0003910064697265625
function: set_work_zero, time: 0.00043702125549316406
function: set_matrices, time: 0.005136013031005859
function: __init__, time: 0.006159067153930664
function: eval_sd_t_d_up_dn, time: 0.000885009765625
function: eval_sd_max_startup, time: 0.04746651649475098
function: eval_sd_t_z_sus, time: 0.03435564041137695
function: eval_acl_t_p_q_fr_to, time: 0.002490997314453125
function: eval_xfr_t_p_q_fr_to, time: 0.00024509429931640625
function: eval_sd_t_su_sd_trajectories, time: 0.0004119873046875
function: eval_sd_max_energy, time: 0.00121307373046875
function: eval_sd_min_energy, time: 0.0007081031799316406
function: eval_sd_t_z_p, time: 0.0978231430053711
function: eval_bus_t_p, time: 0.0011420249938964844
function: eval_bus_t_q, time: 0.0004935264587402344
sd_t_p_rgu sum: 0.0
prz_sigma_rgu max: 0.01
prz_t_p_rgu_req max: 3.14260349649086
sd_t_p_rgd sum: 0.0
prz_sigma_rgd max: 0.01
prz_t_p_rgd_req max: 3.14260349649086
sd_t_p_scr sum: 0.0
prz_sigma_scr max: 1.0
prz_t_p_scr_req max: 12.513202697797663
sd_t_p_nsc sum: 0.0
prz_sigma_nsc max: 1.0
prz_t_p_nsc_req max: 12.513202697797663
sd_t_p_rru sum: 0.0
prz_t_p_rru_min max: 0.0
sd_t_p_rrd sum: 0.0
prz_t_p_rrd_min max: 0.0
sd_t_p_qru sum: 0.0
qrz_t_q_qru_min max: 0.0
sd_t_p_qrd sum: 0.0
qrz_t_q_qrd_min max: 0.0
function: get_connected_components, time: 0.00829625129699707
function: get_bridges, time: 0.02719593048095703
function: get_connected_components, time: 0.006697654724121094
function: get_bridges, time: 0.02690863609313965
function: get_connected_components, time: 0.006669044494628906
function: get_bridges, time: 0.0268402099609375
function: get_connected_components, time: 0.006773948669433594
function: get_bridges, time: 0.027018070220947266
function: get_connected_components, time: 0.006716489791870117
function: get_bridges, time: 0.027100801467895508
function: get_connected_components, time: 0.00673985481262207
function: get_bridges, time: 0.02703380584716797
function: get_connected_components, time: 0.0069425106048583984
function: get_bridges, time: 0.027065753936767578
function: get_connected_components, time: 0.006941318511962891
function: get_bridges, time: 0.027025938034057617
function: get_connected_components, time: 0.006887197494506836
function: get_bridges, time: 0.026998519897460938
function: get_connected_components, time: 0.006897926330566406
function: get_bridges, time: 0.027210712432861328
function: get_connected_components, time: 0.007012367248535156
function: get_bridges, time: 0.027045726776123047
function: get_connected_components, time: 0.00680232048034668
function: get_bridges, time: 0.02690887451171875
function: get_connected_components, time: 0.0069043636322021484
function: get_bridges, time: 0.02701115608215332
function: get_connected_components, time: 0.006825923919677734
function: get_bridges, time: 0.02712082862854004
function: get_connected_components, time: 0.0068013668060302734
function: get_bridges, time: 0.027173519134521484
function: get_connected_components, time: 0.006742238998413086
function: get_bridges, time: 0.027273893356323242
function: get_connected_components, time: 0.00690150260925293
function: get_bridges, time: 0.027259111404418945
function: get_connected_components, time: 0.006789445877075195
function: get_bridges, time: 0.027080297470092773
end of eval_connectedness(), memory info: {'rss bytes': 397357056, 'rss human': '378.9M', 'percent': 0.14704400934390552}
function: eval_connectedness, time: 0.6396708488464355
problem dimensions. bus: 1576, acl: 2227, xfr: 144, dcl: 0, k: 219, t: 18
construct static bus admittance matrix. time: 0.0014414787292480469
factor static bus admittance matrix. time: 0.007452249526977539
t_acl_delta_t: [array([], dtype=int64), array([], dtype=int64), array([], dtype=int64), array([], dtype=int64), array([], dtype=int64), array([], dtype=int64), array([], dtype=int64), array([], dtype=int64), array([], dtype=int64), array([], dtype=int64), array([], dtype=int64), array([], dtype=int64), array([], dtype=int64), array([], dtype=int64), array([], dtype=int64), array([], dtype=int64), array([], dtype=int64), array([], dtype=int64)], t_xfr_delta_t: [array([], dtype=int64), array([], dtype=int64), array([], dtype=int64), array([], dtype=int64), array([], dtype=int64), array([], dtype=int64), array([], dtype=int64), array([], dtype=int64), array([], dtype=int64), array([], dtype=int64), array([], dtype=int64), array([], dtype=int64), array([], dtype=int64), array([], dtype=int64), array([], dtype=int64), array([], dtype=int64), array([], dtype=int64), array([], dtype=int64)], t_br_delta_t: [array([], dtype=int64), array([], dtype=int64), array([], dtype=int64), array([], dtype=int64), array([], dtype=int64), array([], dtype=int64), array([], dtype=int64), array([], dtype=int64), array([], dtype=int64), array([], dtype=int64), array([], dtype=int64), array([], dtype=int64), array([], dtype=int64), array([], dtype=int64), array([], dtype=int64), array([], dtype=int64), array([], dtype=int64), array([], dtype=int64)], acl_delta_t: [], xfr_delta_t: [], br_delta_t: []
contingency delta branches. acl: 219, xfr: 0, dcl: 0
construct bus,t-indexed right hand side. time: 0.00032711029052734375
solve for base case bus,t-indexed theta. time: 0.15506315231323242
num AC branches with possible violations in ACL contingencies: 0
num AC branches with possible violations in DCL contingencies: 0
num AC branches with possible violations in XFR contingencies: 0
t: 0, time: 0.16504693031311035, memory_info: {'rss bytes': 434356224, 'rss human': '414.2M', 'percent': 0.16073574055380438}
num AC branches with possible violations in ACL contingencies: 0
num AC branches with possible violations in DCL contingencies: 0
num AC branches with possible violations in XFR contingencies: 0
t: 1, time: 0.18545174598693848, memory_info: {'rss bytes': 439119872, 'rss human': '418.8M', 'percent': 0.162498552841761}
num AC branches with possible violations in ACL contingencies: 0
num AC branches with possible violations in DCL contingencies: 0
num AC branches with possible violations in XFR contingencies: 0
t: 2, time: 0.10767078399658203, memory_info: {'rss bytes': 439857152, 'rss human': '419.5M', 'percent': 0.16277138707377495}
num AC branches with possible violations in ACL contingencies: 0
num AC branches with possible violations in DCL contingencies: 0
num AC branches with possible violations in XFR contingencies: 0
t: 3, time: 0.11065912246704102, memory_info: {'rss bytes': 439857152, 'rss human': '419.5M', 'percent': 0.16277138707377495}
num AC branches with possible violations in ACL contingencies: 0
num AC branches with possible violations in DCL contingencies: 0
num AC branches with possible violations in XFR contingencies: 0
t: 4, time: 0.14767932891845703, memory_info: {'rss bytes': 439857152, 'rss human': '419.5M', 'percent': 0.16277138707377495}
num AC branches with possible violations in ACL contingencies: 0
num AC branches with possible violations in DCL contingencies: 0
num AC branches with possible violations in XFR contingencies: 0
t: 5, time: 0.15574002265930176, memory_info: {'rss bytes': 440475648, 'rss human': '420.1M', 'percent': 0.16300026467951997}
num AC branches with possible violations in ACL contingencies: 0
num AC branches with possible violations in DCL contingencies: 0
num AC branches with possible violations in XFR contingencies: 0
t: 6, time: 0.15331745147705078, memory_info: {'rss bytes': 440475648, 'rss human': '420.1M', 'percent': 0.16300026467951997}
num AC branches with possible violations in ACL contingencies: 0
num AC branches with possible violations in DCL contingencies: 0
num AC branches with possible violations in XFR contingencies: 0
t: 7, time: 0.15121006965637207, memory_info: {'rss bytes': 440475648, 'rss human': '420.1M', 'percent': 0.16300026467951997}
num AC branches with possible violations in ACL contingencies: 0
num AC branches with possible violations in DCL contingencies: 0
num AC branches with possible violations in XFR contingencies: 0
t: 8, time: 0.14830303192138672, memory_info: {'rss bytes': 440475648, 'rss human': '420.1M', 'percent': 0.16300026467951997}
num AC branches with possible violations in ACL contingencies: 0
num AC branches with possible violations in DCL contingencies: 0
num AC branches with possible violations in XFR contingencies: 0
t: 9, time: 0.14465594291687012, memory_info: {'rss bytes': 440475648, 'rss human': '420.1M', 'percent': 0.16300026467951997}
num AC branches with possible violations in ACL contingencies: 0
num AC branches with possible violations in DCL contingencies: 0
num AC branches with possible violations in XFR contingencies: 0
t: 10, time: 0.1486835479736328, memory_info: {'rss bytes': 440635392, 'rss human': '420.2M', 'percent': 0.163059378763123}
num AC branches with possible violations in ACL contingencies: 0
num AC branches with possible violations in DCL contingencies: 0
num AC branches with possible violations in XFR contingencies: 0
t: 11, time: 0.1495048999786377, memory_info: {'rss bytes': 440635392, 'rss human': '420.2M', 'percent': 0.163059378763123}
num AC branches with possible violations in ACL contingencies: 0
num AC branches with possible violations in DCL contingencies: 0
num AC branches with possible violations in XFR contingencies: 0
t: 12, time: 0.15276050567626953, memory_info: {'rss bytes': 440635392, 'rss human': '420.2M', 'percent': 0.163059378763123}
num AC branches with possible violations in ACL contingencies: 0
num AC branches with possible violations in DCL contingencies: 0
num AC branches with possible violations in XFR contingencies: 0
t: 13, time: 0.15093326568603516, memory_info: {'rss bytes': 440635392, 'rss human': '420.2M', 'percent': 0.163059378763123}
num AC branches with possible violations in ACL contingencies: 0
num AC branches with possible violations in DCL contingencies: 0
num AC branches with possible violations in XFR contingencies: 0
t: 14, time: 0.1497509479522705, memory_info: {'rss bytes': 440635392, 'rss human': '420.2M', 'percent': 0.163059378763123}
num AC branches with possible violations in ACL contingencies: 0
num AC branches with possible violations in DCL contingencies: 0
num AC branches with possible violations in XFR contingencies: 0
t: 15, time: 0.14733433723449707, memory_info: {'rss bytes': 440635392, 'rss human': '420.2M', 'percent': 0.163059378763123}
num AC branches with possible violations in ACL contingencies: 0
num AC branches with possible violations in DCL contingencies: 0
num AC branches with possible violations in XFR contingencies: 0
t: 16, time: 0.14586806297302246, memory_info: {'rss bytes': 440635392, 'rss human': '420.2M', 'percent': 0.163059378763123}
num AC branches with possible violations in ACL contingencies: 0
num AC branches with possible violations in DCL contingencies: 0
num AC branches with possible violations in XFR contingencies: 0
t: 17, time: 0.14548063278198242, memory_info: {'rss bytes': 440635392, 'rss human': '420.2M', 'percent': 0.163059378763123}
initialize_m_w_time: 0.0020775794982910156
compute_static_w_time: 0.1339108943939209
get_time_varying_branch_characteristics_time: 0.0014643669128417969
construct_a_t_time: 0.009343147277832031
factor_a_t_time: 0.03468799591064453
compute_w_with_t_a_solve_time: 1.5557177066802979
compute_v_t_time: 4.5299530029296875e-06
compute_w_with_t_smw_time: 1.6689300537109375e-06
compute_v_time: 0.0035784244537353516
compute_bus_theta_with_t_a_solve_time: 0.002520322799682617
compute_bus_theta_with_t_smw_time: 1.6689300537109375e-06
compute_br_p_time: 0.004341840744018555
apply_w_v_wt_time: 0.007229804992675781
compute_bus_dtheta_rhs_dcl_k_time: 0.002910614013671875
compute_w_v_wt_xfr_k_time: 0.0025758743286132812
compute_bus_dtheta_rhs_xfr_k_time: 2.6226043701171875e-06
compute_br_acl_delta_k_p_delta_time: 0.0398252010345459
compute_br_dcl_delta_k_p_delta_time: 0.0016543865203857422
compute_br_xfr_delta_k_p_delta_time: 0.0011854171752929688
filter_branches_acl_k_time: 0.011405229568481445
filter_branches_dcl_k_time: 0.0030853748321533203
filter_branches_xfr_k_time: 0.003043651580810547
compute_br_acl_delta_k_p_time: 0.005353450775146484
compute_br_dcl_delta_k_p_time: 7.724761962890625e-05
compute_br_xfr_delta_k_p_time: 5.1975250244140625e-05
compute_br_acl_delta_k_s_over_time: 0.9489955902099609
compute_br_dcl_delta_k_s_over_time: 0.0006353855133056641
compute_br_xfr_delta_k_s_over_time: 0.0005686283111572266
zero_out_time: 9.846687316894531e-05
get_max_br_acl_delta_k_s_over_time: 0.0026133060455322266
get_max_br_dcl_delta_k_s_over_time: 4.0531158447265625e-06
get_max_br_xfr_delta_k_s_over_time: 1.9073486328125e-06
compute_br_k_z_time: 0.0026340484619140625
collect_penalties_into_obj_array_time: 0.0002911090850830078
end of contingency model method 1, memory info: {'rss bytes': 440635392, 'rss human': '420.2M', 'percent': 0.163059378763123}
function: eval_post_contingency_model, time: 2.97141695022583
function: eval_post_contingency_model, time: 2.9714300632476807
function: run, time: 3.816201686859131
after solution_evaluator.run(), memory info: {'rss bytes': 414900224, 'rss human': '395.7M', 'percent': 0.15353594832010353}
evaluation summary:
{'feas': 1,
 'infeas': 0,
 'info_i_i_k_t_disconnected_ctg': {'idx': {0: None, 1: None, 2: None, 3: None},
                                   'val': 0},
 'info_i_i_t_disconnected_base': {'idx': {0: None, 1: None, 2: None}, 'val': 0},
 'sum_acl_t_u_sd': 0,
 'sum_acl_t_u_su': 0,
 'sum_acl_t_z_s': 0.0,
 'sum_acl_t_z_sd': 0.0,
 'sum_acl_t_z_su': 0.0,
 'sum_bus_t_z_p': 47608790.30088187,
 'sum_bus_t_z_q': 124141997.90362573,
 'sum_cs_t_z_p': 108041285.34394237,
 'sum_pr_t_z_p': 61126.31401462943,
 'sum_prz_t_z_nsc': 221188.5050239125,
 'sum_prz_t_z_rgd': 18269.375303254394,
 'sum_prz_t_z_rgu': 18269.375303254394,
 'sum_prz_t_z_rrd': 0.0,
 'sum_prz_t_z_rru': 0.0,
 'sum_prz_t_z_scr': 111769.70411331445,
 'sum_qrz_t_z_qrd': 0.0,
 'sum_qrz_t_z_qru': 0.0,
 'sum_sd_t_sd': 0,
 'sum_sd_t_su': 0,
 'sum_sd_t_z_nsc': 0.0,
 'sum_sd_t_z_on': 1571578.8433080001,
 'sum_sd_t_z_qrd': 0.0,
 'sum_sd_t_z_qru': 0.0,
 'sum_sd_t_z_rgd': 0.0,
 'sum_sd_t_z_rgu': 0.0,
 'sum_sd_t_z_rrd_off': 0.0,
 'sum_sd_t_z_rrd_on': 0.0,
 'sum_sd_t_z_rru_off': 0.0,
 'sum_sd_t_z_rru_on': 0.0,
 'sum_sd_t_z_scr': 0.0,
 'sum_sd_t_z_sd': 0.0,
 'sum_sd_t_z_su': 0.0,
 'sum_sd_t_z_sus': 0.0,
 'sum_xfr_t_u_sd': 0,
 'sum_xfr_t_u_su': 0,
 'sum_xfr_t_z_s': 0.0,
 'sum_xfr_t_z_sd': 0.0,
 'sum_xfr_t_z_su': 0.0,
 'viol_acl_acl_t_s_max_ctg': {'idx': {0: None, 1: None, 2: None}, 'val': 0.0},
 'viol_acl_dcl_t_s_max_ctg': {'idx': {0: None, 1: None, 2: None}, 'val': 0.0},
 'viol_acl_t_s_max': {'idx': {0: 'acl_0000', 1: 0}, 'val': 0.0},
 'viol_acl_t_u_sd_max': {'idx': {0: 'acl_0000', 1: 0}, 'val': 0},
 'viol_acl_t_u_su_max': {'idx': {0: 'acl_0000', 1: 0}, 'val': 0},
 'viol_acl_xfr_t_s_max_ctg': {'idx': {0: None, 1: None, 2: None}, 'val': 0.0},
 'viol_bus_t_p_balance_max': {'idx': {0: 'bus_0394', 1: 16},
                              'val': 1.0859281000001078},
 'viol_bus_t_p_balance_min': {'idx': {0: 'bus_1492', 1: 16},
                              'val': -2.644762257901508},
 'viol_bus_t_q_balance_max': {'idx': {0: 'bus_1492', 1: 0},
                              'val': 5.0658154877624915},
 'viol_bus_t_q_balance_min': {'idx': {0: 'bus_0394', 1: 0},
                              'val': -3.895473664775446},
 'viol_bus_t_v_max': {'idx': {0: 'bus_0000', 1: 0}, 'val': 0.0},
 'viol_bus_t_v_min': {'idx': {0: 'bus_0000', 1: 0}, 'val': 0.0},
 'viol_cs_t_p_off_max': {'idx': {0: 'sd_0615', 1: 0}, 'val': 0.0},
 'viol_cs_t_p_off_min': {'idx': {0: 'sd_0615', 1: 0}, 'val': 0.0},
 'viol_cs_t_p_on_max': {'idx': {0: 'sd_0615', 1: 0}, 'val': 0.0},
 'viol_cs_t_p_on_min': {'idx': {0: 'sd_0615', 1: 0}, 'val': 0.0},
 'viol_cs_t_q_max': {'idx': {0: 'sd_0615', 1: 0}, 'val': 0.0},
 'viol_cs_t_q_min': {'idx': {0: 'sd_0615', 1: 0}, 'val': 0.0},
 'viol_cs_t_q_p_max': {'idx': {0: None, 1: None}, 'val': None},
 'viol_cs_t_q_p_min': {'idx': {0: None, 1: None}, 'val': None},
 'viol_dcl_t_p_max': {'idx': {0: None, 1: None}, 'val': None},
 'viol_dcl_t_p_min': {'idx': {0: None, 1: None}, 'val': None},
 'viol_dcl_t_q_fr_max': {'idx': {0: None, 1: None}, 'val': None},
 'viol_dcl_t_q_fr_min': {'idx': {0: None, 1: None}, 'val': None},
 'viol_dcl_t_q_to_max': {'idx': {0: None, 1: None}, 'val': None},
 'viol_dcl_t_q_to_min': {'idx': {0: None, 1: None}, 'val': None},
 'viol_pr_t_p_off_max': {'idx': {0: 'sd_0000', 1: 0}, 'val': 0.0},
 'viol_pr_t_p_off_min': {'idx': {0: 'sd_0000', 1: 0}, 'val': 0.0},
 'viol_pr_t_p_on_max': {'idx': {0: 'sd_0000', 1: 0}, 'val': 0.0},
 'viol_pr_t_p_on_min': {'idx': {0: 'sd_0000', 1: 0}, 'val': 0.0},
 'viol_pr_t_q_max': {'idx': {0: 'sd_0000', 1: 0}, 'val': 0.0},
 'viol_pr_t_q_min': {'idx': {0: 'sd_0000', 1: 0}, 'val': 0.0},
 'viol_pr_t_q_p_max': {'idx': {0: None, 1: None}, 'val': None},
 'viol_pr_t_q_p_min': {'idx': {0: None, 1: None}, 'val': None},
 'viol_prz_t_p_nsc_balance': {'idx': {0: 'prz_0', 1: 0},
                              'val': 28.169008881255973},
 'viol_prz_t_p_rgd_balance': {'idx': {0: 'prz_0', 1: 0},
                              'val': 3.14260349649086},
 'viol_prz_t_p_rgu_balance': {'idx': {0: 'prz_0', 1: 0},
                              'val': 3.14260349649086},
 'viol_prz_t_p_rrd_balance': {'idx': {0: 'prz_0', 1: 0}, 'val': 0.0},
 'viol_prz_t_p_rru_balance': {'idx': {0: 'prz_0', 1: 0}, 'val': 0.0},
 'viol_prz_t_p_scr_balance': {'idx': {0: 'prz_0', 1: 0},
                              'val': 15.655806188873417},
 'viol_qrz_t_q_qrd_balance': {'idx': {0: 'qrz_0', 1: 0}, 'val': 0.0},
 'viol_qrz_t_q_qru_balance': {'idx': {0: 'qrz_0', 1: 0}, 'val': 0.0},
 'viol_sd_max_energy_constr': {'idx': {0: 'sd_0000', 1: 0}, 'val': 0.0},
 'viol_sd_max_startup_constr': {'idx': {0: 'sd_0000', 1: 0}, 'val': 0},
 'viol_sd_min_energy_constr': {'idx': {0: 'sd_0000', 1: 0}, 'val': 0.0},
 'viol_sd_t_d_dn_min': {'idx': {0: 'sd_0000', 1: 0}, 'val': 0},
 'viol_sd_t_d_up_min': {'idx': {0: 'sd_0000', 1: 0}, 'val': 0},
 'viol_sd_t_p_nsc_max': {'idx': {0: 'sd_0000', 1: 0}, 'val': 0.0},
 'viol_sd_t_p_nsc_nonneg': {'idx': {0: 'sd_0000', 1: 0}, 'val': -0.0},
 'viol_sd_t_p_ramp_dn_max': {'idx': {0: 'sd_0000', 1: 0}, 'val': 0.0},
 'viol_sd_t_p_ramp_up_max': {'idx': {0: 'sd_0000', 1: 0}, 'val': 0.0},
 'viol_sd_t_p_rgd_max': {'idx': {0: 'sd_0000', 1: 0}, 'val': 0.0},
 'viol_sd_t_p_rgd_nonneg': {'idx': {0: 'sd_0000', 1: 0}, 'val': -0.0},
 'viol_sd_t_p_rgu_max': {'idx': {0: 'sd_0000', 1: 0}, 'val': 0.0},
 'viol_sd_t_p_rgu_nonneg': {'idx': {0: 'sd_0000', 1: 0}, 'val': -0.0},
 'viol_sd_t_p_rrd_off_max': {'idx': {0: 'sd_0000', 1: 0}, 'val': 0.0},
 'viol_sd_t_p_rrd_off_nonneg': {'idx': {0: 'sd_0000', 1: 0}, 'val': -0.0},
 'viol_sd_t_p_rrd_on_max': {'idx': {0: 'sd_0000', 1: 0}, 'val': 0.0},
 'viol_sd_t_p_rrd_on_nonneg': {'idx': {0: 'sd_0000', 1: 0}, 'val': -0.0},
 'viol_sd_t_p_rru_off_max': {'idx': {0: 'sd_0000', 1: 0}, 'val': 0.0},
 'viol_sd_t_p_rru_off_nonneg': {'idx': {0: 'sd_0000', 1: 0}, 'val': -0.0},
 'viol_sd_t_p_rru_on_max': {'idx': {0: 'sd_0000', 1: 0}, 'val': 0.0},
 'viol_sd_t_p_rru_on_nonneg': {'idx': {0: 'sd_0000', 1: 0}, 'val': -0.0},
 'viol_sd_t_p_scr_max': {'idx': {0: 'sd_0000', 1: 0}, 'val': 0.0},
 'viol_sd_t_p_scr_nonneg': {'idx': {0: 'sd_0000', 1: 0}, 'val': -0.0},
 'viol_sd_t_q_qrd_nonneg': {'idx': {0: 'sd_0000', 1: 0}, 'val': -0.0},
 'viol_sd_t_q_qru_nonneg': {'idx': {0: 'sd_0000', 1: 0}, 'val': -0.0},
 'viol_sd_t_u_on_max': {'idx': {0: 'sd_0000', 1: 0}, 'val': 0},
 'viol_sd_t_u_on_min': {'idx': {0: 'sd_0000', 1: 0}, 'val': 0},
 'viol_sh_t_u_st_max': {'idx': {0: 'sh_00', 1: 0}, 'val': 0},
 'viol_sh_t_u_st_min': {'idx': {0: 'sh_00', 1: 0}, 'val': 0},
 'viol_t_connected_base': {'idx': {0: 0}, 'val': 0},
 'viol_t_connected_ctg': {'idx': {0: 0}, 'val': 0},
 'viol_xfr_acl_t_s_max_ctg': {'idx': {0: None, 1: None, 2: None}, 'val': 0.0},
 'viol_xfr_dcl_t_s_max_ctg': {'idx': {0: None, 1: None, 2: None}, 'val': 0.0},
 'viol_xfr_t_phi_max': {'idx': {0: 'xfr_000', 1: 0}, 'val': 0.0},
 'viol_xfr_t_phi_min': {'idx': {0: 'xfr_000', 1: 0}, 'val': 0.0},
 'viol_xfr_t_s_max': {'idx': {0: 'xfr_000', 1: 0}, 'val': 0.0},
 'viol_xfr_t_tau_max': {'idx': {0: 'xfr_000', 1: 0}, 'val': 0.0},
 'viol_xfr_t_tau_min': {'idx': {0: 'xfr_000', 1: 0}, 'val': 0.0},
 'viol_xfr_t_u_sd_max': {'idx': {0: 'xfr_000', 1: 0}, 'val': 0},
 'viol_xfr_t_u_su_max': {'idx': {0: 'xfr_000', 1: 0}, 'val': 0},
 'viol_xfr_xfr_t_s_max_ctg': {'idx': {0: None, 1: None, 2: None}, 'val': 0.0},
 'z': -65711704.9776316,
 'z_base': -65711704.9776316,
 'z_cost': 1632705.1573226296,
 'z_k_average_case': 0.0,
 'z_k_worst_case': 0.0,
 'z_max_energy': 0.0,
 'z_min_energy': 0.0,
 'z_penalty': 172120285.16425133,
 'z_value': 108041285.34394237}
infeasibility summary:
{}
feas: 1
obj: -65711704.9776316
evaluate solution time: 3.8255808353424072
end of check_data(), memory info: {'rss bytes': 415154176, 'rss human': '395.9M', 'percent': 0.153629924555575}
