/rcfs/dtn/arpacomp/.conda/envs/goc_eval/lib/python3.10/site-packages/scipy/sparse/linalg/_dsolve/linsolve.py:347: SparseEfficiencyWarning: splu converted its input to CSC format
  warn('splu converted its input to CSC format', SparseEfficiencyWarning)
args:
Namespace(problem_opt=None, problem='/qfs/projects/goc/share/data/C3/E1/D1/C3E1N01576D1/scenario_130.json', solution='/qfs/projects/goc/share/data/C3/E1/D1/C3E1N01576D1/scenario_130.json.pop_solution.json', configuration=None, parameters='{}', summary_csv='summary.csv', summary_json='summary.json', data_errors='data_errors.txt', ignored_errors='ignored_errors.txt', solution_errors='solution_errors.txt', pop_solution=None, scrubbed_problem=None)
problem data file: /qfs/projects/goc/share/data/C3/E1/D1/C3E1N01576D1/scenario_130.json

pop solution data file: None

solution data file: /qfs/projects/goc/share/data/C3/E1/D1/C3E1N01576D1/scenario_130.json.pop_solution.json

git info: {'C3DataUtilities': {'branch': None, 'commit': '417faef61bd7caf40b3ea0dc36c5e033ca7ea3d5', 'date': 'Fri Dec 30 07:03:34 2022 -0800', 'query_return_code': 0, 'query_err': '', 'query_path': '/qfs/projects/goc/share/loadbalancing/src/nonmpi-template/Challenge3/C3DataUtilities/datautilities', 'query_out': 'commit 417faef61bd7caf40b3ea0dc36c5e033ca7ea3d5\nAuthor: Jesse T Holzer <jesse.holzer@pnnl.gov>\nDate:   Fri Dec 30 07:03:34 2022 -0800\n\n    add z_value, z_cost, z_penalty components of z_base\n'}, 'Bid-DS-data-model': {'branch': None, 'commit': None, 'date': None, 'query_return_code': 128, 'query_err': 'fatal: Not a git repository (or any parent up to mount point /rcfs)\nStopping at filesystem boundary (GIT_DISCOVERY_ACROSS_FILESYSTEM not set).\n', 'query_path': '/rcfs/dtn/arpacomp/.conda/envs/goc_eval/lib/python3.10/site-packages/datamodel', 'query_out': ''}}

after reading problem without validation, memory info: {'rss bytes': 178888704, 'rss human': '170.6M', 'percent': 0.06619867916097896}
read problem data file without validation time: 0.35142946243286133
after reading problem with validation, memory info: {'rss bytes': 311189504, 'rss human': '296.8M', 'percent': 0.1151572663501446}
load time: 2.9180169105529785
{'general': {'base_norm_mva': 100.0,
             'day_type': None,
             'electricity_demand': None,
             'net_load': None,
             'season': None,
             'solar_availability': None,
             'timestamp_start': None,
             'timestamp_stop': None,
             'vre_availability': None,
             'weather_temperature': None,
             'wind_availability': None},
 'interval durations': [0.25,
                        0.25,
                        0.25,
                        0.25,
                        0.25,
                        0.25,
                        0.25,
                        0.25,
                        0.5,
                        0.5,
                        0.5,
                        0.5,
                        0.5,
                        0.5,
                        0.5,
                        0.5,
                        1.0,
                        1.0],
 'num ac lines': 2227,
 'num buses': 1576,
 'num consuming devices': 1449,
 'num contingencies': 219,
 'num dc lines': 0,
 'num intervals': 18,
 'num producing devices': 615,
 'num reactive power reserve zones': 2,
 'num real power reserve zones': 2,
 'num shunts': 68,
 'num simple dispatchable devices': 2064,
 'num transformers': 144,
 'total duration': 8.0,
 'violation costs': {'e_vio_cost': 100000.0,
                     'p_bus_vio_cost': 100000.0,
                     'q_bus_vio_cost': 100000.0,
                     's_vio_cost': 100000.0}}
after read solution without validation, memory info: {'rss bytes': 319569920, 'rss human': '304.8M', 'percent': 0.1182584821207029}
read solution data file without validation time: 0.09587240219116211
after read solution with validation, memory info: {'rss bytes': 352821248, 'rss human': '336.5M', 'percent': 0.13056330598453098}
solution load time: 1.1194956302642822
after solution_model_checks(), memory info: {'rss bytes': 352821248, 'rss human': '336.5M', 'percent': 0.13056330598453098}
solution model_checks time: 0.014856815338134766
{}
after problem_data_array.set_from_data_model(), memory info: {'rss bytes': 364679168, 'rss human': '347.8M', 'percent': 0.13495138988275493}
convert problem data to numpy arrays time: 0.470186710357666
after solution_data_array.set_from_data_model(), memory info: {'rss bytes': 369266688, 'rss human': '352.2M', 'percent': 0.13664902510417493}
convert solution data to numpy arrays time: 0.043854475021362305
function: set_summary, time: 0.00017881393432617188
function: set_problem, time: 9.5367431640625e-07
function: set_solution, time: 3.814697265625e-06
function: set_solution_zero, time: 0.0004544258117675781
function: set_work_zero, time: 0.0004787445068359375
function: set_matrices, time: 0.005014181137084961
function: __init__, time: 0.00615692138671875
function: eval_sd_t_d_up_dn, time: 0.0008897781372070312
function: eval_sd_max_startup, time: 0.046690940856933594
function: eval_sd_t_z_sus, time: 0.03340029716491699
function: eval_acl_t_p_q_fr_to, time: 0.0025031566619873047
function: eval_xfr_t_p_q_fr_to, time: 0.000247955322265625
function: eval_sd_t_su_sd_trajectories, time: 0.0004138946533203125
function: eval_sd_max_energy, time: 0.0012919902801513672
function: eval_sd_min_energy, time: 0.0008172988891601562
function: eval_sd_t_z_p, time: 0.09896397590637207
function: eval_bus_t_p, time: 0.0010983943939208984
function: eval_bus_t_q, time: 0.0005071163177490234
sd_t_p_rgu sum: 0.0
prz_sigma_rgu max: 0.01
prz_t_p_rgu_req max: 3.142748959088666
sd_t_p_rgd sum: 0.0
prz_sigma_rgd max: 0.01
prz_t_p_rgd_req max: 3.142748959088666
sd_t_p_scr sum: 0.0
prz_sigma_scr max: 1.0
prz_t_p_scr_req max: 12.51320269767986
sd_t_p_nsc sum: 0.0
prz_sigma_nsc max: 1.0
prz_t_p_nsc_req max: 12.51320269767986
sd_t_p_rru sum: 0.0
prz_t_p_rru_min max: 0.0
sd_t_p_rrd sum: 0.0
prz_t_p_rrd_min max: 0.0
sd_t_p_qru sum: 0.0
qrz_t_q_qru_min max: 0.0
sd_t_p_qrd sum: 0.0
qrz_t_q_qrd_min max: 0.0
function: get_connected_components, time: 0.008469104766845703
function: get_bridges, time: 0.027612686157226562
function: get_connected_components, time: 0.006746053695678711
function: get_bridges, time: 0.027518033981323242
function: get_connected_components, time: 0.006682872772216797
function: get_bridges, time: 0.027657032012939453
function: get_connected_components, time: 0.0067636966705322266
function: get_bridges, time: 0.02721881866455078
function: get_connected_components, time: 0.006752729415893555
function: get_bridges, time: 0.027243375778198242
function: get_connected_components, time: 0.006812334060668945
function: get_bridges, time: 0.02733778953552246
function: get_connected_components, time: 0.007052421569824219
function: get_bridges, time: 0.027352094650268555
function: get_connected_components, time: 0.007049560546875
function: get_bridges, time: 0.02779698371887207
function: get_connected_components, time: 0.006906747817993164
function: get_bridges, time: 0.027338266372680664
function: get_connected_components, time: 0.0069580078125
function: get_bridges, time: 0.027478933334350586
function: get_connected_components, time: 0.006955146789550781
function: get_bridges, time: 0.02758479118347168
function: get_connected_components, time: 0.006891012191772461
function: get_bridges, time: 0.027433156967163086
function: get_connected_components, time: 0.00693821907043457
function: get_bridges, time: 0.027617692947387695
function: get_connected_components, time: 0.0068531036376953125
function: get_bridges, time: 0.027802705764770508
function: get_connected_components, time: 0.006890773773193359
function: get_bridges, time: 0.02804732322692871
function: get_connected_components, time: 0.006835222244262695
function: get_bridges, time: 0.027773618698120117
function: get_connected_components, time: 0.0068836212158203125
function: get_bridges, time: 0.027848482131958008
function: get_connected_components, time: 0.006899118423461914
function: get_bridges, time: 0.027556896209716797
end of eval_connectedness(), memory info: {'rss bytes': 409899008, 'rss human': '390.9M', 'percent': 0.15168522277960908}
function: eval_connectedness, time: 0.6502566337585449
problem dimensions. bus: 1576, acl: 2227, xfr: 144, dcl: 0, k: 219, t: 18
construct static bus admittance matrix. time: 0.0011401176452636719
factor static bus admittance matrix. time: 0.009594202041625977
t_acl_delta_t: [array([], dtype=int64), array([], dtype=int64), array([], dtype=int64), array([], dtype=int64), array([], dtype=int64), array([], dtype=int64), array([], dtype=int64), array([], dtype=int64), array([], dtype=int64), array([], dtype=int64), array([], dtype=int64), array([], dtype=int64), array([], dtype=int64), array([], dtype=int64), array([], dtype=int64), array([], dtype=int64), array([], dtype=int64), array([], dtype=int64)], t_xfr_delta_t: [array([], dtype=int64), array([], dtype=int64), array([], dtype=int64), array([], dtype=int64), array([], dtype=int64), array([], dtype=int64), array([], dtype=int64), array([], dtype=int64), array([], dtype=int64), array([], dtype=int64), array([], dtype=int64), array([], dtype=int64), array([], dtype=int64), array([], dtype=int64), array([], dtype=int64), array([], dtype=int64), array([], dtype=int64), array([], dtype=int64)], t_br_delta_t: [array([], dtype=int64), array([], dtype=int64), array([], dtype=int64), array([], dtype=int64), array([], dtype=int64), array([], dtype=int64), array([], dtype=int64), array([], dtype=int64), array([], dtype=int64), array([], dtype=int64), array([], dtype=int64), array([], dtype=int64), array([], dtype=int64), array([], dtype=int64), array([], dtype=int64), array([], dtype=int64), array([], dtype=int64), array([], dtype=int64)], acl_delta_t: [], xfr_delta_t: [], br_delta_t: []
contingency delta branches. acl: 219, xfr: 0, dcl: 0
construct bus,t-indexed right hand side. time: 0.00032591819763183594
solve for base case bus,t-indexed theta. time: 0.13952851295471191
num AC branches with possible violations in ACL contingencies: 0
num AC branches with possible violations in DCL contingencies: 0
num AC branches with possible violations in XFR contingencies: 0
t: 0, time: 0.19666457176208496, memory_info: {'rss bytes': 447201280, 'rss human': '426.5M', 'percent': 0.16548911917378034}
num AC branches with possible violations in ACL contingencies: 0
num AC branches with possible violations in DCL contingencies: 0
num AC branches with possible violations in XFR contingencies: 0
t: 1, time: 0.22898030281066895, memory_info: {'rss bytes': 452026368, 'rss human': '431.1M', 'percent': 0.16727466764773813}
num AC branches with possible violations in ACL contingencies: 0
num AC branches with possible violations in DCL contingencies: 0
num AC branches with possible violations in XFR contingencies: 0
t: 2, time: 0.21892070770263672, memory_info: {'rss bytes': 452702208, 'rss human': '431.7M', 'percent': 0.1675247656937509}
num AC branches with possible violations in ACL contingencies: 0
num AC branches with possible violations in DCL contingencies: 0
num AC branches with possible violations in XFR contingencies: 0
t: 3, time: 0.17023539543151855, memory_info: {'rss bytes': 452702208, 'rss human': '431.7M', 'percent': 0.1675247656937509}
num AC branches with possible violations in ACL contingencies: 0
num AC branches with possible violations in DCL contingencies: 0
num AC branches with possible violations in XFR contingencies: 0
t: 4, time: 0.18046069145202637, memory_info: {'rss bytes': 452702208, 'rss human': '431.7M', 'percent': 0.1675247656937509}
num AC branches with possible violations in ACL contingencies: 0
num AC branches with possible violations in DCL contingencies: 0
num AC branches with possible violations in XFR contingencies: 0
t: 5, time: 0.15884661674499512, memory_info: {'rss bytes': 453517312, 'rss human': '432.5M', 'percent': 0.16782639909469965}
num AC branches with possible violations in ACL contingencies: 0
num AC branches with possible violations in DCL contingencies: 0
num AC branches with possible violations in XFR contingencies: 0
t: 6, time: 0.12022113800048828, memory_info: {'rss bytes': 453517312, 'rss human': '432.5M', 'percent': 0.16782639909469965}
num AC branches with possible violations in ACL contingencies: 0
num AC branches with possible violations in DCL contingencies: 0
num AC branches with possible violations in XFR contingencies: 0
t: 7, time: 0.10580706596374512, memory_info: {'rss bytes': 453517312, 'rss human': '432.5M', 'percent': 0.16782639909469965}
num AC branches with possible violations in ACL contingencies: 0
num AC branches with possible violations in DCL contingencies: 0
num AC branches with possible violations in XFR contingencies: 0
t: 8, time: 0.10220050811767578, memory_info: {'rss bytes': 453517312, 'rss human': '432.5M', 'percent': 0.16782639909469965}
num AC branches with possible violations in ACL contingencies: 0
num AC branches with possible violations in DCL contingencies: 0
num AC branches with possible violations in XFR contingencies: 0
t: 9, time: 0.10282588005065918, memory_info: {'rss bytes': 453517312, 'rss human': '432.5M', 'percent': 0.16782639909469965}
num AC branches with possible violations in ACL contingencies: 0
num AC branches with possible violations in DCL contingencies: 0
num AC branches with possible violations in XFR contingencies: 0
t: 10, time: 0.10191726684570312, memory_info: {'rss bytes': 453517312, 'rss human': '432.5M', 'percent': 0.16782639909469965}
num AC branches with possible violations in ACL contingencies: 0
num AC branches with possible violations in DCL contingencies: 0
num AC branches with possible violations in XFR contingencies: 0
t: 11, time: 0.09333658218383789, memory_info: {'rss bytes': 453517312, 'rss human': '432.5M', 'percent': 0.16782639909469965}
num AC branches with possible violations in ACL contingencies: 0
num AC branches with possible violations in DCL contingencies: 0
num AC branches with possible violations in XFR contingencies: 0
t: 12, time: 0.10051870346069336, memory_info: {'rss bytes': 453517312, 'rss human': '432.5M', 'percent': 0.16782639909469965}
num AC branches with possible violations in ACL contingencies: 0
num AC branches with possible violations in DCL contingencies: 0
num AC branches with possible violations in XFR contingencies: 0
t: 13, time: 0.1012430191040039, memory_info: {'rss bytes': 453517312, 'rss human': '432.5M', 'percent': 0.16782639909469965}
num AC branches with possible violations in ACL contingencies: 0
num AC branches with possible violations in DCL contingencies: 0
num AC branches with possible violations in XFR contingencies: 0
t: 14, time: 0.10182666778564453, memory_info: {'rss bytes': 453517312, 'rss human': '432.5M', 'percent': 0.16782639909469965}
num AC branches with possible violations in ACL contingencies: 0
num AC branches with possible violations in DCL contingencies: 0
num AC branches with possible violations in XFR contingencies: 0
t: 15, time: 0.10261273384094238, memory_info: {'rss bytes': 453517312, 'rss human': '432.5M', 'percent': 0.16782639909469965}
num AC branches with possible violations in ACL contingencies: 0
num AC branches with possible violations in DCL contingencies: 0
num AC branches with possible violations in XFR contingencies: 0
t: 16, time: 0.1047971248626709, memory_info: {'rss bytes': 453517312, 'rss human': '432.5M', 'percent': 0.16782639909469965}
num AC branches with possible violations in ACL contingencies: 0
num AC branches with possible violations in DCL contingencies: 0
num AC branches with possible violations in XFR contingencies: 0
t: 17, time: 0.09547042846679688, memory_info: {'rss bytes': 453517312, 'rss human': '432.5M', 'percent': 0.16782639909469965}
initialize_m_w_time: 0.0019154548645019531
compute_static_w_time: 0.1497645378112793
get_time_varying_branch_characteristics_time: 0.0021486282348632812
construct_a_t_time: 0.010615110397338867
factor_a_t_time: 0.03589224815368652
compute_w_with_t_a_solve_time: 1.5322024822235107
compute_v_t_time: 3.337860107421875e-06
compute_w_with_t_smw_time: 2.86102294921875e-06
compute_v_time: 0.0041348934173583984
compute_bus_theta_with_t_a_solve_time: 0.0025892257690429688
compute_bus_theta_with_t_smw_time: 2.384185791015625e-06
compute_br_p_time: 0.004539012908935547
apply_w_v_wt_time: 0.01004934310913086
compute_bus_dtheta_rhs_dcl_k_time: 0.0034852027893066406
compute_w_v_wt_xfr_k_time: 0.0027527809143066406
compute_bus_dtheta_rhs_xfr_k_time: 3.5762786865234375e-06
compute_br_acl_delta_k_p_delta_time: 0.06447005271911621
compute_br_dcl_delta_k_p_delta_time: 0.0017726421356201172
compute_br_xfr_delta_k_p_delta_time: 0.0011858940124511719
filter_branches_acl_k_time: 0.014708280563354492
filter_branches_dcl_k_time: 0.0031468868255615234
filter_branches_xfr_k_time: 0.003079652786254883
compute_br_acl_delta_k_p_time: 0.0055484771728515625
compute_br_dcl_delta_k_p_time: 7.724761962890625e-05
compute_br_xfr_delta_k_p_time: 5.2928924560546875e-05
compute_br_acl_delta_k_s_over_time: 0.6730375289916992
compute_br_dcl_delta_k_s_over_time: 0.0007290840148925781
compute_br_xfr_delta_k_s_over_time: 0.0005712509155273438
zero_out_time: 0.00011038780212402344
get_max_br_acl_delta_k_s_over_time: 0.003045320510864258
get_max_br_dcl_delta_k_s_over_time: 2.86102294921875e-06
get_max_br_xfr_delta_k_s_over_time: 2.384185791015625e-06
compute_br_k_z_time: 0.002637624740600586
collect_penalties_into_obj_array_time: 0.00031113624572753906
end of contingency model method 1, memory info: {'rss bytes': 453517312, 'rss human': '432.5M', 'percent': 0.16782639909469965}
function: eval_post_contingency_model, time: 2.7116122245788574
function: eval_post_contingency_model, time: 2.7116281986236572
function: run, time: 3.5670642852783203
after solution_evaluator.run(), memory info: {'rss bytes': 427868160, 'rss human': '408.0M', 'percent': 0.15833479931208183}
evaluation summary:
{'feas': 1,
 'infeas': 0,
 'info_i_i_k_t_disconnected_ctg': {'idx': {0: None, 1: None, 2: None, 3: None},
                                   'val': 0},
 'info_i_i_t_disconnected_base': {'idx': {0: None, 1: None, 2: None}, 'val': 0},
 'sum_acl_t_u_sd': 0,
 'sum_acl_t_u_su': 0,
 'sum_acl_t_z_s': 0.0,
 'sum_acl_t_z_sd': 0.0,
 'sum_acl_t_z_su': 0.0,
 'sum_bus_t_z_p': 46113569.21166107,
 'sum_bus_t_z_q': 129410117.88898619,
 'sum_cs_t_z_p': 113931137.49950388,
 'sum_pr_t_z_p': 61126.332032178194,
 'sum_prz_t_z_nsc': 222191.84003792357,
 'sum_prz_t_z_rgd': 19272.702793964927,
 'sum_prz_t_z_rgu': 19272.702793964927,
 'sum_prz_t_z_rrd': 0.0,
 'sum_prz_t_z_rru': 0.0,
 'sum_prz_t_z_scr': 112773.03411123769,
 'sum_qrz_t_z_qrd': 0.0,
 'sum_qrz_t_z_qru': 0.0,
 'sum_sd_t_sd': 0,
 'sum_sd_t_su': 0,
 'sum_sd_t_z_nsc': 0.0,
 'sum_sd_t_z_on': 1571578.8433080001,
 'sum_sd_t_z_qrd': 0.0,
 'sum_sd_t_z_qru': 0.0,
 'sum_sd_t_z_rgd': 0.0,
 'sum_sd_t_z_rgu': 0.0,
 'sum_sd_t_z_rrd_off': 0.0,
 'sum_sd_t_z_rrd_on': 0.0,
 'sum_sd_t_z_rru_off': 0.0,
 'sum_sd_t_z_rru_on': 0.0,
 'sum_sd_t_z_scr': 0.0,
 'sum_sd_t_z_sd': 0.0,
 'sum_sd_t_z_su': 0.0,
 'sum_sd_t_z_sus': 0.0,
 'sum_xfr_t_u_sd': 0,
 'sum_xfr_t_u_su': 0,
 'sum_xfr_t_z_s': 0.0,
 'sum_xfr_t_z_sd': 0.0,
 'sum_xfr_t_z_su': 0.0,
 'viol_acl_acl_t_s_max_ctg': {'idx': {0: None, 1: None, 2: None}, 'val': 0.0},
 'viol_acl_dcl_t_s_max_ctg': {'idx': {0: None, 1: None, 2: None}, 'val': 0.0},
 'viol_acl_t_s_max': {'idx': {0: 'acl_0000', 1: 0}, 'val': 0.0},
 'viol_acl_t_u_sd_max': {'idx': {0: 'acl_0000', 1: 0}, 'val': 0},
 'viol_acl_t_u_su_max': {'idx': {0: 'acl_0000', 1: 0}, 'val': 0},
 'viol_acl_xfr_t_s_max_ctg': {'idx': {0: None, 1: None, 2: None}, 'val': 0.0},
 'viol_bus_t_p_balance_max': {'idx': {0: 'bus_0394', 1: 0},
                              'val': 3.1552094572001077},
 'viol_bus_t_p_balance_min': {'idx': {0: 'bus_1492', 1: 16},
                              'val': -2.052252196663515},
 'viol_bus_t_q_balance_max': {'idx': {0: 'bus_1492', 1: 0},
                              'val': 5.0658154877624915},
 'viol_bus_t_q_balance_min': {'idx': {0: 'bus_0394', 1: 0},
                              'val': -3.895473664775446},
 'viol_bus_t_v_max': {'idx': {0: 'bus_0000', 1: 0}, 'val': 0.0},
 'viol_bus_t_v_min': {'idx': {0: 'bus_0000', 1: 0}, 'val': 0.0},
 'viol_cs_t_p_off_max': {'idx': {0: 'sd_0615', 1: 0}, 'val': 0.0},
 'viol_cs_t_p_off_min': {'idx': {0: 'sd_0615', 1: 0}, 'val': 0.0},
 'viol_cs_t_p_on_max': {'idx': {0: 'sd_0615', 1: 0}, 'val': 0.0},
 'viol_cs_t_p_on_min': {'idx': {0: 'sd_0615', 1: 0}, 'val': 0.0},
 'viol_cs_t_q_max': {'idx': {0: 'sd_0615', 1: 0}, 'val': 0.0},
 'viol_cs_t_q_min': {'idx': {0: 'sd_0615', 1: 0}, 'val': 0.0},
 'viol_cs_t_q_p_max': {'idx': {0: None, 1: None}, 'val': None},
 'viol_cs_t_q_p_min': {'idx': {0: None, 1: None}, 'val': None},
 'viol_dcl_t_p_max': {'idx': {0: None, 1: None}, 'val': None},
 'viol_dcl_t_p_min': {'idx': {0: None, 1: None}, 'val': None},
 'viol_dcl_t_q_fr_max': {'idx': {0: None, 1: None}, 'val': None},
 'viol_dcl_t_q_fr_min': {'idx': {0: None, 1: None}, 'val': None},
 'viol_dcl_t_q_to_max': {'idx': {0: None, 1: None}, 'val': None},
 'viol_dcl_t_q_to_min': {'idx': {0: None, 1: None}, 'val': None},
 'viol_pr_t_p_off_max': {'idx': {0: 'sd_0000', 1: 0}, 'val': 0.0},
 'viol_pr_t_p_off_min': {'idx': {0: 'sd_0000', 1: 0}, 'val': 0.0},
 'viol_pr_t_p_on_max': {'idx': {0: 'sd_0000', 1: 0}, 'val': 0.0},
 'viol_pr_t_p_on_min': {'idx': {0: 'sd_0000', 1: 0}, 'val': 0.0},
 'viol_pr_t_q_max': {'idx': {0: 'sd_0000', 1: 0}, 'val': 0.0},
 'viol_pr_t_q_min': {'idx': {0: 'sd_0000', 1: 0}, 'val': 0.0},
 'viol_pr_t_q_p_max': {'idx': {0: None, 1: None}, 'val': None},
 'viol_pr_t_q_p_min': {'idx': {0: None, 1: None}, 'val': None},
 'viol_prz_t_p_nsc_balance': {'idx': {0: 'prz_0', 1: 0},
                              'val': 28.16915434300507},
 'viol_prz_t_p_rgd_balance': {'idx': {0: 'prz_0', 1: 0},
                              'val': 3.142748959088666},
 'viol_prz_t_p_rgu_balance': {'idx': {0: 'prz_0', 1: 0},
                              'val': 3.142748959088666},
 'viol_prz_t_p_rrd_balance': {'idx': {0: 'prz_0', 1: 0}, 'val': 0.0},
 'viol_prz_t_p_rru_balance': {'idx': {0: 'prz_0', 1: 0}, 'val': 0.0},
 'viol_prz_t_p_scr_balance': {'idx': {0: 'prz_0', 1: 0},
                              'val': 15.655951651046868},
 'viol_qrz_t_q_qrd_balance': {'idx': {0: 'qrz_0', 1: 0}, 'val': 0.0},
 'viol_qrz_t_q_qru_balance': {'idx': {0: 'qrz_0', 1: 0}, 'val': 0.0},
 'viol_sd_max_energy_constr': {'idx': {0: 'sd_0000', 1: 0}, 'val': 0.0},
 'viol_sd_max_startup_constr': {'idx': {0: 'sd_0000', 1: 0}, 'val': 0},
 'viol_sd_min_energy_constr': {'idx': {0: 'sd_0000', 1: 0}, 'val': 0.0},
 'viol_sd_t_d_dn_min': {'idx': {0: 'sd_0000', 1: 0}, 'val': 0},
 'viol_sd_t_d_up_min': {'idx': {0: 'sd_0000', 1: 0}, 'val': 0},
 'viol_sd_t_p_nsc_max': {'idx': {0: 'sd_0000', 1: 0}, 'val': 0.0},
 'viol_sd_t_p_nsc_nonneg': {'idx': {0: 'sd_0000', 1: 0}, 'val': -0.0},
 'viol_sd_t_p_ramp_dn_max': {'idx': {0: 'sd_0000', 1: 0}, 'val': 0.0},
 'viol_sd_t_p_ramp_up_max': {'idx': {0: 'sd_0000', 1: 0}, 'val': 0.0},
 'viol_sd_t_p_rgd_max': {'idx': {0: 'sd_0000', 1: 0}, 'val': 0.0},
 'viol_sd_t_p_rgd_nonneg': {'idx': {0: 'sd_0000', 1: 0}, 'val': -0.0},
 'viol_sd_t_p_rgu_max': {'idx': {0: 'sd_0000', 1: 0}, 'val': 0.0},
 'viol_sd_t_p_rgu_nonneg': {'idx': {0: 'sd_0000', 1: 0}, 'val': -0.0},
 'viol_sd_t_p_rrd_off_max': {'idx': {0: 'sd_0000', 1: 0}, 'val': 0.0},
 'viol_sd_t_p_rrd_off_nonneg': {'idx': {0: 'sd_0000', 1: 0}, 'val': -0.0},
 'viol_sd_t_p_rrd_on_max': {'idx': {0: 'sd_0000', 1: 0}, 'val': 0.0},
 'viol_sd_t_p_rrd_on_nonneg': {'idx': {0: 'sd_0000', 1: 0}, 'val': -0.0},
 'viol_sd_t_p_rru_off_max': {'idx': {0: 'sd_0000', 1: 0}, 'val': 0.0},
 'viol_sd_t_p_rru_off_nonneg': {'idx': {0: 'sd_0000', 1: 0}, 'val': -0.0},
 'viol_sd_t_p_rru_on_max': {'idx': {0: 'sd_0000', 1: 0}, 'val': 0.0},
 'viol_sd_t_p_rru_on_nonneg': {'idx': {0: 'sd_0000', 1: 0}, 'val': -0.0},
 'viol_sd_t_p_scr_max': {'idx': {0: 'sd_0000', 1: 0}, 'val': 0.0},
 'viol_sd_t_p_scr_nonneg': {'idx': {0: 'sd_0000', 1: 0}, 'val': -0.0},
 'viol_sd_t_q_qrd_nonneg': {'idx': {0: 'sd_0000', 1: 0}, 'val': -0.0},
 'viol_sd_t_q_qru_nonneg': {'idx': {0: 'sd_0000', 1: 0}, 'val': -0.0},
 'viol_sd_t_u_on_max': {'idx': {0: 'sd_0000', 1: 0}, 'val': 0},
 'viol_sd_t_u_on_min': {'idx': {0: 'sd_0000', 1: 0}, 'val': 0},
 'viol_sh_t_u_st_max': {'idx': {0: 'sh_00', 1: 0}, 'val': 0},
 'viol_sh_t_u_st_min': {'idx': {0: 'sh_00', 1: 0}, 'val': 0},
 'viol_t_connected_base': {'idx': {0: 0}, 'val': 0},
 'viol_t_connected_ctg': {'idx': {0: 0}, 'val': 0},
 'viol_xfr_acl_t_s_max_ctg': {'idx': {0: None, 1: None, 2: None}, 'val': 0.0},
 'viol_xfr_dcl_t_s_max_ctg': {'idx': {0: None, 1: None, 2: None}, 'val': 0.0},
 'viol_xfr_t_phi_max': {'idx': {0: 'xfr_000', 1: 0}, 'val': 0.0},
 'viol_xfr_t_phi_min': {'idx': {0: 'xfr_000', 1: 0}, 'val': 0.0},
 'viol_xfr_t_s_max': {'idx': {0: 'xfr_000', 1: 0}, 'val': 0.0},
 'viol_xfr_t_tau_max': {'idx': {0: 'xfr_000', 1: 0}, 'val': 0.0},
 'viol_xfr_t_tau_min': {'idx': {0: 'xfr_000', 1: 0}, 'val': 0.0},
 'viol_xfr_t_u_sd_max': {'idx': {0: 'xfr_000', 1: 0}, 'val': 0},
 'viol_xfr_t_u_su_max': {'idx': {0: 'xfr_000', 1: 0}, 'val': 0},
 'viol_xfr_xfr_t_s_max_ctg': {'idx': {0: None, 1: None, 2: None}, 'val': 0.0},
 'z': -63598765.05622049,
 'z_base': -63598765.05622049,
 'z_cost': 1632705.1753401784,
 'z_k_average_case': 0.0,
 'z_k_worst_case': 0.0,
 'z_max_energy': 0.0,
 'z_min_energy': 0.0,
 'z_penalty': 175897197.38038436,
 'z_value': 113931137.49950388}
infeasibility summary:
{}
feas: 1
obj: -63598765.05622049
evaluate solution time: 3.5766212940216064
end of check_data(), memory info: {'rss bytes': 428113920, 'rss human': '408.3M', 'percent': 0.15842574405608648}
