/rcfs/dtn/arpacomp/.conda/envs/goc_eval/lib/python3.10/site-packages/scipy/sparse/linalg/_dsolve/linsolve.py:347: SparseEfficiencyWarning: splu converted its input to CSC format
  warn('splu converted its input to CSC format', SparseEfficiencyWarning)
args:
Namespace(problem_opt=None, problem='/qfs/projects/goc/share/data/C3/E1/D1/C3E1N01576D1/scenario_112.json_scrubbed.json', solution='/qfs/projects/goc/share/data/C3/E1/D1/C3E1N01576D1/scenario_112.json.pop_solution.json', configuration=None, parameters='{}', summary_csv='summary.csv', summary_json='summary.json', data_errors='data_errors.txt', ignored_errors='ignored_errors.txt', solution_errors='solution_errors.txt', pop_solution=None, scrubbed_problem=None)
problem data file: /qfs/projects/goc/share/data/C3/E1/D1/C3E1N01576D1/scenario_112.json_scrubbed.json

pop solution data file: None

solution data file: /qfs/projects/goc/share/data/C3/E1/D1/C3E1N01576D1/scenario_112.json.pop_solution.json

git info: {'C3DataUtilities': {'branch': None, 'commit': 'db95afa558c9d522ed52e7eedbd03837c4b9530d', 'date': 'Mon Feb 6 13:38:56 2023 -0800', 'query_return_code': 0, 'query_err': '', 'query_path': '/qfs/projects/goc/share/loadbalancing/src/nonmpi-template/Challenge3/C3DataUtilities/datautilities', 'query_out': 'commit db95afa558c9d522ed52e7eedbd03837c4b9530d\nAuthor: Jesse T Holzer <jesse.holzer@pnnl.gov>\nDate:   Mon Feb 6 13:38:56 2023 -0800\n\n    add total_switches summary output field\n'}, 'Bid-DS-data-model': {'branch': None, 'commit': None, 'date': None, 'query_return_code': 128, 'query_err': 'fatal: Not a git repository (or any parent up to mount point /rcfs)\nStopping at filesystem boundary (GIT_DISCOVERY_ACROSS_FILESYSTEM not set).\n', 'query_path': '/rcfs/dtn/arpacomp/.conda/envs/goc_eval/lib/python3.10/site-packages/datamodel', 'query_out': ''}}

after reading problem without validation, memory info: {'rss bytes': 185155584, 'rss human': '176.6M', 'percent': 0.06851777013309733}
read problem data file without validation time: 0.3484477996826172
after reading problem with validation, memory info: {'rss bytes': 317386752, 'rss human': '302.7M', 'percent': 0.11745058964479499}
load time: 2.8530259132385254
{'general': {'base_norm_mva': 100.0,
             'day_type': None,
             'electricity_demand': None,
             'net_load': None,
             'season': None,
             'solar_availability': None,
             'timestamp_start': None,
             'timestamp_stop': None,
             'vre_availability': None,
             'weather_temperature': None,
             'wind_availability': None},
 'interval durations': [0.25,
                        0.25,
                        0.25,
                        0.25,
                        0.25,
                        0.25,
                        0.25,
                        0.25,
                        0.5,
                        0.5,
                        0.5,
                        0.5,
                        0.5,
                        0.5,
                        0.5,
                        0.5,
                        1.0,
                        1.0],
 'num ac lines': 2227,
 'num buses': 1576,
 'num consuming devices': 1449,
 'num contingencies': 219,
 'num dc lines': 0,
 'num intervals': 18,
 'num producing devices': 615,
 'num reactive power reserve zones': 2,
 'num real power reserve zones': 2,
 'num shunts': 68,
 'num simple dispatchable devices': 2064,
 'num transformers': 144,
 'total duration': 8.0,
 'violation costs': {'e_vio_cost': 100000.0,
                     'p_bus_vio_cost': 100000.0,
                     'q_bus_vio_cost': 100000.0,
                     's_vio_cost': 100000.0}}
after read solution without validation, memory info: {'rss bytes': 325767168, 'rss human': '310.7M', 'percent': 0.12055180541535328}
read solution data file without validation time: 0.09373259544372559
after read solution with validation, memory info: {'rss bytes': 359018496, 'rss human': '342.4M', 'percent': 0.13285662927918135}
solution load time: 1.0745058059692383
after solution_model_checks(), memory info: {'rss bytes': 359018496, 'rss human': '342.4M', 'percent': 0.13285662927918135}
solution model_checks time: 0.015047550201416016
{}
after problem_data_array.set_from_data_model(), memory info: {'rss bytes': 370946048, 'rss human': '353.8M', 'percent': 0.1372704808548733}
convert problem data to numpy arrays time: 0.4724867343902588
after solution_data_array.set_from_data_model(), memory info: {'rss bytes': 375533568, 'rss human': '358.1M', 'percent': 0.1389681160762933}
convert solution data to numpy arrays time: 0.04292464256286621
function: set_summary, time: 0.00017118453979492188
function: set_problem, time: 9.5367431640625e-07
function: set_solution, time: 4.5299530029296875e-06
function: set_solution_zero, time: 0.00038814544677734375
function: set_work_zero, time: 0.00041365623474121094
function: set_matrices, time: 0.23056960105895996
function: __init__, time: 0.23157691955566406
function: eval_sd_t_d_up_dn, time: 0.0008502006530761719
function: eval_sd_max_startup, time: 0.047498226165771484
function: eval_sd_t_z_sus, time: 0.0338594913482666
function: eval_acl_t_p_q_fr_to, time: 0.0024755001068115234
function: eval_xfr_t_p_q_fr_to, time: 0.000244140625
function: eval_sd_t_su_sd_trajectories, time: 0.0004112720489501953
function: eval_sd_max_energy, time: 0.0012764930725097656
function: eval_sd_min_energy, time: 0.0007414817810058594
function: eval_sd_t_z_p, time: 0.09842038154602051
function: eval_bus_t_p, time: 0.0025634765625
function: eval_bus_t_q, time: 0.0006711483001708984
sd_t_p_rgu sum: 0.0
prz_sigma_rgu max: 0.01
prz_t_p_rgu_req max: 3.1428831074703734
sd_t_p_rgd sum: 0.0
prz_sigma_rgd max: 0.01
prz_t_p_rgd_req max: 3.1428831074703734
sd_t_p_scr sum: 0.0
prz_sigma_scr max: 1.0
prz_t_p_scr_req max: 12.513202698125655
sd_t_p_nsc sum: 0.0
prz_sigma_nsc max: 1.0
prz_t_p_nsc_req max: 12.513202698125655
sd_t_p_rru sum: 0.0
prz_t_p_rru_min max: 0.0
sd_t_p_rrd sum: 0.0
prz_t_p_rrd_min max: 0.0
sd_t_p_qru sum: 0.0
qrz_t_q_qru_min max: 0.0
sd_t_p_qrd sum: 0.0
qrz_t_q_qrd_min max: 0.0
function: get_connected_components, time: 0.008357763290405273
function: get_bridges, time: 0.027556419372558594
function: get_connected_components, time: 0.006713390350341797
function: get_bridges, time: 0.027173280715942383
function: get_connected_components, time: 0.00661158561706543
function: get_bridges, time: 0.026984214782714844
function: get_connected_components, time: 0.006669044494628906
function: get_bridges, time: 0.027084827423095703
function: get_connected_components, time: 0.006606101989746094
function: get_bridges, time: 0.02712702751159668
function: get_connected_components, time: 0.006699323654174805
function: get_bridges, time: 0.02710723876953125
function: get_connected_components, time: 0.006936788558959961
function: get_bridges, time: 0.027228355407714844
function: get_connected_components, time: 0.006913185119628906
function: get_bridges, time: 0.027286291122436523
function: get_connected_components, time: 0.006963253021240234
function: get_bridges, time: 0.02728438377380371
function: get_connected_components, time: 0.006977558135986328
function: get_bridges, time: 0.027326345443725586
function: get_connected_components, time: 0.0068166255950927734
function: get_bridges, time: 0.027398347854614258
function: get_connected_components, time: 0.006968498229980469
function: get_bridges, time: 0.02748274803161621
function: get_connected_components, time: 0.006865978240966797
function: get_bridges, time: 0.027411222457885742
function: get_connected_components, time: 0.006775856018066406
function: get_bridges, time: 0.027744293212890625
function: get_connected_components, time: 0.006983518600463867
function: get_bridges, time: 0.02764725685119629
function: get_connected_components, time: 0.006758451461791992
function: get_bridges, time: 0.027881860733032227
function: get_connected_components, time: 0.00687098503112793
function: get_bridges, time: 0.0276644229888916
function: get_connected_components, time: 0.006877899169921875
function: get_bridges, time: 0.027611732482910156
end of eval_connectedness(), memory info: {'rss bytes': 416440320, 'rss human': '397.1M', 'percent': 0.15410586871586598}
function: eval_connectedness, time: 0.6458938121795654
problem dimensions. bus: 1576, acl: 2227, xfr: 144, dcl: 0, k: 219, t: 18
construct static bus admittance matrix. time: 0.0015549659729003906
factor static bus admittance matrix. time: 0.015124320983886719
t_acl_delta_t: [array([], dtype=int64), array([], dtype=int64), array([], dtype=int64), array([], dtype=int64), array([], dtype=int64), array([], dtype=int64), array([], dtype=int64), array([], dtype=int64), array([], dtype=int64), array([], dtype=int64), array([], dtype=int64), array([], dtype=int64), array([], dtype=int64), array([], dtype=int64), array([], dtype=int64), array([], dtype=int64), array([], dtype=int64), array([], dtype=int64)], t_xfr_delta_t: [array([], dtype=int64), array([], dtype=int64), array([], dtype=int64), array([], dtype=int64), array([], dtype=int64), array([], dtype=int64), array([], dtype=int64), array([], dtype=int64), array([], dtype=int64), array([], dtype=int64), array([], dtype=int64), array([], dtype=int64), array([], dtype=int64), array([], dtype=int64), array([], dtype=int64), array([], dtype=int64), array([], dtype=int64), array([], dtype=int64)], t_br_delta_t: [array([], dtype=int64), array([], dtype=int64), array([], dtype=int64), array([], dtype=int64), array([], dtype=int64), array([], dtype=int64), array([], dtype=int64), array([], dtype=int64), array([], dtype=int64), array([], dtype=int64), array([], dtype=int64), array([], dtype=int64), array([], dtype=int64), array([], dtype=int64), array([], dtype=int64), array([], dtype=int64), array([], dtype=int64), array([], dtype=int64)], acl_delta_t: [], xfr_delta_t: [], br_delta_t: []
contingency delta branches. acl: 219, xfr: 0, dcl: 0
construct bus,t-indexed right hand side. time: 0.00032401084899902344
solve for base case bus,t-indexed theta. time: 0.14082670211791992
v_acl_k: [-1.19076484e-02 -1.01324350e-02 -2.66285766e-02 -4.40462154e-02
 -4.40462154e-02 -1.33108601e-02 -1.33108601e-02 -1.33108601e-02
 -1.33108601e-02 -1.33108601e-02 -9.79503691e-05 -8.79796089e-05
 -1.05566564e-07 -6.24707723e-04 -5.92369398e-04 -1.20131753e-03
 -1.20131753e-03 -6.62673058e-04 -6.62673058e-04 -5.66415672e-03
 -1.59399647e-03 -1.99011968e-03 -1.99011968e-03 -1.55357278e-06
 -9.49182051e-06 -1.95261444e-03 -5.76822010e-03 -2.02154676e-03
 -5.79438327e-04 -1.21037868e-04 -1.21037868e-04 -1.18254185e-04
 -8.83259549e-05 -3.44692308e-04 -3.44692308e-04 -1.37716621e-03
 -8.11384697e-03 -7.47757860e-03 -4.89363399e-05 -7.87415347e-05
 -1.48989723e-04 -4.15039023e-03 -9.56539556e-06 -8.21719903e-03
 -3.28630317e-03 -3.28630317e-03 -3.32613117e-03 -3.33608867e-03
 -3.11416883e-03 -3.19382641e-03 -3.17391082e-03 -7.06749151e-03
 -5.16266159e-04 -5.16266159e-04 -1.56120070e-04 -2.19791492e-03
 -2.19791492e-03 -3.97529980e-04 -1.59518524e-03 -9.02013035e-03
 -9.02013035e-03 -9.18623364e-04 -9.18623364e-04 -5.66155090e-06
 -5.93990270e-03 -5.93990270e-03 -6.65971414e-04 -3.95831724e-04
 -5.46494062e-04 -3.95831724e-04 -5.38360394e-03 -5.40351894e-03
 -5.31379581e-03 -5.31379581e-03 -6.60252008e-04 -2.12634011e-05
 -2.12634011e-05 -5.51547442e-03 -5.51547442e-03 -5.51547442e-03
 -4.95634850e-04 -4.25072678e-04 -4.25072678e-04 -4.25072678e-04
 -1.64490804e-04 -1.64490804e-04 -1.36113163e-04 -4.65910155e-03
 -4.65910155e-03 -4.65910155e-03 -3.16824599e-03 -3.16824599e-03
 -3.16824599e-03 -3.16824599e-03 -6.61124606e-03 -6.62084712e-03
 -4.37692556e-03 -4.47181522e-03 -1.99121128e-02 -1.29209151e-02
 -1.29209151e-02 -1.27240944e-02 -3.28662796e-03 -3.28662796e-03
 -9.58082112e-03 -9.58082112e-03 -1.29736265e-03 -1.91671053e-03
 -1.45562522e-02 -1.45761660e-02 -1.57590292e-03 -7.56768389e-03
 -1.35600000e-03 -1.35600000e-03 -1.99853629e-03 -5.20228777e-04
 -2.00078032e-05 -1.12621924e-05 -8.80975337e-03 -7.16254082e-03
 -7.09284001e-03 -8.98187850e-03 -3.32830031e-02 -3.35393938e-02
 -1.25048770e-06 -7.43476317e-03 -4.57045996e-06 -1.12177425e-02
 -9.69714795e-07 -4.72707654e-03 -4.72707654e-03 -2.58025452e-02
 -9.93160355e-06 -3.65148708e-03 -3.65148708e-03 -3.70127229e-03
 -3.60776350e-03 -3.60776350e-03 -4.64380736e-03 -4.64380736e-03
 -4.62908081e-03 -6.48743527e-03 -3.54797146e-03 -2.33715865e-02
 -1.77787352e-02 -6.96434029e-04 -6.96434029e-04 -1.08163857e-03
 -1.08163857e-03 -1.04249652e-04 -1.04249652e-04 -2.54901332e-05
 -3.06521065e-04 -3.06521065e-04 -3.06521065e-04 -7.84171009e-05
 -1.55076743e-03 -1.55076743e-03 -5.85800587e-04 -5.85800587e-04
 -5.85800587e-04 -8.09266148e-05 -4.78750305e-03 -4.78750305e-03
 -4.78750305e-03 -4.78750305e-03 -8.40794500e-02 -8.41114743e-02
 -9.03388126e-03 -4.84906962e-02 -6.96480518e-03 -2.30091413e-02
 -1.34449255e-02 -6.21917162e-03 -6.18963429e-03 -1.48935992e-03
 -2.10719454e-02 -2.10719454e-02 -2.99416575e-02 -2.58828026e-05
 -4.64397775e-03 -4.65524674e-03 -2.14822309e-02 -2.14722739e-02
 -2.18515921e-02 -1.33644853e-02 -1.33757527e-02 -1.33757527e-02
 -2.79351988e-02 -3.95274263e-03 -3.95274263e-03 -5.48991039e-03
 -9.66979817e-03 -9.97752193e-03 -2.42327862e-03 -2.40336369e-03
 -2.77452248e-02 -5.13927827e-05 -1.32155909e-04 -2.30823186e-04
 -1.58164097e-04 -6.04333370e-03 -3.18375167e-03 -3.66578082e-03
 -3.66578082e-03 -9.17565630e-03 -2.95850320e-03 -4.48100100e-03
 -4.48100100e-03 -4.48100100e-03 -9.06532049e-03 -8.97439085e-03
 -2.56008709e-03 -3.31500705e-03 -3.31500705e-03 -5.77788069e-07
 -2.01733829e-03 -2.01733829e-03 -2.01733829e-03]
acl_u[acl_delta_k]: [1 1 1 1 1 1 1 1 1 1 1 1 1 1 1 1 1 1 1 1 1 1 1 1 1 1 1 1 1 1 1 1 1 1 1 1 1
 1 1 1 1 1 1 1 1 1 1 1 1 1 1 1 1 1 1 1 1 1 1 1 1 1 1 1 1 1 1 1 1 1 1 1 1 1
 1 1 1 1 1 1 1 1 1 1 1 1 1 1 1 1 1 1 1 1 1 1 1 1 1 1 1 1 1 1 1 1 1 1 1 1 1
 1 1 1 1 1 1 1 1 1 1 1 1 1 1 1 1 1 1 1 1 1 1 1 1 1 1 1 1 1 1 1 1 1 1 1 1 1
 1 1 1 1 1 1 1 1 1 1 1 1 1 1 1 1 1 1 1 1 1 1 1 1 1 1 1 1 1 1 1 1 1 1 1 1 0
 0 1 1 1 1 1 1 1 1 1 1 1 1 1 1 1 1 1 1 1 0 1 1 1 1 1 1 1 1 1 1 1 1 1]
num AC branches with possible violations in ACL contingencies: 0
num AC branches with possible violations in DCL contingencies: 0
num AC branches with possible violations in XFR contingencies: 0
t: 0, time: 0.15837812423706055, memory_info: {'rss bytes': 451657728, 'rss human': '430.7M', 'percent': 0.16713825053173118}
v_acl_k: [-1.19076484e-02 -1.01324350e-02 -2.66285766e-02 -4.40462154e-02
 -4.40462154e-02 -1.33108601e-02 -1.33108601e-02 -1.33108601e-02
 -1.33108601e-02 -1.33108601e-02 -9.79503691e-05 -8.79796089e-05
 -1.05566564e-07 -6.24707723e-04 -5.92369398e-04 -1.20131753e-03
 -1.20131753e-03 -6.62673058e-04 -6.62673058e-04 -5.66415672e-03
 -1.59399647e-03 -1.99011968e-03 -1.99011968e-03 -1.55357278e-06
 -9.49182051e-06 -1.95261444e-03 -5.76822010e-03 -2.02154676e-03
 -5.79438327e-04 -1.21037868e-04 -1.21037868e-04 -1.18254185e-04
 -8.83259549e-05 -3.44692308e-04 -3.44692308e-04 -1.37716621e-03
 -8.11384697e-03 -7.47757860e-03 -4.89363399e-05 -7.87415347e-05
 -1.48989723e-04 -4.15039023e-03 -9.56539556e-06 -8.21719903e-03
 -3.28630317e-03 -3.28630317e-03 -3.32613117e-03 -3.33608867e-03
 -3.11416883e-03 -3.19382641e-03 -3.17391082e-03 -7.06749151e-03
 -5.16266159e-04 -5.16266159e-04 -1.56120070e-04 -2.19791492e-03
 -2.19791492e-03 -3.97529980e-04 -1.59518524e-03 -9.02013035e-03
 -9.02013035e-03 -9.18623364e-04 -9.18623364e-04 -5.66155090e-06
 -5.93990270e-03 -5.93990270e-03 -6.65971414e-04 -3.95831724e-04
 -5.46494062e-04 -3.95831724e-04 -5.38360394e-03 -5.40351894e-03
 -5.31379581e-03 -5.31379581e-03 -6.60252008e-04 -2.12634011e-05
 -2.12634011e-05 -5.51547442e-03 -5.51547442e-03 -5.51547442e-03
 -4.95634850e-04 -4.25072678e-04 -4.25072678e-04 -4.25072678e-04
 -1.64490804e-04 -1.64490804e-04 -1.36113163e-04 -4.65910155e-03
 -4.65910155e-03 -4.65910155e-03 -3.16824599e-03 -3.16824599e-03
 -3.16824599e-03 -3.16824599e-03 -6.61124606e-03 -6.62084712e-03
 -4.37692556e-03 -4.47181522e-03 -1.99121128e-02 -1.29209151e-02
 -1.29209151e-02 -1.27240944e-02 -3.28662796e-03 -3.28662796e-03
 -9.58082112e-03 -9.58082112e-03 -1.29736265e-03 -1.91671053e-03
 -1.45562522e-02 -1.45761660e-02 -1.57590292e-03 -7.56768389e-03
 -1.35600000e-03 -1.35600000e-03 -1.99853629e-03 -5.20228777e-04
 -2.00078032e-05 -1.12621924e-05 -8.80975337e-03 -7.16254082e-03
 -7.09284001e-03 -8.98187850e-03 -3.32830031e-02 -3.35393938e-02
 -1.25048770e-06 -7.43476317e-03 -4.57045996e-06 -1.12177425e-02
 -9.69714795e-07 -4.72707654e-03 -4.72707654e-03 -2.58025452e-02
 -9.93160355e-06 -3.65148708e-03 -3.65148708e-03 -3.70127229e-03
 -3.60776350e-03 -3.60776350e-03 -4.64380736e-03 -4.64380736e-03
 -4.62908081e-03 -6.48743527e-03 -3.54797146e-03 -2.33715865e-02
 -1.77787352e-02 -6.96434029e-04 -6.96434029e-04 -1.08163857e-03
 -1.08163857e-03 -1.04249652e-04 -1.04249652e-04 -2.54901332e-05
 -3.06521065e-04 -3.06521065e-04 -3.06521065e-04 -7.84171009e-05
 -1.55076743e-03 -1.55076743e-03 -5.85800587e-04 -5.85800587e-04
 -5.85800587e-04 -8.09266148e-05 -4.78750305e-03 -4.78750305e-03
 -4.78750305e-03 -4.78750305e-03 -8.40794500e-02 -8.41114743e-02
 -9.03388126e-03 -4.84906962e-02 -6.96480518e-03 -2.30091413e-02
 -1.34449255e-02 -6.21917162e-03 -6.18963429e-03 -1.48935992e-03
 -2.10719454e-02 -2.10719454e-02 -2.99416575e-02 -2.58828026e-05
 -4.64397775e-03 -4.65524674e-03 -2.14822309e-02 -2.14722739e-02
 -2.18515921e-02 -1.33644853e-02 -1.33757527e-02 -1.33757527e-02
 -2.79351988e-02 -3.95274263e-03 -3.95274263e-03 -5.48991039e-03
 -9.66979817e-03 -9.97752193e-03 -2.42327862e-03 -2.40336369e-03
 -2.77452248e-02 -5.13927827e-05 -1.32155909e-04 -2.30823186e-04
 -1.58164097e-04 -6.04333370e-03 -3.18375167e-03 -3.66578082e-03
 -3.66578082e-03 -9.17565630e-03 -2.95850320e-03 -4.48100100e-03
 -4.48100100e-03 -4.48100100e-03 -9.06532049e-03 -8.97439085e-03
 -2.56008709e-03 -3.31500705e-03 -3.31500705e-03 -5.77788069e-07
 -2.01733829e-03 -2.01733829e-03 -2.01733829e-03]
acl_u[acl_delta_k]: [1 1 1 1 1 1 1 1 1 1 1 1 1 1 1 1 1 1 1 1 1 1 1 1 1 1 1 1 1 1 1 1 1 1 1 1 1
 1 1 1 1 1 1 1 1 1 1 1 1 1 1 1 1 1 1 1 1 1 1 1 1 1 1 1 1 1 1 1 1 1 1 1 1 1
 1 1 1 1 1 1 1 1 1 1 1 1 1 1 1 1 1 1 1 1 1 1 1 1 1 1 1 1 1 1 1 1 1 1 1 1 1
 1 1 1 1 1 1 1 1 1 1 1 1 1 1 1 1 1 1 1 1 1 1 1 1 1 1 1 1 1 1 1 1 1 1 1 1 1
 1 1 1 1 1 1 1 1 1 1 1 1 1 1 1 1 1 1 1 1 1 1 1 1 1 1 1 1 1 1 1 1 1 1 1 1 0
 0 1 1 1 1 1 1 1 1 1 1 1 1 1 1 1 1 1 1 1 0 1 1 1 1 1 1 1 1 1 1 1 1 1]
num AC branches with possible violations in ACL contingencies: 0
num AC branches with possible violations in DCL contingencies: 0
num AC branches with possible violations in XFR contingencies: 0
t: 1, time: 0.14954233169555664, memory_info: {'rss bytes': 456441856, 'rss human': '435.3M', 'percent': 0.1689086415483549}
v_acl_k: [-1.19076484e-02 -1.01324350e-02 -2.66285766e-02 -4.40462154e-02
 -4.40462154e-02 -1.33108601e-02 -1.33108601e-02 -1.33108601e-02
 -1.33108601e-02 -1.33108601e-02 -9.79503691e-05 -8.79796089e-05
 -1.05566564e-07 -6.24707723e-04 -5.92369398e-04 -1.20131753e-03
 -1.20131753e-03 -6.62673058e-04 -6.62673058e-04 -5.66415672e-03
 -1.59399647e-03 -1.99011968e-03 -1.99011968e-03 -1.55357278e-06
 -9.49182051e-06 -1.95261444e-03 -5.76822010e-03 -2.02154676e-03
 -5.79438327e-04 -1.21037868e-04 -1.21037868e-04 -1.18254185e-04
 -8.83259549e-05 -3.44692308e-04 -3.44692308e-04 -1.37716621e-03
 -8.11384697e-03 -7.47757860e-03 -4.89363399e-05 -7.87415347e-05
 -1.48989723e-04 -4.15039023e-03 -9.56539556e-06 -8.21719903e-03
 -3.28630317e-03 -3.28630317e-03 -3.32613117e-03 -3.33608867e-03
 -3.11416883e-03 -3.19382641e-03 -3.17391082e-03 -7.06749151e-03
 -5.16266159e-04 -5.16266159e-04 -1.56120070e-04 -2.19791492e-03
 -2.19791492e-03 -3.97529980e-04 -1.59518524e-03 -9.02013035e-03
 -9.02013035e-03 -9.18623364e-04 -9.18623364e-04 -5.66155090e-06
 -5.93990270e-03 -5.93990270e-03 -6.65971414e-04 -3.95831724e-04
 -5.46494062e-04 -3.95831724e-04 -5.38360394e-03 -5.40351894e-03
 -5.31379581e-03 -5.31379581e-03 -6.60252008e-04 -2.12634011e-05
 -2.12634011e-05 -5.51547442e-03 -5.51547442e-03 -5.51547442e-03
 -4.95634850e-04 -4.25072678e-04 -4.25072678e-04 -4.25072678e-04
 -1.64490804e-04 -1.64490804e-04 -1.36113163e-04 -4.65910155e-03
 -4.65910155e-03 -4.65910155e-03 -3.16824599e-03 -3.16824599e-03
 -3.16824599e-03 -3.16824599e-03 -6.61124606e-03 -6.62084712e-03
 -4.37692556e-03 -4.47181522e-03 -1.99121128e-02 -1.29209151e-02
 -1.29209151e-02 -1.27240944e-02 -3.28662796e-03 -3.28662796e-03
 -9.58082112e-03 -9.58082112e-03 -1.29736265e-03 -1.91671053e-03
 -1.45562522e-02 -1.45761660e-02 -1.57590292e-03 -7.56768389e-03
 -1.35600000e-03 -1.35600000e-03 -1.99853629e-03 -5.20228777e-04
 -2.00078032e-05 -1.12621924e-05 -8.80975337e-03 -7.16254082e-03
 -7.09284001e-03 -8.98187850e-03 -3.32830031e-02 -3.35393938e-02
 -1.25048770e-06 -7.43476317e-03 -4.57045996e-06 -1.12177425e-02
 -9.69714795e-07 -4.72707654e-03 -4.72707654e-03 -2.58025452e-02
 -9.93160355e-06 -3.65148708e-03 -3.65148708e-03 -3.70127229e-03
 -3.60776350e-03 -3.60776350e-03 -4.64380736e-03 -4.64380736e-03
 -4.62908081e-03 -6.48743527e-03 -3.54797146e-03 -2.33715865e-02
 -1.77787352e-02 -6.96434029e-04 -6.96434029e-04 -1.08163857e-03
 -1.08163857e-03 -1.04249652e-04 -1.04249652e-04 -2.54901332e-05
 -3.06521065e-04 -3.06521065e-04 -3.06521065e-04 -7.84171009e-05
 -1.55076743e-03 -1.55076743e-03 -5.85800587e-04 -5.85800587e-04
 -5.85800587e-04 -8.09266148e-05 -4.78750305e-03 -4.78750305e-03
 -4.78750305e-03 -4.78750305e-03 -8.40794500e-02 -8.41114743e-02
 -9.03388126e-03 -4.84906962e-02 -6.96480518e-03 -2.30091413e-02
 -1.34449255e-02 -6.21917162e-03 -6.18963429e-03 -1.48935992e-03
 -2.10719454e-02 -2.10719454e-02 -2.99416575e-02 -2.58828026e-05
 -4.64397775e-03 -4.65524674e-03 -2.14822309e-02 -2.14722739e-02
 -2.18515921e-02 -1.33644853e-02 -1.33757527e-02 -1.33757527e-02
 -2.79351988e-02 -3.95274263e-03 -3.95274263e-03 -5.48991039e-03
 -9.66979817e-03 -9.97752193e-03 -2.42327862e-03 -2.40336369e-03
 -2.77452248e-02 -5.13927827e-05 -1.32155909e-04 -2.30823186e-04
 -1.58164097e-04 -6.04333370e-03 -3.18375167e-03 -3.66578082e-03
 -3.66578082e-03 -9.17565630e-03 -2.95850320e-03 -4.48100100e-03
 -4.48100100e-03 -4.48100100e-03 -9.06532049e-03 -8.97439085e-03
 -2.56008709e-03 -3.31500705e-03 -3.31500705e-03 -5.77788069e-07
 -2.01733829e-03 -2.01733829e-03 -2.01733829e-03]
acl_u[acl_delta_k]: [1 1 1 1 1 1 1 1 1 1 1 1 1 1 1 1 1 1 1 1 1 1 1 1 1 1 1 1 1 1 1 1 1 1 1 1 1
 1 1 1 1 1 1 1 1 1 1 1 1 1 1 1 1 1 1 1 1 1 1 1 1 1 1 1 1 1 1 1 1 1 1 1 1 1
 1 1 1 1 1 1 1 1 1 1 1 1 1 1 1 1 1 1 1 1 1 1 1 1 1 1 1 1 1 1 1 1 1 1 1 1 1
 1 1 1 1 1 1 1 1 1 1 1 1 1 1 1 1 1 1 1 1 1 1 1 1 1 1 1 1 1 1 1 1 1 1 1 1 1
 1 1 1 1 1 1 1 1 1 1 1 1 1 1 1 1 1 1 1 1 1 1 1 1 1 1 1 1 1 1 1 1 1 1 1 1 0
 0 1 1 1 1 1 1 1 1 1 1 1 1 1 1 1 1 1 1 1 0 1 1 1 1 1 1 1 1 1 1 1 1 1]
num AC branches with possible violations in ACL contingencies: 0
num AC branches with possible violations in DCL contingencies: 0
num AC branches with possible violations in XFR contingencies: 0
t: 2, time: 0.139678955078125, memory_info: {'rss bytes': 456441856, 'rss human': '435.3M', 'percent': 0.1689086415483549}
v_acl_k: [-1.19076484e-02 -1.01324350e-02 -2.66285766e-02 -4.40462154e-02
 -4.40462154e-02 -1.33108601e-02 -1.33108601e-02 -1.33108601e-02
 -1.33108601e-02 -1.33108601e-02 -9.79503691e-05 -8.79796089e-05
 -1.05566564e-07 -6.24707723e-04 -5.92369398e-04 -1.20131753e-03
 -1.20131753e-03 -6.62673058e-04 -6.62673058e-04 -5.66415672e-03
 -1.59399647e-03 -1.99011968e-03 -1.99011968e-03 -1.55357278e-06
 -9.49182051e-06 -1.95261444e-03 -5.76822010e-03 -2.02154676e-03
 -5.79438327e-04 -1.21037868e-04 -1.21037868e-04 -1.18254185e-04
 -8.83259549e-05 -3.44692308e-04 -3.44692308e-04 -1.37716621e-03
 -8.11384697e-03 -7.47757860e-03 -4.89363399e-05 -7.87415347e-05
 -1.48989723e-04 -4.15039023e-03 -9.56539556e-06 -8.21719903e-03
 -3.28630317e-03 -3.28630317e-03 -3.32613117e-03 -3.33608867e-03
 -3.11416883e-03 -3.19382641e-03 -3.17391082e-03 -7.06749151e-03
 -5.16266159e-04 -5.16266159e-04 -1.56120070e-04 -2.19791492e-03
 -2.19791492e-03 -3.97529980e-04 -1.59518524e-03 -9.02013035e-03
 -9.02013035e-03 -9.18623364e-04 -9.18623364e-04 -5.66155090e-06
 -5.93990270e-03 -5.93990270e-03 -6.65971414e-04 -3.95831724e-04
 -5.46494062e-04 -3.95831724e-04 -5.38360394e-03 -5.40351894e-03
 -5.31379581e-03 -5.31379581e-03 -6.60252008e-04 -2.12634011e-05
 -2.12634011e-05 -5.51547442e-03 -5.51547442e-03 -5.51547442e-03
 -4.95634850e-04 -4.25072678e-04 -4.25072678e-04 -4.25072678e-04
 -1.64490804e-04 -1.64490804e-04 -1.36113163e-04 -4.65910155e-03
 -4.65910155e-03 -4.65910155e-03 -3.16824599e-03 -3.16824599e-03
 -3.16824599e-03 -3.16824599e-03 -6.61124606e-03 -6.62084712e-03
 -4.37692556e-03 -4.47181522e-03 -1.99121128e-02 -1.29209151e-02
 -1.29209151e-02 -1.27240944e-02 -3.28662796e-03 -3.28662796e-03
 -9.58082112e-03 -9.58082112e-03 -1.29736265e-03 -1.91671053e-03
 -1.45562522e-02 -1.45761660e-02 -1.57590292e-03 -7.56768389e-03
 -1.35600000e-03 -1.35600000e-03 -1.99853629e-03 -5.20228777e-04
 -2.00078032e-05 -1.12621924e-05 -8.80975337e-03 -7.16254082e-03
 -7.09284001e-03 -8.98187850e-03 -3.32830031e-02 -3.35393938e-02
 -1.25048770e-06 -7.43476317e-03 -4.57045996e-06 -1.12177425e-02
 -9.69714795e-07 -4.72707654e-03 -4.72707654e-03 -2.58025452e-02
 -9.93160355e-06 -3.65148708e-03 -3.65148708e-03 -3.70127229e-03
 -3.60776350e-03 -3.60776350e-03 -4.64380736e-03 -4.64380736e-03
 -4.62908081e-03 -6.48743527e-03 -3.54797146e-03 -2.33715865e-02
 -1.77787352e-02 -6.96434029e-04 -6.96434029e-04 -1.08163857e-03
 -1.08163857e-03 -1.04249652e-04 -1.04249652e-04 -2.54901332e-05
 -3.06521065e-04 -3.06521065e-04 -3.06521065e-04 -7.84171009e-05
 -1.55076743e-03 -1.55076743e-03 -5.85800587e-04 -5.85800587e-04
 -5.85800587e-04 -8.09266148e-05 -4.78750305e-03 -4.78750305e-03
 -4.78750305e-03 -4.78750305e-03 -8.40794500e-02 -8.41114743e-02
 -9.03388126e-03 -4.84906962e-02 -6.96480518e-03 -2.30091413e-02
 -1.34449255e-02 -6.21917162e-03 -6.18963429e-03 -1.48935992e-03
 -2.10719454e-02 -2.10719454e-02 -2.99416575e-02 -2.58828026e-05
 -4.64397775e-03 -4.65524674e-03 -2.14822309e-02 -2.14722739e-02
 -2.18515921e-02 -1.33644853e-02 -1.33757527e-02 -1.33757527e-02
 -2.79351988e-02 -3.95274263e-03 -3.95274263e-03 -5.48991039e-03
 -9.66979817e-03 -9.97752193e-03 -2.42327862e-03 -2.40336369e-03
 -2.77452248e-02 -5.13927827e-05 -1.32155909e-04 -2.30823186e-04
 -1.58164097e-04 -6.04333370e-03 -3.18375167e-03 -3.66578082e-03
 -3.66578082e-03 -9.17565630e-03 -2.95850320e-03 -4.48100100e-03
 -4.48100100e-03 -4.48100100e-03 -9.06532049e-03 -8.97439085e-03
 -2.56008709e-03 -3.31500705e-03 -3.31500705e-03 -5.77788069e-07
 -2.01733829e-03 -2.01733829e-03 -2.01733829e-03]
acl_u[acl_delta_k]: [1 1 1 1 1 1 1 1 1 1 1 1 1 1 1 1 1 1 1 1 1 1 1 1 1 1 1 1 1 1 1 1 1 1 1 1 1
 1 1 1 1 1 1 1 1 1 1 1 1 1 1 1 1 1 1 1 1 1 1 1 1 1 1 1 1 1 1 1 1 1 1 1 1 1
 1 1 1 1 1 1 1 1 1 1 1 1 1 1 1 1 1 1 1 1 1 1 1 1 1 1 1 1 1 1 1 1 1 1 1 1 1
 1 1 1 1 1 1 1 1 1 1 1 1 1 1 1 1 1 1 1 1 1 1 1 1 1 1 1 1 1 1 1 1 1 1 1 1 1
 1 1 1 1 1 1 1 1 1 1 1 1 1 1 1 1 1 1 1 1 1 1 1 1 1 1 1 1 1 1 1 1 1 1 1 1 0
 0 1 1 1 1 1 1 1 1 1 1 1 1 1 1 1 1 1 1 1 0 1 1 1 1 1 1 1 1 1 1 1 1 1]
num AC branches with possible violations in ACL contingencies: 0
num AC branches with possible violations in DCL contingencies: 0
num AC branches with possible violations in XFR contingencies: 0
t: 3, time: 0.13444280624389648, memory_info: {'rss bytes': 456441856, 'rss human': '435.3M', 'percent': 0.1689086415483549}
v_acl_k: [-1.19076484e-02 -1.01324350e-02 -2.66285766e-02 -4.40462154e-02
 -4.40462154e-02 -1.33108601e-02 -1.33108601e-02 -1.33108601e-02
 -1.33108601e-02 -1.33108601e-02 -9.79503691e-05 -8.79796089e-05
 -1.05566564e-07 -6.24707723e-04 -5.92369398e-04 -1.20131753e-03
 -1.20131753e-03 -6.62673058e-04 -6.62673058e-04 -5.66415672e-03
 -1.59399647e-03 -1.99011968e-03 -1.99011968e-03 -1.55357278e-06
 -9.49182051e-06 -1.95261444e-03 -5.76822010e-03 -2.02154676e-03
 -5.79438327e-04 -1.21037868e-04 -1.21037868e-04 -1.18254185e-04
 -8.83259549e-05 -3.44692308e-04 -3.44692308e-04 -1.37716621e-03
 -8.11384697e-03 -7.47757860e-03 -4.89363399e-05 -7.87415347e-05
 -1.48989723e-04 -4.15039023e-03 -9.56539556e-06 -8.21719903e-03
 -3.28630317e-03 -3.28630317e-03 -3.32613117e-03 -3.33608867e-03
 -3.11416883e-03 -3.19382641e-03 -3.17391082e-03 -7.06749151e-03
 -5.16266159e-04 -5.16266159e-04 -1.56120070e-04 -2.19791492e-03
 -2.19791492e-03 -3.97529980e-04 -1.59518524e-03 -9.02013035e-03
 -9.02013035e-03 -9.18623364e-04 -9.18623364e-04 -5.66155090e-06
 -5.93990270e-03 -5.93990270e-03 -6.65971414e-04 -3.95831724e-04
 -5.46494062e-04 -3.95831724e-04 -5.38360394e-03 -5.40351894e-03
 -5.31379581e-03 -5.31379581e-03 -6.60252008e-04 -2.12634011e-05
 -2.12634011e-05 -5.51547442e-03 -5.51547442e-03 -5.51547442e-03
 -4.95634850e-04 -4.25072678e-04 -4.25072678e-04 -4.25072678e-04
 -1.64490804e-04 -1.64490804e-04 -1.36113163e-04 -4.65910155e-03
 -4.65910155e-03 -4.65910155e-03 -3.16824599e-03 -3.16824599e-03
 -3.16824599e-03 -3.16824599e-03 -6.61124606e-03 -6.62084712e-03
 -4.37692556e-03 -4.47181522e-03 -1.99121128e-02 -1.29209151e-02
 -1.29209151e-02 -1.27240944e-02 -3.28662796e-03 -3.28662796e-03
 -9.58082112e-03 -9.58082112e-03 -1.29736265e-03 -1.91671053e-03
 -1.45562522e-02 -1.45761660e-02 -1.57590292e-03 -7.56768389e-03
 -1.35600000e-03 -1.35600000e-03 -1.99853629e-03 -5.20228777e-04
 -2.00078032e-05 -1.12621924e-05 -8.80975337e-03 -7.16254082e-03
 -7.09284001e-03 -8.98187850e-03 -3.32830031e-02 -3.35393938e-02
 -1.25048770e-06 -7.43476317e-03 -4.57045996e-06 -1.12177425e-02
 -9.69714795e-07 -4.72707654e-03 -4.72707654e-03 -2.58025452e-02
 -9.93160355e-06 -3.65148708e-03 -3.65148708e-03 -3.70127229e-03
 -3.60776350e-03 -3.60776350e-03 -4.64380736e-03 -4.64380736e-03
 -4.62908081e-03 -6.48743527e-03 -3.54797146e-03 -2.33715865e-02
 -1.77787352e-02 -6.96434029e-04 -6.96434029e-04 -1.08163857e-03
 -1.08163857e-03 -1.04249652e-04 -1.04249652e-04 -2.54901332e-05
 -3.06521065e-04 -3.06521065e-04 -3.06521065e-04 -7.84171009e-05
 -1.55076743e-03 -1.55076743e-03 -5.85800587e-04 -5.85800587e-04
 -5.85800587e-04 -8.09266148e-05 -4.78750305e-03 -4.78750305e-03
 -4.78750305e-03 -4.78750305e-03 -8.40794500e-02 -8.41114743e-02
 -9.03388126e-03 -4.84906962e-02 -6.96480518e-03 -2.30091413e-02
 -1.34449255e-02 -6.21917162e-03 -6.18963429e-03 -1.48935992e-03
 -2.10719454e-02 -2.10719454e-02 -2.99416575e-02 -2.58828026e-05
 -4.64397775e-03 -4.65524674e-03 -2.14822309e-02 -2.14722739e-02
 -2.18515921e-02 -1.33644853e-02 -1.33757527e-02 -1.33757527e-02
 -2.79351988e-02 -3.95274263e-03 -3.95274263e-03 -5.48991039e-03
 -9.66979817e-03 -9.97752193e-03 -2.42327862e-03 -2.40336369e-03
 -2.77452248e-02 -5.13927827e-05 -1.32155909e-04 -2.30823186e-04
 -1.58164097e-04 -6.04333370e-03 -3.18375167e-03 -3.66578082e-03
 -3.66578082e-03 -9.17565630e-03 -2.95850320e-03 -4.48100100e-03
 -4.48100100e-03 -4.48100100e-03 -9.06532049e-03 -8.97439085e-03
 -2.56008709e-03 -3.31500705e-03 -3.31500705e-03 -5.77788069e-07
 -2.01733829e-03 -2.01733829e-03 -2.01733829e-03]
acl_u[acl_delta_k]: [1 1 1 1 1 1 1 1 1 1 1 1 1 1 1 1 1 1 1 1 1 1 1 1 1 1 1 1 1 1 1 1 1 1 1 1 1
 1 1 1 1 1 1 1 1 1 1 1 1 1 1 1 1 1 1 1 1 1 1 1 1 1 1 1 1 1 1 1 1 1 1 1 1 1
 1 1 1 1 1 1 1 1 1 1 1 1 1 1 1 1 1 1 1 1 1 1 1 1 1 1 1 1 1 1 1 1 1 1 1 1 1
 1 1 1 1 1 1 1 1 1 1 1 1 1 1 1 1 1 1 1 1 1 1 1 1 1 1 1 1 1 1 1 1 1 1 1 1 1
 1 1 1 1 1 1 1 1 1 1 1 1 1 1 1 1 1 1 1 1 1 1 1 1 1 1 1 1 1 1 1 1 1 1 1 1 0
 0 1 1 1 1 1 1 1 1 1 1 1 1 1 1 1 1 1 1 1 0 1 1 1 1 1 1 1 1 1 1 1 1 1]
num AC branches with possible violations in ACL contingencies: 0
num AC branches with possible violations in DCL contingencies: 0
num AC branches with possible violations in XFR contingencies: 0
t: 4, time: 0.1320645809173584, memory_info: {'rss bytes': 456441856, 'rss human': '435.3M', 'percent': 0.1689086415483549}
v_acl_k: [-1.19076484e-02 -1.01324350e-02 -2.66285766e-02 -4.40462154e-02
 -4.40462154e-02 -1.33108601e-02 -1.33108601e-02 -1.33108601e-02
 -1.33108601e-02 -1.33108601e-02 -9.79503691e-05 -8.79796089e-05
 -1.05566564e-07 -6.24707723e-04 -5.92369398e-04 -1.20131753e-03
 -1.20131753e-03 -6.62673058e-04 -6.62673058e-04 -5.66415672e-03
 -1.59399647e-03 -1.99011968e-03 -1.99011968e-03 -1.55357278e-06
 -9.49182051e-06 -1.95261444e-03 -5.76822010e-03 -2.02154676e-03
 -5.79438327e-04 -1.21037868e-04 -1.21037868e-04 -1.18254185e-04
 -8.83259549e-05 -3.44692308e-04 -3.44692308e-04 -1.37716621e-03
 -8.11384697e-03 -7.47757860e-03 -4.89363399e-05 -7.87415347e-05
 -1.48989723e-04 -4.15039023e-03 -9.56539556e-06 -8.21719903e-03
 -3.28630317e-03 -3.28630317e-03 -3.32613117e-03 -3.33608867e-03
 -3.11416883e-03 -3.19382641e-03 -3.17391082e-03 -7.06749151e-03
 -5.16266159e-04 -5.16266159e-04 -1.56120070e-04 -2.19791492e-03
 -2.19791492e-03 -3.97529980e-04 -1.59518524e-03 -9.02013035e-03
 -9.02013035e-03 -9.18623364e-04 -9.18623364e-04 -5.66155090e-06
 -5.93990270e-03 -5.93990270e-03 -6.65971414e-04 -3.95831724e-04
 -5.46494062e-04 -3.95831724e-04 -5.38360394e-03 -5.40351894e-03
 -5.31379581e-03 -5.31379581e-03 -6.60252008e-04 -2.12634011e-05
 -2.12634011e-05 -5.51547442e-03 -5.51547442e-03 -5.51547442e-03
 -4.95634850e-04 -4.25072678e-04 -4.25072678e-04 -4.25072678e-04
 -1.64490804e-04 -1.64490804e-04 -1.36113163e-04 -4.65910155e-03
 -4.65910155e-03 -4.65910155e-03 -3.16824599e-03 -3.16824599e-03
 -3.16824599e-03 -3.16824599e-03 -6.61124606e-03 -6.62084712e-03
 -4.37692556e-03 -4.47181522e-03 -1.99121128e-02 -1.29209151e-02
 -1.29209151e-02 -1.27240944e-02 -3.28662796e-03 -3.28662796e-03
 -9.58082112e-03 -9.58082112e-03 -1.29736265e-03 -1.91671053e-03
 -1.45562522e-02 -1.45761660e-02 -1.57590292e-03 -7.56768389e-03
 -1.35600000e-03 -1.35600000e-03 -1.99853629e-03 -5.20228777e-04
 -2.00078032e-05 -1.12621924e-05 -8.80975337e-03 -7.16254082e-03
 -7.09284001e-03 -8.98187850e-03 -3.32830031e-02 -3.35393938e-02
 -1.25048770e-06 -7.43476317e-03 -4.57045996e-06 -1.12177425e-02
 -9.69714795e-07 -4.72707654e-03 -4.72707654e-03 -2.58025452e-02
 -9.93160355e-06 -3.65148708e-03 -3.65148708e-03 -3.70127229e-03
 -3.60776350e-03 -3.60776350e-03 -4.64380736e-03 -4.64380736e-03
 -4.62908081e-03 -6.48743527e-03 -3.54797146e-03 -2.33715865e-02
 -1.77787352e-02 -6.96434029e-04 -6.96434029e-04 -1.08163857e-03
 -1.08163857e-03 -1.04249652e-04 -1.04249652e-04 -2.54901332e-05
 -3.06521065e-04 -3.06521065e-04 -3.06521065e-04 -7.84171009e-05
 -1.55076743e-03 -1.55076743e-03 -5.85800587e-04 -5.85800587e-04
 -5.85800587e-04 -8.09266148e-05 -4.78750305e-03 -4.78750305e-03
 -4.78750305e-03 -4.78750305e-03 -8.40794500e-02 -8.41114743e-02
 -9.03388126e-03 -4.84906962e-02 -6.96480518e-03 -2.30091413e-02
 -1.34449255e-02 -6.21917162e-03 -6.18963429e-03 -1.48935992e-03
 -2.10719454e-02 -2.10719454e-02 -2.99416575e-02 -2.58828026e-05
 -4.64397775e-03 -4.65524674e-03 -2.14822309e-02 -2.14722739e-02
 -2.18515921e-02 -1.33644853e-02 -1.33757527e-02 -1.33757527e-02
 -2.79351988e-02 -3.95274263e-03 -3.95274263e-03 -5.48991039e-03
 -9.66979817e-03 -9.97752193e-03 -2.42327862e-03 -2.40336369e-03
 -2.77452248e-02 -5.13927827e-05 -1.32155909e-04 -2.30823186e-04
 -1.58164097e-04 -6.04333370e-03 -3.18375167e-03 -3.66578082e-03
 -3.66578082e-03 -9.17565630e-03 -2.95850320e-03 -4.48100100e-03
 -4.48100100e-03 -4.48100100e-03 -9.06532049e-03 -8.97439085e-03
 -2.56008709e-03 -3.31500705e-03 -3.31500705e-03 -5.77788069e-07
 -2.01733829e-03 -2.01733829e-03 -2.01733829e-03]
acl_u[acl_delta_k]: [1 1 1 1 1 1 1 1 1 1 1 1 1 1 1 1 1 1 1 1 1 1 1 1 1 1 1 1 1 1 1 1 1 1 1 1 1
 1 1 1 1 1 1 1 1 1 1 1 1 1 1 1 1 1 1 1 1 1 1 1 1 1 1 1 1 1 1 1 1 1 1 1 1 1
 1 1 1 1 1 1 1 1 1 1 1 1 1 1 1 1 1 1 1 1 1 1 1 1 1 1 1 1 1 1 1 1 1 1 1 1 1
 1 1 1 1 1 1 1 1 1 1 1 1 1 1 1 1 1 1 1 1 1 1 1 1 1 1 1 1 1 1 1 1 1 1 1 1 1
 1 1 1 1 1 1 1 1 1 1 1 1 1 1 1 1 1 1 1 1 1 1 1 1 1 1 1 1 1 1 1 1 1 1 1 1 0
 0 1 1 1 1 1 1 1 1 1 1 1 1 1 1 1 1 1 1 1 0 1 1 1 1 1 1 1 1 1 1 1 1 1]
num AC branches with possible violations in ACL contingencies: 0
num AC branches with possible violations in DCL contingencies: 0
num AC branches with possible violations in XFR contingencies: 0
t: 5, time: 0.13274526596069336, memory_info: {'rss bytes': 456441856, 'rss human': '435.3M', 'percent': 0.1689086415483549}
v_acl_k: [-1.19076484e-02 -1.01324350e-02 -2.66285766e-02 -4.40462154e-02
 -4.40462154e-02 -1.33108601e-02 -1.33108601e-02 -1.33108601e-02
 -1.33108601e-02 -1.33108601e-02 -9.79503691e-05 -8.79796089e-05
 -1.05566564e-07 -6.24707723e-04 -5.92369398e-04 -1.20131753e-03
 -1.20131753e-03 -6.62673058e-04 -6.62673058e-04 -5.66415672e-03
 -1.59399647e-03 -1.99011968e-03 -1.99011968e-03 -1.55357278e-06
 -9.49182051e-06 -1.95261444e-03 -5.76822010e-03 -2.02154676e-03
 -5.79438327e-04 -1.21037868e-04 -1.21037868e-04 -1.18254185e-04
 -8.83259549e-05 -3.44692308e-04 -3.44692308e-04 -1.37716621e-03
 -8.11384697e-03 -7.47757860e-03 -4.89363399e-05 -7.87415347e-05
 -1.48989723e-04 -4.15039023e-03 -9.56539556e-06 -8.21719903e-03
 -3.28630317e-03 -3.28630317e-03 -3.32613117e-03 -3.33608867e-03
 -3.11416883e-03 -3.19382641e-03 -3.17391082e-03 -7.06749151e-03
 -5.16266159e-04 -5.16266159e-04 -1.56120070e-04 -2.19791492e-03
 -2.19791492e-03 -3.97529980e-04 -1.59518524e-03 -9.02013035e-03
 -9.02013035e-03 -9.18623364e-04 -9.18623364e-04 -5.66155090e-06
 -5.93990270e-03 -5.93990270e-03 -6.65971414e-04 -3.95831724e-04
 -5.46494062e-04 -3.95831724e-04 -5.38360394e-03 -5.40351894e-03
 -5.31379581e-03 -5.31379581e-03 -6.60252008e-04 -2.12634011e-05
 -2.12634011e-05 -5.51547442e-03 -5.51547442e-03 -5.51547442e-03
 -4.95634850e-04 -4.25072678e-04 -4.25072678e-04 -4.25072678e-04
 -1.64490804e-04 -1.64490804e-04 -1.36113163e-04 -4.65910155e-03
 -4.65910155e-03 -4.65910155e-03 -3.16824599e-03 -3.16824599e-03
 -3.16824599e-03 -3.16824599e-03 -6.61124606e-03 -6.62084712e-03
 -4.37692556e-03 -4.47181522e-03 -1.99121128e-02 -1.29209151e-02
 -1.29209151e-02 -1.27240944e-02 -3.28662796e-03 -3.28662796e-03
 -9.58082112e-03 -9.58082112e-03 -1.29736265e-03 -1.91671053e-03
 -1.45562522e-02 -1.45761660e-02 -1.57590292e-03 -7.56768389e-03
 -1.35600000e-03 -1.35600000e-03 -1.99853629e-03 -5.20228777e-04
 -2.00078032e-05 -1.12621924e-05 -8.80975337e-03 -7.16254082e-03
 -7.09284001e-03 -8.98187850e-03 -3.32830031e-02 -3.35393938e-02
 -1.25048770e-06 -7.43476317e-03 -4.57045996e-06 -1.12177425e-02
 -9.69714795e-07 -4.72707654e-03 -4.72707654e-03 -2.58025452e-02
 -9.93160355e-06 -3.65148708e-03 -3.65148708e-03 -3.70127229e-03
 -3.60776350e-03 -3.60776350e-03 -4.64380736e-03 -4.64380736e-03
 -4.62908081e-03 -6.48743527e-03 -3.54797146e-03 -2.33715865e-02
 -1.77787352e-02 -6.96434029e-04 -6.96434029e-04 -1.08163857e-03
 -1.08163857e-03 -1.04249652e-04 -1.04249652e-04 -2.54901332e-05
 -3.06521065e-04 -3.06521065e-04 -3.06521065e-04 -7.84171009e-05
 -1.55076743e-03 -1.55076743e-03 -5.85800587e-04 -5.85800587e-04
 -5.85800587e-04 -8.09266148e-05 -4.78750305e-03 -4.78750305e-03
 -4.78750305e-03 -4.78750305e-03 -8.40794500e-02 -8.41114743e-02
 -9.03388126e-03 -4.84906962e-02 -6.96480518e-03 -2.30091413e-02
 -1.34449255e-02 -6.21917162e-03 -6.18963429e-03 -1.48935992e-03
 -2.10719454e-02 -2.10719454e-02 -2.99416575e-02 -2.58828026e-05
 -4.64397775e-03 -4.65524674e-03 -2.14822309e-02 -2.14722739e-02
 -2.18515921e-02 -1.33644853e-02 -1.33757527e-02 -1.33757527e-02
 -2.79351988e-02 -3.95274263e-03 -3.95274263e-03 -5.48991039e-03
 -9.66979817e-03 -9.97752193e-03 -2.42327862e-03 -2.40336369e-03
 -2.77452248e-02 -5.13927827e-05 -1.32155909e-04 -2.30823186e-04
 -1.58164097e-04 -6.04333370e-03 -3.18375167e-03 -3.66578082e-03
 -3.66578082e-03 -9.17565630e-03 -2.95850320e-03 -4.48100100e-03
 -4.48100100e-03 -4.48100100e-03 -9.06532049e-03 -8.97439085e-03
 -2.56008709e-03 -3.31500705e-03 -3.31500705e-03 -5.77788069e-07
 -2.01733829e-03 -2.01733829e-03 -2.01733829e-03]
acl_u[acl_delta_k]: [1 1 1 1 1 1 1 1 1 1 1 1 1 1 1 1 1 1 1 1 1 1 1 1 1 1 1 1 1 1 1 1 1 1 1 1 1
 1 1 1 1 1 1 1 1 1 1 1 1 1 1 1 1 1 1 1 1 1 1 1 1 1 1 1 1 1 1 1 1 1 1 1 1 1
 1 1 1 1 1 1 1 1 1 1 1 1 1 1 1 1 1 1 1 1 1 1 1 1 1 1 1 1 1 1 1 1 1 1 1 1 1
 1 1 1 1 1 1 1 1 1 1 1 1 1 1 1 1 1 1 1 1 1 1 1 1 1 1 1 1 1 1 1 1 1 1 1 1 1
 1 1 1 1 1 1 1 1 1 1 1 1 1 1 1 1 1 1 1 1 1 1 1 1 1 1 1 1 1 1 1 1 1 1 1 1 0
 0 1 1 1 1 1 1 1 1 1 1 1 1 1 1 1 1 1 1 1 0 1 1 1 1 1 1 1 1 1 1 1 1 1]
num AC branches with possible violations in ACL contingencies: 0
num AC branches with possible violations in DCL contingencies: 0
num AC branches with possible violations in XFR contingencies: 0
t: 6, time: 0.13134002685546875, memory_info: {'rss bytes': 456441856, 'rss human': '435.3M', 'percent': 0.1689086415483549}
v_acl_k: [-1.19076484e-02 -1.01324350e-02 -2.66285766e-02 -4.40462154e-02
 -4.40462154e-02 -1.33108601e-02 -1.33108601e-02 -1.33108601e-02
 -1.33108601e-02 -1.33108601e-02 -9.79503691e-05 -8.79796089e-05
 -1.05566564e-07 -6.24707723e-04 -5.92369398e-04 -1.20131753e-03
 -1.20131753e-03 -6.62673058e-04 -6.62673058e-04 -5.66415672e-03
 -1.59399647e-03 -1.99011968e-03 -1.99011968e-03 -1.55357278e-06
 -9.49182051e-06 -1.95261444e-03 -5.76822010e-03 -2.02154676e-03
 -5.79438327e-04 -1.21037868e-04 -1.21037868e-04 -1.18254185e-04
 -8.83259549e-05 -3.44692308e-04 -3.44692308e-04 -1.37716621e-03
 -8.11384697e-03 -7.47757860e-03 -4.89363399e-05 -7.87415347e-05
 -1.48989723e-04 -4.15039023e-03 -9.56539556e-06 -8.21719903e-03
 -3.28630317e-03 -3.28630317e-03 -3.32613117e-03 -3.33608867e-03
 -3.11416883e-03 -3.19382641e-03 -3.17391082e-03 -7.06749151e-03
 -5.16266159e-04 -5.16266159e-04 -1.56120070e-04 -2.19791492e-03
 -2.19791492e-03 -3.97529980e-04 -1.59518524e-03 -9.02013035e-03
 -9.02013035e-03 -9.18623364e-04 -9.18623364e-04 -5.66155090e-06
 -5.93990270e-03 -5.93990270e-03 -6.65971414e-04 -3.95831724e-04
 -5.46494062e-04 -3.95831724e-04 -5.38360394e-03 -5.40351894e-03
 -5.31379581e-03 -5.31379581e-03 -6.60252008e-04 -2.12634011e-05
 -2.12634011e-05 -5.51547442e-03 -5.51547442e-03 -5.51547442e-03
 -4.95634850e-04 -4.25072678e-04 -4.25072678e-04 -4.25072678e-04
 -1.64490804e-04 -1.64490804e-04 -1.36113163e-04 -4.65910155e-03
 -4.65910155e-03 -4.65910155e-03 -3.16824599e-03 -3.16824599e-03
 -3.16824599e-03 -3.16824599e-03 -6.61124606e-03 -6.62084712e-03
 -4.37692556e-03 -4.47181522e-03 -1.99121128e-02 -1.29209151e-02
 -1.29209151e-02 -1.27240944e-02 -3.28662796e-03 -3.28662796e-03
 -9.58082112e-03 -9.58082112e-03 -1.29736265e-03 -1.91671053e-03
 -1.45562522e-02 -1.45761660e-02 -1.57590292e-03 -7.56768389e-03
 -1.35600000e-03 -1.35600000e-03 -1.99853629e-03 -5.20228777e-04
 -2.00078032e-05 -1.12621924e-05 -8.80975337e-03 -7.16254082e-03
 -7.09284001e-03 -8.98187850e-03 -3.32830031e-02 -3.35393938e-02
 -1.25048770e-06 -7.43476317e-03 -4.57045996e-06 -1.12177425e-02
 -9.69714795e-07 -4.72707654e-03 -4.72707654e-03 -2.58025452e-02
 -9.93160355e-06 -3.65148708e-03 -3.65148708e-03 -3.70127229e-03
 -3.60776350e-03 -3.60776350e-03 -4.64380736e-03 -4.64380736e-03
 -4.62908081e-03 -6.48743527e-03 -3.54797146e-03 -2.33715865e-02
 -1.77787352e-02 -6.96434029e-04 -6.96434029e-04 -1.08163857e-03
 -1.08163857e-03 -1.04249652e-04 -1.04249652e-04 -2.54901332e-05
 -3.06521065e-04 -3.06521065e-04 -3.06521065e-04 -7.84171009e-05
 -1.55076743e-03 -1.55076743e-03 -5.85800587e-04 -5.85800587e-04
 -5.85800587e-04 -8.09266148e-05 -4.78750305e-03 -4.78750305e-03
 -4.78750305e-03 -4.78750305e-03 -8.40794500e-02 -8.41114743e-02
 -9.03388126e-03 -4.84906962e-02 -6.96480518e-03 -2.30091413e-02
 -1.34449255e-02 -6.21917162e-03 -6.18963429e-03 -1.48935992e-03
 -2.10719454e-02 -2.10719454e-02 -2.99416575e-02 -2.58828026e-05
 -4.64397775e-03 -4.65524674e-03 -2.14822309e-02 -2.14722739e-02
 -2.18515921e-02 -1.33644853e-02 -1.33757527e-02 -1.33757527e-02
 -2.79351988e-02 -3.95274263e-03 -3.95274263e-03 -5.48991039e-03
 -9.66979817e-03 -9.97752193e-03 -2.42327862e-03 -2.40336369e-03
 -2.77452248e-02 -5.13927827e-05 -1.32155909e-04 -2.30823186e-04
 -1.58164097e-04 -6.04333370e-03 -3.18375167e-03 -3.66578082e-03
 -3.66578082e-03 -9.17565630e-03 -2.95850320e-03 -4.48100100e-03
 -4.48100100e-03 -4.48100100e-03 -9.06532049e-03 -8.97439085e-03
 -2.56008709e-03 -3.31500705e-03 -3.31500705e-03 -5.77788069e-07
 -2.01733829e-03 -2.01733829e-03 -2.01733829e-03]
acl_u[acl_delta_k]: [1 1 1 1 1 1 1 1 1 1 1 1 1 1 1 1 1 1 1 1 1 1 1 1 1 1 1 1 1 1 1 1 1 1 1 1 1
 1 1 1 1 1 1 1 1 1 1 1 1 1 1 1 1 1 1 1 1 1 1 1 1 1 1 1 1 1 1 1 1 1 1 1 1 1
 1 1 1 1 1 1 1 1 1 1 1 1 1 1 1 1 1 1 1 1 1 1 1 1 1 1 1 1 1 1 1 1 1 1 1 1 1
 1 1 1 1 1 1 1 1 1 1 1 1 1 1 1 1 1 1 1 1 1 1 1 1 1 1 1 1 1 1 1 1 1 1 1 1 1
 1 1 1 1 1 1 1 1 1 1 1 1 1 1 1 1 1 1 1 1 1 1 1 1 1 1 1 1 1 1 1 1 1 1 1 1 0
 0 1 1 1 1 1 1 1 1 1 1 1 1 1 1 1 1 1 1 1 0 1 1 1 1 1 1 1 1 1 1 1 1 1]
num AC branches with possible violations in ACL contingencies: 0
num AC branches with possible violations in DCL contingencies: 0
num AC branches with possible violations in XFR contingencies: 0
t: 7, time: 0.1304492950439453, memory_info: {'rss bytes': 456441856, 'rss human': '435.3M', 'percent': 0.1689086415483549}
v_acl_k: [-1.19076484e-02 -1.01324350e-02 -2.66285766e-02 -4.40462154e-02
 -4.40462154e-02 -1.33108601e-02 -1.33108601e-02 -1.33108601e-02
 -1.33108601e-02 -1.33108601e-02 -9.79503691e-05 -8.79796089e-05
 -1.05566564e-07 -6.24707723e-04 -5.92369398e-04 -1.20131753e-03
 -1.20131753e-03 -6.62673058e-04 -6.62673058e-04 -5.66415672e-03
 -1.59399647e-03 -1.99011968e-03 -1.99011968e-03 -1.55357278e-06
 -9.49182051e-06 -1.95261444e-03 -5.76822010e-03 -2.02154676e-03
 -5.79438327e-04 -1.21037868e-04 -1.21037868e-04 -1.18254185e-04
 -8.83259549e-05 -3.44692308e-04 -3.44692308e-04 -1.37716621e-03
 -8.11384697e-03 -7.47757860e-03 -4.89363399e-05 -7.87415347e-05
 -1.48989723e-04 -4.15039023e-03 -9.56539556e-06 -8.21719903e-03
 -3.28630317e-03 -3.28630317e-03 -3.32613117e-03 -3.33608867e-03
 -3.11416883e-03 -3.19382641e-03 -3.17391082e-03 -7.06749151e-03
 -5.16266159e-04 -5.16266159e-04 -1.56120070e-04 -2.19791492e-03
 -2.19791492e-03 -3.97529980e-04 -1.59518524e-03 -9.02013035e-03
 -9.02013035e-03 -9.18623364e-04 -9.18623364e-04 -5.66155090e-06
 -5.93990270e-03 -5.93990270e-03 -6.65971414e-04 -3.95831724e-04
 -5.46494062e-04 -3.95831724e-04 -5.38360394e-03 -5.40351894e-03
 -5.31379581e-03 -5.31379581e-03 -6.60252008e-04 -2.12634011e-05
 -2.12634011e-05 -5.51547442e-03 -5.51547442e-03 -5.51547442e-03
 -4.95634850e-04 -4.25072678e-04 -4.25072678e-04 -4.25072678e-04
 -1.64490804e-04 -1.64490804e-04 -1.36113163e-04 -4.65910155e-03
 -4.65910155e-03 -4.65910155e-03 -3.16824599e-03 -3.16824599e-03
 -3.16824599e-03 -3.16824599e-03 -6.61124606e-03 -6.62084712e-03
 -4.37692556e-03 -4.47181522e-03 -1.99121128e-02 -1.29209151e-02
 -1.29209151e-02 -1.27240944e-02 -3.28662796e-03 -3.28662796e-03
 -9.58082112e-03 -9.58082112e-03 -1.29736265e-03 -1.91671053e-03
 -1.45562522e-02 -1.45761660e-02 -1.57590292e-03 -7.56768389e-03
 -1.35600000e-03 -1.35600000e-03 -1.99853629e-03 -5.20228777e-04
 -2.00078032e-05 -1.12621924e-05 -8.80975337e-03 -7.16254082e-03
 -7.09284001e-03 -8.98187850e-03 -3.32830031e-02 -3.35393938e-02
 -1.25048770e-06 -7.43476317e-03 -4.57045996e-06 -1.12177425e-02
 -9.69714795e-07 -4.72707654e-03 -4.72707654e-03 -2.58025452e-02
 -9.93160355e-06 -3.65148708e-03 -3.65148708e-03 -3.70127229e-03
 -3.60776350e-03 -3.60776350e-03 -4.64380736e-03 -4.64380736e-03
 -4.62908081e-03 -6.48743527e-03 -3.54797146e-03 -2.33715865e-02
 -1.77787352e-02 -6.96434029e-04 -6.96434029e-04 -1.08163857e-03
 -1.08163857e-03 -1.04249652e-04 -1.04249652e-04 -2.54901332e-05
 -3.06521065e-04 -3.06521065e-04 -3.06521065e-04 -7.84171009e-05
 -1.55076743e-03 -1.55076743e-03 -5.85800587e-04 -5.85800587e-04
 -5.85800587e-04 -8.09266148e-05 -4.78750305e-03 -4.78750305e-03
 -4.78750305e-03 -4.78750305e-03 -8.40794500e-02 -8.41114743e-02
 -9.03388126e-03 -4.84906962e-02 -6.96480518e-03 -2.30091413e-02
 -1.34449255e-02 -6.21917162e-03 -6.18963429e-03 -1.48935992e-03
 -2.10719454e-02 -2.10719454e-02 -2.99416575e-02 -2.58828026e-05
 -4.64397775e-03 -4.65524674e-03 -2.14822309e-02 -2.14722739e-02
 -2.18515921e-02 -1.33644853e-02 -1.33757527e-02 -1.33757527e-02
 -2.79351988e-02 -3.95274263e-03 -3.95274263e-03 -5.48991039e-03
 -9.66979817e-03 -9.97752193e-03 -2.42327862e-03 -2.40336369e-03
 -2.77452248e-02 -5.13927827e-05 -1.32155909e-04 -2.30823186e-04
 -1.58164097e-04 -6.04333370e-03 -3.18375167e-03 -3.66578082e-03
 -3.66578082e-03 -9.17565630e-03 -2.95850320e-03 -4.48100100e-03
 -4.48100100e-03 -4.48100100e-03 -9.06532049e-03 -8.97439085e-03
 -2.56008709e-03 -3.31500705e-03 -3.31500705e-03 -5.77788069e-07
 -2.01733829e-03 -2.01733829e-03 -2.01733829e-03]
acl_u[acl_delta_k]: [1 1 1 1 1 1 1 1 1 1 1 1 1 1 1 1 1 1 1 1 1 1 1 1 1 1 1 1 1 1 1 1 1 1 1 1 1
 1 1 1 1 1 1 1 1 1 1 1 1 1 1 1 1 1 1 1 1 1 1 1 1 1 1 1 1 1 1 1 1 1 1 1 1 1
 1 1 1 1 1 1 1 1 1 1 1 1 1 1 1 1 1 1 1 1 1 1 1 1 1 1 1 1 1 1 1 1 1 1 1 1 1
 1 1 1 1 1 1 1 1 1 1 1 1 1 1 1 1 1 1 1 1 1 1 1 1 1 1 1 1 1 1 1 1 1 1 1 1 1
 1 1 1 1 1 1 1 1 1 1 1 1 1 1 1 1 1 1 1 1 1 1 1 1 1 1 1 1 1 1 1 1 1 1 1 1 0
 0 1 1 1 1 1 1 1 1 1 1 1 1 1 1 1 1 1 1 1 0 1 1 1 1 1 1 1 1 1 1 1 1 1]
num AC branches with possible violations in ACL contingencies: 0
num AC branches with possible violations in DCL contingencies: 0
num AC branches with possible violations in XFR contingencies: 0
t: 8, time: 0.11993241310119629, memory_info: {'rss bytes': 456441856, 'rss human': '435.3M', 'percent': 0.1689086415483549}
v_acl_k: [-1.19076484e-02 -1.01324350e-02 -2.66285766e-02 -4.40462154e-02
 -4.40462154e-02 -1.33108601e-02 -1.33108601e-02 -1.33108601e-02
 -1.33108601e-02 -1.33108601e-02 -9.79503691e-05 -8.79796089e-05
 -1.05566564e-07 -6.24707723e-04 -5.92369398e-04 -1.20131753e-03
 -1.20131753e-03 -6.62673058e-04 -6.62673058e-04 -5.66415672e-03
 -1.59399647e-03 -1.99011968e-03 -1.99011968e-03 -1.55357278e-06
 -9.49182051e-06 -1.95261444e-03 -5.76822010e-03 -2.02154676e-03
 -5.79438327e-04 -1.21037868e-04 -1.21037868e-04 -1.18254185e-04
 -8.83259549e-05 -3.44692308e-04 -3.44692308e-04 -1.37716621e-03
 -8.11384697e-03 -7.47757860e-03 -4.89363399e-05 -7.87415347e-05
 -1.48989723e-04 -4.15039023e-03 -9.56539556e-06 -8.21719903e-03
 -3.28630317e-03 -3.28630317e-03 -3.32613117e-03 -3.33608867e-03
 -3.11416883e-03 -3.19382641e-03 -3.17391082e-03 -7.06749151e-03
 -5.16266159e-04 -5.16266159e-04 -1.56120070e-04 -2.19791492e-03
 -2.19791492e-03 -3.97529980e-04 -1.59518524e-03 -9.02013035e-03
 -9.02013035e-03 -9.18623364e-04 -9.18623364e-04 -5.66155090e-06
 -5.93990270e-03 -5.93990270e-03 -6.65971414e-04 -3.95831724e-04
 -5.46494062e-04 -3.95831724e-04 -5.38360394e-03 -5.40351894e-03
 -5.31379581e-03 -5.31379581e-03 -6.60252008e-04 -2.12634011e-05
 -2.12634011e-05 -5.51547442e-03 -5.51547442e-03 -5.51547442e-03
 -4.95634850e-04 -4.25072678e-04 -4.25072678e-04 -4.25072678e-04
 -1.64490804e-04 -1.64490804e-04 -1.36113163e-04 -4.65910155e-03
 -4.65910155e-03 -4.65910155e-03 -3.16824599e-03 -3.16824599e-03
 -3.16824599e-03 -3.16824599e-03 -6.61124606e-03 -6.62084712e-03
 -4.37692556e-03 -4.47181522e-03 -1.99121128e-02 -1.29209151e-02
 -1.29209151e-02 -1.27240944e-02 -3.28662796e-03 -3.28662796e-03
 -9.58082112e-03 -9.58082112e-03 -1.29736265e-03 -1.91671053e-03
 -1.45562522e-02 -1.45761660e-02 -1.57590292e-03 -7.56768389e-03
 -1.35600000e-03 -1.35600000e-03 -1.99853629e-03 -5.20228777e-04
 -2.00078032e-05 -1.12621924e-05 -8.80975337e-03 -7.16254082e-03
 -7.09284001e-03 -8.98187850e-03 -3.32830031e-02 -3.35393938e-02
 -1.25048770e-06 -7.43476317e-03 -4.57045996e-06 -1.12177425e-02
 -9.69714795e-07 -4.72707654e-03 -4.72707654e-03 -2.58025452e-02
 -9.93160355e-06 -3.65148708e-03 -3.65148708e-03 -3.70127229e-03
 -3.60776350e-03 -3.60776350e-03 -4.64380736e-03 -4.64380736e-03
 -4.62908081e-03 -6.48743527e-03 -3.54797146e-03 -2.33715865e-02
 -1.77787352e-02 -6.96434029e-04 -6.96434029e-04 -1.08163857e-03
 -1.08163857e-03 -1.04249652e-04 -1.04249652e-04 -2.54901332e-05
 -3.06521065e-04 -3.06521065e-04 -3.06521065e-04 -7.84171009e-05
 -1.55076743e-03 -1.55076743e-03 -5.85800587e-04 -5.85800587e-04
 -5.85800587e-04 -8.09266148e-05 -4.78750305e-03 -4.78750305e-03
 -4.78750305e-03 -4.78750305e-03 -8.40794500e-02 -8.41114743e-02
 -9.03388126e-03 -4.84906962e-02 -6.96480518e-03 -2.30091413e-02
 -1.34449255e-02 -6.21917162e-03 -6.18963429e-03 -1.48935992e-03
 -2.10719454e-02 -2.10719454e-02 -2.99416575e-02 -2.58828026e-05
 -4.64397775e-03 -4.65524674e-03 -2.14822309e-02 -2.14722739e-02
 -2.18515921e-02 -1.33644853e-02 -1.33757527e-02 -1.33757527e-02
 -2.79351988e-02 -3.95274263e-03 -3.95274263e-03 -5.48991039e-03
 -9.66979817e-03 -9.97752193e-03 -2.42327862e-03 -2.40336369e-03
 -2.77452248e-02 -5.13927827e-05 -1.32155909e-04 -2.30823186e-04
 -1.58164097e-04 -6.04333370e-03 -3.18375167e-03 -3.66578082e-03
 -3.66578082e-03 -9.17565630e-03 -2.95850320e-03 -4.48100100e-03
 -4.48100100e-03 -4.48100100e-03 -9.06532049e-03 -8.97439085e-03
 -2.56008709e-03 -3.31500705e-03 -3.31500705e-03 -5.77788069e-07
 -2.01733829e-03 -2.01733829e-03 -2.01733829e-03]
acl_u[acl_delta_k]: [1 1 1 1 1 1 1 1 1 1 1 1 1 1 1 1 1 1 1 1 1 1 1 1 1 1 1 1 1 1 1 1 1 1 1 1 1
 1 1 1 1 1 1 1 1 1 1 1 1 1 1 1 1 1 1 1 1 1 1 1 1 1 1 1 1 1 1 1 1 1 1 1 1 1
 1 1 1 1 1 1 1 1 1 1 1 1 1 1 1 1 1 1 1 1 1 1 1 1 1 1 1 1 1 1 1 1 1 1 1 1 1
 1 1 1 1 1 1 1 1 1 1 1 1 1 1 1 1 1 1 1 1 1 1 1 1 1 1 1 1 1 1 1 1 1 1 1 1 1
 1 1 1 1 1 1 1 1 1 1 1 1 1 1 1 1 1 1 1 1 1 1 1 1 1 1 1 1 1 1 1 1 1 1 1 1 0
 0 1 1 1 1 1 1 1 1 1 1 1 1 1 1 1 1 1 1 1 0 1 1 1 1 1 1 1 1 1 1 1 1 1]
num AC branches with possible violations in ACL contingencies: 0
num AC branches with possible violations in DCL contingencies: 0
num AC branches with possible violations in XFR contingencies: 0
t: 9, time: 0.11663460731506348, memory_info: {'rss bytes': 456441856, 'rss human': '435.3M', 'percent': 0.1689086415483549}
v_acl_k: [-1.19076484e-02 -1.01324350e-02 -2.66285766e-02 -4.40462154e-02
 -4.40462154e-02 -1.33108601e-02 -1.33108601e-02 -1.33108601e-02
 -1.33108601e-02 -1.33108601e-02 -9.79503691e-05 -8.79796089e-05
 -1.05566564e-07 -6.24707723e-04 -5.92369398e-04 -1.20131753e-03
 -1.20131753e-03 -6.62673058e-04 -6.62673058e-04 -5.66415672e-03
 -1.59399647e-03 -1.99011968e-03 -1.99011968e-03 -1.55357278e-06
 -9.49182051e-06 -1.95261444e-03 -5.76822010e-03 -2.02154676e-03
 -5.79438327e-04 -1.21037868e-04 -1.21037868e-04 -1.18254185e-04
 -8.83259549e-05 -3.44692308e-04 -3.44692308e-04 -1.37716621e-03
 -8.11384697e-03 -7.47757860e-03 -4.89363399e-05 -7.87415347e-05
 -1.48989723e-04 -4.15039023e-03 -9.56539556e-06 -8.21719903e-03
 -3.28630317e-03 -3.28630317e-03 -3.32613117e-03 -3.33608867e-03
 -3.11416883e-03 -3.19382641e-03 -3.17391082e-03 -7.06749151e-03
 -5.16266159e-04 -5.16266159e-04 -1.56120070e-04 -2.19791492e-03
 -2.19791492e-03 -3.97529980e-04 -1.59518524e-03 -9.02013035e-03
 -9.02013035e-03 -9.18623364e-04 -9.18623364e-04 -5.66155090e-06
 -5.93990270e-03 -5.93990270e-03 -6.65971414e-04 -3.95831724e-04
 -5.46494062e-04 -3.95831724e-04 -5.38360394e-03 -5.40351894e-03
 -5.31379581e-03 -5.31379581e-03 -6.60252008e-04 -2.12634011e-05
 -2.12634011e-05 -5.51547442e-03 -5.51547442e-03 -5.51547442e-03
 -4.95634850e-04 -4.25072678e-04 -4.25072678e-04 -4.25072678e-04
 -1.64490804e-04 -1.64490804e-04 -1.36113163e-04 -4.65910155e-03
 -4.65910155e-03 -4.65910155e-03 -3.16824599e-03 -3.16824599e-03
 -3.16824599e-03 -3.16824599e-03 -6.61124606e-03 -6.62084712e-03
 -4.37692556e-03 -4.47181522e-03 -1.99121128e-02 -1.29209151e-02
 -1.29209151e-02 -1.27240944e-02 -3.28662796e-03 -3.28662796e-03
 -9.58082112e-03 -9.58082112e-03 -1.29736265e-03 -1.91671053e-03
 -1.45562522e-02 -1.45761660e-02 -1.57590292e-03 -7.56768389e-03
 -1.35600000e-03 -1.35600000e-03 -1.99853629e-03 -5.20228777e-04
 -2.00078032e-05 -1.12621924e-05 -8.80975337e-03 -7.16254082e-03
 -7.09284001e-03 -8.98187850e-03 -3.32830031e-02 -3.35393938e-02
 -1.25048770e-06 -7.43476317e-03 -4.57045996e-06 -1.12177425e-02
 -9.69714795e-07 -4.72707654e-03 -4.72707654e-03 -2.58025452e-02
 -9.93160355e-06 -3.65148708e-03 -3.65148708e-03 -3.70127229e-03
 -3.60776350e-03 -3.60776350e-03 -4.64380736e-03 -4.64380736e-03
 -4.62908081e-03 -6.48743527e-03 -3.54797146e-03 -2.33715865e-02
 -1.77787352e-02 -6.96434029e-04 -6.96434029e-04 -1.08163857e-03
 -1.08163857e-03 -1.04249652e-04 -1.04249652e-04 -2.54901332e-05
 -3.06521065e-04 -3.06521065e-04 -3.06521065e-04 -7.84171009e-05
 -1.55076743e-03 -1.55076743e-03 -5.85800587e-04 -5.85800587e-04
 -5.85800587e-04 -8.09266148e-05 -4.78750305e-03 -4.78750305e-03
 -4.78750305e-03 -4.78750305e-03 -8.40794500e-02 -8.41114743e-02
 -9.03388126e-03 -4.84906962e-02 -6.96480518e-03 -2.30091413e-02
 -1.34449255e-02 -6.21917162e-03 -6.18963429e-03 -1.48935992e-03
 -2.10719454e-02 -2.10719454e-02 -2.99416575e-02 -2.58828026e-05
 -4.64397775e-03 -4.65524674e-03 -2.14822309e-02 -2.14722739e-02
 -2.18515921e-02 -1.33644853e-02 -1.33757527e-02 -1.33757527e-02
 -2.79351988e-02 -3.95274263e-03 -3.95274263e-03 -5.48991039e-03
 -9.66979817e-03 -9.97752193e-03 -2.42327862e-03 -2.40336369e-03
 -2.77452248e-02 -5.13927827e-05 -1.32155909e-04 -2.30823186e-04
 -1.58164097e-04 -6.04333370e-03 -3.18375167e-03 -3.66578082e-03
 -3.66578082e-03 -9.17565630e-03 -2.95850320e-03 -4.48100100e-03
 -4.48100100e-03 -4.48100100e-03 -9.06532049e-03 -8.97439085e-03
 -2.56008709e-03 -3.31500705e-03 -3.31500705e-03 -5.77788069e-07
 -2.01733829e-03 -2.01733829e-03 -2.01733829e-03]
acl_u[acl_delta_k]: [1 1 1 1 1 1 1 1 1 1 1 1 1 1 1 1 1 1 1 1 1 1 1 1 1 1 1 1 1 1 1 1 1 1 1 1 1
 1 1 1 1 1 1 1 1 1 1 1 1 1 1 1 1 1 1 1 1 1 1 1 1 1 1 1 1 1 1 1 1 1 1 1 1 1
 1 1 1 1 1 1 1 1 1 1 1 1 1 1 1 1 1 1 1 1 1 1 1 1 1 1 1 1 1 1 1 1 1 1 1 1 1
 1 1 1 1 1 1 1 1 1 1 1 1 1 1 1 1 1 1 1 1 1 1 1 1 1 1 1 1 1 1 1 1 1 1 1 1 1
 1 1 1 1 1 1 1 1 1 1 1 1 1 1 1 1 1 1 1 1 1 1 1 1 1 1 1 1 1 1 1 1 1 1 1 1 0
 0 1 1 1 1 1 1 1 1 1 1 1 1 1 1 1 1 1 1 1 0 1 1 1 1 1 1 1 1 1 1 1 1 1]
num AC branches with possible violations in ACL contingencies: 0
num AC branches with possible violations in DCL contingencies: 0
num AC branches with possible violations in XFR contingencies: 0
t: 10, time: 0.11640739440917969, memory_info: {'rss bytes': 456441856, 'rss human': '435.3M', 'percent': 0.1689086415483549}
v_acl_k: [-1.19076484e-02 -1.01324350e-02 -2.66285766e-02 -4.40462154e-02
 -4.40462154e-02 -1.33108601e-02 -1.33108601e-02 -1.33108601e-02
 -1.33108601e-02 -1.33108601e-02 -9.79503691e-05 -8.79796089e-05
 -1.05566564e-07 -6.24707723e-04 -5.92369398e-04 -1.20131753e-03
 -1.20131753e-03 -6.62673058e-04 -6.62673058e-04 -5.66415672e-03
 -1.59399647e-03 -1.99011968e-03 -1.99011968e-03 -1.55357278e-06
 -9.49182051e-06 -1.95261444e-03 -5.76822010e-03 -2.02154676e-03
 -5.79438327e-04 -1.21037868e-04 -1.21037868e-04 -1.18254185e-04
 -8.83259549e-05 -3.44692308e-04 -3.44692308e-04 -1.37716621e-03
 -8.11384697e-03 -7.47757860e-03 -4.89363399e-05 -7.87415347e-05
 -1.48989723e-04 -4.15039023e-03 -9.56539556e-06 -8.21719903e-03
 -3.28630317e-03 -3.28630317e-03 -3.32613117e-03 -3.33608867e-03
 -3.11416883e-03 -3.19382641e-03 -3.17391082e-03 -7.06749151e-03
 -5.16266159e-04 -5.16266159e-04 -1.56120070e-04 -2.19791492e-03
 -2.19791492e-03 -3.97529980e-04 -1.59518524e-03 -9.02013035e-03
 -9.02013035e-03 -9.18623364e-04 -9.18623364e-04 -5.66155090e-06
 -5.93990270e-03 -5.93990270e-03 -6.65971414e-04 -3.95831724e-04
 -5.46494062e-04 -3.95831724e-04 -5.38360394e-03 -5.40351894e-03
 -5.31379581e-03 -5.31379581e-03 -6.60252008e-04 -2.12634011e-05
 -2.12634011e-05 -5.51547442e-03 -5.51547442e-03 -5.51547442e-03
 -4.95634850e-04 -4.25072678e-04 -4.25072678e-04 -4.25072678e-04
 -1.64490804e-04 -1.64490804e-04 -1.36113163e-04 -4.65910155e-03
 -4.65910155e-03 -4.65910155e-03 -3.16824599e-03 -3.16824599e-03
 -3.16824599e-03 -3.16824599e-03 -6.61124606e-03 -6.62084712e-03
 -4.37692556e-03 -4.47181522e-03 -1.99121128e-02 -1.29209151e-02
 -1.29209151e-02 -1.27240944e-02 -3.28662796e-03 -3.28662796e-03
 -9.58082112e-03 -9.58082112e-03 -1.29736265e-03 -1.91671053e-03
 -1.45562522e-02 -1.45761660e-02 -1.57590292e-03 -7.56768389e-03
 -1.35600000e-03 -1.35600000e-03 -1.99853629e-03 -5.20228777e-04
 -2.00078032e-05 -1.12621924e-05 -8.80975337e-03 -7.16254082e-03
 -7.09284001e-03 -8.98187850e-03 -3.32830031e-02 -3.35393938e-02
 -1.25048770e-06 -7.43476317e-03 -4.57045996e-06 -1.12177425e-02
 -9.69714795e-07 -4.72707654e-03 -4.72707654e-03 -2.58025452e-02
 -9.93160355e-06 -3.65148708e-03 -3.65148708e-03 -3.70127229e-03
 -3.60776350e-03 -3.60776350e-03 -4.64380736e-03 -4.64380736e-03
 -4.62908081e-03 -6.48743527e-03 -3.54797146e-03 -2.33715865e-02
 -1.77787352e-02 -6.96434029e-04 -6.96434029e-04 -1.08163857e-03
 -1.08163857e-03 -1.04249652e-04 -1.04249652e-04 -2.54901332e-05
 -3.06521065e-04 -3.06521065e-04 -3.06521065e-04 -7.84171009e-05
 -1.55076743e-03 -1.55076743e-03 -5.85800587e-04 -5.85800587e-04
 -5.85800587e-04 -8.09266148e-05 -4.78750305e-03 -4.78750305e-03
 -4.78750305e-03 -4.78750305e-03 -8.40794500e-02 -8.41114743e-02
 -9.03388126e-03 -4.84906962e-02 -6.96480518e-03 -2.30091413e-02
 -1.34449255e-02 -6.21917162e-03 -6.18963429e-03 -1.48935992e-03
 -2.10719454e-02 -2.10719454e-02 -2.99416575e-02 -2.58828026e-05
 -4.64397775e-03 -4.65524674e-03 -2.14822309e-02 -2.14722739e-02
 -2.18515921e-02 -1.33644853e-02 -1.33757527e-02 -1.33757527e-02
 -2.79351988e-02 -3.95274263e-03 -3.95274263e-03 -5.48991039e-03
 -9.66979817e-03 -9.97752193e-03 -2.42327862e-03 -2.40336369e-03
 -2.77452248e-02 -5.13927827e-05 -1.32155909e-04 -2.30823186e-04
 -1.58164097e-04 -6.04333370e-03 -3.18375167e-03 -3.66578082e-03
 -3.66578082e-03 -9.17565630e-03 -2.95850320e-03 -4.48100100e-03
 -4.48100100e-03 -4.48100100e-03 -9.06532049e-03 -8.97439085e-03
 -2.56008709e-03 -3.31500705e-03 -3.31500705e-03 -5.77788069e-07
 -2.01733829e-03 -2.01733829e-03 -2.01733829e-03]
acl_u[acl_delta_k]: [1 1 1 1 1 1 1 1 1 1 1 1 1 1 1 1 1 1 1 1 1 1 1 1 1 1 1 1 1 1 1 1 1 1 1 1 1
 1 1 1 1 1 1 1 1 1 1 1 1 1 1 1 1 1 1 1 1 1 1 1 1 1 1 1 1 1 1 1 1 1 1 1 1 1
 1 1 1 1 1 1 1 1 1 1 1 1 1 1 1 1 1 1 1 1 1 1 1 1 1 1 1 1 1 1 1 1 1 1 1 1 1
 1 1 1 1 1 1 1 1 1 1 1 1 1 1 1 1 1 1 1 1 1 1 1 1 1 1 1 1 1 1 1 1 1 1 1 1 1
 1 1 1 1 1 1 1 1 1 1 1 1 1 1 1 1 1 1 1 1 1 1 1 1 1 1 1 1 1 1 1 1 1 1 1 1 0
 0 1 1 1 1 1 1 1 1 1 1 1 1 1 1 1 1 1 1 1 0 1 1 1 1 1 1 1 1 1 1 1 1 1]
num AC branches with possible violations in ACL contingencies: 0
num AC branches with possible violations in DCL contingencies: 0
num AC branches with possible violations in XFR contingencies: 0
t: 11, time: 0.1356496810913086, memory_info: {'rss bytes': 456441856, 'rss human': '435.3M', 'percent': 0.1689086415483549}
v_acl_k: [-1.19076484e-02 -1.01324350e-02 -2.66285766e-02 -4.40462154e-02
 -4.40462154e-02 -1.33108601e-02 -1.33108601e-02 -1.33108601e-02
 -1.33108601e-02 -1.33108601e-02 -9.79503691e-05 -8.79796089e-05
 -1.05566564e-07 -6.24707723e-04 -5.92369398e-04 -1.20131753e-03
 -1.20131753e-03 -6.62673058e-04 -6.62673058e-04 -5.66415672e-03
 -1.59399647e-03 -1.99011968e-03 -1.99011968e-03 -1.55357278e-06
 -9.49182051e-06 -1.95261444e-03 -5.76822010e-03 -2.02154676e-03
 -5.79438327e-04 -1.21037868e-04 -1.21037868e-04 -1.18254185e-04
 -8.83259549e-05 -3.44692308e-04 -3.44692308e-04 -1.37716621e-03
 -8.11384697e-03 -7.47757860e-03 -4.89363399e-05 -7.87415347e-05
 -1.48989723e-04 -4.15039023e-03 -9.56539556e-06 -8.21719903e-03
 -3.28630317e-03 -3.28630317e-03 -3.32613117e-03 -3.33608867e-03
 -3.11416883e-03 -3.19382641e-03 -3.17391082e-03 -7.06749151e-03
 -5.16266159e-04 -5.16266159e-04 -1.56120070e-04 -2.19791492e-03
 -2.19791492e-03 -3.97529980e-04 -1.59518524e-03 -9.02013035e-03
 -9.02013035e-03 -9.18623364e-04 -9.18623364e-04 -5.66155090e-06
 -5.93990270e-03 -5.93990270e-03 -6.65971414e-04 -3.95831724e-04
 -5.46494062e-04 -3.95831724e-04 -5.38360394e-03 -5.40351894e-03
 -5.31379581e-03 -5.31379581e-03 -6.60252008e-04 -2.12634011e-05
 -2.12634011e-05 -5.51547442e-03 -5.51547442e-03 -5.51547442e-03
 -4.95634850e-04 -4.25072678e-04 -4.25072678e-04 -4.25072678e-04
 -1.64490804e-04 -1.64490804e-04 -1.36113163e-04 -4.65910155e-03
 -4.65910155e-03 -4.65910155e-03 -3.16824599e-03 -3.16824599e-03
 -3.16824599e-03 -3.16824599e-03 -6.61124606e-03 -6.62084712e-03
 -4.37692556e-03 -4.47181522e-03 -1.99121128e-02 -1.29209151e-02
 -1.29209151e-02 -1.27240944e-02 -3.28662796e-03 -3.28662796e-03
 -9.58082112e-03 -9.58082112e-03 -1.29736265e-03 -1.91671053e-03
 -1.45562522e-02 -1.45761660e-02 -1.57590292e-03 -7.56768389e-03
 -1.35600000e-03 -1.35600000e-03 -1.99853629e-03 -5.20228777e-04
 -2.00078032e-05 -1.12621924e-05 -8.80975337e-03 -7.16254082e-03
 -7.09284001e-03 -8.98187850e-03 -3.32830031e-02 -3.35393938e-02
 -1.25048770e-06 -7.43476317e-03 -4.57045996e-06 -1.12177425e-02
 -9.69714795e-07 -4.72707654e-03 -4.72707654e-03 -2.58025452e-02
 -9.93160355e-06 -3.65148708e-03 -3.65148708e-03 -3.70127229e-03
 -3.60776350e-03 -3.60776350e-03 -4.64380736e-03 -4.64380736e-03
 -4.62908081e-03 -6.48743527e-03 -3.54797146e-03 -2.33715865e-02
 -1.77787352e-02 -6.96434029e-04 -6.96434029e-04 -1.08163857e-03
 -1.08163857e-03 -1.04249652e-04 -1.04249652e-04 -2.54901332e-05
 -3.06521065e-04 -3.06521065e-04 -3.06521065e-04 -7.84171009e-05
 -1.55076743e-03 -1.55076743e-03 -5.85800587e-04 -5.85800587e-04
 -5.85800587e-04 -8.09266148e-05 -4.78750305e-03 -4.78750305e-03
 -4.78750305e-03 -4.78750305e-03 -8.40794500e-02 -8.41114743e-02
 -9.03388126e-03 -4.84906962e-02 -6.96480518e-03 -2.30091413e-02
 -1.34449255e-02 -6.21917162e-03 -6.18963429e-03 -1.48935992e-03
 -2.10719454e-02 -2.10719454e-02 -2.99416575e-02 -2.58828026e-05
 -4.64397775e-03 -4.65524674e-03 -2.14822309e-02 -2.14722739e-02
 -2.18515921e-02 -1.33644853e-02 -1.33757527e-02 -1.33757527e-02
 -2.79351988e-02 -3.95274263e-03 -3.95274263e-03 -5.48991039e-03
 -9.66979817e-03 -9.97752193e-03 -2.42327862e-03 -2.40336369e-03
 -2.77452248e-02 -5.13927827e-05 -1.32155909e-04 -2.30823186e-04
 -1.58164097e-04 -6.04333370e-03 -3.18375167e-03 -3.66578082e-03
 -3.66578082e-03 -9.17565630e-03 -2.95850320e-03 -4.48100100e-03
 -4.48100100e-03 -4.48100100e-03 -9.06532049e-03 -8.97439085e-03
 -2.56008709e-03 -3.31500705e-03 -3.31500705e-03 -5.77788069e-07
 -2.01733829e-03 -2.01733829e-03 -2.01733829e-03]
acl_u[acl_delta_k]: [1 1 1 1 1 1 1 1 1 1 1 1 1 1 1 1 1 1 1 1 1 1 1 1 1 1 1 1 1 1 1 1 1 1 1 1 1
 1 1 1 1 1 1 1 1 1 1 1 1 1 1 1 1 1 1 1 1 1 1 1 1 1 1 1 1 1 1 1 1 1 1 1 1 1
 1 1 1 1 1 1 1 1 1 1 1 1 1 1 1 1 1 1 1 1 1 1 1 1 1 1 1 1 1 1 1 1 1 1 1 1 1
 1 1 1 1 1 1 1 1 1 1 1 1 1 1 1 1 1 1 1 1 1 1 1 1 1 1 1 1 1 1 1 1 1 1 1 1 1
 1 1 1 1 1 1 1 1 1 1 1 1 1 1 1 1 1 1 1 1 1 1 1 1 1 1 1 1 1 1 1 1 1 1 1 1 0
 0 1 1 1 1 1 1 1 1 1 1 1 1 1 1 1 1 1 1 1 0 1 1 1 1 1 1 1 1 1 1 1 1 1]
num AC branches with possible violations in ACL contingencies: 0
num AC branches with possible violations in DCL contingencies: 0
num AC branches with possible violations in XFR contingencies: 0
t: 12, time: 0.13608217239379883, memory_info: {'rss bytes': 456441856, 'rss human': '435.3M', 'percent': 0.1689086415483549}
v_acl_k: [-1.19076484e-02 -1.01324350e-02 -2.66285766e-02 -4.40462154e-02
 -4.40462154e-02 -1.33108601e-02 -1.33108601e-02 -1.33108601e-02
 -1.33108601e-02 -1.33108601e-02 -9.79503691e-05 -8.79796089e-05
 -1.05566564e-07 -6.24707723e-04 -5.92369398e-04 -1.20131753e-03
 -1.20131753e-03 -6.62673058e-04 -6.62673058e-04 -5.66415672e-03
 -1.59399647e-03 -1.99011968e-03 -1.99011968e-03 -1.55357278e-06
 -9.49182051e-06 -1.95261444e-03 -5.76822010e-03 -2.02154676e-03
 -5.79438327e-04 -1.21037868e-04 -1.21037868e-04 -1.18254185e-04
 -8.83259549e-05 -3.44692308e-04 -3.44692308e-04 -1.37716621e-03
 -8.11384697e-03 -7.47757860e-03 -4.89363399e-05 -7.87415347e-05
 -1.48989723e-04 -4.15039023e-03 -9.56539556e-06 -8.21719903e-03
 -3.28630317e-03 -3.28630317e-03 -3.32613117e-03 -3.33608867e-03
 -3.11416883e-03 -3.19382641e-03 -3.17391082e-03 -7.06749151e-03
 -5.16266159e-04 -5.16266159e-04 -1.56120070e-04 -2.19791492e-03
 -2.19791492e-03 -3.97529980e-04 -1.59518524e-03 -9.02013035e-03
 -9.02013035e-03 -9.18623364e-04 -9.18623364e-04 -5.66155090e-06
 -5.93990270e-03 -5.93990270e-03 -6.65971414e-04 -3.95831724e-04
 -5.46494062e-04 -3.95831724e-04 -5.38360394e-03 -5.40351894e-03
 -5.31379581e-03 -5.31379581e-03 -6.60252008e-04 -2.12634011e-05
 -2.12634011e-05 -5.51547442e-03 -5.51547442e-03 -5.51547442e-03
 -4.95634850e-04 -4.25072678e-04 -4.25072678e-04 -4.25072678e-04
 -1.64490804e-04 -1.64490804e-04 -1.36113163e-04 -4.65910155e-03
 -4.65910155e-03 -4.65910155e-03 -3.16824599e-03 -3.16824599e-03
 -3.16824599e-03 -3.16824599e-03 -6.61124606e-03 -6.62084712e-03
 -4.37692556e-03 -4.47181522e-03 -1.99121128e-02 -1.29209151e-02
 -1.29209151e-02 -1.27240944e-02 -3.28662796e-03 -3.28662796e-03
 -9.58082112e-03 -9.58082112e-03 -1.29736265e-03 -1.91671053e-03
 -1.45562522e-02 -1.45761660e-02 -1.57590292e-03 -7.56768389e-03
 -1.35600000e-03 -1.35600000e-03 -1.99853629e-03 -5.20228777e-04
 -2.00078032e-05 -1.12621924e-05 -8.80975337e-03 -7.16254082e-03
 -7.09284001e-03 -8.98187850e-03 -3.32830031e-02 -3.35393938e-02
 -1.25048770e-06 -7.43476317e-03 -4.57045996e-06 -1.12177425e-02
 -9.69714795e-07 -4.72707654e-03 -4.72707654e-03 -2.58025452e-02
 -9.93160355e-06 -3.65148708e-03 -3.65148708e-03 -3.70127229e-03
 -3.60776350e-03 -3.60776350e-03 -4.64380736e-03 -4.64380736e-03
 -4.62908081e-03 -6.48743527e-03 -3.54797146e-03 -2.33715865e-02
 -1.77787352e-02 -6.96434029e-04 -6.96434029e-04 -1.08163857e-03
 -1.08163857e-03 -1.04249652e-04 -1.04249652e-04 -2.54901332e-05
 -3.06521065e-04 -3.06521065e-04 -3.06521065e-04 -7.84171009e-05
 -1.55076743e-03 -1.55076743e-03 -5.85800587e-04 -5.85800587e-04
 -5.85800587e-04 -8.09266148e-05 -4.78750305e-03 -4.78750305e-03
 -4.78750305e-03 -4.78750305e-03 -8.40794500e-02 -8.41114743e-02
 -9.03388126e-03 -4.84906962e-02 -6.96480518e-03 -2.30091413e-02
 -1.34449255e-02 -6.21917162e-03 -6.18963429e-03 -1.48935992e-03
 -2.10719454e-02 -2.10719454e-02 -2.99416575e-02 -2.58828026e-05
 -4.64397775e-03 -4.65524674e-03 -2.14822309e-02 -2.14722739e-02
 -2.18515921e-02 -1.33644853e-02 -1.33757527e-02 -1.33757527e-02
 -2.79351988e-02 -3.95274263e-03 -3.95274263e-03 -5.48991039e-03
 -9.66979817e-03 -9.97752193e-03 -2.42327862e-03 -2.40336369e-03
 -2.77452248e-02 -5.13927827e-05 -1.32155909e-04 -2.30823186e-04
 -1.58164097e-04 -6.04333370e-03 -3.18375167e-03 -3.66578082e-03
 -3.66578082e-03 -9.17565630e-03 -2.95850320e-03 -4.48100100e-03
 -4.48100100e-03 -4.48100100e-03 -9.06532049e-03 -8.97439085e-03
 -2.56008709e-03 -3.31500705e-03 -3.31500705e-03 -5.77788069e-07
 -2.01733829e-03 -2.01733829e-03 -2.01733829e-03]
acl_u[acl_delta_k]: [1 1 1 1 1 1 1 1 1 1 1 1 1 1 1 1 1 1 1 1 1 1 1 1 1 1 1 1 1 1 1 1 1 1 1 1 1
 1 1 1 1 1 1 1 1 1 1 1 1 1 1 1 1 1 1 1 1 1 1 1 1 1 1 1 1 1 1 1 1 1 1 1 1 1
 1 1 1 1 1 1 1 1 1 1 1 1 1 1 1 1 1 1 1 1 1 1 1 1 1 1 1 1 1 1 1 1 1 1 1 1 1
 1 1 1 1 1 1 1 1 1 1 1 1 1 1 1 1 1 1 1 1 1 1 1 1 1 1 1 1 1 1 1 1 1 1 1 1 1
 1 1 1 1 1 1 1 1 1 1 1 1 1 1 1 1 1 1 1 1 1 1 1 1 1 1 1 1 1 1 1 1 1 1 1 1 0
 0 1 1 1 1 1 1 1 1 1 1 1 1 1 1 1 1 1 1 1 0 1 1 1 1 1 1 1 1 1 1 1 1 1]
num AC branches with possible violations in ACL contingencies: 0
num AC branches with possible violations in DCL contingencies: 0
num AC branches with possible violations in XFR contingencies: 0
t: 13, time: 0.1355142593383789, memory_info: {'rss bytes': 456441856, 'rss human': '435.3M', 'percent': 0.1689086415483549}
v_acl_k: [-1.19076484e-02 -1.01324350e-02 -2.66285766e-02 -4.40462154e-02
 -4.40462154e-02 -1.33108601e-02 -1.33108601e-02 -1.33108601e-02
 -1.33108601e-02 -1.33108601e-02 -9.79503691e-05 -8.79796089e-05
 -1.05566564e-07 -6.24707723e-04 -5.92369398e-04 -1.20131753e-03
 -1.20131753e-03 -6.62673058e-04 -6.62673058e-04 -5.66415672e-03
 -1.59399647e-03 -1.99011968e-03 -1.99011968e-03 -1.55357278e-06
 -9.49182051e-06 -1.95261444e-03 -5.76822010e-03 -2.02154676e-03
 -5.79438327e-04 -1.21037868e-04 -1.21037868e-04 -1.18254185e-04
 -8.83259549e-05 -3.44692308e-04 -3.44692308e-04 -1.37716621e-03
 -8.11384697e-03 -7.47757860e-03 -4.89363399e-05 -7.87415347e-05
 -1.48989723e-04 -4.15039023e-03 -9.56539556e-06 -8.21719903e-03
 -3.28630317e-03 -3.28630317e-03 -3.32613117e-03 -3.33608867e-03
 -3.11416883e-03 -3.19382641e-03 -3.17391082e-03 -7.06749151e-03
 -5.16266159e-04 -5.16266159e-04 -1.56120070e-04 -2.19791492e-03
 -2.19791492e-03 -3.97529980e-04 -1.59518524e-03 -9.02013035e-03
 -9.02013035e-03 -9.18623364e-04 -9.18623364e-04 -5.66155090e-06
 -5.93990270e-03 -5.93990270e-03 -6.65971414e-04 -3.95831724e-04
 -5.46494062e-04 -3.95831724e-04 -5.38360394e-03 -5.40351894e-03
 -5.31379581e-03 -5.31379581e-03 -6.60252008e-04 -2.12634011e-05
 -2.12634011e-05 -5.51547442e-03 -5.51547442e-03 -5.51547442e-03
 -4.95634850e-04 -4.25072678e-04 -4.25072678e-04 -4.25072678e-04
 -1.64490804e-04 -1.64490804e-04 -1.36113163e-04 -4.65910155e-03
 -4.65910155e-03 -4.65910155e-03 -3.16824599e-03 -3.16824599e-03
 -3.16824599e-03 -3.16824599e-03 -6.61124606e-03 -6.62084712e-03
 -4.37692556e-03 -4.47181522e-03 -1.99121128e-02 -1.29209151e-02
 -1.29209151e-02 -1.27240944e-02 -3.28662796e-03 -3.28662796e-03
 -9.58082112e-03 -9.58082112e-03 -1.29736265e-03 -1.91671053e-03
 -1.45562522e-02 -1.45761660e-02 -1.57590292e-03 -7.56768389e-03
 -1.35600000e-03 -1.35600000e-03 -1.99853629e-03 -5.20228777e-04
 -2.00078032e-05 -1.12621924e-05 -8.80975337e-03 -7.16254082e-03
 -7.09284001e-03 -8.98187850e-03 -3.32830031e-02 -3.35393938e-02
 -1.25048770e-06 -7.43476317e-03 -4.57045996e-06 -1.12177425e-02
 -9.69714795e-07 -4.72707654e-03 -4.72707654e-03 -2.58025452e-02
 -9.93160355e-06 -3.65148708e-03 -3.65148708e-03 -3.70127229e-03
 -3.60776350e-03 -3.60776350e-03 -4.64380736e-03 -4.64380736e-03
 -4.62908081e-03 -6.48743527e-03 -3.54797146e-03 -2.33715865e-02
 -1.77787352e-02 -6.96434029e-04 -6.96434029e-04 -1.08163857e-03
 -1.08163857e-03 -1.04249652e-04 -1.04249652e-04 -2.54901332e-05
 -3.06521065e-04 -3.06521065e-04 -3.06521065e-04 -7.84171009e-05
 -1.55076743e-03 -1.55076743e-03 -5.85800587e-04 -5.85800587e-04
 -5.85800587e-04 -8.09266148e-05 -4.78750305e-03 -4.78750305e-03
 -4.78750305e-03 -4.78750305e-03 -8.40794500e-02 -8.41114743e-02
 -9.03388126e-03 -4.84906962e-02 -6.96480518e-03 -2.30091413e-02
 -1.34449255e-02 -6.21917162e-03 -6.18963429e-03 -1.48935992e-03
 -2.10719454e-02 -2.10719454e-02 -2.99416575e-02 -2.58828026e-05
 -4.64397775e-03 -4.65524674e-03 -2.14822309e-02 -2.14722739e-02
 -2.18515921e-02 -1.33644853e-02 -1.33757527e-02 -1.33757527e-02
 -2.79351988e-02 -3.95274263e-03 -3.95274263e-03 -5.48991039e-03
 -9.66979817e-03 -9.97752193e-03 -2.42327862e-03 -2.40336369e-03
 -2.77452248e-02 -5.13927827e-05 -1.32155909e-04 -2.30823186e-04
 -1.58164097e-04 -6.04333370e-03 -3.18375167e-03 -3.66578082e-03
 -3.66578082e-03 -9.17565630e-03 -2.95850320e-03 -4.48100100e-03
 -4.48100100e-03 -4.48100100e-03 -9.06532049e-03 -8.97439085e-03
 -2.56008709e-03 -3.31500705e-03 -3.31500705e-03 -5.77788069e-07
 -2.01733829e-03 -2.01733829e-03 -2.01733829e-03]
acl_u[acl_delta_k]: [1 1 1 1 1 1 1 1 1 1 1 1 1 1 1 1 1 1 1 1 1 1 1 1 1 1 1 1 1 1 1 1 1 1 1 1 1
 1 1 1 1 1 1 1 1 1 1 1 1 1 1 1 1 1 1 1 1 1 1 1 1 1 1 1 1 1 1 1 1 1 1 1 1 1
 1 1 1 1 1 1 1 1 1 1 1 1 1 1 1 1 1 1 1 1 1 1 1 1 1 1 1 1 1 1 1 1 1 1 1 1 1
 1 1 1 1 1 1 1 1 1 1 1 1 1 1 1 1 1 1 1 1 1 1 1 1 1 1 1 1 1 1 1 1 1 1 1 1 1
 1 1 1 1 1 1 1 1 1 1 1 1 1 1 1 1 1 1 1 1 1 1 1 1 1 1 1 1 1 1 1 1 1 1 1 1 0
 0 1 1 1 1 1 1 1 1 1 1 1 1 1 1 1 1 1 1 1 0 1 1 1 1 1 1 1 1 1 1 1 1 1]
num AC branches with possible violations in ACL contingencies: 0
num AC branches with possible violations in DCL contingencies: 0
num AC branches with possible violations in XFR contingencies: 0
t: 14, time: 0.13663911819458008, memory_info: {'rss bytes': 456441856, 'rss human': '435.3M', 'percent': 0.1689086415483549}
v_acl_k: [-1.19076484e-02 -1.01324350e-02 -2.66285766e-02 -4.40462154e-02
 -4.40462154e-02 -1.33108601e-02 -1.33108601e-02 -1.33108601e-02
 -1.33108601e-02 -1.33108601e-02 -9.79503691e-05 -8.79796089e-05
 -1.05566564e-07 -6.24707723e-04 -5.92369398e-04 -1.20131753e-03
 -1.20131753e-03 -6.62673058e-04 -6.62673058e-04 -5.66415672e-03
 -1.59399647e-03 -1.99011968e-03 -1.99011968e-03 -1.55357278e-06
 -9.49182051e-06 -1.95261444e-03 -5.76822010e-03 -2.02154676e-03
 -5.79438327e-04 -1.21037868e-04 -1.21037868e-04 -1.18254185e-04
 -8.83259549e-05 -3.44692308e-04 -3.44692308e-04 -1.37716621e-03
 -8.11384697e-03 -7.47757860e-03 -4.89363399e-05 -7.87415347e-05
 -1.48989723e-04 -4.15039023e-03 -9.56539556e-06 -8.21719903e-03
 -3.28630317e-03 -3.28630317e-03 -3.32613117e-03 -3.33608867e-03
 -3.11416883e-03 -3.19382641e-03 -3.17391082e-03 -7.06749151e-03
 -5.16266159e-04 -5.16266159e-04 -1.56120070e-04 -2.19791492e-03
 -2.19791492e-03 -3.97529980e-04 -1.59518524e-03 -9.02013035e-03
 -9.02013035e-03 -9.18623364e-04 -9.18623364e-04 -5.66155090e-06
 -5.93990270e-03 -5.93990270e-03 -6.65971414e-04 -3.95831724e-04
 -5.46494062e-04 -3.95831724e-04 -5.38360394e-03 -5.40351894e-03
 -5.31379581e-03 -5.31379581e-03 -6.60252008e-04 -2.12634011e-05
 -2.12634011e-05 -5.51547442e-03 -5.51547442e-03 -5.51547442e-03
 -4.95634850e-04 -4.25072678e-04 -4.25072678e-04 -4.25072678e-04
 -1.64490804e-04 -1.64490804e-04 -1.36113163e-04 -4.65910155e-03
 -4.65910155e-03 -4.65910155e-03 -3.16824599e-03 -3.16824599e-03
 -3.16824599e-03 -3.16824599e-03 -6.61124606e-03 -6.62084712e-03
 -4.37692556e-03 -4.47181522e-03 -1.99121128e-02 -1.29209151e-02
 -1.29209151e-02 -1.27240944e-02 -3.28662796e-03 -3.28662796e-03
 -9.58082112e-03 -9.58082112e-03 -1.29736265e-03 -1.91671053e-03
 -1.45562522e-02 -1.45761660e-02 -1.57590292e-03 -7.56768389e-03
 -1.35600000e-03 -1.35600000e-03 -1.99853629e-03 -5.20228777e-04
 -2.00078032e-05 -1.12621924e-05 -8.80975337e-03 -7.16254082e-03
 -7.09284001e-03 -8.98187850e-03 -3.32830031e-02 -3.35393938e-02
 -1.25048770e-06 -7.43476317e-03 -4.57045996e-06 -1.12177425e-02
 -9.69714795e-07 -4.72707654e-03 -4.72707654e-03 -2.58025452e-02
 -9.93160355e-06 -3.65148708e-03 -3.65148708e-03 -3.70127229e-03
 -3.60776350e-03 -3.60776350e-03 -4.64380736e-03 -4.64380736e-03
 -4.62908081e-03 -6.48743527e-03 -3.54797146e-03 -2.33715865e-02
 -1.77787352e-02 -6.96434029e-04 -6.96434029e-04 -1.08163857e-03
 -1.08163857e-03 -1.04249652e-04 -1.04249652e-04 -2.54901332e-05
 -3.06521065e-04 -3.06521065e-04 -3.06521065e-04 -7.84171009e-05
 -1.55076743e-03 -1.55076743e-03 -5.85800587e-04 -5.85800587e-04
 -5.85800587e-04 -8.09266148e-05 -4.78750305e-03 -4.78750305e-03
 -4.78750305e-03 -4.78750305e-03 -8.40794500e-02 -8.41114743e-02
 -9.03388126e-03 -4.84906962e-02 -6.96480518e-03 -2.30091413e-02
 -1.34449255e-02 -6.21917162e-03 -6.18963429e-03 -1.48935992e-03
 -2.10719454e-02 -2.10719454e-02 -2.99416575e-02 -2.58828026e-05
 -4.64397775e-03 -4.65524674e-03 -2.14822309e-02 -2.14722739e-02
 -2.18515921e-02 -1.33644853e-02 -1.33757527e-02 -1.33757527e-02
 -2.79351988e-02 -3.95274263e-03 -3.95274263e-03 -5.48991039e-03
 -9.66979817e-03 -9.97752193e-03 -2.42327862e-03 -2.40336369e-03
 -2.77452248e-02 -5.13927827e-05 -1.32155909e-04 -2.30823186e-04
 -1.58164097e-04 -6.04333370e-03 -3.18375167e-03 -3.66578082e-03
 -3.66578082e-03 -9.17565630e-03 -2.95850320e-03 -4.48100100e-03
 -4.48100100e-03 -4.48100100e-03 -9.06532049e-03 -8.97439085e-03
 -2.56008709e-03 -3.31500705e-03 -3.31500705e-03 -5.77788069e-07
 -2.01733829e-03 -2.01733829e-03 -2.01733829e-03]
acl_u[acl_delta_k]: [1 1 1 1 1 1 1 1 1 1 1 1 1 1 1 1 1 1 1 1 1 1 1 1 1 1 1 1 1 1 1 1 1 1 1 1 1
 1 1 1 1 1 1 1 1 1 1 1 1 1 1 1 1 1 1 1 1 1 1 1 1 1 1 1 1 1 1 1 1 1 1 1 1 1
 1 1 1 1 1 1 1 1 1 1 1 1 1 1 1 1 1 1 1 1 1 1 1 1 1 1 1 1 1 1 1 1 1 1 1 1 1
 1 1 1 1 1 1 1 1 1 1 1 1 1 1 1 1 1 1 1 1 1 1 1 1 1 1 1 1 1 1 1 1 1 1 1 1 1
 1 1 1 1 1 1 1 1 1 1 1 1 1 1 1 1 1 1 1 1 1 1 1 1 1 1 1 1 1 1 1 1 1 1 1 1 0
 0 1 1 1 1 1 1 1 1 1 1 1 1 1 1 1 1 1 1 1 0 1 1 1 1 1 1 1 1 1 1 1 1 1]
num AC branches with possible violations in ACL contingencies: 0
num AC branches with possible violations in DCL contingencies: 0
num AC branches with possible violations in XFR contingencies: 0
t: 15, time: 0.09801054000854492, memory_info: {'rss bytes': 456441856, 'rss human': '435.3M', 'percent': 0.1689086415483549}
v_acl_k: [-1.19076484e-02 -1.01324350e-02 -2.66285766e-02 -4.40462154e-02
 -4.40462154e-02 -1.33108601e-02 -1.33108601e-02 -1.33108601e-02
 -1.33108601e-02 -1.33108601e-02 -9.79503691e-05 -8.79796089e-05
 -1.05566564e-07 -6.24707723e-04 -5.92369398e-04 -1.20131753e-03
 -1.20131753e-03 -6.62673058e-04 -6.62673058e-04 -5.66415672e-03
 -1.59399647e-03 -1.99011968e-03 -1.99011968e-03 -1.55357278e-06
 -9.49182051e-06 -1.95261444e-03 -5.76822010e-03 -2.02154676e-03
 -5.79438327e-04 -1.21037868e-04 -1.21037868e-04 -1.18254185e-04
 -8.83259549e-05 -3.44692308e-04 -3.44692308e-04 -1.37716621e-03
 -8.11384697e-03 -7.47757860e-03 -4.89363399e-05 -7.87415347e-05
 -1.48989723e-04 -4.15039023e-03 -9.56539556e-06 -8.21719903e-03
 -3.28630317e-03 -3.28630317e-03 -3.32613117e-03 -3.33608867e-03
 -3.11416883e-03 -3.19382641e-03 -3.17391082e-03 -7.06749151e-03
 -5.16266159e-04 -5.16266159e-04 -1.56120070e-04 -2.19791492e-03
 -2.19791492e-03 -3.97529980e-04 -1.59518524e-03 -9.02013035e-03
 -9.02013035e-03 -9.18623364e-04 -9.18623364e-04 -5.66155090e-06
 -5.93990270e-03 -5.93990270e-03 -6.65971414e-04 -3.95831724e-04
 -5.46494062e-04 -3.95831724e-04 -5.38360394e-03 -5.40351894e-03
 -5.31379581e-03 -5.31379581e-03 -6.60252008e-04 -2.12634011e-05
 -2.12634011e-05 -5.51547442e-03 -5.51547442e-03 -5.51547442e-03
 -4.95634850e-04 -4.25072678e-04 -4.25072678e-04 -4.25072678e-04
 -1.64490804e-04 -1.64490804e-04 -1.36113163e-04 -4.65910155e-03
 -4.65910155e-03 -4.65910155e-03 -3.16824599e-03 -3.16824599e-03
 -3.16824599e-03 -3.16824599e-03 -6.61124606e-03 -6.62084712e-03
 -4.37692556e-03 -4.47181522e-03 -1.99121128e-02 -1.29209151e-02
 -1.29209151e-02 -1.27240944e-02 -3.28662796e-03 -3.28662796e-03
 -9.58082112e-03 -9.58082112e-03 -1.29736265e-03 -1.91671053e-03
 -1.45562522e-02 -1.45761660e-02 -1.57590292e-03 -7.56768389e-03
 -1.35600000e-03 -1.35600000e-03 -1.99853629e-03 -5.20228777e-04
 -2.00078032e-05 -1.12621924e-05 -8.80975337e-03 -7.16254082e-03
 -7.09284001e-03 -8.98187850e-03 -3.32830031e-02 -3.35393938e-02
 -1.25048770e-06 -7.43476317e-03 -4.57045996e-06 -1.12177425e-02
 -9.69714795e-07 -4.72707654e-03 -4.72707654e-03 -2.58025452e-02
 -9.93160355e-06 -3.65148708e-03 -3.65148708e-03 -3.70127229e-03
 -3.60776350e-03 -3.60776350e-03 -4.64380736e-03 -4.64380736e-03
 -4.62908081e-03 -6.48743527e-03 -3.54797146e-03 -2.33715865e-02
 -1.77787352e-02 -6.96434029e-04 -6.96434029e-04 -1.08163857e-03
 -1.08163857e-03 -1.04249652e-04 -1.04249652e-04 -2.54901332e-05
 -3.06521065e-04 -3.06521065e-04 -3.06521065e-04 -7.84171009e-05
 -1.55076743e-03 -1.55076743e-03 -5.85800587e-04 -5.85800587e-04
 -5.85800587e-04 -8.09266148e-05 -4.78750305e-03 -4.78750305e-03
 -4.78750305e-03 -4.78750305e-03 -8.40794500e-02 -8.41114743e-02
 -9.03388126e-03 -4.84906962e-02 -6.96480518e-03 -2.30091413e-02
 -1.34449255e-02 -6.21917162e-03 -6.18963429e-03 -1.48935992e-03
 -2.10719454e-02 -2.10719454e-02 -2.99416575e-02 -2.58828026e-05
 -4.64397775e-03 -4.65524674e-03 -2.14822309e-02 -2.14722739e-02
 -2.18515921e-02 -1.33644853e-02 -1.33757527e-02 -1.33757527e-02
 -2.79351988e-02 -3.95274263e-03 -3.95274263e-03 -5.48991039e-03
 -9.66979817e-03 -9.97752193e-03 -2.42327862e-03 -2.40336369e-03
 -2.77452248e-02 -5.13927827e-05 -1.32155909e-04 -2.30823186e-04
 -1.58164097e-04 -6.04333370e-03 -3.18375167e-03 -3.66578082e-03
 -3.66578082e-03 -9.17565630e-03 -2.95850320e-03 -4.48100100e-03
 -4.48100100e-03 -4.48100100e-03 -9.06532049e-03 -8.97439085e-03
 -2.56008709e-03 -3.31500705e-03 -3.31500705e-03 -5.77788069e-07
 -2.01733829e-03 -2.01733829e-03 -2.01733829e-03]
acl_u[acl_delta_k]: [1 1 1 1 1 1 1 1 1 1 1 1 1 1 1 1 1 1 1 1 1 1 1 1 1 1 1 1 1 1 1 1 1 1 1 1 1
 1 1 1 1 1 1 1 1 1 1 1 1 1 1 1 1 1 1 1 1 1 1 1 1 1 1 1 1 1 1 1 1 1 1 1 1 1
 1 1 1 1 1 1 1 1 1 1 1 1 1 1 1 1 1 1 1 1 1 1 1 1 1 1 1 1 1 1 1 1 1 1 1 1 1
 1 1 1 1 1 1 1 1 1 1 1 1 1 1 1 1 1 1 1 1 1 1 1 1 1 1 1 1 1 1 1 1 1 1 1 1 1
 1 1 1 1 1 1 1 1 1 1 1 1 1 1 1 1 1 1 1 1 1 1 1 1 1 1 1 1 1 1 1 1 1 1 1 1 0
 0 1 1 1 1 1 1 1 1 1 1 1 1 1 1 1 1 1 1 1 0 1 1 1 1 1 1 1 1 1 1 1 1 1]
num AC branches with possible violations in ACL contingencies: 0
num AC branches with possible violations in DCL contingencies: 0
num AC branches with possible violations in XFR contingencies: 0
t: 16, time: 0.08966898918151855, memory_info: {'rss bytes': 456441856, 'rss human': '435.3M', 'percent': 0.1689086415483549}
v_acl_k: [-1.19076484e-02 -1.01324350e-02 -2.66285766e-02 -4.40462154e-02
 -4.40462154e-02 -1.33108601e-02 -1.33108601e-02 -1.33108601e-02
 -1.33108601e-02 -1.33108601e-02 -9.79503691e-05 -8.79796089e-05
 -1.05566564e-07 -6.24707723e-04 -5.92369398e-04 -1.20131753e-03
 -1.20131753e-03 -6.62673058e-04 -6.62673058e-04 -5.66415672e-03
 -1.59399647e-03 -1.99011968e-03 -1.99011968e-03 -1.55357278e-06
 -9.49182051e-06 -1.95261444e-03 -5.76822010e-03 -2.02154676e-03
 -5.79438327e-04 -1.21037868e-04 -1.21037868e-04 -1.18254185e-04
 -8.83259549e-05 -3.44692308e-04 -3.44692308e-04 -1.37716621e-03
 -8.11384697e-03 -7.47757860e-03 -4.89363399e-05 -7.87415347e-05
 -1.48989723e-04 -4.15039023e-03 -9.56539556e-06 -8.21719903e-03
 -3.28630317e-03 -3.28630317e-03 -3.32613117e-03 -3.33608867e-03
 -3.11416883e-03 -3.19382641e-03 -3.17391082e-03 -7.06749151e-03
 -5.16266159e-04 -5.16266159e-04 -1.56120070e-04 -2.19791492e-03
 -2.19791492e-03 -3.97529980e-04 -1.59518524e-03 -9.02013035e-03
 -9.02013035e-03 -9.18623364e-04 -9.18623364e-04 -5.66155090e-06
 -5.93990270e-03 -5.93990270e-03 -6.65971414e-04 -3.95831724e-04
 -5.46494062e-04 -3.95831724e-04 -5.38360394e-03 -5.40351894e-03
 -5.31379581e-03 -5.31379581e-03 -6.60252008e-04 -2.12634011e-05
 -2.12634011e-05 -5.51547442e-03 -5.51547442e-03 -5.51547442e-03
 -4.95634850e-04 -4.25072678e-04 -4.25072678e-04 -4.25072678e-04
 -1.64490804e-04 -1.64490804e-04 -1.36113163e-04 -4.65910155e-03
 -4.65910155e-03 -4.65910155e-03 -3.16824599e-03 -3.16824599e-03
 -3.16824599e-03 -3.16824599e-03 -6.61124606e-03 -6.62084712e-03
 -4.37692556e-03 -4.47181522e-03 -1.99121128e-02 -1.29209151e-02
 -1.29209151e-02 -1.27240944e-02 -3.28662796e-03 -3.28662796e-03
 -9.58082112e-03 -9.58082112e-03 -1.29736265e-03 -1.91671053e-03
 -1.45562522e-02 -1.45761660e-02 -1.57590292e-03 -7.56768389e-03
 -1.35600000e-03 -1.35600000e-03 -1.99853629e-03 -5.20228777e-04
 -2.00078032e-05 -1.12621924e-05 -8.80975337e-03 -7.16254082e-03
 -7.09284001e-03 -8.98187850e-03 -3.32830031e-02 -3.35393938e-02
 -1.25048770e-06 -7.43476317e-03 -4.57045996e-06 -1.12177425e-02
 -9.69714795e-07 -4.72707654e-03 -4.72707654e-03 -2.58025452e-02
 -9.93160355e-06 -3.65148708e-03 -3.65148708e-03 -3.70127229e-03
 -3.60776350e-03 -3.60776350e-03 -4.64380736e-03 -4.64380736e-03
 -4.62908081e-03 -6.48743527e-03 -3.54797146e-03 -2.33715865e-02
 -1.77787352e-02 -6.96434029e-04 -6.96434029e-04 -1.08163857e-03
 -1.08163857e-03 -1.04249652e-04 -1.04249652e-04 -2.54901332e-05
 -3.06521065e-04 -3.06521065e-04 -3.06521065e-04 -7.84171009e-05
 -1.55076743e-03 -1.55076743e-03 -5.85800587e-04 -5.85800587e-04
 -5.85800587e-04 -8.09266148e-05 -4.78750305e-03 -4.78750305e-03
 -4.78750305e-03 -4.78750305e-03 -8.40794500e-02 -8.41114743e-02
 -9.03388126e-03 -4.84906962e-02 -6.96480518e-03 -2.30091413e-02
 -1.34449255e-02 -6.21917162e-03 -6.18963429e-03 -1.48935992e-03
 -2.10719454e-02 -2.10719454e-02 -2.99416575e-02 -2.58828026e-05
 -4.64397775e-03 -4.65524674e-03 -2.14822309e-02 -2.14722739e-02
 -2.18515921e-02 -1.33644853e-02 -1.33757527e-02 -1.33757527e-02
 -2.79351988e-02 -3.95274263e-03 -3.95274263e-03 -5.48991039e-03
 -9.66979817e-03 -9.97752193e-03 -2.42327862e-03 -2.40336369e-03
 -2.77452248e-02 -5.13927827e-05 -1.32155909e-04 -2.30823186e-04
 -1.58164097e-04 -6.04333370e-03 -3.18375167e-03 -3.66578082e-03
 -3.66578082e-03 -9.17565630e-03 -2.95850320e-03 -4.48100100e-03
 -4.48100100e-03 -4.48100100e-03 -9.06532049e-03 -8.97439085e-03
 -2.56008709e-03 -3.31500705e-03 -3.31500705e-03 -5.77788069e-07
 -2.01733829e-03 -2.01733829e-03 -2.01733829e-03]
acl_u[acl_delta_k]: [1 1 1 1 1 1 1 1 1 1 1 1 1 1 1 1 1 1 1 1 1 1 1 1 1 1 1 1 1 1 1 1 1 1 1 1 1
 1 1 1 1 1 1 1 1 1 1 1 1 1 1 1 1 1 1 1 1 1 1 1 1 1 1 1 1 1 1 1 1 1 1 1 1 1
 1 1 1 1 1 1 1 1 1 1 1 1 1 1 1 1 1 1 1 1 1 1 1 1 1 1 1 1 1 1 1 1 1 1 1 1 1
 1 1 1 1 1 1 1 1 1 1 1 1 1 1 1 1 1 1 1 1 1 1 1 1 1 1 1 1 1 1 1 1 1 1 1 1 1
 1 1 1 1 1 1 1 1 1 1 1 1 1 1 1 1 1 1 1 1 1 1 1 1 1 1 1 1 1 1 1 1 1 1 1 1 0
 0 1 1 1 1 1 1 1 1 1 1 1 1 1 1 1 1 1 1 1 0 1 1 1 1 1 1 1 1 1 1 1 1 1]
num AC branches with possible violations in ACL contingencies: 0
num AC branches with possible violations in DCL contingencies: 0
num AC branches with possible violations in XFR contingencies: 0
t: 17, time: 0.09000635147094727, memory_info: {'rss bytes': 456441856, 'rss human': '435.3M', 'percent': 0.1689086415483549}
initialize_m_w_time: 0.002374410629272461
compute_static_w_time: 0.1192617416381836
get_time_varying_branch_characteristics_time: 0.002574920654296875
construct_a_t_time: 0.010154485702514648
factor_a_t_time: 0.03512215614318848
compute_w_with_t_a_solve_time: 1.6219580173492432
compute_v_t_time: 5.0067901611328125e-06
compute_w_with_t_smw_time: 3.814697265625e-06
compute_v_time: 0.03252911567687988
compute_bus_theta_with_t_a_solve_time: 0.0026693344116210938
compute_bus_theta_with_t_smw_time: 2.86102294921875e-06
compute_br_p_time: 0.0033195018768310547
apply_w_v_wt_time: 0.007767200469970703
compute_bus_dtheta_rhs_dcl_k_time: 0.003190755844116211
compute_w_v_wt_xfr_k_time: 0.002626657485961914
compute_bus_dtheta_rhs_xfr_k_time: 1.430511474609375e-06
compute_br_acl_delta_k_p_delta_time: 0.03704953193664551
compute_br_dcl_delta_k_p_delta_time: 0.0018122196197509766
compute_br_xfr_delta_k_p_delta_time: 0.0012078285217285156
filter_branches_acl_k_time: 0.011851787567138672
filter_branches_dcl_k_time: 0.0031096935272216797
filter_branches_xfr_k_time: 0.0030481815338134766
compute_br_acl_delta_k_p_time: 0.005190610885620117
compute_br_dcl_delta_k_p_time: 8.0108642578125e-05
compute_br_xfr_delta_k_p_time: 5.53131103515625e-05
compute_br_acl_delta_k_s_over_time: 0.4866218566894531
compute_br_dcl_delta_k_s_over_time: 0.0006325244903564453
compute_br_xfr_delta_k_s_over_time: 0.0005640983581542969
zero_out_time: 9.822845458984375e-05
get_max_br_acl_delta_k_s_over_time: 0.0028901100158691406
get_max_br_dcl_delta_k_s_over_time: 4.76837158203125e-06
get_max_br_xfr_delta_k_s_over_time: 3.814697265625e-06
compute_br_k_z_time: 0.0026161670684814453
collect_penalties_into_obj_array_time: 0.00033211708068847656
end of contingency model method 1, memory info: {'rss bytes': 456441856, 'rss human': '435.3M', 'percent': 0.1689086415483549}
function: eval_post_contingency_model, time: 2.577763557434082
function: eval_post_contingency_model, time: 2.5777738094329834
function: run, time: 3.4326703548431396
after solution_evaluator.run(), memory info: {'rss bytes': 432304128, 'rss human': '412.3M', 'percent': 0.1599763519413656}
evaluation summary:
{'feas': 1,
 'infeas': 0,
 'info_i_i_k_t_disconnected_ctg': {'idx': {0: None, 1: None, 2: None, 3: None},
                                   'val': 0},
 'info_i_i_t_disconnected_base': {'idx': {0: None, 1: None, 2: None}, 'val': 0},
 'sum_acl_t_u_sd': 0,
 'sum_acl_t_u_su': 0,
 'sum_acl_t_z_s': 0.0,
 'sum_acl_t_z_sd': 0.0,
 'sum_acl_t_z_su': 0.0,
 'sum_bus_t_z_p': 60013667.09038531,
 'sum_bus_t_z_q': 124914118.20207265,
 'sum_cs_t_z_p': 108911649.61514165,
 'sum_pr_t_z_p': 61126.36384631602,
 'sum_prz_t_z_nsc': 221360.9100557119,
 'sum_prz_t_z_rgd': 18441.75344286307,
 'sum_prz_t_z_rgu': 18441.75344286307,
 'sum_prz_t_z_rrd': 0.0,
 'sum_prz_t_z_rru': 0.0,
 'sum_prz_t_z_scr': 111942.09121851414,
 'sum_qrz_t_z_qrd': 0.0,
 'sum_qrz_t_z_qru': 0.0,
 'sum_sd_t_sd': 0,
 'sum_sd_t_su': 0,
 'sum_sd_t_z_nsc': 0.0,
 'sum_sd_t_z_on': 1571578.8433080001,
 'sum_sd_t_z_qrd': 0.0,
 'sum_sd_t_z_qru': 0.0,
 'sum_sd_t_z_rgd': 0.0,
 'sum_sd_t_z_rgu': 0.0,
 'sum_sd_t_z_rrd_off': 0.0,
 'sum_sd_t_z_rrd_on': 0.0,
 'sum_sd_t_z_rru_off': 0.0,
 'sum_sd_t_z_rru_on': 0.0,
 'sum_sd_t_z_scr': 0.0,
 'sum_sd_t_z_sd': 0.0,
 'sum_sd_t_z_su': 0.0,
 'sum_sd_t_z_sus': 0.0,
 'sum_xfr_t_u_sd': 0,
 'sum_xfr_t_u_su': 0,
 'sum_xfr_t_z_s': 0.0,
 'sum_xfr_t_z_sd': 0.0,
 'sum_xfr_t_z_su': 0.0,
 'total_switches': 0,
 'viol_acl_acl_t_s_max_ctg': {'idx': {0: None, 1: None, 2: None}, 'val': 0.0},
 'viol_acl_dcl_t_s_max_ctg': {'idx': {0: None, 1: None, 2: None}, 'val': 0.0},
 'viol_acl_t_s_max': {'idx': {0: 'acl_0000', 1: 0}, 'val': 0.0},
 'viol_acl_t_u_sd_max': {'idx': {0: 'acl_0000', 1: 0}, 'val': 0},
 'viol_acl_t_u_su_max': {'idx': {0: 'acl_0000', 1: 0}, 'val': 0},
 'viol_acl_xfr_t_s_max_ctg': {'idx': {0: None, 1: None, 2: None}, 'val': 0.0},
 'viol_bus_t_p_balance_max': {'idx': {0: 'bus_0394', 1: 0},
                              'val': 3.1995960400001078},
 'viol_bus_t_p_balance_min': {'idx': {0: 'bus_1492', 1: 17},
                              'val': -3.2756715972754247},
 'viol_bus_t_q_balance_max': {'idx': {0: 'bus_1492', 1: 0},
                              'val': 5.0658154877624915},
 'viol_bus_t_q_balance_min': {'idx': {0: 'bus_0394', 1: 0},
                              'val': -3.895473664775446},
 'viol_bus_t_v_max': {'idx': {0: 'bus_0000', 1: 0}, 'val': 0.0},
 'viol_bus_t_v_min': {'idx': {0: 'bus_0000', 1: 0}, 'val': 0.0},
 'viol_cs_t_p_off_max': {'idx': {0: 'sd_0615', 1: 0}, 'val': 0.0},
 'viol_cs_t_p_off_min': {'idx': {0: 'sd_0615', 1: 0}, 'val': 0.0},
 'viol_cs_t_p_on_max': {'idx': {0: 'sd_0615', 1: 0}, 'val': 0.0},
 'viol_cs_t_p_on_min': {'idx': {0: 'sd_0615', 1: 0}, 'val': 0.0},
 'viol_cs_t_q_max': {'idx': {0: 'sd_0615', 1: 0}, 'val': 0.0},
 'viol_cs_t_q_min': {'idx': {0: 'sd_0615', 1: 0}, 'val': 0.0},
 'viol_cs_t_q_p_max': {'idx': {0: None, 1: None}, 'val': None},
 'viol_cs_t_q_p_min': {'idx': {0: None, 1: None}, 'val': None},
 'viol_dcl_t_p_max': {'idx': {0: None, 1: None}, 'val': None},
 'viol_dcl_t_p_min': {'idx': {0: None, 1: None}, 'val': None},
 'viol_dcl_t_q_fr_max': {'idx': {0: None, 1: None}, 'val': None},
 'viol_dcl_t_q_fr_min': {'idx': {0: None, 1: None}, 'val': None},
 'viol_dcl_t_q_to_max': {'idx': {0: None, 1: None}, 'val': None},
 'viol_dcl_t_q_to_min': {'idx': {0: None, 1: None}, 'val': None},
 'viol_pr_t_p_off_max': {'idx': {0: 'sd_0000', 1: 0}, 'val': 0.0},
 'viol_pr_t_p_off_min': {'idx': {0: 'sd_0000', 1: 0}, 'val': 0.0},
 'viol_pr_t_p_on_max': {'idx': {0: 'sd_0000', 1: 0}, 'val': 0.0},
 'viol_pr_t_p_on_min': {'idx': {0: 'sd_0000', 1: 0}, 'val': 0.0},
 'viol_pr_t_q_max': {'idx': {0: 'sd_0000', 1: 0}, 'val': 0.0},
 'viol_pr_t_q_min': {'idx': {0: 'sd_0000', 1: 0}, 'val': 0.0},
 'viol_pr_t_q_p_max': {'idx': {0: None, 1: None}, 'val': None},
 'viol_pr_t_q_p_min': {'idx': {0: None, 1: None}, 'val': None},
 'viol_prz_t_p_nsc_balance': {'idx': {0: 'prz_0', 1: 0},
                              'val': 28.169288494539025},
 'viol_prz_t_p_rgd_balance': {'idx': {0: 'prz_0', 1: 0},
                              'val': 3.1428831074703734},
 'viol_prz_t_p_rgu_balance': {'idx': {0: 'prz_0', 1: 0},
                              'val': 3.1428831074703734},
 'viol_prz_t_p_rrd_balance': {'idx': {0: 'prz_0', 1: 0}, 'val': 0.0},
 'viol_prz_t_p_rru_balance': {'idx': {0: 'prz_0', 1: 0}, 'val': 0.0},
 'viol_prz_t_p_scr_balance': {'idx': {0: 'prz_0', 1: 0},
                              'val': 15.6560858010047},
 'viol_qrz_t_q_qrd_balance': {'idx': {0: 'qrz_0', 1: 0}, 'val': 0.0},
 'viol_qrz_t_q_qru_balance': {'idx': {0: 'qrz_0', 1: 0}, 'val': 0.0},
 'viol_sd_max_energy_constr': {'idx': {0: 'sd_0000', 1: 0}, 'val': 0.0},
 'viol_sd_max_startup_constr': {'idx': {0: 'sd_0000', 1: 0}, 'val': 0},
 'viol_sd_min_energy_constr': {'idx': {0: 'sd_0000', 1: 0}, 'val': 0.0},
 'viol_sd_t_d_dn_min': {'idx': {0: 'sd_0000', 1: 0}, 'val': 0},
 'viol_sd_t_d_up_min': {'idx': {0: 'sd_0000', 1: 0}, 'val': 0},
 'viol_sd_t_p_nsc_max': {'idx': {0: 'sd_0000', 1: 0}, 'val': 0.0},
 'viol_sd_t_p_nsc_nonneg': {'idx': {0: 'sd_0000', 1: 0}, 'val': -0.0},
 'viol_sd_t_p_ramp_dn_max': {'idx': {0: 'sd_0000', 1: 0}, 'val': 0.0},
 'viol_sd_t_p_ramp_up_max': {'idx': {0: 'sd_0000', 1: 0}, 'val': 0.0},
 'viol_sd_t_p_rgd_max': {'idx': {0: 'sd_0000', 1: 0}, 'val': 0.0},
 'viol_sd_t_p_rgd_nonneg': {'idx': {0: 'sd_0000', 1: 0}, 'val': -0.0},
 'viol_sd_t_p_rgu_max': {'idx': {0: 'sd_0000', 1: 0}, 'val': 0.0},
 'viol_sd_t_p_rgu_nonneg': {'idx': {0: 'sd_0000', 1: 0}, 'val': -0.0},
 'viol_sd_t_p_rrd_off_max': {'idx': {0: 'sd_0000', 1: 0}, 'val': 0.0},
 'viol_sd_t_p_rrd_off_nonneg': {'idx': {0: 'sd_0000', 1: 0}, 'val': -0.0},
 'viol_sd_t_p_rrd_on_max': {'idx': {0: 'sd_0000', 1: 0}, 'val': 0.0},
 'viol_sd_t_p_rrd_on_nonneg': {'idx': {0: 'sd_0000', 1: 0}, 'val': -0.0},
 'viol_sd_t_p_rru_off_max': {'idx': {0: 'sd_0000', 1: 0}, 'val': 0.0},
 'viol_sd_t_p_rru_off_nonneg': {'idx': {0: 'sd_0000', 1: 0}, 'val': -0.0},
 'viol_sd_t_p_rru_on_max': {'idx': {0: 'sd_0000', 1: 0}, 'val': 0.0},
 'viol_sd_t_p_rru_on_nonneg': {'idx': {0: 'sd_0000', 1: 0}, 'val': -0.0},
 'viol_sd_t_p_scr_max': {'idx': {0: 'sd_0000', 1: 0}, 'val': 0.0},
 'viol_sd_t_p_scr_nonneg': {'idx': {0: 'sd_0000', 1: 0}, 'val': -0.0},
 'viol_sd_t_q_qrd_nonneg': {'idx': {0: 'sd_0000', 1: 0}, 'val': -0.0},
 'viol_sd_t_q_qru_nonneg': {'idx': {0: 'sd_0000', 1: 0}, 'val': -0.0},
 'viol_sd_t_u_on_max': {'idx': {0: 'sd_0000', 1: 0}, 'val': 0},
 'viol_sd_t_u_on_min': {'idx': {0: 'sd_0000', 1: 0}, 'val': 0},
 'viol_sh_t_u_st_max': {'idx': {0: 'sh_00', 1: 0}, 'val': 0},
 'viol_sh_t_u_st_min': {'idx': {0: 'sh_00', 1: 0}, 'val': 0},
 'viol_t_connected_base': {'idx': {0: 0}, 'val': 0},
 'viol_t_connected_ctg': {'idx': {0: 0}, 'val': 0},
 'viol_xfr_acl_t_s_max_ctg': {'idx': {0: None, 1: None, 2: None}, 'val': 0.0},
 'viol_xfr_dcl_t_s_max_ctg': {'idx': {0: None, 1: None, 2: None}, 'val': 0.0},
 'viol_xfr_t_phi_max': {'idx': {0: 'xfr_000', 1: 0}, 'val': 0.0},
 'viol_xfr_t_phi_min': {'idx': {0: 'xfr_000', 1: 0}, 'val': 0.0},
 'viol_xfr_t_s_max': {'idx': {0: 'xfr_000', 1: 0}, 'val': 0.0},
 'viol_xfr_t_tau_max': {'idx': {0: 'xfr_000', 1: 0}, 'val': 0.0},
 'viol_xfr_t_tau_min': {'idx': {0: 'xfr_000', 1: 0}, 'val': 0.0},
 'viol_xfr_t_u_sd_max': {'idx': {0: 'xfr_000', 1: 0}, 'val': 0},
 'viol_xfr_t_u_su_max': {'idx': {0: 'xfr_000', 1: 0}, 'val': 0},
 'viol_xfr_xfr_t_s_max_ctg': {'idx': {0: None, 1: None, 2: None}, 'val': 0.0},
 'z': -78019027.39263056,
 'z_base': -78019027.39263056,
 'z_cost': 1632705.2071543161,
 'z_k_average_case': 0.0,
 'z_k_worst_case': 0.0,
 'z_max_energy': 0.0,
 'z_min_energy': 0.0,
 'z_penalty': 185297971.8006179,
 'z_value': 108911649.61514165}
infeasibility summary:
{}
feas: 1
obj: -78019027.39263056
evaluate solution time: 3.6675961017608643
end of check_data(), memory info: {'rss bytes': 432549888, 'rss human': '412.5M', 'percent': 0.16006729668537026}
