/rcfs/dtn/arpacomp/.conda/envs/goc_eval/lib/python3.10/site-packages/scipy/sparse/linalg/_dsolve/linsolve.py:347: SparseEfficiencyWarning: splu converted its input to CSC format
  warn('splu converted its input to CSC format', SparseEfficiencyWarning)
args:
Namespace(problem_opt=None, problem='/qfs/projects/goc/share/data/C3/E1/D1/C3E1N01576D1/scenario_122.json', solution='/qfs/projects/goc/share/data/C3/E1/D1/C3E1N01576D1/scenario_122.json.pop_solution.json', configuration=None, parameters='{}', summary_csv='summary.csv', summary_json='summary.json', data_errors='data_errors.txt', ignored_errors='ignored_errors.txt', solution_errors='solution_errors.txt', pop_solution=None, scrubbed_problem=None)
problem data file: /qfs/projects/goc/share/data/C3/E1/D1/C3E1N01576D1/scenario_122.json

pop solution data file: None

solution data file: /qfs/projects/goc/share/data/C3/E1/D1/C3E1N01576D1/scenario_122.json.pop_solution.json

git info: {'C3DataUtilities': {'branch': None, 'commit': '417faef61bd7caf40b3ea0dc36c5e033ca7ea3d5', 'date': 'Fri Dec 30 07:03:34 2022 -0800', 'query_return_code': 0, 'query_err': '', 'query_path': '/qfs/projects/goc/share/loadbalancing/src/nonmpi-template/Challenge3/C3DataUtilities/datautilities', 'query_out': 'commit 417faef61bd7caf40b3ea0dc36c5e033ca7ea3d5\nAuthor: Jesse T Holzer <jesse.holzer@pnnl.gov>\nDate:   Fri Dec 30 07:03:34 2022 -0800\n\n    add z_value, z_cost, z_penalty components of z_base\n'}, 'Bid-DS-data-model': {'branch': None, 'commit': None, 'date': None, 'query_return_code': 128, 'query_err': 'fatal: Not a git repository (or any parent up to mount point /rcfs)\nStopping at filesystem boundary (GIT_DISCOVERY_ACROSS_FILESYSTEM not set).\n', 'query_path': '/rcfs/dtn/arpacomp/.conda/envs/goc_eval/lib/python3.10/site-packages/datamodel', 'query_out': ''}}

after reading problem without validation, memory info: {'rss bytes': 176803840, 'rss human': '168.6M', 'percent': 0.0654271645826729}
read problem data file without validation time: 0.35080504417419434
after reading problem with validation, memory info: {'rss bytes': 309035008, 'rss human': '294.7M', 'percent': 0.11435998409437056}
load time: 2.853527069091797
{'general': {'base_norm_mva': 100.0,
             'day_type': None,
             'electricity_demand': None,
             'net_load': None,
             'season': None,
             'solar_availability': None,
             'timestamp_start': None,
             'timestamp_stop': None,
             'vre_availability': None,
             'weather_temperature': None,
             'wind_availability': None},
 'interval durations': [0.25,
                        0.25,
                        0.25,
                        0.25,
                        0.25,
                        0.25,
                        0.25,
                        0.25,
                        0.5,
                        0.5,
                        0.5,
                        0.5,
                        0.5,
                        0.5,
                        0.5,
                        0.5,
                        1.0,
                        1.0],
 'num ac lines': 2227,
 'num buses': 1576,
 'num consuming devices': 1449,
 'num contingencies': 219,
 'num dc lines': 0,
 'num intervals': 18,
 'num producing devices': 615,
 'num reactive power reserve zones': 2,
 'num real power reserve zones': 2,
 'num shunts': 68,
 'num simple dispatchable devices': 2064,
 'num transformers': 144,
 'total duration': 8.0,
 'violation costs': {'e_vio_cost': 100000.0,
                     'p_bus_vio_cost': 100000.0,
                     'q_bus_vio_cost': 100000.0,
                     's_vio_cost': 100000.0}}
after read solution without validation, memory info: {'rss bytes': 317415424, 'rss human': '302.7M', 'percent': 0.11746119986492885}
read solution data file without validation time: 0.09422492980957031
after read solution with validation, memory info: {'rss bytes': 350666752, 'rss human': '334.4M', 'percent': 0.12976602372875692}
solution load time: 1.0749444961547852
after solution_model_checks(), memory info: {'rss bytes': 350666752, 'rss human': '334.4M', 'percent': 0.12976602372875692}
solution model_checks time: 0.01495981216430664
{}
after problem_data_array.set_from_data_model(), memory info: {'rss bytes': 363364352, 'rss human': '346.5M', 'percent': 0.1344648355023301}
convert problem data to numpy arrays time: 0.46637749671936035
after solution_data_array.set_from_data_model(), memory info: {'rss bytes': 368226304, 'rss human': '351.2M', 'percent': 0.1362640256878886}
convert solution data to numpy arrays time: 0.04292035102844238
function: set_summary, time: 0.0001614093780517578
function: set_problem, time: 9.5367431640625e-07
function: set_solution, time: 5.4836273193359375e-06
function: set_solution_zero, time: 0.0004067420959472656
function: set_work_zero, time: 0.0004324913024902344
function: set_matrices, time: 0.004879474639892578
function: __init__, time: 0.005911827087402344
function: eval_sd_t_d_up_dn, time: 0.0008428096771240234
function: eval_sd_max_startup, time: 0.04741525650024414
function: eval_sd_t_z_sus, time: 0.033689260482788086
function: eval_acl_t_p_q_fr_to, time: 0.0026078224182128906
function: eval_xfr_t_p_q_fr_to, time: 0.0002446174621582031
function: eval_sd_t_su_sd_trajectories, time: 0.0004208087921142578
function: eval_sd_max_energy, time: 0.0012047290802001953
function: eval_sd_min_energy, time: 0.00070953369140625
function: eval_sd_t_z_p, time: 0.09772443771362305
function: eval_bus_t_p, time: 0.0008828639984130859
function: eval_bus_t_q, time: 0.0004782676696777344
sd_t_p_rgu sum: 0.0
prz_sigma_rgu max: 0.01
prz_t_p_rgu_req max: 3.1428123701940835
sd_t_p_rgd sum: 0.0
prz_sigma_rgd max: 0.01
prz_t_p_rgd_req max: 3.1428123701940835
sd_t_p_scr sum: 0.0
prz_sigma_scr max: 1.0
prz_t_p_scr_req max: 12.513202699691695
sd_t_p_nsc sum: 0.0
prz_sigma_nsc max: 1.0
prz_t_p_nsc_req max: 12.513202699691695
sd_t_p_rru sum: 0.0
prz_t_p_rru_min max: 0.0
sd_t_p_rrd sum: 0.0
prz_t_p_rrd_min max: 0.0
sd_t_p_qru sum: 0.0
qrz_t_q_qru_min max: 0.0
sd_t_p_qrd sum: 0.0
qrz_t_q_qrd_min max: 0.0
function: get_connected_components, time: 0.008461475372314453
function: get_bridges, time: 0.02725529670715332
function: get_connected_components, time: 0.006755828857421875
function: get_bridges, time: 0.027071237564086914
function: get_connected_components, time: 0.006815910339355469
function: get_bridges, time: 0.026991844177246094
function: get_connected_components, time: 0.006890296936035156
function: get_bridges, time: 0.02681279182434082
function: get_connected_components, time: 0.0067174434661865234
function: get_bridges, time: 0.026851654052734375
function: get_connected_components, time: 0.006829977035522461
function: get_bridges, time: 0.027225971221923828
function: get_connected_components, time: 0.007089376449584961
function: get_bridges, time: 0.02714061737060547
function: get_connected_components, time: 0.007045745849609375
function: get_bridges, time: 0.02713751792907715
function: get_connected_components, time: 0.0069353580474853516
function: get_bridges, time: 0.026997089385986328
function: get_connected_components, time: 0.006972789764404297
function: get_bridges, time: 0.027266263961791992
function: get_connected_components, time: 0.006933927536010742
function: get_bridges, time: 0.027151107788085938
function: get_connected_components, time: 0.007019519805908203
function: get_bridges, time: 0.027056217193603516
function: get_connected_components, time: 0.006916999816894531
function: get_bridges, time: 0.027122974395751953
function: get_connected_components, time: 0.006821155548095703
function: get_bridges, time: 0.02717447280883789
function: get_connected_components, time: 0.006789684295654297
function: get_bridges, time: 0.02730584144592285
function: get_connected_components, time: 0.0067408084869384766
function: get_bridges, time: 0.027402400970458984
function: get_connected_components, time: 0.0068781375885009766
function: get_bridges, time: 0.02747631072998047
function: get_connected_components, time: 0.006988525390625
function: get_bridges, time: 0.02737736701965332
end of eval_connectedness(), memory info: {'rss bytes': 408047616, 'rss human': '389.1M', 'percent': 0.15100010570810743}
function: eval_connectedness, time: 0.6427514553070068
problem dimensions. bus: 1576, acl: 2227, xfr: 144, dcl: 0, k: 219, t: 18
construct static bus admittance matrix. time: 0.0009539127349853516
factor static bus admittance matrix. time: 0.00673675537109375
t_acl_delta_t: [array([], dtype=int64), array([], dtype=int64), array([], dtype=int64), array([], dtype=int64), array([], dtype=int64), array([], dtype=int64), array([], dtype=int64), array([], dtype=int64), array([], dtype=int64), array([], dtype=int64), array([], dtype=int64), array([], dtype=int64), array([], dtype=int64), array([], dtype=int64), array([], dtype=int64), array([], dtype=int64), array([], dtype=int64), array([], dtype=int64)], t_xfr_delta_t: [array([], dtype=int64), array([], dtype=int64), array([], dtype=int64), array([], dtype=int64), array([], dtype=int64), array([], dtype=int64), array([], dtype=int64), array([], dtype=int64), array([], dtype=int64), array([], dtype=int64), array([], dtype=int64), array([], dtype=int64), array([], dtype=int64), array([], dtype=int64), array([], dtype=int64), array([], dtype=int64), array([], dtype=int64), array([], dtype=int64)], t_br_delta_t: [array([], dtype=int64), array([], dtype=int64), array([], dtype=int64), array([], dtype=int64), array([], dtype=int64), array([], dtype=int64), array([], dtype=int64), array([], dtype=int64), array([], dtype=int64), array([], dtype=int64), array([], dtype=int64), array([], dtype=int64), array([], dtype=int64), array([], dtype=int64), array([], dtype=int64), array([], dtype=int64), array([], dtype=int64), array([], dtype=int64)], acl_delta_t: [], xfr_delta_t: [], br_delta_t: []
contingency delta branches. acl: 219, xfr: 0, dcl: 0
construct bus,t-indexed right hand side. time: 0.0003230571746826172
solve for base case bus,t-indexed theta. time: 0.14177942276000977
num AC branches with possible violations in ACL contingencies: 0
num AC branches with possible violations in DCL contingencies: 0
num AC branches with possible violations in XFR contingencies: 0
t: 0, time: 0.14064764976501465, memory_info: {'rss bytes': 442966016, 'rss human': '422.4M', 'percent': 0.16392183808543367}
num AC branches with possible violations in ACL contingencies: 0
num AC branches with possible violations in DCL contingencies: 0
num AC branches with possible violations in XFR contingencies: 0
t: 1, time: 0.141951322555542, memory_info: {'rss bytes': 447991808, 'rss human': '427.2M', 'percent': 0.1657816581003286}
num AC branches with possible violations in ACL contingencies: 0
num AC branches with possible violations in DCL contingencies: 0
num AC branches with possible violations in XFR contingencies: 0
t: 2, time: 0.1273503303527832, memory_info: {'rss bytes': 447991808, 'rss human': '427.2M', 'percent': 0.1657816581003286}
num AC branches with possible violations in ACL contingencies: 0
num AC branches with possible violations in DCL contingencies: 0
num AC branches with possible violations in XFR contingencies: 0
t: 3, time: 0.1577920913696289, memory_info: {'rss bytes': 447991808, 'rss human': '427.2M', 'percent': 0.1657816581003286}
num AC branches with possible violations in ACL contingencies: 0
num AC branches with possible violations in DCL contingencies: 0
num AC branches with possible violations in XFR contingencies: 0
t: 4, time: 0.15949654579162598, memory_info: {'rss bytes': 447991808, 'rss human': '427.2M', 'percent': 0.1657816581003286}
num AC branches with possible violations in ACL contingencies: 0
num AC branches with possible violations in DCL contingencies: 0
num AC branches with possible violations in XFR contingencies: 0
t: 5, time: 0.16795110702514648, memory_info: {'rss bytes': 447991808, 'rss human': '427.2M', 'percent': 0.1657816581003286}
num AC branches with possible violations in ACL contingencies: 0
num AC branches with possible violations in DCL contingencies: 0
num AC branches with possible violations in XFR contingencies: 0
t: 6, time: 0.17365169525146484, memory_info: {'rss bytes': 447991808, 'rss human': '427.2M', 'percent': 0.1657816581003286}
num AC branches with possible violations in ACL contingencies: 0
num AC branches with possible violations in DCL contingencies: 0
num AC branches with possible violations in XFR contingencies: 0
t: 7, time: 0.16692233085632324, memory_info: {'rss bytes': 447991808, 'rss human': '427.2M', 'percent': 0.1657816581003286}
num AC branches with possible violations in ACL contingencies: 0
num AC branches with possible violations in DCL contingencies: 0
num AC branches with possible violations in XFR contingencies: 0
t: 8, time: 0.13724589347839355, memory_info: {'rss bytes': 447991808, 'rss human': '427.2M', 'percent': 0.1657816581003286}
num AC branches with possible violations in ACL contingencies: 0
num AC branches with possible violations in DCL contingencies: 0
num AC branches with possible violations in XFR contingencies: 0
t: 9, time: 0.1291821002960205, memory_info: {'rss bytes': 447991808, 'rss human': '427.2M', 'percent': 0.1657816581003286}
num AC branches with possible violations in ACL contingencies: 0
num AC branches with possible violations in DCL contingencies: 0
num AC branches with possible violations in XFR contingencies: 0
t: 10, time: 0.11279869079589844, memory_info: {'rss bytes': 447991808, 'rss human': '427.2M', 'percent': 0.1657816581003286}
num AC branches with possible violations in ACL contingencies: 0
num AC branches with possible violations in DCL contingencies: 0
num AC branches with possible violations in XFR contingencies: 0
t: 11, time: 0.11692595481872559, memory_info: {'rss bytes': 447991808, 'rss human': '427.2M', 'percent': 0.1657816581003286}
num AC branches with possible violations in ACL contingencies: 0
num AC branches with possible violations in DCL contingencies: 0
num AC branches with possible violations in XFR contingencies: 0
t: 12, time: 0.125960111618042, memory_info: {'rss bytes': 447991808, 'rss human': '427.2M', 'percent': 0.1657816581003286}
num AC branches with possible violations in ACL contingencies: 0
num AC branches with possible violations in DCL contingencies: 0
num AC branches with possible violations in XFR contingencies: 0
t: 13, time: 0.15414166450500488, memory_info: {'rss bytes': 447991808, 'rss human': '427.2M', 'percent': 0.1657816581003286}
num AC branches with possible violations in ACL contingencies: 0
num AC branches with possible violations in DCL contingencies: 0
num AC branches with possible violations in XFR contingencies: 0
t: 14, time: 0.14252352714538574, memory_info: {'rss bytes': 447991808, 'rss human': '427.2M', 'percent': 0.1657816581003286}
num AC branches with possible violations in ACL contingencies: 0
num AC branches with possible violations in DCL contingencies: 0
num AC branches with possible violations in XFR contingencies: 0
t: 15, time: 0.13274550437927246, memory_info: {'rss bytes': 447991808, 'rss human': '427.2M', 'percent': 0.1657816581003286}
num AC branches with possible violations in ACL contingencies: 0
num AC branches with possible violations in DCL contingencies: 0
num AC branches with possible violations in XFR contingencies: 0
t: 16, time: 0.08466720581054688, memory_info: {'rss bytes': 447991808, 'rss human': '427.2M', 'percent': 0.1657816581003286}
num AC branches with possible violations in ACL contingencies: 0
num AC branches with possible violations in DCL contingencies: 0
num AC branches with possible violations in XFR contingencies: 0
t: 17, time: 0.0815279483795166, memory_info: {'rss bytes': 447991808, 'rss human': '427.2M', 'percent': 0.1657816581003286}
initialize_m_w_time: 0.001828908920288086
compute_static_w_time: 0.11516761779785156
get_time_varying_branch_characteristics_time: 0.0014948844909667969
construct_a_t_time: 0.009140491485595703
factor_a_t_time: 0.034564971923828125
compute_w_with_t_a_solve_time: 1.568169116973877
compute_v_t_time: 2.86102294921875e-06
compute_w_with_t_smw_time: 2.384185791015625e-06
compute_v_time: 0.003548860549926758
compute_bus_theta_with_t_a_solve_time: 0.0024919509887695312
compute_bus_theta_with_t_smw_time: 1.1920928955078125e-06
compute_br_p_time: 0.002420663833618164
apply_w_v_wt_time: 0.007042884826660156
compute_bus_dtheta_rhs_dcl_k_time: 0.002845287322998047
compute_w_v_wt_xfr_k_time: 0.0025663375854492188
compute_bus_dtheta_rhs_xfr_k_time: 2.1457672119140625e-06
compute_br_acl_delta_k_p_delta_time: 0.0349736213684082
compute_br_dcl_delta_k_p_delta_time: 0.0014545917510986328
compute_br_xfr_delta_k_p_delta_time: 0.0011858940124511719
filter_branches_acl_k_time: 0.011534690856933594
filter_branches_dcl_k_time: 0.0031075477600097656
filter_branches_xfr_k_time: 0.003069639205932617
compute_br_acl_delta_k_p_time: 0.0051746368408203125
compute_br_dcl_delta_k_p_time: 8.0108642578125e-05
compute_br_xfr_delta_k_p_time: 5.2928924560546875e-05
compute_br_acl_delta_k_s_over_time: 0.7480223178863525
compute_br_dcl_delta_k_s_over_time: 0.0006351470947265625
compute_br_xfr_delta_k_s_over_time: 0.0005590915679931641
zero_out_time: 0.00010228157043457031
get_max_br_acl_delta_k_s_over_time: 0.0025773048400878906
get_max_br_dcl_delta_k_s_over_time: 4.291534423828125e-06
get_max_br_xfr_delta_k_s_over_time: 4.291534423828125e-06
compute_br_k_z_time: 0.002584218978881836
collect_penalties_into_obj_array_time: 0.0002799034118652344
end of contingency model method 1, memory info: {'rss bytes': 447991808, 'rss human': '427.2M', 'percent': 0.1657816581003286}
function: eval_post_contingency_model, time: 2.730992555618286
function: eval_post_contingency_model, time: 2.7310054302215576
function: run, time: 3.577754259109497
after solution_evaluator.run(), memory info: {'rss bytes': 423788544, 'rss human': '404.2M', 'percent': 0.15682511656160478}
evaluation summary:
{'feas': 1,
 'infeas': 0,
 'info_i_i_k_t_disconnected_ctg': {'idx': {0: None, 1: None, 2: None, 3: None},
                                   'val': 0},
 'info_i_i_t_disconnected_base': {'idx': {0: None, 1: None, 2: None}, 'val': 0},
 'sum_acl_t_u_sd': 0,
 'sum_acl_t_u_su': 0,
 'sum_acl_t_z_s': 0.0,
 'sum_acl_t_z_sd': 0.0,
 'sum_acl_t_z_su': 0.0,
 'sum_bus_t_z_p': 40717379.18665295,
 'sum_bus_t_z_q': 130828984.39281112,
 'sum_cs_t_z_p': 115395453.34073102,
 'sum_pr_t_z_p': 61126.355477779536,
 'sum_prz_t_z_nsc': 222028.16887327423,
 'sum_prz_t_z_rgd': 19109.01704167545,
 'sum_prz_t_z_rgu': 19109.01704167545,
 'sum_prz_t_z_rrd': 0.0,
 'sum_prz_t_z_rru': 0.0,
 'sum_prz_t_z_scr': 112609.35323078565,
 'sum_qrz_t_z_qrd': 0.0,
 'sum_qrz_t_z_qru': 0.0,
 'sum_sd_t_sd': 0,
 'sum_sd_t_su': 0,
 'sum_sd_t_z_nsc': 0.0,
 'sum_sd_t_z_on': 1571578.8433080001,
 'sum_sd_t_z_qrd': 0.0,
 'sum_sd_t_z_qru': 0.0,
 'sum_sd_t_z_rgd': 0.0,
 'sum_sd_t_z_rgu': 0.0,
 'sum_sd_t_z_rrd_off': 0.0,
 'sum_sd_t_z_rrd_on': 0.0,
 'sum_sd_t_z_rru_off': 0.0,
 'sum_sd_t_z_rru_on': 0.0,
 'sum_sd_t_z_scr': 0.0,
 'sum_sd_t_z_sd': 0.0,
 'sum_sd_t_z_su': 0.0,
 'sum_sd_t_z_sus': 0.0,
 'sum_xfr_t_u_sd': 0,
 'sum_xfr_t_u_su': 0,
 'sum_xfr_t_z_s': 0.0,
 'sum_xfr_t_z_sd': 0.0,
 'sum_xfr_t_z_su': 0.0,
 'viol_acl_acl_t_s_max_ctg': {'idx': {0: None, 1: None, 2: None}, 'val': 0.0},
 'viol_acl_dcl_t_s_max_ctg': {'idx': {0: None, 1: None, 2: None}, 'val': 0.0},
 'viol_acl_t_s_max': {'idx': {0: 'acl_0000', 1: 0}, 'val': 0.0},
 'viol_acl_t_u_sd_max': {'idx': {0: 'acl_0000', 1: 0}, 'val': 0},
 'viol_acl_t_u_su_max': {'idx': {0: 'acl_0000', 1: 0}, 'val': 0},
 'viol_acl_xfr_t_s_max_ctg': {'idx': {0: None, 1: None, 2: None}, 'val': 0.0},
 'viol_bus_t_p_balance_max': {'idx': {0: 'bus_0394', 1: 0},
                              'val': 3.006669677000108},
 'viol_bus_t_p_balance_min': {'idx': {0: 'bus_1492', 1: 12},
                              'val': -1.8893805174852218},
 'viol_bus_t_q_balance_max': {'idx': {0: 'bus_1492', 1: 0},
                              'val': 5.0658154877624915},
 'viol_bus_t_q_balance_min': {'idx': {0: 'bus_0394', 1: 0},
                              'val': -3.895473664775446},
 'viol_bus_t_v_max': {'idx': {0: 'bus_0000', 1: 0}, 'val': 0.0},
 'viol_bus_t_v_min': {'idx': {0: 'bus_0000', 1: 0}, 'val': 0.0},
 'viol_cs_t_p_off_max': {'idx': {0: 'sd_0615', 1: 0}, 'val': 0.0},
 'viol_cs_t_p_off_min': {'idx': {0: 'sd_0615', 1: 0}, 'val': 0.0},
 'viol_cs_t_p_on_max': {'idx': {0: 'sd_0615', 1: 0}, 'val': 0.0},
 'viol_cs_t_p_on_min': {'idx': {0: 'sd_0615', 1: 0}, 'val': 0.0},
 'viol_cs_t_q_max': {'idx': {0: 'sd_0615', 1: 0}, 'val': 0.0},
 'viol_cs_t_q_min': {'idx': {0: 'sd_0615', 1: 0}, 'val': 0.0},
 'viol_cs_t_q_p_max': {'idx': {0: None, 1: None}, 'val': None},
 'viol_cs_t_q_p_min': {'idx': {0: None, 1: None}, 'val': None},
 'viol_dcl_t_p_max': {'idx': {0: None, 1: None}, 'val': None},
 'viol_dcl_t_p_min': {'idx': {0: None, 1: None}, 'val': None},
 'viol_dcl_t_q_fr_max': {'idx': {0: None, 1: None}, 'val': None},
 'viol_dcl_t_q_fr_min': {'idx': {0: None, 1: None}, 'val': None},
 'viol_dcl_t_q_to_max': {'idx': {0: None, 1: None}, 'val': None},
 'viol_dcl_t_q_to_min': {'idx': {0: None, 1: None}, 'val': None},
 'viol_pr_t_p_off_max': {'idx': {0: 'sd_0000', 1: 0}, 'val': 0.0},
 'viol_pr_t_p_off_min': {'idx': {0: 'sd_0000', 1: 0}, 'val': 0.0},
 'viol_pr_t_p_on_max': {'idx': {0: 'sd_0000', 1: 0}, 'val': 0.0},
 'viol_pr_t_p_on_min': {'idx': {0: 'sd_0000', 1: 0}, 'val': 0.0},
 'viol_pr_t_q_max': {'idx': {0: 'sd_0000', 1: 0}, 'val': 0.0},
 'viol_pr_t_q_min': {'idx': {0: 'sd_0000', 1: 0}, 'val': 0.0},
 'viol_pr_t_q_p_max': {'idx': {0: None, 1: None}, 'val': None},
 'viol_pr_t_q_p_min': {'idx': {0: None, 1: None}, 'val': None},
 'viol_prz_t_p_nsc_balance': {'idx': {0: 'prz_0', 1: 0},
                              'val': 28.169217768060406},
 'viol_prz_t_p_rgd_balance': {'idx': {0: 'prz_0', 1: 0},
                              'val': 3.1428123701940835},
 'viol_prz_t_p_rgu_balance': {'idx': {0: 'prz_0', 1: 0},
                              'val': 3.1428123701940835},
 'viol_prz_t_p_rrd_balance': {'idx': {0: 'prz_0', 1: 0}, 'val': 0.0},
 'viol_prz_t_p_rru_balance': {'idx': {0: 'prz_0', 1: 0}, 'val': 0.0},
 'viol_prz_t_p_scr_balance': {'idx': {0: 'prz_0', 1: 0},
                              'val': 15.656015069127246},
 'viol_qrz_t_q_qrd_balance': {'idx': {0: 'qrz_0', 1: 0}, 'val': 0.0},
 'viol_qrz_t_q_qru_balance': {'idx': {0: 'qrz_0', 1: 0}, 'val': 0.0},
 'viol_sd_max_energy_constr': {'idx': {0: 'sd_0000', 1: 0}, 'val': 0.0},
 'viol_sd_max_startup_constr': {'idx': {0: 'sd_0000', 1: 0}, 'val': 0},
 'viol_sd_min_energy_constr': {'idx': {0: 'sd_0000', 1: 0}, 'val': 0.0},
 'viol_sd_t_d_dn_min': {'idx': {0: 'sd_0000', 1: 0}, 'val': 0},
 'viol_sd_t_d_up_min': {'idx': {0: 'sd_0000', 1: 0}, 'val': 0},
 'viol_sd_t_p_nsc_max': {'idx': {0: 'sd_0000', 1: 0}, 'val': 0.0},
 'viol_sd_t_p_nsc_nonneg': {'idx': {0: 'sd_0000', 1: 0}, 'val': -0.0},
 'viol_sd_t_p_ramp_dn_max': {'idx': {0: 'sd_0000', 1: 0}, 'val': 0.0},
 'viol_sd_t_p_ramp_up_max': {'idx': {0: 'sd_0000', 1: 0}, 'val': 0.0},
 'viol_sd_t_p_rgd_max': {'idx': {0: 'sd_0000', 1: 0}, 'val': 0.0},
 'viol_sd_t_p_rgd_nonneg': {'idx': {0: 'sd_0000', 1: 0}, 'val': -0.0},
 'viol_sd_t_p_rgu_max': {'idx': {0: 'sd_0000', 1: 0}, 'val': 0.0},
 'viol_sd_t_p_rgu_nonneg': {'idx': {0: 'sd_0000', 1: 0}, 'val': -0.0},
 'viol_sd_t_p_rrd_off_max': {'idx': {0: 'sd_0000', 1: 0}, 'val': 0.0},
 'viol_sd_t_p_rrd_off_nonneg': {'idx': {0: 'sd_0000', 1: 0}, 'val': -0.0},
 'viol_sd_t_p_rrd_on_max': {'idx': {0: 'sd_0000', 1: 0}, 'val': 0.0},
 'viol_sd_t_p_rrd_on_nonneg': {'idx': {0: 'sd_0000', 1: 0}, 'val': -0.0},
 'viol_sd_t_p_rru_off_max': {'idx': {0: 'sd_0000', 1: 0}, 'val': 0.0},
 'viol_sd_t_p_rru_off_nonneg': {'idx': {0: 'sd_0000', 1: 0}, 'val': -0.0},
 'viol_sd_t_p_rru_on_max': {'idx': {0: 'sd_0000', 1: 0}, 'val': 0.0},
 'viol_sd_t_p_rru_on_nonneg': {'idx': {0: 'sd_0000', 1: 0}, 'val': -0.0},
 'viol_sd_t_p_scr_max': {'idx': {0: 'sd_0000', 1: 0}, 'val': 0.0},
 'viol_sd_t_p_scr_nonneg': {'idx': {0: 'sd_0000', 1: 0}, 'val': -0.0},
 'viol_sd_t_q_qrd_nonneg': {'idx': {0: 'sd_0000', 1: 0}, 'val': -0.0},
 'viol_sd_t_q_qru_nonneg': {'idx': {0: 'sd_0000', 1: 0}, 'val': -0.0},
 'viol_sd_t_u_on_max': {'idx': {0: 'sd_0000', 1: 0}, 'val': 0},
 'viol_sd_t_u_on_min': {'idx': {0: 'sd_0000', 1: 0}, 'val': 0},
 'viol_sh_t_u_st_max': {'idx': {0: 'sh_00', 1: 0}, 'val': 0},
 'viol_sh_t_u_st_min': {'idx': {0: 'sh_00', 1: 0}, 'val': 0},
 'viol_t_connected_base': {'idx': {0: 0}, 'val': 0},
 'viol_t_connected_ctg': {'idx': {0: 0}, 'val': 0},
 'viol_xfr_acl_t_s_max_ctg': {'idx': {0: None, 1: None, 2: None}, 'val': 0.0},
 'viol_xfr_dcl_t_s_max_ctg': {'idx': {0: None, 1: None, 2: None}, 'val': 0.0},
 'viol_xfr_t_phi_max': {'idx': {0: 'xfr_000', 1: 0}, 'val': 0.0},
 'viol_xfr_t_phi_min': {'idx': {0: 'xfr_000', 1: 0}, 'val': 0.0},
 'viol_xfr_t_s_max': {'idx': {0: 'xfr_000', 1: 0}, 'val': 0.0},
 'viol_xfr_t_tau_max': {'idx': {0: 'xfr_000', 1: 0}, 'val': 0.0},
 'viol_xfr_t_tau_min': {'idx': {0: 'xfr_000', 1: 0}, 'val': 0.0},
 'viol_xfr_t_u_sd_max': {'idx': {0: 'xfr_000', 1: 0}, 'val': 0},
 'viol_xfr_t_u_su_max': {'idx': {0: 'xfr_000', 1: 0}, 'val': 0},
 'viol_xfr_xfr_t_s_max_ctg': {'idx': {0: None, 1: None, 2: None}, 'val': 0.0},
 'z': -58156470.99370618,
 'z_base': -58156470.99370618,
 'z_cost': 1632705.1987857798,
 'z_k_average_case': 0.0,
 'z_k_worst_case': 0.0,
 'z_max_energy': 0.0,
 'z_min_energy': 0.0,
 'z_penalty': 171919219.13565147,
 'z_value': 115395453.34073102}
infeasibility summary:
{}
feas: 1
obj: -58156470.99370618
evaluate solution time: 3.586904525756836
end of check_data(), memory info: {'rss bytes': 424034304, 'rss human': '404.4M', 'percent': 0.15691606130560942}
