/rcfs/dtn/arpacomp/.conda/envs/goc_eval/lib/python3.10/site-packages/scipy/sparse/linalg/_dsolve/linsolve.py:347: SparseEfficiencyWarning: splu converted its input to CSC format
  warn('splu converted its input to CSC format', SparseEfficiencyWarning)
args:
Namespace(problem_opt=None, problem='/qfs/projects/goc/share/data/C3/E1/D1/C3E1N01576D1/scenario_119.json', solution='/qfs/projects/goc/share/data/C3/E1/D1/C3E1N01576D1/scenario_119.json.pop_solution.json', configuration=None, parameters='{}', summary_csv='summary.csv', summary_json='summary.json', data_errors='data_errors.txt', ignored_errors='ignored_errors.txt', solution_errors='solution_errors.txt', pop_solution=None, scrubbed_problem=None)
problem data file: /qfs/projects/goc/share/data/C3/E1/D1/C3E1N01576D1/scenario_119.json

pop solution data file: None

solution data file: /qfs/projects/goc/share/data/C3/E1/D1/C3E1N01576D1/scenario_119.json.pop_solution.json

git info: {'C3DataUtilities': {'branch': None, 'commit': '417faef61bd7caf40b3ea0dc36c5e033ca7ea3d5', 'date': 'Fri Dec 30 07:03:34 2022 -0800', 'query_return_code': 0, 'query_err': '', 'query_path': '/qfs/projects/goc/share/loadbalancing/src/nonmpi-template/Challenge3/C3DataUtilities/datautilities', 'query_out': 'commit 417faef61bd7caf40b3ea0dc36c5e033ca7ea3d5\nAuthor: Jesse T Holzer <jesse.holzer@pnnl.gov>\nDate:   Fri Dec 30 07:03:34 2022 -0800\n\n    add z_value, z_cost, z_penalty components of z_base\n'}, 'Bid-DS-data-model': {'branch': None, 'commit': None, 'date': None, 'query_return_code': 128, 'query_err': 'fatal: Not a git repository (or any parent up to mount point /rcfs)\nStopping at filesystem boundary (GIT_DISCOVERY_ACROSS_FILESYSTEM not set).\n', 'query_path': '/rcfs/dtn/arpacomp/.conda/envs/goc_eval/lib/python3.10/site-packages/datamodel', 'query_out': ''}}

after reading problem without validation, memory info: {'rss bytes': 183050240, 'rss human': '174.6M', 'percent': 0.06773867682612422}
read problem data file without validation time: 0.34887242317199707
after reading problem with validation, memory info: {'rss bytes': 315281408, 'rss human': '300.7M', 'percent': 0.1166714963378219}
load time: 2.8606350421905518
{'general': {'base_norm_mva': 100.0,
             'day_type': None,
             'electricity_demand': None,
             'net_load': None,
             'season': None,
             'solar_availability': None,
             'timestamp_start': None,
             'timestamp_stop': None,
             'vre_availability': None,
             'weather_temperature': None,
             'wind_availability': None},
 'interval durations': [0.25,
                        0.25,
                        0.25,
                        0.25,
                        0.25,
                        0.25,
                        0.25,
                        0.25,
                        0.5,
                        0.5,
                        0.5,
                        0.5,
                        0.5,
                        0.5,
                        0.5,
                        0.5,
                        1.0,
                        1.0],
 'num ac lines': 2227,
 'num buses': 1576,
 'num consuming devices': 1449,
 'num contingencies': 219,
 'num dc lines': 0,
 'num intervals': 18,
 'num producing devices': 615,
 'num reactive power reserve zones': 2,
 'num real power reserve zones': 2,
 'num shunts': 68,
 'num simple dispatchable devices': 2064,
 'num transformers': 144,
 'total duration': 8.0,
 'violation costs': {'e_vio_cost': 100000.0,
                     'p_bus_vio_cost': 100000.0,
                     'q_bus_vio_cost': 100000.0,
                     's_vio_cost': 100000.0}}
after read solution without validation, memory info: {'rss bytes': 323661824, 'rss human': '308.7M', 'percent': 0.11977271210838018}
read solution data file without validation time: 0.09540414810180664
after read solution with validation, memory info: {'rss bytes': 356913152, 'rss human': '340.4M', 'percent': 0.13207753597220825}
solution load time: 1.079637050628662
after solution_model_checks(), memory info: {'rss bytes': 356913152, 'rss human': '340.4M', 'percent': 0.13207753597220825}
solution model_checks time: 0.014853239059448242
{}
after problem_data_array.set_from_data_model(), memory info: {'rss bytes': 369881088, 'rss human': '352.7M', 'percent': 0.13687638696418652}
convert problem data to numpy arrays time: 0.46993589401245117
after solution_data_array.set_from_data_model(), memory info: {'rss bytes': 374472704, 'rss human': '357.1M', 'percent': 0.13857553793133992}
convert solution data to numpy arrays time: 0.04430675506591797
function: set_summary, time: 0.00017404556274414062
function: set_problem, time: 9.5367431640625e-07
function: set_solution, time: 4.291534423828125e-06
function: set_solution_zero, time: 0.0004241466522216797
function: set_work_zero, time: 0.0004687309265136719
function: set_matrices, time: 0.005106210708618164
function: __init__, time: 0.006203651428222656
function: eval_sd_t_d_up_dn, time: 0.0008480548858642578
function: eval_sd_max_startup, time: 0.04633688926696777
function: eval_sd_t_z_sus, time: 0.033358097076416016
function: eval_acl_t_p_q_fr_to, time: 0.0025277137756347656
function: eval_xfr_t_p_q_fr_to, time: 0.00024819374084472656
function: eval_sd_t_su_sd_trajectories, time: 0.0004165172576904297
function: eval_sd_max_energy, time: 0.0011925697326660156
function: eval_sd_min_energy, time: 0.0007059574127197266
function: eval_sd_t_z_p, time: 0.09912538528442383
function: eval_bus_t_p, time: 0.0008738040924072266
function: eval_bus_t_q, time: 0.0004937648773193359
sd_t_p_rgu sum: 0.0
prz_sigma_rgu max: 0.01
prz_t_p_rgu_req max: 3.1426447103801753
sd_t_p_rgd sum: 0.0
prz_sigma_rgd max: 0.01
prz_t_p_rgd_req max: 3.1426447103801753
sd_t_p_scr sum: 0.0
prz_sigma_scr max: 1.0
prz_t_p_scr_req max: 12.513202698271972
sd_t_p_nsc sum: 0.0
prz_sigma_nsc max: 1.0
prz_t_p_nsc_req max: 12.513202698271972
sd_t_p_rru sum: 0.0
prz_t_p_rru_min max: 0.0
sd_t_p_rrd sum: 0.0
prz_t_p_rrd_min max: 0.0
sd_t_p_qru sum: 0.0
qrz_t_q_qru_min max: 0.0
sd_t_p_qrd sum: 0.0
qrz_t_q_qrd_min max: 0.0
function: get_connected_components, time: 0.008453369140625
function: get_bridges, time: 0.02750706672668457
function: get_connected_components, time: 0.006593942642211914
function: get_bridges, time: 0.027041196823120117
function: get_connected_components, time: 0.00673675537109375
function: get_bridges, time: 0.027945280075073242
function: get_connected_components, time: 0.006761312484741211
function: get_bridges, time: 0.027247190475463867
function: get_connected_components, time: 0.006645917892456055
function: get_bridges, time: 0.02773308753967285
function: get_connected_components, time: 0.006777763366699219
function: get_bridges, time: 0.028033018112182617
function: get_connected_components, time: 0.007053375244140625
function: get_bridges, time: 0.027376413345336914
function: get_connected_components, time: 0.0068874359130859375
function: get_bridges, time: 0.027553319931030273
function: get_connected_components, time: 0.006923675537109375
function: get_bridges, time: 0.02800440788269043
function: get_connected_components, time: 0.006819486618041992
function: get_bridges, time: 0.027924537658691406
function: get_connected_components, time: 0.00688624382019043
function: get_bridges, time: 0.027807950973510742
function: get_connected_components, time: 0.007001638412475586
function: get_bridges, time: 0.027111291885375977
function: get_connected_components, time: 0.0068323612213134766
function: get_bridges, time: 0.02721405029296875
function: get_connected_components, time: 0.006777286529541016
function: get_bridges, time: 0.027448415756225586
function: get_connected_components, time: 0.006813526153564453
function: get_bridges, time: 0.027415037155151367
function: get_connected_components, time: 0.006760358810424805
function: get_bridges, time: 0.027377605438232422
function: get_connected_components, time: 0.00674748420715332
function: get_bridges, time: 0.027285337448120117
function: get_connected_components, time: 0.006855010986328125
function: get_bridges, time: 0.027257680892944336
end of eval_connectedness(), memory info: {'rss bytes': 414306304, 'rss human': '395.1M', 'percent': 0.153316165188759}
function: eval_connectedness, time: 0.6483612060546875
problem dimensions. bus: 1576, acl: 2227, xfr: 144, dcl: 0, k: 219, t: 18
construct static bus admittance matrix. time: 0.0015883445739746094
factor static bus admittance matrix. time: 0.0069580078125
t_acl_delta_t: [array([], dtype=int64), array([], dtype=int64), array([], dtype=int64), array([], dtype=int64), array([], dtype=int64), array([], dtype=int64), array([], dtype=int64), array([], dtype=int64), array([], dtype=int64), array([], dtype=int64), array([], dtype=int64), array([], dtype=int64), array([], dtype=int64), array([], dtype=int64), array([], dtype=int64), array([], dtype=int64), array([], dtype=int64), array([], dtype=int64)], t_xfr_delta_t: [array([], dtype=int64), array([], dtype=int64), array([], dtype=int64), array([], dtype=int64), array([], dtype=int64), array([], dtype=int64), array([], dtype=int64), array([], dtype=int64), array([], dtype=int64), array([], dtype=int64), array([], dtype=int64), array([], dtype=int64), array([], dtype=int64), array([], dtype=int64), array([], dtype=int64), array([], dtype=int64), array([], dtype=int64), array([], dtype=int64)], t_br_delta_t: [array([], dtype=int64), array([], dtype=int64), array([], dtype=int64), array([], dtype=int64), array([], dtype=int64), array([], dtype=int64), array([], dtype=int64), array([], dtype=int64), array([], dtype=int64), array([], dtype=int64), array([], dtype=int64), array([], dtype=int64), array([], dtype=int64), array([], dtype=int64), array([], dtype=int64), array([], dtype=int64), array([], dtype=int64), array([], dtype=int64)], acl_delta_t: [], xfr_delta_t: [], br_delta_t: []
contingency delta branches. acl: 219, xfr: 0, dcl: 0
construct bus,t-indexed right hand side. time: 0.0003211498260498047
solve for base case bus,t-indexed theta. time: 0.13773488998413086
num AC branches with possible violations in ACL contingencies: 0
num AC branches with possible violations in DCL contingencies: 0
num AC branches with possible violations in XFR contingencies: 0
t: 0, time: 0.13573813438415527, memory_info: {'rss bytes': 447401984, 'rss human': '426.7M', 'percent': 0.16556339071471746}
num AC branches with possible violations in ACL contingencies: 0
num AC branches with possible violations in DCL contingencies: 0
num AC branches with possible violations in XFR contingencies: 0
t: 1, time: 0.14473199844360352, memory_info: {'rss bytes': 452173824, 'rss human': '431.2M', 'percent': 0.16732923449414092}
num AC branches with possible violations in ACL contingencies: 0
num AC branches with possible violations in DCL contingencies: 0
num AC branches with possible violations in XFR contingencies: 0
t: 2, time: 0.12430787086486816, memory_info: {'rss bytes': 452173824, 'rss human': '431.2M', 'percent': 0.16732923449414092}
num AC branches with possible violations in ACL contingencies: 0
num AC branches with possible violations in DCL contingencies: 0
num AC branches with possible violations in XFR contingencies: 0
t: 3, time: 0.15023064613342285, memory_info: {'rss bytes': 452173824, 'rss human': '431.2M', 'percent': 0.16732923449414092}
num AC branches with possible violations in ACL contingencies: 0
num AC branches with possible violations in DCL contingencies: 0
num AC branches with possible violations in XFR contingencies: 0
t: 4, time: 0.1546797752380371, memory_info: {'rss bytes': 452173824, 'rss human': '431.2M', 'percent': 0.16732923449414092}
num AC branches with possible violations in ACL contingencies: 0
num AC branches with possible violations in DCL contingencies: 0
num AC branches with possible violations in XFR contingencies: 0
t: 5, time: 0.15483927726745605, memory_info: {'rss bytes': 452173824, 'rss human': '431.2M', 'percent': 0.16732923449414092}
num AC branches with possible violations in ACL contingencies: 0
num AC branches with possible violations in DCL contingencies: 0
num AC branches with possible violations in XFR contingencies: 0
t: 6, time: 0.15467548370361328, memory_info: {'rss bytes': 452173824, 'rss human': '431.2M', 'percent': 0.16732923449414092}
num AC branches with possible violations in ACL contingencies: 0
num AC branches with possible violations in DCL contingencies: 0
num AC branches with possible violations in XFR contingencies: 0
t: 7, time: 0.13363909721374512, memory_info: {'rss bytes': 452173824, 'rss human': '431.2M', 'percent': 0.16732923449414092}
num AC branches with possible violations in ACL contingencies: 0
num AC branches with possible violations in DCL contingencies: 0
num AC branches with possible violations in XFR contingencies: 0
t: 8, time: 0.10218667984008789, memory_info: {'rss bytes': 452173824, 'rss human': '431.2M', 'percent': 0.16732923449414092}
num AC branches with possible violations in ACL contingencies: 0
num AC branches with possible violations in DCL contingencies: 0
num AC branches with possible violations in XFR contingencies: 0
t: 9, time: 0.10047101974487305, memory_info: {'rss bytes': 452173824, 'rss human': '431.2M', 'percent': 0.16732923449414092}
num AC branches with possible violations in ACL contingencies: 0
num AC branches with possible violations in DCL contingencies: 0
num AC branches with possible violations in XFR contingencies: 0
t: 10, time: 0.09722590446472168, memory_info: {'rss bytes': 452173824, 'rss human': '431.2M', 'percent': 0.16732923449414092}
num AC branches with possible violations in ACL contingencies: 0
num AC branches with possible violations in DCL contingencies: 0
num AC branches with possible violations in XFR contingencies: 0
t: 11, time: 0.09783816337585449, memory_info: {'rss bytes': 452173824, 'rss human': '431.2M', 'percent': 0.16732923449414092}
num AC branches with possible violations in ACL contingencies: 0
num AC branches with possible violations in DCL contingencies: 0
num AC branches with possible violations in XFR contingencies: 0
t: 12, time: 0.09820103645324707, memory_info: {'rss bytes': 452173824, 'rss human': '431.2M', 'percent': 0.16732923449414092}
num AC branches with possible violations in ACL contingencies: 0
num AC branches with possible violations in DCL contingencies: 0
num AC branches with possible violations in XFR contingencies: 0
t: 13, time: 0.09892153739929199, memory_info: {'rss bytes': 452173824, 'rss human': '431.2M', 'percent': 0.16732923449414092}
num AC branches with possible violations in ACL contingencies: 0
num AC branches with possible violations in DCL contingencies: 0
num AC branches with possible violations in XFR contingencies: 0
t: 14, time: 0.09349298477172852, memory_info: {'rss bytes': 452173824, 'rss human': '431.2M', 'percent': 0.16732923449414092}
num AC branches with possible violations in ACL contingencies: 0
num AC branches with possible violations in DCL contingencies: 0
num AC branches with possible violations in XFR contingencies: 0
t: 15, time: 0.09187126159667969, memory_info: {'rss bytes': 452173824, 'rss human': '431.2M', 'percent': 0.16732923449414092}
num AC branches with possible violations in ACL contingencies: 0
num AC branches with possible violations in DCL contingencies: 0
num AC branches with possible violations in XFR contingencies: 0
t: 16, time: 0.08980107307434082, memory_info: {'rss bytes': 452173824, 'rss human': '431.2M', 'percent': 0.16732923449414092}
num AC branches with possible violations in ACL contingencies: 0
num AC branches with possible violations in DCL contingencies: 0
num AC branches with possible violations in XFR contingencies: 0
t: 17, time: 0.13988208770751953, memory_info: {'rss bytes': 452173824, 'rss human': '431.2M', 'percent': 0.16732923449414092}
initialize_m_w_time: 0.0018050670623779297
compute_static_w_time: 0.11610078811645508
get_time_varying_branch_characteristics_time: 0.0015413761138916016
construct_a_t_time: 0.009299278259277344
factor_a_t_time: 0.03485727310180664
compute_w_with_t_a_solve_time: 1.3682315349578857
compute_v_t_time: 2.1457672119140625e-06
compute_w_with_t_smw_time: 2.1457672119140625e-06
compute_v_time: 0.003428220748901367
compute_bus_theta_with_t_a_solve_time: 0.0025403499603271484
compute_bus_theta_with_t_smw_time: 1.1920928955078125e-06
compute_br_p_time: 0.0023193359375
apply_w_v_wt_time: 0.007059335708618164
compute_bus_dtheta_rhs_dcl_k_time: 0.002944469451904297
compute_w_v_wt_xfr_k_time: 0.002559185028076172
compute_bus_dtheta_rhs_xfr_k_time: 1.9073486328125e-06
compute_br_acl_delta_k_p_delta_time: 0.03468728065490723
compute_br_dcl_delta_k_p_delta_time: 0.0015139579772949219
compute_br_xfr_delta_k_p_delta_time: 0.0011713504791259766
filter_branches_acl_k_time: 0.01158761978149414
filter_branches_dcl_k_time: 0.003125429153442383
filter_branches_xfr_k_time: 0.0030596256256103516
compute_br_acl_delta_k_p_time: 0.005194902420043945
compute_br_dcl_delta_k_p_time: 7.867813110351562e-05
compute_br_xfr_delta_k_p_time: 5.269050598144531e-05
compute_br_acl_delta_k_s_over_time: 0.6569290161132812
compute_br_dcl_delta_k_s_over_time: 0.0006299018859863281
compute_br_xfr_delta_k_s_over_time: 0.0005521774291992188
zero_out_time: 0.00010204315185546875
get_max_br_acl_delta_k_s_over_time: 0.002633333206176758
get_max_br_dcl_delta_k_s_over_time: 3.0994415283203125e-06
get_max_br_xfr_delta_k_s_over_time: 2.6226043701171875e-06
compute_br_k_z_time: 0.002578258514404297
collect_penalties_into_obj_array_time: 0.00027179718017578125
end of contingency model method 1, memory info: {'rss bytes': 452173824, 'rss human': '431.2M', 'percent': 0.16732923449414092}
function: eval_post_contingency_model, time: 2.4383201599121094
function: eval_post_contingency_model, time: 2.438335418701172
function: run, time: 3.290705919265747
after solution_evaluator.run(), memory info: {'rss bytes': 427954176, 'rss human': '408.1M', 'percent': 0.15836662997248346}
evaluation summary:
{'feas': 1,
 'infeas': 0,
 'info_i_i_k_t_disconnected_ctg': {'idx': {0: None, 1: None, 2: None, 3: None},
                                   'val': 0},
 'info_i_i_t_disconnected_base': {'idx': {0: None, 1: None, 2: None}, 'val': 0},
 'sum_acl_t_u_sd': 0,
 'sum_acl_t_u_su': 0,
 'sum_acl_t_z_s': 0.0,
 'sum_acl_t_z_sd': 0.0,
 'sum_acl_t_z_su': 0.0,
 'sum_bus_t_z_p': 64614663.10775502,
 'sum_bus_t_z_q': 122799671.32835636,
 'sum_cs_t_z_p': 106544546.8927595,
 'sum_pr_t_z_p': 61126.31950742831,
 'sum_prz_t_z_nsc': 220947.10349448345,
 'sum_prz_t_z_rgd': 18027.971036295796,
 'sum_prz_t_z_rgu': 18027.971036295796,
 'sum_prz_t_z_rrd': 0.0,
 'sum_prz_t_z_rru': 0.0,
 'sum_prz_t_z_scr': 111528.30076105206,
 'sum_qrz_t_z_qrd': 0.0,
 'sum_qrz_t_z_qru': 0.0,
 'sum_sd_t_sd': 0,
 'sum_sd_t_su': 0,
 'sum_sd_t_z_nsc': 0.0,
 'sum_sd_t_z_on': 1571578.8433080001,
 'sum_sd_t_z_qrd': 0.0,
 'sum_sd_t_z_qru': 0.0,
 'sum_sd_t_z_rgd': 0.0,
 'sum_sd_t_z_rgu': 0.0,
 'sum_sd_t_z_rrd_off': 0.0,
 'sum_sd_t_z_rrd_on': 0.0,
 'sum_sd_t_z_rru_off': 0.0,
 'sum_sd_t_z_rru_on': 0.0,
 'sum_sd_t_z_scr': 0.0,
 'sum_sd_t_z_sd': 0.0,
 'sum_sd_t_z_su': 0.0,
 'sum_sd_t_z_sus': 0.0,
 'sum_xfr_t_u_sd': 0,
 'sum_xfr_t_u_su': 0,
 'sum_xfr_t_z_s': 0.0,
 'sum_xfr_t_z_sd': 0.0,
 'sum_xfr_t_z_su': 0.0,
 'viol_acl_acl_t_s_max_ctg': {'idx': {0: None, 1: None, 2: None}, 'val': 0.0},
 'viol_acl_dcl_t_s_max_ctg': {'idx': {0: None, 1: None, 2: None}, 'val': 0.0},
 'viol_acl_t_s_max': {'idx': {0: 'acl_0000', 1: 0}, 'val': 0.0},
 'viol_acl_t_u_sd_max': {'idx': {0: 'acl_0000', 1: 0}, 'val': 0},
 'viol_acl_t_u_su_max': {'idx': {0: 'acl_0000', 1: 0}, 'val': 0},
 'viol_acl_xfr_t_s_max_ctg': {'idx': {0: None, 1: None, 2: None}, 'val': 0.0},
 'viol_bus_t_p_balance_max': {'idx': {0: 'bus_0394', 1: 0},
                              'val': 3.1995960400001078},
 'viol_bus_t_p_balance_min': {'idx': {0: 'bus_1492', 1: 16},
                              'val': -2.8091937696931684},
 'viol_bus_t_q_balance_max': {'idx': {0: 'bus_1492', 1: 0},
                              'val': 5.0658154877624915},
 'viol_bus_t_q_balance_min': {'idx': {0: 'bus_0394', 1: 0},
                              'val': -3.895473664775446},
 'viol_bus_t_v_max': {'idx': {0: 'bus_0000', 1: 0}, 'val': 0.0},
 'viol_bus_t_v_min': {'idx': {0: 'bus_0000', 1: 0}, 'val': 0.0},
 'viol_cs_t_p_off_max': {'idx': {0: 'sd_0615', 1: 0}, 'val': 0.0},
 'viol_cs_t_p_off_min': {'idx': {0: 'sd_0615', 1: 0}, 'val': 0.0},
 'viol_cs_t_p_on_max': {'idx': {0: 'sd_0615', 1: 0}, 'val': 0.0},
 'viol_cs_t_p_on_min': {'idx': {0: 'sd_0615', 1: 0}, 'val': 0.0},
 'viol_cs_t_q_max': {'idx': {0: 'sd_0615', 1: 0}, 'val': 0.0},
 'viol_cs_t_q_min': {'idx': {0: 'sd_0615', 1: 0}, 'val': 0.0},
 'viol_cs_t_q_p_max': {'idx': {0: None, 1: None}, 'val': None},
 'viol_cs_t_q_p_min': {'idx': {0: None, 1: None}, 'val': None},
 'viol_dcl_t_p_max': {'idx': {0: None, 1: None}, 'val': None},
 'viol_dcl_t_p_min': {'idx': {0: None, 1: None}, 'val': None},
 'viol_dcl_t_q_fr_max': {'idx': {0: None, 1: None}, 'val': None},
 'viol_dcl_t_q_fr_min': {'idx': {0: None, 1: None}, 'val': None},
 'viol_dcl_t_q_to_max': {'idx': {0: None, 1: None}, 'val': None},
 'viol_dcl_t_q_to_min': {'idx': {0: None, 1: None}, 'val': None},
 'viol_pr_t_p_off_max': {'idx': {0: 'sd_0000', 1: 0}, 'val': 0.0},
 'viol_pr_t_p_off_min': {'idx': {0: 'sd_0000', 1: 0}, 'val': 0.0},
 'viol_pr_t_p_on_max': {'idx': {0: 'sd_0000', 1: 0}, 'val': 0.0},
 'viol_pr_t_p_on_min': {'idx': {0: 'sd_0000', 1: 0}, 'val': 0.0},
 'viol_pr_t_q_max': {'idx': {0: 'sd_0000', 1: 0}, 'val': 0.0},
 'viol_pr_t_q_min': {'idx': {0: 'sd_0000', 1: 0}, 'val': 0.0},
 'viol_pr_t_q_p_max': {'idx': {0: None, 1: None}, 'val': None},
 'viol_pr_t_q_p_min': {'idx': {0: None, 1: None}, 'val': None},
 'viol_prz_t_p_nsc_balance': {'idx': {0: 'prz_0', 1: 0},
                              'val': 28.16905009842622},
 'viol_prz_t_p_rgd_balance': {'idx': {0: 'prz_0', 1: 0},
                              'val': 3.1426447103801753},
 'viol_prz_t_p_rgu_balance': {'idx': {0: 'prz_0', 1: 0},
                              'val': 3.1426447103801753},
 'viol_prz_t_p_rrd_balance': {'idx': {0: 'prz_0', 1: 0}, 'val': 0.0},
 'viol_prz_t_p_rru_balance': {'idx': {0: 'prz_0', 1: 0}, 'val': 0.0},
 'viol_prz_t_p_scr_balance': {'idx': {0: 'prz_0', 1: 0},
                              'val': 15.655847404403197},
 'viol_qrz_t_q_qrd_balance': {'idx': {0: 'qrz_0', 1: 0}, 'val': 0.0},
 'viol_qrz_t_q_qru_balance': {'idx': {0: 'qrz_0', 1: 0}, 'val': 0.0},
 'viol_sd_max_energy_constr': {'idx': {0: 'sd_0000', 1: 0}, 'val': 0.0},
 'viol_sd_max_startup_constr': {'idx': {0: 'sd_0000', 1: 0}, 'val': 0},
 'viol_sd_min_energy_constr': {'idx': {0: 'sd_0000', 1: 0}, 'val': 0.0},
 'viol_sd_t_d_dn_min': {'idx': {0: 'sd_0000', 1: 0}, 'val': 0},
 'viol_sd_t_d_up_min': {'idx': {0: 'sd_0000', 1: 0}, 'val': 0},
 'viol_sd_t_p_nsc_max': {'idx': {0: 'sd_0000', 1: 0}, 'val': 0.0},
 'viol_sd_t_p_nsc_nonneg': {'idx': {0: 'sd_0000', 1: 0}, 'val': -0.0},
 'viol_sd_t_p_ramp_dn_max': {'idx': {0: 'sd_0000', 1: 0}, 'val': 0.0},
 'viol_sd_t_p_ramp_up_max': {'idx': {0: 'sd_0000', 1: 0}, 'val': 0.0},
 'viol_sd_t_p_rgd_max': {'idx': {0: 'sd_0000', 1: 0}, 'val': 0.0},
 'viol_sd_t_p_rgd_nonneg': {'idx': {0: 'sd_0000', 1: 0}, 'val': -0.0},
 'viol_sd_t_p_rgu_max': {'idx': {0: 'sd_0000', 1: 0}, 'val': 0.0},
 'viol_sd_t_p_rgu_nonneg': {'idx': {0: 'sd_0000', 1: 0}, 'val': -0.0},
 'viol_sd_t_p_rrd_off_max': {'idx': {0: 'sd_0000', 1: 0}, 'val': 0.0},
 'viol_sd_t_p_rrd_off_nonneg': {'idx': {0: 'sd_0000', 1: 0}, 'val': -0.0},
 'viol_sd_t_p_rrd_on_max': {'idx': {0: 'sd_0000', 1: 0}, 'val': 0.0},
 'viol_sd_t_p_rrd_on_nonneg': {'idx': {0: 'sd_0000', 1: 0}, 'val': -0.0},
 'viol_sd_t_p_rru_off_max': {'idx': {0: 'sd_0000', 1: 0}, 'val': 0.0},
 'viol_sd_t_p_rru_off_nonneg': {'idx': {0: 'sd_0000', 1: 0}, 'val': -0.0},
 'viol_sd_t_p_rru_on_max': {'idx': {0: 'sd_0000', 1: 0}, 'val': 0.0},
 'viol_sd_t_p_rru_on_nonneg': {'idx': {0: 'sd_0000', 1: 0}, 'val': -0.0},
 'viol_sd_t_p_scr_max': {'idx': {0: 'sd_0000', 1: 0}, 'val': 0.0},
 'viol_sd_t_p_scr_nonneg': {'idx': {0: 'sd_0000', 1: 0}, 'val': -0.0},
 'viol_sd_t_q_qrd_nonneg': {'idx': {0: 'sd_0000', 1: 0}, 'val': -0.0},
 'viol_sd_t_q_qru_nonneg': {'idx': {0: 'sd_0000', 1: 0}, 'val': -0.0},
 'viol_sd_t_u_on_max': {'idx': {0: 'sd_0000', 1: 0}, 'val': 0},
 'viol_sd_t_u_on_min': {'idx': {0: 'sd_0000', 1: 0}, 'val': 0},
 'viol_sh_t_u_st_max': {'idx': {0: 'sh_00', 1: 0}, 'val': 0},
 'viol_sh_t_u_st_min': {'idx': {0: 'sh_00', 1: 0}, 'val': 0},
 'viol_t_connected_base': {'idx': {0: 0}, 'val': 0},
 'viol_t_connected_ctg': {'idx': {0: 0}, 'val': 0},
 'viol_xfr_acl_t_s_max_ctg': {'idx': {0: None, 1: None, 2: None}, 'val': 0.0},
 'viol_xfr_dcl_t_s_max_ctg': {'idx': {0: None, 1: None, 2: None}, 'val': 0.0},
 'viol_xfr_t_phi_max': {'idx': {0: 'xfr_000', 1: 0}, 'val': 0.0},
 'viol_xfr_t_phi_min': {'idx': {0: 'xfr_000', 1: 0}, 'val': 0.0},
 'viol_xfr_t_s_max': {'idx': {0: 'xfr_000', 1: 0}, 'val': 0.0},
 'viol_xfr_t_tau_max': {'idx': {0: 'xfr_000', 1: 0}, 'val': 0.0},
 'viol_xfr_t_tau_min': {'idx': {0: 'xfr_000', 1: 0}, 'val': 0.0},
 'viol_xfr_t_u_sd_max': {'idx': {0: 'xfr_000', 1: 0}, 'val': 0},
 'viol_xfr_t_u_su_max': {'idx': {0: 'xfr_000', 1: 0}, 'val': 0},
 'viol_xfr_xfr_t_s_max_ctg': {'idx': {0: None, 1: None, 2: None}, 'val': 0.0},
 'z': -82871024.05249545,
 'z_base': -82871024.05249545,
 'z_cost': 1632705.1628154283,
 'z_k_average_case': 0.0,
 'z_k_worst_case': 0.0,
 'z_max_energy': 0.0,
 'z_min_energy': 0.0,
 'z_penalty': 187782865.7824395,
 'z_value': 106544546.8927595}
infeasibility summary:
{}
feas: 1
obj: -82871024.05249545
evaluate solution time: 3.3001463413238525
end of check_data(), memory info: {'rss bytes': 428208128, 'rss human': '408.4M', 'percent': 0.1584606062079549}
