/rcfs/dtn/arpacomp/.conda/envs/goc_eval/lib/python3.10/site-packages/scipy/sparse/linalg/_dsolve/linsolve.py:347: SparseEfficiencyWarning: splu converted its input to CSC format
  warn('splu converted its input to CSC format', SparseEfficiencyWarning)
args:
Namespace(problem_opt=None, problem='/qfs/projects/goc/share/data/C3/E1/D1/C3E1N01576D1/scenario_118.json_scrubbed.json', solution='/qfs/projects/goc/share/data/C3/E1/D1/C3E1N01576D1/scenario_118.json.pop_solution.json', configuration=None, parameters='{}', summary_csv='summary.csv', summary_json='summary.json', data_errors='data_errors.txt', ignored_errors='ignored_errors.txt', solution_errors='solution_errors.txt', pop_solution=None, scrubbed_problem=None)
problem data file: /qfs/projects/goc/share/data/C3/E1/D1/C3E1N01576D1/scenario_118.json_scrubbed.json

pop solution data file: None

solution data file: /qfs/projects/goc/share/data/C3/E1/D1/C3E1N01576D1/scenario_118.json.pop_solution.json

git info: {'C3DataUtilities': {'branch': None, 'commit': 'db95afa558c9d522ed52e7eedbd03837c4b9530d', 'date': 'Mon Feb 6 13:38:56 2023 -0800', 'query_return_code': 0, 'query_err': '', 'query_path': '/qfs/projects/goc/share/loadbalancing/src/nonmpi-template/Challenge3/C3DataUtilities/datautilities', 'query_out': 'commit db95afa558c9d522ed52e7eedbd03837c4b9530d\nAuthor: Jesse T Holzer <jesse.holzer@pnnl.gov>\nDate:   Mon Feb 6 13:38:56 2023 -0800\n\n    add total_switches summary output field\n'}, 'Bid-DS-data-model': {'branch': None, 'commit': None, 'date': None, 'query_return_code': 128, 'query_err': 'fatal: Not a git repository (or any parent up to mount point /rcfs)\nStopping at filesystem boundary (GIT_DISCOVERY_ACROSS_FILESYSTEM not set).\n', 'query_path': '/rcfs/dtn/arpacomp/.conda/envs/goc_eval/lib/python3.10/site-packages/datamodel', 'query_out': ''}}

after reading problem without validation, memory info: {'rss bytes': 168435712, 'rss human': '160.6M', 'percent': 0.06233049604931484}
read problem data file without validation time: 0.3469865322113037
after reading problem with validation, memory info: {'rss bytes': 300736512, 'rss human': '286.8M', 'percent': 0.1112890832384805}
load time: 2.9474525451660156
{'general': {'base_norm_mva': 100.0,
             'day_type': None,
             'electricity_demand': None,
             'net_load': None,
             'season': None,
             'solar_availability': None,
             'timestamp_start': None,
             'timestamp_stop': None,
             'vre_availability': None,
             'weather_temperature': None,
             'wind_availability': None},
 'interval durations': [0.25,
                        0.25,
                        0.25,
                        0.25,
                        0.25,
                        0.25,
                        0.25,
                        0.25,
                        0.5,
                        0.5,
                        0.5,
                        0.5,
                        0.5,
                        0.5,
                        0.5,
                        0.5,
                        1.0,
                        1.0],
 'num ac lines': 2227,
 'num buses': 1576,
 'num consuming devices': 1449,
 'num contingencies': 219,
 'num dc lines': 0,
 'num intervals': 18,
 'num producing devices': 615,
 'num reactive power reserve zones': 2,
 'num real power reserve zones': 2,
 'num shunts': 68,
 'num simple dispatchable devices': 2064,
 'num transformers': 144,
 'total duration': 8.0,
 'violation costs': {'e_vio_cost': 100000.0,
                     'p_bus_vio_cost': 100000.0,
                     'q_bus_vio_cost': 100000.0,
                     's_vio_cost': 100000.0}}
after read solution without validation, memory info: {'rss bytes': 309116928, 'rss human': '294.8M', 'percent': 0.1143902990090388}
read solution data file without validation time: 0.09364652633666992
after read solution with validation, memory info: {'rss bytes': 342368256, 'rss human': '326.5M', 'percent': 0.12669512287286686}
solution load time: 1.1315655708312988
after solution_model_checks(), memory info: {'rss bytes': 342368256, 'rss human': '326.5M', 'percent': 0.12669512287286686}
solution model_checks time: 0.015070915222167969
{}
after problem_data_array.set_from_data_model(), memory info: {'rss bytes': 355065856, 'rss human': '338.6M', 'percent': 0.13139393464644003}
convert problem data to numpy arrays time: 0.4705383777618408
after solution_data_array.set_from_data_model(), memory info: {'rss bytes': 359927808, 'rss human': '343.3M', 'percent': 0.13319312483199855}
convert solution data to numpy arrays time: 0.04372239112854004
function: set_summary, time: 0.0001742839813232422
function: set_problem, time: 7.152557373046875e-07
function: set_solution, time: 4.76837158203125e-06
function: set_solution_zero, time: 0.0003991127014160156
function: set_work_zero, time: 0.00042557716369628906
function: set_matrices, time: 0.06542348861694336
function: __init__, time: 0.06645417213439941
function: eval_sd_t_d_up_dn, time: 0.0008466243743896484
function: eval_sd_max_startup, time: 0.0467677116394043
function: eval_sd_t_z_sus, time: 0.033089399337768555
function: eval_acl_t_p_q_fr_to, time: 0.0025320053100585938
function: eval_xfr_t_p_q_fr_to, time: 0.00023937225341796875
function: eval_sd_t_su_sd_trajectories, time: 0.00041294097900390625
function: eval_sd_max_energy, time: 0.0012035369873046875
function: eval_sd_min_energy, time: 0.0006923675537109375
function: eval_sd_t_z_p, time: 0.09843993186950684
function: eval_bus_t_p, time: 0.0015316009521484375
function: eval_bus_t_q, time: 0.00048470497131347656
sd_t_p_rgu sum: 0.0
prz_sigma_rgu max: 0.01
prz_t_p_rgu_req max: 2.7236615312905856
sd_t_p_rgd sum: 0.0
prz_sigma_rgd max: 0.01
prz_t_p_rgd_req max: 2.7236615312905856
sd_t_p_scr sum: 0.0
prz_sigma_scr max: 1.0
prz_t_p_scr_req max: 12.513202699994212
sd_t_p_nsc sum: 0.0
prz_sigma_nsc max: 1.0
prz_t_p_nsc_req max: 12.513202699994212
sd_t_p_rru sum: 0.0
prz_t_p_rru_min max: 0.0
sd_t_p_rrd sum: 0.0
prz_t_p_rrd_min max: 0.0
sd_t_p_qru sum: 0.0
qrz_t_q_qru_min max: 0.0
sd_t_p_qrd sum: 0.0
qrz_t_q_qrd_min max: 0.0
function: get_connected_components, time: 0.008414268493652344
function: get_bridges, time: 0.02749800682067871
function: get_connected_components, time: 0.006654024124145508
function: get_bridges, time: 0.027050018310546875
function: get_connected_components, time: 0.006722450256347656
function: get_bridges, time: 0.027235031127929688
function: get_connected_components, time: 0.006906747817993164
function: get_bridges, time: 0.027393341064453125
function: get_connected_components, time: 0.00675654411315918
function: get_bridges, time: 0.027195215225219727
function: get_connected_components, time: 0.006803274154663086
function: get_bridges, time: 0.027538299560546875
function: get_connected_components, time: 0.007170677185058594
function: get_bridges, time: 0.027567148208618164
function: get_connected_components, time: 0.006914854049682617
function: get_bridges, time: 0.02795577049255371
function: get_connected_components, time: 0.007047414779663086
function: get_bridges, time: 0.027614355087280273
function: get_connected_components, time: 0.006922245025634766
function: get_bridges, time: 0.027911663055419922
function: get_connected_components, time: 0.006884336471557617
function: get_bridges, time: 0.027498960494995117
function: get_connected_components, time: 0.007073640823364258
function: get_bridges, time: 0.02782726287841797
function: get_connected_components, time: 0.006994724273681641
function: get_bridges, time: 0.027370929718017578
function: get_connected_components, time: 0.006888389587402344
function: get_bridges, time: 0.02801799774169922
function: get_connected_components, time: 0.006906747817993164
function: get_bridges, time: 0.027482986450195312
function: get_connected_components, time: 0.006718635559082031
function: get_bridges, time: 0.027532100677490234
function: get_connected_components, time: 0.006688594818115234
function: get_bridges, time: 0.02782440185546875
function: get_connected_components, time: 0.006830692291259766
function: get_bridges, time: 0.027507781982421875
end of eval_connectedness(), memory info: {'rss bytes': 399753216, 'rss human': '381.2M', 'percent': 0.1479307205979508}
function: eval_connectedness, time: 0.6497359275817871
problem dimensions. bus: 1576, acl: 2227, xfr: 144, dcl: 0, k: 219, t: 18
construct static bus admittance matrix. time: 0.0012965202331542969
factor static bus admittance matrix. time: 0.03642082214355469
t_acl_delta_t: [array([], dtype=int64), array([], dtype=int64), array([], dtype=int64), array([], dtype=int64), array([], dtype=int64), array([], dtype=int64), array([], dtype=int64), array([], dtype=int64), array([], dtype=int64), array([], dtype=int64), array([], dtype=int64), array([], dtype=int64), array([], dtype=int64), array([], dtype=int64), array([], dtype=int64), array([], dtype=int64), array([], dtype=int64), array([], dtype=int64)], t_xfr_delta_t: [array([], dtype=int64), array([], dtype=int64), array([], dtype=int64), array([], dtype=int64), array([], dtype=int64), array([], dtype=int64), array([], dtype=int64), array([], dtype=int64), array([], dtype=int64), array([], dtype=int64), array([], dtype=int64), array([], dtype=int64), array([], dtype=int64), array([], dtype=int64), array([], dtype=int64), array([], dtype=int64), array([], dtype=int64), array([], dtype=int64)], t_br_delta_t: [array([], dtype=int64), array([], dtype=int64), array([], dtype=int64), array([], dtype=int64), array([], dtype=int64), array([], dtype=int64), array([], dtype=int64), array([], dtype=int64), array([], dtype=int64), array([], dtype=int64), array([], dtype=int64), array([], dtype=int64), array([], dtype=int64), array([], dtype=int64), array([], dtype=int64), array([], dtype=int64), array([], dtype=int64), array([], dtype=int64)], acl_delta_t: [], xfr_delta_t: [], br_delta_t: []
contingency delta branches. acl: 219, xfr: 0, dcl: 0
construct bus,t-indexed right hand side. time: 0.0003554821014404297
solve for base case bus,t-indexed theta. time: 0.22521400451660156
v_acl_k: [-1.19076484e-02 -1.01324350e-02 -2.66285766e-02 -4.40462154e-02
 -4.40462154e-02 -1.33108601e-02 -1.33108601e-02 -1.33108601e-02
 -1.33108601e-02 -1.33108601e-02 -9.79503691e-05 -8.79796089e-05
 -1.05566564e-07 -6.24707723e-04 -5.92369398e-04 -1.20131753e-03
 -1.20131753e-03 -6.62673058e-04 -6.62673058e-04 -5.66415672e-03
 -1.59399647e-03 -1.99011968e-03 -1.99011968e-03 -1.55357278e-06
 -9.49182051e-06 -1.95261444e-03 -5.76822010e-03 -2.02154676e-03
 -5.79438327e-04 -1.21037868e-04 -1.21037868e-04 -1.18254185e-04
 -8.83259549e-05 -3.44692308e-04 -3.44692308e-04 -1.37716621e-03
 -8.11384697e-03 -7.47757860e-03 -4.89363399e-05 -7.87415347e-05
 -1.48989723e-04 -4.15039023e-03 -9.56539556e-06 -8.21719903e-03
 -3.28630317e-03 -3.28630317e-03 -3.32613117e-03 -3.33608867e-03
 -3.11416883e-03 -3.19382641e-03 -3.17391082e-03 -7.06749151e-03
 -5.16266159e-04 -5.16266159e-04 -1.56120070e-04 -2.19791492e-03
 -2.19791492e-03 -3.97529980e-04 -1.59518524e-03 -9.02013035e-03
 -9.02013035e-03 -9.18623364e-04 -9.18623364e-04 -5.66155090e-06
 -5.93990270e-03 -5.93990270e-03 -6.65971414e-04 -3.95831724e-04
 -5.46494062e-04 -3.95831724e-04 -5.38360394e-03 -5.40351894e-03
 -5.31379581e-03 -5.31379581e-03 -6.60252008e-04 -2.12634011e-05
 -2.12634011e-05 -5.51547442e-03 -5.51547442e-03 -5.51547442e-03
 -4.95634850e-04 -4.25072678e-04 -4.25072678e-04 -4.25072678e-04
 -1.64490804e-04 -1.64490804e-04 -1.36113163e-04 -4.65910155e-03
 -4.65910155e-03 -4.65910155e-03 -3.16824599e-03 -3.16824599e-03
 -3.16824599e-03 -3.16824599e-03 -6.61124606e-03 -6.62084712e-03
 -4.37692556e-03 -4.47181522e-03 -1.99121128e-02 -1.29209151e-02
 -1.29209151e-02 -1.27240944e-02 -3.28662796e-03 -3.28662796e-03
 -9.58082112e-03 -9.58082112e-03 -1.29736265e-03 -1.91671053e-03
 -1.45562522e-02 -1.45761660e-02 -1.57590292e-03 -7.56768389e-03
 -1.35600000e-03 -1.35600000e-03 -1.99853629e-03 -5.20228777e-04
 -2.00078032e-05 -1.12621924e-05 -8.80975337e-03 -7.16254082e-03
 -7.09284001e-03 -8.98187850e-03 -3.32830031e-02 -3.35393938e-02
 -1.25048770e-06 -7.43476317e-03 -4.57045996e-06 -1.12177425e-02
 -9.69714795e-07 -4.72707654e-03 -4.72707654e-03 -2.58025452e-02
 -9.93160355e-06 -3.65148708e-03 -3.65148708e-03 -3.70127229e-03
 -3.60776350e-03 -3.60776350e-03 -4.64380736e-03 -4.64380736e-03
 -4.62908081e-03 -6.48743527e-03 -3.54797146e-03 -2.33715865e-02
 -1.77787352e-02 -6.96434029e-04 -6.96434029e-04 -1.08163857e-03
 -1.08163857e-03 -1.04249652e-04 -1.04249652e-04 -2.54901332e-05
 -3.06521065e-04 -3.06521065e-04 -3.06521065e-04 -7.84171009e-05
 -1.55076743e-03 -1.55076743e-03 -5.85800587e-04 -5.85800587e-04
 -5.85800587e-04 -8.09266148e-05 -4.78750305e-03 -4.78750305e-03
 -4.78750305e-03 -4.78750305e-03 -8.40794500e-02 -8.41114743e-02
 -9.03388126e-03 -4.84906962e-02 -6.96480518e-03 -2.30091413e-02
 -1.34449255e-02 -6.21917162e-03 -6.18963429e-03 -1.48935992e-03
 -2.10719454e-02 -2.10719454e-02 -2.99416575e-02 -2.58828026e-05
 -4.64397775e-03 -4.65524674e-03 -2.14822309e-02 -2.14722739e-02
 -2.18515921e-02 -1.33644853e-02 -1.33757527e-02 -1.33757527e-02
 -2.79351988e-02 -3.95274263e-03 -3.95274263e-03 -5.48991039e-03
 -9.66979817e-03 -9.97752193e-03 -2.42327862e-03 -2.40336369e-03
 -2.77452248e-02 -5.13927827e-05 -1.32155909e-04 -2.30823186e-04
 -1.58164097e-04 -6.04333370e-03 -3.18375167e-03 -3.66578082e-03
 -3.66578082e-03 -9.17565630e-03 -2.95850320e-03 -4.48100100e-03
 -4.48100100e-03 -4.48100100e-03 -9.06532049e-03 -8.97439085e-03
 -2.56008709e-03 -3.31500705e-03 -3.31500705e-03 -5.77788069e-07
 -2.01733829e-03 -2.01733829e-03 -2.01733829e-03]
acl_u[acl_delta_k]: [1 1 1 1 1 1 1 1 1 1 1 1 1 1 1 1 1 1 1 1 1 1 1 1 1 1 1 1 1 1 1 1 1 1 1 1 1
 1 1 1 1 1 1 1 1 1 1 1 1 1 1 1 1 1 1 1 1 1 1 1 1 1 1 1 1 1 1 1 1 1 1 1 1 1
 1 1 1 1 1 1 1 1 1 1 1 1 1 1 1 1 1 1 1 1 1 1 1 1 1 1 1 1 1 1 1 1 1 1 1 1 1
 1 1 1 1 1 1 1 1 1 1 1 1 1 1 1 1 1 1 1 1 1 1 1 1 1 1 1 1 1 1 1 1 1 1 1 1 1
 1 1 1 1 1 1 1 1 1 1 1 1 1 1 1 1 1 1 1 1 1 1 1 1 1 1 1 1 1 1 1 1 1 1 1 1 0
 0 1 1 1 1 1 1 1 1 1 1 1 1 1 1 1 1 1 1 1 0 1 1 1 1 1 1 1 1 1 1 1 1 1]
num AC branches with possible violations in ACL contingencies: 0
num AC branches with possible violations in DCL contingencies: 0
num AC branches with possible violations in XFR contingencies: 0
t: 0, time: 0.2155001163482666, memory_info: {'rss bytes': 434810880, 'rss human': '414.7M', 'percent': 0.16090398833021297}
v_acl_k: [-1.19076484e-02 -1.01324350e-02 -2.66285766e-02 -4.40462154e-02
 -4.40462154e-02 -1.33108601e-02 -1.33108601e-02 -1.33108601e-02
 -1.33108601e-02 -1.33108601e-02 -9.79503691e-05 -8.79796089e-05
 -1.05566564e-07 -6.24707723e-04 -5.92369398e-04 -1.20131753e-03
 -1.20131753e-03 -6.62673058e-04 -6.62673058e-04 -5.66415672e-03
 -1.59399647e-03 -1.99011968e-03 -1.99011968e-03 -1.55357278e-06
 -9.49182051e-06 -1.95261444e-03 -5.76822010e-03 -2.02154676e-03
 -5.79438327e-04 -1.21037868e-04 -1.21037868e-04 -1.18254185e-04
 -8.83259549e-05 -3.44692308e-04 -3.44692308e-04 -1.37716621e-03
 -8.11384697e-03 -7.47757860e-03 -4.89363399e-05 -7.87415347e-05
 -1.48989723e-04 -4.15039023e-03 -9.56539556e-06 -8.21719903e-03
 -3.28630317e-03 -3.28630317e-03 -3.32613117e-03 -3.33608867e-03
 -3.11416883e-03 -3.19382641e-03 -3.17391082e-03 -7.06749151e-03
 -5.16266159e-04 -5.16266159e-04 -1.56120070e-04 -2.19791492e-03
 -2.19791492e-03 -3.97529980e-04 -1.59518524e-03 -9.02013035e-03
 -9.02013035e-03 -9.18623364e-04 -9.18623364e-04 -5.66155090e-06
 -5.93990270e-03 -5.93990270e-03 -6.65971414e-04 -3.95831724e-04
 -5.46494062e-04 -3.95831724e-04 -5.38360394e-03 -5.40351894e-03
 -5.31379581e-03 -5.31379581e-03 -6.60252008e-04 -2.12634011e-05
 -2.12634011e-05 -5.51547442e-03 -5.51547442e-03 -5.51547442e-03
 -4.95634850e-04 -4.25072678e-04 -4.25072678e-04 -4.25072678e-04
 -1.64490804e-04 -1.64490804e-04 -1.36113163e-04 -4.65910155e-03
 -4.65910155e-03 -4.65910155e-03 -3.16824599e-03 -3.16824599e-03
 -3.16824599e-03 -3.16824599e-03 -6.61124606e-03 -6.62084712e-03
 -4.37692556e-03 -4.47181522e-03 -1.99121128e-02 -1.29209151e-02
 -1.29209151e-02 -1.27240944e-02 -3.28662796e-03 -3.28662796e-03
 -9.58082112e-03 -9.58082112e-03 -1.29736265e-03 -1.91671053e-03
 -1.45562522e-02 -1.45761660e-02 -1.57590292e-03 -7.56768389e-03
 -1.35600000e-03 -1.35600000e-03 -1.99853629e-03 -5.20228777e-04
 -2.00078032e-05 -1.12621924e-05 -8.80975337e-03 -7.16254082e-03
 -7.09284001e-03 -8.98187850e-03 -3.32830031e-02 -3.35393938e-02
 -1.25048770e-06 -7.43476317e-03 -4.57045996e-06 -1.12177425e-02
 -9.69714795e-07 -4.72707654e-03 -4.72707654e-03 -2.58025452e-02
 -9.93160355e-06 -3.65148708e-03 -3.65148708e-03 -3.70127229e-03
 -3.60776350e-03 -3.60776350e-03 -4.64380736e-03 -4.64380736e-03
 -4.62908081e-03 -6.48743527e-03 -3.54797146e-03 -2.33715865e-02
 -1.77787352e-02 -6.96434029e-04 -6.96434029e-04 -1.08163857e-03
 -1.08163857e-03 -1.04249652e-04 -1.04249652e-04 -2.54901332e-05
 -3.06521065e-04 -3.06521065e-04 -3.06521065e-04 -7.84171009e-05
 -1.55076743e-03 -1.55076743e-03 -5.85800587e-04 -5.85800587e-04
 -5.85800587e-04 -8.09266148e-05 -4.78750305e-03 -4.78750305e-03
 -4.78750305e-03 -4.78750305e-03 -8.40794500e-02 -8.41114743e-02
 -9.03388126e-03 -4.84906962e-02 -6.96480518e-03 -2.30091413e-02
 -1.34449255e-02 -6.21917162e-03 -6.18963429e-03 -1.48935992e-03
 -2.10719454e-02 -2.10719454e-02 -2.99416575e-02 -2.58828026e-05
 -4.64397775e-03 -4.65524674e-03 -2.14822309e-02 -2.14722739e-02
 -2.18515921e-02 -1.33644853e-02 -1.33757527e-02 -1.33757527e-02
 -2.79351988e-02 -3.95274263e-03 -3.95274263e-03 -5.48991039e-03
 -9.66979817e-03 -9.97752193e-03 -2.42327862e-03 -2.40336369e-03
 -2.77452248e-02 -5.13927827e-05 -1.32155909e-04 -2.30823186e-04
 -1.58164097e-04 -6.04333370e-03 -3.18375167e-03 -3.66578082e-03
 -3.66578082e-03 -9.17565630e-03 -2.95850320e-03 -4.48100100e-03
 -4.48100100e-03 -4.48100100e-03 -9.06532049e-03 -8.97439085e-03
 -2.56008709e-03 -3.31500705e-03 -3.31500705e-03 -5.77788069e-07
 -2.01733829e-03 -2.01733829e-03 -2.01733829e-03]
acl_u[acl_delta_k]: [1 1 1 1 1 1 1 1 1 1 1 1 1 1 1 1 1 1 1 1 1 1 1 1 1 1 1 1 1 1 1 1 1 1 1 1 1
 1 1 1 1 1 1 1 1 1 1 1 1 1 1 1 1 1 1 1 1 1 1 1 1 1 1 1 1 1 1 1 1 1 1 1 1 1
 1 1 1 1 1 1 1 1 1 1 1 1 1 1 1 1 1 1 1 1 1 1 1 1 1 1 1 1 1 1 1 1 1 1 1 1 1
 1 1 1 1 1 1 1 1 1 1 1 1 1 1 1 1 1 1 1 1 1 1 1 1 1 1 1 1 1 1 1 1 1 1 1 1 1
 1 1 1 1 1 1 1 1 1 1 1 1 1 1 1 1 1 1 1 1 1 1 1 1 1 1 1 1 1 1 1 1 1 1 1 1 0
 0 1 1 1 1 1 1 1 1 1 1 1 1 1 1 1 1 1 1 1 0 1 1 1 1 1 1 1 1 1 1 1 1 1]
num AC branches with possible violations in ACL contingencies: 0
num AC branches with possible violations in DCL contingencies: 0
num AC branches with possible violations in XFR contingencies: 0
t: 1, time: 0.1969776153564453, memory_info: {'rss bytes': 439808000, 'rss human': '419.4M', 'percent': 0.16275319812497402}
v_acl_k: [-1.19076484e-02 -1.01324350e-02 -2.66285766e-02 -4.40462154e-02
 -4.40462154e-02 -1.33108601e-02 -1.33108601e-02 -1.33108601e-02
 -1.33108601e-02 -1.33108601e-02 -9.79503691e-05 -8.79796089e-05
 -1.05566564e-07 -6.24707723e-04 -5.92369398e-04 -1.20131753e-03
 -1.20131753e-03 -6.62673058e-04 -6.62673058e-04 -5.66415672e-03
 -1.59399647e-03 -1.99011968e-03 -1.99011968e-03 -1.55357278e-06
 -9.49182051e-06 -1.95261444e-03 -5.76822010e-03 -2.02154676e-03
 -5.79438327e-04 -1.21037868e-04 -1.21037868e-04 -1.18254185e-04
 -8.83259549e-05 -3.44692308e-04 -3.44692308e-04 -1.37716621e-03
 -8.11384697e-03 -7.47757860e-03 -4.89363399e-05 -7.87415347e-05
 -1.48989723e-04 -4.15039023e-03 -9.56539556e-06 -8.21719903e-03
 -3.28630317e-03 -3.28630317e-03 -3.32613117e-03 -3.33608867e-03
 -3.11416883e-03 -3.19382641e-03 -3.17391082e-03 -7.06749151e-03
 -5.16266159e-04 -5.16266159e-04 -1.56120070e-04 -2.19791492e-03
 -2.19791492e-03 -3.97529980e-04 -1.59518524e-03 -9.02013035e-03
 -9.02013035e-03 -9.18623364e-04 -9.18623364e-04 -5.66155090e-06
 -5.93990270e-03 -5.93990270e-03 -6.65971414e-04 -3.95831724e-04
 -5.46494062e-04 -3.95831724e-04 -5.38360394e-03 -5.40351894e-03
 -5.31379581e-03 -5.31379581e-03 -6.60252008e-04 -2.12634011e-05
 -2.12634011e-05 -5.51547442e-03 -5.51547442e-03 -5.51547442e-03
 -4.95634850e-04 -4.25072678e-04 -4.25072678e-04 -4.25072678e-04
 -1.64490804e-04 -1.64490804e-04 -1.36113163e-04 -4.65910155e-03
 -4.65910155e-03 -4.65910155e-03 -3.16824599e-03 -3.16824599e-03
 -3.16824599e-03 -3.16824599e-03 -6.61124606e-03 -6.62084712e-03
 -4.37692556e-03 -4.47181522e-03 -1.99121128e-02 -1.29209151e-02
 -1.29209151e-02 -1.27240944e-02 -3.28662796e-03 -3.28662796e-03
 -9.58082112e-03 -9.58082112e-03 -1.29736265e-03 -1.91671053e-03
 -1.45562522e-02 -1.45761660e-02 -1.57590292e-03 -7.56768389e-03
 -1.35600000e-03 -1.35600000e-03 -1.99853629e-03 -5.20228777e-04
 -2.00078032e-05 -1.12621924e-05 -8.80975337e-03 -7.16254082e-03
 -7.09284001e-03 -8.98187850e-03 -3.32830031e-02 -3.35393938e-02
 -1.25048770e-06 -7.43476317e-03 -4.57045996e-06 -1.12177425e-02
 -9.69714795e-07 -4.72707654e-03 -4.72707654e-03 -2.58025452e-02
 -9.93160355e-06 -3.65148708e-03 -3.65148708e-03 -3.70127229e-03
 -3.60776350e-03 -3.60776350e-03 -4.64380736e-03 -4.64380736e-03
 -4.62908081e-03 -6.48743527e-03 -3.54797146e-03 -2.33715865e-02
 -1.77787352e-02 -6.96434029e-04 -6.96434029e-04 -1.08163857e-03
 -1.08163857e-03 -1.04249652e-04 -1.04249652e-04 -2.54901332e-05
 -3.06521065e-04 -3.06521065e-04 -3.06521065e-04 -7.84171009e-05
 -1.55076743e-03 -1.55076743e-03 -5.85800587e-04 -5.85800587e-04
 -5.85800587e-04 -8.09266148e-05 -4.78750305e-03 -4.78750305e-03
 -4.78750305e-03 -4.78750305e-03 -8.40794500e-02 -8.41114743e-02
 -9.03388126e-03 -4.84906962e-02 -6.96480518e-03 -2.30091413e-02
 -1.34449255e-02 -6.21917162e-03 -6.18963429e-03 -1.48935992e-03
 -2.10719454e-02 -2.10719454e-02 -2.99416575e-02 -2.58828026e-05
 -4.64397775e-03 -4.65524674e-03 -2.14822309e-02 -2.14722739e-02
 -2.18515921e-02 -1.33644853e-02 -1.33757527e-02 -1.33757527e-02
 -2.79351988e-02 -3.95274263e-03 -3.95274263e-03 -5.48991039e-03
 -9.66979817e-03 -9.97752193e-03 -2.42327862e-03 -2.40336369e-03
 -2.77452248e-02 -5.13927827e-05 -1.32155909e-04 -2.30823186e-04
 -1.58164097e-04 -6.04333370e-03 -3.18375167e-03 -3.66578082e-03
 -3.66578082e-03 -9.17565630e-03 -2.95850320e-03 -4.48100100e-03
 -4.48100100e-03 -4.48100100e-03 -9.06532049e-03 -8.97439085e-03
 -2.56008709e-03 -3.31500705e-03 -3.31500705e-03 -5.77788069e-07
 -2.01733829e-03 -2.01733829e-03 -2.01733829e-03]
acl_u[acl_delta_k]: [1 1 1 1 1 1 1 1 1 1 1 1 1 1 1 1 1 1 1 1 1 1 1 1 1 1 1 1 1 1 1 1 1 1 1 1 1
 1 1 1 1 1 1 1 1 1 1 1 1 1 1 1 1 1 1 1 1 1 1 1 1 1 1 1 1 1 1 1 1 1 1 1 1 1
 1 1 1 1 1 1 1 1 1 1 1 1 1 1 1 1 1 1 1 1 1 1 1 1 1 1 1 1 1 1 1 1 1 1 1 1 1
 1 1 1 1 1 1 1 1 1 1 1 1 1 1 1 1 1 1 1 1 1 1 1 1 1 1 1 1 1 1 1 1 1 1 1 1 1
 1 1 1 1 1 1 1 1 1 1 1 1 1 1 1 1 1 1 1 1 1 1 1 1 1 1 1 1 1 1 1 1 1 1 1 1 0
 0 1 1 1 1 1 1 1 1 1 1 1 1 1 1 1 1 1 1 1 0 1 1 1 1 1 1 1 1 1 1 1 1 1]
num AC branches with possible violations in ACL contingencies: 0
num AC branches with possible violations in DCL contingencies: 0
num AC branches with possible violations in XFR contingencies: 0
t: 2, time: 0.1763927936553955, memory_info: {'rss bytes': 439808000, 'rss human': '419.4M', 'percent': 0.16275319812497402}
v_acl_k: [-1.19076484e-02 -1.01324350e-02 -2.66285766e-02 -4.40462154e-02
 -4.40462154e-02 -1.33108601e-02 -1.33108601e-02 -1.33108601e-02
 -1.33108601e-02 -1.33108601e-02 -9.79503691e-05 -8.79796089e-05
 -1.05566564e-07 -6.24707723e-04 -5.92369398e-04 -1.20131753e-03
 -1.20131753e-03 -6.62673058e-04 -6.62673058e-04 -5.66415672e-03
 -1.59399647e-03 -1.99011968e-03 -1.99011968e-03 -1.55357278e-06
 -9.49182051e-06 -1.95261444e-03 -5.76822010e-03 -2.02154676e-03
 -5.79438327e-04 -1.21037868e-04 -1.21037868e-04 -1.18254185e-04
 -8.83259549e-05 -3.44692308e-04 -3.44692308e-04 -1.37716621e-03
 -8.11384697e-03 -7.47757860e-03 -4.89363399e-05 -7.87415347e-05
 -1.48989723e-04 -4.15039023e-03 -9.56539556e-06 -8.21719903e-03
 -3.28630317e-03 -3.28630317e-03 -3.32613117e-03 -3.33608867e-03
 -3.11416883e-03 -3.19382641e-03 -3.17391082e-03 -7.06749151e-03
 -5.16266159e-04 -5.16266159e-04 -1.56120070e-04 -2.19791492e-03
 -2.19791492e-03 -3.97529980e-04 -1.59518524e-03 -9.02013035e-03
 -9.02013035e-03 -9.18623364e-04 -9.18623364e-04 -5.66155090e-06
 -5.93990270e-03 -5.93990270e-03 -6.65971414e-04 -3.95831724e-04
 -5.46494062e-04 -3.95831724e-04 -5.38360394e-03 -5.40351894e-03
 -5.31379581e-03 -5.31379581e-03 -6.60252008e-04 -2.12634011e-05
 -2.12634011e-05 -5.51547442e-03 -5.51547442e-03 -5.51547442e-03
 -4.95634850e-04 -4.25072678e-04 -4.25072678e-04 -4.25072678e-04
 -1.64490804e-04 -1.64490804e-04 -1.36113163e-04 -4.65910155e-03
 -4.65910155e-03 -4.65910155e-03 -3.16824599e-03 -3.16824599e-03
 -3.16824599e-03 -3.16824599e-03 -6.61124606e-03 -6.62084712e-03
 -4.37692556e-03 -4.47181522e-03 -1.99121128e-02 -1.29209151e-02
 -1.29209151e-02 -1.27240944e-02 -3.28662796e-03 -3.28662796e-03
 -9.58082112e-03 -9.58082112e-03 -1.29736265e-03 -1.91671053e-03
 -1.45562522e-02 -1.45761660e-02 -1.57590292e-03 -7.56768389e-03
 -1.35600000e-03 -1.35600000e-03 -1.99853629e-03 -5.20228777e-04
 -2.00078032e-05 -1.12621924e-05 -8.80975337e-03 -7.16254082e-03
 -7.09284001e-03 -8.98187850e-03 -3.32830031e-02 -3.35393938e-02
 -1.25048770e-06 -7.43476317e-03 -4.57045996e-06 -1.12177425e-02
 -9.69714795e-07 -4.72707654e-03 -4.72707654e-03 -2.58025452e-02
 -9.93160355e-06 -3.65148708e-03 -3.65148708e-03 -3.70127229e-03
 -3.60776350e-03 -3.60776350e-03 -4.64380736e-03 -4.64380736e-03
 -4.62908081e-03 -6.48743527e-03 -3.54797146e-03 -2.33715865e-02
 -1.77787352e-02 -6.96434029e-04 -6.96434029e-04 -1.08163857e-03
 -1.08163857e-03 -1.04249652e-04 -1.04249652e-04 -2.54901332e-05
 -3.06521065e-04 -3.06521065e-04 -3.06521065e-04 -7.84171009e-05
 -1.55076743e-03 -1.55076743e-03 -5.85800587e-04 -5.85800587e-04
 -5.85800587e-04 -8.09266148e-05 -4.78750305e-03 -4.78750305e-03
 -4.78750305e-03 -4.78750305e-03 -8.40794500e-02 -8.41114743e-02
 -9.03388126e-03 -4.84906962e-02 -6.96480518e-03 -2.30091413e-02
 -1.34449255e-02 -6.21917162e-03 -6.18963429e-03 -1.48935992e-03
 -2.10719454e-02 -2.10719454e-02 -2.99416575e-02 -2.58828026e-05
 -4.64397775e-03 -4.65524674e-03 -2.14822309e-02 -2.14722739e-02
 -2.18515921e-02 -1.33644853e-02 -1.33757527e-02 -1.33757527e-02
 -2.79351988e-02 -3.95274263e-03 -3.95274263e-03 -5.48991039e-03
 -9.66979817e-03 -9.97752193e-03 -2.42327862e-03 -2.40336369e-03
 -2.77452248e-02 -5.13927827e-05 -1.32155909e-04 -2.30823186e-04
 -1.58164097e-04 -6.04333370e-03 -3.18375167e-03 -3.66578082e-03
 -3.66578082e-03 -9.17565630e-03 -2.95850320e-03 -4.48100100e-03
 -4.48100100e-03 -4.48100100e-03 -9.06532049e-03 -8.97439085e-03
 -2.56008709e-03 -3.31500705e-03 -3.31500705e-03 -5.77788069e-07
 -2.01733829e-03 -2.01733829e-03 -2.01733829e-03]
acl_u[acl_delta_k]: [1 1 1 1 1 1 1 1 1 1 1 1 1 1 1 1 1 1 1 1 1 1 1 1 1 1 1 1 1 1 1 1 1 1 1 1 1
 1 1 1 1 1 1 1 1 1 1 1 1 1 1 1 1 1 1 1 1 1 1 1 1 1 1 1 1 1 1 1 1 1 1 1 1 1
 1 1 1 1 1 1 1 1 1 1 1 1 1 1 1 1 1 1 1 1 1 1 1 1 1 1 1 1 1 1 1 1 1 1 1 1 1
 1 1 1 1 1 1 1 1 1 1 1 1 1 1 1 1 1 1 1 1 1 1 1 1 1 1 1 1 1 1 1 1 1 1 1 1 1
 1 1 1 1 1 1 1 1 1 1 1 1 1 1 1 1 1 1 1 1 1 1 1 1 1 1 1 1 1 1 1 1 1 1 1 1 0
 0 1 1 1 1 1 1 1 1 1 1 1 1 1 1 1 1 1 1 1 0 1 1 1 1 1 1 1 1 1 1 1 1 1]
num AC branches with possible violations in ACL contingencies: 0
num AC branches with possible violations in DCL contingencies: 0
num AC branches with possible violations in XFR contingencies: 0
t: 3, time: 0.1686856746673584, memory_info: {'rss bytes': 439808000, 'rss human': '419.4M', 'percent': 0.16275319812497402}
v_acl_k: [-1.19076484e-02 -1.01324350e-02 -2.66285766e-02 -4.40462154e-02
 -4.40462154e-02 -1.33108601e-02 -1.33108601e-02 -1.33108601e-02
 -1.33108601e-02 -1.33108601e-02 -9.79503691e-05 -8.79796089e-05
 -1.05566564e-07 -6.24707723e-04 -5.92369398e-04 -1.20131753e-03
 -1.20131753e-03 -6.62673058e-04 -6.62673058e-04 -5.66415672e-03
 -1.59399647e-03 -1.99011968e-03 -1.99011968e-03 -1.55357278e-06
 -9.49182051e-06 -1.95261444e-03 -5.76822010e-03 -2.02154676e-03
 -5.79438327e-04 -1.21037868e-04 -1.21037868e-04 -1.18254185e-04
 -8.83259549e-05 -3.44692308e-04 -3.44692308e-04 -1.37716621e-03
 -8.11384697e-03 -7.47757860e-03 -4.89363399e-05 -7.87415347e-05
 -1.48989723e-04 -4.15039023e-03 -9.56539556e-06 -8.21719903e-03
 -3.28630317e-03 -3.28630317e-03 -3.32613117e-03 -3.33608867e-03
 -3.11416883e-03 -3.19382641e-03 -3.17391082e-03 -7.06749151e-03
 -5.16266159e-04 -5.16266159e-04 -1.56120070e-04 -2.19791492e-03
 -2.19791492e-03 -3.97529980e-04 -1.59518524e-03 -9.02013035e-03
 -9.02013035e-03 -9.18623364e-04 -9.18623364e-04 -5.66155090e-06
 -5.93990270e-03 -5.93990270e-03 -6.65971414e-04 -3.95831724e-04
 -5.46494062e-04 -3.95831724e-04 -5.38360394e-03 -5.40351894e-03
 -5.31379581e-03 -5.31379581e-03 -6.60252008e-04 -2.12634011e-05
 -2.12634011e-05 -5.51547442e-03 -5.51547442e-03 -5.51547442e-03
 -4.95634850e-04 -4.25072678e-04 -4.25072678e-04 -4.25072678e-04
 -1.64490804e-04 -1.64490804e-04 -1.36113163e-04 -4.65910155e-03
 -4.65910155e-03 -4.65910155e-03 -3.16824599e-03 -3.16824599e-03
 -3.16824599e-03 -3.16824599e-03 -6.61124606e-03 -6.62084712e-03
 -4.37692556e-03 -4.47181522e-03 -1.99121128e-02 -1.29209151e-02
 -1.29209151e-02 -1.27240944e-02 -3.28662796e-03 -3.28662796e-03
 -9.58082112e-03 -9.58082112e-03 -1.29736265e-03 -1.91671053e-03
 -1.45562522e-02 -1.45761660e-02 -1.57590292e-03 -7.56768389e-03
 -1.35600000e-03 -1.35600000e-03 -1.99853629e-03 -5.20228777e-04
 -2.00078032e-05 -1.12621924e-05 -8.80975337e-03 -7.16254082e-03
 -7.09284001e-03 -8.98187850e-03 -3.32830031e-02 -3.35393938e-02
 -1.25048770e-06 -7.43476317e-03 -4.57045996e-06 -1.12177425e-02
 -9.69714795e-07 -4.72707654e-03 -4.72707654e-03 -2.58025452e-02
 -9.93160355e-06 -3.65148708e-03 -3.65148708e-03 -3.70127229e-03
 -3.60776350e-03 -3.60776350e-03 -4.64380736e-03 -4.64380736e-03
 -4.62908081e-03 -6.48743527e-03 -3.54797146e-03 -2.33715865e-02
 -1.77787352e-02 -6.96434029e-04 -6.96434029e-04 -1.08163857e-03
 -1.08163857e-03 -1.04249652e-04 -1.04249652e-04 -2.54901332e-05
 -3.06521065e-04 -3.06521065e-04 -3.06521065e-04 -7.84171009e-05
 -1.55076743e-03 -1.55076743e-03 -5.85800587e-04 -5.85800587e-04
 -5.85800587e-04 -8.09266148e-05 -4.78750305e-03 -4.78750305e-03
 -4.78750305e-03 -4.78750305e-03 -8.40794500e-02 -8.41114743e-02
 -9.03388126e-03 -4.84906962e-02 -6.96480518e-03 -2.30091413e-02
 -1.34449255e-02 -6.21917162e-03 -6.18963429e-03 -1.48935992e-03
 -2.10719454e-02 -2.10719454e-02 -2.99416575e-02 -2.58828026e-05
 -4.64397775e-03 -4.65524674e-03 -2.14822309e-02 -2.14722739e-02
 -2.18515921e-02 -1.33644853e-02 -1.33757527e-02 -1.33757527e-02
 -2.79351988e-02 -3.95274263e-03 -3.95274263e-03 -5.48991039e-03
 -9.66979817e-03 -9.97752193e-03 -2.42327862e-03 -2.40336369e-03
 -2.77452248e-02 -5.13927827e-05 -1.32155909e-04 -2.30823186e-04
 -1.58164097e-04 -6.04333370e-03 -3.18375167e-03 -3.66578082e-03
 -3.66578082e-03 -9.17565630e-03 -2.95850320e-03 -4.48100100e-03
 -4.48100100e-03 -4.48100100e-03 -9.06532049e-03 -8.97439085e-03
 -2.56008709e-03 -3.31500705e-03 -3.31500705e-03 -5.77788069e-07
 -2.01733829e-03 -2.01733829e-03 -2.01733829e-03]
acl_u[acl_delta_k]: [1 1 1 1 1 1 1 1 1 1 1 1 1 1 1 1 1 1 1 1 1 1 1 1 1 1 1 1 1 1 1 1 1 1 1 1 1
 1 1 1 1 1 1 1 1 1 1 1 1 1 1 1 1 1 1 1 1 1 1 1 1 1 1 1 1 1 1 1 1 1 1 1 1 1
 1 1 1 1 1 1 1 1 1 1 1 1 1 1 1 1 1 1 1 1 1 1 1 1 1 1 1 1 1 1 1 1 1 1 1 1 1
 1 1 1 1 1 1 1 1 1 1 1 1 1 1 1 1 1 1 1 1 1 1 1 1 1 1 1 1 1 1 1 1 1 1 1 1 1
 1 1 1 1 1 1 1 1 1 1 1 1 1 1 1 1 1 1 1 1 1 1 1 1 1 1 1 1 1 1 1 1 1 1 1 1 0
 0 1 1 1 1 1 1 1 1 1 1 1 1 1 1 1 1 1 1 1 0 1 1 1 1 1 1 1 1 1 1 1 1 1]
num AC branches with possible violations in ACL contingencies: 0
num AC branches with possible violations in DCL contingencies: 0
num AC branches with possible violations in XFR contingencies: 0
t: 4, time: 0.15696334838867188, memory_info: {'rss bytes': 439808000, 'rss human': '419.4M', 'percent': 0.16275319812497402}
v_acl_k: [-1.19076484e-02 -1.01324350e-02 -2.66285766e-02 -4.40462154e-02
 -4.40462154e-02 -1.33108601e-02 -1.33108601e-02 -1.33108601e-02
 -1.33108601e-02 -1.33108601e-02 -9.79503691e-05 -8.79796089e-05
 -1.05566564e-07 -6.24707723e-04 -5.92369398e-04 -1.20131753e-03
 -1.20131753e-03 -6.62673058e-04 -6.62673058e-04 -5.66415672e-03
 -1.59399647e-03 -1.99011968e-03 -1.99011968e-03 -1.55357278e-06
 -9.49182051e-06 -1.95261444e-03 -5.76822010e-03 -2.02154676e-03
 -5.79438327e-04 -1.21037868e-04 -1.21037868e-04 -1.18254185e-04
 -8.83259549e-05 -3.44692308e-04 -3.44692308e-04 -1.37716621e-03
 -8.11384697e-03 -7.47757860e-03 -4.89363399e-05 -7.87415347e-05
 -1.48989723e-04 -4.15039023e-03 -9.56539556e-06 -8.21719903e-03
 -3.28630317e-03 -3.28630317e-03 -3.32613117e-03 -3.33608867e-03
 -3.11416883e-03 -3.19382641e-03 -3.17391082e-03 -7.06749151e-03
 -5.16266159e-04 -5.16266159e-04 -1.56120070e-04 -2.19791492e-03
 -2.19791492e-03 -3.97529980e-04 -1.59518524e-03 -9.02013035e-03
 -9.02013035e-03 -9.18623364e-04 -9.18623364e-04 -5.66155090e-06
 -5.93990270e-03 -5.93990270e-03 -6.65971414e-04 -3.95831724e-04
 -5.46494062e-04 -3.95831724e-04 -5.38360394e-03 -5.40351894e-03
 -5.31379581e-03 -5.31379581e-03 -6.60252008e-04 -2.12634011e-05
 -2.12634011e-05 -5.51547442e-03 -5.51547442e-03 -5.51547442e-03
 -4.95634850e-04 -4.25072678e-04 -4.25072678e-04 -4.25072678e-04
 -1.64490804e-04 -1.64490804e-04 -1.36113163e-04 -4.65910155e-03
 -4.65910155e-03 -4.65910155e-03 -3.16824599e-03 -3.16824599e-03
 -3.16824599e-03 -3.16824599e-03 -6.61124606e-03 -6.62084712e-03
 -4.37692556e-03 -4.47181522e-03 -1.99121128e-02 -1.29209151e-02
 -1.29209151e-02 -1.27240944e-02 -3.28662796e-03 -3.28662796e-03
 -9.58082112e-03 -9.58082112e-03 -1.29736265e-03 -1.91671053e-03
 -1.45562522e-02 -1.45761660e-02 -1.57590292e-03 -7.56768389e-03
 -1.35600000e-03 -1.35600000e-03 -1.99853629e-03 -5.20228777e-04
 -2.00078032e-05 -1.12621924e-05 -8.80975337e-03 -7.16254082e-03
 -7.09284001e-03 -8.98187850e-03 -3.32830031e-02 -3.35393938e-02
 -1.25048770e-06 -7.43476317e-03 -4.57045996e-06 -1.12177425e-02
 -9.69714795e-07 -4.72707654e-03 -4.72707654e-03 -2.58025452e-02
 -9.93160355e-06 -3.65148708e-03 -3.65148708e-03 -3.70127229e-03
 -3.60776350e-03 -3.60776350e-03 -4.64380736e-03 -4.64380736e-03
 -4.62908081e-03 -6.48743527e-03 -3.54797146e-03 -2.33715865e-02
 -1.77787352e-02 -6.96434029e-04 -6.96434029e-04 -1.08163857e-03
 -1.08163857e-03 -1.04249652e-04 -1.04249652e-04 -2.54901332e-05
 -3.06521065e-04 -3.06521065e-04 -3.06521065e-04 -7.84171009e-05
 -1.55076743e-03 -1.55076743e-03 -5.85800587e-04 -5.85800587e-04
 -5.85800587e-04 -8.09266148e-05 -4.78750305e-03 -4.78750305e-03
 -4.78750305e-03 -4.78750305e-03 -8.40794500e-02 -8.41114743e-02
 -9.03388126e-03 -4.84906962e-02 -6.96480518e-03 -2.30091413e-02
 -1.34449255e-02 -6.21917162e-03 -6.18963429e-03 -1.48935992e-03
 -2.10719454e-02 -2.10719454e-02 -2.99416575e-02 -2.58828026e-05
 -4.64397775e-03 -4.65524674e-03 -2.14822309e-02 -2.14722739e-02
 -2.18515921e-02 -1.33644853e-02 -1.33757527e-02 -1.33757527e-02
 -2.79351988e-02 -3.95274263e-03 -3.95274263e-03 -5.48991039e-03
 -9.66979817e-03 -9.97752193e-03 -2.42327862e-03 -2.40336369e-03
 -2.77452248e-02 -5.13927827e-05 -1.32155909e-04 -2.30823186e-04
 -1.58164097e-04 -6.04333370e-03 -3.18375167e-03 -3.66578082e-03
 -3.66578082e-03 -9.17565630e-03 -2.95850320e-03 -4.48100100e-03
 -4.48100100e-03 -4.48100100e-03 -9.06532049e-03 -8.97439085e-03
 -2.56008709e-03 -3.31500705e-03 -3.31500705e-03 -5.77788069e-07
 -2.01733829e-03 -2.01733829e-03 -2.01733829e-03]
acl_u[acl_delta_k]: [1 1 1 1 1 1 1 1 1 1 1 1 1 1 1 1 1 1 1 1 1 1 1 1 1 1 1 1 1 1 1 1 1 1 1 1 1
 1 1 1 1 1 1 1 1 1 1 1 1 1 1 1 1 1 1 1 1 1 1 1 1 1 1 1 1 1 1 1 1 1 1 1 1 1
 1 1 1 1 1 1 1 1 1 1 1 1 1 1 1 1 1 1 1 1 1 1 1 1 1 1 1 1 1 1 1 1 1 1 1 1 1
 1 1 1 1 1 1 1 1 1 1 1 1 1 1 1 1 1 1 1 1 1 1 1 1 1 1 1 1 1 1 1 1 1 1 1 1 1
 1 1 1 1 1 1 1 1 1 1 1 1 1 1 1 1 1 1 1 1 1 1 1 1 1 1 1 1 1 1 1 1 1 1 1 1 0
 0 1 1 1 1 1 1 1 1 1 1 1 1 1 1 1 1 1 1 1 0 1 1 1 1 1 1 1 1 1 1 1 1 1]
num AC branches with possible violations in ACL contingencies: 0
num AC branches with possible violations in DCL contingencies: 0
num AC branches with possible violations in XFR contingencies: 0
t: 5, time: 0.1563701629638672, memory_info: {'rss bytes': 439808000, 'rss human': '419.4M', 'percent': 0.16275319812497402}
v_acl_k: [-1.19076484e-02 -1.01324350e-02 -2.66285766e-02 -4.40462154e-02
 -4.40462154e-02 -1.33108601e-02 -1.33108601e-02 -1.33108601e-02
 -1.33108601e-02 -1.33108601e-02 -9.79503691e-05 -8.79796089e-05
 -1.05566564e-07 -6.24707723e-04 -5.92369398e-04 -1.20131753e-03
 -1.20131753e-03 -6.62673058e-04 -6.62673058e-04 -5.66415672e-03
 -1.59399647e-03 -1.99011968e-03 -1.99011968e-03 -1.55357278e-06
 -9.49182051e-06 -1.95261444e-03 -5.76822010e-03 -2.02154676e-03
 -5.79438327e-04 -1.21037868e-04 -1.21037868e-04 -1.18254185e-04
 -8.83259549e-05 -3.44692308e-04 -3.44692308e-04 -1.37716621e-03
 -8.11384697e-03 -7.47757860e-03 -4.89363399e-05 -7.87415347e-05
 -1.48989723e-04 -4.15039023e-03 -9.56539556e-06 -8.21719903e-03
 -3.28630317e-03 -3.28630317e-03 -3.32613117e-03 -3.33608867e-03
 -3.11416883e-03 -3.19382641e-03 -3.17391082e-03 -7.06749151e-03
 -5.16266159e-04 -5.16266159e-04 -1.56120070e-04 -2.19791492e-03
 -2.19791492e-03 -3.97529980e-04 -1.59518524e-03 -9.02013035e-03
 -9.02013035e-03 -9.18623364e-04 -9.18623364e-04 -5.66155090e-06
 -5.93990270e-03 -5.93990270e-03 -6.65971414e-04 -3.95831724e-04
 -5.46494062e-04 -3.95831724e-04 -5.38360394e-03 -5.40351894e-03
 -5.31379581e-03 -5.31379581e-03 -6.60252008e-04 -2.12634011e-05
 -2.12634011e-05 -5.51547442e-03 -5.51547442e-03 -5.51547442e-03
 -4.95634850e-04 -4.25072678e-04 -4.25072678e-04 -4.25072678e-04
 -1.64490804e-04 -1.64490804e-04 -1.36113163e-04 -4.65910155e-03
 -4.65910155e-03 -4.65910155e-03 -3.16824599e-03 -3.16824599e-03
 -3.16824599e-03 -3.16824599e-03 -6.61124606e-03 -6.62084712e-03
 -4.37692556e-03 -4.47181522e-03 -1.99121128e-02 -1.29209151e-02
 -1.29209151e-02 -1.27240944e-02 -3.28662796e-03 -3.28662796e-03
 -9.58082112e-03 -9.58082112e-03 -1.29736265e-03 -1.91671053e-03
 -1.45562522e-02 -1.45761660e-02 -1.57590292e-03 -7.56768389e-03
 -1.35600000e-03 -1.35600000e-03 -1.99853629e-03 -5.20228777e-04
 -2.00078032e-05 -1.12621924e-05 -8.80975337e-03 -7.16254082e-03
 -7.09284001e-03 -8.98187850e-03 -3.32830031e-02 -3.35393938e-02
 -1.25048770e-06 -7.43476317e-03 -4.57045996e-06 -1.12177425e-02
 -9.69714795e-07 -4.72707654e-03 -4.72707654e-03 -2.58025452e-02
 -9.93160355e-06 -3.65148708e-03 -3.65148708e-03 -3.70127229e-03
 -3.60776350e-03 -3.60776350e-03 -4.64380736e-03 -4.64380736e-03
 -4.62908081e-03 -6.48743527e-03 -3.54797146e-03 -2.33715865e-02
 -1.77787352e-02 -6.96434029e-04 -6.96434029e-04 -1.08163857e-03
 -1.08163857e-03 -1.04249652e-04 -1.04249652e-04 -2.54901332e-05
 -3.06521065e-04 -3.06521065e-04 -3.06521065e-04 -7.84171009e-05
 -1.55076743e-03 -1.55076743e-03 -5.85800587e-04 -5.85800587e-04
 -5.85800587e-04 -8.09266148e-05 -4.78750305e-03 -4.78750305e-03
 -4.78750305e-03 -4.78750305e-03 -8.40794500e-02 -8.41114743e-02
 -9.03388126e-03 -4.84906962e-02 -6.96480518e-03 -2.30091413e-02
 -1.34449255e-02 -6.21917162e-03 -6.18963429e-03 -1.48935992e-03
 -2.10719454e-02 -2.10719454e-02 -2.99416575e-02 -2.58828026e-05
 -4.64397775e-03 -4.65524674e-03 -2.14822309e-02 -2.14722739e-02
 -2.18515921e-02 -1.33644853e-02 -1.33757527e-02 -1.33757527e-02
 -2.79351988e-02 -3.95274263e-03 -3.95274263e-03 -5.48991039e-03
 -9.66979817e-03 -9.97752193e-03 -2.42327862e-03 -2.40336369e-03
 -2.77452248e-02 -5.13927827e-05 -1.32155909e-04 -2.30823186e-04
 -1.58164097e-04 -6.04333370e-03 -3.18375167e-03 -3.66578082e-03
 -3.66578082e-03 -9.17565630e-03 -2.95850320e-03 -4.48100100e-03
 -4.48100100e-03 -4.48100100e-03 -9.06532049e-03 -8.97439085e-03
 -2.56008709e-03 -3.31500705e-03 -3.31500705e-03 -5.77788069e-07
 -2.01733829e-03 -2.01733829e-03 -2.01733829e-03]
acl_u[acl_delta_k]: [1 1 1 1 1 1 1 1 1 1 1 1 1 1 1 1 1 1 1 1 1 1 1 1 1 1 1 1 1 1 1 1 1 1 1 1 1
 1 1 1 1 1 1 1 1 1 1 1 1 1 1 1 1 1 1 1 1 1 1 1 1 1 1 1 1 1 1 1 1 1 1 1 1 1
 1 1 1 1 1 1 1 1 1 1 1 1 1 1 1 1 1 1 1 1 1 1 1 1 1 1 1 1 1 1 1 1 1 1 1 1 1
 1 1 1 1 1 1 1 1 1 1 1 1 1 1 1 1 1 1 1 1 1 1 1 1 1 1 1 1 1 1 1 1 1 1 1 1 1
 1 1 1 1 1 1 1 1 1 1 1 1 1 1 1 1 1 1 1 1 1 1 1 1 1 1 1 1 1 1 1 1 1 1 1 1 0
 0 1 1 1 1 1 1 1 1 1 1 1 1 1 1 1 1 1 1 1 0 1 1 1 1 1 1 1 1 1 1 1 1 1]
num AC branches with possible violations in ACL contingencies: 0
num AC branches with possible violations in DCL contingencies: 0
num AC branches with possible violations in XFR contingencies: 0
t: 6, time: 0.16071414947509766, memory_info: {'rss bytes': 439808000, 'rss human': '419.4M', 'percent': 0.16275319812497402}
v_acl_k: [-1.19076484e-02 -1.01324350e-02 -2.66285766e-02 -4.40462154e-02
 -4.40462154e-02 -1.33108601e-02 -1.33108601e-02 -1.33108601e-02
 -1.33108601e-02 -1.33108601e-02 -9.79503691e-05 -8.79796089e-05
 -1.05566564e-07 -6.24707723e-04 -5.92369398e-04 -1.20131753e-03
 -1.20131753e-03 -6.62673058e-04 -6.62673058e-04 -5.66415672e-03
 -1.59399647e-03 -1.99011968e-03 -1.99011968e-03 -1.55357278e-06
 -9.49182051e-06 -1.95261444e-03 -5.76822010e-03 -2.02154676e-03
 -5.79438327e-04 -1.21037868e-04 -1.21037868e-04 -1.18254185e-04
 -8.83259549e-05 -3.44692308e-04 -3.44692308e-04 -1.37716621e-03
 -8.11384697e-03 -7.47757860e-03 -4.89363399e-05 -7.87415347e-05
 -1.48989723e-04 -4.15039023e-03 -9.56539556e-06 -8.21719903e-03
 -3.28630317e-03 -3.28630317e-03 -3.32613117e-03 -3.33608867e-03
 -3.11416883e-03 -3.19382641e-03 -3.17391082e-03 -7.06749151e-03
 -5.16266159e-04 -5.16266159e-04 -1.56120070e-04 -2.19791492e-03
 -2.19791492e-03 -3.97529980e-04 -1.59518524e-03 -9.02013035e-03
 -9.02013035e-03 -9.18623364e-04 -9.18623364e-04 -5.66155090e-06
 -5.93990270e-03 -5.93990270e-03 -6.65971414e-04 -3.95831724e-04
 -5.46494062e-04 -3.95831724e-04 -5.38360394e-03 -5.40351894e-03
 -5.31379581e-03 -5.31379581e-03 -6.60252008e-04 -2.12634011e-05
 -2.12634011e-05 -5.51547442e-03 -5.51547442e-03 -5.51547442e-03
 -4.95634850e-04 -4.25072678e-04 -4.25072678e-04 -4.25072678e-04
 -1.64490804e-04 -1.64490804e-04 -1.36113163e-04 -4.65910155e-03
 -4.65910155e-03 -4.65910155e-03 -3.16824599e-03 -3.16824599e-03
 -3.16824599e-03 -3.16824599e-03 -6.61124606e-03 -6.62084712e-03
 -4.37692556e-03 -4.47181522e-03 -1.99121128e-02 -1.29209151e-02
 -1.29209151e-02 -1.27240944e-02 -3.28662796e-03 -3.28662796e-03
 -9.58082112e-03 -9.58082112e-03 -1.29736265e-03 -1.91671053e-03
 -1.45562522e-02 -1.45761660e-02 -1.57590292e-03 -7.56768389e-03
 -1.35600000e-03 -1.35600000e-03 -1.99853629e-03 -5.20228777e-04
 -2.00078032e-05 -1.12621924e-05 -8.80975337e-03 -7.16254082e-03
 -7.09284001e-03 -8.98187850e-03 -3.32830031e-02 -3.35393938e-02
 -1.25048770e-06 -7.43476317e-03 -4.57045996e-06 -1.12177425e-02
 -9.69714795e-07 -4.72707654e-03 -4.72707654e-03 -2.58025452e-02
 -9.93160355e-06 -3.65148708e-03 -3.65148708e-03 -3.70127229e-03
 -3.60776350e-03 -3.60776350e-03 -4.64380736e-03 -4.64380736e-03
 -4.62908081e-03 -6.48743527e-03 -3.54797146e-03 -2.33715865e-02
 -1.77787352e-02 -6.96434029e-04 -6.96434029e-04 -1.08163857e-03
 -1.08163857e-03 -1.04249652e-04 -1.04249652e-04 -2.54901332e-05
 -3.06521065e-04 -3.06521065e-04 -3.06521065e-04 -7.84171009e-05
 -1.55076743e-03 -1.55076743e-03 -5.85800587e-04 -5.85800587e-04
 -5.85800587e-04 -8.09266148e-05 -4.78750305e-03 -4.78750305e-03
 -4.78750305e-03 -4.78750305e-03 -8.40794500e-02 -8.41114743e-02
 -9.03388126e-03 -4.84906962e-02 -6.96480518e-03 -2.30091413e-02
 -1.34449255e-02 -6.21917162e-03 -6.18963429e-03 -1.48935992e-03
 -2.10719454e-02 -2.10719454e-02 -2.99416575e-02 -2.58828026e-05
 -4.64397775e-03 -4.65524674e-03 -2.14822309e-02 -2.14722739e-02
 -2.18515921e-02 -1.33644853e-02 -1.33757527e-02 -1.33757527e-02
 -2.79351988e-02 -3.95274263e-03 -3.95274263e-03 -5.48991039e-03
 -9.66979817e-03 -9.97752193e-03 -2.42327862e-03 -2.40336369e-03
 -2.77452248e-02 -5.13927827e-05 -1.32155909e-04 -2.30823186e-04
 -1.58164097e-04 -6.04333370e-03 -3.18375167e-03 -3.66578082e-03
 -3.66578082e-03 -9.17565630e-03 -2.95850320e-03 -4.48100100e-03
 -4.48100100e-03 -4.48100100e-03 -9.06532049e-03 -8.97439085e-03
 -2.56008709e-03 -3.31500705e-03 -3.31500705e-03 -5.77788069e-07
 -2.01733829e-03 -2.01733829e-03 -2.01733829e-03]
acl_u[acl_delta_k]: [1 1 1 1 1 1 1 1 1 1 1 1 1 1 1 1 1 1 1 1 1 1 1 1 1 1 1 1 1 1 1 1 1 1 1 1 1
 1 1 1 1 1 1 1 1 1 1 1 1 1 1 1 1 1 1 1 1 1 1 1 1 1 1 1 1 1 1 1 1 1 1 1 1 1
 1 1 1 1 1 1 1 1 1 1 1 1 1 1 1 1 1 1 1 1 1 1 1 1 1 1 1 1 1 1 1 1 1 1 1 1 1
 1 1 1 1 1 1 1 1 1 1 1 1 1 1 1 1 1 1 1 1 1 1 1 1 1 1 1 1 1 1 1 1 1 1 1 1 1
 1 1 1 1 1 1 1 1 1 1 1 1 1 1 1 1 1 1 1 1 1 1 1 1 1 1 1 1 1 1 1 1 1 1 1 1 0
 0 1 1 1 1 1 1 1 1 1 1 1 1 1 1 1 1 1 1 1 0 1 1 1 1 1 1 1 1 1 1 1 1 1]
num AC branches with possible violations in ACL contingencies: 0
num AC branches with possible violations in DCL contingencies: 0
num AC branches with possible violations in XFR contingencies: 0
t: 7, time: 0.16774344444274902, memory_info: {'rss bytes': 439808000, 'rss human': '419.4M', 'percent': 0.16275319812497402}
v_acl_k: [-1.19076484e-02 -1.01324350e-02 -2.66285766e-02 -4.40462154e-02
 -4.40462154e-02 -1.33108601e-02 -1.33108601e-02 -1.33108601e-02
 -1.33108601e-02 -1.33108601e-02 -9.79503691e-05 -8.79796089e-05
 -1.05566564e-07 -6.24707723e-04 -5.92369398e-04 -1.20131753e-03
 -1.20131753e-03 -6.62673058e-04 -6.62673058e-04 -5.66415672e-03
 -1.59399647e-03 -1.99011968e-03 -1.99011968e-03 -1.55357278e-06
 -9.49182051e-06 -1.95261444e-03 -5.76822010e-03 -2.02154676e-03
 -5.79438327e-04 -1.21037868e-04 -1.21037868e-04 -1.18254185e-04
 -8.83259549e-05 -3.44692308e-04 -3.44692308e-04 -1.37716621e-03
 -8.11384697e-03 -7.47757860e-03 -4.89363399e-05 -7.87415347e-05
 -1.48989723e-04 -4.15039023e-03 -9.56539556e-06 -8.21719903e-03
 -3.28630317e-03 -3.28630317e-03 -3.32613117e-03 -3.33608867e-03
 -3.11416883e-03 -3.19382641e-03 -3.17391082e-03 -7.06749151e-03
 -5.16266159e-04 -5.16266159e-04 -1.56120070e-04 -2.19791492e-03
 -2.19791492e-03 -3.97529980e-04 -1.59518524e-03 -9.02013035e-03
 -9.02013035e-03 -9.18623364e-04 -9.18623364e-04 -5.66155090e-06
 -5.93990270e-03 -5.93990270e-03 -6.65971414e-04 -3.95831724e-04
 -5.46494062e-04 -3.95831724e-04 -5.38360394e-03 -5.40351894e-03
 -5.31379581e-03 -5.31379581e-03 -6.60252008e-04 -2.12634011e-05
 -2.12634011e-05 -5.51547442e-03 -5.51547442e-03 -5.51547442e-03
 -4.95634850e-04 -4.25072678e-04 -4.25072678e-04 -4.25072678e-04
 -1.64490804e-04 -1.64490804e-04 -1.36113163e-04 -4.65910155e-03
 -4.65910155e-03 -4.65910155e-03 -3.16824599e-03 -3.16824599e-03
 -3.16824599e-03 -3.16824599e-03 -6.61124606e-03 -6.62084712e-03
 -4.37692556e-03 -4.47181522e-03 -1.99121128e-02 -1.29209151e-02
 -1.29209151e-02 -1.27240944e-02 -3.28662796e-03 -3.28662796e-03
 -9.58082112e-03 -9.58082112e-03 -1.29736265e-03 -1.91671053e-03
 -1.45562522e-02 -1.45761660e-02 -1.57590292e-03 -7.56768389e-03
 -1.35600000e-03 -1.35600000e-03 -1.99853629e-03 -5.20228777e-04
 -2.00078032e-05 -1.12621924e-05 -8.80975337e-03 -7.16254082e-03
 -7.09284001e-03 -8.98187850e-03 -3.32830031e-02 -3.35393938e-02
 -1.25048770e-06 -7.43476317e-03 -4.57045996e-06 -1.12177425e-02
 -9.69714795e-07 -4.72707654e-03 -4.72707654e-03 -2.58025452e-02
 -9.93160355e-06 -3.65148708e-03 -3.65148708e-03 -3.70127229e-03
 -3.60776350e-03 -3.60776350e-03 -4.64380736e-03 -4.64380736e-03
 -4.62908081e-03 -6.48743527e-03 -3.54797146e-03 -2.33715865e-02
 -1.77787352e-02 -6.96434029e-04 -6.96434029e-04 -1.08163857e-03
 -1.08163857e-03 -1.04249652e-04 -1.04249652e-04 -2.54901332e-05
 -3.06521065e-04 -3.06521065e-04 -3.06521065e-04 -7.84171009e-05
 -1.55076743e-03 -1.55076743e-03 -5.85800587e-04 -5.85800587e-04
 -5.85800587e-04 -8.09266148e-05 -4.78750305e-03 -4.78750305e-03
 -4.78750305e-03 -4.78750305e-03 -8.40794500e-02 -8.41114743e-02
 -9.03388126e-03 -4.84906962e-02 -6.96480518e-03 -2.30091413e-02
 -1.34449255e-02 -6.21917162e-03 -6.18963429e-03 -1.48935992e-03
 -2.10719454e-02 -2.10719454e-02 -2.99416575e-02 -2.58828026e-05
 -4.64397775e-03 -4.65524674e-03 -2.14822309e-02 -2.14722739e-02
 -2.18515921e-02 -1.33644853e-02 -1.33757527e-02 -1.33757527e-02
 -2.79351988e-02 -3.95274263e-03 -3.95274263e-03 -5.48991039e-03
 -9.66979817e-03 -9.97752193e-03 -2.42327862e-03 -2.40336369e-03
 -2.77452248e-02 -5.13927827e-05 -1.32155909e-04 -2.30823186e-04
 -1.58164097e-04 -6.04333370e-03 -3.18375167e-03 -3.66578082e-03
 -3.66578082e-03 -9.17565630e-03 -2.95850320e-03 -4.48100100e-03
 -4.48100100e-03 -4.48100100e-03 -9.06532049e-03 -8.97439085e-03
 -2.56008709e-03 -3.31500705e-03 -3.31500705e-03 -5.77788069e-07
 -2.01733829e-03 -2.01733829e-03 -2.01733829e-03]
acl_u[acl_delta_k]: [1 1 1 1 1 1 1 1 1 1 1 1 1 1 1 1 1 1 1 1 1 1 1 1 1 1 1 1 1 1 1 1 1 1 1 1 1
 1 1 1 1 1 1 1 1 1 1 1 1 1 1 1 1 1 1 1 1 1 1 1 1 1 1 1 1 1 1 1 1 1 1 1 1 1
 1 1 1 1 1 1 1 1 1 1 1 1 1 1 1 1 1 1 1 1 1 1 1 1 1 1 1 1 1 1 1 1 1 1 1 1 1
 1 1 1 1 1 1 1 1 1 1 1 1 1 1 1 1 1 1 1 1 1 1 1 1 1 1 1 1 1 1 1 1 1 1 1 1 1
 1 1 1 1 1 1 1 1 1 1 1 1 1 1 1 1 1 1 1 1 1 1 1 1 1 1 1 1 1 1 1 1 1 1 1 1 0
 0 1 1 1 1 1 1 1 1 1 1 1 1 1 1 1 1 1 1 1 0 1 1 1 1 1 1 1 1 1 1 1 1 1]
num AC branches with possible violations in ACL contingencies: 0
num AC branches with possible violations in DCL contingencies: 0
num AC branches with possible violations in XFR contingencies: 0
t: 8, time: 0.16162562370300293, memory_info: {'rss bytes': 439808000, 'rss human': '419.4M', 'percent': 0.16275319812497402}
v_acl_k: [-1.19076484e-02 -1.01324350e-02 -2.66285766e-02 -4.40462154e-02
 -4.40462154e-02 -1.33108601e-02 -1.33108601e-02 -1.33108601e-02
 -1.33108601e-02 -1.33108601e-02 -9.79503691e-05 -8.79796089e-05
 -1.05566564e-07 -6.24707723e-04 -5.92369398e-04 -1.20131753e-03
 -1.20131753e-03 -6.62673058e-04 -6.62673058e-04 -5.66415672e-03
 -1.59399647e-03 -1.99011968e-03 -1.99011968e-03 -1.55357278e-06
 -9.49182051e-06 -1.95261444e-03 -5.76822010e-03 -2.02154676e-03
 -5.79438327e-04 -1.21037868e-04 -1.21037868e-04 -1.18254185e-04
 -8.83259549e-05 -3.44692308e-04 -3.44692308e-04 -1.37716621e-03
 -8.11384697e-03 -7.47757860e-03 -4.89363399e-05 -7.87415347e-05
 -1.48989723e-04 -4.15039023e-03 -9.56539556e-06 -8.21719903e-03
 -3.28630317e-03 -3.28630317e-03 -3.32613117e-03 -3.33608867e-03
 -3.11416883e-03 -3.19382641e-03 -3.17391082e-03 -7.06749151e-03
 -5.16266159e-04 -5.16266159e-04 -1.56120070e-04 -2.19791492e-03
 -2.19791492e-03 -3.97529980e-04 -1.59518524e-03 -9.02013035e-03
 -9.02013035e-03 -9.18623364e-04 -9.18623364e-04 -5.66155090e-06
 -5.93990270e-03 -5.93990270e-03 -6.65971414e-04 -3.95831724e-04
 -5.46494062e-04 -3.95831724e-04 -5.38360394e-03 -5.40351894e-03
 -5.31379581e-03 -5.31379581e-03 -6.60252008e-04 -2.12634011e-05
 -2.12634011e-05 -5.51547442e-03 -5.51547442e-03 -5.51547442e-03
 -4.95634850e-04 -4.25072678e-04 -4.25072678e-04 -4.25072678e-04
 -1.64490804e-04 -1.64490804e-04 -1.36113163e-04 -4.65910155e-03
 -4.65910155e-03 -4.65910155e-03 -3.16824599e-03 -3.16824599e-03
 -3.16824599e-03 -3.16824599e-03 -6.61124606e-03 -6.62084712e-03
 -4.37692556e-03 -4.47181522e-03 -1.99121128e-02 -1.29209151e-02
 -1.29209151e-02 -1.27240944e-02 -3.28662796e-03 -3.28662796e-03
 -9.58082112e-03 -9.58082112e-03 -1.29736265e-03 -1.91671053e-03
 -1.45562522e-02 -1.45761660e-02 -1.57590292e-03 -7.56768389e-03
 -1.35600000e-03 -1.35600000e-03 -1.99853629e-03 -5.20228777e-04
 -2.00078032e-05 -1.12621924e-05 -8.80975337e-03 -7.16254082e-03
 -7.09284001e-03 -8.98187850e-03 -3.32830031e-02 -3.35393938e-02
 -1.25048770e-06 -7.43476317e-03 -4.57045996e-06 -1.12177425e-02
 -9.69714795e-07 -4.72707654e-03 -4.72707654e-03 -2.58025452e-02
 -9.93160355e-06 -3.65148708e-03 -3.65148708e-03 -3.70127229e-03
 -3.60776350e-03 -3.60776350e-03 -4.64380736e-03 -4.64380736e-03
 -4.62908081e-03 -6.48743527e-03 -3.54797146e-03 -2.33715865e-02
 -1.77787352e-02 -6.96434029e-04 -6.96434029e-04 -1.08163857e-03
 -1.08163857e-03 -1.04249652e-04 -1.04249652e-04 -2.54901332e-05
 -3.06521065e-04 -3.06521065e-04 -3.06521065e-04 -7.84171009e-05
 -1.55076743e-03 -1.55076743e-03 -5.85800587e-04 -5.85800587e-04
 -5.85800587e-04 -8.09266148e-05 -4.78750305e-03 -4.78750305e-03
 -4.78750305e-03 -4.78750305e-03 -8.40794500e-02 -8.41114743e-02
 -9.03388126e-03 -4.84906962e-02 -6.96480518e-03 -2.30091413e-02
 -1.34449255e-02 -6.21917162e-03 -6.18963429e-03 -1.48935992e-03
 -2.10719454e-02 -2.10719454e-02 -2.99416575e-02 -2.58828026e-05
 -4.64397775e-03 -4.65524674e-03 -2.14822309e-02 -2.14722739e-02
 -2.18515921e-02 -1.33644853e-02 -1.33757527e-02 -1.33757527e-02
 -2.79351988e-02 -3.95274263e-03 -3.95274263e-03 -5.48991039e-03
 -9.66979817e-03 -9.97752193e-03 -2.42327862e-03 -2.40336369e-03
 -2.77452248e-02 -5.13927827e-05 -1.32155909e-04 -2.30823186e-04
 -1.58164097e-04 -6.04333370e-03 -3.18375167e-03 -3.66578082e-03
 -3.66578082e-03 -9.17565630e-03 -2.95850320e-03 -4.48100100e-03
 -4.48100100e-03 -4.48100100e-03 -9.06532049e-03 -8.97439085e-03
 -2.56008709e-03 -3.31500705e-03 -3.31500705e-03 -5.77788069e-07
 -2.01733829e-03 -2.01733829e-03 -2.01733829e-03]
acl_u[acl_delta_k]: [1 1 1 1 1 1 1 1 1 1 1 1 1 1 1 1 1 1 1 1 1 1 1 1 1 1 1 1 1 1 1 1 1 1 1 1 1
 1 1 1 1 1 1 1 1 1 1 1 1 1 1 1 1 1 1 1 1 1 1 1 1 1 1 1 1 1 1 1 1 1 1 1 1 1
 1 1 1 1 1 1 1 1 1 1 1 1 1 1 1 1 1 1 1 1 1 1 1 1 1 1 1 1 1 1 1 1 1 1 1 1 1
 1 1 1 1 1 1 1 1 1 1 1 1 1 1 1 1 1 1 1 1 1 1 1 1 1 1 1 1 1 1 1 1 1 1 1 1 1
 1 1 1 1 1 1 1 1 1 1 1 1 1 1 1 1 1 1 1 1 1 1 1 1 1 1 1 1 1 1 1 1 1 1 1 1 0
 0 1 1 1 1 1 1 1 1 1 1 1 1 1 1 1 1 1 1 1 0 1 1 1 1 1 1 1 1 1 1 1 1 1]
num AC branches with possible violations in ACL contingencies: 0
num AC branches with possible violations in DCL contingencies: 0
num AC branches with possible violations in XFR contingencies: 0
t: 9, time: 0.1488795280456543, memory_info: {'rss bytes': 439808000, 'rss human': '419.4M', 'percent': 0.16275319812497402}
v_acl_k: [-1.19076484e-02 -1.01324350e-02 -2.66285766e-02 -4.40462154e-02
 -4.40462154e-02 -1.33108601e-02 -1.33108601e-02 -1.33108601e-02
 -1.33108601e-02 -1.33108601e-02 -9.79503691e-05 -8.79796089e-05
 -1.05566564e-07 -6.24707723e-04 -5.92369398e-04 -1.20131753e-03
 -1.20131753e-03 -6.62673058e-04 -6.62673058e-04 -5.66415672e-03
 -1.59399647e-03 -1.99011968e-03 -1.99011968e-03 -1.55357278e-06
 -9.49182051e-06 -1.95261444e-03 -5.76822010e-03 -2.02154676e-03
 -5.79438327e-04 -1.21037868e-04 -1.21037868e-04 -1.18254185e-04
 -8.83259549e-05 -3.44692308e-04 -3.44692308e-04 -1.37716621e-03
 -8.11384697e-03 -7.47757860e-03 -4.89363399e-05 -7.87415347e-05
 -1.48989723e-04 -4.15039023e-03 -9.56539556e-06 -8.21719903e-03
 -3.28630317e-03 -3.28630317e-03 -3.32613117e-03 -3.33608867e-03
 -3.11416883e-03 -3.19382641e-03 -3.17391082e-03 -7.06749151e-03
 -5.16266159e-04 -5.16266159e-04 -1.56120070e-04 -2.19791492e-03
 -2.19791492e-03 -3.97529980e-04 -1.59518524e-03 -9.02013035e-03
 -9.02013035e-03 -9.18623364e-04 -9.18623364e-04 -5.66155090e-06
 -5.93990270e-03 -5.93990270e-03 -6.65971414e-04 -3.95831724e-04
 -5.46494062e-04 -3.95831724e-04 -5.38360394e-03 -5.40351894e-03
 -5.31379581e-03 -5.31379581e-03 -6.60252008e-04 -2.12634011e-05
 -2.12634011e-05 -5.51547442e-03 -5.51547442e-03 -5.51547442e-03
 -4.95634850e-04 -4.25072678e-04 -4.25072678e-04 -4.25072678e-04
 -1.64490804e-04 -1.64490804e-04 -1.36113163e-04 -4.65910155e-03
 -4.65910155e-03 -4.65910155e-03 -3.16824599e-03 -3.16824599e-03
 -3.16824599e-03 -3.16824599e-03 -6.61124606e-03 -6.62084712e-03
 -4.37692556e-03 -4.47181522e-03 -1.99121128e-02 -1.29209151e-02
 -1.29209151e-02 -1.27240944e-02 -3.28662796e-03 -3.28662796e-03
 -9.58082112e-03 -9.58082112e-03 -1.29736265e-03 -1.91671053e-03
 -1.45562522e-02 -1.45761660e-02 -1.57590292e-03 -7.56768389e-03
 -1.35600000e-03 -1.35600000e-03 -1.99853629e-03 -5.20228777e-04
 -2.00078032e-05 -1.12621924e-05 -8.80975337e-03 -7.16254082e-03
 -7.09284001e-03 -8.98187850e-03 -3.32830031e-02 -3.35393938e-02
 -1.25048770e-06 -7.43476317e-03 -4.57045996e-06 -1.12177425e-02
 -9.69714795e-07 -4.72707654e-03 -4.72707654e-03 -2.58025452e-02
 -9.93160355e-06 -3.65148708e-03 -3.65148708e-03 -3.70127229e-03
 -3.60776350e-03 -3.60776350e-03 -4.64380736e-03 -4.64380736e-03
 -4.62908081e-03 -6.48743527e-03 -3.54797146e-03 -2.33715865e-02
 -1.77787352e-02 -6.96434029e-04 -6.96434029e-04 -1.08163857e-03
 -1.08163857e-03 -1.04249652e-04 -1.04249652e-04 -2.54901332e-05
 -3.06521065e-04 -3.06521065e-04 -3.06521065e-04 -7.84171009e-05
 -1.55076743e-03 -1.55076743e-03 -5.85800587e-04 -5.85800587e-04
 -5.85800587e-04 -8.09266148e-05 -4.78750305e-03 -4.78750305e-03
 -4.78750305e-03 -4.78750305e-03 -8.40794500e-02 -8.41114743e-02
 -9.03388126e-03 -4.84906962e-02 -6.96480518e-03 -2.30091413e-02
 -1.34449255e-02 -6.21917162e-03 -6.18963429e-03 -1.48935992e-03
 -2.10719454e-02 -2.10719454e-02 -2.99416575e-02 -2.58828026e-05
 -4.64397775e-03 -4.65524674e-03 -2.14822309e-02 -2.14722739e-02
 -2.18515921e-02 -1.33644853e-02 -1.33757527e-02 -1.33757527e-02
 -2.79351988e-02 -3.95274263e-03 -3.95274263e-03 -5.48991039e-03
 -9.66979817e-03 -9.97752193e-03 -2.42327862e-03 -2.40336369e-03
 -2.77452248e-02 -5.13927827e-05 -1.32155909e-04 -2.30823186e-04
 -1.58164097e-04 -6.04333370e-03 -3.18375167e-03 -3.66578082e-03
 -3.66578082e-03 -9.17565630e-03 -2.95850320e-03 -4.48100100e-03
 -4.48100100e-03 -4.48100100e-03 -9.06532049e-03 -8.97439085e-03
 -2.56008709e-03 -3.31500705e-03 -3.31500705e-03 -5.77788069e-07
 -2.01733829e-03 -2.01733829e-03 -2.01733829e-03]
acl_u[acl_delta_k]: [1 1 1 1 1 1 1 1 1 1 1 1 1 1 1 1 1 1 1 1 1 1 1 1 1 1 1 1 1 1 1 1 1 1 1 1 1
 1 1 1 1 1 1 1 1 1 1 1 1 1 1 1 1 1 1 1 1 1 1 1 1 1 1 1 1 1 1 1 1 1 1 1 1 1
 1 1 1 1 1 1 1 1 1 1 1 1 1 1 1 1 1 1 1 1 1 1 1 1 1 1 1 1 1 1 1 1 1 1 1 1 1
 1 1 1 1 1 1 1 1 1 1 1 1 1 1 1 1 1 1 1 1 1 1 1 1 1 1 1 1 1 1 1 1 1 1 1 1 1
 1 1 1 1 1 1 1 1 1 1 1 1 1 1 1 1 1 1 1 1 1 1 1 1 1 1 1 1 1 1 1 1 1 1 1 1 0
 0 1 1 1 1 1 1 1 1 1 1 1 1 1 1 1 1 1 1 1 0 1 1 1 1 1 1 1 1 1 1 1 1 1]
num AC branches with possible violations in ACL contingencies: 0
num AC branches with possible violations in DCL contingencies: 0
num AC branches with possible violations in XFR contingencies: 0
t: 10, time: 0.15050888061523438, memory_info: {'rss bytes': 439808000, 'rss human': '419.4M', 'percent': 0.16275319812497402}
v_acl_k: [-1.19076484e-02 -1.01324350e-02 -2.66285766e-02 -4.40462154e-02
 -4.40462154e-02 -1.33108601e-02 -1.33108601e-02 -1.33108601e-02
 -1.33108601e-02 -1.33108601e-02 -9.79503691e-05 -8.79796089e-05
 -1.05566564e-07 -6.24707723e-04 -5.92369398e-04 -1.20131753e-03
 -1.20131753e-03 -6.62673058e-04 -6.62673058e-04 -5.66415672e-03
 -1.59399647e-03 -1.99011968e-03 -1.99011968e-03 -1.55357278e-06
 -9.49182051e-06 -1.95261444e-03 -5.76822010e-03 -2.02154676e-03
 -5.79438327e-04 -1.21037868e-04 -1.21037868e-04 -1.18254185e-04
 -8.83259549e-05 -3.44692308e-04 -3.44692308e-04 -1.37716621e-03
 -8.11384697e-03 -7.47757860e-03 -4.89363399e-05 -7.87415347e-05
 -1.48989723e-04 -4.15039023e-03 -9.56539556e-06 -8.21719903e-03
 -3.28630317e-03 -3.28630317e-03 -3.32613117e-03 -3.33608867e-03
 -3.11416883e-03 -3.19382641e-03 -3.17391082e-03 -7.06749151e-03
 -5.16266159e-04 -5.16266159e-04 -1.56120070e-04 -2.19791492e-03
 -2.19791492e-03 -3.97529980e-04 -1.59518524e-03 -9.02013035e-03
 -9.02013035e-03 -9.18623364e-04 -9.18623364e-04 -5.66155090e-06
 -5.93990270e-03 -5.93990270e-03 -6.65971414e-04 -3.95831724e-04
 -5.46494062e-04 -3.95831724e-04 -5.38360394e-03 -5.40351894e-03
 -5.31379581e-03 -5.31379581e-03 -6.60252008e-04 -2.12634011e-05
 -2.12634011e-05 -5.51547442e-03 -5.51547442e-03 -5.51547442e-03
 -4.95634850e-04 -4.25072678e-04 -4.25072678e-04 -4.25072678e-04
 -1.64490804e-04 -1.64490804e-04 -1.36113163e-04 -4.65910155e-03
 -4.65910155e-03 -4.65910155e-03 -3.16824599e-03 -3.16824599e-03
 -3.16824599e-03 -3.16824599e-03 -6.61124606e-03 -6.62084712e-03
 -4.37692556e-03 -4.47181522e-03 -1.99121128e-02 -1.29209151e-02
 -1.29209151e-02 -1.27240944e-02 -3.28662796e-03 -3.28662796e-03
 -9.58082112e-03 -9.58082112e-03 -1.29736265e-03 -1.91671053e-03
 -1.45562522e-02 -1.45761660e-02 -1.57590292e-03 -7.56768389e-03
 -1.35600000e-03 -1.35600000e-03 -1.99853629e-03 -5.20228777e-04
 -2.00078032e-05 -1.12621924e-05 -8.80975337e-03 -7.16254082e-03
 -7.09284001e-03 -8.98187850e-03 -3.32830031e-02 -3.35393938e-02
 -1.25048770e-06 -7.43476317e-03 -4.57045996e-06 -1.12177425e-02
 -9.69714795e-07 -4.72707654e-03 -4.72707654e-03 -2.58025452e-02
 -9.93160355e-06 -3.65148708e-03 -3.65148708e-03 -3.70127229e-03
 -3.60776350e-03 -3.60776350e-03 -4.64380736e-03 -4.64380736e-03
 -4.62908081e-03 -6.48743527e-03 -3.54797146e-03 -2.33715865e-02
 -1.77787352e-02 -6.96434029e-04 -6.96434029e-04 -1.08163857e-03
 -1.08163857e-03 -1.04249652e-04 -1.04249652e-04 -2.54901332e-05
 -3.06521065e-04 -3.06521065e-04 -3.06521065e-04 -7.84171009e-05
 -1.55076743e-03 -1.55076743e-03 -5.85800587e-04 -5.85800587e-04
 -5.85800587e-04 -8.09266148e-05 -4.78750305e-03 -4.78750305e-03
 -4.78750305e-03 -4.78750305e-03 -8.40794500e-02 -8.41114743e-02
 -9.03388126e-03 -4.84906962e-02 -6.96480518e-03 -2.30091413e-02
 -1.34449255e-02 -6.21917162e-03 -6.18963429e-03 -1.48935992e-03
 -2.10719454e-02 -2.10719454e-02 -2.99416575e-02 -2.58828026e-05
 -4.64397775e-03 -4.65524674e-03 -2.14822309e-02 -2.14722739e-02
 -2.18515921e-02 -1.33644853e-02 -1.33757527e-02 -1.33757527e-02
 -2.79351988e-02 -3.95274263e-03 -3.95274263e-03 -5.48991039e-03
 -9.66979817e-03 -9.97752193e-03 -2.42327862e-03 -2.40336369e-03
 -2.77452248e-02 -5.13927827e-05 -1.32155909e-04 -2.30823186e-04
 -1.58164097e-04 -6.04333370e-03 -3.18375167e-03 -3.66578082e-03
 -3.66578082e-03 -9.17565630e-03 -2.95850320e-03 -4.48100100e-03
 -4.48100100e-03 -4.48100100e-03 -9.06532049e-03 -8.97439085e-03
 -2.56008709e-03 -3.31500705e-03 -3.31500705e-03 -5.77788069e-07
 -2.01733829e-03 -2.01733829e-03 -2.01733829e-03]
acl_u[acl_delta_k]: [1 1 1 1 1 1 1 1 1 1 1 1 1 1 1 1 1 1 1 1 1 1 1 1 1 1 1 1 1 1 1 1 1 1 1 1 1
 1 1 1 1 1 1 1 1 1 1 1 1 1 1 1 1 1 1 1 1 1 1 1 1 1 1 1 1 1 1 1 1 1 1 1 1 1
 1 1 1 1 1 1 1 1 1 1 1 1 1 1 1 1 1 1 1 1 1 1 1 1 1 1 1 1 1 1 1 1 1 1 1 1 1
 1 1 1 1 1 1 1 1 1 1 1 1 1 1 1 1 1 1 1 1 1 1 1 1 1 1 1 1 1 1 1 1 1 1 1 1 1
 1 1 1 1 1 1 1 1 1 1 1 1 1 1 1 1 1 1 1 1 1 1 1 1 1 1 1 1 1 1 1 1 1 1 1 1 0
 0 1 1 1 1 1 1 1 1 1 1 1 1 1 1 1 1 1 1 1 0 1 1 1 1 1 1 1 1 1 1 1 1 1]
num AC branches with possible violations in ACL contingencies: 0
num AC branches with possible violations in DCL contingencies: 0
num AC branches with possible violations in XFR contingencies: 0
t: 11, time: 0.1458275318145752, memory_info: {'rss bytes': 439808000, 'rss human': '419.4M', 'percent': 0.16275319812497402}
v_acl_k: [-1.19076484e-02 -1.01324350e-02 -2.66285766e-02 -4.40462154e-02
 -4.40462154e-02 -1.33108601e-02 -1.33108601e-02 -1.33108601e-02
 -1.33108601e-02 -1.33108601e-02 -9.79503691e-05 -8.79796089e-05
 -1.05566564e-07 -6.24707723e-04 -5.92369398e-04 -1.20131753e-03
 -1.20131753e-03 -6.62673058e-04 -6.62673058e-04 -5.66415672e-03
 -1.59399647e-03 -1.99011968e-03 -1.99011968e-03 -1.55357278e-06
 -9.49182051e-06 -1.95261444e-03 -5.76822010e-03 -2.02154676e-03
 -5.79438327e-04 -1.21037868e-04 -1.21037868e-04 -1.18254185e-04
 -8.83259549e-05 -3.44692308e-04 -3.44692308e-04 -1.37716621e-03
 -8.11384697e-03 -7.47757860e-03 -4.89363399e-05 -7.87415347e-05
 -1.48989723e-04 -4.15039023e-03 -9.56539556e-06 -8.21719903e-03
 -3.28630317e-03 -3.28630317e-03 -3.32613117e-03 -3.33608867e-03
 -3.11416883e-03 -3.19382641e-03 -3.17391082e-03 -7.06749151e-03
 -5.16266159e-04 -5.16266159e-04 -1.56120070e-04 -2.19791492e-03
 -2.19791492e-03 -3.97529980e-04 -1.59518524e-03 -9.02013035e-03
 -9.02013035e-03 -9.18623364e-04 -9.18623364e-04 -5.66155090e-06
 -5.93990270e-03 -5.93990270e-03 -6.65971414e-04 -3.95831724e-04
 -5.46494062e-04 -3.95831724e-04 -5.38360394e-03 -5.40351894e-03
 -5.31379581e-03 -5.31379581e-03 -6.60252008e-04 -2.12634011e-05
 -2.12634011e-05 -5.51547442e-03 -5.51547442e-03 -5.51547442e-03
 -4.95634850e-04 -4.25072678e-04 -4.25072678e-04 -4.25072678e-04
 -1.64490804e-04 -1.64490804e-04 -1.36113163e-04 -4.65910155e-03
 -4.65910155e-03 -4.65910155e-03 -3.16824599e-03 -3.16824599e-03
 -3.16824599e-03 -3.16824599e-03 -6.61124606e-03 -6.62084712e-03
 -4.37692556e-03 -4.47181522e-03 -1.99121128e-02 -1.29209151e-02
 -1.29209151e-02 -1.27240944e-02 -3.28662796e-03 -3.28662796e-03
 -9.58082112e-03 -9.58082112e-03 -1.29736265e-03 -1.91671053e-03
 -1.45562522e-02 -1.45761660e-02 -1.57590292e-03 -7.56768389e-03
 -1.35600000e-03 -1.35600000e-03 -1.99853629e-03 -5.20228777e-04
 -2.00078032e-05 -1.12621924e-05 -8.80975337e-03 -7.16254082e-03
 -7.09284001e-03 -8.98187850e-03 -3.32830031e-02 -3.35393938e-02
 -1.25048770e-06 -7.43476317e-03 -4.57045996e-06 -1.12177425e-02
 -9.69714795e-07 -4.72707654e-03 -4.72707654e-03 -2.58025452e-02
 -9.93160355e-06 -3.65148708e-03 -3.65148708e-03 -3.70127229e-03
 -3.60776350e-03 -3.60776350e-03 -4.64380736e-03 -4.64380736e-03
 -4.62908081e-03 -6.48743527e-03 -3.54797146e-03 -2.33715865e-02
 -1.77787352e-02 -6.96434029e-04 -6.96434029e-04 -1.08163857e-03
 -1.08163857e-03 -1.04249652e-04 -1.04249652e-04 -2.54901332e-05
 -3.06521065e-04 -3.06521065e-04 -3.06521065e-04 -7.84171009e-05
 -1.55076743e-03 -1.55076743e-03 -5.85800587e-04 -5.85800587e-04
 -5.85800587e-04 -8.09266148e-05 -4.78750305e-03 -4.78750305e-03
 -4.78750305e-03 -4.78750305e-03 -8.40794500e-02 -8.41114743e-02
 -9.03388126e-03 -4.84906962e-02 -6.96480518e-03 -2.30091413e-02
 -1.34449255e-02 -6.21917162e-03 -6.18963429e-03 -1.48935992e-03
 -2.10719454e-02 -2.10719454e-02 -2.99416575e-02 -2.58828026e-05
 -4.64397775e-03 -4.65524674e-03 -2.14822309e-02 -2.14722739e-02
 -2.18515921e-02 -1.33644853e-02 -1.33757527e-02 -1.33757527e-02
 -2.79351988e-02 -3.95274263e-03 -3.95274263e-03 -5.48991039e-03
 -9.66979817e-03 -9.97752193e-03 -2.42327862e-03 -2.40336369e-03
 -2.77452248e-02 -5.13927827e-05 -1.32155909e-04 -2.30823186e-04
 -1.58164097e-04 -6.04333370e-03 -3.18375167e-03 -3.66578082e-03
 -3.66578082e-03 -9.17565630e-03 -2.95850320e-03 -4.48100100e-03
 -4.48100100e-03 -4.48100100e-03 -9.06532049e-03 -8.97439085e-03
 -2.56008709e-03 -3.31500705e-03 -3.31500705e-03 -5.77788069e-07
 -2.01733829e-03 -2.01733829e-03 -2.01733829e-03]
acl_u[acl_delta_k]: [1 1 1 1 1 1 1 1 1 1 1 1 1 1 1 1 1 1 1 1 1 1 1 1 1 1 1 1 1 1 1 1 1 1 1 1 1
 1 1 1 1 1 1 1 1 1 1 1 1 1 1 1 1 1 1 1 1 1 1 1 1 1 1 1 1 1 1 1 1 1 1 1 1 1
 1 1 1 1 1 1 1 1 1 1 1 1 1 1 1 1 1 1 1 1 1 1 1 1 1 1 1 1 1 1 1 1 1 1 1 1 1
 1 1 1 1 1 1 1 1 1 1 1 1 1 1 1 1 1 1 1 1 1 1 1 1 1 1 1 1 1 1 1 1 1 1 1 1 1
 1 1 1 1 1 1 1 1 1 1 1 1 1 1 1 1 1 1 1 1 1 1 1 1 1 1 1 1 1 1 1 1 1 1 1 1 0
 0 1 1 1 1 1 1 1 1 1 1 1 1 1 1 1 1 1 1 1 0 1 1 1 1 1 1 1 1 1 1 1 1 1]
num AC branches with possible violations in ACL contingencies: 0
num AC branches with possible violations in DCL contingencies: 0
num AC branches with possible violations in XFR contingencies: 0
t: 12, time: 0.1478252410888672, memory_info: {'rss bytes': 439808000, 'rss human': '419.4M', 'percent': 0.16275319812497402}
v_acl_k: [-1.19076484e-02 -1.01324350e-02 -2.66285766e-02 -4.40462154e-02
 -4.40462154e-02 -1.33108601e-02 -1.33108601e-02 -1.33108601e-02
 -1.33108601e-02 -1.33108601e-02 -9.79503691e-05 -8.79796089e-05
 -1.05566564e-07 -6.24707723e-04 -5.92369398e-04 -1.20131753e-03
 -1.20131753e-03 -6.62673058e-04 -6.62673058e-04 -5.66415672e-03
 -1.59399647e-03 -1.99011968e-03 -1.99011968e-03 -1.55357278e-06
 -9.49182051e-06 -1.95261444e-03 -5.76822010e-03 -2.02154676e-03
 -5.79438327e-04 -1.21037868e-04 -1.21037868e-04 -1.18254185e-04
 -8.83259549e-05 -3.44692308e-04 -3.44692308e-04 -1.37716621e-03
 -8.11384697e-03 -7.47757860e-03 -4.89363399e-05 -7.87415347e-05
 -1.48989723e-04 -4.15039023e-03 -9.56539556e-06 -8.21719903e-03
 -3.28630317e-03 -3.28630317e-03 -3.32613117e-03 -3.33608867e-03
 -3.11416883e-03 -3.19382641e-03 -3.17391082e-03 -7.06749151e-03
 -5.16266159e-04 -5.16266159e-04 -1.56120070e-04 -2.19791492e-03
 -2.19791492e-03 -3.97529980e-04 -1.59518524e-03 -9.02013035e-03
 -9.02013035e-03 -9.18623364e-04 -9.18623364e-04 -5.66155090e-06
 -5.93990270e-03 -5.93990270e-03 -6.65971414e-04 -3.95831724e-04
 -5.46494062e-04 -3.95831724e-04 -5.38360394e-03 -5.40351894e-03
 -5.31379581e-03 -5.31379581e-03 -6.60252008e-04 -2.12634011e-05
 -2.12634011e-05 -5.51547442e-03 -5.51547442e-03 -5.51547442e-03
 -4.95634850e-04 -4.25072678e-04 -4.25072678e-04 -4.25072678e-04
 -1.64490804e-04 -1.64490804e-04 -1.36113163e-04 -4.65910155e-03
 -4.65910155e-03 -4.65910155e-03 -3.16824599e-03 -3.16824599e-03
 -3.16824599e-03 -3.16824599e-03 -6.61124606e-03 -6.62084712e-03
 -4.37692556e-03 -4.47181522e-03 -1.99121128e-02 -1.29209151e-02
 -1.29209151e-02 -1.27240944e-02 -3.28662796e-03 -3.28662796e-03
 -9.58082112e-03 -9.58082112e-03 -1.29736265e-03 -1.91671053e-03
 -1.45562522e-02 -1.45761660e-02 -1.57590292e-03 -7.56768389e-03
 -1.35600000e-03 -1.35600000e-03 -1.99853629e-03 -5.20228777e-04
 -2.00078032e-05 -1.12621924e-05 -8.80975337e-03 -7.16254082e-03
 -7.09284001e-03 -8.98187850e-03 -3.32830031e-02 -3.35393938e-02
 -1.25048770e-06 -7.43476317e-03 -4.57045996e-06 -1.12177425e-02
 -9.69714795e-07 -4.72707654e-03 -4.72707654e-03 -2.58025452e-02
 -9.93160355e-06 -3.65148708e-03 -3.65148708e-03 -3.70127229e-03
 -3.60776350e-03 -3.60776350e-03 -4.64380736e-03 -4.64380736e-03
 -4.62908081e-03 -6.48743527e-03 -3.54797146e-03 -2.33715865e-02
 -1.77787352e-02 -6.96434029e-04 -6.96434029e-04 -1.08163857e-03
 -1.08163857e-03 -1.04249652e-04 -1.04249652e-04 -2.54901332e-05
 -3.06521065e-04 -3.06521065e-04 -3.06521065e-04 -7.84171009e-05
 -1.55076743e-03 -1.55076743e-03 -5.85800587e-04 -5.85800587e-04
 -5.85800587e-04 -8.09266148e-05 -4.78750305e-03 -4.78750305e-03
 -4.78750305e-03 -4.78750305e-03 -8.40794500e-02 -8.41114743e-02
 -9.03388126e-03 -4.84906962e-02 -6.96480518e-03 -2.30091413e-02
 -1.34449255e-02 -6.21917162e-03 -6.18963429e-03 -1.48935992e-03
 -2.10719454e-02 -2.10719454e-02 -2.99416575e-02 -2.58828026e-05
 -4.64397775e-03 -4.65524674e-03 -2.14822309e-02 -2.14722739e-02
 -2.18515921e-02 -1.33644853e-02 -1.33757527e-02 -1.33757527e-02
 -2.79351988e-02 -3.95274263e-03 -3.95274263e-03 -5.48991039e-03
 -9.66979817e-03 -9.97752193e-03 -2.42327862e-03 -2.40336369e-03
 -2.77452248e-02 -5.13927827e-05 -1.32155909e-04 -2.30823186e-04
 -1.58164097e-04 -6.04333370e-03 -3.18375167e-03 -3.66578082e-03
 -3.66578082e-03 -9.17565630e-03 -2.95850320e-03 -4.48100100e-03
 -4.48100100e-03 -4.48100100e-03 -9.06532049e-03 -8.97439085e-03
 -2.56008709e-03 -3.31500705e-03 -3.31500705e-03 -5.77788069e-07
 -2.01733829e-03 -2.01733829e-03 -2.01733829e-03]
acl_u[acl_delta_k]: [1 1 1 1 1 1 1 1 1 1 1 1 1 1 1 1 1 1 1 1 1 1 1 1 1 1 1 1 1 1 1 1 1 1 1 1 1
 1 1 1 1 1 1 1 1 1 1 1 1 1 1 1 1 1 1 1 1 1 1 1 1 1 1 1 1 1 1 1 1 1 1 1 1 1
 1 1 1 1 1 1 1 1 1 1 1 1 1 1 1 1 1 1 1 1 1 1 1 1 1 1 1 1 1 1 1 1 1 1 1 1 1
 1 1 1 1 1 1 1 1 1 1 1 1 1 1 1 1 1 1 1 1 1 1 1 1 1 1 1 1 1 1 1 1 1 1 1 1 1
 1 1 1 1 1 1 1 1 1 1 1 1 1 1 1 1 1 1 1 1 1 1 1 1 1 1 1 1 1 1 1 1 1 1 1 1 0
 0 1 1 1 1 1 1 1 1 1 1 1 1 1 1 1 1 1 1 1 0 1 1 1 1 1 1 1 1 1 1 1 1 1]
num AC branches with possible violations in ACL contingencies: 0
num AC branches with possible violations in DCL contingencies: 0
num AC branches with possible violations in XFR contingencies: 0
t: 13, time: 0.1496601104736328, memory_info: {'rss bytes': 439808000, 'rss human': '419.4M', 'percent': 0.16275319812497402}
v_acl_k: [-1.19076484e-02 -1.01324350e-02 -2.66285766e-02 -4.40462154e-02
 -4.40462154e-02 -1.33108601e-02 -1.33108601e-02 -1.33108601e-02
 -1.33108601e-02 -1.33108601e-02 -9.79503691e-05 -8.79796089e-05
 -1.05566564e-07 -6.24707723e-04 -5.92369398e-04 -1.20131753e-03
 -1.20131753e-03 -6.62673058e-04 -6.62673058e-04 -5.66415672e-03
 -1.59399647e-03 -1.99011968e-03 -1.99011968e-03 -1.55357278e-06
 -9.49182051e-06 -1.95261444e-03 -5.76822010e-03 -2.02154676e-03
 -5.79438327e-04 -1.21037868e-04 -1.21037868e-04 -1.18254185e-04
 -8.83259549e-05 -3.44692308e-04 -3.44692308e-04 -1.37716621e-03
 -8.11384697e-03 -7.47757860e-03 -4.89363399e-05 -7.87415347e-05
 -1.48989723e-04 -4.15039023e-03 -9.56539556e-06 -8.21719903e-03
 -3.28630317e-03 -3.28630317e-03 -3.32613117e-03 -3.33608867e-03
 -3.11416883e-03 -3.19382641e-03 -3.17391082e-03 -7.06749151e-03
 -5.16266159e-04 -5.16266159e-04 -1.56120070e-04 -2.19791492e-03
 -2.19791492e-03 -3.97529980e-04 -1.59518524e-03 -9.02013035e-03
 -9.02013035e-03 -9.18623364e-04 -9.18623364e-04 -5.66155090e-06
 -5.93990270e-03 -5.93990270e-03 -6.65971414e-04 -3.95831724e-04
 -5.46494062e-04 -3.95831724e-04 -5.38360394e-03 -5.40351894e-03
 -5.31379581e-03 -5.31379581e-03 -6.60252008e-04 -2.12634011e-05
 -2.12634011e-05 -5.51547442e-03 -5.51547442e-03 -5.51547442e-03
 -4.95634850e-04 -4.25072678e-04 -4.25072678e-04 -4.25072678e-04
 -1.64490804e-04 -1.64490804e-04 -1.36113163e-04 -4.65910155e-03
 -4.65910155e-03 -4.65910155e-03 -3.16824599e-03 -3.16824599e-03
 -3.16824599e-03 -3.16824599e-03 -6.61124606e-03 -6.62084712e-03
 -4.37692556e-03 -4.47181522e-03 -1.99121128e-02 -1.29209151e-02
 -1.29209151e-02 -1.27240944e-02 -3.28662796e-03 -3.28662796e-03
 -9.58082112e-03 -9.58082112e-03 -1.29736265e-03 -1.91671053e-03
 -1.45562522e-02 -1.45761660e-02 -1.57590292e-03 -7.56768389e-03
 -1.35600000e-03 -1.35600000e-03 -1.99853629e-03 -5.20228777e-04
 -2.00078032e-05 -1.12621924e-05 -8.80975337e-03 -7.16254082e-03
 -7.09284001e-03 -8.98187850e-03 -3.32830031e-02 -3.35393938e-02
 -1.25048770e-06 -7.43476317e-03 -4.57045996e-06 -1.12177425e-02
 -9.69714795e-07 -4.72707654e-03 -4.72707654e-03 -2.58025452e-02
 -9.93160355e-06 -3.65148708e-03 -3.65148708e-03 -3.70127229e-03
 -3.60776350e-03 -3.60776350e-03 -4.64380736e-03 -4.64380736e-03
 -4.62908081e-03 -6.48743527e-03 -3.54797146e-03 -2.33715865e-02
 -1.77787352e-02 -6.96434029e-04 -6.96434029e-04 -1.08163857e-03
 -1.08163857e-03 -1.04249652e-04 -1.04249652e-04 -2.54901332e-05
 -3.06521065e-04 -3.06521065e-04 -3.06521065e-04 -7.84171009e-05
 -1.55076743e-03 -1.55076743e-03 -5.85800587e-04 -5.85800587e-04
 -5.85800587e-04 -8.09266148e-05 -4.78750305e-03 -4.78750305e-03
 -4.78750305e-03 -4.78750305e-03 -8.40794500e-02 -8.41114743e-02
 -9.03388126e-03 -4.84906962e-02 -6.96480518e-03 -2.30091413e-02
 -1.34449255e-02 -6.21917162e-03 -6.18963429e-03 -1.48935992e-03
 -2.10719454e-02 -2.10719454e-02 -2.99416575e-02 -2.58828026e-05
 -4.64397775e-03 -4.65524674e-03 -2.14822309e-02 -2.14722739e-02
 -2.18515921e-02 -1.33644853e-02 -1.33757527e-02 -1.33757527e-02
 -2.79351988e-02 -3.95274263e-03 -3.95274263e-03 -5.48991039e-03
 -9.66979817e-03 -9.97752193e-03 -2.42327862e-03 -2.40336369e-03
 -2.77452248e-02 -5.13927827e-05 -1.32155909e-04 -2.30823186e-04
 -1.58164097e-04 -6.04333370e-03 -3.18375167e-03 -3.66578082e-03
 -3.66578082e-03 -9.17565630e-03 -2.95850320e-03 -4.48100100e-03
 -4.48100100e-03 -4.48100100e-03 -9.06532049e-03 -8.97439085e-03
 -2.56008709e-03 -3.31500705e-03 -3.31500705e-03 -5.77788069e-07
 -2.01733829e-03 -2.01733829e-03 -2.01733829e-03]
acl_u[acl_delta_k]: [1 1 1 1 1 1 1 1 1 1 1 1 1 1 1 1 1 1 1 1 1 1 1 1 1 1 1 1 1 1 1 1 1 1 1 1 1
 1 1 1 1 1 1 1 1 1 1 1 1 1 1 1 1 1 1 1 1 1 1 1 1 1 1 1 1 1 1 1 1 1 1 1 1 1
 1 1 1 1 1 1 1 1 1 1 1 1 1 1 1 1 1 1 1 1 1 1 1 1 1 1 1 1 1 1 1 1 1 1 1 1 1
 1 1 1 1 1 1 1 1 1 1 1 1 1 1 1 1 1 1 1 1 1 1 1 1 1 1 1 1 1 1 1 1 1 1 1 1 1
 1 1 1 1 1 1 1 1 1 1 1 1 1 1 1 1 1 1 1 1 1 1 1 1 1 1 1 1 1 1 1 1 1 1 1 1 0
 0 1 1 1 1 1 1 1 1 1 1 1 1 1 1 1 1 1 1 1 0 1 1 1 1 1 1 1 1 1 1 1 1 1]
num AC branches with possible violations in ACL contingencies: 0
num AC branches with possible violations in DCL contingencies: 0
num AC branches with possible violations in XFR contingencies: 0
t: 14, time: 0.15154623985290527, memory_info: {'rss bytes': 439808000, 'rss human': '419.4M', 'percent': 0.16275319812497402}
v_acl_k: [-1.19076484e-02 -1.01324350e-02 -2.66285766e-02 -4.40462154e-02
 -4.40462154e-02 -1.33108601e-02 -1.33108601e-02 -1.33108601e-02
 -1.33108601e-02 -1.33108601e-02 -9.79503691e-05 -8.79796089e-05
 -1.05566564e-07 -6.24707723e-04 -5.92369398e-04 -1.20131753e-03
 -1.20131753e-03 -6.62673058e-04 -6.62673058e-04 -5.66415672e-03
 -1.59399647e-03 -1.99011968e-03 -1.99011968e-03 -1.55357278e-06
 -9.49182051e-06 -1.95261444e-03 -5.76822010e-03 -2.02154676e-03
 -5.79438327e-04 -1.21037868e-04 -1.21037868e-04 -1.18254185e-04
 -8.83259549e-05 -3.44692308e-04 -3.44692308e-04 -1.37716621e-03
 -8.11384697e-03 -7.47757860e-03 -4.89363399e-05 -7.87415347e-05
 -1.48989723e-04 -4.15039023e-03 -9.56539556e-06 -8.21719903e-03
 -3.28630317e-03 -3.28630317e-03 -3.32613117e-03 -3.33608867e-03
 -3.11416883e-03 -3.19382641e-03 -3.17391082e-03 -7.06749151e-03
 -5.16266159e-04 -5.16266159e-04 -1.56120070e-04 -2.19791492e-03
 -2.19791492e-03 -3.97529980e-04 -1.59518524e-03 -9.02013035e-03
 -9.02013035e-03 -9.18623364e-04 -9.18623364e-04 -5.66155090e-06
 -5.93990270e-03 -5.93990270e-03 -6.65971414e-04 -3.95831724e-04
 -5.46494062e-04 -3.95831724e-04 -5.38360394e-03 -5.40351894e-03
 -5.31379581e-03 -5.31379581e-03 -6.60252008e-04 -2.12634011e-05
 -2.12634011e-05 -5.51547442e-03 -5.51547442e-03 -5.51547442e-03
 -4.95634850e-04 -4.25072678e-04 -4.25072678e-04 -4.25072678e-04
 -1.64490804e-04 -1.64490804e-04 -1.36113163e-04 -4.65910155e-03
 -4.65910155e-03 -4.65910155e-03 -3.16824599e-03 -3.16824599e-03
 -3.16824599e-03 -3.16824599e-03 -6.61124606e-03 -6.62084712e-03
 -4.37692556e-03 -4.47181522e-03 -1.99121128e-02 -1.29209151e-02
 -1.29209151e-02 -1.27240944e-02 -3.28662796e-03 -3.28662796e-03
 -9.58082112e-03 -9.58082112e-03 -1.29736265e-03 -1.91671053e-03
 -1.45562522e-02 -1.45761660e-02 -1.57590292e-03 -7.56768389e-03
 -1.35600000e-03 -1.35600000e-03 -1.99853629e-03 -5.20228777e-04
 -2.00078032e-05 -1.12621924e-05 -8.80975337e-03 -7.16254082e-03
 -7.09284001e-03 -8.98187850e-03 -3.32830031e-02 -3.35393938e-02
 -1.25048770e-06 -7.43476317e-03 -4.57045996e-06 -1.12177425e-02
 -9.69714795e-07 -4.72707654e-03 -4.72707654e-03 -2.58025452e-02
 -9.93160355e-06 -3.65148708e-03 -3.65148708e-03 -3.70127229e-03
 -3.60776350e-03 -3.60776350e-03 -4.64380736e-03 -4.64380736e-03
 -4.62908081e-03 -6.48743527e-03 -3.54797146e-03 -2.33715865e-02
 -1.77787352e-02 -6.96434029e-04 -6.96434029e-04 -1.08163857e-03
 -1.08163857e-03 -1.04249652e-04 -1.04249652e-04 -2.54901332e-05
 -3.06521065e-04 -3.06521065e-04 -3.06521065e-04 -7.84171009e-05
 -1.55076743e-03 -1.55076743e-03 -5.85800587e-04 -5.85800587e-04
 -5.85800587e-04 -8.09266148e-05 -4.78750305e-03 -4.78750305e-03
 -4.78750305e-03 -4.78750305e-03 -8.40794500e-02 -8.41114743e-02
 -9.03388126e-03 -4.84906962e-02 -6.96480518e-03 -2.30091413e-02
 -1.34449255e-02 -6.21917162e-03 -6.18963429e-03 -1.48935992e-03
 -2.10719454e-02 -2.10719454e-02 -2.99416575e-02 -2.58828026e-05
 -4.64397775e-03 -4.65524674e-03 -2.14822309e-02 -2.14722739e-02
 -2.18515921e-02 -1.33644853e-02 -1.33757527e-02 -1.33757527e-02
 -2.79351988e-02 -3.95274263e-03 -3.95274263e-03 -5.48991039e-03
 -9.66979817e-03 -9.97752193e-03 -2.42327862e-03 -2.40336369e-03
 -2.77452248e-02 -5.13927827e-05 -1.32155909e-04 -2.30823186e-04
 -1.58164097e-04 -6.04333370e-03 -3.18375167e-03 -3.66578082e-03
 -3.66578082e-03 -9.17565630e-03 -2.95850320e-03 -4.48100100e-03
 -4.48100100e-03 -4.48100100e-03 -9.06532049e-03 -8.97439085e-03
 -2.56008709e-03 -3.31500705e-03 -3.31500705e-03 -5.77788069e-07
 -2.01733829e-03 -2.01733829e-03 -2.01733829e-03]
acl_u[acl_delta_k]: [1 1 1 1 1 1 1 1 1 1 1 1 1 1 1 1 1 1 1 1 1 1 1 1 1 1 1 1 1 1 1 1 1 1 1 1 1
 1 1 1 1 1 1 1 1 1 1 1 1 1 1 1 1 1 1 1 1 1 1 1 1 1 1 1 1 1 1 1 1 1 1 1 1 1
 1 1 1 1 1 1 1 1 1 1 1 1 1 1 1 1 1 1 1 1 1 1 1 1 1 1 1 1 1 1 1 1 1 1 1 1 1
 1 1 1 1 1 1 1 1 1 1 1 1 1 1 1 1 1 1 1 1 1 1 1 1 1 1 1 1 1 1 1 1 1 1 1 1 1
 1 1 1 1 1 1 1 1 1 1 1 1 1 1 1 1 1 1 1 1 1 1 1 1 1 1 1 1 1 1 1 1 1 1 1 1 0
 0 1 1 1 1 1 1 1 1 1 1 1 1 1 1 1 1 1 1 1 0 1 1 1 1 1 1 1 1 1 1 1 1 1]
num AC branches with possible violations in ACL contingencies: 0
num AC branches with possible violations in DCL contingencies: 0
num AC branches with possible violations in XFR contingencies: 0
t: 15, time: 0.1448838710784912, memory_info: {'rss bytes': 439808000, 'rss human': '419.4M', 'percent': 0.16275319812497402}
v_acl_k: [-1.19076484e-02 -1.01324350e-02 -2.66285766e-02 -4.40462154e-02
 -4.40462154e-02 -1.33108601e-02 -1.33108601e-02 -1.33108601e-02
 -1.33108601e-02 -1.33108601e-02 -9.79503691e-05 -8.79796089e-05
 -1.05566564e-07 -6.24707723e-04 -5.92369398e-04 -1.20131753e-03
 -1.20131753e-03 -6.62673058e-04 -6.62673058e-04 -5.66415672e-03
 -1.59399647e-03 -1.99011968e-03 -1.99011968e-03 -1.55357278e-06
 -9.49182051e-06 -1.95261444e-03 -5.76822010e-03 -2.02154676e-03
 -5.79438327e-04 -1.21037868e-04 -1.21037868e-04 -1.18254185e-04
 -8.83259549e-05 -3.44692308e-04 -3.44692308e-04 -1.37716621e-03
 -8.11384697e-03 -7.47757860e-03 -4.89363399e-05 -7.87415347e-05
 -1.48989723e-04 -4.15039023e-03 -9.56539556e-06 -8.21719903e-03
 -3.28630317e-03 -3.28630317e-03 -3.32613117e-03 -3.33608867e-03
 -3.11416883e-03 -3.19382641e-03 -3.17391082e-03 -7.06749151e-03
 -5.16266159e-04 -5.16266159e-04 -1.56120070e-04 -2.19791492e-03
 -2.19791492e-03 -3.97529980e-04 -1.59518524e-03 -9.02013035e-03
 -9.02013035e-03 -9.18623364e-04 -9.18623364e-04 -5.66155090e-06
 -5.93990270e-03 -5.93990270e-03 -6.65971414e-04 -3.95831724e-04
 -5.46494062e-04 -3.95831724e-04 -5.38360394e-03 -5.40351894e-03
 -5.31379581e-03 -5.31379581e-03 -6.60252008e-04 -2.12634011e-05
 -2.12634011e-05 -5.51547442e-03 -5.51547442e-03 -5.51547442e-03
 -4.95634850e-04 -4.25072678e-04 -4.25072678e-04 -4.25072678e-04
 -1.64490804e-04 -1.64490804e-04 -1.36113163e-04 -4.65910155e-03
 -4.65910155e-03 -4.65910155e-03 -3.16824599e-03 -3.16824599e-03
 -3.16824599e-03 -3.16824599e-03 -6.61124606e-03 -6.62084712e-03
 -4.37692556e-03 -4.47181522e-03 -1.99121128e-02 -1.29209151e-02
 -1.29209151e-02 -1.27240944e-02 -3.28662796e-03 -3.28662796e-03
 -9.58082112e-03 -9.58082112e-03 -1.29736265e-03 -1.91671053e-03
 -1.45562522e-02 -1.45761660e-02 -1.57590292e-03 -7.56768389e-03
 -1.35600000e-03 -1.35600000e-03 -1.99853629e-03 -5.20228777e-04
 -2.00078032e-05 -1.12621924e-05 -8.80975337e-03 -7.16254082e-03
 -7.09284001e-03 -8.98187850e-03 -3.32830031e-02 -3.35393938e-02
 -1.25048770e-06 -7.43476317e-03 -4.57045996e-06 -1.12177425e-02
 -9.69714795e-07 -4.72707654e-03 -4.72707654e-03 -2.58025452e-02
 -9.93160355e-06 -3.65148708e-03 -3.65148708e-03 -3.70127229e-03
 -3.60776350e-03 -3.60776350e-03 -4.64380736e-03 -4.64380736e-03
 -4.62908081e-03 -6.48743527e-03 -3.54797146e-03 -2.33715865e-02
 -1.77787352e-02 -6.96434029e-04 -6.96434029e-04 -1.08163857e-03
 -1.08163857e-03 -1.04249652e-04 -1.04249652e-04 -2.54901332e-05
 -3.06521065e-04 -3.06521065e-04 -3.06521065e-04 -7.84171009e-05
 -1.55076743e-03 -1.55076743e-03 -5.85800587e-04 -5.85800587e-04
 -5.85800587e-04 -8.09266148e-05 -4.78750305e-03 -4.78750305e-03
 -4.78750305e-03 -4.78750305e-03 -8.40794500e-02 -8.41114743e-02
 -9.03388126e-03 -4.84906962e-02 -6.96480518e-03 -2.30091413e-02
 -1.34449255e-02 -6.21917162e-03 -6.18963429e-03 -1.48935992e-03
 -2.10719454e-02 -2.10719454e-02 -2.99416575e-02 -2.58828026e-05
 -4.64397775e-03 -4.65524674e-03 -2.14822309e-02 -2.14722739e-02
 -2.18515921e-02 -1.33644853e-02 -1.33757527e-02 -1.33757527e-02
 -2.79351988e-02 -3.95274263e-03 -3.95274263e-03 -5.48991039e-03
 -9.66979817e-03 -9.97752193e-03 -2.42327862e-03 -2.40336369e-03
 -2.77452248e-02 -5.13927827e-05 -1.32155909e-04 -2.30823186e-04
 -1.58164097e-04 -6.04333370e-03 -3.18375167e-03 -3.66578082e-03
 -3.66578082e-03 -9.17565630e-03 -2.95850320e-03 -4.48100100e-03
 -4.48100100e-03 -4.48100100e-03 -9.06532049e-03 -8.97439085e-03
 -2.56008709e-03 -3.31500705e-03 -3.31500705e-03 -5.77788069e-07
 -2.01733829e-03 -2.01733829e-03 -2.01733829e-03]
acl_u[acl_delta_k]: [1 1 1 1 1 1 1 1 1 1 1 1 1 1 1 1 1 1 1 1 1 1 1 1 1 1 1 1 1 1 1 1 1 1 1 1 1
 1 1 1 1 1 1 1 1 1 1 1 1 1 1 1 1 1 1 1 1 1 1 1 1 1 1 1 1 1 1 1 1 1 1 1 1 1
 1 1 1 1 1 1 1 1 1 1 1 1 1 1 1 1 1 1 1 1 1 1 1 1 1 1 1 1 1 1 1 1 1 1 1 1 1
 1 1 1 1 1 1 1 1 1 1 1 1 1 1 1 1 1 1 1 1 1 1 1 1 1 1 1 1 1 1 1 1 1 1 1 1 1
 1 1 1 1 1 1 1 1 1 1 1 1 1 1 1 1 1 1 1 1 1 1 1 1 1 1 1 1 1 1 1 1 1 1 1 1 0
 0 1 1 1 1 1 1 1 1 1 1 1 1 1 1 1 1 1 1 1 0 1 1 1 1 1 1 1 1 1 1 1 1 1]
num AC branches with possible violations in ACL contingencies: 0
num AC branches with possible violations in DCL contingencies: 0
num AC branches with possible violations in XFR contingencies: 0
t: 16, time: 0.14549469947814941, memory_info: {'rss bytes': 439808000, 'rss human': '419.4M', 'percent': 0.16275319812497402}
v_acl_k: [-1.19076484e-02 -1.01324350e-02 -2.66285766e-02 -4.40462154e-02
 -4.40462154e-02 -1.33108601e-02 -1.33108601e-02 -1.33108601e-02
 -1.33108601e-02 -1.33108601e-02 -9.79503691e-05 -8.79796089e-05
 -1.05566564e-07 -6.24707723e-04 -5.92369398e-04 -1.20131753e-03
 -1.20131753e-03 -6.62673058e-04 -6.62673058e-04 -5.66415672e-03
 -1.59399647e-03 -1.99011968e-03 -1.99011968e-03 -1.55357278e-06
 -9.49182051e-06 -1.95261444e-03 -5.76822010e-03 -2.02154676e-03
 -5.79438327e-04 -1.21037868e-04 -1.21037868e-04 -1.18254185e-04
 -8.83259549e-05 -3.44692308e-04 -3.44692308e-04 -1.37716621e-03
 -8.11384697e-03 -7.47757860e-03 -4.89363399e-05 -7.87415347e-05
 -1.48989723e-04 -4.15039023e-03 -9.56539556e-06 -8.21719903e-03
 -3.28630317e-03 -3.28630317e-03 -3.32613117e-03 -3.33608867e-03
 -3.11416883e-03 -3.19382641e-03 -3.17391082e-03 -7.06749151e-03
 -5.16266159e-04 -5.16266159e-04 -1.56120070e-04 -2.19791492e-03
 -2.19791492e-03 -3.97529980e-04 -1.59518524e-03 -9.02013035e-03
 -9.02013035e-03 -9.18623364e-04 -9.18623364e-04 -5.66155090e-06
 -5.93990270e-03 -5.93990270e-03 -6.65971414e-04 -3.95831724e-04
 -5.46494062e-04 -3.95831724e-04 -5.38360394e-03 -5.40351894e-03
 -5.31379581e-03 -5.31379581e-03 -6.60252008e-04 -2.12634011e-05
 -2.12634011e-05 -5.51547442e-03 -5.51547442e-03 -5.51547442e-03
 -4.95634850e-04 -4.25072678e-04 -4.25072678e-04 -4.25072678e-04
 -1.64490804e-04 -1.64490804e-04 -1.36113163e-04 -4.65910155e-03
 -4.65910155e-03 -4.65910155e-03 -3.16824599e-03 -3.16824599e-03
 -3.16824599e-03 -3.16824599e-03 -6.61124606e-03 -6.62084712e-03
 -4.37692556e-03 -4.47181522e-03 -1.99121128e-02 -1.29209151e-02
 -1.29209151e-02 -1.27240944e-02 -3.28662796e-03 -3.28662796e-03
 -9.58082112e-03 -9.58082112e-03 -1.29736265e-03 -1.91671053e-03
 -1.45562522e-02 -1.45761660e-02 -1.57590292e-03 -7.56768389e-03
 -1.35600000e-03 -1.35600000e-03 -1.99853629e-03 -5.20228777e-04
 -2.00078032e-05 -1.12621924e-05 -8.80975337e-03 -7.16254082e-03
 -7.09284001e-03 -8.98187850e-03 -3.32830031e-02 -3.35393938e-02
 -1.25048770e-06 -7.43476317e-03 -4.57045996e-06 -1.12177425e-02
 -9.69714795e-07 -4.72707654e-03 -4.72707654e-03 -2.58025452e-02
 -9.93160355e-06 -3.65148708e-03 -3.65148708e-03 -3.70127229e-03
 -3.60776350e-03 -3.60776350e-03 -4.64380736e-03 -4.64380736e-03
 -4.62908081e-03 -6.48743527e-03 -3.54797146e-03 -2.33715865e-02
 -1.77787352e-02 -6.96434029e-04 -6.96434029e-04 -1.08163857e-03
 -1.08163857e-03 -1.04249652e-04 -1.04249652e-04 -2.54901332e-05
 -3.06521065e-04 -3.06521065e-04 -3.06521065e-04 -7.84171009e-05
 -1.55076743e-03 -1.55076743e-03 -5.85800587e-04 -5.85800587e-04
 -5.85800587e-04 -8.09266148e-05 -4.78750305e-03 -4.78750305e-03
 -4.78750305e-03 -4.78750305e-03 -8.40794500e-02 -8.41114743e-02
 -9.03388126e-03 -4.84906962e-02 -6.96480518e-03 -2.30091413e-02
 -1.34449255e-02 -6.21917162e-03 -6.18963429e-03 -1.48935992e-03
 -2.10719454e-02 -2.10719454e-02 -2.99416575e-02 -2.58828026e-05
 -4.64397775e-03 -4.65524674e-03 -2.14822309e-02 -2.14722739e-02
 -2.18515921e-02 -1.33644853e-02 -1.33757527e-02 -1.33757527e-02
 -2.79351988e-02 -3.95274263e-03 -3.95274263e-03 -5.48991039e-03
 -9.66979817e-03 -9.97752193e-03 -2.42327862e-03 -2.40336369e-03
 -2.77452248e-02 -5.13927827e-05 -1.32155909e-04 -2.30823186e-04
 -1.58164097e-04 -6.04333370e-03 -3.18375167e-03 -3.66578082e-03
 -3.66578082e-03 -9.17565630e-03 -2.95850320e-03 -4.48100100e-03
 -4.48100100e-03 -4.48100100e-03 -9.06532049e-03 -8.97439085e-03
 -2.56008709e-03 -3.31500705e-03 -3.31500705e-03 -5.77788069e-07
 -2.01733829e-03 -2.01733829e-03 -2.01733829e-03]
acl_u[acl_delta_k]: [1 1 1 1 1 1 1 1 1 1 1 1 1 1 1 1 1 1 1 1 1 1 1 1 1 1 1 1 1 1 1 1 1 1 1 1 1
 1 1 1 1 1 1 1 1 1 1 1 1 1 1 1 1 1 1 1 1 1 1 1 1 1 1 1 1 1 1 1 1 1 1 1 1 1
 1 1 1 1 1 1 1 1 1 1 1 1 1 1 1 1 1 1 1 1 1 1 1 1 1 1 1 1 1 1 1 1 1 1 1 1 1
 1 1 1 1 1 1 1 1 1 1 1 1 1 1 1 1 1 1 1 1 1 1 1 1 1 1 1 1 1 1 1 1 1 1 1 1 1
 1 1 1 1 1 1 1 1 1 1 1 1 1 1 1 1 1 1 1 1 1 1 1 1 1 1 1 1 1 1 1 1 1 1 1 1 0
 0 1 1 1 1 1 1 1 1 1 1 1 1 1 1 1 1 1 1 1 0 1 1 1 1 1 1 1 1 1 1 1 1 1]
num AC branches with possible violations in ACL contingencies: 0
num AC branches with possible violations in DCL contingencies: 0
num AC branches with possible violations in XFR contingencies: 0
t: 17, time: 0.14680695533752441, memory_info: {'rss bytes': 439808000, 'rss human': '419.4M', 'percent': 0.16275319812497402}
initialize_m_w_time: 0.0018935203552246094
compute_static_w_time: 0.12002730369567871
get_time_varying_branch_characteristics_time: 0.0013582706451416016
construct_a_t_time: 0.009291887283325195
factor_a_t_time: 0.04468536376953125
compute_w_with_t_a_solve_time: 1.6325469017028809
compute_v_t_time: 3.5762786865234375e-06
compute_w_with_t_smw_time: 2.384185791015625e-06
compute_v_time: 0.029143333435058594
compute_bus_theta_with_t_a_solve_time: 0.002558469772338867
compute_bus_theta_with_t_smw_time: 1.6689300537109375e-06
compute_br_p_time: 0.030618667602539062
apply_w_v_wt_time: 0.0071909427642822266
compute_bus_dtheta_rhs_dcl_k_time: 0.0028307437896728516
compute_w_v_wt_xfr_k_time: 0.0025472640991210938
compute_bus_dtheta_rhs_xfr_k_time: 1.9073486328125e-06
compute_br_acl_delta_k_p_delta_time: 0.046701669692993164
compute_br_dcl_delta_k_p_delta_time: 0.0015845298767089844
compute_br_xfr_delta_k_p_delta_time: 0.0011849403381347656
filter_branches_acl_k_time: 0.011301279067993164
filter_branches_dcl_k_time: 0.003066539764404297
filter_branches_xfr_k_time: 0.0030562877655029297
compute_br_acl_delta_k_p_time: 0.0050716400146484375
compute_br_dcl_delta_k_p_time: 8.058547973632812e-05
compute_br_xfr_delta_k_p_time: 5.3882598876953125e-05
compute_br_acl_delta_k_s_over_time: 1.046957015991211
compute_br_dcl_delta_k_s_over_time: 0.0006277561187744141
compute_br_xfr_delta_k_s_over_time: 0.0005581378936767578
zero_out_time: 9.870529174804688e-05
get_max_br_acl_delta_k_s_over_time: 0.002585172653198242
get_max_br_dcl_delta_k_s_over_time: 4.0531158447265625e-06
get_max_br_xfr_delta_k_s_over_time: 2.86102294921875e-06
compute_br_k_z_time: 0.0027005672454833984
collect_penalties_into_obj_array_time: 0.0002770423889160156
end of contingency model method 1, memory info: {'rss bytes': 439808000, 'rss human': '419.4M', 'percent': 0.16275319812497402}
function: eval_post_contingency_model, time: 3.2893078327178955
function: eval_post_contingency_model, time: 3.289316177368164
function: run, time: 4.144341707229614
after solution_evaluator.run(), memory info: {'rss bytes': 415621120, 'rss human': '396.4M', 'percent': 0.15380271956918384}
evaluation summary:
{'feas': 1,
 'infeas': 0,
 'info_i_i_k_t_disconnected_ctg': {'idx': {0: None, 1: None, 2: None, 3: None},
                                   'val': 0},
 'info_i_i_t_disconnected_base': {'idx': {0: None, 1: None, 2: None}, 'val': 0},
 'sum_acl_t_u_sd': 0,
 'sum_acl_t_u_su': 0,
 'sum_acl_t_z_s': 0.0,
 'sum_acl_t_z_sd': 0.0,
 'sum_acl_t_z_su': 0.0,
 'sum_bus_t_z_p': 37906282.536784396,
 'sum_bus_t_z_q': 129818410.72818902,
 'sum_cs_t_z_p': 127494043.33853313,
 'sum_pr_t_z_p': 61126.431431989724,
 'sum_prz_t_z_nsc': 222289.10138533296,
 'sum_prz_t_z_rgd': 19369.91251548976,
 'sum_prz_t_z_rgu': 19369.91251548976,
 'sum_prz_t_z_rrd': 0.0,
 'sum_prz_t_z_rru': 0.0,
 'sum_prz_t_z_scr': 112870.26105207746,
 'sum_qrz_t_z_qrd': 0.0,
 'sum_qrz_t_z_qru': 0.0,
 'sum_sd_t_sd': 0,
 'sum_sd_t_su': 0,
 'sum_sd_t_z_nsc': 0.0,
 'sum_sd_t_z_on': 1571578.8433080001,
 'sum_sd_t_z_qrd': 0.0,
 'sum_sd_t_z_qru': 0.0,
 'sum_sd_t_z_rgd': 0.0,
 'sum_sd_t_z_rgu': 0.0,
 'sum_sd_t_z_rrd_off': 0.0,
 'sum_sd_t_z_rrd_on': 0.0,
 'sum_sd_t_z_rru_off': 0.0,
 'sum_sd_t_z_rru_on': 0.0,
 'sum_sd_t_z_scr': 0.0,
 'sum_sd_t_z_sd': 0.0,
 'sum_sd_t_z_su': 0.0,
 'sum_sd_t_z_sus': 0.0,
 'sum_xfr_t_u_sd': 0,
 'sum_xfr_t_u_su': 0,
 'sum_xfr_t_z_s': 0.0,
 'sum_xfr_t_z_sd': 0.0,
 'sum_xfr_t_z_su': 0.0,
 'total_switches': 0,
 'viol_acl_acl_t_s_max_ctg': {'idx': {0: None, 1: None, 2: None}, 'val': 0.0},
 'viol_acl_dcl_t_s_max_ctg': {'idx': {0: None, 1: None, 2: None}, 'val': 0.0},
 'viol_acl_t_s_max': {'idx': {0: 'acl_0000', 1: 0}, 'val': 0.0},
 'viol_acl_t_u_sd_max': {'idx': {0: 'acl_0000', 1: 0}, 'val': 0},
 'viol_acl_t_u_su_max': {'idx': {0: 'acl_0000', 1: 0}, 'val': 0},
 'viol_acl_xfr_t_s_max_ctg': {'idx': {0: None, 1: None, 2: None}, 'val': 0.0},
 'viol_bus_t_p_balance_max': {'idx': {0: 'bus_0394', 1: 0},
                              'val': 1.667738207736829},
 'viol_bus_t_p_balance_min': {'idx': {0: 'bus_1492', 1: 17},
                              'val': -1.397318428821034},
 'viol_bus_t_q_balance_max': {'idx': {0: 'bus_1492', 1: 0},
                              'val': 4.389066990088732},
 'viol_bus_t_q_balance_min': {'idx': {0: 'bus_0394', 1: 0},
                              'val': -3.895473664775446},
 'viol_bus_t_v_max': {'idx': {0: 'bus_0000', 1: 0}, 'val': 0.0},
 'viol_bus_t_v_min': {'idx': {0: 'bus_0000', 1: 0}, 'val': 0.0},
 'viol_cs_t_p_off_max': {'idx': {0: 'sd_0615', 1: 0}, 'val': 0.0},
 'viol_cs_t_p_off_min': {'idx': {0: 'sd_0615', 1: 0}, 'val': 0.0},
 'viol_cs_t_p_on_max': {'idx': {0: 'sd_0615', 1: 0}, 'val': 0.0},
 'viol_cs_t_p_on_min': {'idx': {0: 'sd_0615', 1: 0}, 'val': 0.0},
 'viol_cs_t_q_max': {'idx': {0: 'sd_0615', 1: 0}, 'val': 0.0},
 'viol_cs_t_q_min': {'idx': {0: 'sd_0615', 1: 0}, 'val': 0.0},
 'viol_cs_t_q_p_max': {'idx': {0: None, 1: None}, 'val': None},
 'viol_cs_t_q_p_min': {'idx': {0: None, 1: None}, 'val': None},
 'viol_dcl_t_p_max': {'idx': {0: None, 1: None}, 'val': None},
 'viol_dcl_t_p_min': {'idx': {0: None, 1: None}, 'val': None},
 'viol_dcl_t_q_fr_max': {'idx': {0: None, 1: None}, 'val': None},
 'viol_dcl_t_q_fr_min': {'idx': {0: None, 1: None}, 'val': None},
 'viol_dcl_t_q_to_max': {'idx': {0: None, 1: None}, 'val': None},
 'viol_dcl_t_q_to_min': {'idx': {0: None, 1: None}, 'val': None},
 'viol_pr_t_p_off_max': {'idx': {0: 'sd_0000', 1: 0}, 'val': 0.0},
 'viol_pr_t_p_off_min': {'idx': {0: 'sd_0000', 1: 0}, 'val': 0.0},
 'viol_pr_t_p_on_max': {'idx': {0: 'sd_0000', 1: 0}, 'val': 0.0},
 'viol_pr_t_p_on_min': {'idx': {0: 'sd_0000', 1: 0}, 'val': 0.0},
 'viol_pr_t_q_max': {'idx': {0: 'sd_0000', 1: 0}, 'val': 0.0},
 'viol_pr_t_q_min': {'idx': {0: 'sd_0000', 1: 0}, 'val': 0.0},
 'viol_pr_t_q_p_max': {'idx': {0: None, 1: None}, 'val': None},
 'viol_pr_t_q_p_min': {'idx': {0: None, 1: None}, 'val': None},
 'viol_prz_t_p_nsc_balance': {'idx': {0: 'prz_0', 1: 16},
                              'val': 27.750066931279008},
 'viol_prz_t_p_rgd_balance': {'idx': {0: 'prz_0', 1: 16},
                              'val': 2.7236615312905856},
 'viol_prz_t_p_rgu_balance': {'idx': {0: 'prz_0', 1: 16},
                              'val': 2.7236615312905856},
 'viol_prz_t_p_rrd_balance': {'idx': {0: 'prz_0', 1: 0}, 'val': 0.0},
 'viol_prz_t_p_rru_balance': {'idx': {0: 'prz_0', 1: 0}, 'val': 0.0},
 'viol_prz_t_p_scr_balance': {'idx': {0: 'prz_0', 1: 16},
                              'val': 15.236864231284798},
 'viol_qrz_t_q_qrd_balance': {'idx': {0: 'qrz_0', 1: 0}, 'val': 0.0},
 'viol_qrz_t_q_qru_balance': {'idx': {0: 'qrz_0', 1: 0}, 'val': 0.0},
 'viol_sd_max_energy_constr': {'idx': {0: 'sd_0000', 1: 0}, 'val': 0.0},
 'viol_sd_max_startup_constr': {'idx': {0: 'sd_0000', 1: 0}, 'val': 0},
 'viol_sd_min_energy_constr': {'idx': {0: 'sd_0000', 1: 0}, 'val': 0.0},
 'viol_sd_t_d_dn_min': {'idx': {0: 'sd_0000', 1: 0}, 'val': 0},
 'viol_sd_t_d_up_min': {'idx': {0: 'sd_0000', 1: 0}, 'val': 0},
 'viol_sd_t_p_nsc_max': {'idx': {0: 'sd_0000', 1: 0}, 'val': 0.0},
 'viol_sd_t_p_nsc_nonneg': {'idx': {0: 'sd_0000', 1: 0}, 'val': -0.0},
 'viol_sd_t_p_ramp_dn_max': {'idx': {0: 'sd_0000', 1: 0}, 'val': 0.0},
 'viol_sd_t_p_ramp_up_max': {'idx': {0: 'sd_0000', 1: 0}, 'val': 0.0},
 'viol_sd_t_p_rgd_max': {'idx': {0: 'sd_0000', 1: 0}, 'val': 0.0},
 'viol_sd_t_p_rgd_nonneg': {'idx': {0: 'sd_0000', 1: 0}, 'val': -0.0},
 'viol_sd_t_p_rgu_max': {'idx': {0: 'sd_0000', 1: 0}, 'val': 0.0},
 'viol_sd_t_p_rgu_nonneg': {'idx': {0: 'sd_0000', 1: 0}, 'val': -0.0},
 'viol_sd_t_p_rrd_off_max': {'idx': {0: 'sd_0000', 1: 0}, 'val': 0.0},
 'viol_sd_t_p_rrd_off_nonneg': {'idx': {0: 'sd_0000', 1: 0}, 'val': -0.0},
 'viol_sd_t_p_rrd_on_max': {'idx': {0: 'sd_0000', 1: 0}, 'val': 0.0},
 'viol_sd_t_p_rrd_on_nonneg': {'idx': {0: 'sd_0000', 1: 0}, 'val': -0.0},
 'viol_sd_t_p_rru_off_max': {'idx': {0: 'sd_0000', 1: 0}, 'val': 0.0},
 'viol_sd_t_p_rru_off_nonneg': {'idx': {0: 'sd_0000', 1: 0}, 'val': -0.0},
 'viol_sd_t_p_rru_on_max': {'idx': {0: 'sd_0000', 1: 0}, 'val': 0.0},
 'viol_sd_t_p_rru_on_nonneg': {'idx': {0: 'sd_0000', 1: 0}, 'val': -0.0},
 'viol_sd_t_p_scr_max': {'idx': {0: 'sd_0000', 1: 0}, 'val': 0.0},
 'viol_sd_t_p_scr_nonneg': {'idx': {0: 'sd_0000', 1: 0}, 'val': -0.0},
 'viol_sd_t_q_qrd_nonneg': {'idx': {0: 'sd_0000', 1: 0}, 'val': -0.0},
 'viol_sd_t_q_qru_nonneg': {'idx': {0: 'sd_0000', 1: 0}, 'val': -0.0},
 'viol_sd_t_u_on_max': {'idx': {0: 'sd_0000', 1: 0}, 'val': 0},
 'viol_sd_t_u_on_min': {'idx': {0: 'sd_0000', 1: 0}, 'val': 0},
 'viol_sh_t_u_st_max': {'idx': {0: 'sh_00', 1: 0}, 'val': 0},
 'viol_sh_t_u_st_min': {'idx': {0: 'sh_00', 1: 0}, 'val': 0},
 'viol_t_connected_base': {'idx': {0: 0}, 'val': 0},
 'viol_t_connected_ctg': {'idx': {0: 0}, 'val': 0},
 'viol_xfr_acl_t_s_max_ctg': {'idx': {0: None, 1: None, 2: None}, 'val': 0.0},
 'viol_xfr_dcl_t_s_max_ctg': {'idx': {0: None, 1: None, 2: None}, 'val': 0.0},
 'viol_xfr_t_phi_max': {'idx': {0: 'xfr_000', 1: 0}, 'val': 0.0},
 'viol_xfr_t_phi_min': {'idx': {0: 'xfr_000', 1: 0}, 'val': 0.0},
 'viol_xfr_t_s_max': {'idx': {0: 'xfr_000', 1: 0}, 'val': 0.0},
 'viol_xfr_t_tau_max': {'idx': {0: 'xfr_000', 1: 0}, 'val': 0.0},
 'viol_xfr_t_tau_min': {'idx': {0: 'xfr_000', 1: 0}, 'val': 0.0},
 'viol_xfr_t_u_sd_max': {'idx': {0: 'xfr_000', 1: 0}, 'val': 0},
 'viol_xfr_t_u_su_max': {'idx': {0: 'xfr_000', 1: 0}, 'val': 0},
 'viol_xfr_xfr_t_s_max_ctg': {'idx': {0: None, 1: None, 2: None}, 'val': 0.0},
 'z': -42237254.388648674,
 'z_base': -42237254.388648674,
 'z_cost': 1632705.2747399898,
 'z_k_average_case': 0.0,
 'z_k_worst_case': 0.0,
 'z_max_energy': 0.0,
 'z_min_energy': 0.0,
 'z_penalty': 168098592.4524418,
 'z_value': 127494043.33853313}
infeasibility summary:
{}
feas: 1
obj: -42237254.388648674
evaluate solution time: 4.2140326499938965
end of check_data(), memory info: {'rss bytes': 415875072, 'rss human': '396.6M', 'percent': 0.15389669580465531}
