/rcfs/dtn/arpacomp/.conda/envs/goc_eval/lib/python3.10/site-packages/scipy/sparse/linalg/_dsolve/linsolve.py:347: SparseEfficiencyWarning: splu converted its input to CSC format
  warn('splu converted its input to CSC format', SparseEfficiencyWarning)
args:
Namespace(problem_opt=None, problem='/qfs/projects/goc/share/data/C3/E1/D1/C3E1N01576D1/scenario_129.json', solution='/qfs/projects/goc/share/data/C3/E1/D1/C3E1N01576D1/scenario_129.json.pop_solution.json', configuration=None, parameters='{}', summary_csv='summary.csv', summary_json='summary.json', data_errors='data_errors.txt', ignored_errors='ignored_errors.txt', solution_errors='solution_errors.txt', pop_solution=None, scrubbed_problem=None)
problem data file: /qfs/projects/goc/share/data/C3/E1/D1/C3E1N01576D1/scenario_129.json

pop solution data file: None

solution data file: /qfs/projects/goc/share/data/C3/E1/D1/C3E1N01576D1/scenario_129.json.pop_solution.json

git info: {'C3DataUtilities': {'branch': None, 'commit': '417faef61bd7caf40b3ea0dc36c5e033ca7ea3d5', 'date': 'Fri Dec 30 07:03:34 2022 -0800', 'query_return_code': 0, 'query_err': '', 'query_path': '/qfs/projects/goc/share/loadbalancing/src/nonmpi-template/Challenge3/C3DataUtilities/datautilities', 'query_out': 'commit 417faef61bd7caf40b3ea0dc36c5e033ca7ea3d5\nAuthor: Jesse T Holzer <jesse.holzer@pnnl.gov>\nDate:   Fri Dec 30 07:03:34 2022 -0800\n\n    add z_value, z_cost, z_penalty components of z_base\n'}, 'Bid-DS-data-model': {'branch': None, 'commit': None, 'date': None, 'query_return_code': 128, 'query_err': 'fatal: Not a git repository (or any parent up to mount point /rcfs)\nStopping at filesystem boundary (GIT_DISCOVERY_ACROSS_FILESYSTEM not set).\n', 'query_path': '/rcfs/dtn/arpacomp/.conda/envs/goc_eval/lib/python3.10/site-packages/datamodel', 'query_out': ''}}

after reading problem without validation, memory info: {'rss bytes': 183054336, 'rss human': '174.6M', 'percent': 0.06774019257185765}
read problem data file without validation time: 0.3479337692260742
after reading problem with validation, memory info: {'rss bytes': 315285504, 'rss human': '300.7M', 'percent': 0.11667301208355531}
load time: 2.876768112182617
{'general': {'base_norm_mva': 100.0,
             'day_type': None,
             'electricity_demand': None,
             'net_load': None,
             'season': None,
             'solar_availability': None,
             'timestamp_start': None,
             'timestamp_stop': None,
             'vre_availability': None,
             'weather_temperature': None,
             'wind_availability': None},
 'interval durations': [0.25,
                        0.25,
                        0.25,
                        0.25,
                        0.25,
                        0.25,
                        0.25,
                        0.25,
                        0.5,
                        0.5,
                        0.5,
                        0.5,
                        0.5,
                        0.5,
                        0.5,
                        0.5,
                        1.0,
                        1.0],
 'num ac lines': 2227,
 'num buses': 1576,
 'num consuming devices': 1449,
 'num contingencies': 219,
 'num dc lines': 0,
 'num intervals': 18,
 'num producing devices': 615,
 'num reactive power reserve zones': 2,
 'num real power reserve zones': 2,
 'num shunts': 68,
 'num simple dispatchable devices': 2064,
 'num transformers': 144,
 'total duration': 8.0,
 'violation costs': {'e_vio_cost': 100000.0,
                     'p_bus_vio_cost': 100000.0,
                     'q_bus_vio_cost': 100000.0,
                     's_vio_cost': 100000.0}}
after read solution without validation, memory info: {'rss bytes': 323665920, 'rss human': '308.7M', 'percent': 0.1197742278541136}
read solution data file without validation time: 0.0950779914855957
after read solution with validation, memory info: {'rss bytes': 356917248, 'rss human': '340.4M', 'percent': 0.13207905171794168}
solution load time: 1.0790913105010986
after solution_model_checks(), memory info: {'rss bytes': 356917248, 'rss human': '340.4M', 'percent': 0.13207905171794168}
solution model_checks time: 0.01524972915649414
{}
after problem_data_array.set_from_data_model(), memory info: {'rss bytes': 368852992, 'rss human': '351.8M', 'percent': 0.13649593478510044}
convert problem data to numpy arrays time: 0.47133970260620117
after solution_data_array.set_from_data_model(), memory info: {'rss bytes': 373440512, 'rss human': '356.1M', 'percent': 0.13819357000652044}
convert solution data to numpy arrays time: 0.043671369552612305
function: set_summary, time: 0.0001685619354248047
function: set_problem, time: 7.152557373046875e-07
function: set_solution, time: 3.814697265625e-06
function: set_solution_zero, time: 0.00039839744567871094
function: set_work_zero, time: 0.00043320655822753906
function: set_matrices, time: 0.004863739013671875
function: __init__, time: 0.005894184112548828
function: eval_sd_t_d_up_dn, time: 0.0008566379547119141
function: eval_sd_max_startup, time: 0.046478271484375
function: eval_sd_t_z_sus, time: 0.03354358673095703
function: eval_acl_t_p_q_fr_to, time: 0.002514362335205078
function: eval_xfr_t_p_q_fr_to, time: 0.00024580955505371094
function: eval_sd_t_su_sd_trajectories, time: 0.0004107952117919922
function: eval_sd_max_energy, time: 0.0012011528015136719
function: eval_sd_min_energy, time: 0.0006992816925048828
function: eval_sd_t_z_p, time: 0.09755110740661621
function: eval_bus_t_p, time: 0.0011124610900878906
function: eval_bus_t_q, time: 0.00047707557678222656
sd_t_p_rgu sum: 0.0
prz_sigma_rgu max: 0.01
prz_t_p_rgu_req max: 3.1427791604267106
sd_t_p_rgd sum: 0.0
prz_sigma_rgd max: 0.01
prz_t_p_rgd_req max: 3.1427791604267106
sd_t_p_scr sum: 0.0
prz_sigma_scr max: 1.0
prz_t_p_scr_req max: 12.513202695427653
sd_t_p_nsc sum: 0.0
prz_sigma_nsc max: 1.0
prz_t_p_nsc_req max: 12.513202695427653
sd_t_p_rru sum: 0.0
prz_t_p_rru_min max: 0.0
sd_t_p_rrd sum: 0.0
prz_t_p_rrd_min max: 0.0
sd_t_p_qru sum: 0.0
qrz_t_q_qru_min max: 0.0
sd_t_p_qrd sum: 0.0
qrz_t_q_qrd_min max: 0.0
function: get_connected_components, time: 0.008425474166870117
function: get_bridges, time: 0.02741384506225586
function: get_connected_components, time: 0.006627321243286133
function: get_bridges, time: 0.02722001075744629
function: get_connected_components, time: 0.006751060485839844
function: get_bridges, time: 0.02707386016845703
function: get_connected_components, time: 0.0067386627197265625
function: get_bridges, time: 0.02724766731262207
function: get_connected_components, time: 0.006751537322998047
function: get_bridges, time: 0.027350664138793945
function: get_connected_components, time: 0.006713151931762695
function: get_bridges, time: 0.027176618576049805
function: get_connected_components, time: 0.00695490837097168
function: get_bridges, time: 0.027288436889648438
function: get_connected_components, time: 0.006890296936035156
function: get_bridges, time: 0.027247190475463867
function: get_connected_components, time: 0.00686955451965332
function: get_bridges, time: 0.02719855308532715
function: get_connected_components, time: 0.006944179534912109
function: get_bridges, time: 0.02735447883605957
function: get_connected_components, time: 0.006936311721801758
function: get_bridges, time: 0.027417898178100586
function: get_connected_components, time: 0.006934642791748047
function: get_bridges, time: 0.02731776237487793
function: get_connected_components, time: 0.006854534149169922
function: get_bridges, time: 0.027332305908203125
function: get_connected_components, time: 0.006785392761230469
function: get_bridges, time: 0.027608156204223633
function: get_connected_components, time: 0.006890773773193359
function: get_bridges, time: 0.027682065963745117
function: get_connected_components, time: 0.006773948669433594
function: get_bridges, time: 0.027673959732055664
function: get_connected_components, time: 0.006790876388549805
function: get_bridges, time: 0.027435779571533203
function: get_connected_components, time: 0.006932258605957031
function: get_bridges, time: 0.02756977081298828
end of eval_connectedness(), memory info: {'rss bytes': 414076928, 'rss human': '394.9M', 'percent': 0.15323128342768802}
function: eval_connectedness, time: 0.6452183723449707
problem dimensions. bus: 1576, acl: 2227, xfr: 144, dcl: 0, k: 219, t: 18
construct static bus admittance matrix. time: 0.0010001659393310547
factor static bus admittance matrix. time: 0.006954669952392578
t_acl_delta_t: [array([], dtype=int64), array([], dtype=int64), array([], dtype=int64), array([], dtype=int64), array([], dtype=int64), array([], dtype=int64), array([], dtype=int64), array([], dtype=int64), array([], dtype=int64), array([], dtype=int64), array([], dtype=int64), array([], dtype=int64), array([], dtype=int64), array([], dtype=int64), array([], dtype=int64), array([], dtype=int64), array([], dtype=int64), array([], dtype=int64)], t_xfr_delta_t: [array([], dtype=int64), array([], dtype=int64), array([], dtype=int64), array([], dtype=int64), array([], dtype=int64), array([], dtype=int64), array([], dtype=int64), array([], dtype=int64), array([], dtype=int64), array([], dtype=int64), array([], dtype=int64), array([], dtype=int64), array([], dtype=int64), array([], dtype=int64), array([], dtype=int64), array([], dtype=int64), array([], dtype=int64), array([], dtype=int64)], t_br_delta_t: [array([], dtype=int64), array([], dtype=int64), array([], dtype=int64), array([], dtype=int64), array([], dtype=int64), array([], dtype=int64), array([], dtype=int64), array([], dtype=int64), array([], dtype=int64), array([], dtype=int64), array([], dtype=int64), array([], dtype=int64), array([], dtype=int64), array([], dtype=int64), array([], dtype=int64), array([], dtype=int64), array([], dtype=int64), array([], dtype=int64)], acl_delta_t: [], xfr_delta_t: [], br_delta_t: []
contingency delta branches. acl: 219, xfr: 0, dcl: 0
construct bus,t-indexed right hand side. time: 0.0003256797790527344
solve for base case bus,t-indexed theta. time: 0.15497851371765137
num AC branches with possible violations in ACL contingencies: 0
num AC branches with possible violations in DCL contingencies: 0
num AC branches with possible violations in XFR contingencies: 0
t: 0, time: 0.1559925079345703, memory_info: {'rss bytes': 449392640, 'rss human': '428.6M', 'percent': 0.16630004314115507}
num AC branches with possible violations in ACL contingencies: 0
num AC branches with possible violations in DCL contingencies: 0
num AC branches with possible violations in XFR contingencies: 0
t: 1, time: 0.14961504936218262, memory_info: {'rss bytes': 454156288, 'rss human': '433.1M', 'percent': 0.1680628554291117}
num AC branches with possible violations in ACL contingencies: 0
num AC branches with possible violations in DCL contingencies: 0
num AC branches with possible violations in XFR contingencies: 0
t: 2, time: 0.1337742805480957, memory_info: {'rss bytes': 454893568, 'rss human': '433.8M', 'percent': 0.16833568966112564}
num AC branches with possible violations in ACL contingencies: 0
num AC branches with possible violations in DCL contingencies: 0
num AC branches with possible violations in XFR contingencies: 0
t: 3, time: 0.16112446784973145, memory_info: {'rss bytes': 454893568, 'rss human': '433.8M', 'percent': 0.16833568966112564}
num AC branches with possible violations in ACL contingencies: 0
num AC branches with possible violations in DCL contingencies: 0
num AC branches with possible violations in XFR contingencies: 0
t: 4, time: 0.16053295135498047, memory_info: {'rss bytes': 454893568, 'rss human': '433.8M', 'percent': 0.16833568966112564}
num AC branches with possible violations in ACL contingencies: 0
num AC branches with possible violations in DCL contingencies: 0
num AC branches with possible violations in XFR contingencies: 0
t: 5, time: 0.15107083320617676, memory_info: {'rss bytes': 455512064, 'rss human': '434.4M', 'percent': 0.16856456726687064}
num AC branches with possible violations in ACL contingencies: 0
num AC branches with possible violations in DCL contingencies: 0
num AC branches with possible violations in XFR contingencies: 0
t: 6, time: 0.14850831031799316, memory_info: {'rss bytes': 455512064, 'rss human': '434.4M', 'percent': 0.16856456726687064}
num AC branches with possible violations in ACL contingencies: 0
num AC branches with possible violations in DCL contingencies: 0
num AC branches with possible violations in XFR contingencies: 0
t: 7, time: 0.1438140869140625, memory_info: {'rss bytes': 455512064, 'rss human': '434.4M', 'percent': 0.16856456726687064}
num AC branches with possible violations in ACL contingencies: 0
num AC branches with possible violations in DCL contingencies: 0
num AC branches with possible violations in XFR contingencies: 0
t: 8, time: 0.14767193794250488, memory_info: {'rss bytes': 455512064, 'rss human': '434.4M', 'percent': 0.16856456726687064}
num AC branches with possible violations in ACL contingencies: 0
num AC branches with possible violations in DCL contingencies: 0
num AC branches with possible violations in XFR contingencies: 0
t: 9, time: 0.14668059349060059, memory_info: {'rss bytes': 455512064, 'rss human': '434.4M', 'percent': 0.16856456726687064}
num AC branches with possible violations in ACL contingencies: 0
num AC branches with possible violations in DCL contingencies: 0
num AC branches with possible violations in XFR contingencies: 0
t: 10, time: 0.13869380950927734, memory_info: {'rss bytes': 455675904, 'rss human': '434.6M', 'percent': 0.1686251970962071}
num AC branches with possible violations in ACL contingencies: 0
num AC branches with possible violations in DCL contingencies: 0
num AC branches with possible violations in XFR contingencies: 0
t: 11, time: 0.09435629844665527, memory_info: {'rss bytes': 455675904, 'rss human': '434.6M', 'percent': 0.1686251970962071}
num AC branches with possible violations in ACL contingencies: 0
num AC branches with possible violations in DCL contingencies: 0
num AC branches with possible violations in XFR contingencies: 0
t: 12, time: 0.09765172004699707, memory_info: {'rss bytes': 455675904, 'rss human': '434.6M', 'percent': 0.1686251970962071}
num AC branches with possible violations in ACL contingencies: 0
num AC branches with possible violations in DCL contingencies: 0
num AC branches with possible violations in XFR contingencies: 0
t: 13, time: 0.09857654571533203, memory_info: {'rss bytes': 455675904, 'rss human': '434.6M', 'percent': 0.1686251970962071}
num AC branches with possible violations in ACL contingencies: 0
num AC branches with possible violations in DCL contingencies: 0
num AC branches with possible violations in XFR contingencies: 0
t: 14, time: 0.0906071662902832, memory_info: {'rss bytes': 455675904, 'rss human': '434.6M', 'percent': 0.1686251970962071}
num AC branches with possible violations in ACL contingencies: 0
num AC branches with possible violations in DCL contingencies: 0
num AC branches with possible violations in XFR contingencies: 0
t: 15, time: 0.09095525741577148, memory_info: {'rss bytes': 455675904, 'rss human': '434.6M', 'percent': 0.1686251970962071}
num AC branches with possible violations in ACL contingencies: 0
num AC branches with possible violations in DCL contingencies: 0
num AC branches with possible violations in XFR contingencies: 0
t: 16, time: 0.13805651664733887, memory_info: {'rss bytes': 455675904, 'rss human': '434.6M', 'percent': 0.1686251970962071}
num AC branches with possible violations in ACL contingencies: 0
num AC branches with possible violations in DCL contingencies: 0
num AC branches with possible violations in XFR contingencies: 0
t: 17, time: 0.14569902420043945, memory_info: {'rss bytes': 455675904, 'rss human': '434.6M', 'percent': 0.1686251970962071}
initialize_m_w_time: 0.001987934112548828
compute_static_w_time: 0.13353514671325684
get_time_varying_branch_characteristics_time: 0.001447916030883789
construct_a_t_time: 0.009363412857055664
factor_a_t_time: 0.035088300704956055
compute_w_with_t_a_solve_time: 1.460245132446289
compute_v_t_time: 2.1457672119140625e-06
compute_w_with_t_smw_time: 1.9073486328125e-06
compute_v_time: 0.0034363269805908203
compute_bus_theta_with_t_a_solve_time: 0.0025093555450439453
compute_bus_theta_with_t_smw_time: 1.430511474609375e-06
compute_br_p_time: 0.002577066421508789
apply_w_v_wt_time: 0.007132291793823242
compute_bus_dtheta_rhs_dcl_k_time: 0.0028982162475585938
compute_w_v_wt_xfr_k_time: 0.0026082992553710938
compute_bus_dtheta_rhs_xfr_k_time: 1.430511474609375e-06
compute_br_acl_delta_k_p_delta_time: 0.039485931396484375
compute_br_dcl_delta_k_p_delta_time: 0.0016448497772216797
compute_br_xfr_delta_k_p_delta_time: 0.0011844635009765625
filter_branches_acl_k_time: 0.011531352996826172
filter_branches_dcl_k_time: 0.0030608177185058594
filter_branches_xfr_k_time: 0.0029985904693603516
compute_br_acl_delta_k_p_time: 0.005381345748901367
compute_br_dcl_delta_k_p_time: 7.987022399902344e-05
compute_br_xfr_delta_k_p_time: 5.412101745605469e-05
compute_br_acl_delta_k_s_over_time: 0.7902405261993408
compute_br_dcl_delta_k_s_over_time: 0.0006232261657714844
compute_br_xfr_delta_k_s_over_time: 0.0005383491516113281
zero_out_time: 0.00010347366333007812
get_max_br_acl_delta_k_s_over_time: 0.002592325210571289
get_max_br_dcl_delta_k_s_over_time: 3.814697265625e-06
get_max_br_xfr_delta_k_s_over_time: 1.6689300537109375e-06
compute_br_k_z_time: 0.002538442611694336
collect_penalties_into_obj_array_time: 0.0002536773681640625
end of contingency model method 1, memory info: {'rss bytes': 455675904, 'rss human': '434.6M', 'percent': 0.1686251970962071}
function: eval_post_contingency_model, time: 2.7027041912078857
function: eval_post_contingency_model, time: 2.702718496322632
function: run, time: 3.5512423515319824
after solution_evaluator.run(), memory info: {'rss bytes': 429920256, 'rss human': '410.0M', 'percent': 0.1590941879245206}
evaluation summary:
{'feas': 1,
 'infeas': 0,
 'info_i_i_k_t_disconnected_ctg': {'idx': {0: None, 1: None, 2: None, 3: None},
                                   'val': 0},
 'info_i_i_t_disconnected_base': {'idx': {0: None, 1: None, 2: None}, 'val': 0},
 'sum_acl_t_u_sd': 0,
 'sum_acl_t_u_su': 0,
 'sum_acl_t_z_s': 0.0,
 'sum_acl_t_z_sd': 0.0,
 'sum_acl_t_z_su': 0.0,
 'sum_bus_t_z_p': 49062688.4102227,
 'sum_bus_t_z_q': 127383544.06302483,
 'sum_cs_t_z_p': 111671657.79709825,
 'sum_pr_t_z_p': 61126.337011090174,
 'sum_prz_t_z_nsc': 221828.1775452385,
 'sum_prz_t_z_rgd': 18909.03532181177,
 'sum_prz_t_z_rgu': 18909.03532181177,
 'sum_prz_t_z_rrd': 0.0,
 'sum_prz_t_z_rru': 0.0,
 'sum_prz_t_z_scr': 112409.368288557,
 'sum_qrz_t_z_qrd': 0.0,
 'sum_qrz_t_z_qru': 0.0,
 'sum_sd_t_sd': 0,
 'sum_sd_t_su': 0,
 'sum_sd_t_z_nsc': 0.0,
 'sum_sd_t_z_on': 1571578.8433080001,
 'sum_sd_t_z_qrd': 0.0,
 'sum_sd_t_z_qru': 0.0,
 'sum_sd_t_z_rgd': 0.0,
 'sum_sd_t_z_rgu': 0.0,
 'sum_sd_t_z_rrd_off': 0.0,
 'sum_sd_t_z_rrd_on': 0.0,
 'sum_sd_t_z_rru_off': 0.0,
 'sum_sd_t_z_rru_on': 0.0,
 'sum_sd_t_z_scr': 0.0,
 'sum_sd_t_z_sd': 0.0,
 'sum_sd_t_z_su': 0.0,
 'sum_sd_t_z_sus': 0.0,
 'sum_xfr_t_u_sd': 0,
 'sum_xfr_t_u_su': 0,
 'sum_xfr_t_z_s': 0.0,
 'sum_xfr_t_z_sd': 0.0,
 'sum_xfr_t_z_su': 0.0,
 'viol_acl_acl_t_s_max_ctg': {'idx': {0: None, 1: None, 2: None}, 'val': 0.0},
 'viol_acl_dcl_t_s_max_ctg': {'idx': {0: None, 1: None, 2: None}, 'val': 0.0},
 'viol_acl_t_s_max': {'idx': {0: 'acl_0000', 1: 0}, 'val': 0.0},
 'viol_acl_t_u_sd_max': {'idx': {0: 'acl_0000', 1: 0}, 'val': 0},
 'viol_acl_t_u_su_max': {'idx': {0: 'acl_0000', 1: 0}, 'val': 0},
 'viol_acl_xfr_t_s_max_ctg': {'idx': {0: None, 1: None, 2: None}, 'val': 0.0},
 'viol_bus_t_p_balance_max': {'idx': {0: 'bus_0758', 1: 8},
                              'val': 2.6745504930080233},
 'viol_bus_t_p_balance_min': {'idx': {0: 'bus_1492', 1: 17},
                              'val': -2.936613289322924},
 'viol_bus_t_q_balance_max': {'idx': {0: 'bus_1492', 1: 0},
                              'val': 5.0658154877624915},
 'viol_bus_t_q_balance_min': {'idx': {0: 'bus_0394', 1: 0},
                              'val': -3.895473664775446},
 'viol_bus_t_v_max': {'idx': {0: 'bus_0000', 1: 0}, 'val': 0.0},
 'viol_bus_t_v_min': {'idx': {0: 'bus_0000', 1: 0}, 'val': 0.0},
 'viol_cs_t_p_off_max': {'idx': {0: 'sd_0615', 1: 0}, 'val': 0.0},
 'viol_cs_t_p_off_min': {'idx': {0: 'sd_0615', 1: 0}, 'val': 0.0},
 'viol_cs_t_p_on_max': {'idx': {0: 'sd_0615', 1: 0}, 'val': 0.0},
 'viol_cs_t_p_on_min': {'idx': {0: 'sd_0615', 1: 0}, 'val': 0.0},
 'viol_cs_t_q_max': {'idx': {0: 'sd_0615', 1: 0}, 'val': 0.0},
 'viol_cs_t_q_min': {'idx': {0: 'sd_0615', 1: 0}, 'val': 0.0},
 'viol_cs_t_q_p_max': {'idx': {0: None, 1: None}, 'val': None},
 'viol_cs_t_q_p_min': {'idx': {0: None, 1: None}, 'val': None},
 'viol_dcl_t_p_max': {'idx': {0: None, 1: None}, 'val': None},
 'viol_dcl_t_p_min': {'idx': {0: None, 1: None}, 'val': None},
 'viol_dcl_t_q_fr_max': {'idx': {0: None, 1: None}, 'val': None},
 'viol_dcl_t_q_fr_min': {'idx': {0: None, 1: None}, 'val': None},
 'viol_dcl_t_q_to_max': {'idx': {0: None, 1: None}, 'val': None},
 'viol_dcl_t_q_to_min': {'idx': {0: None, 1: None}, 'val': None},
 'viol_pr_t_p_off_max': {'idx': {0: 'sd_0000', 1: 0}, 'val': 0.0},
 'viol_pr_t_p_off_min': {'idx': {0: 'sd_0000', 1: 0}, 'val': 0.0},
 'viol_pr_t_p_on_max': {'idx': {0: 'sd_0000', 1: 0}, 'val': 0.0},
 'viol_pr_t_p_on_min': {'idx': {0: 'sd_0000', 1: 0}, 'val': 0.0},
 'viol_pr_t_q_max': {'idx': {0: 'sd_0000', 1: 0}, 'val': 0.0},
 'viol_pr_t_q_min': {'idx': {0: 'sd_0000', 1: 0}, 'val': 0.0},
 'viol_pr_t_q_p_max': {'idx': {0: None, 1: None}, 'val': None},
 'viol_pr_t_q_p_min': {'idx': {0: None, 1: None}, 'val': None},
 'viol_prz_t_p_nsc_balance': {'idx': {0: 'prz_0', 1: 0},
                              'val': 28.169184528842997},
 'viol_prz_t_p_rgd_balance': {'idx': {0: 'prz_0', 1: 0},
                              'val': 3.1427791604267106},
 'viol_prz_t_p_rgu_balance': {'idx': {0: 'prz_0', 1: 0},
                              'val': 3.1427791604267106},
 'viol_prz_t_p_rrd_balance': {'idx': {0: 'prz_0', 1: 0}, 'val': 0.0},
 'viol_prz_t_p_rru_balance': {'idx': {0: 'prz_0', 1: 0}, 'val': 0.0},
 'viol_prz_t_p_scr_balance': {'idx': {0: 'prz_0', 1: 0},
                              'val': 15.655981844634855},
 'viol_qrz_t_q_qrd_balance': {'idx': {0: 'qrz_0', 1: 0}, 'val': 0.0},
 'viol_qrz_t_q_qru_balance': {'idx': {0: 'qrz_0', 1: 0}, 'val': 0.0},
 'viol_sd_max_energy_constr': {'idx': {0: 'sd_0000', 1: 0}, 'val': 0.0},
 'viol_sd_max_startup_constr': {'idx': {0: 'sd_0000', 1: 0}, 'val': 0},
 'viol_sd_min_energy_constr': {'idx': {0: 'sd_0000', 1: 0}, 'val': 0.0},
 'viol_sd_t_d_dn_min': {'idx': {0: 'sd_0000', 1: 0}, 'val': 0},
 'viol_sd_t_d_up_min': {'idx': {0: 'sd_0000', 1: 0}, 'val': 0},
 'viol_sd_t_p_nsc_max': {'idx': {0: 'sd_0000', 1: 0}, 'val': 0.0},
 'viol_sd_t_p_nsc_nonneg': {'idx': {0: 'sd_0000', 1: 0}, 'val': -0.0},
 'viol_sd_t_p_ramp_dn_max': {'idx': {0: 'sd_0000', 1: 0}, 'val': 0.0},
 'viol_sd_t_p_ramp_up_max': {'idx': {0: 'sd_0000', 1: 0}, 'val': 0.0},
 'viol_sd_t_p_rgd_max': {'idx': {0: 'sd_0000', 1: 0}, 'val': 0.0},
 'viol_sd_t_p_rgd_nonneg': {'idx': {0: 'sd_0000', 1: 0}, 'val': -0.0},
 'viol_sd_t_p_rgu_max': {'idx': {0: 'sd_0000', 1: 0}, 'val': 0.0},
 'viol_sd_t_p_rgu_nonneg': {'idx': {0: 'sd_0000', 1: 0}, 'val': -0.0},
 'viol_sd_t_p_rrd_off_max': {'idx': {0: 'sd_0000', 1: 0}, 'val': 0.0},
 'viol_sd_t_p_rrd_off_nonneg': {'idx': {0: 'sd_0000', 1: 0}, 'val': -0.0},
 'viol_sd_t_p_rrd_on_max': {'idx': {0: 'sd_0000', 1: 0}, 'val': 0.0},
 'viol_sd_t_p_rrd_on_nonneg': {'idx': {0: 'sd_0000', 1: 0}, 'val': -0.0},
 'viol_sd_t_p_rru_off_max': {'idx': {0: 'sd_0000', 1: 0}, 'val': 0.0},
 'viol_sd_t_p_rru_off_nonneg': {'idx': {0: 'sd_0000', 1: 0}, 'val': -0.0},
 'viol_sd_t_p_rru_on_max': {'idx': {0: 'sd_0000', 1: 0}, 'val': 0.0},
 'viol_sd_t_p_rru_on_nonneg': {'idx': {0: 'sd_0000', 1: 0}, 'val': -0.0},
 'viol_sd_t_p_scr_max': {'idx': {0: 'sd_0000', 1: 0}, 'val': 0.0},
 'viol_sd_t_p_scr_nonneg': {'idx': {0: 'sd_0000', 1: 0}, 'val': -0.0},
 'viol_sd_t_q_qrd_nonneg': {'idx': {0: 'sd_0000', 1: 0}, 'val': -0.0},
 'viol_sd_t_q_qru_nonneg': {'idx': {0: 'sd_0000', 1: 0}, 'val': -0.0},
 'viol_sd_t_u_on_max': {'idx': {0: 'sd_0000', 1: 0}, 'val': 0},
 'viol_sd_t_u_on_min': {'idx': {0: 'sd_0000', 1: 0}, 'val': 0},
 'viol_sh_t_u_st_max': {'idx': {0: 'sh_00', 1: 0}, 'val': 0},
 'viol_sh_t_u_st_min': {'idx': {0: 'sh_00', 1: 0}, 'val': 0},
 'viol_t_connected_base': {'idx': {0: 0}, 'val': 0},
 'viol_t_connected_ctg': {'idx': {0: 0}, 'val': 0},
 'viol_xfr_acl_t_s_max_ctg': {'idx': {0: None, 1: None, 2: None}, 'val': 0.0},
 'viol_xfr_dcl_t_s_max_ctg': {'idx': {0: None, 1: None, 2: None}, 'val': 0.0},
 'viol_xfr_t_phi_max': {'idx': {0: 'xfr_000', 1: 0}, 'val': 0.0},
 'viol_xfr_t_phi_min': {'idx': {0: 'xfr_000', 1: 0}, 'val': 0.0},
 'viol_xfr_t_s_max': {'idx': {0: 'xfr_000', 1: 0}, 'val': 0.0},
 'viol_xfr_t_tau_max': {'idx': {0: 'xfr_000', 1: 0}, 'val': 0.0},
 'viol_xfr_t_tau_min': {'idx': {0: 'xfr_000', 1: 0}, 'val': 0.0},
 'viol_xfr_t_u_sd_max': {'idx': {0: 'xfr_000', 1: 0}, 'val': 0},
 'viol_xfr_t_u_su_max': {'idx': {0: 'xfr_000', 1: 0}, 'val': 0},
 'viol_xfr_xfr_t_s_max_ctg': {'idx': {0: None, 1: None, 2: None}, 'val': 0.0},
 'z': -66779335.47294578,
 'z_base': -66779335.47294578,
 'z_cost': 1632705.1803190904,
 'z_k_average_case': 0.0,
 'z_k_worst_case': 0.0,
 'z_max_energy': 0.0,
 'z_min_energy': 0.0,
 'z_penalty': 176818288.08972496,
 'z_value': 111671657.79709825}
infeasibility summary:
{}
feas: 1
obj: -66779335.47294578
evaluate solution time: 3.5603528022766113
end of check_data(), memory info: {'rss bytes': 430174208, 'rss human': '410.2M', 'percent': 0.15918816415999207}
