/rcfs/dtn/arpacomp/.conda/envs/goc_eval/lib/python3.10/site-packages/scipy/sparse/linalg/_dsolve/linsolve.py:347: SparseEfficiencyWarning: splu converted its input to CSC format
  warn('splu converted its input to CSC format', SparseEfficiencyWarning)
args:
Namespace(problem_opt=None, problem='/qfs/projects/goc/share/data/C3/E1/D1/C3E1N00037D1/scenario_114.json', solution='/qfs/projects/goc/share/data/C3/E1/D1/C3E1N00037D1/scenario_114.json.pop_solution.json', configuration=None, parameters='{}', summary_csv='summary.csv', summary_json='summary.json', data_errors='data_errors.txt', ignored_errors='ignored_errors.txt', solution_errors='solution_errors.txt', pop_solution=None, scrubbed_problem=None)
problem data file: /qfs/projects/goc/share/data/C3/E1/D1/C3E1N00037D1/scenario_114.json

pop solution data file: None

solution data file: /qfs/projects/goc/share/data/C3/E1/D1/C3E1N00037D1/scenario_114.json.pop_solution.json

git info: {'C3DataUtilities': {'branch': None, 'commit': '417faef61bd7caf40b3ea0dc36c5e033ca7ea3d5', 'date': 'Fri Dec 30 07:03:34 2022 -0800', 'query_return_code': 0, 'query_err': '', 'query_path': '/qfs/projects/goc/share/loadbalancing/src/nonmpi-template/Challenge3/C3DataUtilities/datautilities', 'query_out': 'commit 417faef61bd7caf40b3ea0dc36c5e033ca7ea3d5\nAuthor: Jesse T Holzer <jesse.holzer@pnnl.gov>\nDate:   Fri Dec 30 07:03:34 2022 -0800\n\n    add z_value, z_cost, z_penalty components of z_base\n'}, 'Bid-DS-data-model': {'branch': None, 'commit': None, 'date': None, 'query_return_code': 128, 'query_err': 'fatal: Not a git repository (or any parent up to mount point /rcfs)\nStopping at filesystem boundary (GIT_DISCOVERY_ACROSS_FILESYSTEM not set).\n', 'query_path': '/rcfs/dtn/arpacomp/.conda/envs/goc_eval/lib/python3.10/site-packages/datamodel', 'query_out': ''}}

after reading problem without validation, memory info: {'rss bytes': 120713216, 'rss human': '115.1M', 'percent': 0.04467218925741091}
read problem data file without validation time: 0.006162881851196289
after reading problem with validation, memory info: {'rss bytes': 123142144, 'rss human': '117.4M', 'percent': 0.045571059612324036}
load time: 0.045015573501586914
{'general': {'base_norm_mva': 100.0,
             'day_type': None,
             'electricity_demand': None,
             'net_load': None,
             'season': None,
             'solar_availability': None,
             'timestamp_start': None,
             'timestamp_stop': None,
             'vre_availability': None,
             'weather_temperature': None,
             'wind_availability': None},
 'interval durations': [0.25,
                        0.25,
                        0.25,
                        0.25,
                        0.25,
                        0.25,
                        0.25,
                        0.25,
                        0.5,
                        0.5,
                        0.5,
                        0.5,
                        0.5,
                        0.5,
                        0.5,
                        0.5,
                        1.0,
                        1.0],
 'num ac lines': 43,
 'num buses': 37,
 'num consuming devices': 26,
 'num contingencies': 40,
 'num dc lines': 0,
 'num intervals': 18,
 'num producing devices': 8,
 'num reactive power reserve zones': 2,
 'num real power reserve zones': 2,
 'num shunts': 8,
 'num simple dispatchable devices': 34,
 'num transformers': 14,
 'total duration': 8.0,
 'violation costs': {'e_vio_cost': 500.0,
                     'p_bus_vio_cost': 1000000.0,
                     'q_bus_vio_cost': 1000000.0,
                     's_vio_cost': 500.0}}
after read solution without validation, memory info: {'rss bytes': 123412480, 'rss human': '117.7M', 'percent': 0.045671102518604414}
read solution data file without validation time: 0.002435445785522461
after read solution with validation, memory info: {'rss bytes': 123953152, 'rss human': '118.2M', 'percent': 0.04587118833116518}
solution load time: 0.020716190338134766
after solution_model_checks(), memory info: {'rss bytes': 123953152, 'rss human': '118.2M', 'percent': 0.04587118833116518}
solution model_checks time: 0.0004124641418457031
{}
after problem_data_array.set_from_data_model(), memory info: {'rss bytes': 124456960, 'rss human': '118.7M', 'percent': 0.046057631929233164}
convert problem data to numpy arrays time: 0.006451129913330078
after solution_data_array.set_from_data_model(), memory info: {'rss bytes': 124456960, 'rss human': '118.7M', 'percent': 0.046057631929233164}
convert solution data to numpy arrays time: 0.0009114742279052734
function: set_summary, time: 0.00016069412231445312
function: set_problem, time: 4.76837158203125e-07
function: set_solution, time: 4.76837158203125e-06
function: set_solution_zero, time: 3.123283386230469e-05
function: set_work_zero, time: 6.127357482910156e-05
function: set_matrices, time: 0.0026955604553222656
function: __init__, time: 0.002976655960083008
function: eval_sd_t_d_up_dn, time: 0.0003228187561035156
function: eval_sd_max_startup, time: 1.0728836059570312e-05
function: eval_sd_t_z_sus, time: 6.127357482910156e-05
function: eval_acl_t_p_q_fr_to, time: 0.00013685226440429688
function: eval_xfr_t_p_q_fr_to, time: 9.822845458984375e-05
function: eval_sd_t_su_sd_trajectories, time: 2.3126602172851562e-05
function: eval_sd_max_energy, time: 1.6450881958007812e-05
function: eval_sd_min_energy, time: 1.5497207641601562e-05
function: eval_sd_t_z_p, time: 0.0017974376678466797
function: eval_bus_t_p, time: 0.0004639625549316406
function: eval_bus_t_q, time: 0.00012755393981933594
sd_t_p_rgu sum: 0.0
prz_sigma_rgu max: 0.0324216
prz_t_p_rgu_req max: 0.2259047590960081
sd_t_p_rgd sum: 0.0
prz_sigma_rgd max: 0.0283689
prz_t_p_rgd_req max: 0.19766666420900705
sd_t_p_scr sum: 0.0
prz_sigma_scr max: 0.2539692
prz_t_p_scr_req max: 0.4970323821054317
sd_t_p_nsc sum: 0.0
prz_sigma_nsc max: 0.14927445
prz_t_p_nsc_req max: 0.292138713950267
sd_t_p_rru sum: 0.0
prz_t_p_rru_min max: 0.13509
sd_t_p_rrd sum: 0.0
prz_t_p_rrd_min max: 0.13509
sd_t_p_qru sum: 0.0
qrz_t_q_qru_min max: 5.0272
sd_t_p_qrd sum: 0.0
qrz_t_q_qrd_min max: 5.1085
function: get_connected_components, time: 0.00040149688720703125
function: get_bridges, time: 0.0009200572967529297
function: get_connected_components, time: 0.000164031982421875
function: get_bridges, time: 0.0007064342498779297
function: get_connected_components, time: 0.00016164779663085938
function: get_bridges, time: 0.0006754398345947266
function: get_connected_components, time: 0.00015926361083984375
function: get_bridges, time: 0.0007038116455078125
function: get_connected_components, time: 0.0001590251922607422
function: get_bridges, time: 0.0006315708160400391
function: get_connected_components, time: 0.00016069412231445312
function: get_bridges, time: 0.0007283687591552734
function: get_connected_components, time: 0.00015926361083984375
function: get_bridges, time: 0.0006346702575683594
function: get_connected_components, time: 0.0001590251922607422
function: get_bridges, time: 0.0008504390716552734
function: get_connected_components, time: 0.0001575946807861328
function: get_bridges, time: 0.0006282329559326172
function: get_connected_components, time: 0.00015664100646972656
function: get_bridges, time: 0.0279541015625
function: get_connected_components, time: 0.0001842975616455078
function: get_bridges, time: 0.0006701946258544922
function: get_connected_components, time: 0.00015926361083984375
function: get_bridges, time: 0.0006871223449707031
function: get_connected_components, time: 0.00015926361083984375
function: get_bridges, time: 0.000629425048828125
function: get_connected_components, time: 0.00015735626220703125
function: get_bridges, time: 0.0007052421569824219
function: get_connected_components, time: 0.0001575946807861328
function: get_bridges, time: 0.0006330013275146484
function: get_connected_components, time: 0.0001583099365234375
function: get_bridges, time: 0.0006797313690185547
function: get_connected_components, time: 0.00015687942504882812
function: get_bridges, time: 0.0006260871887207031
function: get_connected_components, time: 0.00015687942504882812
function: get_bridges, time: 0.0006918907165527344
end of eval_connectedness(), memory info: {'rss bytes': 125239296, 'rss human': '119.4M', 'percent': 0.04634715003680215}
function: eval_connectedness, time: 0.045424461364746094
problem dimensions. bus: 37, acl: 43, xfr: 14, dcl: 0, k: 40, t: 18
construct static bus admittance matrix. time: 0.000982522964477539
factor static bus admittance matrix. time: 0.0029697418212890625
t_acl_delta_t: [array([], dtype=int64), array([], dtype=int64), array([], dtype=int64), array([], dtype=int64), array([], dtype=int64), array([], dtype=int64), array([], dtype=int64), array([], dtype=int64), array([], dtype=int64), array([], dtype=int64), array([], dtype=int64), array([], dtype=int64), array([], dtype=int64), array([], dtype=int64), array([], dtype=int64), array([], dtype=int64), array([], dtype=int64), array([], dtype=int64)], t_xfr_delta_t: [array([], dtype=int64), array([], dtype=int64), array([], dtype=int64), array([], dtype=int64), array([], dtype=int64), array([], dtype=int64), array([], dtype=int64), array([], dtype=int64), array([], dtype=int64), array([], dtype=int64), array([], dtype=int64), array([], dtype=int64), array([], dtype=int64), array([], dtype=int64), array([], dtype=int64), array([], dtype=int64), array([], dtype=int64), array([], dtype=int64)], t_br_delta_t: [array([], dtype=int64), array([], dtype=int64), array([], dtype=int64), array([], dtype=int64), array([], dtype=int64), array([], dtype=int64), array([], dtype=int64), array([], dtype=int64), array([], dtype=int64), array([], dtype=int64), array([], dtype=int64), array([], dtype=int64), array([], dtype=int64), array([], dtype=int64), array([], dtype=int64), array([], dtype=int64), array([], dtype=int64), array([], dtype=int64)], acl_delta_t: [], xfr_delta_t: [], br_delta_t: []
contingency delta branches. acl: 36, xfr: 4, dcl: 0
construct bus,t-indexed right hand side. time: 0.00011396408081054688
solve for base case bus,t-indexed theta. time: 0.04924440383911133
num AC branches with possible violations in ACL contingencies: 0
num AC branches with possible violations in DCL contingencies: 0
num AC branches with possible violations in XFR contingencies: 0
t: 0, time: 0.0034356117248535156, memory_info: {'rss bytes': 132820992, 'rss human': '126.7M', 'percent': 0.04915289881748375}
num AC branches with possible violations in ACL contingencies: 0
num AC branches with possible violations in DCL contingencies: 0
num AC branches with possible violations in XFR contingencies: 0
t: 1, time: 0.0025548934936523438, memory_info: {'rss bytes': 132820992, 'rss human': '126.7M', 'percent': 0.04915289881748375}
num AC branches with possible violations in ACL contingencies: 0
num AC branches with possible violations in DCL contingencies: 0
num AC branches with possible violations in XFR contingencies: 0
t: 2, time: 0.002596616744995117, memory_info: {'rss bytes': 132820992, 'rss human': '126.7M', 'percent': 0.04915289881748375}
num AC branches with possible violations in ACL contingencies: 0
num AC branches with possible violations in DCL contingencies: 0
num AC branches with possible violations in XFR contingencies: 0
t: 3, time: 0.002420186996459961, memory_info: {'rss bytes': 132820992, 'rss human': '126.7M', 'percent': 0.04915289881748375}
num AC branches with possible violations in ACL contingencies: 0
num AC branches with possible violations in DCL contingencies: 0
num AC branches with possible violations in XFR contingencies: 0
t: 4, time: 0.0025534629821777344, memory_info: {'rss bytes': 132820992, 'rss human': '126.7M', 'percent': 0.04915289881748375}
num AC branches with possible violations in ACL contingencies: 0
num AC branches with possible violations in DCL contingencies: 0
num AC branches with possible violations in XFR contingencies: 0
t: 5, time: 0.002497434616088867, memory_info: {'rss bytes': 132820992, 'rss human': '126.7M', 'percent': 0.04915289881748375}
num AC branches with possible violations in ACL contingencies: 0
num AC branches with possible violations in DCL contingencies: 0
num AC branches with possible violations in XFR contingencies: 0
t: 6, time: 0.0025262832641601562, memory_info: {'rss bytes': 132820992, 'rss human': '126.7M', 'percent': 0.04915289881748375}
num AC branches with possible violations in ACL contingencies: 0
num AC branches with possible violations in DCL contingencies: 0
num AC branches with possible violations in XFR contingencies: 0
t: 7, time: 0.002526521682739258, memory_info: {'rss bytes': 132820992, 'rss human': '126.7M', 'percent': 0.04915289881748375}
num AC branches with possible violations in ACL contingencies: 0
num AC branches with possible violations in DCL contingencies: 0
num AC branches with possible violations in XFR contingencies: 0
t: 8, time: 0.002485990524291992, memory_info: {'rss bytes': 132820992, 'rss human': '126.7M', 'percent': 0.04915289881748375}
num AC branches with possible violations in ACL contingencies: 0
num AC branches with possible violations in DCL contingencies: 0
num AC branches with possible violations in XFR contingencies: 0
t: 9, time: 0.0025103092193603516, memory_info: {'rss bytes': 132820992, 'rss human': '126.7M', 'percent': 0.04915289881748375}
num AC branches with possible violations in ACL contingencies: 0
num AC branches with possible violations in DCL contingencies: 0
num AC branches with possible violations in XFR contingencies: 0
t: 10, time: 0.0025267601013183594, memory_info: {'rss bytes': 132820992, 'rss human': '126.7M', 'percent': 0.04915289881748375}
num AC branches with possible violations in ACL contingencies: 0
num AC branches with possible violations in DCL contingencies: 0
num AC branches with possible violations in XFR contingencies: 0
t: 11, time: 0.002492189407348633, memory_info: {'rss bytes': 132820992, 'rss human': '126.7M', 'percent': 0.04915289881748375}
num AC branches with possible violations in ACL contingencies: 0
num AC branches with possible violations in DCL contingencies: 0
num AC branches with possible violations in XFR contingencies: 0
t: 12, time: 0.0025517940521240234, memory_info: {'rss bytes': 132820992, 'rss human': '126.7M', 'percent': 0.04915289881748375}
num AC branches with possible violations in ACL contingencies: 0
num AC branches with possible violations in DCL contingencies: 0
num AC branches with possible violations in XFR contingencies: 0
t: 13, time: 0.002547025680541992, memory_info: {'rss bytes': 132820992, 'rss human': '126.7M', 'percent': 0.04915289881748375}
num AC branches with possible violations in ACL contingencies: 0
num AC branches with possible violations in DCL contingencies: 0
num AC branches with possible violations in XFR contingencies: 0
t: 14, time: 0.0025060176849365234, memory_info: {'rss bytes': 132820992, 'rss human': '126.7M', 'percent': 0.04915289881748375}
num AC branches with possible violations in ACL contingencies: 0
num AC branches with possible violations in DCL contingencies: 0
num AC branches with possible violations in XFR contingencies: 0
t: 15, time: 0.0024585723876953125, memory_info: {'rss bytes': 132820992, 'rss human': '126.7M', 'percent': 0.04915289881748375}
num AC branches with possible violations in ACL contingencies: 0
num AC branches with possible violations in DCL contingencies: 0
num AC branches with possible violations in XFR contingencies: 0
t: 16, time: 0.002559661865234375, memory_info: {'rss bytes': 132820992, 'rss human': '126.7M', 'percent': 0.04915289881748375}
num AC branches with possible violations in ACL contingencies: 0
num AC branches with possible violations in DCL contingencies: 0
num AC branches with possible violations in XFR contingencies: 0
t: 17, time: 0.0024979114532470703, memory_info: {'rss bytes': 132820992, 'rss human': '126.7M', 'percent': 0.04915289881748375}
initialize_m_w_time: 0.0004801750183105469
compute_static_w_time: 0.0011315345764160156
get_time_varying_branch_characteristics_time: 0.0003578662872314453
construct_a_t_time: 0.005504131317138672
factor_a_t_time: 0.0029468536376953125
compute_w_with_t_a_solve_time: 0.02047443389892578
compute_v_t_time: 3.0994415283203125e-06
compute_w_with_t_smw_time: 2.1457672119140625e-06
compute_v_time: 0.0006392002105712891
compute_bus_theta_with_t_a_solve_time: 0.0001838207244873047
compute_bus_theta_with_t_smw_time: 2.86102294921875e-06
compute_br_p_time: 0.0016064643859863281
apply_w_v_wt_time: 0.0002751350402832031
compute_bus_dtheta_rhs_dcl_k_time: 0.00156402587890625
compute_w_v_wt_xfr_k_time: 0.002363920211791992
compute_bus_dtheta_rhs_xfr_k_time: 2.1457672119140625e-06
compute_br_acl_delta_k_p_delta_time: 0.0012407302856445312
compute_br_dcl_delta_k_p_delta_time: 0.00093841552734375
compute_br_xfr_delta_k_p_delta_time: 0.0009486675262451172
filter_branches_acl_k_time: 0.0008411407470703125
filter_branches_dcl_k_time: 0.0003275871276855469
filter_branches_xfr_k_time: 0.0006172657012939453
compute_br_acl_delta_k_p_time: 0.00011920928955078125
compute_br_dcl_delta_k_p_time: 5.841255187988281e-05
compute_br_xfr_delta_k_p_time: 6.580352783203125e-05
compute_br_acl_delta_k_s_over_time: 0.002428770065307617
compute_br_dcl_delta_k_s_over_time: 0.0002543926239013672
compute_br_xfr_delta_k_s_over_time: 0.0005156993865966797
zero_out_time: 8.0108642578125e-05
get_max_br_acl_delta_k_s_over_time: 0.0005562305450439453
get_max_br_dcl_delta_k_s_over_time: 3.337860107421875e-06
get_max_br_xfr_delta_k_s_over_time: 0.0003216266632080078
compute_br_k_z_time: 0.00046634674072265625
collect_penalties_into_obj_array_time: 0.0001995563507080078
end of contingency model method 1, memory info: {'rss bytes': 132820992, 'rss human': '126.7M', 'percent': 0.04915289881748375}
function: eval_post_contingency_model, time: 0.10617804527282715
function: eval_post_contingency_model, time: 0.10619044303894043
function: run, time: 0.15876436233520508
after solution_evaluator.run(), memory info: {'rss bytes': 132820992, 'rss human': '126.7M', 'percent': 0.04915289881748375}
evaluation summary:
{'feas': 1,
 'infeas': 0,
 'info_i_i_k_t_disconnected_ctg': {'idx': {0: None, 1: None, 2: None, 3: None},
                                   'val': 0},
 'info_i_i_t_disconnected_base': {'idx': {0: None, 1: None, 2: None}, 'val': 0},
 'sum_acl_t_u_sd': 0,
 'sum_acl_t_u_su': 0,
 'sum_acl_t_z_s': 0.0,
 'sum_acl_t_z_sd': 0.0,
 'sum_acl_t_z_su': 0.0,
 'sum_bus_t_z_p': 27736300.552322313,
 'sum_bus_t_z_q': 64594995.38007354,
 'sum_cs_t_z_p': 2924260.0563760004,
 'sum_pr_t_z_p': 32357.246652371392,
 'sum_prz_t_z_nsc': 191.86454470332552,
 'sum_prz_t_z_rgd': 1776.969526220211,
 'sum_prz_t_z_rgu': 2030.8223156802414,
 'sum_prz_t_z_rrd': 0.1280016,
 'sum_prz_t_z_rru': 0.1280016,
 'sum_prz_t_z_scr': 1719.9849172075371,
 'sum_qrz_t_z_qrd': 1229.3376000000003,
 'sum_qrz_t_z_qru': 1266.816,
 'sum_sd_t_sd': 0,
 'sum_sd_t_su': 0,
 'sum_sd_t_z_nsc': 0.0,
 'sum_sd_t_z_on': 26.400000000000002,
 'sum_sd_t_z_qrd': 0.0,
 'sum_sd_t_z_qru': 0.0,
 'sum_sd_t_z_rgd': 0.0,
 'sum_sd_t_z_rgu': 0.0,
 'sum_sd_t_z_rrd_off': 0.0,
 'sum_sd_t_z_rrd_on': 0.0,
 'sum_sd_t_z_rru_off': 0.0,
 'sum_sd_t_z_rru_on': 0.0,
 'sum_sd_t_z_scr': 0.0,
 'sum_sd_t_z_sd': 0.0,
 'sum_sd_t_z_su': 0.0,
 'sum_sd_t_z_sus': 0.0,
 'sum_xfr_t_u_sd': 0,
 'sum_xfr_t_u_su': 0,
 'sum_xfr_t_z_s': 0.0,
 'sum_xfr_t_z_sd': 0.0,
 'sum_xfr_t_z_su': 0.0,
 'viol_acl_acl_t_s_max_ctg': {'idx': {0: None, 1: None, 2: None}, 'val': 0.0},
 'viol_acl_dcl_t_s_max_ctg': {'idx': {0: None, 1: None, 2: None}, 'val': 0.0},
 'viol_acl_t_s_max': {'idx': {0: 'acl_00', 1: 0}, 'val': 0.0},
 'viol_acl_t_u_sd_max': {'idx': {0: 'acl_00', 1: 0}, 'val': 0},
 'viol_acl_t_u_su_max': {'idx': {0: 'acl_00', 1: 0}, 'val': 0},
 'viol_acl_xfr_t_s_max_ctg': {'idx': {0: None, 1: None, 2: None}, 'val': 0.0},
 'viol_bus_t_p_balance_max': {'idx': {0: 'bus_19', 1: 1},
                              'val': 1.0002192238739658},
 'viol_bus_t_p_balance_min': {'idx': {0: 'bus_28', 1: 0},
                              'val': -0.01596708746285369},
 'viol_bus_t_q_balance_max': {'idx': {0: 'bus_29', 1: 0},
                              'val': 0.6281374077415132},
 'viol_bus_t_q_balance_min': {'idx': {0: 'bus_08', 1: 17},
                              'val': -1.6916023086035954},
 'viol_bus_t_v_max': {'idx': {0: 'bus_00', 1: 0}, 'val': 0.0},
 'viol_bus_t_v_min': {'idx': {0: 'bus_00', 1: 0}, 'val': 0.0},
 'viol_cs_t_p_off_max': {'idx': {0: 'sd_08', 1: 0}, 'val': 0.0},
 'viol_cs_t_p_off_min': {'idx': {0: 'sd_08', 1: 0}, 'val': 0.0},
 'viol_cs_t_p_on_max': {'idx': {0: 'sd_08', 1: 0}, 'val': 0.0},
 'viol_cs_t_p_on_min': {'idx': {0: 'sd_08', 1: 0}, 'val': 0.0},
 'viol_cs_t_q_max': {'idx': {0: 'sd_08', 1: 0}, 'val': 0.0},
 'viol_cs_t_q_min': {'idx': {0: 'sd_08', 1: 0}, 'val': 0.0},
 'viol_cs_t_q_p_max': {'idx': {0: None, 1: None}, 'val': None},
 'viol_cs_t_q_p_min': {'idx': {0: None, 1: None}, 'val': None},
 'viol_dcl_t_p_max': {'idx': {0: None, 1: None}, 'val': None},
 'viol_dcl_t_p_min': {'idx': {0: None, 1: None}, 'val': None},
 'viol_dcl_t_q_fr_max': {'idx': {0: None, 1: None}, 'val': None},
 'viol_dcl_t_q_fr_min': {'idx': {0: None, 1: None}, 'val': None},
 'viol_dcl_t_q_to_max': {'idx': {0: None, 1: None}, 'val': None},
 'viol_dcl_t_q_to_min': {'idx': {0: None, 1: None}, 'val': None},
 'viol_pr_t_p_off_max': {'idx': {0: 'sd_00', 1: 0}, 'val': 0.0},
 'viol_pr_t_p_off_min': {'idx': {0: 'sd_00', 1: 0}, 'val': 0.0},
 'viol_pr_t_p_on_max': {'idx': {0: 'sd_00', 1: 0}, 'val': 0.0},
 'viol_pr_t_p_on_min': {'idx': {0: 'sd_00', 1: 0}, 'val': 0.0},
 'viol_pr_t_q_max': {'idx': {0: 'sd_00', 1: 0}, 'val': 0.0},
 'viol_pr_t_q_min': {'idx': {0: 'sd_00', 1: 0}, 'val': 0.0},
 'viol_pr_t_q_p_max': {'idx': {0: None, 1: None}, 'val': None},
 'viol_pr_t_q_p_min': {'idx': {0: None, 1: None}, 'val': None},
 'viol_prz_t_p_nsc_balance': {'idx': {0: 'prz_0', 1: 4},
                              'val': 1.0150758551517067},
 'viol_prz_t_p_rgd_balance': {'idx': {0: 'prz_0', 1: 4},
                              'val': 0.19766666420900705},
 'viol_prz_t_p_rgu_balance': {'idx': {0: 'prz_0', 1: 4},
                              'val': 0.2259047590960081},
 'viol_prz_t_p_rrd_balance': {'idx': {0: 'prz_0', 1: 0}, 'val': 0.13509},
 'viol_prz_t_p_rru_balance': {'idx': {0: 'prz_0', 1: 0}, 'val': 0.13509},
 'viol_prz_t_p_scr_balance': {'idx': {0: 'prz_0', 1: 4},
                              'val': 0.7229371412014398},
 'viol_qrz_t_q_qrd_balance': {'idx': {0: 'qrz_1', 1: 0}, 'val': 5.1085},
 'viol_qrz_t_q_qru_balance': {'idx': {0: 'qrz_1', 1: 0}, 'val': 5.0272},
 'viol_sd_max_energy_constr': {'idx': {0: 'sd_00', 1: 0}, 'val': 0.0},
 'viol_sd_max_startup_constr': {'idx': {0: 'sd_00', 1: 0}, 'val': 0},
 'viol_sd_min_energy_constr': {'idx': {0: 'sd_00', 1: 0}, 'val': 0.0},
 'viol_sd_t_d_dn_min': {'idx': {0: 'sd_00', 1: 0}, 'val': 0},
 'viol_sd_t_d_up_min': {'idx': {0: 'sd_00', 1: 0}, 'val': 0},
 'viol_sd_t_p_nsc_max': {'idx': {0: 'sd_00', 1: 0}, 'val': 0.0},
 'viol_sd_t_p_nsc_nonneg': {'idx': {0: 'sd_00', 1: 0}, 'val': -0.0},
 'viol_sd_t_p_ramp_dn_max': {'idx': {0: 'sd_00', 1: 0}, 'val': 0.0},
 'viol_sd_t_p_ramp_up_max': {'idx': {0: 'sd_00', 1: 0}, 'val': 0.0},
 'viol_sd_t_p_rgd_max': {'idx': {0: 'sd_00', 1: 0}, 'val': 0.0},
 'viol_sd_t_p_rgd_nonneg': {'idx': {0: 'sd_00', 1: 0}, 'val': -0.0},
 'viol_sd_t_p_rgu_max': {'idx': {0: 'sd_00', 1: 0}, 'val': 0.0},
 'viol_sd_t_p_rgu_nonneg': {'idx': {0: 'sd_00', 1: 0}, 'val': -0.0},
 'viol_sd_t_p_rrd_off_max': {'idx': {0: 'sd_00', 1: 0}, 'val': 0.0},
 'viol_sd_t_p_rrd_off_nonneg': {'idx': {0: 'sd_00', 1: 0}, 'val': -0.0},
 'viol_sd_t_p_rrd_on_max': {'idx': {0: 'sd_00', 1: 0}, 'val': 0.0},
 'viol_sd_t_p_rrd_on_nonneg': {'idx': {0: 'sd_00', 1: 0}, 'val': -0.0},
 'viol_sd_t_p_rru_off_max': {'idx': {0: 'sd_00', 1: 0}, 'val': 0.0},
 'viol_sd_t_p_rru_off_nonneg': {'idx': {0: 'sd_00', 1: 0}, 'val': -0.0},
 'viol_sd_t_p_rru_on_max': {'idx': {0: 'sd_00', 1: 0}, 'val': 0.0},
 'viol_sd_t_p_rru_on_nonneg': {'idx': {0: 'sd_00', 1: 0}, 'val': -0.0},
 'viol_sd_t_p_scr_max': {'idx': {0: 'sd_00', 1: 0}, 'val': 0.0},
 'viol_sd_t_p_scr_nonneg': {'idx': {0: 'sd_00', 1: 0}, 'val': -0.0},
 'viol_sd_t_q_qrd_nonneg': {'idx': {0: 'sd_00', 1: 0}, 'val': -0.0},
 'viol_sd_t_q_qru_nonneg': {'idx': {0: 'sd_00', 1: 0}, 'val': -0.0},
 'viol_sd_t_u_on_max': {'idx': {0: 'sd_00', 1: 0}, 'val': 0},
 'viol_sd_t_u_on_min': {'idx': {0: 'sd_00', 1: 0}, 'val': 0},
 'viol_sh_t_u_st_max': {'idx': {0: 'sh_0', 1: 0}, 'val': 0},
 'viol_sh_t_u_st_min': {'idx': {0: 'sh_0', 1: 0}, 'val': 0},
 'viol_t_connected_base': {'idx': {0: 0}, 'val': 0},
 'viol_t_connected_ctg': {'idx': {0: 0}, 'val': 0},
 'viol_xfr_acl_t_s_max_ctg': {'idx': {0: None, 1: None, 2: None}, 'val': 0.0},
 'viol_xfr_dcl_t_s_max_ctg': {'idx': {0: None, 1: None, 2: None}, 'val': 0.0},
 'viol_xfr_t_phi_max': {'idx': {0: 'xfr_00', 1: 0}, 'val': 0.0},
 'viol_xfr_t_phi_min': {'idx': {0: 'xfr_00', 1: 0}, 'val': 0.0},
 'viol_xfr_t_s_max': {'idx': {0: 'xfr_00', 1: 0}, 'val': 0.0},
 'viol_xfr_t_tau_max': {'idx': {0: 'xfr_00', 1: 0}, 'val': 0.0},
 'viol_xfr_t_tau_min': {'idx': {0: 'xfr_00', 1: 0}, 'val': 0.0},
 'viol_xfr_t_u_sd_max': {'idx': {0: 'xfr_00', 1: 0}, 'val': 0},
 'viol_xfr_t_u_su_max': {'idx': {0: 'xfr_00', 1: 0}, 'val': 0},
 'viol_xfr_xfr_t_s_max_ctg': {'idx': {0: None, 1: None, 2: None}, 'val': 0.0},
 'z': -89447635.57357922,
 'z_base': -89447635.57357922,
 'z_cost': 32383.646652371393,
 'z_k_average_case': 0.0,
 'z_k_worst_case': 0.0,
 'z_max_energy': 0.0,
 'z_min_energy': 0.0,
 'z_penalty': 92339511.98330286,
 'z_value': 2924260.0563760004}
infeasibility summary:
{}
feas: 1
obj: -89447635.57357922
evaluate solution time: 0.16492414474487305
end of check_data(), memory info: {'rss bytes': 133619712, 'rss human': '127.4M', 'percent': 0.04944848013149398}
