/rcfs/dtn/arpacomp/.conda/envs/goc_eval/lib/python3.10/site-packages/scipy/sparse/linalg/_dsolve/linsolve.py:347: SparseEfficiencyWarning: splu converted its input to CSC format
  warn('splu converted its input to CSC format', SparseEfficiencyWarning)
args:
Namespace(problem_opt=None, problem='/qfs/projects/goc/share/data/C3/E1/D1/C3E1N06049D1/scenario_058.json_scrubbed.json', solution='/qfs/projects/goc/share/data/C3/E1/D1/C3E1N06049D1/scenario_058.json.pop_solution.json', configuration=None, parameters='{}', summary_csv='summary.csv', summary_json='summary.json', data_errors='data_errors.txt', ignored_errors='ignored_errors.txt', solution_errors='solution_errors.txt', pop_solution=None, scrubbed_problem=None)
problem data file: /qfs/projects/goc/share/data/C3/E1/D1/C3E1N06049D1/scenario_058.json_scrubbed.json

pop solution data file: None

solution data file: /qfs/projects/goc/share/data/C3/E1/D1/C3E1N06049D1/scenario_058.json.pop_solution.json

git info: {'C3DataUtilities': {'branch': None, 'commit': '417faef61bd7caf40b3ea0dc36c5e033ca7ea3d5', 'date': 'Fri Dec 30 07:03:34 2022 -0800', 'query_return_code': 0, 'query_err': '', 'query_path': '/qfs/projects/goc/share/loadbalancing/src/nonmpi-template/Challenge3/C3DataUtilities/datautilities', 'query_out': 'commit 417faef61bd7caf40b3ea0dc36c5e033ca7ea3d5\nAuthor: Jesse T Holzer <jesse.holzer@pnnl.gov>\nDate:   Fri Dec 30 07:03:34 2022 -0800\n\n    add z_value, z_cost, z_penalty components of z_base\n'}, 'Bid-DS-data-model': {'branch': None, 'commit': None, 'date': None, 'query_return_code': 128, 'query_err': 'fatal: Not a git repository (or any parent up to mount point /rcfs)\nStopping at filesystem boundary (GIT_DISCOVERY_ACROSS_FILESYSTEM not set).\n', 'query_path': '/rcfs/dtn/arpacomp/.conda/envs/goc_eval/lib/python3.10/site-packages/datamodel', 'query_out': ''}}

after reading problem without validation, memory info: {'rss bytes': 250515456, 'rss human': '238.9M', 'percent': 0.0927395139610035}
read problem data file without validation time: 0.8853027820587158
after reading problem with validation, memory info: {'rss bytes': 532008960, 'rss human': '507.4M', 'percent': 0.19694693956647108}
load time: 5.936703681945801
{'general': {'base_norm_mva': 100.0,
             'day_type': None,
             'electricity_demand': None,
             'net_load': None,
             'season': None,
             'solar_availability': None,
             'timestamp_start': None,
             'timestamp_stop': None,
             'vre_availability': None,
             'weather_temperature': None,
             'wind_availability': None},
 'interval durations': [0.25,
                        0.25,
                        0.25,
                        0.25,
                        0.25,
                        0.25,
                        0.25,
                        0.25,
                        0.5,
                        0.5,
                        0.5,
                        0.5,
                        0.5,
                        0.5,
                        0.5,
                        0.5,
                        1.0,
                        1.0],
 'num ac lines': 4920,
 'num buses': 6049,
 'num consuming devices': 3368,
 'num contingencies': 3884,
 'num dc lines': 0,
 'num intervals': 18,
 'num producing devices': 468,
 'num reactive power reserve zones': 6,
 'num real power reserve zones': 6,
 'num shunts': 236,
 'num simple dispatchable devices': 3836,
 'num transformers': 3086,
 'total duration': 8.0,
 'violation costs': {'e_vio_cost': 900000.0,
                     'p_bus_vio_cost': 1000000.0,
                     'q_bus_vio_cost': 1000000.0,
                     's_vio_cost': 500.0}}
after read solution without validation, memory info: {'rss bytes': 557621248, 'rss human': '531.8M', 'percent': 0.20642847487161906}
read solution data file without validation time: 0.24245190620422363
after read solution with validation, memory info: {'rss bytes': 636289024, 'rss human': '606.8M', 'percent': 0.23555087485093648}
solution load time: 2.583153247833252
after solution_model_checks(), memory info: {'rss bytes': 636289024, 'rss human': '606.8M', 'percent': 0.23555087485093648}
solution model_checks time: 0.0416715145111084
{}
after problem_data_array.set_from_data_model(), memory info: {'rss bytes': 659779584, 'rss human': '629.2M', 'percent': 0.24424695752725561}
convert problem data to numpy arrays time: 1.0476124286651611
after solution_data_array.set_from_data_model(), memory info: {'rss bytes': 670314496, 'rss human': '639.3M', 'percent': 0.24814692695070686}
convert solution data to numpy arrays time: 0.10588693618774414
function: set_summary, time: 0.0001575946807861328
function: set_problem, time: 7.152557373046875e-07
function: set_solution, time: 5.7220458984375e-06
function: set_solution_zero, time: 0.00047516822814941406
function: set_work_zero, time: 0.0005166530609130859
function: set_matrices, time: 0.04359292984008789
function: __init__, time: 0.04477548599243164
function: eval_sd_t_d_up_dn, time: 0.0011854171752929688
function: eval_sd_max_startup, time: 0.045049190521240234
function: eval_sd_t_z_sus, time: 0.005285024642944336
function: eval_acl_t_p_q_fr_to, time: 0.005632638931274414
function: eval_xfr_t_p_q_fr_to, time: 0.003957986831665039
function: eval_sd_t_su_sd_trajectories, time: 0.0008580684661865234
function: eval_sd_max_energy, time: 0.0013556480407714844
function: eval_sd_min_energy, time: 0.0013422966003417969
function: eval_sd_t_z_p, time: 0.21493029594421387
function: eval_bus_t_p, time: 0.001898050308227539
function: eval_bus_t_q, time: 0.0013620853424072266
sd_t_p_rgu sum: 0.0
prz_sigma_rgu max: 0.05
prz_t_p_rgu_req max: 4.9090609259558695
sd_t_p_rgd sum: 0.0
prz_sigma_rgd max: 0.05
prz_t_p_rgd_req max: 4.9090609259558695
sd_t_p_scr sum: 0.0
prz_sigma_scr max: 0.15
prz_t_p_scr_req max: 1.481750234398329
sd_t_p_nsc sum: 0.0
prz_sigma_nsc max: 0.15
prz_t_p_nsc_req max: 1.481750234398329
sd_t_p_rru sum: 0.0
prz_t_p_rru_min max: 0.5
sd_t_p_rrd sum: 0.0
prz_t_p_rrd_min max: 0.5
sd_t_p_qru sum: 0.0
qrz_t_q_qru_min max: 0.0
sd_t_p_qrd sum: 0.0
qrz_t_q_qrd_min max: 0.0
function: get_connected_components, time: 0.02532339096069336
function: get_bridges, time: 0.1014561653137207
function: get_connected_components, time: 0.02517986297607422
function: get_bridges, time: 0.1020057201385498
function: get_connected_components, time: 0.025347471237182617
function: get_bridges, time: 0.10047173500061035
function: get_connected_components, time: 0.025350570678710938
function: get_bridges, time: 0.10050201416015625
function: get_connected_components, time: 0.025278568267822266
function: get_bridges, time: 0.1004343032836914
function: get_connected_components, time: 0.02562236785888672
function: get_bridges, time: 0.45892858505249023
function: get_connected_components, time: 0.02565288543701172
function: get_bridges, time: 0.10124707221984863
function: get_connected_components, time: 0.025771141052246094
function: get_bridges, time: 0.10147595405578613
function: get_connected_components, time: 0.025797367095947266
function: get_bridges, time: 0.10274553298950195
function: get_connected_components, time: 0.02573561668395996
function: get_bridges, time: 0.10305595397949219
function: get_connected_components, time: 0.025803089141845703
function: get_bridges, time: 0.10165977478027344
function: get_connected_components, time: 0.025466442108154297
function: get_bridges, time: 0.10164141654968262
function: get_connected_components, time: 0.026159286499023438
function: get_bridges, time: 0.1018519401550293
function: get_connected_components, time: 0.026024341583251953
function: get_bridges, time: 0.10162568092346191
function: get_connected_components, time: 0.026232004165649414
function: get_bridges, time: 0.5387632846832275
function: get_connected_components, time: 0.025452136993408203
function: get_bridges, time: 0.10104632377624512
function: get_connected_components, time: 0.02511119842529297
function: get_bridges, time: 0.1004478931427002
function: get_connected_components, time: 0.025586843490600586
function: get_bridges, time: 0.10160398483276367
end of eval_connectedness(), memory info: {'rss bytes': 725901312, 'rss human': '692.3M', 'percent': 0.26872487603533235}
function: eval_connectedness, time: 3.3208138942718506
problem dimensions. bus: 6049, acl: 4920, xfr: 3086, dcl: 0, k: 3884, t: 18
construct static bus admittance matrix. time: 0.0012214183807373047
factor static bus admittance matrix. time: 0.024660587310791016
t_acl_delta_t: [array([], dtype=int64), array([], dtype=int64), array([], dtype=int64), array([], dtype=int64), array([], dtype=int64), array([], dtype=int64), array([], dtype=int64), array([], dtype=int64), array([], dtype=int64), array([], dtype=int64), array([], dtype=int64), array([], dtype=int64), array([], dtype=int64), array([], dtype=int64), array([], dtype=int64), array([], dtype=int64), array([], dtype=int64), array([], dtype=int64)], t_xfr_delta_t: [array([], dtype=int64), array([], dtype=int64), array([], dtype=int64), array([], dtype=int64), array([], dtype=int64), array([], dtype=int64), array([], dtype=int64), array([], dtype=int64), array([], dtype=int64), array([], dtype=int64), array([], dtype=int64), array([], dtype=int64), array([], dtype=int64), array([], dtype=int64), array([], dtype=int64), array([], dtype=int64), array([], dtype=int64), array([], dtype=int64)], t_br_delta_t: [array([], dtype=int64), array([], dtype=int64), array([], dtype=int64), array([], dtype=int64), array([], dtype=int64), array([], dtype=int64), array([], dtype=int64), array([], dtype=int64), array([], dtype=int64), array([], dtype=int64), array([], dtype=int64), array([], dtype=int64), array([], dtype=int64), array([], dtype=int64), array([], dtype=int64), array([], dtype=int64), array([], dtype=int64), array([], dtype=int64)], acl_delta_t: [], xfr_delta_t: [], br_delta_t: []
contingency delta branches. acl: 3884, xfr: 0, dcl: 0
construct bus,t-indexed right hand side. time: 0.0010149478912353516
solve for base case bus,t-indexed theta. time: 0.4648447036743164
num AC branches with possible violations in ACL contingencies: 88
num AC branches with possible violations in DCL contingencies: 1
num AC branches with possible violations in XFR contingencies: 1
t: 0, time: 4.060012340545654, memory_info: {'rss bytes': 1722159104, 'rss human': '1.6G', 'percent': 0.6375343095336891}
num AC branches with possible violations in ACL contingencies: 88
num AC branches with possible violations in DCL contingencies: 1
num AC branches with possible violations in XFR contingencies: 1
t: 1, time: 3.599135160446167, memory_info: {'rss bytes': 1724825600, 'rss human': '1.6G', 'percent': 0.638521432432082}
num AC branches with possible violations in ACL contingencies: 88
num AC branches with possible violations in DCL contingencies: 1
num AC branches with possible violations in XFR contingencies: 1
t: 2, time: 3.4357352256774902, memory_info: {'rss bytes': 1724829696, 'rss human': '1.6G', 'percent': 0.6385229487498983}
num AC branches with possible violations in ACL contingencies: 88
num AC branches with possible violations in DCL contingencies: 1
num AC branches with possible violations in XFR contingencies: 1
t: 3, time: 3.428931474685669, memory_info: {'rss bytes': 1724829696, 'rss human': '1.6G', 'percent': 0.6385229487498983}
num AC branches with possible violations in ACL contingencies: 88
num AC branches with possible violations in DCL contingencies: 1
num AC branches with possible violations in XFR contingencies: 1
t: 4, time: 3.429875612258911, memory_info: {'rss bytes': 1724829696, 'rss human': '1.6G', 'percent': 0.6385229487498983}
num AC branches with possible violations in ACL contingencies: 86
num AC branches with possible violations in DCL contingencies: 1
num AC branches with possible violations in XFR contingencies: 1
t: 5, time: 3.4253807067871094, memory_info: {'rss bytes': 1724829696, 'rss human': '1.6G', 'percent': 0.6385229487498983}
num AC branches with possible violations in ACL contingencies: 85
num AC branches with possible violations in DCL contingencies: 1
num AC branches with possible violations in XFR contingencies: 1
t: 6, time: 3.447986602783203, memory_info: {'rss bytes': 1724829696, 'rss human': '1.6G', 'percent': 0.6385229487498983}
num AC branches with possible violations in ACL contingencies: 83
num AC branches with possible violations in DCL contingencies: 1
num AC branches with possible violations in XFR contingencies: 1
t: 7, time: 3.4095771312713623, memory_info: {'rss bytes': 1724829696, 'rss human': '1.6G', 'percent': 0.6385229487498983}
num AC branches with possible violations in ACL contingencies: 83
num AC branches with possible violations in DCL contingencies: 1
num AC branches with possible violations in XFR contingencies: 1
t: 8, time: 3.406046152114868, memory_info: {'rss bytes': 1724829696, 'rss human': '1.6G', 'percent': 0.6385229487498983}
num AC branches with possible violations in ACL contingencies: 80
num AC branches with possible violations in DCL contingencies: 0
num AC branches with possible violations in XFR contingencies: 0
t: 9, time: 3.3951823711395264, memory_info: {'rss bytes': 1724829696, 'rss human': '1.6G', 'percent': 0.6385229487498983}
num AC branches with possible violations in ACL contingencies: 80
num AC branches with possible violations in DCL contingencies: 0
num AC branches with possible violations in XFR contingencies: 0
t: 10, time: 3.4127449989318848, memory_info: {'rss bytes': 1724829696, 'rss human': '1.6G', 'percent': 0.6385229487498983}
num AC branches with possible violations in ACL contingencies: 80
num AC branches with possible violations in DCL contingencies: 0
num AC branches with possible violations in XFR contingencies: 0
t: 11, time: 3.3909735679626465, memory_info: {'rss bytes': 1724833792, 'rss human': '1.6G', 'percent': 0.6385244650677145}
num AC branches with possible violations in ACL contingencies: 78
num AC branches with possible violations in DCL contingencies: 0
num AC branches with possible violations in XFR contingencies: 0
t: 12, time: 3.4236950874328613, memory_info: {'rss bytes': 1724833792, 'rss human': '1.6G', 'percent': 0.6385244650677145}
num AC branches with possible violations in ACL contingencies: 77
num AC branches with possible violations in DCL contingencies: 0
num AC branches with possible violations in XFR contingencies: 0
t: 13, time: 3.4100444316864014, memory_info: {'rss bytes': 1724833792, 'rss human': '1.6G', 'percent': 0.6385244650677145}
num AC branches with possible violations in ACL contingencies: 76
num AC branches with possible violations in DCL contingencies: 0
num AC branches with possible violations in XFR contingencies: 0
t: 14, time: 3.415342330932617, memory_info: {'rss bytes': 1724833792, 'rss human': '1.6G', 'percent': 0.6385244650677145}
num AC branches with possible violations in ACL contingencies: 78
num AC branches with possible violations in DCL contingencies: 0
num AC branches with possible violations in XFR contingencies: 0
t: 15, time: 3.4041013717651367, memory_info: {'rss bytes': 1724833792, 'rss human': '1.6G', 'percent': 0.6385244650677145}
num AC branches with possible violations in ACL contingencies: 78
num AC branches with possible violations in DCL contingencies: 0
num AC branches with possible violations in XFR contingencies: 0
t: 16, time: 3.395925521850586, memory_info: {'rss bytes': 1724833792, 'rss human': '1.6G', 'percent': 0.6385244650677145}
num AC branches with possible violations in ACL contingencies: 77
num AC branches with possible violations in DCL contingencies: 0
num AC branches with possible violations in XFR contingencies: 0
t: 17, time: 3.403949499130249, memory_info: {'rss bytes': 1724833792, 'rss human': '1.6G', 'percent': 0.6385244650677145}
initialize_m_w_time: 0.04547882080078125
compute_static_w_time: 1.7977793216705322
get_time_varying_branch_characteristics_time: 0.005837678909301758
construct_a_t_time: 0.019501924514770508
factor_a_t_time: 0.15190815925598145
compute_w_with_t_a_solve_time: 27.179121255874634
compute_v_t_time: 9.298324584960938e-06
compute_w_with_t_smw_time: 2.6226043701171875e-06
compute_v_time: 0.2662985324859619
compute_bus_theta_with_t_a_solve_time: 0.009582042694091797
compute_bus_theta_with_t_smw_time: 2.1457672119140625e-06
compute_br_p_time: 0.023913860321044922
apply_w_v_wt_time: 0.6471707820892334
compute_bus_dtheta_rhs_dcl_k_time: 0.007886886596679688
compute_w_v_wt_xfr_k_time: 0.004767656326293945
compute_bus_dtheta_rhs_xfr_k_time: 2.6226043701171875e-06
compute_br_acl_delta_k_p_delta_time: 2.0551297664642334
compute_br_dcl_delta_k_p_delta_time: 0.0048046112060546875
compute_br_xfr_delta_k_p_delta_time: 0.0018253326416015625
filter_branches_acl_k_time: 0.506718635559082
filter_branches_dcl_k_time: 0.010268211364746094
filter_branches_xfr_k_time: 0.010343074798583984
compute_br_acl_delta_k_p_time: 0.4826180934906006
compute_br_dcl_delta_k_p_time: 0.0005288124084472656
compute_br_xfr_delta_k_p_time: 6.008148193359375e-05
compute_br_acl_delta_k_s_over_time: 30.002849102020264
compute_br_dcl_delta_k_s_over_time: 0.0022933483123779297
compute_br_xfr_delta_k_s_over_time: 0.0013189315795898438
zero_out_time: 0.0013279914855957031
get_max_br_acl_delta_k_s_over_time: 0.2809793949127197
get_max_br_dcl_delta_k_s_over_time: 6.67572021484375e-06
get_max_br_xfr_delta_k_s_over_time: 3.0994415283203125e-06
compute_br_k_z_time: 0.25758814811706543
collect_penalties_into_obj_array_time: 0.0007665157318115234
end of contingency model method 1, memory info: {'rss bytes': 1724833792, 'rss human': '1.6G', 'percent': 0.6385244650677145}
function: eval_post_contingency_model, time: 64.64925909042358
function: eval_post_contingency_model, time: 64.64930438995361
function: run, time: 68.29515886306763
after solution_evaluator.run(), memory info: {'rss bytes': 748470272, 'rss human': '713.8M', 'percent': 0.2770797872029903}
evaluation summary:
{'feas': 1,
 'infeas': 0,
 'info_i_i_k_t_disconnected_ctg': {'idx': {0: None, 1: None, 2: None, 3: None},
                                   'val': 0},
 'info_i_i_t_disconnected_base': {'idx': {0: None, 1: None, 2: None}, 'val': 0},
 'sum_acl_t_u_sd': 0,
 'sum_acl_t_u_su': 0,
 'sum_acl_t_z_s': 3.0551864593775235e-05,
 'sum_acl_t_z_sd': 0.0,
 'sum_acl_t_z_su': 0.0,
 'sum_bus_t_z_p': 633062341.3122917,
 'sum_bus_t_z_q': 344366513.3783849,
 'sum_cs_t_z_p': 81708821.93038054,
 'sum_pr_t_z_p': -7955019.077414043,
 'sum_prz_t_z_nsc': 69736946.71813892,
 'sum_prz_t_z_rgd': 155635851.29596296,
 'sum_prz_t_z_rgu': 155635851.29596296,
 'sum_prz_t_z_rrd': 12000000.0,
 'sum_prz_t_z_rru': 12000000.0,
 'sum_prz_t_z_scr': 108645909.54212967,
 'sum_qrz_t_z_qrd': 0.0,
 'sum_qrz_t_z_qru': 0.0,
 'sum_sd_t_sd': 0,
 'sum_sd_t_su': 0,
 'sum_sd_t_z_nsc': 0.0,
 'sum_sd_t_z_on': 6050166.034399999,
 'sum_sd_t_z_qrd': 0.0,
 'sum_sd_t_z_qru': 0.0,
 'sum_sd_t_z_rgd': 0.0,
 'sum_sd_t_z_rgu': 0.0,
 'sum_sd_t_z_rrd_off': 0.0,
 'sum_sd_t_z_rrd_on': 0.0,
 'sum_sd_t_z_rru_off': 0.0,
 'sum_sd_t_z_rru_on': 0.0,
 'sum_sd_t_z_scr': 0.0,
 'sum_sd_t_z_sd': 0.0,
 'sum_sd_t_z_su': 0.0,
 'sum_sd_t_z_sus': 0.0,
 'sum_xfr_t_u_sd': 0,
 'sum_xfr_t_u_su': 0,
 'sum_xfr_t_z_s': 0.0,
 'sum_xfr_t_z_sd': 0.0,
 'sum_xfr_t_z_su': 0.0,
 'viol_acl_acl_t_s_max_ctg': {'idx': {0: 'acl_1161', 1: 'acl_4169', 2: 0},
                              'val': 3.1805713084944864},
 'viol_acl_dcl_t_s_max_ctg': {'idx': {0: None, 1: None, 2: None}, 'val': 0.0},
 'viol_acl_t_s_max': {'idx': {0: 'acl_0807', 1: 0},
                      'val': 7.637966148443809e-09},
 'viol_acl_t_u_sd_max': {'idx': {0: 'acl_0000', 1: 0}, 'val': 0},
 'viol_acl_t_u_su_max': {'idx': {0: 'acl_0000', 1: 0}, 'val': 0},
 'viol_acl_xfr_t_s_max_ctg': {'idx': {0: None, 1: None, 2: None}, 'val': 0.0},
 'viol_bus_t_p_balance_max': {'idx': {0: 'bus_5646', 1: 0},
                              'val': 10.303990266290436},
 'viol_bus_t_p_balance_min': {'idx': {0: 'bus_0935', 1: 1},
                              'val': -1.0473912978213877},
 'viol_bus_t_q_balance_max': {'idx': {0: 'bus_5646', 1: 0},
                              'val': 4.331477550305625},
 'viol_bus_t_q_balance_min': {'idx': {0: 'bus_4848', 1: 0},
                              'val': -1.1458477984299986},
 'viol_bus_t_v_max': {'idx': {0: 'bus_0000', 1: 0}, 'val': 0.0},
 'viol_bus_t_v_min': {'idx': {0: 'bus_0000', 1: 0}, 'val': 0.0},
 'viol_cs_t_p_off_max': {'idx': {0: 'sd_0468', 1: 0}, 'val': 0.0},
 'viol_cs_t_p_off_min': {'idx': {0: 'sd_0468', 1: 0}, 'val': 0.0},
 'viol_cs_t_p_on_max': {'idx': {0: 'sd_0468', 1: 0}, 'val': 0.0},
 'viol_cs_t_p_on_min': {'idx': {0: 'sd_0468', 1: 0}, 'val': 0.0},
 'viol_cs_t_q_max': {'idx': {0: 'sd_0468', 1: 0}, 'val': 0.0},
 'viol_cs_t_q_min': {'idx': {0: 'sd_0468', 1: 0}, 'val': 0.0},
 'viol_cs_t_q_p_max': {'idx': {0: None, 1: None}, 'val': None},
 'viol_cs_t_q_p_min': {'idx': {0: None, 1: None}, 'val': None},
 'viol_dcl_t_p_max': {'idx': {0: None, 1: None}, 'val': None},
 'viol_dcl_t_p_min': {'idx': {0: None, 1: None}, 'val': None},
 'viol_dcl_t_q_fr_max': {'idx': {0: None, 1: None}, 'val': None},
 'viol_dcl_t_q_fr_min': {'idx': {0: None, 1: None}, 'val': None},
 'viol_dcl_t_q_to_max': {'idx': {0: None, 1: None}, 'val': None},
 'viol_dcl_t_q_to_min': {'idx': {0: None, 1: None}, 'val': None},
 'viol_pr_t_p_off_max': {'idx': {0: 'sd_0000', 1: 0}, 'val': 0.0},
 'viol_pr_t_p_off_min': {'idx': {0: 'sd_0000', 1: 0}, 'val': 0.0},
 'viol_pr_t_p_on_max': {'idx': {0: 'sd_0000', 1: 0}, 'val': 0.0},
 'viol_pr_t_p_on_min': {'idx': {0: 'sd_0000', 1: 0}, 'val': 0.0},
 'viol_pr_t_q_max': {'idx': {0: 'sd_0000', 1: 0}, 'val': 0.0},
 'viol_pr_t_q_min': {'idx': {0: 'sd_0000', 1: 0}, 'val': 0.0},
 'viol_pr_t_q_p_max': {'idx': {0: 'sd_0000', 1: 0}, 'val': 0.0},
 'viol_pr_t_q_p_min': {'idx': {0: 'sd_0000', 1: 0}, 'val': 0.0},
 'viol_prz_t_p_nsc_balance': {'idx': {0: 'prz_1', 1: 0},
                              'val': 6.428991666005554},
 'viol_prz_t_p_rgd_balance': {'idx': {0: 'prz_1', 1: 0},
                              'val': 4.9090609259558695},
 'viol_prz_t_p_rgu_balance': {'idx': {0: 'prz_1', 1: 0},
                              'val': 4.9090609259558695},
 'viol_prz_t_p_rrd_balance': {'idx': {0: 'prz_0', 1: 0}, 'val': 0.5},
 'viol_prz_t_p_rru_balance': {'idx': {0: 'prz_0', 1: 0}, 'val': 0.5},
 'viol_prz_t_p_scr_balance': {'idx': {0: 'prz_1', 1: 0},
                              'val': 5.669026295980712},
 'viol_qrz_t_q_qrd_balance': {'idx': {0: 'qrz_0', 1: 0}, 'val': 0.0},
 'viol_qrz_t_q_qru_balance': {'idx': {0: 'qrz_0', 1: 0}, 'val': 0.0},
 'viol_sd_max_energy_constr': {'idx': {0: 'sd_0000', 1: 0}, 'val': 0.0},
 'viol_sd_max_startup_constr': {'idx': {0: 'sd_0000', 1: 0}, 'val': 0},
 'viol_sd_min_energy_constr': {'idx': {0: 'sd_0000', 1: 0}, 'val': 0.0},
 'viol_sd_t_d_dn_min': {'idx': {0: 'sd_0000', 1: 0}, 'val': 0},
 'viol_sd_t_d_up_min': {'idx': {0: 'sd_0000', 1: 0}, 'val': 0},
 'viol_sd_t_p_nsc_max': {'idx': {0: 'sd_0000', 1: 0}, 'val': 0.0},
 'viol_sd_t_p_nsc_nonneg': {'idx': {0: 'sd_0000', 1: 0}, 'val': -0.0},
 'viol_sd_t_p_ramp_dn_max': {'idx': {0: 'sd_0000', 1: 0}, 'val': 0.0},
 'viol_sd_t_p_ramp_up_max': {'idx': {0: 'sd_0000', 1: 0}, 'val': 0.0},
 'viol_sd_t_p_rgd_max': {'idx': {0: 'sd_0000', 1: 0}, 'val': 0.0},
 'viol_sd_t_p_rgd_nonneg': {'idx': {0: 'sd_0000', 1: 0}, 'val': -0.0},
 'viol_sd_t_p_rgu_max': {'idx': {0: 'sd_0000', 1: 0}, 'val': 0.0},
 'viol_sd_t_p_rgu_nonneg': {'idx': {0: 'sd_0000', 1: 0}, 'val': -0.0},
 'viol_sd_t_p_rrd_off_max': {'idx': {0: 'sd_0000', 1: 0}, 'val': 0.0},
 'viol_sd_t_p_rrd_off_nonneg': {'idx': {0: 'sd_0000', 1: 0}, 'val': -0.0},
 'viol_sd_t_p_rrd_on_max': {'idx': {0: 'sd_0000', 1: 0}, 'val': 0.0},
 'viol_sd_t_p_rrd_on_nonneg': {'idx': {0: 'sd_0000', 1: 0}, 'val': -0.0},
 'viol_sd_t_p_rru_off_max': {'idx': {0: 'sd_0000', 1: 0}, 'val': 0.0},
 'viol_sd_t_p_rru_off_nonneg': {'idx': {0: 'sd_0000', 1: 0}, 'val': -0.0},
 'viol_sd_t_p_rru_on_max': {'idx': {0: 'sd_0000', 1: 0}, 'val': 0.0},
 'viol_sd_t_p_rru_on_nonneg': {'idx': {0: 'sd_0000', 1: 0}, 'val': -0.0},
 'viol_sd_t_p_scr_max': {'idx': {0: 'sd_0000', 1: 0}, 'val': 0.0},
 'viol_sd_t_p_scr_nonneg': {'idx': {0: 'sd_0000', 1: 0}, 'val': -0.0},
 'viol_sd_t_q_qrd_nonneg': {'idx': {0: 'sd_0000', 1: 0}, 'val': -0.0},
 'viol_sd_t_q_qru_nonneg': {'idx': {0: 'sd_0000', 1: 0}, 'val': -0.0},
 'viol_sd_t_u_on_max': {'idx': {0: 'sd_0000', 1: 0}, 'val': 0},
 'viol_sd_t_u_on_min': {'idx': {0: 'sd_0000', 1: 0}, 'val': 0},
 'viol_sh_t_u_st_max': {'idx': {0: 'sh_000', 1: 0}, 'val': 0},
 'viol_sh_t_u_st_min': {'idx': {0: 'sh_000', 1: 0}, 'val': 0},
 'viol_t_connected_base': {'idx': {0: 0}, 'val': 0},
 'viol_t_connected_ctg': {'idx': {0: 0}, 'val': 0},
 'viol_xfr_acl_t_s_max_ctg': {'idx': {0: 'xfr_1161', 1: 'acl_4169', 2: 0},
                              'val': 3.1805713084944864},
 'viol_xfr_dcl_t_s_max_ctg': {'idx': {0: None, 1: None, 2: None}, 'val': 0.0},
 'viol_xfr_t_phi_max': {'idx': {0: 'xfr_0000', 1: 0}, 'val': 0.0},
 'viol_xfr_t_phi_min': {'idx': {0: 'xfr_0000', 1: 0}, 'val': 0.0},
 'viol_xfr_t_s_max': {'idx': {0: 'xfr_0000', 1: 0}, 'val': 0.0},
 'viol_xfr_t_tau_max': {'idx': {0: 'xfr_0000', 1: 0}, 'val': 0.0},
 'viol_xfr_t_tau_min': {'idx': {0: 'xfr_0000', 1: 0}, 'val': 0.0},
 'viol_xfr_t_u_sd_max': {'idx': {0: 'xfr_0000', 1: 0}, 'val': 0},
 'viol_xfr_t_u_su_max': {'idx': {0: 'xfr_0000', 1: 0}, 'val': 0},
 'viol_xfr_xfr_t_s_max_ctg': {'idx': {0: None, 1: None, 2: None}, 'val': 0.0},
 'z': -1407660926.1665912,
 'z_base': -1407469738.5694976,
 'z_cost': -1904853.043014044,
 'z_k_average_case': -165.35563767645908,
 'z_k_worst_case': -191022.24145599094,
 'z_max_energy': 0.0,
 'z_min_energy': 0.0,
 'z_penalty': 1491083413.5429018,
 'z_value': 81708821.93038054}
infeasibility summary:
{}
feas: 1
obj: -1407660926.1665912
evaluate solution time: 68.34332251548767
end of check_data(), memory info: {'rss bytes': 748724224, 'rss human': '714.0M', 'percent': 0.27717379890759913}
