/rcfs/dtn/arpacomp/.conda/envs/goc_eval/lib/python3.10/site-packages/scipy/sparse/linalg/_dsolve/linsolve.py:347: SparseEfficiencyWarning: splu converted its input to CSC format
  warn('splu converted its input to CSC format', SparseEfficiencyWarning)
args:
Namespace(problem_opt=None, problem='/qfs/projects/goc/share/data/C3/E1/D1/C3E1N00014D1/scenario_129.json', solution='/qfs/projects/goc/share/data/C3/E1/D1/C3E1N00014D1/scenario_129.json.pop_solution.json', configuration=None, parameters='{}', summary_csv='summary.csv', summary_json='summary.json', data_errors='data_errors.txt', ignored_errors='ignored_errors.txt', solution_errors='solution_errors.txt', pop_solution=None, scrubbed_problem=None)
problem data file: /qfs/projects/goc/share/data/C3/E1/D1/C3E1N00014D1/scenario_129.json

pop solution data file: None

solution data file: /qfs/projects/goc/share/data/C3/E1/D1/C3E1N00014D1/scenario_129.json.pop_solution.json

git info: {'C3DataUtilities': {'branch': None, 'commit': '417faef61bd7caf40b3ea0dc36c5e033ca7ea3d5', 'date': 'Fri Dec 30 07:03:34 2022 -0800', 'query_return_code': 0, 'query_err': '', 'query_path': '/qfs/projects/goc/share/loadbalancing/src/nonmpi-template/Challenge3/C3DataUtilities/datautilities', 'query_out': 'commit 417faef61bd7caf40b3ea0dc36c5e033ca7ea3d5\nAuthor: Jesse T Holzer <jesse.holzer@pnnl.gov>\nDate:   Fri Dec 30 07:03:34 2022 -0800\n\n    add z_value, z_cost, z_penalty components of z_base\n'}, 'Bid-DS-data-model': {'branch': None, 'commit': None, 'date': None, 'query_return_code': 128, 'query_err': 'fatal: Not a git repository (or any parent up to mount point /rcfs)\nStopping at filesystem boundary (GIT_DISCOVERY_ACROSS_FILESYSTEM not set).\n', 'query_path': '/rcfs/dtn/arpacomp/.conda/envs/goc_eval/lib/python3.10/site-packages/datamodel', 'query_out': ''}}

after reading problem without validation, memory info: {'rss bytes': 109457408, 'rss human': '104.4M', 'percent': 0.04050676643228231}
read problem data file without validation time: 0.003654003143310547
after reading problem with validation, memory info: {'rss bytes': 110534656, 'rss human': '105.4M', 'percent': 0.04090542225579352}
load time: 0.022737503051757812
{'general': {'base_norm_mva': 100.0,
             'day_type': None,
             'electricity_demand': None,
             'net_load': None,
             'season': None,
             'solar_availability': None,
             'timestamp_start': None,
             'timestamp_stop': None,
             'vre_availability': None,
             'weather_temperature': None,
             'wind_availability': None},
 'interval durations': [0.25,
                        0.25,
                        0.25,
                        0.25,
                        0.25,
                        0.25,
                        0.25,
                        0.25,
                        0.5,
                        0.5,
                        0.5,
                        0.5,
                        0.5,
                        0.5,
                        0.5,
                        0.5,
                        1.0,
                        1.0],
 'num ac lines': 17,
 'num buses': 14,
 'num consuming devices': 11,
 'num contingencies': 12,
 'num dc lines': 0,
 'num intervals': 18,
 'num producing devices': 6,
 'num reactive power reserve zones': 2,
 'num real power reserve zones': 2,
 'num shunts': 1,
 'num simple dispatchable devices': 17,
 'num transformers': 3,
 'total duration': 8.0,
 'violation costs': {'e_vio_cost': 500.0,
                     'p_bus_vio_cost': 1000000.0,
                     'q_bus_vio_cost': 1000000.0,
                     's_vio_cost': 500.0}}
after read solution without validation, memory info: {'rss bytes': 110804992, 'rss human': '105.7M', 'percent': 0.04100546516207391}
read solution data file without validation time: 0.0012824535369873047
after read solution with validation, memory info: {'rss bytes': 111075328, 'rss human': '105.9M', 'percent': 0.041105508068354286}
solution load time: 0.009545564651489258
after solution_model_checks(), memory info: {'rss bytes': 111075328, 'rss human': '105.9M', 'percent': 0.041105508068354286}
solution model_checks time: 0.0002808570861816406
{}
after problem_data_array.set_from_data_model(), memory info: {'rss bytes': 111325184, 'rss human': '106.2M', 'percent': 0.041197971966583126}
convert problem data to numpy arrays time: 0.003805398941040039
after solution_data_array.set_from_data_model(), memory info: {'rss bytes': 111325184, 'rss human': '106.2M', 'percent': 0.041197971966583126}
convert solution data to numpy arrays time: 0.0005176067352294922
function: set_summary, time: 0.00018548965454101562
function: set_problem, time: 7.152557373046875e-07
function: set_solution, time: 4.291534423828125e-06
function: set_solution_zero, time: 3.123283386230469e-05
function: set_work_zero, time: 4.9591064453125e-05
function: set_matrices, time: 0.0028655529022216797
function: __init__, time: 0.0031595230102539062
function: eval_sd_t_d_up_dn, time: 0.0003211498260498047
function: eval_sd_max_startup, time: 1.1444091796875e-05
function: eval_sd_t_z_sus, time: 4.124641418457031e-05
function: eval_acl_t_p_q_fr_to, time: 0.0001087188720703125
function: eval_xfr_t_p_q_fr_to, time: 8.416175842285156e-05
function: eval_sd_t_su_sd_trajectories, time: 1.9311904907226562e-05
function: eval_sd_max_energy, time: 9.775161743164062e-06
function: eval_sd_min_energy, time: 8.58306884765625e-06
function: eval_sd_t_z_p, time: 0.0008170604705810547
function: eval_bus_t_p, time: 0.00044083595275878906
function: eval_bus_t_q, time: 0.000118255615234375
sd_t_p_rgu sum: 0.0
prz_sigma_rgu max: 0.03
prz_t_p_rgu_req max: 0.01713368741538351
sd_t_p_rgd sum: 0.0
prz_sigma_rgd max: 0.03
prz_t_p_rgd_req max: 0.01713368741538351
sd_t_p_scr sum: 0.0
prz_sigma_scr max: 0.3
prz_t_p_scr_req max: 0.12675000429071234
sd_t_p_nsc sum: 0.0
prz_sigma_nsc max: 0.7
prz_t_p_nsc_req max: 0.2957500100116621
sd_t_p_rru sum: 0.0
prz_t_p_rru_min max: 0.022394
sd_t_p_rrd sum: 0.0
prz_t_p_rrd_min max: 0.022394
sd_t_p_qru sum: 0.0
qrz_t_q_qru_min max: 1.7412
sd_t_p_qrd sum: 0.0
qrz_t_q_qrd_min max: 2.716
function: get_connected_components, time: 0.0003161430358886719
function: get_bridges, time: 0.000568389892578125
function: get_connected_components, time: 7.772445678710938e-05
function: get_bridges, time: 0.0003371238708496094
function: get_connected_components, time: 7.200241088867188e-05
function: get_bridges, time: 0.00028896331787109375
function: get_connected_components, time: 6.985664367675781e-05
function: get_bridges, time: 0.000286102294921875
function: get_connected_components, time: 6.866455078125e-05
function: get_bridges, time: 0.0003006458282470703
function: get_connected_components, time: 6.866455078125e-05
function: get_bridges, time: 0.0002899169921875
function: get_connected_components, time: 6.890296936035156e-05
function: get_bridges, time: 0.0003409385681152344
function: get_connected_components, time: 6.961822509765625e-05
function: get_bridges, time: 0.0002753734588623047
function: get_connected_components, time: 6.723403930664062e-05
function: get_bridges, time: 0.0002722740173339844
function: get_connected_components, time: 6.67572021484375e-05
function: get_bridges, time: 0.00027632713317871094
function: get_connected_components, time: 6.747245788574219e-05
function: get_bridges, time: 0.00027370452880859375
function: get_connected_components, time: 6.747245788574219e-05
function: get_bridges, time: 0.00033974647521972656
function: get_connected_components, time: 6.818771362304688e-05
function: get_bridges, time: 0.0002720355987548828
function: get_connected_components, time: 6.651878356933594e-05
function: get_bridges, time: 0.0002689361572265625
function: get_connected_components, time: 6.580352783203125e-05
function: get_bridges, time: 0.00027108192443847656
function: get_connected_components, time: 6.747245788574219e-05
function: get_bridges, time: 0.0002703666687011719
function: get_connected_components, time: 6.67572021484375e-05
function: get_bridges, time: 0.00033664703369140625
function: get_connected_components, time: 6.747245788574219e-05
function: get_bridges, time: 0.00027108192443847656
end of eval_connectedness(), memory info: {'rss bytes': 112103424, 'rss human': '106.9M', 'percent': 0.0414859742725418}
function: eval_connectedness, time: 0.008071660995483398
problem dimensions. bus: 14, acl: 17, xfr: 3, dcl: 0, k: 12, t: 18
construct static bus admittance matrix. time: 0.0007550716400146484
factor static bus admittance matrix. time: 0.0021843910217285156
t_acl_delta_t: [array([], dtype=int64), array([], dtype=int64), array([], dtype=int64), array([], dtype=int64), array([], dtype=int64), array([], dtype=int64), array([], dtype=int64), array([], dtype=int64), array([], dtype=int64), array([], dtype=int64), array([], dtype=int64), array([], dtype=int64), array([], dtype=int64), array([], dtype=int64), array([], dtype=int64), array([], dtype=int64), array([], dtype=int64), array([], dtype=int64)], t_xfr_delta_t: [array([], dtype=int64), array([], dtype=int64), array([], dtype=int64), array([], dtype=int64), array([], dtype=int64), array([], dtype=int64), array([], dtype=int64), array([], dtype=int64), array([], dtype=int64), array([], dtype=int64), array([], dtype=int64), array([], dtype=int64), array([], dtype=int64), array([], dtype=int64), array([], dtype=int64), array([], dtype=int64), array([], dtype=int64), array([], dtype=int64)], t_br_delta_t: [array([], dtype=int64), array([], dtype=int64), array([], dtype=int64), array([], dtype=int64), array([], dtype=int64), array([], dtype=int64), array([], dtype=int64), array([], dtype=int64), array([], dtype=int64), array([], dtype=int64), array([], dtype=int64), array([], dtype=int64), array([], dtype=int64), array([], dtype=int64), array([], dtype=int64), array([], dtype=int64), array([], dtype=int64), array([], dtype=int64)], acl_delta_t: [], xfr_delta_t: [], br_delta_t: []
contingency delta branches. acl: 12, xfr: 0, dcl: 0
construct bus,t-indexed right hand side. time: 9.894371032714844e-05
solve for base case bus,t-indexed theta. time: 0.04948616027832031
num AC branches with possible violations in ACL contingencies: 0
num AC branches with possible violations in DCL contingencies: 0
num AC branches with possible violations in XFR contingencies: 0
t: 0, time: 0.0018951892852783203, memory_info: {'rss bytes': 123801600, 'rss human': '118.1M', 'percent': 0.04581510367158376}
num AC branches with possible violations in ACL contingencies: 0
num AC branches with possible violations in DCL contingencies: 0
num AC branches with possible violations in XFR contingencies: 0
t: 1, time: 0.0012018680572509766, memory_info: {'rss bytes': 123801600, 'rss human': '118.1M', 'percent': 0.04581510367158376}
num AC branches with possible violations in ACL contingencies: 0
num AC branches with possible violations in DCL contingencies: 0
num AC branches with possible violations in XFR contingencies: 0
t: 2, time: 0.0011477470397949219, memory_info: {'rss bytes': 124043264, 'rss human': '118.3M', 'percent': 0.045904535966591976}
num AC branches with possible violations in ACL contingencies: 0
num AC branches with possible violations in DCL contingencies: 0
num AC branches with possible violations in XFR contingencies: 0
t: 3, time: 0.001129150390625, memory_info: {'rss bytes': 124043264, 'rss human': '118.3M', 'percent': 0.045904535966591976}
num AC branches with possible violations in ACL contingencies: 0
num AC branches with possible violations in DCL contingencies: 0
num AC branches with possible violations in XFR contingencies: 0
t: 4, time: 0.0011267662048339844, memory_info: {'rss bytes': 124043264, 'rss human': '118.3M', 'percent': 0.045904535966591976}
num AC branches with possible violations in ACL contingencies: 0
num AC branches with possible violations in DCL contingencies: 0
num AC branches with possible violations in XFR contingencies: 0
t: 5, time: 0.0011262893676757812, memory_info: {'rss bytes': 124043264, 'rss human': '118.3M', 'percent': 0.045904535966591976}
num AC branches with possible violations in ACL contingencies: 0
num AC branches with possible violations in DCL contingencies: 0
num AC branches with possible violations in XFR contingencies: 0
t: 6, time: 0.0011234283447265625, memory_info: {'rss bytes': 124043264, 'rss human': '118.3M', 'percent': 0.045904535966591976}
num AC branches with possible violations in ACL contingencies: 0
num AC branches with possible violations in DCL contingencies: 0
num AC branches with possible violations in XFR contingencies: 0
t: 7, time: 0.0011162757873535156, memory_info: {'rss bytes': 124043264, 'rss human': '118.3M', 'percent': 0.045904535966591976}
num AC branches with possible violations in ACL contingencies: 0
num AC branches with possible violations in DCL contingencies: 0
num AC branches with possible violations in XFR contingencies: 0
t: 8, time: 0.0011186599731445312, memory_info: {'rss bytes': 124043264, 'rss human': '118.3M', 'percent': 0.045904535966591976}
num AC branches with possible violations in ACL contingencies: 0
num AC branches with possible violations in DCL contingencies: 0
num AC branches with possible violations in XFR contingencies: 0
t: 9, time: 0.0011250972747802734, memory_info: {'rss bytes': 124043264, 'rss human': '118.3M', 'percent': 0.045904535966591976}
num AC branches with possible violations in ACL contingencies: 0
num AC branches with possible violations in DCL contingencies: 0
num AC branches with possible violations in XFR contingencies: 0
t: 10, time: 0.0011174678802490234, memory_info: {'rss bytes': 124043264, 'rss human': '118.3M', 'percent': 0.045904535966591976}
num AC branches with possible violations in ACL contingencies: 0
num AC branches with possible violations in DCL contingencies: 0
num AC branches with possible violations in XFR contingencies: 0
t: 11, time: 0.0011181831359863281, memory_info: {'rss bytes': 124043264, 'rss human': '118.3M', 'percent': 0.045904535966591976}
num AC branches with possible violations in ACL contingencies: 0
num AC branches with possible violations in DCL contingencies: 0
num AC branches with possible violations in XFR contingencies: 0
t: 12, time: 0.0011150836944580078, memory_info: {'rss bytes': 124043264, 'rss human': '118.3M', 'percent': 0.045904535966591976}
num AC branches with possible violations in ACL contingencies: 0
num AC branches with possible violations in DCL contingencies: 0
num AC branches with possible violations in XFR contingencies: 0
t: 13, time: 0.0011167526245117188, memory_info: {'rss bytes': 124043264, 'rss human': '118.3M', 'percent': 0.045904535966591976}
num AC branches with possible violations in ACL contingencies: 0
num AC branches with possible violations in DCL contingencies: 0
num AC branches with possible violations in XFR contingencies: 0
t: 14, time: 0.0011153221130371094, memory_info: {'rss bytes': 124043264, 'rss human': '118.3M', 'percent': 0.045904535966591976}
num AC branches with possible violations in ACL contingencies: 0
num AC branches with possible violations in DCL contingencies: 0
num AC branches with possible violations in XFR contingencies: 0
t: 15, time: 0.0011103153228759766, memory_info: {'rss bytes': 124043264, 'rss human': '118.3M', 'percent': 0.045904535966591976}
num AC branches with possible violations in ACL contingencies: 0
num AC branches with possible violations in DCL contingencies: 0
num AC branches with possible violations in XFR contingencies: 0
t: 16, time: 0.001108407974243164, memory_info: {'rss bytes': 124043264, 'rss human': '118.3M', 'percent': 0.045904535966591976}
num AC branches with possible violations in ACL contingencies: 0
num AC branches with possible violations in DCL contingencies: 0
num AC branches with possible violations in XFR contingencies: 0
t: 17, time: 0.0011026859283447266, memory_info: {'rss bytes': 124043264, 'rss human': '118.3M', 'percent': 0.045904535966591976}
initialize_m_w_time: 0.0004172325134277344
compute_static_w_time: 5.841255187988281e-05
get_time_varying_branch_characteristics_time: 0.0003426074981689453
construct_a_t_time: 0.0053904056549072266
factor_a_t_time: 0.002409219741821289
compute_w_with_t_a_solve_time: 0.00040149688720703125
compute_v_t_time: 2.384185791015625e-06
compute_w_with_t_smw_time: 1.9073486328125e-06
compute_v_time: 0.0005619525909423828
compute_bus_theta_with_t_a_solve_time: 0.0001430511474609375
compute_bus_theta_with_t_smw_time: 1.1920928955078125e-06
compute_br_p_time: 0.0014109611511230469
apply_w_v_wt_time: 0.00024080276489257812
compute_bus_dtheta_rhs_dcl_k_time: 0.0015099048614501953
compute_w_v_wt_xfr_k_time: 0.0016107559204101562
compute_bus_dtheta_rhs_xfr_k_time: 1.430511474609375e-06
compute_br_acl_delta_k_p_delta_time: 0.0011110305786132812
compute_br_dcl_delta_k_p_delta_time: 0.00091552734375
compute_br_xfr_delta_k_p_delta_time: 0.0009026527404785156
filter_branches_acl_k_time: 0.0007045269012451172
filter_branches_dcl_k_time: 0.0002834796905517578
filter_branches_xfr_k_time: 0.00025653839111328125
compute_br_acl_delta_k_p_time: 9.799003601074219e-05
compute_br_dcl_delta_k_p_time: 5.745887756347656e-05
compute_br_xfr_delta_k_p_time: 5.364418029785156e-05
compute_br_acl_delta_k_s_over_time: 0.0005915164947509766
compute_br_dcl_delta_k_s_over_time: 0.00025725364685058594
compute_br_xfr_delta_k_s_over_time: 0.0002391338348388672
zero_out_time: 6.961822509765625e-05
get_max_br_acl_delta_k_s_over_time: 0.0005371570587158203
get_max_br_dcl_delta_k_s_over_time: 3.0994415283203125e-06
get_max_br_xfr_delta_k_s_over_time: 2.1457672119140625e-06
compute_br_k_z_time: 0.0004076957702636719
collect_penalties_into_obj_array_time: 0.00019478797912597656
end of contingency model method 1, memory info: {'rss bytes': 124043264, 'rss human': '118.3M', 'percent': 0.045904535966591976}
function: eval_post_contingency_model, time: 0.07867240905761719
function: eval_post_contingency_model, time: 0.07868075370788574
function: run, time: 0.0928354263305664
after solution_evaluator.run(), memory info: {'rss bytes': 124043264, 'rss human': '118.3M', 'percent': 0.045904535966591976}
evaluation summary:
{'feas': 1,
 'infeas': 0,
 'info_i_i_k_t_disconnected_ctg': {'idx': {0: None, 1: None, 2: None, 3: None},
                                   'val': 0},
 'info_i_i_t_disconnected_base': {'idx': {0: None, 1: None, 2: None}, 'val': 0},
 'sum_acl_t_u_sd': 0,
 'sum_acl_t_u_su': 0,
 'sum_acl_t_z_s': 0.0,
 'sum_acl_t_z_sd': 0.0,
 'sum_acl_t_z_su': 0.0,
 'sum_bus_t_z_p': 3961985.298899781,
 'sum_bus_t_z_q': 14317784.095256668,
 'sum_cs_t_z_p': 357916.223418871,
 'sum_pr_t_z_p': 2667.462144420691,
 'sum_prz_t_z_nsc': 91.25737241265703,
 'sum_prz_t_z_rgd': 253.78481894951724,
 'sum_prz_t_z_rgu': 253.78481894951724,
 'sum_prz_t_z_rrd': 0.029126400000000004,
 'sum_prz_t_z_rru': 0.029126400000000004,
 'sum_prz_t_z_scr': 391.4742458648321,
 'sum_qrz_t_z_qrd': 571.1999999999998,
 'sum_qrz_t_z_qru': 421.4592,
 'sum_sd_t_sd': 0,
 'sum_sd_t_su': 0,
 'sum_sd_t_z_nsc': 0.0,
 'sum_sd_t_z_on': 12.8,
 'sum_sd_t_z_qrd': 0.0,
 'sum_sd_t_z_qru': 0.0,
 'sum_sd_t_z_rgd': 0.0,
 'sum_sd_t_z_rgu': 0.0,
 'sum_sd_t_z_rrd_off': 0.0,
 'sum_sd_t_z_rrd_on': 0.0,
 'sum_sd_t_z_rru_off': 0.0,
 'sum_sd_t_z_rru_on': 0.0,
 'sum_sd_t_z_scr': 0.0,
 'sum_sd_t_z_sd': 0.0,
 'sum_sd_t_z_su': 0.0,
 'sum_sd_t_z_sus': 0.0,
 'sum_xfr_t_u_sd': 0,
 'sum_xfr_t_u_su': 0,
 'sum_xfr_t_z_s': 0.0,
 'sum_xfr_t_z_sd': 0.0,
 'sum_xfr_t_z_su': 0.0,
 'viol_acl_acl_t_s_max_ctg': {'idx': {0: None, 1: None, 2: None}, 'val': 0.0},
 'viol_acl_dcl_t_s_max_ctg': {'idx': {0: None, 1: None, 2: None}, 'val': 0.0},
 'viol_acl_t_s_max': {'idx': {0: 'acl_00', 1: 0}, 'val': 0.0},
 'viol_acl_t_u_sd_max': {'idx': {0: 'acl_00', 1: 0}, 'val': 0},
 'viol_acl_t_u_su_max': {'idx': {0: 'acl_00', 1: 0}, 'val': 0},
 'viol_acl_xfr_t_s_max_ctg': {'idx': {0: None, 1: None, 2: None}, 'val': 0.0},
 'viol_bus_t_p_balance_max': {'idx': {0: 'bus_07', 1: 0},
                              'val': 0.35003908483761204},
 'viol_bus_t_p_balance_min': {'idx': {0: 'bus_13', 1: 17},
                              'val': -0.027604232302830628},
 'viol_bus_t_q_balance_max': {'idx': {0: 'bus_05', 1: 0},
                              'val': 0.37639148736491085},
 'viol_bus_t_q_balance_min': {'idx': {0: 'bus_04', 1: 17},
                              'val': -0.31096834377215105},
 'viol_bus_t_v_max': {'idx': {0: 'bus_00', 1: 0}, 'val': 0.0},
 'viol_bus_t_v_min': {'idx': {0: 'bus_00', 1: 0}, 'val': 0.0},
 'viol_cs_t_p_off_max': {'idx': {0: 'sd_06', 1: 0}, 'val': 0.0},
 'viol_cs_t_p_off_min': {'idx': {0: 'sd_06', 1: 0}, 'val': 0.0},
 'viol_cs_t_p_on_max': {'idx': {0: 'sd_06', 1: 0}, 'val': 0.0},
 'viol_cs_t_p_on_min': {'idx': {0: 'sd_06', 1: 0}, 'val': 0.0},
 'viol_cs_t_q_max': {'idx': {0: 'sd_06', 1: 0}, 'val': 0.0},
 'viol_cs_t_q_min': {'idx': {0: 'sd_06', 1: 0}, 'val': 0.0},
 'viol_cs_t_q_p_max': {'idx': {0: None, 1: None}, 'val': None},
 'viol_cs_t_q_p_min': {'idx': {0: None, 1: None}, 'val': None},
 'viol_dcl_t_p_max': {'idx': {0: None, 1: None}, 'val': None},
 'viol_dcl_t_p_min': {'idx': {0: None, 1: None}, 'val': None},
 'viol_dcl_t_q_fr_max': {'idx': {0: None, 1: None}, 'val': None},
 'viol_dcl_t_q_fr_min': {'idx': {0: None, 1: None}, 'val': None},
 'viol_dcl_t_q_to_max': {'idx': {0: None, 1: None}, 'val': None},
 'viol_dcl_t_q_to_min': {'idx': {0: None, 1: None}, 'val': None},
 'viol_pr_t_p_off_max': {'idx': {0: 'sd_00', 1: 0}, 'val': 0.0},
 'viol_pr_t_p_off_min': {'idx': {0: 'sd_00', 1: 0}, 'val': 0.0},
 'viol_pr_t_p_on_max': {'idx': {0: 'sd_00', 1: 0}, 'val': 0.0},
 'viol_pr_t_p_on_min': {'idx': {0: 'sd_00', 1: 0}, 'val': 0.0},
 'viol_pr_t_q_max': {'idx': {0: 'sd_00', 1: 0}, 'val': 0.0},
 'viol_pr_t_q_min': {'idx': {0: 'sd_00', 1: 0}, 'val': 0.0},
 'viol_pr_t_q_p_max': {'idx': {0: None, 1: None}, 'val': None},
 'viol_pr_t_q_p_min': {'idx': {0: None, 1: None}, 'val': None},
 'viol_prz_t_p_nsc_balance': {'idx': {0: 'prz_1', 1: 4},
                              'val': 0.43338656961488153},
 'viol_prz_t_p_rgd_balance': {'idx': {0: 'prz_0', 1: 4},
                              'val': 0.01713368741538351},
 'viol_prz_t_p_rgu_balance': {'idx': {0: 'prz_0', 1: 4},
                              'val': 0.01713368741538351},
 'viol_prz_t_p_rrd_balance': {'idx': {0: 'prz_0', 1: 0}, 'val': 0.022394},
 'viol_prz_t_p_rru_balance': {'idx': {0: 'prz_0', 1: 0}, 'val': 0.022394},
 'viol_prz_t_p_scr_balance': {'idx': {0: 'prz_1', 1: 4},
                              'val': 0.13763655960321938},
 'viol_qrz_t_q_qrd_balance': {'idx': {0: 'qrz_0', 1: 0}, 'val': 2.716},
 'viol_qrz_t_q_qru_balance': {'idx': {0: 'qrz_0', 1: 0}, 'val': 1.7412},
 'viol_sd_max_energy_constr': {'idx': {0: 'sd_00', 1: 0}, 'val': 0.0},
 'viol_sd_max_startup_constr': {'idx': {0: 'sd_00', 1: 0}, 'val': 0},
 'viol_sd_min_energy_constr': {'idx': {0: 'sd_00', 1: 0}, 'val': 0.0},
 'viol_sd_t_d_dn_min': {'idx': {0: 'sd_00', 1: 0}, 'val': 0},
 'viol_sd_t_d_up_min': {'idx': {0: 'sd_00', 1: 0}, 'val': 0},
 'viol_sd_t_p_nsc_max': {'idx': {0: 'sd_00', 1: 0}, 'val': 0.0},
 'viol_sd_t_p_nsc_nonneg': {'idx': {0: 'sd_00', 1: 0}, 'val': -0.0},
 'viol_sd_t_p_ramp_dn_max': {'idx': {0: 'sd_00', 1: 0}, 'val': 0.0},
 'viol_sd_t_p_ramp_up_max': {'idx': {0: 'sd_00', 1: 0}, 'val': 0.0},
 'viol_sd_t_p_rgd_max': {'idx': {0: 'sd_00', 1: 0}, 'val': 0.0},
 'viol_sd_t_p_rgd_nonneg': {'idx': {0: 'sd_00', 1: 0}, 'val': -0.0},
 'viol_sd_t_p_rgu_max': {'idx': {0: 'sd_00', 1: 0}, 'val': 0.0},
 'viol_sd_t_p_rgu_nonneg': {'idx': {0: 'sd_00', 1: 0}, 'val': -0.0},
 'viol_sd_t_p_rrd_off_max': {'idx': {0: 'sd_00', 1: 0}, 'val': 0.0},
 'viol_sd_t_p_rrd_off_nonneg': {'idx': {0: 'sd_00', 1: 0}, 'val': -0.0},
 'viol_sd_t_p_rrd_on_max': {'idx': {0: 'sd_00', 1: 0}, 'val': 0.0},
 'viol_sd_t_p_rrd_on_nonneg': {'idx': {0: 'sd_00', 1: 0}, 'val': -0.0},
 'viol_sd_t_p_rru_off_max': {'idx': {0: 'sd_00', 1: 0}, 'val': 0.0},
 'viol_sd_t_p_rru_off_nonneg': {'idx': {0: 'sd_00', 1: 0}, 'val': -0.0},
 'viol_sd_t_p_rru_on_max': {'idx': {0: 'sd_00', 1: 0}, 'val': 0.0},
 'viol_sd_t_p_rru_on_nonneg': {'idx': {0: 'sd_00', 1: 0}, 'val': -0.0},
 'viol_sd_t_p_scr_max': {'idx': {0: 'sd_00', 1: 0}, 'val': 0.0},
 'viol_sd_t_p_scr_nonneg': {'idx': {0: 'sd_00', 1: 0}, 'val': -0.0},
 'viol_sd_t_q_qrd_nonneg': {'idx': {0: 'sd_00', 1: 0}, 'val': -0.0},
 'viol_sd_t_q_qru_nonneg': {'idx': {0: 'sd_00', 1: 0}, 'val': -0.0},
 'viol_sd_t_u_on_max': {'idx': {0: 'sd_00', 1: 0}, 'val': 0},
 'viol_sd_t_u_on_min': {'idx': {0: 'sd_00', 1: 0}, 'val': 0},
 'viol_sh_t_u_st_max': {'idx': {0: 'sh_0', 1: 0}, 'val': 0},
 'viol_sh_t_u_st_min': {'idx': {0: 'sh_0', 1: 0}, 'val': 0},
 'viol_t_connected_base': {'idx': {0: 0}, 'val': 0},
 'viol_t_connected_ctg': {'idx': {0: 0}, 'val': 0},
 'viol_xfr_acl_t_s_max_ctg': {'idx': {0: None, 1: None, 2: None}, 'val': 0.0},
 'viol_xfr_dcl_t_s_max_ctg': {'idx': {0: None, 1: None, 2: None}, 'val': 0.0},
 'viol_xfr_t_phi_max': {'idx': {0: 'xfr_0', 1: 0}, 'val': 0.0},
 'viol_xfr_t_phi_min': {'idx': {0: 'xfr_0', 1: 0}, 'val': 0.0},
 'viol_xfr_t_s_max': {'idx': {0: 'xfr_0', 1: 0}, 'val': 0.0},
 'viol_xfr_t_tau_max': {'idx': {0: 'xfr_0', 1: 0}, 'val': 0.0},
 'viol_xfr_t_tau_min': {'idx': {0: 'xfr_0', 1: 0}, 'val': 0.0},
 'viol_xfr_t_u_sd_max': {'idx': {0: 'xfr_0', 1: 0}, 'val': 0},
 'viol_xfr_t_u_su_max': {'idx': {0: 'xfr_0', 1: 0}, 'val': 0},
 'viol_xfr_xfr_t_s_max_ctg': {'idx': {0: None, 1: None, 2: None}, 'val': 0.0},
 'z': -17926516.451590963,
 'z_base': -17926516.451590963,
 'z_cost': 2680.262144420691,
 'z_k_average_case': 0.0,
 'z_k_worst_case': 0.0,
 'z_max_energy': 0.0,
 'z_min_energy': 0.0,
 'z_penalty': 18281752.412865426,
 'z_value': 357916.223418871}
infeasibility summary:
{}
feas: 1
obj: -17926516.451590963
evaluate solution time: 0.09921956062316895
end of check_data(), memory info: {'rss bytes': 124841984, 'rss human': '119.1M', 'percent': 0.04620011728060219}
