/rcfs/dtn/arpacomp/.conda/envs/goc_eval/lib/python3.10/site-packages/scipy/sparse/linalg/_dsolve/linsolve.py:347: SparseEfficiencyWarning: splu converted its input to CSC format
  warn('splu converted its input to CSC format', SparseEfficiencyWarning)
args:
Namespace(problem_opt=None, problem='/qfs/projects/goc/share/data/C3/E1/D1/C3E1N00014D1/scenario_113.json', solution='/qfs/projects/goc/share/data/C3/E1/D1/C3E1N00014D1/scenario_113.json.pop_solution.json', configuration=None, parameters='{}', summary_csv='summary.csv', summary_json='summary.json', data_errors='data_errors.txt', ignored_errors='ignored_errors.txt', solution_errors='solution_errors.txt', pop_solution=None, scrubbed_problem=None)
problem data file: /qfs/projects/goc/share/data/C3/E1/D1/C3E1N00014D1/scenario_113.json

pop solution data file: None

solution data file: /qfs/projects/goc/share/data/C3/E1/D1/C3E1N00014D1/scenario_113.json.pop_solution.json

git info: {'C3DataUtilities': {'branch': None, 'commit': '417faef61bd7caf40b3ea0dc36c5e033ca7ea3d5', 'date': 'Fri Dec 30 07:03:34 2022 -0800', 'query_return_code': 0, 'query_err': '', 'query_path': '/qfs/projects/goc/share/loadbalancing/src/nonmpi-template/Challenge3/C3DataUtilities/datautilities', 'query_out': 'commit 417faef61bd7caf40b3ea0dc36c5e033ca7ea3d5\nAuthor: Jesse T Holzer <jesse.holzer@pnnl.gov>\nDate:   Fri Dec 30 07:03:34 2022 -0800\n\n    add z_value, z_cost, z_penalty components of z_base\n'}, 'Bid-DS-data-model': {'branch': None, 'commit': None, 'date': None, 'query_return_code': 128, 'query_err': 'fatal: Not a git repository (or any parent up to mount point /rcfs)\nStopping at filesystem boundary (GIT_DISCOVERY_ACROSS_FILESYSTEM not set).\n', 'query_path': '/rcfs/dtn/arpacomp/.conda/envs/goc_eval/lib/python3.10/site-packages/datamodel', 'query_out': ''}}

after reading problem without validation, memory info: {'rss bytes': 109408256, 'rss human': '104.3M', 'percent': 0.040487084285133236}
read problem data file without validation time: 0.0037500858306884766
after reading problem with validation, memory info: {'rss bytes': 110485504, 'rss human': '105.4M', 'percent': 0.04088572541302025}
load time: 0.02238178253173828
{'general': {'base_norm_mva': 100.0,
             'day_type': None,
             'electricity_demand': None,
             'net_load': None,
             'season': None,
             'solar_availability': None,
             'timestamp_start': None,
             'timestamp_stop': None,
             'vre_availability': None,
             'weather_temperature': None,
             'wind_availability': None},
 'interval durations': [0.25,
                        0.25,
                        0.25,
                        0.25,
                        0.25,
                        0.25,
                        0.25,
                        0.25,
                        0.5,
                        0.5,
                        0.5,
                        0.5,
                        0.5,
                        0.5,
                        0.5,
                        0.5,
                        1.0,
                        1.0],
 'num ac lines': 17,
 'num buses': 14,
 'num consuming devices': 11,
 'num contingencies': 12,
 'num dc lines': 0,
 'num intervals': 18,
 'num producing devices': 6,
 'num reactive power reserve zones': 2,
 'num real power reserve zones': 2,
 'num shunts': 1,
 'num simple dispatchable devices': 17,
 'num transformers': 3,
 'total duration': 8.0,
 'violation costs': {'e_vio_cost': 500.0,
                     'p_bus_vio_cost': 1000000.0,
                     'q_bus_vio_cost': 1000000.0,
                     's_vio_cost': 500.0}}
after read solution without validation, memory info: {'rss bytes': 110755840, 'rss human': '105.6M', 'percent': 0.04098576463142536}
read solution data file without validation time: 0.0013344287872314453
after read solution with validation, memory info: {'rss bytes': 111026176, 'rss human': '105.9M', 'percent': 0.04108580384983047}
solution load time: 0.009763717651367188
after solution_model_checks(), memory info: {'rss bytes': 111026176, 'rss human': '105.9M', 'percent': 0.04108580384983047}
solution model_checks time: 0.0002689361572265625
{}
after problem_data_array.set_from_data_model(), memory info: {'rss bytes': 111276032, 'rss human': '106.1M', 'percent': 0.04117826433956852}
convert problem data to numpy arrays time: 0.003628253936767578
after solution_data_array.set_from_data_model(), memory info: {'rss bytes': 111276032, 'rss human': '106.1M', 'percent': 0.04117826433956852}
convert solution data to numpy arrays time: 0.0005154609680175781
function: set_summary, time: 0.00014162063598632812
function: set_problem, time: 4.76837158203125e-07
function: set_solution, time: 3.814697265625e-06
function: set_solution_zero, time: 2.3603439331054688e-05
function: set_work_zero, time: 3.981590270996094e-05
function: set_matrices, time: 0.002649545669555664
function: __init__, time: 0.002880096435546875
function: eval_sd_t_d_up_dn, time: 0.0003120899200439453
function: eval_sd_max_startup, time: 8.344650268554688e-06
function: eval_sd_t_z_sus, time: 4.291534423828125e-05
function: eval_acl_t_p_q_fr_to, time: 0.00010776519775390625
function: eval_xfr_t_p_q_fr_to, time: 8.296966552734375e-05
function: eval_sd_t_su_sd_trajectories, time: 1.7881393432617188e-05
function: eval_sd_max_energy, time: 1.049041748046875e-05
function: eval_sd_min_energy, time: 8.821487426757812e-06
function: eval_sd_t_z_p, time: 0.0007722377777099609
function: eval_bus_t_p, time: 0.00044727325439453125
function: eval_bus_t_q, time: 0.00011849403381347656
sd_t_p_rgu sum: 0.0
prz_sigma_rgu max: 0.03
prz_t_p_rgu_req max: 0.011396051981405884
sd_t_p_rgd sum: 0.0
prz_sigma_rgd max: 0.03
prz_t_p_rgd_req max: 0.011396051981405884
sd_t_p_scr sum: 0.0
prz_sigma_scr max: 0.3
prz_t_p_scr_req max: 0.12675000429314726
sd_t_p_nsc sum: 0.0
prz_sigma_nsc max: 0.7
prz_t_p_nsc_req max: 0.2957500100173436
sd_t_p_rru sum: 0.0
prz_t_p_rru_min max: 0.022394
sd_t_p_rrd sum: 0.0
prz_t_p_rrd_min max: 0.022394
sd_t_p_qru sum: 0.0
qrz_t_q_qru_min max: 1.7412
sd_t_p_qrd sum: 0.0
qrz_t_q_qrd_min max: 2.716
function: get_connected_components, time: 0.0002460479736328125
function: get_bridges, time: 0.0005300045013427734
function: get_connected_components, time: 7.724761962890625e-05
function: get_bridges, time: 0.0003383159637451172
function: get_connected_components, time: 7.152557373046875e-05
function: get_bridges, time: 0.0002949237823486328
function: get_connected_components, time: 6.937980651855469e-05
function: get_bridges, time: 0.00028324127197265625
function: get_connected_components, time: 6.890296936035156e-05
function: get_bridges, time: 0.00028634071350097656
function: get_connected_components, time: 6.866455078125e-05
function: get_bridges, time: 0.0002856254577636719
function: get_connected_components, time: 6.794929504394531e-05
function: get_bridges, time: 0.00033402442932128906
function: get_connected_components, time: 6.842613220214844e-05
function: get_bridges, time: 0.0002810955047607422
function: get_connected_components, time: 6.818771362304688e-05
function: get_bridges, time: 0.000274658203125
function: get_connected_components, time: 6.747245788574219e-05
function: get_bridges, time: 0.0002810955047607422
function: get_connected_components, time: 6.794929504394531e-05
function: get_bridges, time: 0.0002760887145996094
function: get_connected_components, time: 6.747245788574219e-05
function: get_bridges, time: 0.00032782554626464844
function: get_connected_components, time: 6.747245788574219e-05
function: get_bridges, time: 0.00028204917907714844
function: get_connected_components, time: 6.747245788574219e-05
function: get_bridges, time: 0.0002734661102294922
function: get_connected_components, time: 6.747245788574219e-05
function: get_bridges, time: 0.0002789497375488281
function: get_connected_components, time: 6.699562072753906e-05
function: get_bridges, time: 0.0002727508544921875
function: get_connected_components, time: 6.699562072753906e-05
function: get_bridges, time: 0.0003352165222167969
function: get_connected_components, time: 7.104873657226562e-05
function: get_bridges, time: 0.00027489662170410156
end of eval_connectedness(), memory info: {'rss bytes': 112054272, 'rss human': '106.9M', 'percent': 0.04146625602891655}
function: eval_connectedness, time: 0.007961750030517578
problem dimensions. bus: 14, acl: 17, xfr: 3, dcl: 0, k: 12, t: 18
construct static bus admittance matrix. time: 0.0009183883666992188
factor static bus admittance matrix. time: 0.0027577877044677734
t_acl_delta_t: [array([], dtype=int64), array([], dtype=int64), array([], dtype=int64), array([], dtype=int64), array([], dtype=int64), array([], dtype=int64), array([], dtype=int64), array([], dtype=int64), array([], dtype=int64), array([], dtype=int64), array([], dtype=int64), array([], dtype=int64), array([], dtype=int64), array([], dtype=int64), array([], dtype=int64), array([], dtype=int64), array([], dtype=int64), array([], dtype=int64)], t_xfr_delta_t: [array([], dtype=int64), array([], dtype=int64), array([], dtype=int64), array([], dtype=int64), array([], dtype=int64), array([], dtype=int64), array([], dtype=int64), array([], dtype=int64), array([], dtype=int64), array([], dtype=int64), array([], dtype=int64), array([], dtype=int64), array([], dtype=int64), array([], dtype=int64), array([], dtype=int64), array([], dtype=int64), array([], dtype=int64), array([], dtype=int64)], t_br_delta_t: [array([], dtype=int64), array([], dtype=int64), array([], dtype=int64), array([], dtype=int64), array([], dtype=int64), array([], dtype=int64), array([], dtype=int64), array([], dtype=int64), array([], dtype=int64), array([], dtype=int64), array([], dtype=int64), array([], dtype=int64), array([], dtype=int64), array([], dtype=int64), array([], dtype=int64), array([], dtype=int64), array([], dtype=int64), array([], dtype=int64)], acl_delta_t: [], xfr_delta_t: [], br_delta_t: []
contingency delta branches. acl: 12, xfr: 0, dcl: 0
construct bus,t-indexed right hand side. time: 0.0001049041748046875
solve for base case bus,t-indexed theta. time: 0.06769442558288574
num AC branches with possible violations in ACL contingencies: 0
num AC branches with possible violations in DCL contingencies: 0
num AC branches with possible violations in XFR contingencies: 0
t: 0, time: 0.0018811225891113281, memory_info: {'rss bytes': 121626624, 'rss human': '116.0M', 'percent': 0.04500855380789735}
num AC branches with possible violations in ACL contingencies: 0
num AC branches with possible violations in DCL contingencies: 0
num AC branches with possible violations in XFR contingencies: 0
t: 1, time: 0.001178741455078125, memory_info: {'rss bytes': 121835520, 'rss human': '116.2M', 'percent': 0.0450858568403013}
num AC branches with possible violations in ACL contingencies: 0
num AC branches with possible violations in DCL contingencies: 0
num AC branches with possible violations in XFR contingencies: 0
t: 2, time: 0.001132965087890625, memory_info: {'rss bytes': 121835520, 'rss human': '116.2M', 'percent': 0.0450858568403013}
num AC branches with possible violations in ACL contingencies: 0
num AC branches with possible violations in DCL contingencies: 0
num AC branches with possible violations in XFR contingencies: 0
t: 3, time: 0.0011184215545654297, memory_info: {'rss bytes': 121835520, 'rss human': '116.2M', 'percent': 0.0450858568403013}
num AC branches with possible violations in ACL contingencies: 0
num AC branches with possible violations in DCL contingencies: 0
num AC branches with possible violations in XFR contingencies: 0
t: 4, time: 0.001096963882446289, memory_info: {'rss bytes': 121835520, 'rss human': '116.2M', 'percent': 0.0450858568403013}
num AC branches with possible violations in ACL contingencies: 0
num AC branches with possible violations in DCL contingencies: 0
num AC branches with possible violations in XFR contingencies: 0
t: 5, time: 0.0011019706726074219, memory_info: {'rss bytes': 121835520, 'rss human': '116.2M', 'percent': 0.0450858568403013}
num AC branches with possible violations in ACL contingencies: 0
num AC branches with possible violations in DCL contingencies: 0
num AC branches with possible violations in XFR contingencies: 0
t: 6, time: 0.0011014938354492188, memory_info: {'rss bytes': 121835520, 'rss human': '116.2M', 'percent': 0.0450858568403013}
num AC branches with possible violations in ACL contingencies: 0
num AC branches with possible violations in DCL contingencies: 0
num AC branches with possible violations in XFR contingencies: 0
t: 7, time: 0.0010945796966552734, memory_info: {'rss bytes': 121835520, 'rss human': '116.2M', 'percent': 0.0450858568403013}
num AC branches with possible violations in ACL contingencies: 0
num AC branches with possible violations in DCL contingencies: 0
num AC branches with possible violations in XFR contingencies: 0
t: 8, time: 0.001096963882446289, memory_info: {'rss bytes': 121835520, 'rss human': '116.2M', 'percent': 0.0450858568403013}
num AC branches with possible violations in ACL contingencies: 0
num AC branches with possible violations in DCL contingencies: 0
num AC branches with possible violations in XFR contingencies: 0
t: 9, time: 0.0010960102081298828, memory_info: {'rss bytes': 121835520, 'rss human': '116.2M', 'percent': 0.0450858568403013}
num AC branches with possible violations in ACL contingencies: 0
num AC branches with possible violations in DCL contingencies: 0
num AC branches with possible violations in XFR contingencies: 0
t: 10, time: 0.0010998249053955078, memory_info: {'rss bytes': 121835520, 'rss human': '116.2M', 'percent': 0.0450858568403013}
num AC branches with possible violations in ACL contingencies: 0
num AC branches with possible violations in DCL contingencies: 0
num AC branches with possible violations in XFR contingencies: 0
t: 11, time: 0.0010938644409179688, memory_info: {'rss bytes': 121835520, 'rss human': '116.2M', 'percent': 0.0450858568403013}
num AC branches with possible violations in ACL contingencies: 0
num AC branches with possible violations in DCL contingencies: 0
num AC branches with possible violations in XFR contingencies: 0
t: 12, time: 0.0010917186737060547, memory_info: {'rss bytes': 121835520, 'rss human': '116.2M', 'percent': 0.0450858568403013}
num AC branches with possible violations in ACL contingencies: 0
num AC branches with possible violations in DCL contingencies: 0
num AC branches with possible violations in XFR contingencies: 0
t: 13, time: 0.00109100341796875, memory_info: {'rss bytes': 121835520, 'rss human': '116.2M', 'percent': 0.0450858568403013}
num AC branches with possible violations in ACL contingencies: 0
num AC branches with possible violations in DCL contingencies: 0
num AC branches with possible violations in XFR contingencies: 0
t: 14, time: 0.001096963882446289, memory_info: {'rss bytes': 121835520, 'rss human': '116.2M', 'percent': 0.0450858568403013}
num AC branches with possible violations in ACL contingencies: 0
num AC branches with possible violations in DCL contingencies: 0
num AC branches with possible violations in XFR contingencies: 0
t: 15, time: 0.0010862350463867188, memory_info: {'rss bytes': 121835520, 'rss human': '116.2M', 'percent': 0.0450858568403013}
num AC branches with possible violations in ACL contingencies: 0
num AC branches with possible violations in DCL contingencies: 0
num AC branches with possible violations in XFR contingencies: 0
t: 16, time: 0.0010902881622314453, memory_info: {'rss bytes': 121835520, 'rss human': '116.2M', 'percent': 0.0450858568403013}
num AC branches with possible violations in ACL contingencies: 0
num AC branches with possible violations in DCL contingencies: 0
num AC branches with possible violations in XFR contingencies: 0
t: 17, time: 0.0010848045349121094, memory_info: {'rss bytes': 121835520, 'rss human': '116.2M', 'percent': 0.0450858568403013}
initialize_m_w_time: 0.00041103363037109375
compute_static_w_time: 5.841255187988281e-05
get_time_varying_branch_characteristics_time: 0.00032401084899902344
construct_a_t_time: 0.005244255065917969
factor_a_t_time: 0.0023598670959472656
compute_w_with_t_a_solve_time: 0.0004000663757324219
compute_v_t_time: 1.6689300537109375e-06
compute_w_with_t_smw_time: 9.5367431640625e-07
compute_v_time: 0.0005693435668945312
compute_bus_theta_with_t_a_solve_time: 0.00014448165893554688
compute_bus_theta_with_t_smw_time: 1.6689300537109375e-06
compute_br_p_time: 0.0014324188232421875
apply_w_v_wt_time: 0.00024008750915527344
compute_bus_dtheta_rhs_dcl_k_time: 0.0015115737915039062
compute_w_v_wt_xfr_k_time: 0.0016047954559326172
compute_bus_dtheta_rhs_xfr_k_time: 1.9073486328125e-06
compute_br_acl_delta_k_p_delta_time: 0.0010874271392822266
compute_br_dcl_delta_k_p_delta_time: 0.0008842945098876953
compute_br_xfr_delta_k_p_delta_time: 0.0008752346038818359
filter_branches_acl_k_time: 0.0006823539733886719
filter_branches_dcl_k_time: 0.0002689361572265625
filter_branches_xfr_k_time: 0.0002474784851074219
compute_br_acl_delta_k_p_time: 9.989738464355469e-05
compute_br_dcl_delta_k_p_time: 5.53131103515625e-05
compute_br_xfr_delta_k_p_time: 5.054473876953125e-05
compute_br_acl_delta_k_s_over_time: 0.0005748271942138672
compute_br_dcl_delta_k_s_over_time: 0.00024008750915527344
compute_br_xfr_delta_k_s_over_time: 0.0002315044403076172
zero_out_time: 7.224082946777344e-05
get_max_br_acl_delta_k_s_over_time: 0.0005202293395996094
get_max_br_dcl_delta_k_s_over_time: 2.86102294921875e-06
get_max_br_xfr_delta_k_s_over_time: 2.384185791015625e-06
compute_br_k_z_time: 0.0004036426544189453
collect_penalties_into_obj_array_time: 0.00018835067749023438
end of contingency model method 1, memory info: {'rss bytes': 121835520, 'rss human': '116.2M', 'percent': 0.0450858568403013}
function: eval_post_contingency_model, time: 0.09684038162231445
function: eval_post_contingency_model, time: 0.0968480110168457
function: run, time: 0.11059904098510742
after solution_evaluator.run(), memory info: {'rss bytes': 121835520, 'rss human': '116.2M', 'percent': 0.0450858568403013}
evaluation summary:
{'feas': 1,
 'infeas': 0,
 'info_i_i_k_t_disconnected_ctg': {'idx': {0: None, 1: None, 2: None, 3: None},
                                   'val': 0},
 'info_i_i_t_disconnected_base': {'idx': {0: None, 1: None, 2: None}, 'val': 0},
 'sum_acl_t_u_sd': 0,
 'sum_acl_t_u_su': 0,
 'sum_acl_t_z_s': 0.0,
 'sum_acl_t_z_sd': 0.0,
 'sum_acl_t_z_su': 0.0,
 'sum_bus_t_z_p': 4738684.551540548,
 'sum_bus_t_z_q': 13907785.43434677,
 'sum_cs_t_z_p': 340217.09094289085,
 'sum_pr_t_z_p': 2668.293475759019,
 'sum_prz_t_z_nsc': 98.77553226063607,
 'sum_prz_t_z_rgd': 185.47262908612268,
 'sum_prz_t_z_rgu': 185.47262908612268,
 'sum_prz_t_z_rrd': 0.029126400000000004,
 'sum_prz_t_z_rru': 0.029126400000000004,
 'sum_prz_t_z_scr': 408.4132330699508,
 'sum_qrz_t_z_qrd': 571.1999999999998,
 'sum_qrz_t_z_qru': 421.4592,
 'sum_sd_t_sd': 0,
 'sum_sd_t_su': 0,
 'sum_sd_t_z_nsc': 0.0,
 'sum_sd_t_z_on': 12.8,
 'sum_sd_t_z_qrd': 0.0,
 'sum_sd_t_z_qru': 0.0,
 'sum_sd_t_z_rgd': 0.0,
 'sum_sd_t_z_rgu': 0.0,
 'sum_sd_t_z_rrd_off': 0.0,
 'sum_sd_t_z_rrd_on': 0.0,
 'sum_sd_t_z_rru_off': 0.0,
 'sum_sd_t_z_rru_on': 0.0,
 'sum_sd_t_z_scr': 0.0,
 'sum_sd_t_z_sd': 0.0,
 'sum_sd_t_z_su': 0.0,
 'sum_sd_t_z_sus': 0.0,
 'sum_xfr_t_u_sd': 0,
 'sum_xfr_t_u_su': 0,
 'sum_xfr_t_z_s': 0.0,
 'sum_xfr_t_z_sd': 0.0,
 'sum_xfr_t_z_su': 0.0,
 'viol_acl_acl_t_s_max_ctg': {'idx': {0: None, 1: None, 2: None}, 'val': 0.0},
 'viol_acl_dcl_t_s_max_ctg': {'idx': {0: None, 1: None, 2: None}, 'val': 0.0},
 'viol_acl_t_s_max': {'idx': {0: 'acl_00', 1: 0}, 'val': 0.0},
 'viol_acl_t_u_sd_max': {'idx': {0: 'acl_00', 1: 0}, 'val': 0},
 'viol_acl_t_u_su_max': {'idx': {0: 'acl_00', 1: 0}, 'val': 0},
 'viol_acl_xfr_t_s_max_ctg': {'idx': {0: None, 1: None, 2: None}, 'val': 0.0},
 'viol_bus_t_p_balance_max': {'idx': {0: 'bus_07', 1: 0},
                              'val': 0.35003908483761204},
 'viol_bus_t_p_balance_min': {'idx': {0: 'bus_13', 1: 0},
                              'val': -0.045378726255946605},
 'viol_bus_t_q_balance_max': {'idx': {0: 'bus_05', 1: 0},
                              'val': 0.36319566938358855},
 'viol_bus_t_q_balance_min': {'idx': {0: 'bus_04', 1: 0},
                              'val': -0.31539230795419887},
 'viol_bus_t_v_max': {'idx': {0: 'bus_00', 1: 0}, 'val': 0.0},
 'viol_bus_t_v_min': {'idx': {0: 'bus_00', 1: 0}, 'val': 0.0},
 'viol_cs_t_p_off_max': {'idx': {0: 'sd_06', 1: 0}, 'val': 0.0},
 'viol_cs_t_p_off_min': {'idx': {0: 'sd_06', 1: 0}, 'val': 0.0},
 'viol_cs_t_p_on_max': {'idx': {0: 'sd_06', 1: 0}, 'val': 0.0},
 'viol_cs_t_p_on_min': {'idx': {0: 'sd_06', 1: 0}, 'val': 0.0},
 'viol_cs_t_q_max': {'idx': {0: 'sd_06', 1: 0}, 'val': 0.0},
 'viol_cs_t_q_min': {'idx': {0: 'sd_06', 1: 0}, 'val': 0.0},
 'viol_cs_t_q_p_max': {'idx': {0: None, 1: None}, 'val': None},
 'viol_cs_t_q_p_min': {'idx': {0: None, 1: None}, 'val': None},
 'viol_dcl_t_p_max': {'idx': {0: None, 1: None}, 'val': None},
 'viol_dcl_t_p_min': {'idx': {0: None, 1: None}, 'val': None},
 'viol_dcl_t_q_fr_max': {'idx': {0: None, 1: None}, 'val': None},
 'viol_dcl_t_q_fr_min': {'idx': {0: None, 1: None}, 'val': None},
 'viol_dcl_t_q_to_max': {'idx': {0: None, 1: None}, 'val': None},
 'viol_dcl_t_q_to_min': {'idx': {0: None, 1: None}, 'val': None},
 'viol_pr_t_p_off_max': {'idx': {0: 'sd_00', 1: 0}, 'val': 0.0},
 'viol_pr_t_p_off_min': {'idx': {0: 'sd_00', 1: 0}, 'val': 0.0},
 'viol_pr_t_p_on_max': {'idx': {0: 'sd_00', 1: 0}, 'val': 0.0},
 'viol_pr_t_p_on_min': {'idx': {0: 'sd_00', 1: 0}, 'val': 0.0},
 'viol_pr_t_q_max': {'idx': {0: 'sd_00', 1: 0}, 'val': 0.0},
 'viol_pr_t_q_min': {'idx': {0: 'sd_00', 1: 0}, 'val': 0.0},
 'viol_pr_t_q_p_max': {'idx': {0: None, 1: None}, 'val': None},
 'viol_pr_t_q_p_min': {'idx': {0: None, 1: None}, 'val': None},
 'viol_prz_t_p_nsc_balance': {'idx': {0: 'prz_1', 1: 16},
                              'val': 0.42974093957547754},
 'viol_prz_t_p_rgd_balance': {'idx': {0: 'prz_0', 1: 16},
                              'val': 0.011396051981405884},
 'viol_prz_t_p_rgu_balance': {'idx': {0: 'prz_0', 1: 16},
                              'val': 0.011396051981405884},
 'viol_prz_t_p_rrd_balance': {'idx': {0: 'prz_0', 1: 0}, 'val': 0.022394},
 'viol_prz_t_p_rru_balance': {'idx': {0: 'prz_0', 1: 0}, 'val': 0.022394},
 'viol_prz_t_p_scr_balance': {'idx': {0: 'prz_1', 1: 16},
                              'val': 0.1339909295636417},
 'viol_qrz_t_q_qrd_balance': {'idx': {0: 'qrz_0', 1: 0}, 'val': 2.716},
 'viol_qrz_t_q_qru_balance': {'idx': {0: 'qrz_0', 1: 0}, 'val': 1.7412},
 'viol_sd_max_energy_constr': {'idx': {0: 'sd_00', 1: 0}, 'val': 0.0},
 'viol_sd_max_startup_constr': {'idx': {0: 'sd_00', 1: 0}, 'val': 0},
 'viol_sd_min_energy_constr': {'idx': {0: 'sd_00', 1: 0}, 'val': 0.0},
 'viol_sd_t_d_dn_min': {'idx': {0: 'sd_00', 1: 0}, 'val': 0},
 'viol_sd_t_d_up_min': {'idx': {0: 'sd_00', 1: 0}, 'val': 0},
 'viol_sd_t_p_nsc_max': {'idx': {0: 'sd_00', 1: 0}, 'val': 0.0},
 'viol_sd_t_p_nsc_nonneg': {'idx': {0: 'sd_00', 1: 0}, 'val': -0.0},
 'viol_sd_t_p_ramp_dn_max': {'idx': {0: 'sd_00', 1: 0}, 'val': 0.0},
 'viol_sd_t_p_ramp_up_max': {'idx': {0: 'sd_00', 1: 0}, 'val': 0.0},
 'viol_sd_t_p_rgd_max': {'idx': {0: 'sd_00', 1: 0}, 'val': 0.0},
 'viol_sd_t_p_rgd_nonneg': {'idx': {0: 'sd_00', 1: 0}, 'val': -0.0},
 'viol_sd_t_p_rgu_max': {'idx': {0: 'sd_00', 1: 0}, 'val': 0.0},
 'viol_sd_t_p_rgu_nonneg': {'idx': {0: 'sd_00', 1: 0}, 'val': -0.0},
 'viol_sd_t_p_rrd_off_max': {'idx': {0: 'sd_00', 1: 0}, 'val': 0.0},
 'viol_sd_t_p_rrd_off_nonneg': {'idx': {0: 'sd_00', 1: 0}, 'val': -0.0},
 'viol_sd_t_p_rrd_on_max': {'idx': {0: 'sd_00', 1: 0}, 'val': 0.0},
 'viol_sd_t_p_rrd_on_nonneg': {'idx': {0: 'sd_00', 1: 0}, 'val': -0.0},
 'viol_sd_t_p_rru_off_max': {'idx': {0: 'sd_00', 1: 0}, 'val': 0.0},
 'viol_sd_t_p_rru_off_nonneg': {'idx': {0: 'sd_00', 1: 0}, 'val': -0.0},
 'viol_sd_t_p_rru_on_max': {'idx': {0: 'sd_00', 1: 0}, 'val': 0.0},
 'viol_sd_t_p_rru_on_nonneg': {'idx': {0: 'sd_00', 1: 0}, 'val': -0.0},
 'viol_sd_t_p_scr_max': {'idx': {0: 'sd_00', 1: 0}, 'val': 0.0},
 'viol_sd_t_p_scr_nonneg': {'idx': {0: 'sd_00', 1: 0}, 'val': -0.0},
 'viol_sd_t_q_qrd_nonneg': {'idx': {0: 'sd_00', 1: 0}, 'val': -0.0},
 'viol_sd_t_q_qru_nonneg': {'idx': {0: 'sd_00', 1: 0}, 'val': -0.0},
 'viol_sd_t_u_on_max': {'idx': {0: 'sd_00', 1: 0}, 'val': 0},
 'viol_sd_t_u_on_min': {'idx': {0: 'sd_00', 1: 0}, 'val': 0},
 'viol_sh_t_u_st_max': {'idx': {0: 'sh_0', 1: 0}, 'val': 0},
 'viol_sh_t_u_st_min': {'idx': {0: 'sh_0', 1: 0}, 'val': 0},
 'viol_t_connected_base': {'idx': {0: 0}, 'val': 0},
 'viol_t_connected_ctg': {'idx': {0: 0}, 'val': 0},
 'viol_xfr_acl_t_s_max_ctg': {'idx': {0: None, 1: None, 2: None}, 'val': 0.0},
 'viol_xfr_dcl_t_s_max_ctg': {'idx': {0: None, 1: None, 2: None}, 'val': 0.0},
 'viol_xfr_t_phi_max': {'idx': {0: 'xfr_0', 1: 0}, 'val': 0.0},
 'viol_xfr_t_phi_min': {'idx': {0: 'xfr_0', 1: 0}, 'val': 0.0},
 'viol_xfr_t_s_max': {'idx': {0: 'xfr_0', 1: 0}, 'val': 0.0},
 'viol_xfr_t_tau_max': {'idx': {0: 'xfr_0', 1: 0}, 'val': 0.0},
 'viol_xfr_t_tau_min': {'idx': {0: 'xfr_0', 1: 0}, 'val': 0.0},
 'viol_xfr_t_u_sd_max': {'idx': {0: 'xfr_0', 1: 0}, 'val': 0},
 'viol_xfr_t_u_su_max': {'idx': {0: 'xfr_0', 1: 0}, 'val': 0},
 'viol_xfr_xfr_t_s_max_ctg': {'idx': {0: None, 1: None, 2: None}, 'val': 0.0},
 'z': -18310804.839896485,
 'z_base': -18310804.839896485,
 'z_cost': 2681.0934757590194,
 'z_k_average_case': 0.0,
 'z_k_worst_case': 0.0,
 'z_max_energy': 0.0,
 'z_min_energy': 0.0,
 'z_penalty': 18648340.837363623,
 'z_value': 340217.09094289085}
infeasibility summary:
{}
feas: 1
obj: -18310804.839896485
evaluate solution time: 0.11662650108337402
end of check_data(), memory info: {'rss bytes': 122634240, 'rss human': '117.0M', 'percent': 0.04538142725831639}
.0M', 'percent': 0.05083695440653684}
