/rcfs/dtn/arpacomp/.conda/envs/goc_eval/lib/python3.10/site-packages/scipy/sparse/linalg/_dsolve/linsolve.py:347: SparseEfficiencyWarning: splu converted its input to CSC format
  warn('splu converted its input to CSC format', SparseEfficiencyWarning)
args:
Namespace(problem_opt=None, problem='/qfs/projects/goc/share/data/C3/E1/D1/C3E1N00014D1/scenario_118.json', solution='/qfs/projects/goc/share/data/C3/E1/D1/C3E1N00014D1/scenario_118.json.pop_solution.json', configuration=None, parameters='{}', summary_csv='summary.csv', summary_json='summary.json', data_errors='data_errors.txt', ignored_errors='ignored_errors.txt', solution_errors='solution_errors.txt', pop_solution=None, scrubbed_problem=None)
problem data file: /qfs/projects/goc/share/data/C3/E1/D1/C3E1N00014D1/scenario_118.json

pop solution data file: None

solution data file: /qfs/projects/goc/share/data/C3/E1/D1/C3E1N00014D1/scenario_118.json.pop_solution.json

git info: {'C3DataUtilities': {'branch': None, 'commit': '417faef61bd7caf40b3ea0dc36c5e033ca7ea3d5', 'date': 'Fri Dec 30 07:03:34 2022 -0800', 'query_return_code': 0, 'query_err': '', 'query_path': '/qfs/projects/goc/share/loadbalancing/src/nonmpi-template/Challenge3/C3DataUtilities/datautilities', 'query_out': 'commit 417faef61bd7caf40b3ea0dc36c5e033ca7ea3d5\nAuthor: Jesse T Holzer <jesse.holzer@pnnl.gov>\nDate:   Fri Dec 30 07:03:34 2022 -0800\n\n    add z_value, z_cost, z_penalty components of z_base\n'}, 'Bid-DS-data-model': {'branch': None, 'commit': None, 'date': None, 'query_return_code': 128, 'query_err': 'fatal: Not a git repository (or any parent up to mount point /rcfs)\nStopping at filesystem boundary (GIT_DISCOVERY_ACROSS_FILESYSTEM not set).\n', 'query_path': '/rcfs/dtn/arpacomp/.conda/envs/goc_eval/lib/python3.10/site-packages/datamodel', 'query_out': ''}}

after reading problem without validation, memory info: {'rss bytes': 96944128, 'rss human': '92.5M', 'percent': 0.0358759925127889}
read problem data file without validation time: 0.004030704498291016
after reading problem with validation, memory info: {'rss bytes': 98021376, 'rss human': '93.5M', 'percent': 0.03627464833630011}
load time: 0.02288365364074707
{'general': {'base_norm_mva': 100.0,
             'day_type': None,
             'electricity_demand': None,
             'net_load': None,
             'season': None,
             'solar_availability': None,
             'timestamp_start': None,
             'timestamp_stop': None,
             'vre_availability': None,
             'weather_temperature': None,
             'wind_availability': None},
 'interval durations': [0.25,
                        0.25,
                        0.25,
                        0.25,
                        0.25,
                        0.25,
                        0.25,
                        0.25,
                        0.5,
                        0.5,
                        0.5,
                        0.5,
                        0.5,
                        0.5,
                        0.5,
                        0.5,
                        1.0,
                        1.0],
 'num ac lines': 17,
 'num buses': 14,
 'num consuming devices': 11,
 'num contingencies': 12,
 'num dc lines': 0,
 'num intervals': 18,
 'num producing devices': 6,
 'num reactive power reserve zones': 2,
 'num real power reserve zones': 2,
 'num shunts': 1,
 'num simple dispatchable devices': 17,
 'num transformers': 3,
 'total duration': 8.0,
 'violation costs': {'e_vio_cost': 500.0,
                     'p_bus_vio_cost': 1000000.0,
                     'q_bus_vio_cost': 1000000.0,
                     's_vio_cost': 500.0}}
after read solution without validation, memory info: {'rss bytes': 98291712, 'rss human': '93.7M', 'percent': 0.03637469124258049}
read solution data file without validation time: 0.0015053749084472656
after read solution with validation, memory info: {'rss bytes': 98562048, 'rss human': '94.0M', 'percent': 0.03647473414886087}
solution load time: 0.009974956512451172
after solution_model_checks(), memory info: {'rss bytes': 98562048, 'rss human': '94.0M', 'percent': 0.03647473414886087}
solution model_checks time: 0.00029754638671875
{}
after problem_data_array.set_from_data_model(), memory info: {'rss bytes': 98811904, 'rss human': '94.2M', 'percent': 0.03656719804708971}
convert problem data to numpy arrays time: 0.003860950469970703
after solution_data_array.set_from_data_model(), memory info: {'rss bytes': 98811904, 'rss human': '94.2M', 'percent': 0.03656719804708971}
convert solution data to numpy arrays time: 0.0005350112915039062
function: set_summary, time: 0.00016570091247558594
function: set_problem, time: 4.76837158203125e-07
function: set_solution, time: 5.0067901611328125e-06
function: set_solution_zero, time: 2.7418136596679688e-05
function: set_work_zero, time: 4.9591064453125e-05
function: set_matrices, time: 0.002582073211669922
function: __init__, time: 0.0028514862060546875
function: eval_sd_t_d_up_dn, time: 0.0003147125244140625
function: eval_sd_max_startup, time: 9.298324584960938e-06
function: eval_sd_t_z_sus, time: 3.981590270996094e-05
function: eval_acl_t_p_q_fr_to, time: 0.00012183189392089844
function: eval_xfr_t_p_q_fr_to, time: 8.130073547363281e-05
function: eval_sd_t_su_sd_trajectories, time: 1.9550323486328125e-05
function: eval_sd_max_energy, time: 1.0251998901367188e-05
function: eval_sd_min_energy, time: 9.059906005859375e-06
function: eval_sd_t_z_p, time: 0.0008184909820556641
function: eval_bus_t_p, time: 0.00048089027404785156
function: eval_bus_t_q, time: 0.0001220703125
sd_t_p_rgu sum: 0.0
prz_sigma_rgu max: 0.03
prz_t_p_rgu_req max: 0.0107650338233654
sd_t_p_rgd sum: 0.0
prz_sigma_rgd max: 0.03
prz_t_p_rgd_req max: 0.0107650338233654
sd_t_p_scr sum: 0.0
prz_sigma_scr max: 0.3
prz_t_p_scr_req max: 0.12675000429305558
sd_t_p_nsc sum: 0.0
prz_sigma_nsc max: 0.7
prz_t_p_nsc_req max: 0.2957500100171297
sd_t_p_rru sum: 0.0
prz_t_p_rru_min max: 0.022394
sd_t_p_rrd sum: 0.0
prz_t_p_rrd_min max: 0.022394
sd_t_p_qru sum: 0.0
qrz_t_q_qru_min max: 1.7412
sd_t_p_qrd sum: 0.0
qrz_t_q_qrd_min max: 2.716
function: get_connected_components, time: 0.0002923011779785156
function: get_bridges, time: 0.0006041526794433594
function: get_connected_components, time: 7.581710815429688e-05
function: get_bridges, time: 0.0003504753112792969
function: get_connected_components, time: 8.0108642578125e-05
function: get_bridges, time: 0.0003094673156738281
function: get_connected_components, time: 6.937980651855469e-05
function: get_bridges, time: 0.0002872943878173828
function: get_connected_components, time: 7.43865966796875e-05
function: get_bridges, time: 0.00028777122497558594
function: get_connected_components, time: 6.723403930664062e-05
function: get_bridges, time: 0.000286102294921875
function: get_connected_components, time: 6.67572021484375e-05
function: get_bridges, time: 0.0003705024719238281
function: get_connected_components, time: 7.462501525878906e-05
function: get_bridges, time: 0.0002741813659667969
function: get_connected_components, time: 6.580352783203125e-05
function: get_bridges, time: 0.0002789497375488281
function: get_connected_components, time: 6.961822509765625e-05
function: get_bridges, time: 0.00030684471130371094
function: get_connected_components, time: 6.580352783203125e-05
function: get_bridges, time: 0.00027370452880859375
function: get_connected_components, time: 6.604194641113281e-05
function: get_bridges, time: 0.0003345012664794922
function: get_connected_components, time: 6.794929504394531e-05
function: get_bridges, time: 0.00027751922607421875
function: get_connected_components, time: 6.628036499023438e-05
function: get_bridges, time: 0.0002770423889160156
function: get_connected_components, time: 8.20159912109375e-05
function: get_bridges, time: 0.0002932548522949219
function: get_connected_components, time: 6.4849853515625e-05
function: get_bridges, time: 0.00027370452880859375
function: get_connected_components, time: 6.532669067382812e-05
function: get_bridges, time: 0.00036597251892089844
function: get_connected_components, time: 6.67572021484375e-05
function: get_bridges, time: 0.0002727508544921875
end of eval_connectedness(), memory info: {'rss bytes': 99590144, 'rss human': '95.0M', 'percent': 0.03685520035304839}
function: eval_connectedness, time: 0.0082550048828125
problem dimensions. bus: 14, acl: 17, xfr: 3, dcl: 0, k: 12, t: 18
construct static bus admittance matrix. time: 0.001012563705444336
factor static bus admittance matrix. time: 0.002528667449951172
t_acl_delta_t: [array([], dtype=int64), array([], dtype=int64), array([], dtype=int64), array([], dtype=int64), array([], dtype=int64), array([], dtype=int64), array([], dtype=int64), array([], dtype=int64), array([], dtype=int64), array([], dtype=int64), array([], dtype=int64), array([], dtype=int64), array([], dtype=int64), array([], dtype=int64), array([], dtype=int64), array([], dtype=int64), array([], dtype=int64), array([], dtype=int64)], t_xfr_delta_t: [array([], dtype=int64), array([], dtype=int64), array([], dtype=int64), array([], dtype=int64), array([], dtype=int64), array([], dtype=int64), array([], dtype=int64), array([], dtype=int64), array([], dtype=int64), array([], dtype=int64), array([], dtype=int64), array([], dtype=int64), array([], dtype=int64), array([], dtype=int64), array([], dtype=int64), array([], dtype=int64), array([], dtype=int64), array([], dtype=int64)], t_br_delta_t: [array([], dtype=int64), array([], dtype=int64), array([], dtype=int64), array([], dtype=int64), array([], dtype=int64), array([], dtype=int64), array([], dtype=int64), array([], dtype=int64), array([], dtype=int64), array([], dtype=int64), array([], dtype=int64), array([], dtype=int64), array([], dtype=int64), array([], dtype=int64), array([], dtype=int64), array([], dtype=int64), array([], dtype=int64), array([], dtype=int64)], acl_delta_t: [], xfr_delta_t: [], br_delta_t: []
contingency delta branches. acl: 12, xfr: 0, dcl: 0
construct bus,t-indexed right hand side. time: 9.822845458984375e-05
solve for base case bus,t-indexed theta. time: 0.02864861488342285
num AC branches with possible violations in ACL contingencies: 0
num AC branches with possible violations in DCL contingencies: 0
num AC branches with possible violations in XFR contingencies: 0
t: 0, time: 0.0019385814666748047, memory_info: {'rss bytes': 109199360, 'rss human': '104.1M', 'percent': 0.040411270930832854}
num AC branches with possible violations in ACL contingencies: 0
num AC branches with possible violations in DCL contingencies: 0
num AC branches with possible violations in XFR contingencies: 0
t: 1, time: 0.0011737346649169922, memory_info: {'rss bytes': 109199360, 'rss human': '104.1M', 'percent': 0.040411270930832854}
num AC branches with possible violations in ACL contingencies: 0
num AC branches with possible violations in DCL contingencies: 0
num AC branches with possible violations in XFR contingencies: 0
t: 2, time: 0.0011174678802490234, memory_info: {'rss bytes': 109441024, 'rss human': '104.4M', 'percent': 0.040500703225841074}
num AC branches with possible violations in ACL contingencies: 0
num AC branches with possible violations in DCL contingencies: 0
num AC branches with possible violations in XFR contingencies: 0
t: 3, time: 0.0011036396026611328, memory_info: {'rss bytes': 109441024, 'rss human': '104.4M', 'percent': 0.040500703225841074}
num AC branches with possible violations in ACL contingencies: 0
num AC branches with possible violations in DCL contingencies: 0
num AC branches with possible violations in XFR contingencies: 0
t: 4, time: 0.0010995864868164062, memory_info: {'rss bytes': 109441024, 'rss human': '104.4M', 'percent': 0.040500703225841074}
num AC branches with possible violations in ACL contingencies: 0
num AC branches with possible violations in DCL contingencies: 0
num AC branches with possible violations in XFR contingencies: 0
t: 5, time: 0.0010995864868164062, memory_info: {'rss bytes': 109441024, 'rss human': '104.4M', 'percent': 0.040500703225841074}
num AC branches with possible violations in ACL contingencies: 0
num AC branches with possible violations in DCL contingencies: 0
num AC branches with possible violations in XFR contingencies: 0
t: 6, time: 0.0011107921600341797, memory_info: {'rss bytes': 109441024, 'rss human': '104.4M', 'percent': 0.040500703225841074}
num AC branches with possible violations in ACL contingencies: 0
num AC branches with possible violations in DCL contingencies: 0
num AC branches with possible violations in XFR contingencies: 0
t: 7, time: 0.0010998249053955078, memory_info: {'rss bytes': 109441024, 'rss human': '104.4M', 'percent': 0.040500703225841074}
num AC branches with possible violations in ACL contingencies: 0
num AC branches with possible violations in DCL contingencies: 0
num AC branches with possible violations in XFR contingencies: 0
t: 8, time: 0.0011105537414550781, memory_info: {'rss bytes': 109441024, 'rss human': '104.4M', 'percent': 0.040500703225841074}
num AC branches with possible violations in ACL contingencies: 0
num AC branches with possible violations in DCL contingencies: 0
num AC branches with possible violations in XFR contingencies: 0
t: 9, time: 0.001100301742553711, memory_info: {'rss bytes': 109441024, 'rss human': '104.4M', 'percent': 0.040500703225841074}
num AC branches with possible violations in ACL contingencies: 0
num AC branches with possible violations in DCL contingencies: 0
num AC branches with possible violations in XFR contingencies: 0
t: 10, time: 0.0011088848114013672, memory_info: {'rss bytes': 109441024, 'rss human': '104.4M', 'percent': 0.040500703225841074}
num AC branches with possible violations in ACL contingencies: 0
num AC branches with possible violations in DCL contingencies: 0
num AC branches with possible violations in XFR contingencies: 0
t: 11, time: 0.0011019706726074219, memory_info: {'rss bytes': 109441024, 'rss human': '104.4M', 'percent': 0.040500703225841074}
num AC branches with possible violations in ACL contingencies: 0
num AC branches with possible violations in DCL contingencies: 0
num AC branches with possible violations in XFR contingencies: 0
t: 12, time: 0.0011014938354492188, memory_info: {'rss bytes': 109441024, 'rss human': '104.4M', 'percent': 0.040500703225841074}
num AC branches with possible violations in ACL contingencies: 0
num AC branches with possible violations in DCL contingencies: 0
num AC branches with possible violations in XFR contingencies: 0
t: 13, time: 0.0010967254638671875, memory_info: {'rss bytes': 109441024, 'rss human': '104.4M', 'percent': 0.040500703225841074}
num AC branches with possible violations in ACL contingencies: 0
num AC branches with possible violations in DCL contingencies: 0
num AC branches with possible violations in XFR contingencies: 0
t: 14, time: 0.001100301742553711, memory_info: {'rss bytes': 109441024, 'rss human': '104.4M', 'percent': 0.040500703225841074}
num AC branches with possible violations in ACL contingencies: 0
num AC branches with possible violations in DCL contingencies: 0
num AC branches with possible violations in XFR contingencies: 0
t: 15, time: 0.0010933876037597656, memory_info: {'rss bytes': 109441024, 'rss human': '104.4M', 'percent': 0.040500703225841074}
num AC branches with possible violations in ACL contingencies: 0
num AC branches with possible violations in DCL contingencies: 0
num AC branches with possible violations in XFR contingencies: 0
t: 16, time: 0.0010952949523925781, memory_info: {'rss bytes': 109441024, 'rss human': '104.4M', 'percent': 0.040500703225841074}
num AC branches with possible violations in ACL contingencies: 0
num AC branches with possible violations in DCL contingencies: 0
num AC branches with possible violations in XFR contingencies: 0
t: 17, time: 0.0010876655578613281, memory_info: {'rss bytes': 109441024, 'rss human': '104.4M', 'percent': 0.040500703225841074}
initialize_m_w_time: 0.0004305839538574219
compute_static_w_time: 5.841255187988281e-05
get_time_varying_branch_characteristics_time: 0.00034618377685546875
construct_a_t_time: 0.005310535430908203
factor_a_t_time: 0.002363920211791992
compute_w_with_t_a_solve_time: 0.000415802001953125
compute_v_t_time: 2.86102294921875e-06
compute_w_with_t_smw_time: 2.384185791015625e-06
compute_v_time: 0.0005631446838378906
compute_bus_theta_with_t_a_solve_time: 0.0001437664031982422
compute_bus_theta_with_t_smw_time: 1.1920928955078125e-06
compute_br_p_time: 0.0014197826385498047
apply_w_v_wt_time: 0.00024437904357910156
compute_bus_dtheta_rhs_dcl_k_time: 0.0015053749084472656
compute_w_v_wt_xfr_k_time: 0.001627206802368164
compute_bus_dtheta_rhs_xfr_k_time: 9.5367431640625e-07
compute_br_acl_delta_k_p_delta_time: 0.0010724067687988281
compute_br_dcl_delta_k_p_delta_time: 0.0008945465087890625
compute_br_xfr_delta_k_p_delta_time: 0.0008635520935058594
filter_branches_acl_k_time: 0.0006911754608154297
filter_branches_dcl_k_time: 0.0002734661102294922
filter_branches_xfr_k_time: 0.00025916099548339844
compute_br_acl_delta_k_p_time: 9.226799011230469e-05
compute_br_dcl_delta_k_p_time: 5.364418029785156e-05
compute_br_xfr_delta_k_p_time: 5.054473876953125e-05
compute_br_acl_delta_k_s_over_time: 0.0005698204040527344
compute_br_dcl_delta_k_s_over_time: 0.0002396106719970703
compute_br_xfr_delta_k_s_over_time: 0.00023174285888671875
zero_out_time: 6.937980651855469e-05
get_max_br_acl_delta_k_s_over_time: 0.0005166530609130859
get_max_br_dcl_delta_k_s_over_time: 3.337860107421875e-06
get_max_br_xfr_delta_k_s_over_time: 2.384185791015625e-06
compute_br_k_z_time: 0.0004019737243652344
collect_penalties_into_obj_array_time: 0.00019097328186035156
end of contingency model method 1, memory info: {'rss bytes': 109441024, 'rss human': '104.4M', 'percent': 0.040500703225841074}
function: eval_post_contingency_model, time: 0.05817914009094238
function: eval_post_contingency_model, time: 0.05818796157836914
function: run, time: 0.07242727279663086
after solution_evaluator.run(), memory info: {'rss bytes': 109441024, 'rss human': '104.4M', 'percent': 0.040500703225841074}
evaluation summary:
{'feas': 1,
 'infeas': 0,
 'info_i_i_k_t_disconnected_ctg': {'idx': {0: None, 1: None, 2: None, 3: None},
                                   'val': 0},
 'info_i_i_t_disconnected_base': {'idx': {0: None, 1: None, 2: None}, 'val': 0},
 'sum_acl_t_u_sd': 0,
 'sum_acl_t_u_su': 0,
 'sum_acl_t_z_s': 0.0,
 'sum_acl_t_z_sd': 0.0,
 'sum_acl_t_z_su': 0.0,
 'sum_bus_t_z_p': 5146805.36860954,
 'sum_bus_t_z_q': 13864798.48820968,
 'sum_cs_t_z_p': 327530.5394366767,
 'sum_pr_t_z_p': 2668.2731454479717,
 'sum_prz_t_z_nsc': 94.03468851557533,
 'sum_prz_t_z_rgd': 175.20261035747666,
 'sum_prz_t_z_rgu': 175.20261035747666,
 'sum_prz_t_z_rrd': 0.029126400000000004,
 'sum_prz_t_z_rru': 0.029126400000000004,
 'sum_prz_t_z_scr': 388.57618671106593,
 'sum_qrz_t_z_qrd': 571.1999999999998,
 'sum_qrz_t_z_qru': 421.4592,
 'sum_sd_t_sd': 0,
 'sum_sd_t_su': 0,
 'sum_sd_t_z_nsc': 0.0,
 'sum_sd_t_z_on': 12.8,
 'sum_sd_t_z_qrd': 0.0,
 'sum_sd_t_z_qru': 0.0,
 'sum_sd_t_z_rgd': 0.0,
 'sum_sd_t_z_rgu': 0.0,
 'sum_sd_t_z_rrd_off': 0.0,
 'sum_sd_t_z_rrd_on': 0.0,
 'sum_sd_t_z_rru_off': 0.0,
 'sum_sd_t_z_rru_on': 0.0,
 'sum_sd_t_z_scr': 0.0,
 'sum_sd_t_z_sd': 0.0,
 'sum_sd_t_z_su': 0.0,
 'sum_sd_t_z_sus': 0.0,
 'sum_xfr_t_u_sd': 0,
 'sum_xfr_t_u_su': 0,
 'sum_xfr_t_z_s': 0.0,
 'sum_xfr_t_z_sd': 0.0,
 'sum_xfr_t_z_su': 0.0,
 'viol_acl_acl_t_s_max_ctg': {'idx': {0: None, 1: None, 2: None}, 'val': 0.0},
 'viol_acl_dcl_t_s_max_ctg': {'idx': {0: None, 1: None, 2: None}, 'val': 0.0},
 'viol_acl_t_s_max': {'idx': {0: 'acl_00', 1: 0}, 'val': 0.0},
 'viol_acl_t_u_sd_max': {'idx': {0: 'acl_00', 1: 0}, 'val': 0},
 'viol_acl_t_u_su_max': {'idx': {0: 'acl_00', 1: 0}, 'val': 0},
 'viol_acl_xfr_t_s_max_ctg': {'idx': {0: None, 1: None, 2: None}, 'val': 0.0},
 'viol_bus_t_p_balance_max': {'idx': {0: 'bus_07', 1: 8},
                              'val': 0.35003908483761204},
 'viol_bus_t_p_balance_min': {'idx': {0: 'bus_13', 1: 0},
                              'val': -0.05181799954835485},
 'viol_bus_t_q_balance_max': {'idx': {0: 'bus_05', 1: 0},
                              'val': 0.3617444094409792},
 'viol_bus_t_q_balance_min': {'idx': {0: 'bus_04', 1: 0},
                              'val': -0.31699796090814253},
 'viol_bus_t_v_max': {'idx': {0: 'bus_00', 1: 0}, 'val': 0.0},
 'viol_bus_t_v_min': {'idx': {0: 'bus_00', 1: 0}, 'val': 0.0},
 'viol_cs_t_p_off_max': {'idx': {0: 'sd_06', 1: 0}, 'val': 0.0},
 'viol_cs_t_p_off_min': {'idx': {0: 'sd_06', 1: 0}, 'val': 0.0},
 'viol_cs_t_p_on_max': {'idx': {0: 'sd_06', 1: 0}, 'val': 0.0},
 'viol_cs_t_p_on_min': {'idx': {0: 'sd_06', 1: 0}, 'val': 0.0},
 'viol_cs_t_q_max': {'idx': {0: 'sd_06', 1: 0}, 'val': 0.0},
 'viol_cs_t_q_min': {'idx': {0: 'sd_06', 1: 0}, 'val': 0.0},
 'viol_cs_t_q_p_max': {'idx': {0: None, 1: None}, 'val': None},
 'viol_cs_t_q_p_min': {'idx': {0: None, 1: None}, 'val': None},
 'viol_dcl_t_p_max': {'idx': {0: None, 1: None}, 'val': None},
 'viol_dcl_t_p_min': {'idx': {0: None, 1: None}, 'val': None},
 'viol_dcl_t_q_fr_max': {'idx': {0: None, 1: None}, 'val': None},
 'viol_dcl_t_q_fr_min': {'idx': {0: None, 1: None}, 'val': None},
 'viol_dcl_t_q_to_max': {'idx': {0: None, 1: None}, 'val': None},
 'viol_dcl_t_q_to_min': {'idx': {0: None, 1: None}, 'val': None},
 'viol_pr_t_p_off_max': {'idx': {0: 'sd_00', 1: 0}, 'val': 0.0},
 'viol_pr_t_p_off_min': {'idx': {0: 'sd_00', 1: 0}, 'val': 0.0},
 'viol_pr_t_p_on_max': {'idx': {0: 'sd_00', 1: 0}, 'val': 0.0},
 'viol_pr_t_p_on_min': {'idx': {0: 'sd_00', 1: 0}, 'val': 0.0},
 'viol_pr_t_q_max': {'idx': {0: 'sd_00', 1: 0}, 'val': 0.0},
 'viol_pr_t_q_min': {'idx': {0: 'sd_00', 1: 0}, 'val': 0.0},
 'viol_pr_t_q_p_max': {'idx': {0: None, 1: None}, 'val': None},
 'viol_pr_t_q_p_min': {'idx': {0: None, 1: None}, 'val': None},
 'viol_prz_t_p_nsc_balance': {'idx': {0: 'prz_1', 1: 16},
                              'val': 0.42933999762325487},
 'viol_prz_t_p_rgd_balance': {'idx': {0: 'prz_0', 1: 16},
                              'val': 0.0107650338233654},
 'viol_prz_t_p_rgu_balance': {'idx': {0: 'prz_0', 1: 16},
                              'val': 0.0107650338233654},
 'viol_prz_t_p_rrd_balance': {'idx': {0: 'prz_0', 1: 0}, 'val': 0.022394},
 'viol_prz_t_p_rru_balance': {'idx': {0: 'prz_0', 1: 0}, 'val': 0.022394},
 'viol_prz_t_p_scr_balance': {'idx': {0: 'prz_1', 1: 16},
                              'val': 0.13358998761147245},
 'viol_qrz_t_q_qrd_balance': {'idx': {0: 'qrz_0', 1: 0}, 'val': 2.716},
 'viol_qrz_t_q_qru_balance': {'idx': {0: 'qrz_0', 1: 0}, 'val': 1.7412},
 'viol_sd_max_energy_constr': {'idx': {0: 'sd_00', 1: 0}, 'val': 0.0},
 'viol_sd_max_startup_constr': {'idx': {0: 'sd_00', 1: 0}, 'val': 0},
 'viol_sd_min_energy_constr': {'idx': {0: 'sd_00', 1: 0}, 'val': 0.0},
 'viol_sd_t_d_dn_min': {'idx': {0: 'sd_00', 1: 0}, 'val': 0},
 'viol_sd_t_d_up_min': {'idx': {0: 'sd_00', 1: 0}, 'val': 0},
 'viol_sd_t_p_nsc_max': {'idx': {0: 'sd_00', 1: 0}, 'val': 0.0},
 'viol_sd_t_p_nsc_nonneg': {'idx': {0: 'sd_00', 1: 0}, 'val': -0.0},
 'viol_sd_t_p_ramp_dn_max': {'idx': {0: 'sd_00', 1: 0}, 'val': 0.0},
 'viol_sd_t_p_ramp_up_max': {'idx': {0: 'sd_00', 1: 0}, 'val': 0.0},
 'viol_sd_t_p_rgd_max': {'idx': {0: 'sd_00', 1: 0}, 'val': 0.0},
 'viol_sd_t_p_rgd_nonneg': {'idx': {0: 'sd_00', 1: 0}, 'val': -0.0},
 'viol_sd_t_p_rgu_max': {'idx': {0: 'sd_00', 1: 0}, 'val': 0.0},
 'viol_sd_t_p_rgu_nonneg': {'idx': {0: 'sd_00', 1: 0}, 'val': -0.0},
 'viol_sd_t_p_rrd_off_max': {'idx': {0: 'sd_00', 1: 0}, 'val': 0.0},
 'viol_sd_t_p_rrd_off_nonneg': {'idx': {0: 'sd_00', 1: 0}, 'val': -0.0},
 'viol_sd_t_p_rrd_on_max': {'idx': {0: 'sd_00', 1: 0}, 'val': 0.0},
 'viol_sd_t_p_rrd_on_nonneg': {'idx': {0: 'sd_00', 1: 0}, 'val': -0.0},
 'viol_sd_t_p_rru_off_max': {'idx': {0: 'sd_00', 1: 0}, 'val': 0.0},
 'viol_sd_t_p_rru_off_nonneg': {'idx': {0: 'sd_00', 1: 0}, 'val': -0.0},
 'viol_sd_t_p_rru_on_max': {'idx': {0: 'sd_00', 1: 0}, 'val': 0.0},
 'viol_sd_t_p_rru_on_nonneg': {'idx': {0: 'sd_00', 1: 0}, 'val': -0.0},
 'viol_sd_t_p_scr_max': {'idx': {0: 'sd_00', 1: 0}, 'val': 0.0},
 'viol_sd_t_p_scr_nonneg': {'idx': {0: 'sd_00', 1: 0}, 'val': -0.0},
 'viol_sd_t_q_qrd_nonneg': {'idx': {0: 'sd_00', 1: 0}, 'val': -0.0},
 'viol_sd_t_q_qru_nonneg': {'idx': {0: 'sd_00', 1: 0}, 'val': -0.0},
 'viol_sd_t_u_on_max': {'idx': {0: 'sd_00', 1: 0}, 'val': 0},
 'viol_sd_t_u_on_min': {'idx': {0: 'sd_00', 1: 0}, 'val': 0},
 'viol_sh_t_u_st_max': {'idx': {0: 'sh_0', 1: 0}, 'val': 0},
 'viol_sh_t_u_st_min': {'idx': {0: 'sh_0', 1: 0}, 'val': 0},
 'viol_t_connected_base': {'idx': {0: 0}, 'val': 0},
 'viol_t_connected_ctg': {'idx': {0: 0}, 'val': 0},
 'viol_xfr_acl_t_s_max_ctg': {'idx': {0: None, 1: None, 2: None}, 'val': 0.0},
 'viol_xfr_dcl_t_s_max_ctg': {'idx': {0: None, 1: None, 2: None}, 'val': 0.0},
 'viol_xfr_t_phi_max': {'idx': {0: 'xfr_0', 1: 0}, 'val': 0.0},
 'viol_xfr_t_phi_min': {'idx': {0: 'xfr_0', 1: 0}, 'val': 0.0},
 'viol_xfr_t_s_max': {'idx': {0: 'xfr_0', 1: 0}, 'val': 0.0},
 'viol_xfr_t_tau_max': {'idx': {0: 'xfr_0', 1: 0}, 'val': 0.0},
 'viol_xfr_t_tau_min': {'idx': {0: 'xfr_0', 1: 0}, 'val': 0.0},
 'viol_xfr_t_u_sd_max': {'idx': {0: 'xfr_0', 1: 0}, 'val': 0},
 'viol_xfr_t_u_su_max': {'idx': {0: 'xfr_0', 1: 0}, 'val': 0},
 'viol_xfr_xfr_t_s_max_ctg': {'idx': {0: None, 1: None, 2: None}, 'val': 0.0},
 'z': -18688580.12407672,
 'z_base': -18688580.12407672,
 'z_cost': 2681.073145447972,
 'z_k_average_case': 0.0,
 'z_k_worst_case': 0.0,
 'z_max_energy': 0.0,
 'z_min_energy': 0.0,
 'z_penalty': 19013429.59036796,
 'z_value': 327530.5394366767}
infeasibility summary:
{}
feas: 1
obj: -18688580.12407672
evaluate solution time: 0.07846331596374512
end of check_data(), memory info: {'rss bytes': 110239744, 'rss human': '105.1M', 'percent': 0.04079628453985129}
25844}
