/rcfs/dtn/arpacomp/.conda/envs/goc_eval/lib/python3.10/site-packages/scipy/sparse/linalg/_dsolve/linsolve.py:347: SparseEfficiencyWarning: splu converted its input to CSC format
  warn('splu converted its input to CSC format', SparseEfficiencyWarning)
args:
Namespace(problem_opt=None, problem='/qfs/projects/goc/share/data/C3/E1/D1/C3E1N00014D1/scenario_119.json', solution='/qfs/projects/goc/share/data/C3/E1/D1/C3E1N00014D1/scenario_119.json.pop_solution.json', configuration=None, parameters='{}', summary_csv='summary.csv', summary_json='summary.json', data_errors='data_errors.txt', ignored_errors='ignored_errors.txt', solution_errors='solution_errors.txt', pop_solution=None, scrubbed_problem=None)
problem data file: /qfs/projects/goc/share/data/C3/E1/D1/C3E1N00014D1/scenario_119.json

pop solution data file: None

solution data file: /qfs/projects/goc/share/data/C3/E1/D1/C3E1N00014D1/scenario_119.json.pop_solution.json

git info: {'C3DataUtilities': {'branch': None, 'commit': '417faef61bd7caf40b3ea0dc36c5e033ca7ea3d5', 'date': 'Fri Dec 30 07:03:34 2022 -0800', 'query_return_code': 0, 'query_err': '', 'query_path': '/qfs/projects/goc/share/loadbalancing/src/nonmpi-template/Challenge3/C3DataUtilities/datautilities', 'query_out': 'commit 417faef61bd7caf40b3ea0dc36c5e033ca7ea3d5\nAuthor: Jesse T Holzer <jesse.holzer@pnnl.gov>\nDate:   Fri Dec 30 07:03:34 2022 -0800\n\n    add z_value, z_cost, z_penalty components of z_base\n'}, 'Bid-DS-data-model': {'branch': None, 'commit': None, 'date': None, 'query_return_code': 128, 'query_err': 'fatal: Not a git repository (or any parent up to mount point /rcfs)\nStopping at filesystem boundary (GIT_DISCOVERY_ACROSS_FILESYSTEM not set).\n', 'query_path': '/rcfs/dtn/arpacomp/.conda/envs/goc_eval/lib/python3.10/site-packages/datamodel', 'query_out': ''}}

after reading problem without validation, memory info: {'rss bytes': 103190528, 'rss human': '98.4M', 'percent': 0.03818758996850983}
read problem data file without validation time: 0.0038979053497314453
after reading problem with validation, memory info: {'rss bytes': 104267776, 'rss human': '99.4M', 'percent': 0.038586245792021044}
load time: 0.022266864776611328
{'general': {'base_norm_mva': 100.0,
             'day_type': None,
             'electricity_demand': None,
             'net_load': None,
             'season': None,
             'solar_availability': None,
             'timestamp_start': None,
             'timestamp_stop': None,
             'vre_availability': None,
             'weather_temperature': None,
             'wind_availability': None},
 'interval durations': [0.25,
                        0.25,
                        0.25,
                        0.25,
                        0.25,
                        0.25,
                        0.25,
                        0.25,
                        0.5,
                        0.5,
                        0.5,
                        0.5,
                        0.5,
                        0.5,
                        0.5,
                        0.5,
                        1.0,
                        1.0],
 'num ac lines': 17,
 'num buses': 14,
 'num consuming devices': 11,
 'num contingencies': 12,
 'num dc lines': 0,
 'num intervals': 18,
 'num producing devices': 6,
 'num reactive power reserve zones': 2,
 'num real power reserve zones': 2,
 'num shunts': 1,
 'num simple dispatchable devices': 17,
 'num transformers': 3,
 'total duration': 8.0,
 'violation costs': {'e_vio_cost': 500.0,
                     'p_bus_vio_cost': 1000000.0,
                     'q_bus_vio_cost': 1000000.0,
                     's_vio_cost': 500.0}}
after read solution without validation, memory info: {'rss bytes': 104538112, 'rss human': '99.7M', 'percent': 0.03868628869830142}
read solution data file without validation time: 0.0014286041259765625
after read solution with validation, memory info: {'rss bytes': 104808448, 'rss human': '100.0M', 'percent': 0.03878633160458181}
solution load time: 0.009536504745483398
after solution_model_checks(), memory info: {'rss bytes': 104808448, 'rss human': '100.0M', 'percent': 0.03878633160458181}
solution model_checks time: 0.00028014183044433594
{}
after problem_data_array.set_from_data_model(), memory info: {'rss bytes': 105058304, 'rss human': '100.2M', 'percent': 0.03887879550281064}
convert problem data to numpy arrays time: 0.003808736801147461
after solution_data_array.set_from_data_model(), memory info: {'rss bytes': 105058304, 'rss human': '100.2M', 'percent': 0.03887879550281064}
convert solution data to numpy arrays time: 0.0005283355712890625
function: set_summary, time: 0.0001804828643798828
function: set_problem, time: 7.152557373046875e-07
function: set_solution, time: 4.5299530029296875e-06
function: set_solution_zero, time: 3.0279159545898438e-05
function: set_work_zero, time: 4.744529724121094e-05
function: set_matrices, time: 0.002749204635620117
function: __init__, time: 0.0030341148376464844
function: eval_sd_t_d_up_dn, time: 0.0003228187561035156
function: eval_sd_max_startup, time: 8.821487426757812e-06
function: eval_sd_t_z_sus, time: 3.981590270996094e-05
function: eval_acl_t_p_q_fr_to, time: 0.00010776519775390625
function: eval_xfr_t_p_q_fr_to, time: 8.249282836914062e-05
function: eval_sd_t_su_sd_trajectories, time: 1.8358230590820312e-05
function: eval_sd_max_energy, time: 1.0251998901367188e-05
function: eval_sd_min_energy, time: 9.298324584960938e-06
function: eval_sd_t_z_p, time: 0.0008757114410400391
function: eval_bus_t_p, time: 0.0005605220794677734
function: eval_bus_t_q, time: 0.00012111663818359375
sd_t_p_rgu sum: 0.0
prz_sigma_rgu max: 0.03
prz_t_p_rgu_req max: 0.016848206953745563
sd_t_p_rgd sum: 0.0
prz_sigma_rgd max: 0.03
prz_t_p_rgd_req max: 0.016848206953745563
sd_t_p_scr sum: 0.0
prz_sigma_scr max: 0.3
prz_t_p_scr_req max: 0.1267500042908756
sd_t_p_nsc sum: 0.0
prz_sigma_nsc max: 0.7
prz_t_p_nsc_req max: 0.29575001001204304
sd_t_p_rru sum: 0.0
prz_t_p_rru_min max: 0.022394
sd_t_p_rrd sum: 0.0
prz_t_p_rrd_min max: 0.022394
sd_t_p_qru sum: 0.0
qrz_t_q_qru_min max: 1.7412
sd_t_p_qrd sum: 0.0
qrz_t_q_qrd_min max: 2.716
function: get_connected_components, time: 0.0002963542938232422
function: get_bridges, time: 0.0005438327789306641
function: get_connected_components, time: 8.630752563476562e-05
function: get_bridges, time: 0.0003390312194824219
function: get_connected_components, time: 7.200241088867188e-05
function: get_bridges, time: 0.00028896331787109375
function: get_connected_components, time: 7.009506225585938e-05
function: get_bridges, time: 0.00029206275939941406
function: get_connected_components, time: 6.914138793945312e-05
function: get_bridges, time: 0.0002911090850830078
function: get_connected_components, time: 6.866455078125e-05
function: get_bridges, time: 0.00028777122497558594
function: get_connected_components, time: 7.748603820800781e-05
function: get_bridges, time: 0.0003688335418701172
function: get_connected_components, time: 6.985664367675781e-05
function: get_bridges, time: 0.0002753734588623047
function: get_connected_components, time: 7.200241088867188e-05
function: get_bridges, time: 0.00028252601623535156
function: get_connected_components, time: 6.771087646484375e-05
function: get_bridges, time: 0.0002741813659667969
function: get_connected_components, time: 6.890296936035156e-05
function: get_bridges, time: 0.000278472900390625
function: get_connected_components, time: 6.699562072753906e-05
function: get_bridges, time: 0.000347137451171875
function: get_connected_components, time: 6.771087646484375e-05
function: get_bridges, time: 0.00027489662170410156
function: get_connected_components, time: 7.200241088867188e-05
function: get_bridges, time: 0.00031685829162597656
function: get_connected_components, time: 6.842613220214844e-05
function: get_bridges, time: 0.0002753734588623047
function: get_connected_components, time: 6.794929504394531e-05
function: get_bridges, time: 0.00030493736267089844
function: get_connected_components, time: 7.05718994140625e-05
function: get_bridges, time: 0.0003337860107421875
function: get_connected_components, time: 6.842613220214844e-05
function: get_bridges, time: 0.0002791881561279297
end of eval_connectedness(), memory info: {'rss bytes': 105836544, 'rss human': '100.9M', 'percent': 0.03916679780876932}
function: eval_connectedness, time: 0.008226633071899414
problem dimensions. bus: 14, acl: 17, xfr: 3, dcl: 0, k: 12, t: 18
construct static bus admittance matrix. time: 0.0008475780487060547
factor static bus admittance matrix. time: 0.0026314258575439453
t_acl_delta_t: [array([], dtype=int64), array([], dtype=int64), array([], dtype=int64), array([], dtype=int64), array([], dtype=int64), array([], dtype=int64), array([], dtype=int64), array([], dtype=int64), array([], dtype=int64), array([], dtype=int64), array([], dtype=int64), array([], dtype=int64), array([], dtype=int64), array([], dtype=int64), array([], dtype=int64), array([], dtype=int64), array([], dtype=int64), array([], dtype=int64)], t_xfr_delta_t: [array([], dtype=int64), array([], dtype=int64), array([], dtype=int64), array([], dtype=int64), array([], dtype=int64), array([], dtype=int64), array([], dtype=int64), array([], dtype=int64), array([], dtype=int64), array([], dtype=int64), array([], dtype=int64), array([], dtype=int64), array([], dtype=int64), array([], dtype=int64), array([], dtype=int64), array([], dtype=int64), array([], dtype=int64), array([], dtype=int64)], t_br_delta_t: [array([], dtype=int64), array([], dtype=int64), array([], dtype=int64), array([], dtype=int64), array([], dtype=int64), array([], dtype=int64), array([], dtype=int64), array([], dtype=int64), array([], dtype=int64), array([], dtype=int64), array([], dtype=int64), array([], dtype=int64), array([], dtype=int64), array([], dtype=int64), array([], dtype=int64), array([], dtype=int64), array([], dtype=int64), array([], dtype=int64)], acl_delta_t: [], xfr_delta_t: [], br_delta_t: []
contingency delta branches. acl: 12, xfr: 0, dcl: 0
construct bus,t-indexed right hand side. time: 9.918212890625e-05
solve for base case bus,t-indexed theta. time: 0.03684878349304199
num AC branches with possible violations in ACL contingencies: 0
num AC branches with possible violations in DCL contingencies: 0
num AC branches with possible violations in XFR contingencies: 0
t: 0, time: 0.0018763542175292969, memory_info: {'rss bytes': 115466240, 'rss human': '110.1M', 'percent': 0.042730447394605325}
num AC branches with possible violations in ACL contingencies: 0
num AC branches with possible violations in DCL contingencies: 0
num AC branches with possible violations in XFR contingencies: 0
t: 1, time: 0.001188039779663086, memory_info: {'rss bytes': 115466240, 'rss human': '110.1M', 'percent': 0.042730447394605325}
num AC branches with possible violations in ACL contingencies: 0
num AC branches with possible violations in DCL contingencies: 0
num AC branches with possible violations in XFR contingencies: 0
t: 2, time: 0.0011506080627441406, memory_info: {'rss bytes': 115707904, 'rss human': '110.3M', 'percent': 0.042819879689613545}
num AC branches with possible violations in ACL contingencies: 0
num AC branches with possible violations in DCL contingencies: 0
num AC branches with possible violations in XFR contingencies: 0
t: 3, time: 0.0011377334594726562, memory_info: {'rss bytes': 115707904, 'rss human': '110.3M', 'percent': 0.042819879689613545}
num AC branches with possible violations in ACL contingencies: 0
num AC branches with possible violations in DCL contingencies: 0
num AC branches with possible violations in XFR contingencies: 0
t: 4, time: 0.0011243820190429688, memory_info: {'rss bytes': 115707904, 'rss human': '110.3M', 'percent': 0.042819879689613545}
num AC branches with possible violations in ACL contingencies: 0
num AC branches with possible violations in DCL contingencies: 0
num AC branches with possible violations in XFR contingencies: 0
t: 5, time: 0.001119852066040039, memory_info: {'rss bytes': 115707904, 'rss human': '110.3M', 'percent': 0.042819879689613545}
num AC branches with possible violations in ACL contingencies: 0
num AC branches with possible violations in DCL contingencies: 0
num AC branches with possible violations in XFR contingencies: 0
t: 6, time: 0.0011262893676757812, memory_info: {'rss bytes': 115707904, 'rss human': '110.3M', 'percent': 0.042819879689613545}
num AC branches with possible violations in ACL contingencies: 0
num AC branches with possible violations in DCL contingencies: 0
num AC branches with possible violations in XFR contingencies: 0
t: 7, time: 0.0011250972747802734, memory_info: {'rss bytes': 115707904, 'rss human': '110.3M', 'percent': 0.042819879689613545}
num AC branches with possible violations in ACL contingencies: 0
num AC branches with possible violations in DCL contingencies: 0
num AC branches with possible violations in XFR contingencies: 0
t: 8, time: 0.0011222362518310547, memory_info: {'rss bytes': 115707904, 'rss human': '110.3M', 'percent': 0.042819879689613545}
num AC branches with possible violations in ACL contingencies: 0
num AC branches with possible violations in DCL contingencies: 0
num AC branches with possible violations in XFR contingencies: 0
t: 9, time: 0.0011272430419921875, memory_info: {'rss bytes': 115707904, 'rss human': '110.3M', 'percent': 0.042819879689613545}
num AC branches with possible violations in ACL contingencies: 0
num AC branches with possible violations in DCL contingencies: 0
num AC branches with possible violations in XFR contingencies: 0
t: 10, time: 0.0011212825775146484, memory_info: {'rss bytes': 115707904, 'rss human': '110.3M', 'percent': 0.042819879689613545}
num AC branches with possible violations in ACL contingencies: 0
num AC branches with possible violations in DCL contingencies: 0
num AC branches with possible violations in XFR contingencies: 0
t: 11, time: 0.0011179447174072266, memory_info: {'rss bytes': 115707904, 'rss human': '110.3M', 'percent': 0.042819879689613545}
num AC branches with possible violations in ACL contingencies: 0
num AC branches with possible violations in DCL contingencies: 0
num AC branches with possible violations in XFR contingencies: 0
t: 12, time: 0.0011165142059326172, memory_info: {'rss bytes': 115707904, 'rss human': '110.3M', 'percent': 0.042819879689613545}
num AC branches with possible violations in ACL contingencies: 0
num AC branches with possible violations in DCL contingencies: 0
num AC branches with possible violations in XFR contingencies: 0
t: 13, time: 0.0011136531829833984, memory_info: {'rss bytes': 115707904, 'rss human': '110.3M', 'percent': 0.042819879689613545}
num AC branches with possible violations in ACL contingencies: 0
num AC branches with possible violations in DCL contingencies: 0
num AC branches with possible violations in XFR contingencies: 0
t: 14, time: 0.0011150836944580078, memory_info: {'rss bytes': 115707904, 'rss human': '110.3M', 'percent': 0.042819879689613545}
num AC branches with possible violations in ACL contingencies: 0
num AC branches with possible violations in DCL contingencies: 0
num AC branches with possible violations in XFR contingencies: 0
t: 15, time: 0.0011165142059326172, memory_info: {'rss bytes': 115707904, 'rss human': '110.3M', 'percent': 0.042819879689613545}
num AC branches with possible violations in ACL contingencies: 0
num AC branches with possible violations in DCL contingencies: 0
num AC branches with possible violations in XFR contingencies: 0
t: 16, time: 0.00112152099609375, memory_info: {'rss bytes': 115707904, 'rss human': '110.3M', 'percent': 0.042819879689613545}
num AC branches with possible violations in ACL contingencies: 0
num AC branches with possible violations in DCL contingencies: 0
num AC branches with possible violations in XFR contingencies: 0
t: 17, time: 0.0011026859283447266, memory_info: {'rss bytes': 115707904, 'rss human': '110.3M', 'percent': 0.042819879689613545}
initialize_m_w_time: 0.000423431396484375
compute_static_w_time: 6.413459777832031e-05
get_time_varying_branch_characteristics_time: 0.0003421306610107422
construct_a_t_time: 0.005383968353271484
factor_a_t_time: 0.0023860931396484375
compute_w_with_t_a_solve_time: 0.0004115104675292969
compute_v_t_time: 3.0994415283203125e-06
compute_w_with_t_smw_time: 2.6226043701171875e-06
compute_v_time: 0.0005795955657958984
compute_bus_theta_with_t_a_solve_time: 0.00015282630920410156
compute_bus_theta_with_t_smw_time: 2.6226043701171875e-06
compute_br_p_time: 0.0014009475708007812
apply_w_v_wt_time: 0.00024580955505371094
compute_bus_dtheta_rhs_dcl_k_time: 0.001508474349975586
compute_w_v_wt_xfr_k_time: 0.0016481876373291016
compute_bus_dtheta_rhs_xfr_k_time: 1.6689300537109375e-06
compute_br_acl_delta_k_p_delta_time: 0.0011107921600341797
compute_br_dcl_delta_k_p_delta_time: 0.00091552734375
compute_br_xfr_delta_k_p_delta_time: 0.0008976459503173828
filter_branches_acl_k_time: 0.0006937980651855469
filter_branches_dcl_k_time: 0.00027751922607421875
filter_branches_xfr_k_time: 0.0002589225769042969
compute_br_acl_delta_k_p_time: 0.00010061264038085938
compute_br_dcl_delta_k_p_time: 5.984306335449219e-05
compute_br_xfr_delta_k_p_time: 5.14984130859375e-05
compute_br_acl_delta_k_s_over_time: 0.0006041526794433594
compute_br_dcl_delta_k_s_over_time: 0.00024390220642089844
compute_br_xfr_delta_k_s_over_time: 0.00024056434631347656
zero_out_time: 7.033348083496094e-05
get_max_br_acl_delta_k_s_over_time: 0.000530242919921875
get_max_br_dcl_delta_k_s_over_time: 3.814697265625e-06
get_max_br_xfr_delta_k_s_over_time: 2.86102294921875e-06
compute_br_k_z_time: 0.000396728515625
collect_penalties_into_obj_array_time: 0.0001888275146484375
end of contingency model method 1, memory info: {'rss bytes': 115707904, 'rss human': '110.3M', 'percent': 0.042819879689613545}
function: eval_post_contingency_model, time: 0.06645655632019043
function: eval_post_contingency_model, time: 0.06646585464477539
function: run, time: 0.08079385757446289
after solution_evaluator.run(), memory info: {'rss bytes': 115707904, 'rss human': '110.3M', 'percent': 0.042819879689613545}
evaluation summary:
{'feas': 1,
 'infeas': 0,
 'info_i_i_k_t_disconnected_ctg': {'idx': {0: None, 1: None, 2: None, 3: None},
                                   'val': 0},
 'info_i_i_t_disconnected_base': {'idx': {0: None, 1: None, 2: None}, 'val': 0},
 'sum_acl_t_u_sd': 0,
 'sum_acl_t_u_su': 0,
 'sum_acl_t_z_s': 0.0,
 'sum_acl_t_z_sd': 0.0,
 'sum_acl_t_z_su': 0.0,
 'sum_bus_t_z_p': 3895793.132655757,
 'sum_bus_t_z_q': 14368882.919027502,
 'sum_cs_t_z_p': 370609.9036623255,
 'sum_pr_t_z_p': 2667.492239447167,
 'sum_prz_t_z_nsc': 89.74226935963145,
 'sum_prz_t_z_rgd': 261.08819275969876,
 'sum_prz_t_z_rgu': 261.08819275969876,
 'sum_prz_t_z_rrd': 0.029126400000000004,
 'sum_prz_t_z_rru': 0.029126400000000004,
 'sum_prz_t_z_scr': 386.9513481990255,
 'sum_qrz_t_z_qrd': 571.1999999999998,
 'sum_qrz_t_z_qru': 421.4592,
 'sum_sd_t_sd': 0,
 'sum_sd_t_su': 0,
 'sum_sd_t_z_nsc': 0.0,
 'sum_sd_t_z_on': 12.8,
 'sum_sd_t_z_qrd': 0.0,
 'sum_sd_t_z_qru': 0.0,
 'sum_sd_t_z_rgd': 0.0,
 'sum_sd_t_z_rgu': 0.0,
 'sum_sd_t_z_rrd_off': 0.0,
 'sum_sd_t_z_rrd_on': 0.0,
 'sum_sd_t_z_rru_off': 0.0,
 'sum_sd_t_z_rru_on': 0.0,
 'sum_sd_t_z_scr': 0.0,
 'sum_sd_t_z_sd': 0.0,
 'sum_sd_t_z_su': 0.0,
 'sum_sd_t_z_sus': 0.0,
 'sum_xfr_t_u_sd': 0,
 'sum_xfr_t_u_su': 0,
 'sum_xfr_t_z_s': 0.0,
 'sum_xfr_t_z_sd': 0.0,
 'sum_xfr_t_z_su': 0.0,
 'viol_acl_acl_t_s_max_ctg': {'idx': {0: None, 1: None, 2: None}, 'val': 0.0},
 'viol_acl_dcl_t_s_max_ctg': {'idx': {0: None, 1: None, 2: None}, 'val': 0.0},
 'viol_acl_t_s_max': {'idx': {0: 'acl_00', 1: 0}, 'val': 0.0},
 'viol_acl_t_u_sd_max': {'idx': {0: 'acl_00', 1: 0}, 'val': 0},
 'viol_acl_t_u_su_max': {'idx': {0: 'acl_00', 1: 0}, 'val': 0},
 'viol_acl_xfr_t_s_max_ctg': {'idx': {0: None, 1: None, 2: None}, 'val': 0.0},
 'viol_bus_t_p_balance_max': {'idx': {0: 'bus_07', 1: 0},
                              'val': 0.35003908483761204},
 'viol_bus_t_p_balance_min': {'idx': {0: 'bus_04', 1: 17},
                              'val': -0.014911655932921083},
 'viol_bus_t_q_balance_max': {'idx': {0: 'bus_05', 1: 0},
                              'val': 0.3757349190048375},
 'viol_bus_t_q_balance_min': {'idx': {0: 'bus_04', 1: 17},
                              'val': -0.3075106830683732},
 'viol_bus_t_v_max': {'idx': {0: 'bus_00', 1: 0}, 'val': 0.0},
 'viol_bus_t_v_min': {'idx': {0: 'bus_00', 1: 0}, 'val': 0.0},
 'viol_cs_t_p_off_max': {'idx': {0: 'sd_06', 1: 0}, 'val': 0.0},
 'viol_cs_t_p_off_min': {'idx': {0: 'sd_06', 1: 0}, 'val': 0.0},
 'viol_cs_t_p_on_max': {'idx': {0: 'sd_06', 1: 0}, 'val': 0.0},
 'viol_cs_t_p_on_min': {'idx': {0: 'sd_06', 1: 0}, 'val': 0.0},
 'viol_cs_t_q_max': {'idx': {0: 'sd_06', 1: 0}, 'val': 0.0},
 'viol_cs_t_q_min': {'idx': {0: 'sd_06', 1: 0}, 'val': 0.0},
 'viol_cs_t_q_p_max': {'idx': {0: None, 1: None}, 'val': None},
 'viol_cs_t_q_p_min': {'idx': {0: None, 1: None}, 'val': None},
 'viol_dcl_t_p_max': {'idx': {0: None, 1: None}, 'val': None},
 'viol_dcl_t_p_min': {'idx': {0: None, 1: None}, 'val': None},
 'viol_dcl_t_q_fr_max': {'idx': {0: None, 1: None}, 'val': None},
 'viol_dcl_t_q_fr_min': {'idx': {0: None, 1: None}, 'val': None},
 'viol_dcl_t_q_to_max': {'idx': {0: None, 1: None}, 'val': None},
 'viol_dcl_t_q_to_min': {'idx': {0: None, 1: None}, 'val': None},
 'viol_pr_t_p_off_max': {'idx': {0: 'sd_00', 1: 0}, 'val': 0.0},
 'viol_pr_t_p_off_min': {'idx': {0: 'sd_00', 1: 0}, 'val': 0.0},
 'viol_pr_t_p_on_max': {'idx': {0: 'sd_00', 1: 0}, 'val': 0.0},
 'viol_pr_t_p_on_min': {'idx': {0: 'sd_00', 1: 0}, 'val': 0.0},
 'viol_pr_t_q_max': {'idx': {0: 'sd_00', 1: 0}, 'val': 0.0},
 'viol_pr_t_q_min': {'idx': {0: 'sd_00', 1: 0}, 'val': 0.0},
 'viol_pr_t_q_p_max': {'idx': {0: None, 1: None}, 'val': None},
 'viol_pr_t_q_p_min': {'idx': {0: None, 1: None}, 'val': None},
 'viol_prz_t_p_nsc_balance': {'idx': {0: 'prz_1', 1: 8},
                              'val': 0.43320517848794615},
 'viol_prz_t_p_rgd_balance': {'idx': {0: 'prz_0', 1: 8},
                              'val': 0.016848206953745563},
 'viol_prz_t_p_rgu_balance': {'idx': {0: 'prz_0', 1: 8},
                              'val': 0.016848206953745563},
 'viol_prz_t_p_rrd_balance': {'idx': {0: 'prz_0', 1: 0}, 'val': 0.022394},
 'viol_prz_t_p_rru_balance': {'idx': {0: 'prz_0', 1: 0}, 'val': 0.022394},
 'viol_prz_t_p_scr_balance': {'idx': {0: 'prz_1', 1: 8},
                              'val': 0.13745516847692466},
 'viol_qrz_t_q_qrd_balance': {'idx': {0: 'qrz_0', 1: 0}, 'val': 2.716},
 'viol_qrz_t_q_qru_balance': {'idx': {0: 'qrz_0', 1: 0}, 'val': 1.7412},
 'viol_sd_max_energy_constr': {'idx': {0: 'sd_00', 1: 0}, 'val': 0.0},
 'viol_sd_max_startup_constr': {'idx': {0: 'sd_00', 1: 0}, 'val': 0},
 'viol_sd_min_energy_constr': {'idx': {0: 'sd_00', 1: 0}, 'val': 0.0},
 'viol_sd_t_d_dn_min': {'idx': {0: 'sd_00', 1: 0}, 'val': 0},
 'viol_sd_t_d_up_min': {'idx': {0: 'sd_00', 1: 0}, 'val': 0},
 'viol_sd_t_p_nsc_max': {'idx': {0: 'sd_00', 1: 0}, 'val': 0.0},
 'viol_sd_t_p_nsc_nonneg': {'idx': {0: 'sd_00', 1: 0}, 'val': -0.0},
 'viol_sd_t_p_ramp_dn_max': {'idx': {0: 'sd_00', 1: 0}, 'val': 0.0},
 'viol_sd_t_p_ramp_up_max': {'idx': {0: 'sd_00', 1: 0}, 'val': 0.0},
 'viol_sd_t_p_rgd_max': {'idx': {0: 'sd_00', 1: 0}, 'val': 0.0},
 'viol_sd_t_p_rgd_nonneg': {'idx': {0: 'sd_00', 1: 0}, 'val': -0.0},
 'viol_sd_t_p_rgu_max': {'idx': {0: 'sd_00', 1: 0}, 'val': 0.0},
 'viol_sd_t_p_rgu_nonneg': {'idx': {0: 'sd_00', 1: 0}, 'val': -0.0},
 'viol_sd_t_p_rrd_off_max': {'idx': {0: 'sd_00', 1: 0}, 'val': 0.0},
 'viol_sd_t_p_rrd_off_nonneg': {'idx': {0: 'sd_00', 1: 0}, 'val': -0.0},
 'viol_sd_t_p_rrd_on_max': {'idx': {0: 'sd_00', 1: 0}, 'val': 0.0},
 'viol_sd_t_p_rrd_on_nonneg': {'idx': {0: 'sd_00', 1: 0}, 'val': -0.0},
 'viol_sd_t_p_rru_off_max': {'idx': {0: 'sd_00', 1: 0}, 'val': 0.0},
 'viol_sd_t_p_rru_off_nonneg': {'idx': {0: 'sd_00', 1: 0}, 'val': -0.0},
 'viol_sd_t_p_rru_on_max': {'idx': {0: 'sd_00', 1: 0}, 'val': 0.0},
 'viol_sd_t_p_rru_on_nonneg': {'idx': {0: 'sd_00', 1: 0}, 'val': -0.0},
 'viol_sd_t_p_scr_max': {'idx': {0: 'sd_00', 1: 0}, 'val': 0.0},
 'viol_sd_t_p_scr_nonneg': {'idx': {0: 'sd_00', 1: 0}, 'val': -0.0},
 'viol_sd_t_q_qrd_nonneg': {'idx': {0: 'sd_00', 1: 0}, 'val': -0.0},
 'viol_sd_t_q_qru_nonneg': {'idx': {0: 'sd_00', 1: 0}, 'val': -0.0},
 'viol_sd_t_u_on_max': {'idx': {0: 'sd_00', 1: 0}, 'val': 0},
 'viol_sd_t_u_on_min': {'idx': {0: 'sd_00', 1: 0}, 'val': 0},
 'viol_sh_t_u_st_max': {'idx': {0: 'sh_0', 1: 0}, 'val': 0},
 'viol_sh_t_u_st_min': {'idx': {0: 'sh_0', 1: 0}, 'val': 0},
 'viol_t_connected_base': {'idx': {0: 0}, 'val': 0},
 'viol_t_connected_ctg': {'idx': {0: 0}, 'val': 0},
 'viol_xfr_acl_t_s_max_ctg': {'idx': {0: None, 1: None, 2: None}, 'val': 0.0},
 'viol_xfr_dcl_t_s_max_ctg': {'idx': {0: None, 1: None, 2: None}, 'val': 0.0},
 'viol_xfr_t_phi_max': {'idx': {0: 'xfr_0', 1: 0}, 'val': 0.0},
 'viol_xfr_t_phi_min': {'idx': {0: 'xfr_0', 1: 0}, 'val': 0.0},
 'viol_xfr_t_s_max': {'idx': {0: 'xfr_0', 1: 0}, 'val': 0.0},
 'viol_xfr_t_tau_max': {'idx': {0: 'xfr_0', 1: 0}, 'val': 0.0},
 'viol_xfr_t_tau_min': {'idx': {0: 'xfr_0', 1: 0}, 'val': 0.0},
 'viol_xfr_t_u_sd_max': {'idx': {0: 'xfr_0', 1: 0}, 'val': 0},
 'viol_xfr_t_u_su_max': {'idx': {0: 'xfr_0', 1: 0}, 'val': 0},
 'viol_xfr_xfr_t_s_max_ctg': {'idx': {0: None, 1: None, 2: None}, 'val': 0.0},
 'z': -17898738.02771625,
 'z_base': -17898738.02771625,
 'z_cost': 2680.292239447167,
 'z_k_average_case': 0.0,
 'z_k_worst_case': 0.0,
 'z_max_energy': 0.0,
 'z_min_energy': 0.0,
 'z_penalty': 18266667.63913914,
 'z_value': 370609.9036623255}
infeasibility summary:
{}
feas: 1
obj: -17898738.02771625
evaluate solution time: 0.08701443672180176
end of check_data(), memory info: {'rss bytes': 116506624, 'rss human': '111.1M', 'percent': 0.04311546100362377}
7568776887}
