/rcfs/dtn/arpacomp/.conda/envs/goc_eval/lib/python3.10/site-packages/scipy/sparse/linalg/_dsolve/linsolve.py:347: SparseEfficiencyWarning: splu converted its input to CSC format
  warn('splu converted its input to CSC format', SparseEfficiencyWarning)
args:
Namespace(problem_opt=None, problem='/qfs/projects/goc/share/data/C3/E1/D1/C3E1N00014D1/scenario_114.json', solution='/qfs/projects/goc/share/data/C3/E1/D1/C3E1N00014D1/scenario_114.json.pop_solution.json', configuration=None, parameters='{}', summary_csv='summary.csv', summary_json='summary.json', data_errors='data_errors.txt', ignored_errors='ignored_errors.txt', solution_errors='solution_errors.txt', pop_solution=None, scrubbed_problem=None)
problem data file: /qfs/projects/goc/share/data/C3/E1/D1/C3E1N00014D1/scenario_114.json

pop solution data file: None

solution data file: /qfs/projects/goc/share/data/C3/E1/D1/C3E1N00014D1/scenario_114.json.pop_solution.json

git info: {'C3DataUtilities': {'branch': None, 'commit': '417faef61bd7caf40b3ea0dc36c5e033ca7ea3d5', 'date': 'Fri Dec 30 07:03:34 2022 -0800', 'query_return_code': 0, 'query_err': '', 'query_path': '/qfs/projects/goc/share/loadbalancing/src/nonmpi-template/Challenge3/C3DataUtilities/datautilities', 'query_out': 'commit 417faef61bd7caf40b3ea0dc36c5e033ca7ea3d5\nAuthor: Jesse T Holzer <jesse.holzer@pnnl.gov>\nDate:   Fri Dec 30 07:03:34 2022 -0800\n\n    add z_value, z_cost, z_penalty components of z_base\n'}, 'Bid-DS-data-model': {'branch': None, 'commit': None, 'date': None, 'query_return_code': 128, 'query_err': 'fatal: Not a git repository (or any parent up to mount point /rcfs)\nStopping at filesystem boundary (GIT_DISCOVERY_ACROSS_FILESYSTEM not set).\n', 'query_path': '/rcfs/dtn/arpacomp/.conda/envs/goc_eval/lib/python3.10/site-packages/datamodel', 'query_out': ''}}

after reading problem without validation, memory info: {'rss bytes': 113635328, 'rss human': '108.4M', 'percent': 0.04205288407479729}
read problem data file without validation time: 0.0037293434143066406
after reading problem with validation, memory info: {'rss bytes': 114712576, 'rss human': '109.4M', 'percent': 0.04245153989830851}
load time: 0.022462129592895508
{'general': {'base_norm_mva': 100.0,
             'day_type': None,
             'electricity_demand': None,
             'net_load': None,
             'season': None,
             'solar_availability': None,
             'timestamp_start': None,
             'timestamp_stop': None,
             'vre_availability': None,
             'weather_temperature': None,
             'wind_availability': None},
 'interval durations': [0.25,
                        0.25,
                        0.25,
                        0.25,
                        0.25,
                        0.25,
                        0.25,
                        0.25,
                        0.5,
                        0.5,
                        0.5,
                        0.5,
                        0.5,
                        0.5,
                        0.5,
                        0.5,
                        1.0,
                        1.0],
 'num ac lines': 17,
 'num buses': 14,
 'num consuming devices': 11,
 'num contingencies': 12,
 'num dc lines': 0,
 'num intervals': 18,
 'num producing devices': 6,
 'num reactive power reserve zones': 2,
 'num real power reserve zones': 2,
 'num shunts': 1,
 'num simple dispatchable devices': 17,
 'num transformers': 3,
 'total duration': 8.0,
 'violation costs': {'e_vio_cost': 500.0,
                     'p_bus_vio_cost': 1000000.0,
                     'q_bus_vio_cost': 1000000.0,
                     's_vio_cost': 500.0}}
after read solution without validation, memory info: {'rss bytes': 114982912, 'rss human': '109.7M', 'percent': 0.04255158280458889}
read solution data file without validation time: 0.0014455318450927734
after read solution with validation, memory info: {'rss bytes': 115253248, 'rss human': '109.9M', 'percent': 0.04265162571086927}
solution load time: 0.009598970413208008
after solution_model_checks(), memory info: {'rss bytes': 115253248, 'rss human': '109.9M', 'percent': 0.04265162571086927}
solution model_checks time: 0.0002846717834472656
{}
after problem_data_array.set_from_data_model(), memory info: {'rss bytes': 115503104, 'rss human': '110.2M', 'percent': 0.042744089609098104}
convert problem data to numpy arrays time: 0.003848552703857422
after solution_data_array.set_from_data_model(), memory info: {'rss bytes': 115503104, 'rss human': '110.2M', 'percent': 0.042744089609098104}
convert solution data to numpy arrays time: 0.0005202293395996094
function: set_summary, time: 0.00017571449279785156
function: set_problem, time: 7.152557373046875e-07
function: set_solution, time: 4.291534423828125e-06
function: set_solution_zero, time: 3.0994415283203125e-05
function: set_work_zero, time: 4.982948303222656e-05
function: set_matrices, time: 0.002537250518798828
function: __init__, time: 0.002820730209350586
function: eval_sd_t_d_up_dn, time: 0.00032591819763183594
function: eval_sd_max_startup, time: 8.821487426757812e-06
function: eval_sd_t_z_sus, time: 4.076957702636719e-05
function: eval_acl_t_p_q_fr_to, time: 0.00010991096496582031
function: eval_xfr_t_p_q_fr_to, time: 9.059906005859375e-05
function: eval_sd_t_su_sd_trajectories, time: 2.3126602172851562e-05
function: eval_sd_max_energy, time: 1.0967254638671875e-05
function: eval_sd_min_energy, time: 8.821487426757812e-06
function: eval_sd_t_z_p, time: 0.0008213520050048828
function: eval_bus_t_p, time: 0.0005252361297607422
function: eval_bus_t_q, time: 0.0001220703125
sd_t_p_rgu sum: 0.0
prz_sigma_rgu max: 0.03
prz_t_p_rgu_req max: 0.017210095552707756
sd_t_p_rgd sum: 0.0
prz_sigma_rgd max: 0.03
prz_t_p_rgd_req max: 0.017210095552707756
sd_t_p_scr sum: 0.0
prz_sigma_scr max: 0.3
prz_t_p_scr_req max: 0.12675000429045966
sd_t_p_nsc sum: 0.0
prz_sigma_nsc max: 0.7
prz_t_p_nsc_req max: 0.2957500100110725
sd_t_p_rru sum: 0.0
prz_t_p_rru_min max: 0.022394
sd_t_p_rrd sum: 0.0
prz_t_p_rrd_min max: 0.022394
sd_t_p_qru sum: 0.0
qrz_t_q_qru_min max: 1.7412
sd_t_p_qrd sum: 0.0
qrz_t_q_qrd_min max: 2.716
function: get_connected_components, time: 0.000286102294921875
function: get_bridges, time: 0.0005548000335693359
function: get_connected_components, time: 9.417533874511719e-05
function: get_bridges, time: 0.00034737586975097656
function: get_connected_components, time: 7.033348083496094e-05
function: get_bridges, time: 0.0002856254577636719
function: get_connected_components, time: 6.866455078125e-05
function: get_bridges, time: 0.0002810955047607422
function: get_connected_components, time: 6.723403930664062e-05
function: get_bridges, time: 0.0002892017364501953
function: get_connected_components, time: 6.771087646484375e-05
function: get_bridges, time: 0.0002841949462890625
function: get_connected_components, time: 6.67572021484375e-05
function: get_bridges, time: 0.0003349781036376953
function: get_connected_components, time: 6.842613220214844e-05
function: get_bridges, time: 0.00027489662170410156
function: get_connected_components, time: 7.2479248046875e-05
function: get_bridges, time: 0.0002684593200683594
function: get_connected_components, time: 6.651878356933594e-05
function: get_bridges, time: 0.0002684593200683594
function: get_connected_components, time: 7.176399230957031e-05
function: get_bridges, time: 0.0002694129943847656
function: get_connected_components, time: 6.628036499023438e-05
function: get_bridges, time: 0.00032520294189453125
function: get_connected_components, time: 6.747245788574219e-05
function: get_bridges, time: 0.0002739429473876953
function: get_connected_components, time: 6.651878356933594e-05
function: get_bridges, time: 0.0002658367156982422
function: get_connected_components, time: 6.580352783203125e-05
function: get_bridges, time: 0.0002655982971191406
function: get_connected_components, time: 6.914138793945312e-05
function: get_bridges, time: 0.0002732276916503906
function: get_connected_components, time: 6.556510925292969e-05
function: get_bridges, time: 0.00032401084899902344
function: get_connected_components, time: 6.67572021484375e-05
function: get_bridges, time: 0.00027370452880859375
end of eval_connectedness(), memory info: {'rss bytes': 116281344, 'rss human': '110.9M', 'percent': 0.04303209191505678}
function: eval_connectedness, time: 0.00799417495727539
problem dimensions. bus: 14, acl: 17, xfr: 3, dcl: 0, k: 12, t: 18
construct static bus admittance matrix. time: 0.0008108615875244141
factor static bus admittance matrix. time: 0.0020978450775146484
t_acl_delta_t: [array([], dtype=int64), array([], dtype=int64), array([], dtype=int64), array([], dtype=int64), array([], dtype=int64), array([], dtype=int64), array([], dtype=int64), array([], dtype=int64), array([], dtype=int64), array([], dtype=int64), array([], dtype=int64), array([], dtype=int64), array([], dtype=int64), array([], dtype=int64), array([], dtype=int64), array([], dtype=int64), array([], dtype=int64), array([], dtype=int64)], t_xfr_delta_t: [array([], dtype=int64), array([], dtype=int64), array([], dtype=int64), array([], dtype=int64), array([], dtype=int64), array([], dtype=int64), array([], dtype=int64), array([], dtype=int64), array([], dtype=int64), array([], dtype=int64), array([], dtype=int64), array([], dtype=int64), array([], dtype=int64), array([], dtype=int64), array([], dtype=int64), array([], dtype=int64), array([], dtype=int64), array([], dtype=int64)], t_br_delta_t: [array([], dtype=int64), array([], dtype=int64), array([], dtype=int64), array([], dtype=int64), array([], dtype=int64), array([], dtype=int64), array([], dtype=int64), array([], dtype=int64), array([], dtype=int64), array([], dtype=int64), array([], dtype=int64), array([], dtype=int64), array([], dtype=int64), array([], dtype=int64), array([], dtype=int64), array([], dtype=int64), array([], dtype=int64), array([], dtype=int64)], acl_delta_t: [], xfr_delta_t: [], br_delta_t: []
contingency delta branches. acl: 12, xfr: 0, dcl: 0
construct bus,t-indexed right hand side. time: 0.00010275840759277344
solve for base case bus,t-indexed theta. time: 0.031407833099365234
num AC branches with possible violations in ACL contingencies: 0
num AC branches with possible violations in DCL contingencies: 0
num AC branches with possible violations in XFR contingencies: 0
t: 0, time: 0.002103090286254883, memory_info: {'rss bytes': 125878272, 'rss human': '120.0M', 'percent': 0.04658361508801032}
num AC branches with possible violations in ACL contingencies: 0
num AC branches with possible violations in DCL contingencies: 0
num AC branches with possible violations in XFR contingencies: 0
t: 1, time: 0.0013875961303710938, memory_info: {'rss bytes': 125878272, 'rss human': '120.0M', 'percent': 0.04658361508801032}
num AC branches with possible violations in ACL contingencies: 0
num AC branches with possible violations in DCL contingencies: 0
num AC branches with possible violations in XFR contingencies: 0
t: 2, time: 0.0013332366943359375, memory_info: {'rss bytes': 125878272, 'rss human': '120.0M', 'percent': 0.04658361508801032}
num AC branches with possible violations in ACL contingencies: 0
num AC branches with possible violations in DCL contingencies: 0
num AC branches with possible violations in XFR contingencies: 0
t: 3, time: 0.001331329345703125, memory_info: {'rss bytes': 125878272, 'rss human': '120.0M', 'percent': 0.04658361508801032}
num AC branches with possible violations in ACL contingencies: 0
num AC branches with possible violations in DCL contingencies: 0
num AC branches with possible violations in XFR contingencies: 0
t: 4, time: 0.0013127326965332031, memory_info: {'rss bytes': 125878272, 'rss human': '120.0M', 'percent': 0.04658361508801032}
num AC branches with possible violations in ACL contingencies: 0
num AC branches with possible violations in DCL contingencies: 0
num AC branches with possible violations in XFR contingencies: 0
t: 5, time: 0.0013294219970703125, memory_info: {'rss bytes': 125878272, 'rss human': '120.0M', 'percent': 0.04658361508801032}
num AC branches with possible violations in ACL contingencies: 0
num AC branches with possible violations in DCL contingencies: 0
num AC branches with possible violations in XFR contingencies: 0
t: 6, time: 0.0013186931610107422, memory_info: {'rss bytes': 125878272, 'rss human': '120.0M', 'percent': 0.04658361508801032}
num AC branches with possible violations in ACL contingencies: 0
num AC branches with possible violations in DCL contingencies: 0
num AC branches with possible violations in XFR contingencies: 0
t: 7, time: 0.010102033615112305, memory_info: {'rss bytes': 125878272, 'rss human': '120.0M', 'percent': 0.04658361508801032}
num AC branches with possible violations in ACL contingencies: 0
num AC branches with possible violations in DCL contingencies: 0
num AC branches with possible violations in XFR contingencies: 0
t: 8, time: 0.0013113021850585938, memory_info: {'rss bytes': 125878272, 'rss human': '120.0M', 'percent': 0.04658361508801032}
num AC branches with possible violations in ACL contingencies: 0
num AC branches with possible violations in DCL contingencies: 0
num AC branches with possible violations in XFR contingencies: 0
t: 9, time: 0.001306295394897461, memory_info: {'rss bytes': 125878272, 'rss human': '120.0M', 'percent': 0.04658361508801032}
num AC branches with possible violations in ACL contingencies: 0
num AC branches with possible violations in DCL contingencies: 0
num AC branches with possible violations in XFR contingencies: 0
t: 10, time: 0.0013141632080078125, memory_info: {'rss bytes': 125878272, 'rss human': '120.0M', 'percent': 0.04658361508801032}
num AC branches with possible violations in ACL contingencies: 0
num AC branches with possible violations in DCL contingencies: 0
num AC branches with possible violations in XFR contingencies: 0
t: 11, time: 0.0013120174407958984, memory_info: {'rss bytes': 125878272, 'rss human': '120.0M', 'percent': 0.04658361508801032}
num AC branches with possible violations in ACL contingencies: 0
num AC branches with possible violations in DCL contingencies: 0
num AC branches with possible violations in XFR contingencies: 0
t: 12, time: 0.0013263225555419922, memory_info: {'rss bytes': 125878272, 'rss human': '120.0M', 'percent': 0.04658361508801032}
num AC branches with possible violations in ACL contingencies: 0
num AC branches with possible violations in DCL contingencies: 0
num AC branches with possible violations in XFR contingencies: 0
t: 13, time: 0.001306772232055664, memory_info: {'rss bytes': 125878272, 'rss human': '120.0M', 'percent': 0.04658361508801032}
num AC branches with possible violations in ACL contingencies: 0
num AC branches with possible violations in DCL contingencies: 0
num AC branches with possible violations in XFR contingencies: 0
t: 14, time: 0.011535167694091797, memory_info: {'rss bytes': 125878272, 'rss human': '120.0M', 'percent': 0.04658361508801032}
num AC branches with possible violations in ACL contingencies: 0
num AC branches with possible violations in DCL contingencies: 0
num AC branches with possible violations in XFR contingencies: 0
t: 15, time: 0.0012938976287841797, memory_info: {'rss bytes': 125878272, 'rss human': '120.0M', 'percent': 0.04658361508801032}
num AC branches with possible violations in ACL contingencies: 0
num AC branches with possible violations in DCL contingencies: 0
num AC branches with possible violations in XFR contingencies: 0
t: 16, time: 0.0013189315795898438, memory_info: {'rss bytes': 125878272, 'rss human': '120.0M', 'percent': 0.04658361508801032}
num AC branches with possible violations in ACL contingencies: 0
num AC branches with possible violations in DCL contingencies: 0
num AC branches with possible violations in XFR contingencies: 0
t: 17, time: 0.0013058185577392578, memory_info: {'rss bytes': 125878272, 'rss human': '120.0M', 'percent': 0.04658361508801032}
initialize_m_w_time: 0.0004980564117431641
compute_static_w_time: 6.866455078125e-05
get_time_varying_branch_characteristics_time: 0.00040340423583984375
construct_a_t_time: 0.006354093551635742
factor_a_t_time: 0.0028400421142578125
compute_w_with_t_a_solve_time: 0.0004646778106689453
compute_v_t_time: 4.0531158447265625e-06
compute_w_with_t_smw_time: 2.86102294921875e-06
compute_v_time: 0.0006582736968994141
compute_bus_theta_with_t_a_solve_time: 0.0001690387725830078
compute_bus_theta_with_t_smw_time: 3.337860107421875e-06
compute_br_p_time: 0.0015399456024169922
apply_w_v_wt_time: 0.00026702880859375
compute_bus_dtheta_rhs_dcl_k_time: 0.0017414093017578125
compute_w_v_wt_xfr_k_time: 0.0018858909606933594
compute_bus_dtheta_rhs_xfr_k_time: 2.6226043701171875e-06
compute_br_acl_delta_k_p_delta_time: 0.001270294189453125
compute_br_dcl_delta_k_p_delta_time: 0.0010833740234375
compute_br_xfr_delta_k_p_delta_time: 0.0010745525360107422
filter_branches_acl_k_time: 0.0008122920989990234
filter_branches_dcl_k_time: 0.0003333091735839844
filter_branches_xfr_k_time: 0.0003085136413574219
compute_br_acl_delta_k_p_time: 0.00011134147644042969
compute_br_dcl_delta_k_p_time: 6.628036499023438e-05
compute_br_xfr_delta_k_p_time: 7.081031799316406e-05
compute_br_acl_delta_k_s_over_time: 0.009578227996826172
compute_br_dcl_delta_k_s_over_time: 0.0002880096435546875
compute_br_xfr_delta_k_s_over_time: 0.000278472900390625
zero_out_time: 7.796287536621094e-05
get_max_br_acl_delta_k_s_over_time: 0.010821342468261719
get_max_br_dcl_delta_k_s_over_time: 3.5762786865234375e-06
get_max_br_xfr_delta_k_s_over_time: 3.0994415283203125e-06
compute_br_k_z_time: 0.0004611015319824219
collect_penalties_into_obj_array_time: 0.0002129077911376953
end of contingency model method 1, memory info: {'rss bytes': 125878272, 'rss human': '120.0M', 'percent': 0.04658361508801032}
function: eval_post_contingency_model, time: 0.08376169204711914
function: eval_post_contingency_model, time: 0.0837714672088623
function: run, time: 0.09788775444030762
after solution_evaluator.run(), memory info: {'rss bytes': 126140416, 'rss human': '120.3M', 'percent': 0.04668062639107009}
evaluation summary:
{'feas': 1,
 'infeas': 0,
 'info_i_i_k_t_disconnected_ctg': {'idx': {0: None, 1: None, 2: None, 3: None},
                                   'val': 0},
 'info_i_i_t_disconnected_base': {'idx': {0: None, 1: None, 2: None}, 'val': 0},
 'sum_acl_t_u_sd': 0,
 'sum_acl_t_u_su': 0,
 'sum_acl_t_z_s': 0.0,
 'sum_acl_t_z_sd': 0.0,
 'sum_acl_t_z_su': 0.0,
 'sum_bus_t_z_p': 4143190.082931092,
 'sum_bus_t_z_q': 14272167.908694744,
 'sum_cs_t_z_p': 347957.75104546506,
 'sum_pr_t_z_p': 2667.3738366660405,
 'sum_prz_t_z_nsc': 89.8663018940903,
 'sum_prz_t_z_rgd': 247.024665432647,
 'sum_prz_t_z_rgu': 247.024665432647,
 'sum_prz_t_z_rrd': 0.029126400000000004,
 'sum_prz_t_z_rru': 0.029126400000000004,
 'sum_prz_t_z_scr': 385.010586316774,
 'sum_qrz_t_z_qrd': 571.1999999999998,
 'sum_qrz_t_z_qru': 421.4592,
 'sum_sd_t_sd': 0,
 'sum_sd_t_su': 0,
 'sum_sd_t_z_nsc': 0.0,
 'sum_sd_t_z_on': 12.8,
 'sum_sd_t_z_qrd': 0.0,
 'sum_sd_t_z_qru': 0.0,
 'sum_sd_t_z_rgd': 0.0,
 'sum_sd_t_z_rgu': 0.0,
 'sum_sd_t_z_rrd_off': 0.0,
 'sum_sd_t_z_rrd_on': 0.0,
 'sum_sd_t_z_rru_off': 0.0,
 'sum_sd_t_z_rru_on': 0.0,
 'sum_sd_t_z_scr': 0.0,
 'sum_sd_t_z_sd': 0.0,
 'sum_sd_t_z_su': 0.0,
 'sum_sd_t_z_sus': 0.0,
 'sum_xfr_t_u_sd': 0,
 'sum_xfr_t_u_su': 0,
 'sum_xfr_t_z_s': 0.0,
 'sum_xfr_t_z_sd': 0.0,
 'sum_xfr_t_z_su': 0.0,
 'viol_acl_acl_t_s_max_ctg': {'idx': {0: None, 1: None, 2: None}, 'val': 0.0},
 'viol_acl_dcl_t_s_max_ctg': {'idx': {0: None, 1: None, 2: None}, 'val': 0.0},
 'viol_acl_t_s_max': {'idx': {0: 'acl_00', 1: 0}, 'val': 0.0},
 'viol_acl_t_u_sd_max': {'idx': {0: 'acl_00', 1: 0}, 'val': 0},
 'viol_acl_t_u_su_max': {'idx': {0: 'acl_00', 1: 0}, 'val': 0},
 'viol_acl_xfr_t_s_max_ctg': {'idx': {0: None, 1: None, 2: None}, 'val': 0.0},
 'viol_bus_t_p_balance_max': {'idx': {0: 'bus_07', 1: 12},
                              'val': 0.35003908483761204},
 'viol_bus_t_p_balance_min': {'idx': {0: 'bus_13', 1: 17},
                              'val': -0.03096109249042467},
 'viol_bus_t_q_balance_max': {'idx': {0: 'bus_05', 1: 0},
                              'val': 0.37656721611902},
 'viol_bus_t_q_balance_min': {'idx': {0: 'bus_04', 1: 17},
                              'val': -0.3118053223040734},
 'viol_bus_t_v_max': {'idx': {0: 'bus_00', 1: 0}, 'val': 0.0},
 'viol_bus_t_v_min': {'idx': {0: 'bus_00', 1: 0}, 'val': 0.0},
 'viol_cs_t_p_off_max': {'idx': {0: 'sd_06', 1: 0}, 'val': 0.0},
 'viol_cs_t_p_off_min': {'idx': {0: 'sd_06', 1: 0}, 'val': 0.0},
 'viol_cs_t_p_on_max': {'idx': {0: 'sd_06', 1: 0}, 'val': 0.0},
 'viol_cs_t_p_on_min': {'idx': {0: 'sd_06', 1: 0}, 'val': 0.0},
 'viol_cs_t_q_max': {'idx': {0: 'sd_06', 1: 0}, 'val': 0.0},
 'viol_cs_t_q_min': {'idx': {0: 'sd_06', 1: 0}, 'val': 0.0},
 'viol_cs_t_q_p_max': {'idx': {0: None, 1: None}, 'val': None},
 'viol_cs_t_q_p_min': {'idx': {0: None, 1: None}, 'val': None},
 'viol_dcl_t_p_max': {'idx': {0: None, 1: None}, 'val': None},
 'viol_dcl_t_p_min': {'idx': {0: None, 1: None}, 'val': None},
 'viol_dcl_t_q_fr_max': {'idx': {0: None, 1: None}, 'val': None},
 'viol_dcl_t_q_fr_min': {'idx': {0: None, 1: None}, 'val': None},
 'viol_dcl_t_q_to_max': {'idx': {0: None, 1: None}, 'val': None},
 'viol_dcl_t_q_to_min': {'idx': {0: None, 1: None}, 'val': None},
 'viol_pr_t_p_off_max': {'idx': {0: 'sd_00', 1: 0}, 'val': 0.0},
 'viol_pr_t_p_off_min': {'idx': {0: 'sd_00', 1: 0}, 'val': 0.0},
 'viol_pr_t_p_on_max': {'idx': {0: 'sd_00', 1: 0}, 'val': 0.0},
 'viol_pr_t_p_on_min': {'idx': {0: 'sd_00', 1: 0}, 'val': 0.0},
 'viol_pr_t_q_max': {'idx': {0: 'sd_00', 1: 0}, 'val': 0.0},
 'viol_pr_t_q_min': {'idx': {0: 'sd_00', 1: 0}, 'val': 0.0},
 'viol_pr_t_q_p_max': {'idx': {0: None, 1: None}, 'val': None},
 'viol_pr_t_q_p_min': {'idx': {0: None, 1: None}, 'val': None},
 'viol_prz_t_p_nsc_balance': {'idx': {0: 'prz_1', 1: 4},
                              'val': 0.4334351184984717},
 'viol_prz_t_p_rgd_balance': {'idx': {0: 'prz_0', 1: 4},
                              'val': 0.017210095552707756},
 'viol_prz_t_p_rgu_balance': {'idx': {0: 'prz_0', 1: 4},
                              'val': 0.017210095552707756},
 'viol_prz_t_p_rrd_balance': {'idx': {0: 'prz_0', 1: 0}, 'val': 0.022394},
 'viol_prz_t_p_rru_balance': {'idx': {0: 'prz_0', 1: 0}, 'val': 0.022394},
 'viol_prz_t_p_scr_balance': {'idx': {0: 'prz_1', 1: 4},
                              'val': 0.13768510848739926},
 'viol_qrz_t_q_qrd_balance': {'idx': {0: 'qrz_0', 1: 0}, 'val': 2.716},
 'viol_qrz_t_q_qru_balance': {'idx': {0: 'qrz_0', 1: 0}, 'val': 1.7412},
 'viol_sd_max_energy_constr': {'idx': {0: 'sd_00', 1: 0}, 'val': 0.0},
 'viol_sd_max_startup_constr': {'idx': {0: 'sd_00', 1: 0}, 'val': 0},
 'viol_sd_min_energy_constr': {'idx': {0: 'sd_00', 1: 0}, 'val': 0.0},
 'viol_sd_t_d_dn_min': {'idx': {0: 'sd_00', 1: 0}, 'val': 0},
 'viol_sd_t_d_up_min': {'idx': {0: 'sd_00', 1: 0}, 'val': 0},
 'viol_sd_t_p_nsc_max': {'idx': {0: 'sd_00', 1: 0}, 'val': 0.0},
 'viol_sd_t_p_nsc_nonneg': {'idx': {0: 'sd_00', 1: 0}, 'val': -0.0},
 'viol_sd_t_p_ramp_dn_max': {'idx': {0: 'sd_00', 1: 0}, 'val': 0.0},
 'viol_sd_t_p_ramp_up_max': {'idx': {0: 'sd_00', 1: 0}, 'val': 0.0},
 'viol_sd_t_p_rgd_max': {'idx': {0: 'sd_00', 1: 0}, 'val': 0.0},
 'viol_sd_t_p_rgd_nonneg': {'idx': {0: 'sd_00', 1: 0}, 'val': -0.0},
 'viol_sd_t_p_rgu_max': {'idx': {0: 'sd_00', 1: 0}, 'val': 0.0},
 'viol_sd_t_p_rgu_nonneg': {'idx': {0: 'sd_00', 1: 0}, 'val': -0.0},
 'viol_sd_t_p_rrd_off_max': {'idx': {0: 'sd_00', 1: 0}, 'val': 0.0},
 'viol_sd_t_p_rrd_off_nonneg': {'idx': {0: 'sd_00', 1: 0}, 'val': -0.0},
 'viol_sd_t_p_rrd_on_max': {'idx': {0: 'sd_00', 1: 0}, 'val': 0.0},
 'viol_sd_t_p_rrd_on_nonneg': {'idx': {0: 'sd_00', 1: 0}, 'val': -0.0},
 'viol_sd_t_p_rru_off_max': {'idx': {0: 'sd_00', 1: 0}, 'val': 0.0},
 'viol_sd_t_p_rru_off_nonneg': {'idx': {0: 'sd_00', 1: 0}, 'val': -0.0},
 'viol_sd_t_p_rru_on_max': {'idx': {0: 'sd_00', 1: 0}, 'val': 0.0},
 'viol_sd_t_p_rru_on_nonneg': {'idx': {0: 'sd_00', 1: 0}, 'val': -0.0},
 'viol_sd_t_p_scr_max': {'idx': {0: 'sd_00', 1: 0}, 'val': 0.0},
 'viol_sd_t_p_scr_nonneg': {'idx': {0: 'sd_00', 1: 0}, 'val': -0.0},
 'viol_sd_t_q_qrd_nonneg': {'idx': {0: 'sd_00', 1: 0}, 'val': -0.0},
 'viol_sd_t_q_qru_nonneg': {'idx': {0: 'sd_00', 1: 0}, 'val': -0.0},
 'viol_sd_t_u_on_max': {'idx': {0: 'sd_00', 1: 0}, 'val': 0},
 'viol_sd_t_u_on_min': {'idx': {0: 'sd_00', 1: 0}, 'val': 0},
 'viol_sh_t_u_st_max': {'idx': {0: 'sh_0', 1: 0}, 'val': 0},
 'viol_sh_t_u_st_min': {'idx': {0: 'sh_0', 1: 0}, 'val': 0},
 'viol_t_connected_base': {'idx': {0: 0}, 'val': 0},
 'viol_t_connected_ctg': {'idx': {0: 0}, 'val': 0},
 'viol_xfr_acl_t_s_max_ctg': {'idx': {0: None, 1: None, 2: None}, 'val': 0.0},
 'viol_xfr_dcl_t_s_max_ctg': {'idx': {0: None, 1: None, 2: None}, 'val': 0.0},
 'viol_xfr_t_phi_max': {'idx': {0: 'xfr_0', 1: 0}, 'val': 0.0},
 'viol_xfr_t_phi_min': {'idx': {0: 'xfr_0', 1: 0}, 'val': 0.0},
 'viol_xfr_t_s_max': {'idx': {0: 'xfr_0', 1: 0}, 'val': 0.0},
 'viol_xfr_t_tau_max': {'idx': {0: 'xfr_0', 1: 0}, 'val': 0.0},
 'viol_xfr_t_tau_min': {'idx': {0: 'xfr_0', 1: 0}, 'val': 0.0},
 'viol_xfr_t_u_sd_max': {'idx': {0: 'xfr_0', 1: 0}, 'val': 0},
 'viol_xfr_t_u_su_max': {'idx': {0: 'xfr_0', 1: 0}, 'val': 0},
 'viol_xfr_xfr_t_s_max_ctg': {'idx': {0: None, 1: None, 2: None}, 'val': 0.0},
 'z': -18072042.058088906,
 'z_base': -18072042.058088906,
 'z_cost': 2680.1738366660406,
 'z_k_average_case': 0.0,
 'z_k_worst_case': 0.0,
 'z_max_energy': 0.0,
 'z_min_energy': 0.0,
 'z_penalty': 18417319.635297712,
 'z_value': 347957.75104546506}
infeasibility summary:
{}
feas: 1
obj: -18072042.058088906
evaluate solution time: 0.10471034049987793
end of check_data(), memory info: {'rss bytes': 126947328, 'rss human': '121.1M', 'percent': 0.04697923930830092}
 0.04539506896991709}
