/rcfs/dtn/arpacomp/.local/lib/python3.8/site-packages/scipy/sparse/linalg/_dsolve/linsolve.py:347: SparseEfficiencyWarning: splu converted its input to CSC format
  warn('splu converted its input to CSC format', SparseEfficiencyWarning)
args:
Namespace(configuration=None, data_errors='data_errors.txt', ignored_errors='ignored_errors.txt', parameters='{}', pop_solution=None, problem='/qfs/projects/goc/share/data/C3/E1/D1/C3E1N00073D1/scenario_002.json', problem_opt=None, scrubbed_problem=None, solution='/qfs/projects/goc/share/data/C3/E1/D1/C3E1N00073D1/scenario_002.json.pop_solution.json', solution_errors='solution_errors.txt', summary_csv='summary.csv', summary_json='summary.json')
problem data file: /qfs/projects/goc/share/data/C3/E1/D1/C3E1N00073D1/scenario_002.json

pop solution data file: None

solution data file: /qfs/projects/goc/share/data/C3/E1/D1/C3E1N00073D1/scenario_002.json.pop_solution.json

git info: {'C3DataUtilities': {'branch': None, 'commit': '417faef61bd7caf40b3ea0dc36c5e033ca7ea3d5', 'date': 'Fri Dec 30 07:03:34 2022 -0800', 'query_return_code': 0, 'query_err': '', 'query_path': '/qfs/projects/goc/share/loadbalancing/src/nonmpi-template/Challenge3/C3DataUtilities/datautilities', 'query_out': 'commit 417faef61bd7caf40b3ea0dc36c5e033ca7ea3d5\nAuthor: Jesse T Holzer <jesse.holzer@pnnl.gov>\nDate:   Fri Dec 30 07:03:34 2022 -0800\n\n    add z_value, z_cost, z_penalty components of z_base\n'}, 'Bid-DS-data-model': {'branch': None, 'commit': None, 'date': None, 'query_return_code': 128, 'query_err': 'fatal: Not a git repository (or any parent up to mount point /rcfs)\nStopping at filesystem boundary (GIT_DISCOVERY_ACROSS_FILESYSTEM not set).\n', 'query_path': '/rcfs/dtn/arpacomp/.local/lib/python3.8/site-packages/datamodel', 'query_out': ''}}

after reading problem without validation, memory info: {'rss bytes': 95563776, 'rss human': '91.1M', 'percent': 0.03536992668913871}
read problem data file without validation time: 0.021812915802001953
after reading problem with validation, memory info: {'rss bytes': 104873984, 'rss human': '100.0M', 'percent': 0.03880915375824759}
load time: 0.2665574550628662
{'general': {'base_norm_mva': 100.0,
             'day_type': None,
             'electricity_demand': None,
             'net_load': None,
             'season': None,
             'solar_availability': None,
             'timestamp_start': None,
             'timestamp_stop': None,
             'vre_availability': None,
             'weather_temperature': None,
             'wind_availability': None},
 'interval durations': [0.25,
                        0.25,
                        0.25,
                        0.25,
                        0.25,
                        0.25,
                        0.25,
                        0.25,
                        0.5,
                        0.5,
                        0.5,
                        0.5,
                        0.5,
                        0.5,
                        0.5,
                        0.5,
                        1.0,
                        1.0],
 'num ac lines': 105,
 'num buses': 73,
 'num consuming devices': 51,
 'num contingencies': 2,
 'num dc lines': 1,
 'num intervals': 18,
 'num producing devices': 157,
 'num reactive power reserve zones': 1,
 'num real power reserve zones': 1,
 'num shunts': 73,
 'num simple dispatchable devices': 208,
 'num transformers': 15,
 'total duration': 8.0,
 'violation costs': {'e_vio_cost': 10000.0,
                     'p_bus_vio_cost': 1000000.0,
                     'q_bus_vio_cost': 1000000.0,
                     's_vio_cost': 500.0}}
after read solution without validation, memory info: {'rss bytes': 105603072, 'rss human': '100.7M', 'percent': 0.0390789564987947}
read solution data file without validation time: 0.013411283493041992
after read solution with validation, memory info: {'rss bytes': 109047808, 'rss human': '104.0M', 'percent': 0.040353698660593094}
solution load time: 0.11853814125061035
after solution_model_checks(), memory info: {'rss bytes': 109047808, 'rss human': '104.0M', 'percent': 0.040353698660593094}
solution model_checks time: 0.0013353824615478516
{}
after problem_data_array.set_from_data_model(), memory info: {'rss bytes': 111235072, 'rss human': '106.1M', 'percent': 0.04116310688223441}
convert problem data to numpy arrays time: 0.030123472213745117
after solution_data_array.set_from_data_model(), memory info: {'rss bytes': 111235072, 'rss human': '106.1M', 'percent': 0.04116310688223441}
convert solution data to numpy arrays time: 0.004112958908081055
function: set_summary, time: 0.0002079010009765625
function: set_problem, time: 9.5367431640625e-07
function: set_solution, time: 6.198883056640625e-06
function: set_solution_zero, time: 5.507469177246094e-05
function: set_work_zero, time: 0.00011396408081054688
function: set_matrices, time: 0.0037674903869628906
function: __init__, time: 0.004178047180175781
function: eval_sd_t_d_up_dn, time: 0.0003311634063720703
function: eval_sd_max_startup, time: 0.0027506351470947266
function: eval_sd_t_z_sus, time: 0.001615285873413086
function: eval_acl_t_p_q_fr_to, time: 0.00019812583923339844
function: eval_xfr_t_p_q_fr_to, time: 0.00010561943054199219
function: eval_sd_t_su_sd_trajectories, time: 5.507469177246094e-05
function: eval_sd_max_energy, time: 0.003075838088989258
function: eval_sd_min_energy, time: 0.003082275390625
function: eval_sd_t_z_p, time: 0.0057315826416015625
function: eval_bus_t_p, time: 0.00048732757568359375
function: eval_bus_t_q, time: 0.00015497207641601562
sd_t_p_rgu sum: 0.0
prz_sigma_rgu max: 0.03
prz_t_p_rgu_req max: 0.0
sd_t_p_rgd sum: 0.0
prz_sigma_rgd max: 0.03
prz_t_p_rgd_req max: 0.0
sd_t_p_scr sum: 0.0
prz_sigma_scr max: 0.1
prz_t_p_scr_req max: 0.0
sd_t_p_nsc sum: 0.0
prz_sigma_nsc max: 0.3
prz_t_p_nsc_req max: 0.0
sd_t_p_rru sum: 0.0
prz_t_p_rru_min max: 0.0
sd_t_p_rrd sum: 0.0
prz_t_p_rrd_min max: 0.0
sd_t_p_qru sum: 0.0
qrz_t_q_qru_min max: 0.0
sd_t_p_qrd sum: 0.0
qrz_t_q_qrd_min max: 0.0
function: get_connected_components, time: 0.0007107257843017578
function: get_bridges, time: 0.001995563507080078
function: get_connected_components, time: 0.0004210472106933594
function: get_bridges, time: 0.001718282699584961
function: get_connected_components, time: 0.0004124641418457031
function: get_bridges, time: 0.001714468002319336
function: get_connected_components, time: 0.0004138946533203125
function: get_bridges, time: 0.0017218589782714844
function: get_connected_components, time: 0.000415802001953125
function: get_bridges, time: 0.0017194747924804688
function: get_connected_components, time: 0.00041031837463378906
function: get_bridges, time: 0.0018918514251708984
function: get_connected_components, time: 0.00041556358337402344
function: get_bridges, time: 0.001703023910522461
function: get_connected_components, time: 0.0004048347473144531
function: get_bridges, time: 0.0016932487487792969
function: get_connected_components, time: 0.0004138946533203125
function: get_bridges, time: 0.0016863346099853516
function: get_connected_components, time: 0.00040650367736816406
function: get_bridges, time: 0.0016963481903076172
function: get_connected_components, time: 0.0004100799560546875
function: get_bridges, time: 0.0016925334930419922
function: get_connected_components, time: 0.0004088878631591797
function: get_bridges, time: 0.0016944408416748047
function: get_connected_components, time: 0.00041174888610839844
function: get_bridges, time: 0.0017087459564208984
function: get_connected_components, time: 0.00041222572326660156
function: get_bridges, time: 0.001712799072265625
function: get_connected_components, time: 0.0004067420959472656
function: get_bridges, time: 0.0017151832580566406
function: get_connected_components, time: 0.0004131793975830078
function: get_bridges, time: 0.0016942024230957031
function: get_connected_components, time: 0.0004115104675292969
function: get_bridges, time: 0.0016942024230957031
function: get_connected_components, time: 0.00041413307189941406
function: get_bridges, time: 0.0019047260284423828
end of eval_connectedness(), memory info: {'rss bytes': 112631808, 'rss human': '107.4M', 'percent': 0.04167997617732746}
function: eval_connectedness, time: 0.040837764739990234
problem dimensions. bus: 73, acl: 105, xfr: 15, dcl: 1, k: 2, t: 18
construct static bus admittance matrix. time: 0.0007495880126953125
factor static bus admittance matrix. time: 0.002889871597290039
t_acl_delta_t: [array([], dtype=int64), array([], dtype=int64), array([], dtype=int64), array([], dtype=int64), array([], dtype=int64), array([], dtype=int64), array([], dtype=int64), array([], dtype=int64), array([], dtype=int64), array([], dtype=int64), array([], dtype=int64), array([], dtype=int64), array([], dtype=int64), array([], dtype=int64), array([], dtype=int64), array([], dtype=int64), array([], dtype=int64), array([], dtype=int64)], t_xfr_delta_t: [array([], dtype=int64), array([], dtype=int64), array([], dtype=int64), array([], dtype=int64), array([], dtype=int64), array([], dtype=int64), array([], dtype=int64), array([], dtype=int64), array([], dtype=int64), array([], dtype=int64), array([], dtype=int64), array([], dtype=int64), array([], dtype=int64), array([], dtype=int64), array([], dtype=int64), array([], dtype=int64), array([], dtype=int64), array([], dtype=int64)], t_br_delta_t: [array([], dtype=int64), array([], dtype=int64), array([], dtype=int64), array([], dtype=int64), array([], dtype=int64), array([], dtype=int64), array([], dtype=int64), array([], dtype=int64), array([], dtype=int64), array([], dtype=int64), array([], dtype=int64), array([], dtype=int64), array([], dtype=int64), array([], dtype=int64), array([], dtype=int64), array([], dtype=int64), array([], dtype=int64), array([], dtype=int64)], acl_delta_t: [], xfr_delta_t: [], br_delta_t: []
contingency delta branches. acl: 2, xfr: 0, dcl: 0
construct bus,t-indexed right hand side. time: 0.0001239776611328125
solve for base case bus,t-indexed theta. time: 0.001005411148071289
num AC branches with possible violations in ACL contingencies: 0
num AC branches with possible violations in DCL contingencies: 0
num AC branches with possible violations in XFR contingencies: 0
t: 0, time: 0.001947164535522461, memory_info: {'rss bytes': 115265536, 'rss human': '109.9M', 'percent': 0.04265460068391054}
num AC branches with possible violations in ACL contingencies: 0
num AC branches with possible violations in DCL contingencies: 0
num AC branches with possible violations in XFR contingencies: 0
t: 1, time: 0.0014698505401611328, memory_info: {'rss bytes': 115503104, 'rss human': '110.2M', 'percent': 0.04274251393644836}
num AC branches with possible violations in ACL contingencies: 0
num AC branches with possible violations in DCL contingencies: 0
num AC branches with possible violations in XFR contingencies: 0
t: 2, time: 0.0013897418975830078, memory_info: {'rss bytes': 115503104, 'rss human': '110.2M', 'percent': 0.04274251393644836}
num AC branches with possible violations in ACL contingencies: 0
num AC branches with possible violations in DCL contingencies: 0
num AC branches with possible violations in XFR contingencies: 0
t: 3, time: 0.001379251480102539, memory_info: {'rss bytes': 115503104, 'rss human': '110.2M', 'percent': 0.04274251393644836}
num AC branches with possible violations in ACL contingencies: 0
num AC branches with possible violations in DCL contingencies: 0
num AC branches with possible violations in XFR contingencies: 0
t: 4, time: 0.0013854503631591797, memory_info: {'rss bytes': 115503104, 'rss human': '110.2M', 'percent': 0.04274251393644836}
num AC branches with possible violations in ACL contingencies: 0
num AC branches with possible violations in DCL contingencies: 0
num AC branches with possible violations in XFR contingencies: 0
t: 5, time: 0.0013811588287353516, memory_info: {'rss bytes': 115503104, 'rss human': '110.2M', 'percent': 0.04274251393644836}
num AC branches with possible violations in ACL contingencies: 0
num AC branches with possible violations in DCL contingencies: 0
num AC branches with possible violations in XFR contingencies: 0
t: 6, time: 0.0013647079467773438, memory_info: {'rss bytes': 115503104, 'rss human': '110.2M', 'percent': 0.04274251393644836}
num AC branches with possible violations in ACL contingencies: 0
num AC branches with possible violations in DCL contingencies: 0
num AC branches with possible violations in XFR contingencies: 0
t: 7, time: 0.0013699531555175781, memory_info: {'rss bytes': 115503104, 'rss human': '110.2M', 'percent': 0.04274251393644836}
num AC branches with possible violations in ACL contingencies: 0
num AC branches with possible violations in DCL contingencies: 0
num AC branches with possible violations in XFR contingencies: 0
t: 8, time: 0.0013642311096191406, memory_info: {'rss bytes': 115503104, 'rss human': '110.2M', 'percent': 0.04274251393644836}
num AC branches with possible violations in ACL contingencies: 0
num AC branches with possible violations in DCL contingencies: 0
num AC branches with possible violations in XFR contingencies: 0
t: 9, time: 0.0013763904571533203, memory_info: {'rss bytes': 115503104, 'rss human': '110.2M', 'percent': 0.04274251393644836}
num AC branches with possible violations in ACL contingencies: 0
num AC branches with possible violations in DCL contingencies: 0
num AC branches with possible violations in XFR contingencies: 0
t: 10, time: 0.001355886459350586, memory_info: {'rss bytes': 115503104, 'rss human': '110.2M', 'percent': 0.04274251393644836}
num AC branches with possible violations in ACL contingencies: 0
num AC branches with possible violations in DCL contingencies: 0
num AC branches with possible violations in XFR contingencies: 0
t: 11, time: 0.0014050006866455078, memory_info: {'rss bytes': 115503104, 'rss human': '110.2M', 'percent': 0.04274251393644836}
num AC branches with possible violations in ACL contingencies: 0
num AC branches with possible violations in DCL contingencies: 0
num AC branches with possible violations in XFR contingencies: 0
t: 12, time: 0.0013632774353027344, memory_info: {'rss bytes': 115503104, 'rss human': '110.2M', 'percent': 0.04274251393644836}
num AC branches with possible violations in ACL contingencies: 0
num AC branches with possible violations in DCL contingencies: 0
num AC branches with possible violations in XFR contingencies: 0
t: 13, time: 0.0013988018035888672, memory_info: {'rss bytes': 115503104, 'rss human': '110.2M', 'percent': 0.04274251393644836}
num AC branches with possible violations in ACL contingencies: 0
num AC branches with possible violations in DCL contingencies: 0
num AC branches with possible violations in XFR contingencies: 0
t: 14, time: 0.0013835430145263672, memory_info: {'rss bytes': 115503104, 'rss human': '110.2M', 'percent': 0.04274251393644836}
num AC branches with possible violations in ACL contingencies: 0
num AC branches with possible violations in DCL contingencies: 0
num AC branches with possible violations in XFR contingencies: 0
t: 15, time: 0.0013997554779052734, memory_info: {'rss bytes': 115503104, 'rss human': '110.2M', 'percent': 0.04274251393644836}
num AC branches with possible violations in ACL contingencies: 0
num AC branches with possible violations in DCL contingencies: 0
num AC branches with possible violations in XFR contingencies: 0
t: 16, time: 0.0013964176177978516, memory_info: {'rss bytes': 115503104, 'rss human': '110.2M', 'percent': 0.04274251393644836}
num AC branches with possible violations in ACL contingencies: 0
num AC branches with possible violations in DCL contingencies: 0
num AC branches with possible violations in XFR contingencies: 0
t: 17, time: 0.001401662826538086, memory_info: {'rss bytes': 115503104, 'rss human': '110.2M', 'percent': 0.04274251393644836}
initialize_m_w_time: 0.00037479400634765625
compute_static_w_time: 3.695487976074219e-05
get_time_varying_branch_characteristics_time: 0.0003497600555419922
construct_a_t_time: 0.006148338317871094
factor_a_t_time: 0.004090547561645508
compute_w_with_t_a_solve_time: 0.000522613525390625
compute_v_t_time: 2.86102294921875e-06
compute_w_with_t_smw_time: 2.6226043701171875e-06
compute_v_time: 0.0006020069122314453
compute_bus_theta_with_t_a_solve_time: 0.00028061866760253906
compute_bus_theta_with_t_smw_time: 1.1920928955078125e-06
compute_br_p_time: 0.0015881061553955078
apply_w_v_wt_time: 0.000255584716796875
compute_bus_dtheta_rhs_dcl_k_time: 0.0016901493072509766
compute_w_v_wt_xfr_k_time: 0.0019249916076660156
compute_bus_dtheta_rhs_xfr_k_time: 1.6689300537109375e-06
compute_br_acl_delta_k_p_delta_time: 0.0012929439544677734
compute_br_dcl_delta_k_p_delta_time: 0.0010638236999511719
compute_br_xfr_delta_k_p_delta_time: 0.001028299331665039
filter_branches_acl_k_time: 0.0009438991546630859
filter_branches_dcl_k_time: 0.0004143714904785156
filter_branches_xfr_k_time: 0.0003864765167236328
compute_br_acl_delta_k_p_time: 0.00010395050048828125
compute_br_dcl_delta_k_p_time: 5.984306335449219e-05
compute_br_xfr_delta_k_p_time: 5.507469177246094e-05
compute_br_acl_delta_k_s_over_time: 0.0005717277526855469
compute_br_dcl_delta_k_s_over_time: 0.00027370452880859375
compute_br_xfr_delta_k_s_over_time: 0.0002627372741699219
zero_out_time: 6.961822509765625e-05
get_max_br_acl_delta_k_s_over_time: 0.0005688667297363281
get_max_br_dcl_delta_k_s_over_time: 2.384185791015625e-06
get_max_br_xfr_delta_k_s_over_time: 1.6689300537109375e-06
compute_br_k_z_time: 0.0004551410675048828
collect_penalties_into_obj_array_time: 0.0001926422119140625
end of contingency model method 1, memory info: {'rss bytes': 115503104, 'rss human': '110.2M', 'percent': 0.04274251393644836}
function: eval_post_contingency_model, time: 0.035535573959350586
function: eval_post_contingency_model, time: 0.035543203353881836
function: run, time: 0.0985252857208252
after solution_evaluator.run(), memory info: {'rss bytes': 115503104, 'rss human': '110.2M', 'percent': 0.04274251393644836}
evaluation summary:
{'feas': 1,
 'infeas': 0,
 'info_i_i_k_t_disconnected_ctg': {'idx': {0: None, 1: None, 2: None, 3: None},
                                   'val': 0},
 'info_i_i_t_disconnected_base': {'idx': {0: None, 1: None, 2: None}, 'val': 0},
 'sum_acl_t_u_sd': 0,
 'sum_acl_t_u_su': 0,
 'sum_acl_t_z_s': 0.0,
 'sum_acl_t_z_sd': 0.0,
 'sum_acl_t_z_su': 0.0,
 'sum_bus_t_z_p': 819903637.2168283,
 'sum_bus_t_z_q': 157672523.46725008,
 'sum_cs_t_z_p': -0.0,
 'sum_pr_t_z_p': 0.0,
 'sum_prz_t_z_nsc': 0.0,
 'sum_prz_t_z_rgd': 0.0,
 'sum_prz_t_z_rgu': 0.0,
 'sum_prz_t_z_rrd': 0.0,
 'sum_prz_t_z_rru': 0.0,
 'sum_prz_t_z_scr': 0.0,
 'sum_qrz_t_z_qrd': 0.0,
 'sum_qrz_t_z_qru': 0.0,
 'sum_sd_t_sd': 0,
 'sum_sd_t_su': 0,
 'sum_sd_t_z_nsc': 0.0,
 'sum_sd_t_z_on': 0.0,
 'sum_sd_t_z_qrd': 0.0,
 'sum_sd_t_z_qru': 0.0,
 'sum_sd_t_z_rgd': 0.0,
 'sum_sd_t_z_rgu': 0.0,
 'sum_sd_t_z_rrd_off': 0.0,
 'sum_sd_t_z_rrd_on': 0.0,
 'sum_sd_t_z_rru_off': 0.0,
 'sum_sd_t_z_rru_on': 0.0,
 'sum_sd_t_z_scr': 0.0,
 'sum_sd_t_z_sd': 0.0,
 'sum_sd_t_z_su': 0.0,
 'sum_sd_t_z_sus': 0.0,
 'sum_xfr_t_u_sd': 0,
 'sum_xfr_t_u_su': 0,
 'sum_xfr_t_z_s': 0.0,
 'sum_xfr_t_z_sd': 0.0,
 'sum_xfr_t_z_su': 0.0,
 'viol_acl_acl_t_s_max_ctg': {'idx': {0: None, 1: None, 2: None}, 'val': 0.0},
 'viol_acl_dcl_t_s_max_ctg': {'idx': {0: None, 1: None, 2: None}, 'val': 0.0},
 'viol_acl_t_s_max': {'idx': {0: 'acl_000', 1: 0}, 'val': 0.0},
 'viol_acl_t_u_sd_max': {'idx': {0: 'acl_000', 1: 0}, 'val': 0},
 'viol_acl_t_u_su_max': {'idx': {0: 'acl_000', 1: 0}, 'val': 0},
 'viol_acl_xfr_t_s_max_ctg': {'idx': {0: None, 1: None, 2: None}, 'val': 0.0},
 'viol_bus_t_p_balance_max': {'idx': {0: 'bus_55', 1: 0},
                              'val': 6.600014981956657},
 'viol_bus_t_p_balance_min': {'idx': {0: 'bus_41', 1: 0},
                              'val': -1.950002106625102},
 'viol_bus_t_q_balance_max': {'idx': {0: 'bus_46', 1: 0},
                              'val': 0.7887343802024922},
 'viol_bus_t_q_balance_min': {'idx': {0: 'bus_23', 1: 0},
                              'val': -0.4077849101643155},
 'viol_bus_t_v_max': {'idx': {0: 'bus_00', 1: 0}, 'val': 0.0},
 'viol_bus_t_v_min': {'idx': {0: 'bus_00', 1: 0}, 'val': 0.0},
 'viol_cs_t_p_off_max': {'idx': {0: 'sd_000', 1: 0}, 'val': 0.0},
 'viol_cs_t_p_off_min': {'idx': {0: 'sd_000', 1: 0}, 'val': 0.0},
 'viol_cs_t_p_on_max': {'idx': {0: 'sd_000', 1: 0}, 'val': 0.0},
 'viol_cs_t_p_on_min': {'idx': {0: 'sd_000', 1: 0}, 'val': 0.0},
 'viol_cs_t_q_max': {'idx': {0: 'sd_000', 1: 0}, 'val': 0.0},
 'viol_cs_t_q_min': {'idx': {0: 'sd_000', 1: 0}, 'val': 0.0},
 'viol_cs_t_q_p_max': {'idx': {0: None, 1: None}, 'val': None},
 'viol_cs_t_q_p_min': {'idx': {0: None, 1: None}, 'val': None},
 'viol_dcl_t_p_max': {'idx': {0: 'dcl_0', 1: 0}, 'val': 0.0},
 'viol_dcl_t_p_min': {'idx': {0: 'dcl_0', 1: 0}, 'val': 0.0},
 'viol_dcl_t_q_fr_max': {'idx': {0: 'dcl_0', 1: 0}, 'val': 0.0},
 'viol_dcl_t_q_fr_min': {'idx': {0: 'dcl_0', 1: 0}, 'val': 0.0},
 'viol_dcl_t_q_to_max': {'idx': {0: 'dcl_0', 1: 0}, 'val': 0.0},
 'viol_dcl_t_q_to_min': {'idx': {0: 'dcl_0', 1: 0}, 'val': 0.0},
 'viol_pr_t_p_off_max': {'idx': {0: 'sd_051', 1: 0}, 'val': 0.0},
 'viol_pr_t_p_off_min': {'idx': {0: 'sd_051', 1: 0}, 'val': 0.0},
 'viol_pr_t_p_on_max': {'idx': {0: 'sd_051', 1: 0}, 'val': 0.0},
 'viol_pr_t_p_on_min': {'idx': {0: 'sd_051', 1: 0}, 'val': 0.0},
 'viol_pr_t_q_max': {'idx': {0: 'sd_051', 1: 0}, 'val': 0.0},
 'viol_pr_t_q_min': {'idx': {0: 'sd_051', 1: 0}, 'val': 0.0},
 'viol_pr_t_q_p_max': {'idx': {0: None, 1: None}, 'val': None},
 'viol_pr_t_q_p_min': {'idx': {0: None, 1: None}, 'val': None},
 'viol_prz_t_p_nsc_balance': {'idx': {0: 'prz_0', 1: 0}, 'val': 0.0},
 'viol_prz_t_p_rgd_balance': {'idx': {0: 'prz_0', 1: 0}, 'val': 0.0},
 'viol_prz_t_p_rgu_balance': {'idx': {0: 'prz_0', 1: 0}, 'val': 0.0},
 'viol_prz_t_p_rrd_balance': {'idx': {0: 'prz_0', 1: 0}, 'val': 0.0},
 'viol_prz_t_p_rru_balance': {'idx': {0: 'prz_0', 1: 0}, 'val': 0.0},
 'viol_prz_t_p_scr_balance': {'idx': {0: 'prz_0', 1: 0}, 'val': 0.0},
 'viol_qrz_t_q_qrd_balance': {'idx': {0: 'qrz_0', 1: 0}, 'val': 0.0},
 'viol_qrz_t_q_qru_balance': {'idx': {0: 'qrz_0', 1: 0}, 'val': 0.0},
 'viol_sd_max_energy_constr': {'idx': {0: 'sd_000', 1: 0}, 'val': 0.0},
 'viol_sd_max_startup_constr': {'idx': {0: 'sd_000', 1: 0}, 'val': 0},
 'viol_sd_min_energy_constr': {'idx': {0: 'sd_000', 1: 0}, 'val': 0.0},
 'viol_sd_t_d_dn_min': {'idx': {0: 'sd_000', 1: 0}, 'val': 0},
 'viol_sd_t_d_up_min': {'idx': {0: 'sd_000', 1: 0}, 'val': 0},
 'viol_sd_t_p_nsc_max': {'idx': {0: 'sd_000', 1: 0}, 'val': 0.0},
 'viol_sd_t_p_nsc_nonneg': {'idx': {0: 'sd_000', 1: 0}, 'val': -0.0},
 'viol_sd_t_p_ramp_dn_max': {'idx': {0: 'sd_000', 1: 0}, 'val': 0.0},
 'viol_sd_t_p_ramp_up_max': {'idx': {0: 'sd_000', 1: 0}, 'val': 0.0},
 'viol_sd_t_p_rgd_max': {'idx': {0: 'sd_000', 1: 0}, 'val': 0.0},
 'viol_sd_t_p_rgd_nonneg': {'idx': {0: 'sd_000', 1: 0}, 'val': -0.0},
 'viol_sd_t_p_rgu_max': {'idx': {0: 'sd_000', 1: 0}, 'val': 0.0},
 'viol_sd_t_p_rgu_nonneg': {'idx': {0: 'sd_000', 1: 0}, 'val': -0.0},
 'viol_sd_t_p_rrd_off_max': {'idx': {0: 'sd_000', 1: 0}, 'val': 0.0},
 'viol_sd_t_p_rrd_off_nonneg': {'idx': {0: 'sd_000', 1: 0}, 'val': -0.0},
 'viol_sd_t_p_rrd_on_max': {'idx': {0: 'sd_000', 1: 0}, 'val': 0.0},
 'viol_sd_t_p_rrd_on_nonneg': {'idx': {0: 'sd_000', 1: 0}, 'val': -0.0},
 'viol_sd_t_p_rru_off_max': {'idx': {0: 'sd_000', 1: 0}, 'val': 0.0},
 'viol_sd_t_p_rru_off_nonneg': {'idx': {0: 'sd_000', 1: 0}, 'val': -0.0},
 'viol_sd_t_p_rru_on_max': {'idx': {0: 'sd_000', 1: 0}, 'val': 0.0},
 'viol_sd_t_p_rru_on_nonneg': {'idx': {0: 'sd_000', 1: 0}, 'val': -0.0},
 'viol_sd_t_p_scr_max': {'idx': {0: 'sd_000', 1: 0}, 'val': 0.0},
 'viol_sd_t_p_scr_nonneg': {'idx': {0: 'sd_000', 1: 0}, 'val': -0.0},
 'viol_sd_t_q_qrd_nonneg': {'idx': {0: 'sd_000', 1: 0}, 'val': -0.0},
 'viol_sd_t_q_qru_nonneg': {'idx': {0: 'sd_000', 1: 0}, 'val': -0.0},
 'viol_sd_t_u_on_max': {'idx': {0: 'sd_000', 1: 0}, 'val': 0},
 'viol_sd_t_u_on_min': {'idx': {0: 'sd_000', 1: 0}, 'val': 0},
 'viol_sh_t_u_st_max': {'idx': {0: 'sh_00', 1: 0}, 'val': 0},
 'viol_sh_t_u_st_min': {'idx': {0: 'sh_00', 1: 0}, 'val': 0},
 'viol_t_connected_base': {'idx': {0: 0}, 'val': 0},
 'viol_t_connected_ctg': {'idx': {0: 0}, 'val': 0},
 'viol_xfr_acl_t_s_max_ctg': {'idx': {0: None, 1: None, 2: None}, 'val': 0.0},
 'viol_xfr_dcl_t_s_max_ctg': {'idx': {0: None, 1: None, 2: None}, 'val': 0.0},
 'viol_xfr_t_phi_max': {'idx': {0: 'xfr_00', 1: 0}, 'val': 0.0},
 'viol_xfr_t_phi_min': {'idx': {0: 'xfr_00', 1: 0}, 'val': 0.0},
 'viol_xfr_t_s_max': {'idx': {0: 'xfr_00', 1: 0}, 'val': 0.0},
 'viol_xfr_t_tau_max': {'idx': {0: 'xfr_00', 1: 0}, 'val': 0.0},
 'viol_xfr_t_tau_min': {'idx': {0: 'xfr_00', 1: 0}, 'val': 0.0},
 'viol_xfr_t_u_sd_max': {'idx': {0: 'xfr_00', 1: 0}, 'val': 0},
 'viol_xfr_t_u_su_max': {'idx': {0: 'xfr_00', 1: 0}, 'val': 0},
 'viol_xfr_xfr_t_s_max_ctg': {'idx': {0: None, 1: None, 2: None}, 'val': 0.0},
 'z': -977576160.6840785,
 'z_base': -977576160.6840785,
 'z_cost': 0.0,
 'z_k_average_case': 0.0,
 'z_k_worst_case': 0.0,
 'z_max_energy': 0.0,
 'z_min_energy': 0.0,
 'z_penalty': 977576160.6840785,
 'z_value': -0.0}
infeasibility summary:
{}
feas: 1
obj: -977576160.6840785
evaluate solution time: 0.10603117942810059
end of check_data(), memory info: {'rss bytes': 116199424, 'rss human': '110.8M', 'percent': 0.04300019071112818}
