/rcfs/dtn/arpacomp/.conda/envs/goc_eval/lib/python3.10/site-packages/scipy/sparse/linalg/_dsolve/linsolve.py:347: SparseEfficiencyWarning: splu converted its input to CSC format
  warn('splu converted its input to CSC format', SparseEfficiencyWarning)
args:
Namespace(problem_opt=None, problem='/qfs/projects/goc/share/data/C3/E1/D1/C3E1N00003D1/scenario_130.json', solution='/qfs/projects/goc/share/data/C3/E1/D1/C3E1N00003D1/scenario_130.json.pop_solution.json', configuration=None, parameters='{}', summary_csv='summary.csv', summary_json='summary.json', data_errors='data_errors.txt', ignored_errors='ignored_errors.txt', solution_errors='solution_errors.txt', pop_solution=None, scrubbed_problem=None)
problem data file: /qfs/projects/goc/share/data/C3/E1/D1/C3E1N00003D1/scenario_130.json

pop solution data file: None

solution data file: /qfs/projects/goc/share/data/C3/E1/D1/C3E1N00003D1/scenario_130.json.pop_solution.json

git info: {'C3DataUtilities': {'branch': None, 'commit': '417faef61bd7caf40b3ea0dc36c5e033ca7ea3d5', 'date': 'Fri Dec 30 07:03:34 2022 -0800', 'query_return_code': 0, 'query_err': '', 'query_path': '/qfs/projects/goc/share/loadbalancing/src/nonmpi-template/Challenge3/C3DataUtilities/datautilities', 'query_out': 'commit 417faef61bd7caf40b3ea0dc36c5e033ca7ea3d5\nAuthor: Jesse T Holzer <jesse.holzer@pnnl.gov>\nDate:   Fri Dec 30 07:03:34 2022 -0800\n\n    add z_value, z_cost, z_penalty components of z_base\n'}, 'Bid-DS-data-model': {'branch': None, 'commit': None, 'date': None, 'query_return_code': 128, 'query_err': 'fatal: Not a git repository (or any parent up to mount point /rcfs)\nStopping at filesystem boundary (GIT_DISCOVERY_ACROSS_FILESYSTEM not set).\n', 'query_path': '/rcfs/dtn/arpacomp/.conda/envs/goc_eval/lib/python3.10/site-packages/datamodel', 'query_out': ''}}

after reading problem without validation, memory info: {'rss bytes': 102334464, 'rss human': '97.6M', 'percent': 0.03786939140353296}
read problem data file without validation time: 0.001506805419921875
after reading problem with validation, memory info: {'rss bytes': 102871040, 'rss human': '98.1M', 'percent': 0.03806795409460976}
load time: 0.0053098201751708984
{'general': {'base_norm_mva': 100.0,
             'day_type': None,
             'electricity_demand': None,
             'net_load': None,
             'season': None,
             'solar_availability': None,
             'timestamp_start': None,
             'timestamp_stop': None,
             'vre_availability': None,
             'weather_temperature': None,
             'wind_availability': None},
 'interval durations': [0.25,
                        0.25,
                        0.25,
                        0.25,
                        0.25,
                        0.25,
                        0.25,
                        0.25,
                        0.5,
                        0.5,
                        0.5,
                        0.5,
                        0.5,
                        0.5,
                        0.5,
                        0.5,
                        1.0,
                        1.0],
 'num ac lines': 2,
 'num buses': 3,
 'num consuming devices': 1,
 'num contingencies': 2,
 'num dc lines': 0,
 'num intervals': 18,
 'num producing devices': 2,
 'num reactive power reserve zones': 1,
 'num real power reserve zones': 1,
 'num shunts': 2,
 'num simple dispatchable devices': 3,
 'num transformers': 2,
 'total duration': 8.0,
 'violation costs': {'e_vio_cost': 100000.0,
                     'p_bus_vio_cost': 100000.0,
                     'q_bus_vio_cost': 100000.0,
                     's_vio_cost': 100000.0}}
after read solution without validation, memory info: {'rss bytes': 102871040, 'rss human': '98.1M', 'percent': 0.03806795409460976}
read solution data file without validation time: 0.0009453296661376953
after read solution with validation, memory info: {'rss bytes': 103141376, 'rss human': '98.4M', 'percent': 0.03816799331301486}
solution load time: 0.00252532958984375
after solution_model_checks(), memory info: {'rss bytes': 103141376, 'rss human': '98.4M', 'percent': 0.03816799331301486}
solution model_checks time: 0.0002200603485107422
{}
after problem_data_array.set_from_data_model(), memory info: {'rss bytes': 103403520, 'rss human': '98.6M', 'percent': 0.03826500103995315}
convert problem data to numpy arrays time: 0.0014190673828125
after solution_data_array.set_from_data_model(), memory info: {'rss bytes': 103403520, 'rss human': '98.6M', 'percent': 0.03826500103995315}
convert solution data to numpy arrays time: 0.0002472400665283203
function: set_summary, time: 0.00018215179443359375
function: set_problem, time: 4.76837158203125e-07
function: set_solution, time: 4.0531158447265625e-06
function: set_solution_zero, time: 2.0503997802734375e-05
function: set_work_zero, time: 3.314018249511719e-05
function: set_matrices, time: 0.0024971961975097656
function: __init__, time: 0.0027573108673095703
function: eval_sd_t_d_up_dn, time: 0.00030231475830078125
function: eval_sd_max_startup, time: 8.58306884765625e-05
function: eval_sd_t_z_sus, time: 6.079673767089844e-05
function: eval_acl_t_p_q_fr_to, time: 8.487701416015625e-05
function: eval_xfr_t_p_q_fr_to, time: 8.177757263183594e-05
function: eval_sd_t_su_sd_trajectories, time: 1.71661376953125e-05
function: eval_sd_max_energy, time: 4.410743713378906e-05
function: eval_sd_min_energy, time: 3.409385681152344e-05
function: eval_sd_t_z_p, time: 0.0001468658447265625
function: eval_bus_t_p, time: 0.00043892860412597656
function: eval_bus_t_q, time: 0.00011324882507324219
sd_t_p_rgu sum: 0.0
prz_sigma_rgu max: 0.07
prz_t_p_rgu_req max: 0.02333973610555587
sd_t_p_rgd sum: 0.0
prz_sigma_rgd max: 0.07
prz_t_p_rgd_req max: 0.02333973610555587
sd_t_p_scr sum: 0.0
prz_sigma_scr max: 0.05
prz_t_p_scr_req max: 0.012250000000996714
sd_t_p_nsc sum: 0.0
prz_sigma_nsc max: 0.05
prz_t_p_nsc_req max: 0.012250000000996714
sd_t_p_rru sum: 0.0
prz_t_p_rru_min max: 0.01
sd_t_p_rrd sum: 0.0
prz_t_p_rrd_min max: 0.01
sd_t_p_qru sum: 0.0
qrz_t_q_qru_min max: 0.01
sd_t_p_qrd sum: 0.0
qrz_t_q_qrd_min max: 0.01
function: get_connected_components, time: 0.00020813941955566406
function: get_bridges, time: 0.0003197193145751953
function: get_connected_components, time: 2.6941299438476562e-05
function: get_bridges, time: 9.083747863769531e-05
function: get_connected_components, time: 2.384185791015625e-05
function: get_bridges, time: 7.653236389160156e-05
function: get_connected_components, time: 2.2649765014648438e-05
function: get_bridges, time: 7.82012939453125e-05
function: get_connected_components, time: 2.2411346435546875e-05
function: get_bridges, time: 7.605552673339844e-05
function: get_connected_components, time: 2.193450927734375e-05
function: get_bridges, time: 7.581710815429688e-05
function: get_connected_components, time: 2.6941299438476562e-05
function: get_bridges, time: 9.179115295410156e-05
function: get_connected_components, time: 2.7179718017578125e-05
function: get_bridges, time: 8.654594421386719e-05
function: get_connected_components, time: 2.1696090698242188e-05
function: get_bridges, time: 7.271766662597656e-05
function: get_connected_components, time: 2.1457672119140625e-05
function: get_bridges, time: 8.106231689453125e-05
function: get_connected_components, time: 2.1696090698242188e-05
function: get_bridges, time: 7.462501525878906e-05
function: get_connected_components, time: 2.193450927734375e-05
function: get_bridges, time: 7.581710815429688e-05
function: get_connected_components, time: 2.1696090698242188e-05
function: get_bridges, time: 7.43865966796875e-05
function: get_connected_components, time: 2.1457672119140625e-05
function: get_bridges, time: 7.343292236328125e-05
function: get_connected_components, time: 2.1696090698242188e-05
function: get_bridges, time: 0.000156402587890625
function: get_connected_components, time: 2.765655517578125e-05
function: get_bridges, time: 7.462501525878906e-05
function: get_connected_components, time: 2.1219253540039062e-05
function: get_bridges, time: 7.200241088867188e-05
function: get_connected_components, time: 2.574920654296875e-05
function: get_bridges, time: 7.2479248046875e-05
end of eval_connectedness(), memory info: {'rss bytes': 103915520, 'rss human': '99.1M', 'percent': 0.03845446925662949}
function: eval_connectedness, time: 0.002860546112060547
problem dimensions. bus: 3, acl: 2, xfr: 2, dcl: 0, k: 2, t: 18
construct static bus admittance matrix. time: 0.0009417533874511719
factor static bus admittance matrix. time: 0.003117799758911133
t_acl_delta_t: [array([], dtype=int64), array([], dtype=int64), array([], dtype=int64), array([], dtype=int64), array([], dtype=int64), array([], dtype=int64), array([], dtype=int64), array([], dtype=int64), array([], dtype=int64), array([], dtype=int64), array([], dtype=int64), array([], dtype=int64), array([], dtype=int64), array([], dtype=int64), array([], dtype=int64), array([], dtype=int64), array([], dtype=int64), array([], dtype=int64)], t_xfr_delta_t: [array([], dtype=int64), array([], dtype=int64), array([], dtype=int64), array([], dtype=int64), array([], dtype=int64), array([], dtype=int64), array([], dtype=int64), array([], dtype=int64), array([], dtype=int64), array([], dtype=int64), array([], dtype=int64), array([], dtype=int64), array([], dtype=int64), array([], dtype=int64), array([], dtype=int64), array([], dtype=int64), array([], dtype=int64), array([], dtype=int64)], t_br_delta_t: [array([], dtype=int64), array([], dtype=int64), array([], dtype=int64), array([], dtype=int64), array([], dtype=int64), array([], dtype=int64), array([], dtype=int64), array([], dtype=int64), array([], dtype=int64), array([], dtype=int64), array([], dtype=int64), array([], dtype=int64), array([], dtype=int64), array([], dtype=int64), array([], dtype=int64), array([], dtype=int64), array([], dtype=int64), array([], dtype=int64)], acl_delta_t: [], xfr_delta_t: [], br_delta_t: []
contingency delta branches. acl: 1, xfr: 1, dcl: 0
construct bus,t-indexed right hand side. time: 0.000102996826171875
solve for base case bus,t-indexed theta. time: 0.023514986038208008
num AC branches with possible violations in ACL contingencies: 0
num AC branches with possible violations in DCL contingencies: 0
num AC branches with possible violations in XFR contingencies: 0
t: 0, time: 0.0022430419921875, memory_info: {'rss bytes': 108154880, 'rss human': '103.1M', 'percent': 0.04002326609070956}
num AC branches with possible violations in ACL contingencies: 0
num AC branches with possible violations in DCL contingencies: 0
num AC branches with possible violations in XFR contingencies: 0
t: 1, time: 0.0011870861053466797, memory_info: {'rss bytes': 108154880, 'rss human': '103.1M', 'percent': 0.04002326609070956}
num AC branches with possible violations in ACL contingencies: 0
num AC branches with possible violations in DCL contingencies: 0
num AC branches with possible violations in XFR contingencies: 0
t: 2, time: 0.0011603832244873047, memory_info: {'rss bytes': 108154880, 'rss human': '103.1M', 'percent': 0.04002326609070956}
num AC branches with possible violations in ACL contingencies: 0
num AC branches with possible violations in DCL contingencies: 0
num AC branches with possible violations in XFR contingencies: 0
t: 3, time: 0.0011038780212402344, memory_info: {'rss bytes': 108154880, 'rss human': '103.1M', 'percent': 0.04002326609070956}
num AC branches with possible violations in ACL contingencies: 0
num AC branches with possible violations in DCL contingencies: 0
num AC branches with possible violations in XFR contingencies: 0
t: 4, time: 0.00110626220703125, memory_info: {'rss bytes': 108154880, 'rss human': '103.1M', 'percent': 0.04002326609070956}
num AC branches with possible violations in ACL contingencies: 0
num AC branches with possible violations in DCL contingencies: 0
num AC branches with possible violations in XFR contingencies: 0
t: 5, time: 0.0010905265808105469, memory_info: {'rss bytes': 108154880, 'rss human': '103.1M', 'percent': 0.04002326609070956}
num AC branches with possible violations in ACL contingencies: 0
num AC branches with possible violations in DCL contingencies: 0
num AC branches with possible violations in XFR contingencies: 0
t: 6, time: 0.0010941028594970703, memory_info: {'rss bytes': 108154880, 'rss human': '103.1M', 'percent': 0.04002326609070956}
num AC branches with possible violations in ACL contingencies: 0
num AC branches with possible violations in DCL contingencies: 0
num AC branches with possible violations in XFR contingencies: 0
t: 7, time: 0.00109100341796875, memory_info: {'rss bytes': 108154880, 'rss human': '103.1M', 'percent': 0.04002326609070956}
num AC branches with possible violations in ACL contingencies: 0
num AC branches with possible violations in DCL contingencies: 0
num AC branches with possible violations in XFR contingencies: 0
t: 8, time: 0.0010933876037597656, memory_info: {'rss bytes': 108154880, 'rss human': '103.1M', 'percent': 0.04002326609070956}
num AC branches with possible violations in ACL contingencies: 0
num AC branches with possible violations in DCL contingencies: 0
num AC branches with possible violations in XFR contingencies: 0
t: 9, time: 0.001074075698852539, memory_info: {'rss bytes': 108154880, 'rss human': '103.1M', 'percent': 0.04002326609070956}
num AC branches with possible violations in ACL contingencies: 0
num AC branches with possible violations in DCL contingencies: 0
num AC branches with possible violations in XFR contingencies: 0
t: 10, time: 0.0010783672332763672, memory_info: {'rss bytes': 108154880, 'rss human': '103.1M', 'percent': 0.04002326609070956}
num AC branches with possible violations in ACL contingencies: 0
num AC branches with possible violations in DCL contingencies: 0
num AC branches with possible violations in XFR contingencies: 0
t: 11, time: 0.0010776519775390625, memory_info: {'rss bytes': 108154880, 'rss human': '103.1M', 'percent': 0.04002326609070956}
num AC branches with possible violations in ACL contingencies: 0
num AC branches with possible violations in DCL contingencies: 0
num AC branches with possible violations in XFR contingencies: 0
t: 12, time: 0.0010669231414794922, memory_info: {'rss bytes': 108154880, 'rss human': '103.1M', 'percent': 0.04002326609070956}
num AC branches with possible violations in ACL contingencies: 0
num AC branches with possible violations in DCL contingencies: 0
num AC branches with possible violations in XFR contingencies: 0
t: 13, time: 0.0010707378387451172, memory_info: {'rss bytes': 108154880, 'rss human': '103.1M', 'percent': 0.04002326609070956}
num AC branches with possible violations in ACL contingencies: 0
num AC branches with possible violations in DCL contingencies: 0
num AC branches with possible violations in XFR contingencies: 0
t: 14, time: 0.001069784164428711, memory_info: {'rss bytes': 108154880, 'rss human': '103.1M', 'percent': 0.04002326609070956}
num AC branches with possible violations in ACL contingencies: 0
num AC branches with possible violations in DCL contingencies: 0
num AC branches with possible violations in XFR contingencies: 0
t: 15, time: 0.001066446304321289, memory_info: {'rss bytes': 108154880, 'rss human': '103.1M', 'percent': 0.04002326609070956}
num AC branches with possible violations in ACL contingencies: 0
num AC branches with possible violations in DCL contingencies: 0
num AC branches with possible violations in XFR contingencies: 0
t: 16, time: 0.0010693073272705078, memory_info: {'rss bytes': 108154880, 'rss human': '103.1M', 'percent': 0.04002326609070956}
num AC branches with possible violations in ACL contingencies: 0
num AC branches with possible violations in DCL contingencies: 0
num AC branches with possible violations in XFR contingencies: 0
t: 17, time: 0.0010638236999511719, memory_info: {'rss bytes': 108154880, 'rss human': '103.1M', 'percent': 0.04002326609070956}
initialize_m_w_time: 0.0004391670227050781
compute_static_w_time: 3.814697265625e-05
get_time_varying_branch_characteristics_time: 0.00032830238342285156
construct_a_t_time: 0.005266904830932617
factor_a_t_time: 0.0020945072174072266
compute_w_with_t_a_solve_time: 0.00024175643920898438
compute_v_t_time: 2.384185791015625e-06
compute_w_with_t_smw_time: 2.384185791015625e-06
compute_v_time: 0.0005621910095214844
compute_bus_theta_with_t_a_solve_time: 0.00010514259338378906
compute_bus_theta_with_t_smw_time: 1.9073486328125e-06
compute_br_p_time: 0.0013933181762695312
apply_w_v_wt_time: 0.0006542205810546875
compute_bus_dtheta_rhs_dcl_k_time: 0.0014498233795166016
compute_w_v_wt_xfr_k_time: 0.0019872188568115234
compute_bus_dtheta_rhs_xfr_k_time: 2.1457672119140625e-06
compute_br_acl_delta_k_p_delta_time: 0.0010001659393310547
compute_br_dcl_delta_k_p_delta_time: 0.0008935928344726562
compute_br_xfr_delta_k_p_delta_time: 0.0008690357208251953
filter_branches_acl_k_time: 0.0006105899810791016
filter_branches_dcl_k_time: 0.0002465248107910156
filter_branches_xfr_k_time: 0.00044274330139160156
compute_br_acl_delta_k_p_time: 5.507469177246094e-05
compute_br_dcl_delta_k_p_time: 5.888938903808594e-05
compute_br_xfr_delta_k_p_time: 3.981590270996094e-05
compute_br_acl_delta_k_s_over_time: 0.0002453327178955078
compute_br_dcl_delta_k_s_over_time: 0.0002455711364746094
compute_br_xfr_delta_k_s_over_time: 0.00021982192993164062
zero_out_time: 6.818771362304688e-05
get_max_br_acl_delta_k_s_over_time: 0.0004942417144775391
get_max_br_dcl_delta_k_s_over_time: 3.337860107421875e-06
get_max_br_xfr_delta_k_s_over_time: 0.000293731689453125
compute_br_k_z_time: 0.0004343986511230469
collect_penalties_into_obj_array_time: 0.000194549560546875
end of contingency model method 1, memory info: {'rss bytes': 108154880, 'rss human': '103.1M', 'percent': 0.04002326609070956}
function: eval_post_contingency_model, time: 0.053314208984375
function: eval_post_contingency_model, time: 0.05332183837890625
function: run, time: 0.06069469451904297
after solution_evaluator.run(), memory info: {'rss bytes': 108154880, 'rss human': '103.1M', 'percent': 0.04002326609070956}
evaluation summary:
{'feas': 1,
 'infeas': 0,
 'info_i_i_k_t_disconnected_ctg': {'idx': {0: None, 1: None, 2: None, 3: None},
                                   'val': 0},
 'info_i_i_t_disconnected_base': {'idx': {0: None, 1: None, 2: None}, 'val': 0},
 'sum_acl_t_u_sd': 0,
 'sum_acl_t_u_su': 0,
 'sum_acl_t_z_s': 0.0,
 'sum_acl_t_z_sd': 0.0,
 'sum_acl_t_z_su': 0.0,
 'sum_bus_t_z_p': 468260.62774320034,
 'sum_bus_t_z_q': 521958.3305180894,
 'sum_cs_t_z_p': 158907.52068225126,
 'sum_pr_t_z_p': 19.60000000074754,
 'sum_prz_t_z_nsc': 38.27156443980921,
 'sum_prz_t_z_rgd': 18.671564439061683,
 'sum_prz_t_z_rgu': 18.671564439061683,
 'sum_prz_t_z_rrd': 8.0,
 'sum_prz_t_z_rru': 8.0,
 'sum_prz_t_z_scr': 28.47156443943545,
 'sum_qrz_t_z_qrd': 8.0,
 'sum_qrz_t_z_qru': 8.0,
 'sum_sd_t_sd': 0,
 'sum_sd_t_su': 0,
 'sum_sd_t_z_nsc': 0.0,
 'sum_sd_t_z_on': 0.0,
 'sum_sd_t_z_qrd': 0.0,
 'sum_sd_t_z_qru': 0.0,
 'sum_sd_t_z_rgd': 0.0,
 'sum_sd_t_z_rgu': 0.0,
 'sum_sd_t_z_rrd_off': 0.0,
 'sum_sd_t_z_rrd_on': 0.0,
 'sum_sd_t_z_rru_off': 0.0,
 'sum_sd_t_z_rru_on': 0.0,
 'sum_sd_t_z_scr': 0.0,
 'sum_sd_t_z_sd': 0.0,
 'sum_sd_t_z_su': 0.0,
 'sum_sd_t_z_sus': 0.0,
 'sum_xfr_t_u_sd': 0,
 'sum_xfr_t_u_su': 0,
 'sum_xfr_t_z_s': 0.0,
 'sum_xfr_t_z_sd': 0.0,
 'sum_xfr_t_z_su': 0.0,
 'viol_acl_acl_t_s_max_ctg': {'idx': {0: None, 1: None, 2: None}, 'val': 0.0},
 'viol_acl_dcl_t_s_max_ctg': {'idx': {0: None, 1: None, 2: None}, 'val': 0.0},
 'viol_acl_t_s_max': {'idx': {0: 'acl_0', 1: 0}, 'val': 0.0},
 'viol_acl_t_u_sd_max': {'idx': {0: 'acl_0', 1: 0}, 'val': 0},
 'viol_acl_t_u_su_max': {'idx': {0: 'acl_0', 1: 0}, 'val': 0},
 'viol_acl_xfr_t_s_max_ctg': {'idx': {0: None, 1: None, 2: None}, 'val': 0.0},
 'viol_bus_t_p_balance_max': {'idx': {0: 'bus_0', 1: 8},
                              'val': 0.33342480150794096},
 'viol_bus_t_p_balance_min': {'idx': {0: 'bus_1', 1: 1},
                              'val': -0.24570644809337605},
 'viol_bus_t_q_balance_max': {'idx': {0: 'bus_0', 1: 0},
                              'val': 0.12498500167146576},
 'viol_bus_t_q_balance_min': {'idx': {0: 'bus_2', 1: 0},
                              'val': -0.47029209239159186},
 'viol_bus_t_v_max': {'idx': {0: 'bus_0', 1: 0}, 'val': 0.0},
 'viol_bus_t_v_min': {'idx': {0: 'bus_0', 1: 0}, 'val': 0.0},
 'viol_cs_t_p_off_max': {'idx': {0: 'sd_2', 1: 0}, 'val': 0.0},
 'viol_cs_t_p_off_min': {'idx': {0: 'sd_2', 1: 0}, 'val': 0.0},
 'viol_cs_t_p_on_max': {'idx': {0: 'sd_2', 1: 0}, 'val': 0.0},
 'viol_cs_t_p_on_min': {'idx': {0: 'sd_2', 1: 0}, 'val': 0.0},
 'viol_cs_t_q_max': {'idx': {0: 'sd_2', 1: 0}, 'val': 0.0},
 'viol_cs_t_q_min': {'idx': {0: 'sd_2', 1: 0}, 'val': 0.0},
 'viol_cs_t_q_p_max': {'idx': {0: None, 1: None}, 'val': None},
 'viol_cs_t_q_p_min': {'idx': {0: None, 1: None}, 'val': None},
 'viol_dcl_t_p_max': {'idx': {0: None, 1: None}, 'val': None},
 'viol_dcl_t_p_min': {'idx': {0: None, 1: None}, 'val': None},
 'viol_dcl_t_q_fr_max': {'idx': {0: None, 1: None}, 'val': None},
 'viol_dcl_t_q_fr_min': {'idx': {0: None, 1: None}, 'val': None},
 'viol_dcl_t_q_to_max': {'idx': {0: None, 1: None}, 'val': None},
 'viol_dcl_t_q_to_min': {'idx': {0: None, 1: None}, 'val': None},
 'viol_pr_t_p_off_max': {'idx': {0: 'sd_0', 1: 0}, 'val': 0.0},
 'viol_pr_t_p_off_min': {'idx': {0: 'sd_0', 1: 0}, 'val': 0.0},
 'viol_pr_t_p_on_max': {'idx': {0: 'sd_0', 1: 0}, 'val': 0.0},
 'viol_pr_t_p_on_min': {'idx': {0: 'sd_0', 1: 0}, 'val': 0.0},
 'viol_pr_t_q_max': {'idx': {0: 'sd_0', 1: 0}, 'val': 0.0},
 'viol_pr_t_q_min': {'idx': {0: 'sd_0', 1: 0}, 'val': 0.0},
 'viol_pr_t_q_p_max': {'idx': {0: None, 1: None}, 'val': None},
 'viol_pr_t_q_p_min': {'idx': {0: None, 1: None}, 'val': None},
 'viol_prz_t_p_nsc_balance': {'idx': {0: 'prz_0', 1: 8},
                              'val': 0.04783973610655258},
 'viol_prz_t_p_rgd_balance': {'idx': {0: 'prz_0', 1: 8},
                              'val': 0.02333973610555587},
 'viol_prz_t_p_rgu_balance': {'idx': {0: 'prz_0', 1: 8},
                              'val': 0.02333973610555587},
 'viol_prz_t_p_rrd_balance': {'idx': {0: 'prz_0', 1: 0}, 'val': 0.01},
 'viol_prz_t_p_rru_balance': {'idx': {0: 'prz_0', 1: 0}, 'val': 0.01},
 'viol_prz_t_p_scr_balance': {'idx': {0: 'prz_0', 1: 8},
                              'val': 0.035589736106054225},
 'viol_qrz_t_q_qrd_balance': {'idx': {0: 'qrz_0', 1: 0}, 'val': 0.01},
 'viol_qrz_t_q_qru_balance': {'idx': {0: 'qrz_0', 1: 0}, 'val': 0.01},
 'viol_sd_max_energy_constr': {'idx': {0: 'sd_0', 1: 0}, 'val': 0.0},
 'viol_sd_max_startup_constr': {'idx': {0: 'sd_0', 1: 0}, 'val': 0},
 'viol_sd_min_energy_constr': {'idx': {0: 'sd_0', 1: 0}, 'val': 0.0},
 'viol_sd_t_d_dn_min': {'idx': {0: 'sd_0', 1: 0}, 'val': 0},
 'viol_sd_t_d_up_min': {'idx': {0: 'sd_0', 1: 0}, 'val': 0},
 'viol_sd_t_p_nsc_max': {'idx': {0: 'sd_0', 1: 0}, 'val': 0.0},
 'viol_sd_t_p_nsc_nonneg': {'idx': {0: 'sd_0', 1: 0}, 'val': -0.0},
 'viol_sd_t_p_ramp_dn_max': {'idx': {0: 'sd_0', 1: 0}, 'val': 0.0},
 'viol_sd_t_p_ramp_up_max': {'idx': {0: 'sd_0', 1: 0}, 'val': 0.0},
 'viol_sd_t_p_rgd_max': {'idx': {0: 'sd_0', 1: 0}, 'val': 0.0},
 'viol_sd_t_p_rgd_nonneg': {'idx': {0: 'sd_0', 1: 0}, 'val': -0.0},
 'viol_sd_t_p_rgu_max': {'idx': {0: 'sd_0', 1: 0}, 'val': 0.0},
 'viol_sd_t_p_rgu_nonneg': {'idx': {0: 'sd_0', 1: 0}, 'val': -0.0},
 'viol_sd_t_p_rrd_off_max': {'idx': {0: 'sd_0', 1: 0}, 'val': 0.0},
 'viol_sd_t_p_rrd_off_nonneg': {'idx': {0: 'sd_0', 1: 0}, 'val': -0.0},
 'viol_sd_t_p_rrd_on_max': {'idx': {0: 'sd_0', 1: 0}, 'val': 0.0},
 'viol_sd_t_p_rrd_on_nonneg': {'idx': {0: 'sd_0', 1: 0}, 'val': -0.0},
 'viol_sd_t_p_rru_off_max': {'idx': {0: 'sd_0', 1: 0}, 'val': 0.0},
 'viol_sd_t_p_rru_off_nonneg': {'idx': {0: 'sd_0', 1: 0}, 'val': -0.0},
 'viol_sd_t_p_rru_on_max': {'idx': {0: 'sd_0', 1: 0}, 'val': 0.0},
 'viol_sd_t_p_rru_on_nonneg': {'idx': {0: 'sd_0', 1: 0}, 'val': -0.0},
 'viol_sd_t_p_scr_max': {'idx': {0: 'sd_0', 1: 0}, 'val': 0.0},
 'viol_sd_t_p_scr_nonneg': {'idx': {0: 'sd_0', 1: 0}, 'val': -0.0},
 'viol_sd_t_q_qrd_nonneg': {'idx': {0: 'sd_0', 1: 0}, 'val': -0.0},
 'viol_sd_t_q_qru_nonneg': {'idx': {0: 'sd_0', 1: 0}, 'val': -0.0},
 'viol_sd_t_u_on_max': {'idx': {0: 'sd_0', 1: 0}, 'val': 0},
 'viol_sd_t_u_on_min': {'idx': {0: 'sd_0', 1: 0}, 'val': 0},
 'viol_sh_t_u_st_max': {'idx': {0: 'sh_0', 1: 0}, 'val': 0},
 'viol_sh_t_u_st_min': {'idx': {0: 'sh_0', 1: 0}, 'val': 0},
 'viol_t_connected_base': {'idx': {0: 0}, 'val': 0},
 'viol_t_connected_ctg': {'idx': {0: 0}, 'val': 0},
 'viol_xfr_acl_t_s_max_ctg': {'idx': {0: None, 1: None, 2: None}, 'val': 0.0},
 'viol_xfr_dcl_t_s_max_ctg': {'idx': {0: None, 1: None, 2: None}, 'val': 0.0},
 'viol_xfr_t_phi_max': {'idx': {0: 'xfr_0', 1: 0}, 'val': 0.0},
 'viol_xfr_t_phi_min': {'idx': {0: 'xfr_0', 1: 0}, 'val': 0.0},
 'viol_xfr_t_s_max': {'idx': {0: 'xfr_0', 1: 0}, 'val': 0.0},
 'viol_xfr_t_tau_max': {'idx': {0: 'xfr_0', 1: 0}, 'val': 0.0},
 'viol_xfr_t_tau_min': {'idx': {0: 'xfr_0', 1: 0}, 'val': 0.0},
 'viol_xfr_t_u_sd_max': {'idx': {0: 'xfr_0', 1: 0}, 'val': 0},
 'viol_xfr_t_u_su_max': {'idx': {0: 'xfr_0', 1: 0}, 'val': 0},
 'viol_xfr_xfr_t_s_max_ctg': {'idx': {0: None, 1: None, 2: None}, 'val': 0.0},
 'z': -831467.1238367966,
 'z_base': -831467.1238367966,
 'z_cost': 19.60000000074754,
 'z_k_average_case': 0.0,
 'z_k_worst_case': 0.0,
 'z_max_energy': 0.0,
 'z_min_energy': 0.0,
 'z_penalty': 990355.0445190471,
 'z_value': 158907.52068225126}
infeasibility summary:
{}
feas: 1
obj: -831467.1238367966
evaluate solution time: 0.06655406951904297
end of check_data(), memory info: {'rss bytes': 108924928, 'rss human': '103.9M', 'percent': 0.04030822628859077}
 human': '127.9M', 'percent': 0.04962886052312072}
