/rcfs/dtn/arpacomp/.conda/envs/goc_eval/lib/python3.10/site-packages/scipy/sparse/linalg/_dsolve/linsolve.py:347: SparseEfficiencyWarning: splu converted its input to CSC format
  warn('splu converted its input to CSC format', SparseEfficiencyWarning)
args:
Namespace(problem_opt=None, problem='/qfs/projects/goc/share/data/C3/E1/D1/C3E1N00003D1/scenario_113.json', solution='/qfs/projects/goc/share/data/C3/E1/D1/C3E1N00003D1/scenario_113.json.pop_solution.json', configuration=None, parameters='{}', summary_csv='summary.csv', summary_json='summary.json', data_errors='data_errors.txt', ignored_errors='ignored_errors.txt', solution_errors='solution_errors.txt', pop_solution=None, scrubbed_problem=None)
problem data file: /qfs/projects/goc/share/data/C3/E1/D1/C3E1N00003D1/scenario_113.json

pop solution data file: None

solution data file: /qfs/projects/goc/share/data/C3/E1/D1/C3E1N00003D1/scenario_113.json.pop_solution.json

git info: {'C3DataUtilities': {'branch': None, 'commit': '417faef61bd7caf40b3ea0dc36c5e033ca7ea3d5', 'date': 'Fri Dec 30 07:03:34 2022 -0800', 'query_return_code': 0, 'query_err': '', 'query_path': '/qfs/projects/goc/share/loadbalancing/src/nonmpi-template/Challenge3/C3DataUtilities/datautilities', 'query_out': 'commit 417faef61bd7caf40b3ea0dc36c5e033ca7ea3d5\nAuthor: Jesse T Holzer <jesse.holzer@pnnl.gov>\nDate:   Fri Dec 30 07:03:34 2022 -0800\n\n    add z_value, z_cost, z_penalty components of z_base\n'}, 'Bid-DS-data-model': {'branch': None, 'commit': None, 'date': None, 'query_return_code': 128, 'query_err': 'fatal: Not a git repository (or any parent up to mount point /rcfs)\nStopping at filesystem boundary (GIT_DISCOVERY_ACROSS_FILESYSTEM not set).\n', 'query_path': '/rcfs/dtn/arpacomp/.conda/envs/goc_eval/lib/python3.10/site-packages/datamodel', 'query_out': ''}}

after reading problem without validation, memory info: {'rss bytes': 117014528, 'rss human': '111.6M', 'percent': 0.043303420403302054}
read problem data file without validation time: 0.0013055801391601562
after reading problem with validation, memory info: {'rss bytes': 117551104, 'rss human': '112.1M', 'percent': 0.04350199041425251}
load time: 0.005593061447143555
{'general': {'base_norm_mva': 100.0,
             'day_type': None,
             'electricity_demand': None,
             'net_load': None,
             'season': None,
             'solar_availability': None,
             'timestamp_start': None,
             'timestamp_stop': None,
             'vre_availability': None,
             'weather_temperature': None,
             'wind_availability': None},
 'interval durations': [0.25,
                        0.25,
                        0.25,
                        0.25,
                        0.25,
                        0.25,
                        0.25,
                        0.25,
                        0.5,
                        0.5,
                        0.5,
                        0.5,
                        0.5,
                        0.5,
                        0.5,
                        0.5,
                        1.0,
                        1.0],
 'num ac lines': 2,
 'num buses': 3,
 'num consuming devices': 1,
 'num contingencies': 2,
 'num dc lines': 0,
 'num intervals': 18,
 'num producing devices': 2,
 'num reactive power reserve zones': 1,
 'num real power reserve zones': 1,
 'num shunts': 2,
 'num simple dispatchable devices': 3,
 'num transformers': 2,
 'total duration': 8.0,
 'violation costs': {'e_vio_cost': 100000.0,
                     'p_bus_vio_cost': 100000.0,
                     'q_bus_vio_cost': 100000.0,
                     's_vio_cost': 100000.0}}
after read solution without validation, memory info: {'rss bytes': 117551104, 'rss human': '112.1M', 'percent': 0.04350199041425251}
read solution data file without validation time: 0.0007236003875732422
after read solution with validation, memory info: {'rss bytes': 117821440, 'rss human': '112.4M', 'percent': 0.0436020333205329}
solution load time: 0.0022461414337158203
after solution_model_checks(), memory info: {'rss bytes': 117821440, 'rss human': '112.4M', 'percent': 0.0436020333205329}
solution model_checks time: 0.00021696090698242188
{}
after problem_data_array.set_from_data_model(), memory info: {'rss bytes': 118079488, 'rss human': '112.6M', 'percent': 0.04369752882198235}
convert problem data to numpy arrays time: 0.0015614032745361328
after solution_data_array.set_from_data_model(), memory info: {'rss bytes': 118079488, 'rss human': '112.6M', 'percent': 0.04369752882198235}
convert solution data to numpy arrays time: 0.00025963783264160156
function: set_summary, time: 0.000217437744140625
function: set_problem, time: 7.152557373046875e-07
function: set_solution, time: 3.814697265625e-06
function: set_solution_zero, time: 2.5987625122070312e-05
function: set_work_zero, time: 4.220008850097656e-05
function: set_matrices, time: 0.051763057708740234
function: __init__, time: 0.05207562446594238
function: eval_sd_t_d_up_dn, time: 0.00030922889709472656
function: eval_sd_max_startup, time: 8.916854858398438e-05
function: eval_sd_t_z_sus, time: 6.151199340820312e-05
function: eval_acl_t_p_q_fr_to, time: 8.749961853027344e-05
function: eval_xfr_t_p_q_fr_to, time: 8.177757263183594e-05
function: eval_sd_t_su_sd_trajectories, time: 1.811981201171875e-05
function: eval_sd_max_energy, time: 4.1484832763671875e-05
function: eval_sd_min_energy, time: 4.00543212890625e-05
function: eval_sd_t_z_p, time: 0.0001430511474609375
function: eval_bus_t_p, time: 0.0005176067352294922
function: eval_bus_t_q, time: 0.00011229515075683594
sd_t_p_rgu sum: 0.0
prz_sigma_rgu max: 0.07
prz_t_p_rgu_req max: 0.01833932178438153
sd_t_p_rgd sum: 0.0
prz_sigma_rgd max: 0.07
prz_t_p_rgd_req max: 0.01833932178438153
sd_t_p_scr sum: 0.0
prz_sigma_scr max: 0.05
prz_t_p_scr_req max: 0.012250000001216352
sd_t_p_nsc sum: 0.0
prz_sigma_nsc max: 0.05
prz_t_p_nsc_req max: 0.012250000001216352
sd_t_p_rru sum: 0.0
prz_t_p_rru_min max: 0.01
sd_t_p_rrd sum: 0.0
prz_t_p_rrd_min max: 0.01
sd_t_p_qru sum: 0.0
qrz_t_q_qru_min max: 0.01
sd_t_p_qrd sum: 0.0
qrz_t_q_qrd_min max: 0.01
function: get_connected_components, time: 0.0002465248107910156
function: get_bridges, time: 0.00034236907958984375
function: get_connected_components, time: 2.6941299438476562e-05
function: get_bridges, time: 9.012222290039062e-05
function: get_connected_components, time: 2.3603439331054688e-05
function: get_bridges, time: 7.486343383789062e-05
function: get_connected_components, time: 2.2411346435546875e-05
function: get_bridges, time: 7.557868957519531e-05
function: get_connected_components, time: 2.2172927856445312e-05
function: get_bridges, time: 7.2479248046875e-05
function: get_connected_components, time: 2.193450927734375e-05
function: get_bridges, time: 7.748603820800781e-05
function: get_connected_components, time: 2.1696090698242188e-05
function: get_bridges, time: 7.486343383789062e-05
function: get_connected_components, time: 2.193450927734375e-05
function: get_bridges, time: 7.510185241699219e-05
function: get_connected_components, time: 2.288818359375e-05
function: get_bridges, time: 7.104873657226562e-05
function: get_connected_components, time: 2.1219253540039062e-05
function: get_bridges, time: 7.557868957519531e-05
function: get_connected_components, time: 2.288818359375e-05
function: get_bridges, time: 7.414817810058594e-05
function: get_connected_components, time: 2.2411346435546875e-05
function: get_bridges, time: 7.653236389160156e-05
function: get_connected_components, time: 2.1457672119140625e-05
function: get_bridges, time: 7.963180541992188e-05
function: get_connected_components, time: 2.1457672119140625e-05
function: get_bridges, time: 7.390975952148438e-05
function: get_connected_components, time: 2.1219253540039062e-05
function: get_bridges, time: 0.00013065338134765625
function: get_connected_components, time: 2.3126602172851562e-05
function: get_bridges, time: 7.390975952148438e-05
function: get_connected_components, time: 2.2411346435546875e-05
function: get_bridges, time: 7.200241088867188e-05
function: get_connected_components, time: 2.1696090698242188e-05
function: get_bridges, time: 7.557868957519531e-05
end of eval_connectedness(), memory info: {'rss bytes': 118595584, 'rss human': '113.1M', 'percent': 0.043888519824881254}
function: eval_connectedness, time: 0.002862215042114258
problem dimensions. bus: 3, acl: 2, xfr: 2, dcl: 0, k: 2, t: 18
construct static bus admittance matrix. time: 0.0009090900421142578
factor static bus admittance matrix. time: 0.0031919479370117188
t_acl_delta_t: [array([], dtype=int64), array([], dtype=int64), array([], dtype=int64), array([], dtype=int64), array([], dtype=int64), array([], dtype=int64), array([], dtype=int64), array([], dtype=int64), array([], dtype=int64), array([], dtype=int64), array([], dtype=int64), array([], dtype=int64), array([], dtype=int64), array([], dtype=int64), array([], dtype=int64), array([], dtype=int64), array([], dtype=int64), array([], dtype=int64)], t_xfr_delta_t: [array([], dtype=int64), array([], dtype=int64), array([], dtype=int64), array([], dtype=int64), array([], dtype=int64), array([], dtype=int64), array([], dtype=int64), array([], dtype=int64), array([], dtype=int64), array([], dtype=int64), array([], dtype=int64), array([], dtype=int64), array([], dtype=int64), array([], dtype=int64), array([], dtype=int64), array([], dtype=int64), array([], dtype=int64), array([], dtype=int64)], t_br_delta_t: [array([], dtype=int64), array([], dtype=int64), array([], dtype=int64), array([], dtype=int64), array([], dtype=int64), array([], dtype=int64), array([], dtype=int64), array([], dtype=int64), array([], dtype=int64), array([], dtype=int64), array([], dtype=int64), array([], dtype=int64), array([], dtype=int64), array([], dtype=int64), array([], dtype=int64), array([], dtype=int64), array([], dtype=int64), array([], dtype=int64)], acl_delta_t: [], xfr_delta_t: [], br_delta_t: []
contingency delta branches. acl: 1, xfr: 1, dcl: 0
construct bus,t-indexed right hand side. time: 9.655952453613281e-05
solve for base case bus,t-indexed theta. time: 0.040184974670410156
num AC branches with possible violations in ACL contingencies: 0
num AC branches with possible violations in DCL contingencies: 0
num AC branches with possible violations in XFR contingencies: 0
t: 0, time: 0.002190113067626953, memory_info: {'rss bytes': 124977152, 'rss human': '119.2M', 'percent': 0.04625013873374238}
num AC branches with possible violations in ACL contingencies: 0
num AC branches with possible violations in DCL contingencies: 0
num AC branches with possible violations in XFR contingencies: 0
t: 1, time: 0.0011627674102783203, memory_info: {'rss bytes': 124977152, 'rss human': '119.2M', 'percent': 0.04625013873374238}
num AC branches with possible violations in ACL contingencies: 0
num AC branches with possible violations in DCL contingencies: 0
num AC branches with possible violations in XFR contingencies: 0
t: 2, time: 0.0011408329010009766, memory_info: {'rss bytes': 124977152, 'rss human': '119.2M', 'percent': 0.04625013873374238}
num AC branches with possible violations in ACL contingencies: 0
num AC branches with possible violations in DCL contingencies: 0
num AC branches with possible violations in XFR contingencies: 0
t: 3, time: 0.0011074542999267578, memory_info: {'rss bytes': 124977152, 'rss human': '119.2M', 'percent': 0.04625013873374238}
num AC branches with possible violations in ACL contingencies: 0
num AC branches with possible violations in DCL contingencies: 0
num AC branches with possible violations in XFR contingencies: 0
t: 4, time: 0.001094818115234375, memory_info: {'rss bytes': 124977152, 'rss human': '119.2M', 'percent': 0.04625013873374238}
num AC branches with possible violations in ACL contingencies: 0
num AC branches with possible violations in DCL contingencies: 0
num AC branches with possible violations in XFR contingencies: 0
t: 5, time: 0.0011055469512939453, memory_info: {'rss bytes': 124977152, 'rss human': '119.2M', 'percent': 0.04625013873374238}
num AC branches with possible violations in ACL contingencies: 0
num AC branches with possible violations in DCL contingencies: 0
num AC branches with possible violations in XFR contingencies: 0
t: 6, time: 0.001092672348022461, memory_info: {'rss bytes': 124977152, 'rss human': '119.2M', 'percent': 0.04625013873374238}
num AC branches with possible violations in ACL contingencies: 0
num AC branches with possible violations in DCL contingencies: 0
num AC branches with possible violations in XFR contingencies: 0
t: 7, time: 0.0010845661163330078, memory_info: {'rss bytes': 124977152, 'rss human': '119.2M', 'percent': 0.04625013873374238}
num AC branches with possible violations in ACL contingencies: 0
num AC branches with possible violations in DCL contingencies: 0
num AC branches with possible violations in XFR contingencies: 0
t: 8, time: 0.0010960102081298828, memory_info: {'rss bytes': 124977152, 'rss human': '119.2M', 'percent': 0.04625013873374238}
num AC branches with possible violations in ACL contingencies: 0
num AC branches with possible violations in DCL contingencies: 0
num AC branches with possible violations in XFR contingencies: 0
t: 9, time: 0.0010962486267089844, memory_info: {'rss bytes': 124977152, 'rss human': '119.2M', 'percent': 0.04625013873374238}
num AC branches with possible violations in ACL contingencies: 0
num AC branches with possible violations in DCL contingencies: 0
num AC branches with possible violations in XFR contingencies: 0
t: 10, time: 0.0010998249053955078, memory_info: {'rss bytes': 124977152, 'rss human': '119.2M', 'percent': 0.04625013873374238}
num AC branches with possible violations in ACL contingencies: 0
num AC branches with possible violations in DCL contingencies: 0
num AC branches with possible violations in XFR contingencies: 0
t: 11, time: 0.0011012554168701172, memory_info: {'rss bytes': 124977152, 'rss human': '119.2M', 'percent': 0.04625013873374238}
num AC branches with possible violations in ACL contingencies: 0
num AC branches with possible violations in DCL contingencies: 0
num AC branches with possible violations in XFR contingencies: 0
t: 12, time: 0.0010941028594970703, memory_info: {'rss bytes': 124977152, 'rss human': '119.2M', 'percent': 0.04625013873374238}
num AC branches with possible violations in ACL contingencies: 0
num AC branches with possible violations in DCL contingencies: 0
num AC branches with possible violations in XFR contingencies: 0
t: 13, time: 0.0011320114135742188, memory_info: {'rss bytes': 124977152, 'rss human': '119.2M', 'percent': 0.04625013873374238}
num AC branches with possible violations in ACL contingencies: 0
num AC branches with possible violations in DCL contingencies: 0
num AC branches with possible violations in XFR contingencies: 0
t: 14, time: 0.0011096000671386719, memory_info: {'rss bytes': 124977152, 'rss human': '119.2M', 'percent': 0.04625013873374238}
num AC branches with possible violations in ACL contingencies: 0
num AC branches with possible violations in DCL contingencies: 0
num AC branches with possible violations in XFR contingencies: 0
t: 15, time: 0.0011289119720458984, memory_info: {'rss bytes': 124977152, 'rss human': '119.2M', 'percent': 0.04625013873374238}
num AC branches with possible violations in ACL contingencies: 0
num AC branches with possible violations in DCL contingencies: 0
num AC branches with possible violations in XFR contingencies: 0
t: 16, time: 0.0011060237884521484, memory_info: {'rss bytes': 124977152, 'rss human': '119.2M', 'percent': 0.04625013873374238}
num AC branches with possible violations in ACL contingencies: 0
num AC branches with possible violations in DCL contingencies: 0
num AC branches with possible violations in XFR contingencies: 0
t: 17, time: 0.0010993480682373047, memory_info: {'rss bytes': 124977152, 'rss human': '119.2M', 'percent': 0.04625013873374238}
initialize_m_w_time: 0.0004253387451171875
compute_static_w_time: 3.9577484130859375e-05
get_time_varying_branch_characteristics_time: 0.0003380775451660156
construct_a_t_time: 0.005304574966430664
factor_a_t_time: 0.002143383026123047
compute_w_with_t_a_solve_time: 0.00024199485778808594
compute_v_t_time: 2.6226043701171875e-06
compute_w_with_t_smw_time: 9.5367431640625e-07
compute_v_time: 0.0005447864532470703
compute_bus_theta_with_t_a_solve_time: 0.00011205673217773438
compute_bus_theta_with_t_smw_time: 1.9073486328125e-06
compute_br_p_time: 0.0014488697052001953
apply_w_v_wt_time: 0.0005948543548583984
compute_bus_dtheta_rhs_dcl_k_time: 0.001447916030883789
compute_w_v_wt_xfr_k_time: 0.001997709274291992
compute_bus_dtheta_rhs_xfr_k_time: 2.384185791015625e-06
compute_br_acl_delta_k_p_delta_time: 0.0010361671447753906
compute_br_dcl_delta_k_p_delta_time: 0.0009372234344482422
compute_br_xfr_delta_k_p_delta_time: 0.0009191036224365234
filter_branches_acl_k_time: 0.0006184577941894531
filter_branches_dcl_k_time: 0.00025582313537597656
filter_branches_xfr_k_time: 0.0004353523254394531
compute_br_acl_delta_k_p_time: 5.626678466796875e-05
compute_br_dcl_delta_k_p_time: 5.91278076171875e-05
compute_br_xfr_delta_k_p_time: 4.00543212890625e-05
compute_br_acl_delta_k_s_over_time: 0.00023937225341796875
compute_br_dcl_delta_k_s_over_time: 0.0002446174621582031
compute_br_xfr_delta_k_s_over_time: 0.00021886825561523438
zero_out_time: 6.866455078125e-05
get_max_br_acl_delta_k_s_over_time: 0.00048422813415527344
get_max_br_dcl_delta_k_s_over_time: 3.814697265625e-06
get_max_br_xfr_delta_k_s_over_time: 0.0002918243408203125
compute_br_k_z_time: 0.0004394054412841797
collect_penalties_into_obj_array_time: 0.0001971721649169922
end of contingency model method 1, memory info: {'rss bytes': 124977152, 'rss human': '119.2M', 'percent': 0.04625013873374238}
function: eval_post_contingency_model, time: 0.07058405876159668
function: eval_post_contingency_model, time: 0.07059192657470703
function: run, time: 0.07817506790161133
after solution_evaluator.run(), memory info: {'rss bytes': 124977152, 'rss human': '119.2M', 'percent': 0.04625013873374238}
evaluation summary:
{'feas': 1,
 'infeas': 0,
 'info_i_i_k_t_disconnected_ctg': {'idx': {0: None, 1: None, 2: None, 3: None},
                                   'val': 0},
 'info_i_i_t_disconnected_base': {'idx': {0: None, 1: None, 2: None}, 'val': 0},
 'sum_acl_t_u_sd': 0,
 'sum_acl_t_u_su': 0,
 'sum_acl_t_z_s': 0.0,
 'sum_acl_t_z_sd': 0.0,
 'sum_acl_t_z_su': 0.0,
 'sum_bus_t_z_p': 513950.26786397333,
 'sum_bus_t_z_q': 494280.48835703236,
 'sum_cs_t_z_p': 139989.39267587615,
 'sum_pr_t_z_p': 19.60000000091226,
 'sum_prz_t_z_nsc': 34.27133211173649,
 'sum_prz_t_z_rgd': 14.671332110824228,
 'sum_prz_t_z_rgu': 14.671332110824228,
 'sum_prz_t_z_rrd': 8.0,
 'sum_prz_t_z_rru': 8.0,
 'sum_prz_t_z_scr': 24.471332111280358,
 'sum_qrz_t_z_qrd': 8.0,
 'sum_qrz_t_z_qru': 8.0,
 'sum_sd_t_sd': 0,
 'sum_sd_t_su': 0,
 'sum_sd_t_z_nsc': 0.0,
 'sum_sd_t_z_on': 0.0,
 'sum_sd_t_z_qrd': 0.0,
 'sum_sd_t_z_qru': 0.0,
 'sum_sd_t_z_rgd': 0.0,
 'sum_sd_t_z_rgu': 0.0,
 'sum_sd_t_z_rrd_off': 0.0,
 'sum_sd_t_z_rrd_on': 0.0,
 'sum_sd_t_z_rru_off': 0.0,
 'sum_sd_t_z_rru_on': 0.0,
 'sum_sd_t_z_scr': 0.0,
 'sum_sd_t_z_sd': 0.0,
 'sum_sd_t_z_su': 0.0,
 'sum_sd_t_z_sus': 0.0,
 'sum_xfr_t_u_sd': 0,
 'sum_xfr_t_u_su': 0,
 'sum_xfr_t_z_s': 0.0,
 'sum_xfr_t_z_sd': 0.0,
 'sum_xfr_t_z_su': 0.0,
 'viol_acl_acl_t_s_max_ctg': {'idx': {0: None, 1: None, 2: None}, 'val': 0.0},
 'viol_acl_dcl_t_s_max_ctg': {'idx': {0: None, 1: None, 2: None}, 'val': 0.0},
 'viol_acl_t_s_max': {'idx': {0: 'acl_0', 1: 0}, 'val': 0.0},
 'viol_acl_t_u_sd_max': {'idx': {0: 'acl_0', 1: 0}, 'val': 0},
 'viol_acl_t_u_su_max': {'idx': {0: 'acl_0', 1: 0}, 'val': 0},
 'viol_acl_xfr_t_s_max_ctg': {'idx': {0: None, 1: None, 2: None}, 'val': 0.0},
 'viol_bus_t_p_balance_max': {'idx': {0: 'bus_0', 1: 8},
                              'val': 0.2619903112054504},
 'viol_bus_t_p_balance_min': {'idx': {0: 'bus_1', 1: 1},
                              'val': -0.24570644809776881},
 'viol_bus_t_q_balance_max': {'idx': {0: 'bus_0', 1: 0},
                              'val': 0.09038769897014436},
 'viol_bus_t_q_balance_min': {'idx': {0: 'bus_2', 1: 0},
                              'val': -0.47029209239159186},
 'viol_bus_t_v_max': {'idx': {0: 'bus_0', 1: 0}, 'val': 0.0},
 'viol_bus_t_v_min': {'idx': {0: 'bus_0', 1: 0}, 'val': 0.0},
 'viol_cs_t_p_off_max': {'idx': {0: 'sd_2', 1: 0}, 'val': 0.0},
 'viol_cs_t_p_off_min': {'idx': {0: 'sd_2', 1: 0}, 'val': 0.0},
 'viol_cs_t_p_on_max': {'idx': {0: 'sd_2', 1: 0}, 'val': 0.0},
 'viol_cs_t_p_on_min': {'idx': {0: 'sd_2', 1: 0}, 'val': 0.0},
 'viol_cs_t_q_max': {'idx': {0: 'sd_2', 1: 0}, 'val': 0.0},
 'viol_cs_t_q_min': {'idx': {0: 'sd_2', 1: 0}, 'val': 0.0},
 'viol_cs_t_q_p_max': {'idx': {0: None, 1: None}, 'val': None},
 'viol_cs_t_q_p_min': {'idx': {0: None, 1: None}, 'val': None},
 'viol_dcl_t_p_max': {'idx': {0: None, 1: None}, 'val': None},
 'viol_dcl_t_p_min': {'idx': {0: None, 1: None}, 'val': None},
 'viol_dcl_t_q_fr_max': {'idx': {0: None, 1: None}, 'val': None},
 'viol_dcl_t_q_fr_min': {'idx': {0: None, 1: None}, 'val': None},
 'viol_dcl_t_q_to_max': {'idx': {0: None, 1: None}, 'val': None},
 'viol_dcl_t_q_to_min': {'idx': {0: None, 1: None}, 'val': None},
 'viol_pr_t_p_off_max': {'idx': {0: 'sd_0', 1: 0}, 'val': 0.0},
 'viol_pr_t_p_off_min': {'idx': {0: 'sd_0', 1: 0}, 'val': 0.0},
 'viol_pr_t_p_on_max': {'idx': {0: 'sd_0', 1: 0}, 'val': 0.0},
 'viol_pr_t_p_on_min': {'idx': {0: 'sd_0', 1: 0}, 'val': 0.0},
 'viol_pr_t_q_max': {'idx': {0: 'sd_0', 1: 0}, 'val': 0.0},
 'viol_pr_t_q_min': {'idx': {0: 'sd_0', 1: 0}, 'val': 0.0},
 'viol_pr_t_q_p_max': {'idx': {0: None, 1: None}, 'val': None},
 'viol_pr_t_q_p_min': {'idx': {0: None, 1: None}, 'val': None},
 'viol_prz_t_p_nsc_balance': {'idx': {0: 'prz_0', 1: 8},
                              'val': 0.042839321785597885},
 'viol_prz_t_p_rgd_balance': {'idx': {0: 'prz_0', 1: 8},
                              'val': 0.01833932178438153},
 'viol_prz_t_p_rgu_balance': {'idx': {0: 'prz_0', 1: 8},
                              'val': 0.01833932178438153},
 'viol_prz_t_p_rrd_balance': {'idx': {0: 'prz_0', 1: 0}, 'val': 0.01},
 'viol_prz_t_p_rru_balance': {'idx': {0: 'prz_0', 1: 0}, 'val': 0.01},
 'viol_prz_t_p_scr_balance': {'idx': {0: 'prz_0', 1: 8},
                              'val': 0.030589321784989708},
 'viol_qrz_t_q_qrd_balance': {'idx': {0: 'qrz_0', 1: 0}, 'val': 0.01},
 'viol_qrz_t_q_qru_balance': {'idx': {0: 'qrz_0', 1: 0}, 'val': 0.01},
 'viol_sd_max_energy_constr': {'idx': {0: 'sd_0', 1: 0}, 'val': 0.0},
 'viol_sd_max_startup_constr': {'idx': {0: 'sd_0', 1: 0}, 'val': 0},
 'viol_sd_min_energy_constr': {'idx': {0: 'sd_0', 1: 0}, 'val': 0.0},
 'viol_sd_t_d_dn_min': {'idx': {0: 'sd_0', 1: 0}, 'val': 0},
 'viol_sd_t_d_up_min': {'idx': {0: 'sd_0', 1: 0}, 'val': 0},
 'viol_sd_t_p_nsc_max': {'idx': {0: 'sd_0', 1: 0}, 'val': 0.0},
 'viol_sd_t_p_nsc_nonneg': {'idx': {0: 'sd_0', 1: 0}, 'val': -0.0},
 'viol_sd_t_p_ramp_dn_max': {'idx': {0: 'sd_0', 1: 0}, 'val': 0.0},
 'viol_sd_t_p_ramp_up_max': {'idx': {0: 'sd_0', 1: 0}, 'val': 0.0},
 'viol_sd_t_p_rgd_max': {'idx': {0: 'sd_0', 1: 0}, 'val': 0.0},
 'viol_sd_t_p_rgd_nonneg': {'idx': {0: 'sd_0', 1: 0}, 'val': -0.0},
 'viol_sd_t_p_rgu_max': {'idx': {0: 'sd_0', 1: 0}, 'val': 0.0},
 'viol_sd_t_p_rgu_nonneg': {'idx': {0: 'sd_0', 1: 0}, 'val': -0.0},
 'viol_sd_t_p_rrd_off_max': {'idx': {0: 'sd_0', 1: 0}, 'val': 0.0},
 'viol_sd_t_p_rrd_off_nonneg': {'idx': {0: 'sd_0', 1: 0}, 'val': -0.0},
 'viol_sd_t_p_rrd_on_max': {'idx': {0: 'sd_0', 1: 0}, 'val': 0.0},
 'viol_sd_t_p_rrd_on_nonneg': {'idx': {0: 'sd_0', 1: 0}, 'val': -0.0},
 'viol_sd_t_p_rru_off_max': {'idx': {0: 'sd_0', 1: 0}, 'val': 0.0},
 'viol_sd_t_p_rru_off_nonneg': {'idx': {0: 'sd_0', 1: 0}, 'val': -0.0},
 'viol_sd_t_p_rru_on_max': {'idx': {0: 'sd_0', 1: 0}, 'val': 0.0},
 'viol_sd_t_p_rru_on_nonneg': {'idx': {0: 'sd_0', 1: 0}, 'val': -0.0},
 'viol_sd_t_p_scr_max': {'idx': {0: 'sd_0', 1: 0}, 'val': 0.0},
 'viol_sd_t_p_scr_nonneg': {'idx': {0: 'sd_0', 1: 0}, 'val': -0.0},
 'viol_sd_t_q_qrd_nonneg': {'idx': {0: 'sd_0', 1: 0}, 'val': -0.0},
 'viol_sd_t_q_qru_nonneg': {'idx': {0: 'sd_0', 1: 0}, 'val': -0.0},
 'viol_sd_t_u_on_max': {'idx': {0: 'sd_0', 1: 0}, 'val': 0},
 'viol_sd_t_u_on_min': {'idx': {0: 'sd_0', 1: 0}, 'val': 0},
 'viol_sh_t_u_st_max': {'idx': {0: 'sh_0', 1: 0}, 'val': 0},
 'viol_sh_t_u_st_min': {'idx': {0: 'sh_0', 1: 0}, 'val': 0},
 'viol_t_connected_base': {'idx': {0: 0}, 'val': 0},
 'viol_t_connected_ctg': {'idx': {0: 0}, 'val': 0},
 'viol_xfr_acl_t_s_max_ctg': {'idx': {0: None, 1: None, 2: None}, 'val': 0.0},
 'viol_xfr_dcl_t_s_max_ctg': {'idx': {0: None, 1: None, 2: None}, 'val': 0.0},
 'viol_xfr_t_phi_max': {'idx': {0: 'xfr_0', 1: 0}, 'val': 0.0},
 'viol_xfr_t_phi_min': {'idx': {0: 'xfr_0', 1: 0}, 'val': 0.0},
 'viol_xfr_t_s_max': {'idx': {0: 'xfr_0', 1: 0}, 'val': 0.0},
 'viol_xfr_t_tau_max': {'idx': {0: 'xfr_0', 1: 0}, 'val': 0.0},
 'viol_xfr_t_tau_min': {'idx': {0: 'xfr_0', 1: 0}, 'val': 0.0},
 'viol_xfr_t_u_sd_max': {'idx': {0: 'xfr_0', 1: 0}, 'val': 0},
 'viol_xfr_t_u_su_max': {'idx': {0: 'xfr_0', 1: 0}, 'val': 0},
 'viol_xfr_xfr_t_s_max_ctg': {'idx': {0: None, 1: None, 2: None}, 'val': 0.0},
 'z': -868381.048873575,
 'z_base': -868381.048873575,
 'z_cost': 19.60000000091226,
 'z_k_average_case': 0.0,
 'z_k_worst_case': 0.0,
 'z_max_energy': 0.0,
 'z_min_energy': 0.0,
 'z_penalty': 1008350.8415494503,
 'z_value': 139989.39267587615}
infeasibility summary:
{}
feas: 1
obj: -868381.048873575
evaluate solution time: 0.13345551490783691
end of check_data(), memory info: {'rss bytes': 125747200, 'rss human': '119.9M', 'percent': 0.04653510943648044}
