/rcfs/dtn/arpacomp/.conda/envs/goc_eval/lib/python3.10/site-packages/scipy/sparse/linalg/_dsolve/linsolve.py:347: SparseEfficiencyWarning: splu converted its input to CSC format
  warn('splu converted its input to CSC format', SparseEfficiencyWarning)
args:
Namespace(problem_opt=None, problem='/qfs/projects/goc/share/data/C3/E1/D1/C3E1N00003D1/scenario_129.json', solution='/qfs/projects/goc/share/data/C3/E1/D1/C3E1N00003D1/scenario_129.json.pop_solution.json', configuration=None, parameters='{}', summary_csv='summary.csv', summary_json='summary.json', data_errors='data_errors.txt', ignored_errors='ignored_errors.txt', solution_errors='solution_errors.txt', pop_solution=None, scrubbed_problem=None)
problem data file: /qfs/projects/goc/share/data/C3/E1/D1/C3E1N00003D1/scenario_129.json

pop solution data file: None

solution data file: /qfs/projects/goc/share/data/C3/E1/D1/C3E1N00003D1/scenario_129.json.pop_solution.json

git info: {'C3DataUtilities': {'branch': None, 'commit': '417faef61bd7caf40b3ea0dc36c5e033ca7ea3d5', 'date': 'Fri Dec 30 07:03:34 2022 -0800', 'query_return_code': 0, 'query_err': '', 'query_path': '/qfs/projects/goc/share/loadbalancing/src/nonmpi-template/Challenge3/C3DataUtilities/datautilities', 'query_out': 'commit 417faef61bd7caf40b3ea0dc36c5e033ca7ea3d5\nAuthor: Jesse T Holzer <jesse.holzer@pnnl.gov>\nDate:   Fri Dec 30 07:03:34 2022 -0800\n\n    add z_value, z_cost, z_penalty components of z_base\n'}, 'Bid-DS-data-model': {'branch': None, 'commit': None, 'date': None, 'query_return_code': 128, 'query_err': 'fatal: Not a git repository (or any parent up to mount point /rcfs)\nStopping at filesystem boundary (GIT_DISCOVERY_ACROSS_FILESYSTEM not set).\n', 'query_path': '/rcfs/dtn/arpacomp/.conda/envs/goc_eval/lib/python3.10/site-packages/datamodel', 'query_out': ''}}

after reading problem without validation, memory info: {'rss bytes': 104439808, 'rss human': '99.6M', 'percent': 0.038648484710506054}
read problem data file without validation time: 0.0015797615051269531
after reading problem with validation, memory info: {'rss bytes': 104976384, 'rss human': '100.1M', 'percent': 0.03884704740158286}
load time: 0.005372285842895508
{'general': {'base_norm_mva': 100.0,
             'day_type': None,
             'electricity_demand': None,
             'net_load': None,
             'season': None,
             'solar_availability': None,
             'timestamp_start': None,
             'timestamp_stop': None,
             'vre_availability': None,
             'weather_temperature': None,
             'wind_availability': None},
 'interval durations': [0.25,
                        0.25,
                        0.25,
                        0.25,
                        0.25,
                        0.25,
                        0.25,
                        0.25,
                        0.5,
                        0.5,
                        0.5,
                        0.5,
                        0.5,
                        0.5,
                        0.5,
                        0.5,
                        1.0,
                        1.0],
 'num ac lines': 2,
 'num buses': 3,
 'num consuming devices': 1,
 'num contingencies': 2,
 'num dc lines': 0,
 'num intervals': 18,
 'num producing devices': 2,
 'num reactive power reserve zones': 1,
 'num real power reserve zones': 1,
 'num shunts': 2,
 'num simple dispatchable devices': 3,
 'num transformers': 2,
 'total duration': 8.0,
 'violation costs': {'e_vio_cost': 100000.0,
                     'p_bus_vio_cost': 100000.0,
                     'q_bus_vio_cost': 100000.0,
                     's_vio_cost': 100000.0}}
after read solution without validation, memory info: {'rss bytes': 104976384, 'rss human': '100.1M', 'percent': 0.03884704740158286}
read solution data file without validation time: 0.000957489013671875
after read solution with validation, memory info: {'rss bytes': 105246720, 'rss human': '100.4M', 'percent': 0.03894708661998796}
solution load time: 0.0023598670959472656
after solution_model_checks(), memory info: {'rss bytes': 105246720, 'rss human': '100.4M', 'percent': 0.03894708661998796}
solution model_checks time: 0.00018334388732910156
{}
after problem_data_array.set_from_data_model(), memory info: {'rss bytes': 105504768, 'rss human': '100.6M', 'percent': 0.03904257860119283}
convert problem data to numpy arrays time: 0.0015017986297607422
after solution_data_array.set_from_data_model(), memory info: {'rss bytes': 105504768, 'rss human': '100.6M', 'percent': 0.03904257860119283}
convert solution data to numpy arrays time: 0.00026106834411621094
function: set_summary, time: 0.0001761913299560547
function: set_problem, time: 4.76837158203125e-07
function: set_solution, time: 3.5762786865234375e-06
function: set_solution_zero, time: 1.8835067749023438e-05
function: set_work_zero, time: 3.4332275390625e-05
function: set_matrices, time: 0.0026903152465820312
function: __init__, time: 0.002942800521850586
function: eval_sd_t_d_up_dn, time: 0.0003044605255126953
function: eval_sd_max_startup, time: 0.00011038780212402344
function: eval_sd_t_z_sus, time: 7.486343383789062e-05
function: eval_acl_t_p_q_fr_to, time: 8.630752563476562e-05
function: eval_xfr_t_p_q_fr_to, time: 8.034706115722656e-05
function: eval_sd_t_su_sd_trajectories, time: 1.7881393432617188e-05
function: eval_sd_max_energy, time: 4.553794860839844e-05
function: eval_sd_min_energy, time: 3.457069396972656e-05
function: eval_sd_t_z_p, time: 0.0001468658447265625
function: eval_bus_t_p, time: 0.00045680999755859375
function: eval_bus_t_q, time: 0.00011515617370605469
sd_t_p_rgu sum: 0.0
prz_sigma_rgu max: 0.07
prz_t_p_rgu_req max: 0.02621775745347453
sd_t_p_rgd sum: 0.0
prz_sigma_rgd max: 0.07
prz_t_p_rgd_req max: 0.02621775745347453
sd_t_p_scr sum: 0.0
prz_sigma_scr max: 0.05
prz_t_p_scr_req max: 0.012275000000000001
sd_t_p_nsc sum: 0.0
prz_sigma_nsc max: 0.05
prz_t_p_nsc_req max: 0.012275000000000001
sd_t_p_rru sum: 0.0
prz_t_p_rru_min max: 0.01
sd_t_p_rrd sum: 0.0
prz_t_p_rrd_min max: 0.01
sd_t_p_qru sum: 0.0
qrz_t_q_qru_min max: 0.01
sd_t_p_qrd sum: 0.0
qrz_t_q_qrd_min max: 0.01
function: get_connected_components, time: 0.00020813941955566406
function: get_bridges, time: 0.0003228187561035156
function: get_connected_components, time: 2.765655517578125e-05
function: get_bridges, time: 8.749961853027344e-05
function: get_connected_components, time: 2.4080276489257812e-05
function: get_bridges, time: 8.559226989746094e-05
function: get_connected_components, time: 2.3603439331054688e-05
function: get_bridges, time: 7.534027099609375e-05
function: get_connected_components, time: 2.2411346435546875e-05
function: get_bridges, time: 7.534027099609375e-05
function: get_connected_components, time: 2.2172927856445312e-05
function: get_bridges, time: 7.605552673339844e-05
function: get_connected_components, time: 2.2649765014648438e-05
function: get_bridges, time: 7.653236389160156e-05
function: get_connected_components, time: 2.2172927856445312e-05
function: get_bridges, time: 7.772445678710938e-05
function: get_connected_components, time: 2.193450927734375e-05
function: get_bridges, time: 7.295608520507812e-05
function: get_connected_components, time: 2.193450927734375e-05
function: get_bridges, time: 7.62939453125e-05
function: get_connected_components, time: 2.193450927734375e-05
function: get_bridges, time: 7.462501525878906e-05
function: get_connected_components, time: 2.2172927856445312e-05
function: get_bridges, time: 7.748603820800781e-05
function: get_connected_components, time: 2.193450927734375e-05
function: get_bridges, time: 7.319450378417969e-05
function: get_connected_components, time: 2.1696090698242188e-05
function: get_bridges, time: 7.581710815429688e-05
function: get_connected_components, time: 2.2172927856445312e-05
function: get_bridges, time: 0.0001266002655029297
function: get_connected_components, time: 2.288818359375e-05
function: get_bridges, time: 7.462501525878906e-05
function: get_connected_components, time: 2.2172927856445312e-05
function: get_bridges, time: 7.271766662597656e-05
function: get_connected_components, time: 2.2172927856445312e-05
function: get_bridges, time: 7.224082946777344e-05
end of eval_connectedness(), memory info: {'rss bytes': 106020864, 'rss human': '101.1M', 'percent': 0.03923356256360259}
function: eval_connectedness, time: 0.002796649932861328
problem dimensions. bus: 3, acl: 2, xfr: 2, dcl: 0, k: 2, t: 18
construct static bus admittance matrix. time: 0.0008947849273681641
factor static bus admittance matrix. time: 0.0025911331176757812
t_acl_delta_t: [array([], dtype=int64), array([], dtype=int64), array([], dtype=int64), array([], dtype=int64), array([], dtype=int64), array([], dtype=int64), array([], dtype=int64), array([], dtype=int64), array([], dtype=int64), array([], dtype=int64), array([], dtype=int64), array([], dtype=int64), array([], dtype=int64), array([], dtype=int64), array([], dtype=int64), array([], dtype=int64), array([], dtype=int64), array([], dtype=int64)], t_xfr_delta_t: [array([], dtype=int64), array([], dtype=int64), array([], dtype=int64), array([], dtype=int64), array([], dtype=int64), array([], dtype=int64), array([], dtype=int64), array([], dtype=int64), array([], dtype=int64), array([], dtype=int64), array([], dtype=int64), array([], dtype=int64), array([], dtype=int64), array([], dtype=int64), array([], dtype=int64), array([], dtype=int64), array([], dtype=int64), array([], dtype=int64)], t_br_delta_t: [array([], dtype=int64), array([], dtype=int64), array([], dtype=int64), array([], dtype=int64), array([], dtype=int64), array([], dtype=int64), array([], dtype=int64), array([], dtype=int64), array([], dtype=int64), array([], dtype=int64), array([], dtype=int64), array([], dtype=int64), array([], dtype=int64), array([], dtype=int64), array([], dtype=int64), array([], dtype=int64), array([], dtype=int64), array([], dtype=int64)], acl_delta_t: [], xfr_delta_t: [], br_delta_t: []
contingency delta branches. acl: 1, xfr: 1, dcl: 0
construct bus,t-indexed right hand side. time: 0.00010442733764648438
solve for base case bus,t-indexed theta. time: 0.031737565994262695
num AC branches with possible violations in ACL contingencies: 0
num AC branches with possible violations in DCL contingencies: 0
num AC branches with possible violations in XFR contingencies: 0
t: 0, time: 0.0020322799682617188, memory_info: {'rss bytes': 110272512, 'rss human': '105.2M', 'percent': 0.04080690663488289}
num AC branches with possible violations in ACL contingencies: 0
num AC branches with possible violations in DCL contingencies: 0
num AC branches with possible violations in XFR contingencies: 0
t: 1, time: 0.001135110855102539, memory_info: {'rss bytes': 110272512, 'rss human': '105.2M', 'percent': 0.04080690663488289}
num AC branches with possible violations in ACL contingencies: 0
num AC branches with possible violations in DCL contingencies: 0
num AC branches with possible violations in XFR contingencies: 0
t: 2, time: 0.0011065006256103516, memory_info: {'rss bytes': 110272512, 'rss human': '105.2M', 'percent': 0.04080690663488289}
num AC branches with possible violations in ACL contingencies: 0
num AC branches with possible violations in DCL contingencies: 0
num AC branches with possible violations in XFR contingencies: 0
t: 3, time: 0.0011103153228759766, memory_info: {'rss bytes': 110272512, 'rss human': '105.2M', 'percent': 0.04080690663488289}
num AC branches with possible violations in ACL contingencies: 0
num AC branches with possible violations in DCL contingencies: 0
num AC branches with possible violations in XFR contingencies: 0
t: 4, time: 0.0010907649993896484, memory_info: {'rss bytes': 110272512, 'rss human': '105.2M', 'percent': 0.04080690663488289}
num AC branches with possible violations in ACL contingencies: 0
num AC branches with possible violations in DCL contingencies: 0
num AC branches with possible violations in XFR contingencies: 0
t: 5, time: 0.0010859966278076172, memory_info: {'rss bytes': 110272512, 'rss human': '105.2M', 'percent': 0.04080690663488289}
num AC branches with possible violations in ACL contingencies: 0
num AC branches with possible violations in DCL contingencies: 0
num AC branches with possible violations in XFR contingencies: 0
t: 6, time: 0.0010895729064941406, memory_info: {'rss bytes': 110272512, 'rss human': '105.2M', 'percent': 0.04080690663488289}
num AC branches with possible violations in ACL contingencies: 0
num AC branches with possible violations in DCL contingencies: 0
num AC branches with possible violations in XFR contingencies: 0
t: 7, time: 0.0010781288146972656, memory_info: {'rss bytes': 110272512, 'rss human': '105.2M', 'percent': 0.04080690663488289}
num AC branches with possible violations in ACL contingencies: 0
num AC branches with possible violations in DCL contingencies: 0
num AC branches with possible violations in XFR contingencies: 0
t: 8, time: 0.001077413558959961, memory_info: {'rss bytes': 110272512, 'rss human': '105.2M', 'percent': 0.04080690663488289}
num AC branches with possible violations in ACL contingencies: 0
num AC branches with possible violations in DCL contingencies: 0
num AC branches with possible violations in XFR contingencies: 0
t: 9, time: 0.0010797977447509766, memory_info: {'rss bytes': 110272512, 'rss human': '105.2M', 'percent': 0.04080690663488289}
num AC branches with possible violations in ACL contingencies: 0
num AC branches with possible violations in DCL contingencies: 0
num AC branches with possible violations in XFR contingencies: 0
t: 10, time: 0.0010836124420166016, memory_info: {'rss bytes': 110272512, 'rss human': '105.2M', 'percent': 0.04080690663488289}
num AC branches with possible violations in ACL contingencies: 0
num AC branches with possible violations in DCL contingencies: 0
num AC branches with possible violations in XFR contingencies: 0
t: 11, time: 0.0010747909545898438, memory_info: {'rss bytes': 110272512, 'rss human': '105.2M', 'percent': 0.04080690663488289}
num AC branches with possible violations in ACL contingencies: 0
num AC branches with possible violations in DCL contingencies: 0
num AC branches with possible violations in XFR contingencies: 0
t: 12, time: 0.0010840892791748047, memory_info: {'rss bytes': 110272512, 'rss human': '105.2M', 'percent': 0.04080690663488289}
num AC branches with possible violations in ACL contingencies: 0
num AC branches with possible violations in DCL contingencies: 0
num AC branches with possible violations in XFR contingencies: 0
t: 13, time: 0.0010797977447509766, memory_info: {'rss bytes': 110272512, 'rss human': '105.2M', 'percent': 0.04080690663488289}
num AC branches with possible violations in ACL contingencies: 0
num AC branches with possible violations in DCL contingencies: 0
num AC branches with possible violations in XFR contingencies: 0
t: 14, time: 0.0010814666748046875, memory_info: {'rss bytes': 110272512, 'rss human': '105.2M', 'percent': 0.04080690663488289}
num AC branches with possible violations in ACL contingencies: 0
num AC branches with possible violations in DCL contingencies: 0
num AC branches with possible violations in XFR contingencies: 0
t: 15, time: 0.0010819435119628906, memory_info: {'rss bytes': 110272512, 'rss human': '105.2M', 'percent': 0.04080690663488289}
num AC branches with possible violations in ACL contingencies: 0
num AC branches with possible violations in DCL contingencies: 0
num AC branches with possible violations in XFR contingencies: 0
t: 16, time: 0.0010743141174316406, memory_info: {'rss bytes': 110272512, 'rss human': '105.2M', 'percent': 0.04080690663488289}
num AC branches with possible violations in ACL contingencies: 0
num AC branches with possible violations in DCL contingencies: 0
num AC branches with possible violations in XFR contingencies: 0
t: 17, time: 0.0010755062103271484, memory_info: {'rss bytes': 110272512, 'rss human': '105.2M', 'percent': 0.04080690663488289}
initialize_m_w_time: 0.0004215240478515625
compute_static_w_time: 3.695487976074219e-05
get_time_varying_branch_characteristics_time: 0.00032520294189453125
construct_a_t_time: 0.005195140838623047
factor_a_t_time: 0.0020630359649658203
compute_w_with_t_a_solve_time: 0.00023746490478515625
compute_v_t_time: 3.5762786865234375e-06
compute_w_with_t_smw_time: 2.1457672119140625e-06
compute_v_time: 0.0005476474761962891
compute_bus_theta_with_t_a_solve_time: 0.00010418891906738281
compute_bus_theta_with_t_smw_time: 2.86102294921875e-06
compute_br_p_time: 0.0013341903686523438
apply_w_v_wt_time: 0.0005075931549072266
compute_bus_dtheta_rhs_dcl_k_time: 0.0014734268188476562
compute_w_v_wt_xfr_k_time: 0.0019783973693847656
compute_bus_dtheta_rhs_xfr_k_time: 2.1457672119140625e-06
compute_br_acl_delta_k_p_delta_time: 0.0009944438934326172
compute_br_dcl_delta_k_p_delta_time: 0.0008955001831054688
compute_br_xfr_delta_k_p_delta_time: 0.0008687973022460938
filter_branches_acl_k_time: 0.0006153583526611328
filter_branches_dcl_k_time: 0.0002570152282714844
filter_branches_xfr_k_time: 0.00043511390686035156
compute_br_acl_delta_k_p_time: 5.507469177246094e-05
compute_br_dcl_delta_k_p_time: 5.91278076171875e-05
compute_br_xfr_delta_k_p_time: 4.100799560546875e-05
compute_br_acl_delta_k_s_over_time: 0.0002486705780029297
compute_br_dcl_delta_k_s_over_time: 0.00024700164794921875
compute_br_xfr_delta_k_s_over_time: 0.0002181529998779297
zero_out_time: 6.985664367675781e-05
get_max_br_acl_delta_k_s_over_time: 0.0004911422729492188
get_max_br_dcl_delta_k_s_over_time: 2.384185791015625e-06
get_max_br_xfr_delta_k_s_over_time: 0.0002999305725097656
compute_br_k_z_time: 0.00043487548828125
collect_penalties_into_obj_array_time: 0.0001938343048095703
end of contingency model method 1, memory info: {'rss bytes': 110272512, 'rss human': '105.2M', 'percent': 0.04080690663488289}
function: eval_post_contingency_model, time: 0.060745954513549805
function: eval_post_contingency_model, time: 0.06075406074523926
function: run, time: 0.0681617259979248
after solution_evaluator.run(), memory info: {'rss bytes': 110272512, 'rss human': '105.2M', 'percent': 0.04080690663488289}
evaluation summary:
{'feas': 1,
 'infeas': 0,
 'info_i_i_k_t_disconnected_ctg': {'idx': {0: None, 1: None, 2: None, 3: None},
                                   'val': 0},
 'info_i_i_t_disconnected_base': {'idx': {0: None, 1: None, 2: None}, 'val': 0},
 'sum_acl_t_u_sd': 0,
 'sum_acl_t_u_su': 0,
 'sum_acl_t_z_s': 0.0,
 'sum_acl_t_z_sd': 0.0,
 'sum_acl_t_z_su': 0.0,
 'sum_bus_t_z_p': 654740.666337737,
 'sum_bus_t_z_q': 536221.5499539882,
 'sum_cs_t_z_p': 156954.3842419149,
 'sum_pr_t_z_p': 19.60000000043588,
 'sum_prz_t_z_nsc': 40.34915245063862,
 'sum_prz_t_z_rgd': 20.73308961255808,
 'sum_prz_t_z_rgu': 20.73308961255808,
 'sum_prz_t_z_rrd': 8.0,
 'sum_prz_t_z_rru': 8.0,
 'sum_prz_t_z_scr': 30.541121031598344,
 'sum_qrz_t_z_qrd': 8.0,
 'sum_qrz_t_z_qru': 8.0,
 'sum_sd_t_sd': 0,
 'sum_sd_t_su': 0,
 'sum_sd_t_z_nsc': 0.0,
 'sum_sd_t_z_on': 0.0,
 'sum_sd_t_z_qrd': 0.0,
 'sum_sd_t_z_qru': 0.0,
 'sum_sd_t_z_rgd': 0.0,
 'sum_sd_t_z_rgu': 0.0,
 'sum_sd_t_z_rrd_off': 0.0,
 'sum_sd_t_z_rrd_on': 0.0,
 'sum_sd_t_z_rru_off': 0.0,
 'sum_sd_t_z_rru_on': 0.0,
 'sum_sd_t_z_scr': 0.0,
 'sum_sd_t_z_sd': 0.0,
 'sum_sd_t_z_su': 0.0,
 'sum_sd_t_z_sus': 0.0,
 'sum_xfr_t_u_sd': 0,
 'sum_xfr_t_u_su': 0,
 'sum_xfr_t_z_s': 0.0,
 'sum_xfr_t_z_sd': 0.0,
 'sum_xfr_t_z_su': 0.0,
 'viol_acl_acl_t_s_max_ctg': {'idx': {0: None, 1: None, 2: None}, 'val': 0.0},
 'viol_acl_dcl_t_s_max_ctg': {'idx': {0: None, 1: None, 2: None}, 'val': 0.0},
 'viol_acl_t_s_max': {'idx': {0: 'acl_0', 1: 0}, 'val': 0.0},
 'viol_acl_t_u_sd_max': {'idx': {0: 'acl_0', 1: 0}, 'val': 0},
 'viol_acl_t_u_su_max': {'idx': {0: 'acl_0', 1: 0}, 'val': 0},
 'viol_acl_xfr_t_s_max_ctg': {'idx': {0: None, 1: None, 2: None}, 'val': 0.0},
 'viol_bus_t_p_balance_max': {'idx': {0: 'bus_0', 1: 15},
                              'val': 0.37453939219249327},
 'viol_bus_t_p_balance_min': {'idx': {0: 'bus_1', 1: 1},
                              'val': -0.24570644808506525},
 'viol_bus_t_q_balance_max': {'idx': {0: 'bus_0', 1: 0},
                              'val': 0.14489770677135488},
 'viol_bus_t_q_balance_min': {'idx': {0: 'bus_2', 1: 0},
                              'val': -0.47029209239159186},
 'viol_bus_t_v_max': {'idx': {0: 'bus_0', 1: 0}, 'val': 0.0},
 'viol_bus_t_v_min': {'idx': {0: 'bus_0', 1: 0}, 'val': 0.0},
 'viol_cs_t_p_off_max': {'idx': {0: 'sd_2', 1: 0}, 'val': 0.0},
 'viol_cs_t_p_off_min': {'idx': {0: 'sd_2', 1: 0}, 'val': 0.0},
 'viol_cs_t_p_on_max': {'idx': {0: 'sd_2', 1: 0}, 'val': 0.0},
 'viol_cs_t_p_on_min': {'idx': {0: 'sd_2', 1: 0}, 'val': 0.0},
 'viol_cs_t_q_max': {'idx': {0: 'sd_2', 1: 0}, 'val': 0.0},
 'viol_cs_t_q_min': {'idx': {0: 'sd_2', 1: 0}, 'val': 0.0},
 'viol_cs_t_q_p_max': {'idx': {0: None, 1: None}, 'val': None},
 'viol_cs_t_q_p_min': {'idx': {0: None, 1: None}, 'val': None},
 'viol_dcl_t_p_max': {'idx': {0: None, 1: None}, 'val': None},
 'viol_dcl_t_p_min': {'idx': {0: None, 1: None}, 'val': None},
 'viol_dcl_t_q_fr_max': {'idx': {0: None, 1: None}, 'val': None},
 'viol_dcl_t_q_fr_min': {'idx': {0: None, 1: None}, 'val': None},
 'viol_dcl_t_q_to_max': {'idx': {0: None, 1: None}, 'val': None},
 'viol_dcl_t_q_to_min': {'idx': {0: None, 1: None}, 'val': None},
 'viol_pr_t_p_off_max': {'idx': {0: 'sd_0', 1: 0}, 'val': 0.0},
 'viol_pr_t_p_off_min': {'idx': {0: 'sd_0', 1: 0}, 'val': 0.0},
 'viol_pr_t_p_on_max': {'idx': {0: 'sd_0', 1: 0}, 'val': 0.0},
 'viol_pr_t_p_on_min': {'idx': {0: 'sd_0', 1: 0}, 'val': 0.0},
 'viol_pr_t_q_max': {'idx': {0: 'sd_0', 1: 0}, 'val': 0.0},
 'viol_pr_t_q_min': {'idx': {0: 'sd_0', 1: 0}, 'val': 0.0},
 'viol_pr_t_q_p_max': {'idx': {0: None, 1: None}, 'val': None},
 'viol_pr_t_q_p_min': {'idx': {0: None, 1: None}, 'val': None},
 'viol_prz_t_p_nsc_balance': {'idx': {0: 'prz_0', 1: 16},
                              'val': 0.05076775745347453},
 'viol_prz_t_p_rgd_balance': {'idx': {0: 'prz_0', 1: 15},
                              'val': 0.02621775745347453},
 'viol_prz_t_p_rgu_balance': {'idx': {0: 'prz_0', 1: 15},
                              'val': 0.02621775745347453},
 'viol_prz_t_p_rrd_balance': {'idx': {0: 'prz_0', 1: 0}, 'val': 0.01},
 'viol_prz_t_p_rru_balance': {'idx': {0: 'prz_0', 1: 0}, 'val': 0.01},
 'viol_prz_t_p_scr_balance': {'idx': {0: 'prz_0', 1: 16},
                              'val': 0.03849275745347453},
 'viol_qrz_t_q_qrd_balance': {'idx': {0: 'qrz_0', 1: 0}, 'val': 0.01},
 'viol_qrz_t_q_qru_balance': {'idx': {0: 'qrz_0', 1: 0}, 'val': 0.01},
 'viol_sd_max_energy_constr': {'idx': {0: 'sd_0', 1: 0}, 'val': 0.0},
 'viol_sd_max_startup_constr': {'idx': {0: 'sd_0', 1: 0}, 'val': 0},
 'viol_sd_min_energy_constr': {'idx': {0: 'sd_0', 1: 0}, 'val': 0.0},
 'viol_sd_t_d_dn_min': {'idx': {0: 'sd_0', 1: 0}, 'val': 0},
 'viol_sd_t_d_up_min': {'idx': {0: 'sd_0', 1: 0}, 'val': 0},
 'viol_sd_t_p_nsc_max': {'idx': {0: 'sd_0', 1: 0}, 'val': 0.0},
 'viol_sd_t_p_nsc_nonneg': {'idx': {0: 'sd_0', 1: 0}, 'val': -0.0},
 'viol_sd_t_p_ramp_dn_max': {'idx': {0: 'sd_0', 1: 0}, 'val': 0.0},
 'viol_sd_t_p_ramp_up_max': {'idx': {0: 'sd_0', 1: 0}, 'val': 0.0},
 'viol_sd_t_p_rgd_max': {'idx': {0: 'sd_0', 1: 0}, 'val': 0.0},
 'viol_sd_t_p_rgd_nonneg': {'idx': {0: 'sd_0', 1: 0}, 'val': -0.0},
 'viol_sd_t_p_rgu_max': {'idx': {0: 'sd_0', 1: 0}, 'val': 0.0},
 'viol_sd_t_p_rgu_nonneg': {'idx': {0: 'sd_0', 1: 0}, 'val': -0.0},
 'viol_sd_t_p_rrd_off_max': {'idx': {0: 'sd_0', 1: 0}, 'val': 0.0},
 'viol_sd_t_p_rrd_off_nonneg': {'idx': {0: 'sd_0', 1: 0}, 'val': -0.0},
 'viol_sd_t_p_rrd_on_max': {'idx': {0: 'sd_0', 1: 0}, 'val': 0.0},
 'viol_sd_t_p_rrd_on_nonneg': {'idx': {0: 'sd_0', 1: 0}, 'val': -0.0},
 'viol_sd_t_p_rru_off_max': {'idx': {0: 'sd_0', 1: 0}, 'val': 0.0},
 'viol_sd_t_p_rru_off_nonneg': {'idx': {0: 'sd_0', 1: 0}, 'val': -0.0},
 'viol_sd_t_p_rru_on_max': {'idx': {0: 'sd_0', 1: 0}, 'val': 0.0},
 'viol_sd_t_p_rru_on_nonneg': {'idx': {0: 'sd_0', 1: 0}, 'val': -0.0},
 'viol_sd_t_p_scr_max': {'idx': {0: 'sd_0', 1: 0}, 'val': 0.0},
 'viol_sd_t_p_scr_nonneg': {'idx': {0: 'sd_0', 1: 0}, 'val': -0.0},
 'viol_sd_t_q_qrd_nonneg': {'idx': {0: 'sd_0', 1: 0}, 'val': -0.0},
 'viol_sd_t_q_qru_nonneg': {'idx': {0: 'sd_0', 1: 0}, 'val': -0.0},
 'viol_sd_t_u_on_max': {'idx': {0: 'sd_0', 1: 0}, 'val': 0},
 'viol_sd_t_u_on_min': {'idx': {0: 'sd_0', 1: 0}, 'val': 0},
 'viol_sh_t_u_st_max': {'idx': {0: 'sh_0', 1: 0}, 'val': 0},
 'viol_sh_t_u_st_min': {'idx': {0: 'sh_0', 1: 0}, 'val': 0},
 'viol_t_connected_base': {'idx': {0: 0}, 'val': 0},
 'viol_t_connected_ctg': {'idx': {0: 0}, 'val': 0},
 'viol_xfr_acl_t_s_max_ctg': {'idx': {0: None, 1: None, 2: None}, 'val': 0.0},
 'viol_xfr_dcl_t_s_max_ctg': {'idx': {0: None, 1: None, 2: None}, 'val': 0.0},
 'viol_xfr_t_phi_max': {'idx': {0: 'xfr_0', 1: 0}, 'val': 0.0},
 'viol_xfr_t_phi_min': {'idx': {0: 'xfr_0', 1: 0}, 'val': 0.0},
 'viol_xfr_t_s_max': {'idx': {0: 'xfr_0', 1: 0}, 'val': 0.0},
 'viol_xfr_t_tau_max': {'idx': {0: 'xfr_0', 1: 0}, 'val': 0.0},
 'viol_xfr_t_tau_min': {'idx': {0: 'xfr_0', 1: 0}, 'val': 0.0},
 'viol_xfr_t_u_sd_max': {'idx': {0: 'xfr_0', 1: 0}, 'val': 0},
 'viol_xfr_t_u_su_max': {'idx': {0: 'xfr_0', 1: 0}, 'val': 0},
 'viol_xfr_xfr_t_s_max_ctg': {'idx': {0: None, 1: None, 2: None}, 'val': 0.0},
 'z': -1034171.7885025182,
 'z_base': -1034171.7885025182,
 'z_cost': 19.60000000043588,
 'z_k_average_case': 0.0,
 'z_k_worst_case': 0.0,
 'z_max_energy': 0.0,
 'z_min_energy': 0.0,
 'z_penalty': 1191106.5727444324,
 'z_value': 156954.3842419149}
infeasibility summary:
{}
feas: 1
obj: -1034171.7885025182
evaluate solution time: 0.07419633865356445
end of check_data(), memory info: {'rss bytes': 111038464, 'rss human': '105.9M', 'percent': 0.04109035108703069}
911278}
