/rcfs/dtn/arpacomp/.conda/envs/goc_eval/lib/python3.10/site-packages/scipy/sparse/linalg/_dsolve/linsolve.py:347: SparseEfficiencyWarning: splu converted its input to CSC format
  warn('splu converted its input to CSC format', SparseEfficiencyWarning)
args:
Namespace(problem_opt=None, problem='/qfs/projects/goc/share/data/C3/E1/D1/C3E1N00003D1/scenario_126.json', solution='/qfs/projects/goc/share/data/C3/E1/D1/C3E1N00003D1/scenario_126.json.pop_solution.json', configuration=None, parameters='{}', summary_csv='summary.csv', summary_json='summary.json', data_errors='data_errors.txt', ignored_errors='ignored_errors.txt', solution_errors='solution_errors.txt', pop_solution=None, scrubbed_problem=None)
problem data file: /qfs/projects/goc/share/data/C3/E1/D1/C3E1N00003D1/scenario_126.json

pop solution data file: None

solution data file: /qfs/projects/goc/share/data/C3/E1/D1/C3E1N00003D1/scenario_126.json.pop_solution.json

git info: {'C3DataUtilities': {'branch': None, 'commit': '417faef61bd7caf40b3ea0dc36c5e033ca7ea3d5', 'date': 'Fri Dec 30 07:03:34 2022 -0800', 'query_return_code': 0, 'query_err': '', 'query_path': '/qfs/projects/goc/share/loadbalancing/src/nonmpi-template/Challenge3/C3DataUtilities/datautilities', 'query_out': 'commit 417faef61bd7caf40b3ea0dc36c5e033ca7ea3d5\nAuthor: Jesse T Holzer <jesse.holzer@pnnl.gov>\nDate:   Fri Dec 30 07:03:34 2022 -0800\n\n    add z_value, z_cost, z_penalty components of z_base\n'}, 'Bid-DS-data-model': {'branch': None, 'commit': None, 'date': None, 'query_return_code': 128, 'query_err': 'fatal: Not a git repository (or any parent up to mount point /rcfs)\nStopping at filesystem boundary (GIT_DISCOVERY_ACROSS_FILESYSTEM not set).\n', 'query_path': '/rcfs/dtn/arpacomp/.conda/envs/goc_eval/lib/python3.10/site-packages/datamodel', 'query_out': ''}}

after reading problem without validation, memory info: {'rss bytes': 106528768, 'rss human': '101.6M', 'percent': 0.03942151503454551}
read problem data file without validation time: 0.0011594295501708984
after reading problem with validation, memory info: {'rss bytes': 107065344, 'rss human': '102.1M', 'percent': 0.039620077725622316}
load time: 0.005166292190551758
{'general': {'base_norm_mva': 100.0,
             'day_type': None,
             'electricity_demand': None,
             'net_load': None,
             'season': None,
             'solar_availability': None,
             'timestamp_start': None,
             'timestamp_stop': None,
             'vre_availability': None,
             'weather_temperature': None,
             'wind_availability': None},
 'interval durations': [0.25,
                        0.25,
                        0.25,
                        0.25,
                        0.25,
                        0.25,
                        0.25,
                        0.25,
                        0.5,
                        0.5,
                        0.5,
                        0.5,
                        0.5,
                        0.5,
                        0.5,
                        0.5,
                        1.0,
                        1.0],
 'num ac lines': 2,
 'num buses': 3,
 'num consuming devices': 1,
 'num contingencies': 2,
 'num dc lines': 0,
 'num intervals': 18,
 'num producing devices': 2,
 'num reactive power reserve zones': 1,
 'num real power reserve zones': 1,
 'num shunts': 2,
 'num simple dispatchable devices': 3,
 'num transformers': 2,
 'total duration': 8.0,
 'violation costs': {'e_vio_cost': 100000.0,
                     'p_bus_vio_cost': 100000.0,
                     'q_bus_vio_cost': 100000.0,
                     's_vio_cost': 100000.0}}
after read solution without validation, memory info: {'rss bytes': 107065344, 'rss human': '102.1M', 'percent': 0.039620077725622316}
read solution data file without validation time: 0.0005438327789306641
after read solution with validation, memory info: {'rss bytes': 107335680, 'rss human': '102.4M', 'percent': 0.039720116944027425}
solution load time: 0.002254009246826172
after solution_model_checks(), memory info: {'rss bytes': 107335680, 'rss human': '102.4M', 'percent': 0.039720116944027425}
solution model_checks time: 0.000186920166015625
{}
after problem_data_array.set_from_data_model(), memory info: {'rss bytes': 107593728, 'rss human': '102.6M', 'percent': 0.039815608925232296}
convert problem data to numpy arrays time: 0.0014386177062988281
after solution_data_array.set_from_data_model(), memory info: {'rss bytes': 107593728, 'rss human': '102.6M', 'percent': 0.039815608925232296}
convert solution data to numpy arrays time: 0.00025200843811035156
function: set_summary, time: 0.00018143653869628906
function: set_problem, time: 4.76837158203125e-07
function: set_solution, time: 3.5762786865234375e-06
function: set_solution_zero, time: 2.4557113647460938e-05
function: set_work_zero, time: 3.528594970703125e-05
function: set_matrices, time: 0.0024871826171875
function: __init__, time: 0.0027527809143066406
function: eval_sd_t_d_up_dn, time: 0.0002999305725097656
function: eval_sd_max_startup, time: 8.821487426757812e-05
function: eval_sd_t_z_sus, time: 6.365776062011719e-05
function: eval_acl_t_p_q_fr_to, time: 8.630752563476562e-05
function: eval_xfr_t_p_q_fr_to, time: 8.177757263183594e-05
function: eval_sd_t_su_sd_trajectories, time: 1.6450881958007812e-05
function: eval_sd_max_energy, time: 4.458427429199219e-05
function: eval_sd_min_energy, time: 3.4332275390625e-05
function: eval_sd_t_z_p, time: 0.00015592575073242188
function: eval_bus_t_p, time: 0.0005705356597900391
function: eval_bus_t_q, time: 0.00011563301086425781
sd_t_p_rgu sum: 0.0
prz_sigma_rgu max: 0.07
prz_t_p_rgu_req max: 0.027292400628392183
sd_t_p_rgd sum: 0.0
prz_sigma_rgd max: 0.07
prz_t_p_rgd_req max: 0.027292400628392183
sd_t_p_scr sum: 0.0
prz_sigma_scr max: 0.05
prz_t_p_scr_req max: 0.012250000000961787
sd_t_p_nsc sum: 0.0
prz_sigma_nsc max: 0.05
prz_t_p_nsc_req max: 0.012250000000961787
sd_t_p_rru sum: 0.0
prz_t_p_rru_min max: 0.01
sd_t_p_rrd sum: 0.0
prz_t_p_rrd_min max: 0.01
sd_t_p_qru sum: 0.0
qrz_t_q_qru_min max: 0.01
sd_t_p_qrd sum: 0.0
qrz_t_q_qrd_min max: 0.01
function: get_connected_components, time: 0.0002117156982421875
function: get_bridges, time: 0.0003204345703125
function: get_connected_components, time: 2.8371810913085938e-05
function: get_bridges, time: 8.797645568847656e-05
function: get_connected_components, time: 2.4318695068359375e-05
function: get_bridges, time: 7.963180541992188e-05
function: get_connected_components, time: 2.4318695068359375e-05
function: get_bridges, time: 7.939338684082031e-05
function: get_connected_components, time: 2.3365020751953125e-05
function: get_bridges, time: 7.581710815429688e-05
function: get_connected_components, time: 2.2649765014648438e-05
function: get_bridges, time: 8.416175842285156e-05
function: get_connected_components, time: 2.288818359375e-05
function: get_bridges, time: 8.082389831542969e-05
function: get_connected_components, time: 2.288818359375e-05
function: get_bridges, time: 7.772445678710938e-05
function: get_connected_components, time: 2.2411346435546875e-05
function: get_bridges, time: 7.43865966796875e-05
function: get_connected_components, time: 2.193450927734375e-05
function: get_bridges, time: 7.796287536621094e-05
function: get_connected_components, time: 2.2172927856445312e-05
function: get_bridges, time: 8.96453857421875e-05
function: get_connected_components, time: 2.765655517578125e-05
function: get_bridges, time: 9.822845458984375e-05
function: get_connected_components, time: 2.2649765014648438e-05
function: get_bridges, time: 7.486343383789062e-05
function: get_connected_components, time: 2.2649765014648438e-05
function: get_bridges, time: 8.416175842285156e-05
function: get_connected_components, time: 2.2411346435546875e-05
function: get_bridges, time: 0.00012826919555664062
function: get_connected_components, time: 2.3365020751953125e-05
function: get_bridges, time: 7.700920104980469e-05
function: get_connected_components, time: 2.2172927856445312e-05
function: get_bridges, time: 7.43865966796875e-05
function: get_connected_components, time: 2.193450927734375e-05
function: get_bridges, time: 7.390975952148438e-05
end of eval_connectedness(), memory info: {'rss bytes': 108109824, 'rss human': '103.1M', 'percent': 0.040006592887642044}
function: eval_connectedness, time: 0.0029168128967285156
problem dimensions. bus: 3, acl: 2, xfr: 2, dcl: 0, k: 2, t: 18
construct static bus admittance matrix. time: 0.0009336471557617188
factor static bus admittance matrix. time: 0.0027894973754882812
t_acl_delta_t: [array([], dtype=int64), array([], dtype=int64), array([], dtype=int64), array([], dtype=int64), array([], dtype=int64), array([], dtype=int64), array([], dtype=int64), array([], dtype=int64), array([], dtype=int64), array([], dtype=int64), array([], dtype=int64), array([], dtype=int64), array([], dtype=int64), array([], dtype=int64), array([], dtype=int64), array([], dtype=int64), array([], dtype=int64), array([], dtype=int64)], t_xfr_delta_t: [array([], dtype=int64), array([], dtype=int64), array([], dtype=int64), array([], dtype=int64), array([], dtype=int64), array([], dtype=int64), array([], dtype=int64), array([], dtype=int64), array([], dtype=int64), array([], dtype=int64), array([], dtype=int64), array([], dtype=int64), array([], dtype=int64), array([], dtype=int64), array([], dtype=int64), array([], dtype=int64), array([], dtype=int64), array([], dtype=int64)], t_br_delta_t: [array([], dtype=int64), array([], dtype=int64), array([], dtype=int64), array([], dtype=int64), array([], dtype=int64), array([], dtype=int64), array([], dtype=int64), array([], dtype=int64), array([], dtype=int64), array([], dtype=int64), array([], dtype=int64), array([], dtype=int64), array([], dtype=int64), array([], dtype=int64), array([], dtype=int64), array([], dtype=int64), array([], dtype=int64), array([], dtype=int64)], acl_delta_t: [], xfr_delta_t: [], br_delta_t: []
contingency delta branches. acl: 1, xfr: 1, dcl: 0
construct bus,t-indexed right hand side. time: 9.822845458984375e-05
solve for base case bus,t-indexed theta. time: 0.016062021255493164
num AC branches with possible violations in ACL contingencies: 0
num AC branches with possible violations in DCL contingencies: 0
num AC branches with possible violations in XFR contingencies: 0
t: 0, time: 0.0022356510162353516, memory_info: {'rss bytes': 112357376, 'rss human': '107.2M', 'percent': 0.04157842121318894}
num AC branches with possible violations in ACL contingencies: 0
num AC branches with possible violations in DCL contingencies: 0
num AC branches with possible violations in XFR contingencies: 0
t: 1, time: 0.0011959075927734375, memory_info: {'rss bytes': 112357376, 'rss human': '107.2M', 'percent': 0.04157842121318894}
num AC branches with possible violations in ACL contingencies: 0
num AC branches with possible violations in DCL contingencies: 0
num AC branches with possible violations in XFR contingencies: 0
t: 2, time: 0.0011515617370605469, memory_info: {'rss bytes': 112357376, 'rss human': '107.2M', 'percent': 0.04157842121318894}
num AC branches with possible violations in ACL contingencies: 0
num AC branches with possible violations in DCL contingencies: 0
num AC branches with possible violations in XFR contingencies: 0
t: 3, time: 0.001110076904296875, memory_info: {'rss bytes': 112357376, 'rss human': '107.2M', 'percent': 0.04157842121318894}
num AC branches with possible violations in ACL contingencies: 0
num AC branches with possible violations in DCL contingencies: 0
num AC branches with possible violations in XFR contingencies: 0
t: 4, time: 0.0011386871337890625, memory_info: {'rss bytes': 112357376, 'rss human': '107.2M', 'percent': 0.04157842121318894}
num AC branches with possible violations in ACL contingencies: 0
num AC branches with possible violations in DCL contingencies: 0
num AC branches with possible violations in XFR contingencies: 0
t: 5, time: 0.0011065006256103516, memory_info: {'rss bytes': 112357376, 'rss human': '107.2M', 'percent': 0.04157842121318894}
num AC branches with possible violations in ACL contingencies: 0
num AC branches with possible violations in DCL contingencies: 0
num AC branches with possible violations in XFR contingencies: 0
t: 6, time: 0.001132965087890625, memory_info: {'rss bytes': 112357376, 'rss human': '107.2M', 'percent': 0.04157842121318894}
num AC branches with possible violations in ACL contingencies: 0
num AC branches with possible violations in DCL contingencies: 0
num AC branches with possible violations in XFR contingencies: 0
t: 7, time: 0.0010993480682373047, memory_info: {'rss bytes': 112357376, 'rss human': '107.2M', 'percent': 0.04157842121318894}
num AC branches with possible violations in ACL contingencies: 0
num AC branches with possible violations in DCL contingencies: 0
num AC branches with possible violations in XFR contingencies: 0
t: 8, time: 0.0010936260223388672, memory_info: {'rss bytes': 112357376, 'rss human': '107.2M', 'percent': 0.04157842121318894}
num AC branches with possible violations in ACL contingencies: 0
num AC branches with possible violations in DCL contingencies: 0
num AC branches with possible violations in XFR contingencies: 0
t: 9, time: 0.0011019706726074219, memory_info: {'rss bytes': 112357376, 'rss human': '107.2M', 'percent': 0.04157842121318894}
num AC branches with possible violations in ACL contingencies: 0
num AC branches with possible violations in DCL contingencies: 0
num AC branches with possible violations in XFR contingencies: 0
t: 10, time: 0.0010962486267089844, memory_info: {'rss bytes': 112357376, 'rss human': '107.2M', 'percent': 0.04157842121318894}
num AC branches with possible violations in ACL contingencies: 0
num AC branches with possible violations in DCL contingencies: 0
num AC branches with possible violations in XFR contingencies: 0
t: 11, time: 0.0010967254638671875, memory_info: {'rss bytes': 112357376, 'rss human': '107.2M', 'percent': 0.04157842121318894}
num AC branches with possible violations in ACL contingencies: 0
num AC branches with possible violations in DCL contingencies: 0
num AC branches with possible violations in XFR contingencies: 0
t: 12, time: 0.0011353492736816406, memory_info: {'rss bytes': 112357376, 'rss human': '107.2M', 'percent': 0.04157842121318894}
num AC branches with possible violations in ACL contingencies: 0
num AC branches with possible violations in DCL contingencies: 0
num AC branches with possible violations in XFR contingencies: 0
t: 13, time: 0.0010914802551269531, memory_info: {'rss bytes': 112357376, 'rss human': '107.2M', 'percent': 0.04157842121318894}
num AC branches with possible violations in ACL contingencies: 0
num AC branches with possible violations in DCL contingencies: 0
num AC branches with possible violations in XFR contingencies: 0
t: 14, time: 0.0011217594146728516, memory_info: {'rss bytes': 112357376, 'rss human': '107.2M', 'percent': 0.04157842121318894}
num AC branches with possible violations in ACL contingencies: 0
num AC branches with possible violations in DCL contingencies: 0
num AC branches with possible violations in XFR contingencies: 0
t: 15, time: 0.001085519790649414, memory_info: {'rss bytes': 112357376, 'rss human': '107.2M', 'percent': 0.04157842121318894}
num AC branches with possible violations in ACL contingencies: 0
num AC branches with possible violations in DCL contingencies: 0
num AC branches with possible violations in XFR contingencies: 0
t: 16, time: 0.001115560531616211, memory_info: {'rss bytes': 112357376, 'rss human': '107.2M', 'percent': 0.04157842121318894}
num AC branches with possible violations in ACL contingencies: 0
num AC branches with possible violations in DCL contingencies: 0
num AC branches with possible violations in XFR contingencies: 0
t: 17, time: 0.0010881423950195312, memory_info: {'rss bytes': 112357376, 'rss human': '107.2M', 'percent': 0.04157842121318894}
initialize_m_w_time: 0.0004363059997558594
compute_static_w_time: 3.838539123535156e-05
get_time_varying_branch_characteristics_time: 0.00033664703369140625
construct_a_t_time: 0.005338191986083984
factor_a_t_time: 0.0021543502807617188
compute_w_with_t_a_solve_time: 0.0002460479736328125
compute_v_t_time: 1.430511474609375e-06
compute_w_with_t_smw_time: 1.9073486328125e-06
compute_v_time: 0.0005486011505126953
compute_bus_theta_with_t_a_solve_time: 0.00011229515075683594
compute_bus_theta_with_t_smw_time: 1.1920928955078125e-06
compute_br_p_time: 0.0015401840209960938
apply_w_v_wt_time: 0.0005195140838623047
compute_bus_dtheta_rhs_dcl_k_time: 0.0015156269073486328
compute_w_v_wt_xfr_k_time: 0.0020380020141601562
compute_bus_dtheta_rhs_xfr_k_time: 2.1457672119140625e-06
compute_br_acl_delta_k_p_delta_time: 0.00101470947265625
compute_br_dcl_delta_k_p_delta_time: 0.0009088516235351562
compute_br_xfr_delta_k_p_delta_time: 0.0008928775787353516
filter_branches_acl_k_time: 0.0006270408630371094
filter_branches_dcl_k_time: 0.00025272369384765625
filter_branches_xfr_k_time: 0.0004487037658691406
compute_br_acl_delta_k_p_time: 5.602836608886719e-05
compute_br_dcl_delta_k_p_time: 6.175041198730469e-05
compute_br_xfr_delta_k_p_time: 4.1961669921875e-05
compute_br_acl_delta_k_s_over_time: 0.0002455711364746094
compute_br_dcl_delta_k_s_over_time: 0.0002498626708984375
compute_br_xfr_delta_k_s_over_time: 0.00022411346435546875
zero_out_time: 6.961822509765625e-05
get_max_br_acl_delta_k_s_over_time: 0.0005023479461669922
get_max_br_dcl_delta_k_s_over_time: 2.6226043701171875e-06
get_max_br_xfr_delta_k_s_over_time: 0.0002989768981933594
compute_br_k_z_time: 0.00043129920959472656
collect_penalties_into_obj_array_time: 0.00019598007202148438
end of contingency model method 1, memory info: {'rss bytes': 112357376, 'rss human': '107.2M', 'percent': 0.04157842121318894}
function: eval_post_contingency_model, time: 0.04588913917541504
function: eval_post_contingency_model, time: 0.0458981990814209
function: run, time: 0.053550004959106445
after solution_evaluator.run(), memory info: {'rss bytes': 112357376, 'rss human': '107.2M', 'percent': 0.04157842121318894}
evaluation summary:
{'feas': 1,
 'infeas': 0,
 'info_i_i_k_t_disconnected_ctg': {'idx': {0: None, 1: None, 2: None, 3: None},
                                   'val': 0},
 'info_i_i_t_disconnected_base': {'idx': {0: None, 1: None, 2: None}, 'val': 0},
 'sum_acl_t_u_sd': 0,
 'sum_acl_t_u_su': 0,
 'sum_acl_t_z_s': 0.0,
 'sum_acl_t_z_sd': 0.0,
 'sum_acl_t_z_su': 0.0,
 'sum_bus_t_z_p': 593650.1687291751,
 'sum_bus_t_z_q': 519299.2749463002,
 'sum_cs_t_z_p': 137155.9608774625,
 'sum_pr_t_z_p': 19.600000000721337,
 'sum_prz_t_z_nsc': 37.88728050482054,
 'sum_prz_t_z_rgd': 18.287280504099193,
 'sum_prz_t_z_rgu': 18.287280504099193,
 'sum_prz_t_z_rrd': 8.0,
 'sum_prz_t_z_rru': 8.0,
 'sum_prz_t_z_scr': 28.08728050445987,
 'sum_qrz_t_z_qrd': 8.0,
 'sum_qrz_t_z_qru': 8.0,
 'sum_sd_t_sd': 0,
 'sum_sd_t_su': 0,
 'sum_sd_t_z_nsc': 0.0,
 'sum_sd_t_z_on': 0.0,
 'sum_sd_t_z_qrd': 0.0,
 'sum_sd_t_z_qru': 0.0,
 'sum_sd_t_z_rgd': 0.0,
 'sum_sd_t_z_rgu': 0.0,
 'sum_sd_t_z_rrd_off': 0.0,
 'sum_sd_t_z_rrd_on': 0.0,
 'sum_sd_t_z_rru_off': 0.0,
 'sum_sd_t_z_rru_on': 0.0,
 'sum_sd_t_z_scr': 0.0,
 'sum_sd_t_z_sd': 0.0,
 'sum_sd_t_z_su': 0.0,
 'sum_sd_t_z_sus': 0.0,
 'sum_xfr_t_u_sd': 0,
 'sum_xfr_t_u_su': 0,
 'sum_xfr_t_z_s': 0.0,
 'sum_xfr_t_z_sd': 0.0,
 'sum_xfr_t_z_su': 0.0,
 'viol_acl_acl_t_s_max_ctg': {'idx': {0: None, 1: None, 2: None}, 'val': 0.0},
 'viol_acl_dcl_t_s_max_ctg': {'idx': {0: None, 1: None, 2: None}, 'val': 0.0},
 'viol_acl_t_s_max': {'idx': {0: 'acl_0', 1: 0}, 'val': 0.0},
 'viol_acl_t_u_sd_max': {'idx': {0: 'acl_0', 1: 0}, 'val': 0},
 'viol_acl_t_u_su_max': {'idx': {0: 'acl_0', 1: 0}, 'val': 0},
 'viol_acl_xfr_t_s_max_ctg': {'idx': {0: None, 1: None, 2: None}, 'val': 0.0},
 'viol_bus_t_p_balance_max': {'idx': {0: 'bus_0', 1: 0},
                              'val': 0.38989143754845973},
 'viol_bus_t_p_balance_min': {'idx': {0: 'bus_1', 1: 1},
                              'val': -0.2457064480926775},
 'viol_bus_t_q_balance_max': {'idx': {0: 'bus_0', 1: 0},
                              'val': 0.1523856208867591},
 'viol_bus_t_q_balance_min': {'idx': {0: 'bus_2', 1: 0},
                              'val': -0.47029209239159186},
 'viol_bus_t_v_max': {'idx': {0: 'bus_0', 1: 0}, 'val': 0.0},
 'viol_bus_t_v_min': {'idx': {0: 'bus_0', 1: 0}, 'val': 0.0},
 'viol_cs_t_p_off_max': {'idx': {0: 'sd_2', 1: 0}, 'val': 0.0},
 'viol_cs_t_p_off_min': {'idx': {0: 'sd_2', 1: 0}, 'val': 0.0},
 'viol_cs_t_p_on_max': {'idx': {0: 'sd_2', 1: 0}, 'val': 0.0},
 'viol_cs_t_p_on_min': {'idx': {0: 'sd_2', 1: 0}, 'val': 0.0},
 'viol_cs_t_q_max': {'idx': {0: 'sd_2', 1: 0}, 'val': 0.0},
 'viol_cs_t_q_min': {'idx': {0: 'sd_2', 1: 0}, 'val': 0.0},
 'viol_cs_t_q_p_max': {'idx': {0: None, 1: None}, 'val': None},
 'viol_cs_t_q_p_min': {'idx': {0: None, 1: None}, 'val': None},
 'viol_dcl_t_p_max': {'idx': {0: None, 1: None}, 'val': None},
 'viol_dcl_t_p_min': {'idx': {0: None, 1: None}, 'val': None},
 'viol_dcl_t_q_fr_max': {'idx': {0: None, 1: None}, 'val': None},
 'viol_dcl_t_q_fr_min': {'idx': {0: None, 1: None}, 'val': None},
 'viol_dcl_t_q_to_max': {'idx': {0: None, 1: None}, 'val': None},
 'viol_dcl_t_q_to_min': {'idx': {0: None, 1: None}, 'val': None},
 'viol_pr_t_p_off_max': {'idx': {0: 'sd_0', 1: 0}, 'val': 0.0},
 'viol_pr_t_p_off_min': {'idx': {0: 'sd_0', 1: 0}, 'val': 0.0},
 'viol_pr_t_p_on_max': {'idx': {0: 'sd_0', 1: 0}, 'val': 0.0},
 'viol_pr_t_p_on_min': {'idx': {0: 'sd_0', 1: 0}, 'val': 0.0},
 'viol_pr_t_q_max': {'idx': {0: 'sd_0', 1: 0}, 'val': 0.0},
 'viol_pr_t_q_min': {'idx': {0: 'sd_0', 1: 0}, 'val': 0.0},
 'viol_pr_t_q_p_max': {'idx': {0: None, 1: None}, 'val': None},
 'viol_pr_t_q_p_min': {'idx': {0: None, 1: None}, 'val': None},
 'viol_prz_t_p_nsc_balance': {'idx': {0: 'prz_0', 1: 0},
                              'val': 0.05179240062839219},
 'viol_prz_t_p_rgd_balance': {'idx': {0: 'prz_0', 1: 0},
                              'val': 0.027292400628392183},
 'viol_prz_t_p_rgu_balance': {'idx': {0: 'prz_0', 1: 0},
                              'val': 0.027292400628392183},
 'viol_prz_t_p_rrd_balance': {'idx': {0: 'prz_0', 1: 0}, 'val': 0.01},
 'viol_prz_t_p_rru_balance': {'idx': {0: 'prz_0', 1: 0}, 'val': 0.01},
 'viol_prz_t_p_scr_balance': {'idx': {0: 'prz_0', 1: 0},
                              'val': 0.039542400628392184},
 'viol_qrz_t_q_qrd_balance': {'idx': {0: 'qrz_0', 1: 0}, 'val': 0.01},
 'viol_qrz_t_q_qru_balance': {'idx': {0: 'qrz_0', 1: 0}, 'val': 0.01},
 'viol_sd_max_energy_constr': {'idx': {0: 'sd_0', 1: 0}, 'val': 0.0},
 'viol_sd_max_startup_constr': {'idx': {0: 'sd_0', 1: 0}, 'val': 0},
 'viol_sd_min_energy_constr': {'idx': {0: 'sd_0', 1: 0}, 'val': 0.0},
 'viol_sd_t_d_dn_min': {'idx': {0: 'sd_0', 1: 0}, 'val': 0},
 'viol_sd_t_d_up_min': {'idx': {0: 'sd_0', 1: 0}, 'val': 0},
 'viol_sd_t_p_nsc_max': {'idx': {0: 'sd_0', 1: 0}, 'val': 0.0},
 'viol_sd_t_p_nsc_nonneg': {'idx': {0: 'sd_0', 1: 0}, 'val': -0.0},
 'viol_sd_t_p_ramp_dn_max': {'idx': {0: 'sd_0', 1: 0}, 'val': 0.0},
 'viol_sd_t_p_ramp_up_max': {'idx': {0: 'sd_0', 1: 0}, 'val': 0.0},
 'viol_sd_t_p_rgd_max': {'idx': {0: 'sd_0', 1: 0}, 'val': 0.0},
 'viol_sd_t_p_rgd_nonneg': {'idx': {0: 'sd_0', 1: 0}, 'val': -0.0},
 'viol_sd_t_p_rgu_max': {'idx': {0: 'sd_0', 1: 0}, 'val': 0.0},
 'viol_sd_t_p_rgu_nonneg': {'idx': {0: 'sd_0', 1: 0}, 'val': -0.0},
 'viol_sd_t_p_rrd_off_max': {'idx': {0: 'sd_0', 1: 0}, 'val': 0.0},
 'viol_sd_t_p_rrd_off_nonneg': {'idx': {0: 'sd_0', 1: 0}, 'val': -0.0},
 'viol_sd_t_p_rrd_on_max': {'idx': {0: 'sd_0', 1: 0}, 'val': 0.0},
 'viol_sd_t_p_rrd_on_nonneg': {'idx': {0: 'sd_0', 1: 0}, 'val': -0.0},
 'viol_sd_t_p_rru_off_max': {'idx': {0: 'sd_0', 1: 0}, 'val': 0.0},
 'viol_sd_t_p_rru_off_nonneg': {'idx': {0: 'sd_0', 1: 0}, 'val': -0.0},
 'viol_sd_t_p_rru_on_max': {'idx': {0: 'sd_0', 1: 0}, 'val': 0.0},
 'viol_sd_t_p_rru_on_nonneg': {'idx': {0: 'sd_0', 1: 0}, 'val': -0.0},
 'viol_sd_t_p_scr_max': {'idx': {0: 'sd_0', 1: 0}, 'val': 0.0},
 'viol_sd_t_p_scr_nonneg': {'idx': {0: 'sd_0', 1: 0}, 'val': -0.0},
 'viol_sd_t_q_qrd_nonneg': {'idx': {0: 'sd_0', 1: 0}, 'val': -0.0},
 'viol_sd_t_q_qru_nonneg': {'idx': {0: 'sd_0', 1: 0}, 'val': -0.0},
 'viol_sd_t_u_on_max': {'idx': {0: 'sd_0', 1: 0}, 'val': 0},
 'viol_sd_t_u_on_min': {'idx': {0: 'sd_0', 1: 0}, 'val': 0},
 'viol_sh_t_u_st_max': {'idx': {0: 'sh_0', 1: 0}, 'val': 0},
 'viol_sh_t_u_st_min': {'idx': {0: 'sh_0', 1: 0}, 'val': 0},
 'viol_t_connected_base': {'idx': {0: 0}, 'val': 0},
 'viol_t_connected_ctg': {'idx': {0: 0}, 'val': 0},
 'viol_xfr_acl_t_s_max_ctg': {'idx': {0: None, 1: None, 2: None}, 'val': 0.0},
 'viol_xfr_dcl_t_s_max_ctg': {'idx': {0: None, 1: None, 2: None}, 'val': 0.0},
 'viol_xfr_t_phi_max': {'idx': {0: 'xfr_0', 1: 0}, 'val': 0.0},
 'viol_xfr_t_phi_min': {'idx': {0: 'xfr_0', 1: 0}, 'val': 0.0},
 'viol_xfr_t_s_max': {'idx': {0: 'xfr_0', 1: 0}, 'val': 0.0},
 'viol_xfr_t_tau_max': {'idx': {0: 'xfr_0', 1: 0}, 'val': 0.0},
 'viol_xfr_t_tau_min': {'idx': {0: 'xfr_0', 1: 0}, 'val': 0.0},
 'viol_xfr_t_u_sd_max': {'idx': {0: 'xfr_0', 1: 0}, 'val': 0},
 'viol_xfr_t_u_su_max': {'idx': {0: 'xfr_0', 1: 0}, 'val': 0},
 'viol_xfr_xfr_t_s_max_ctg': {'idx': {0: None, 1: None, 2: None}, 'val': 0.0},
 'z': -975947.6319200312,
 'z_base': -975947.6319200312,
 'z_cost': 19.600000000721337,
 'z_k_average_case': 0.0,
 'z_k_worst_case': 0.0,
 'z_max_energy': 0.0,
 'z_min_energy': 0.0,
 'z_penalty': 1113083.9927974928,
 'z_value': 137155.9608774625}
infeasibility summary:
{}
feas: 1
obj: -975947.6319200312
evaluate solution time: 0.05945324897766113
end of check_data(), memory info: {'rss bytes': 113127424, 'rss human': '107.9M', 'percent': 0.04186338141107015}
