/rcfs/dtn/arpacomp/.conda/envs/goc_eval/lib/python3.10/site-packages/scipy/sparse/linalg/_dsolve/linsolve.py:347: SparseEfficiencyWarning: splu converted its input to CSC format
  warn('splu converted its input to CSC format', SparseEfficiencyWarning)
args:
Namespace(problem_opt=None, problem='/qfs/projects/goc/share/data/C3/E1/D1/C3E1N00003D1/scenario_117.json', solution='/qfs/projects/goc/share/data/C3/E1/D1/C3E1N00003D1/scenario_117.json.pop_solution.json', configuration=None, parameters='{}', summary_csv='summary.csv', summary_json='summary.json', data_errors='data_errors.txt', ignored_errors='ignored_errors.txt', solution_errors='solution_errors.txt', pop_solution=None, scrubbed_problem=None)
problem data file: /qfs/projects/goc/share/data/C3/E1/D1/C3E1N00003D1/scenario_117.json

pop solution data file: None

solution data file: /qfs/projects/goc/share/data/C3/E1/D1/C3E1N00003D1/scenario_117.json.pop_solution.json

git info: {'C3DataUtilities': {'branch': None, 'commit': '417faef61bd7caf40b3ea0dc36c5e033ca7ea3d5', 'date': 'Fri Dec 30 07:03:34 2022 -0800', 'query_return_code': 0, 'query_err': '', 'query_path': '/qfs/projects/goc/share/loadbalancing/src/nonmpi-template/Challenge3/C3DataUtilities/datautilities', 'query_out': 'commit 417faef61bd7caf40b3ea0dc36c5e033ca7ea3d5\nAuthor: Jesse T Holzer <jesse.holzer@pnnl.gov>\nDate:   Fri Dec 30 07:03:34 2022 -0800\n\n    add z_value, z_cost, z_penalty components of z_base\n'}, 'Bid-DS-data-model': {'branch': None, 'commit': None, 'date': None, 'query_return_code': 128, 'query_err': 'fatal: Not a git repository (or any parent up to mount point /rcfs)\nStopping at filesystem boundary (GIT_DISCOVERY_ACROSS_FILESYSTEM not set).\n', 'query_path': '/rcfs/dtn/arpacomp/.conda/envs/goc_eval/lib/python3.10/site-packages/datamodel', 'query_out': ''}}

after reading problem without validation, memory info: {'rss bytes': 131608576, 'rss human': '125.5M', 'percent': 0.04870422154083235}
read problem data file without validation time: 0.0013127326965332031
after reading problem with validation, memory info: {'rss bytes': 132145152, 'rss human': '126.0M', 'percent': 0.048902791551782794}
load time: 0.005654335021972656
{'general': {'base_norm_mva': 100.0,
             'day_type': None,
             'electricity_demand': None,
             'net_load': None,
             'season': None,
             'solar_availability': None,
             'timestamp_start': None,
             'timestamp_stop': None,
             'vre_availability': None,
             'weather_temperature': None,
             'wind_availability': None},
 'interval durations': [0.25,
                        0.25,
                        0.25,
                        0.25,
                        0.25,
                        0.25,
                        0.25,
                        0.25,
                        0.5,
                        0.5,
                        0.5,
                        0.5,
                        0.5,
                        0.5,
                        0.5,
                        0.5,
                        1.0,
                        1.0],
 'num ac lines': 2,
 'num buses': 3,
 'num consuming devices': 1,
 'num contingencies': 2,
 'num dc lines': 0,
 'num intervals': 18,
 'num producing devices': 2,
 'num reactive power reserve zones': 1,
 'num real power reserve zones': 1,
 'num shunts': 2,
 'num simple dispatchable devices': 3,
 'num transformers': 2,
 'total duration': 8.0,
 'violation costs': {'e_vio_cost': 100000.0,
                     'p_bus_vio_cost': 100000.0,
                     'q_bus_vio_cost': 100000.0,
                     's_vio_cost': 100000.0}}
after read solution without validation, memory info: {'rss bytes': 132145152, 'rss human': '126.0M', 'percent': 0.048902791551782794}
read solution data file without validation time: 0.0007562637329101562
after read solution with validation, memory info: {'rss bytes': 132415488, 'rss human': '126.3M', 'percent': 0.04900283445806318}
solution load time: 0.0022995471954345703
after solution_model_checks(), memory info: {'rss bytes': 132415488, 'rss human': '126.3M', 'percent': 0.04900283445806318}
solution model_checks time: 0.00020551681518554688
{}
after problem_data_array.set_from_data_model(), memory info: {'rss bytes': 132677632, 'rss human': '126.5M', 'percent': 0.049099845761122946}
convert problem data to numpy arrays time: 0.0015137195587158203
after solution_data_array.set_from_data_model(), memory info: {'rss bytes': 132677632, 'rss human': '126.5M', 'percent': 0.049099845761122946}
convert solution data to numpy arrays time: 0.0002684593200683594
function: set_summary, time: 0.00021147727966308594
function: set_problem, time: 7.152557373046875e-07
function: set_solution, time: 4.76837158203125e-06
function: set_solution_zero, time: 2.7418136596679688e-05
function: set_work_zero, time: 4.3392181396484375e-05
function: set_matrices, time: 0.002492666244506836
function: __init__, time: 0.0028009414672851562
function: eval_sd_t_d_up_dn, time: 0.0003094673156738281
function: eval_sd_max_startup, time: 9.131431579589844e-05
function: eval_sd_t_z_sus, time: 6.318092346191406e-05
function: eval_acl_t_p_q_fr_to, time: 9.036064147949219e-05
function: eval_xfr_t_p_q_fr_to, time: 8.106231689453125e-05
function: eval_sd_t_su_sd_trajectories, time: 1.8835067749023438e-05
function: eval_sd_max_energy, time: 4.267692565917969e-05
function: eval_sd_min_energy, time: 3.3855438232421875e-05
function: eval_sd_t_z_p, time: 0.0001442432403564453
function: eval_bus_t_p, time: 0.0004916191101074219
function: eval_bus_t_q, time: 0.00011181831359863281
sd_t_p_rgu sum: 0.0
prz_sigma_rgu max: 0.07
prz_t_p_rgu_req max: 0.02670692076362218
sd_t_p_rgd sum: 0.0
prz_sigma_rgd max: 0.07
prz_t_p_rgd_req max: 0.02670692076362218
sd_t_p_scr sum: 0.0
prz_sigma_scr max: 0.05
prz_t_p_scr_req max: 0.012250000000619148
sd_t_p_nsc sum: 0.0
prz_sigma_nsc max: 0.05
prz_t_p_nsc_req max: 0.012250000000619148
sd_t_p_rru sum: 0.0
prz_t_p_rru_min max: 0.01
sd_t_p_rrd sum: 0.0
prz_t_p_rrd_min max: 0.01
sd_t_p_qru sum: 0.0
qrz_t_q_qru_min max: 0.01
sd_t_p_qrd sum: 0.0
qrz_t_q_qrd_min max: 0.01
function: get_connected_components, time: 0.00025010108947753906
function: get_bridges, time: 0.0003390312194824219
function: get_connected_components, time: 2.7418136596679688e-05
function: get_bridges, time: 8.273124694824219e-05
function: get_connected_components, time: 2.3603439331054688e-05
function: get_bridges, time: 7.534027099609375e-05
function: get_connected_components, time: 2.2649765014648438e-05
function: get_bridges, time: 7.534027099609375e-05
function: get_connected_components, time: 2.1696090698242188e-05
function: get_bridges, time: 7.128715515136719e-05
function: get_connected_components, time: 2.1696090698242188e-05
function: get_bridges, time: 7.43865966796875e-05
function: get_connected_components, time: 2.1219253540039062e-05
function: get_bridges, time: 7.772445678710938e-05
function: get_connected_components, time: 2.1457672119140625e-05
function: get_bridges, time: 7.510185241699219e-05
function: get_connected_components, time: 2.09808349609375e-05
function: get_bridges, time: 7.104873657226562e-05
function: get_connected_components, time: 2.09808349609375e-05
function: get_bridges, time: 8.130073547363281e-05
function: get_connected_components, time: 2.1219253540039062e-05
function: get_bridges, time: 7.891654968261719e-05
function: get_connected_components, time: 2.1457672119140625e-05
function: get_bridges, time: 7.724761962890625e-05
function: get_connected_components, time: 2.1457672119140625e-05
function: get_bridges, time: 7.05718994140625e-05
function: get_connected_components, time: 2.09808349609375e-05
function: get_bridges, time: 7.462501525878906e-05
function: get_connected_components, time: 2.1696090698242188e-05
function: get_bridges, time: 0.00012636184692382812
function: get_connected_components, time: 2.2172927856445312e-05
function: get_bridges, time: 7.390975952148438e-05
function: get_connected_components, time: 2.193450927734375e-05
function: get_bridges, time: 7.176399230957031e-05
function: get_connected_components, time: 2.09808349609375e-05
function: get_bridges, time: 7.05718994140625e-05
end of eval_connectedness(), memory info: {'rss bytes': 133189632, 'rss human': '127.0M', 'percent': 0.04928932096241155}
function: eval_connectedness, time: 0.0028409957885742188
problem dimensions. bus: 3, acl: 2, xfr: 2, dcl: 0, k: 2, t: 18
construct static bus admittance matrix. time: 0.0008740425109863281
factor static bus admittance matrix. time: 0.0025289058685302734
t_acl_delta_t: [array([], dtype=int64), array([], dtype=int64), array([], dtype=int64), array([], dtype=int64), array([], dtype=int64), array([], dtype=int64), array([], dtype=int64), array([], dtype=int64), array([], dtype=int64), array([], dtype=int64), array([], dtype=int64), array([], dtype=int64), array([], dtype=int64), array([], dtype=int64), array([], dtype=int64), array([], dtype=int64), array([], dtype=int64), array([], dtype=int64)], t_xfr_delta_t: [array([], dtype=int64), array([], dtype=int64), array([], dtype=int64), array([], dtype=int64), array([], dtype=int64), array([], dtype=int64), array([], dtype=int64), array([], dtype=int64), array([], dtype=int64), array([], dtype=int64), array([], dtype=int64), array([], dtype=int64), array([], dtype=int64), array([], dtype=int64), array([], dtype=int64), array([], dtype=int64), array([], dtype=int64), array([], dtype=int64)], t_br_delta_t: [array([], dtype=int64), array([], dtype=int64), array([], dtype=int64), array([], dtype=int64), array([], dtype=int64), array([], dtype=int64), array([], dtype=int64), array([], dtype=int64), array([], dtype=int64), array([], dtype=int64), array([], dtype=int64), array([], dtype=int64), array([], dtype=int64), array([], dtype=int64), array([], dtype=int64), array([], dtype=int64), array([], dtype=int64), array([], dtype=int64)], acl_delta_t: [], xfr_delta_t: [], br_delta_t: []
contingency delta branches. acl: 1, xfr: 1, dcl: 0
construct bus,t-indexed right hand side. time: 9.512901306152344e-05
solve for base case bus,t-indexed theta. time: 0.009040594100952148
num AC branches with possible violations in ACL contingencies: 0
num AC branches with possible violations in DCL contingencies: 0
num AC branches with possible violations in XFR contingencies: 0
t: 0, time: 0.002151012420654297, memory_info: {'rss bytes': 137490432, 'rss human': '131.1M', 'percent': 0.0508809126532358}
num AC branches with possible violations in ACL contingencies: 0
num AC branches with possible violations in DCL contingencies: 0
num AC branches with possible violations in XFR contingencies: 0
t: 1, time: 0.0011494159698486328, memory_info: {'rss bytes': 137490432, 'rss human': '131.1M', 'percent': 0.0508809126532358}
num AC branches with possible violations in ACL contingencies: 0
num AC branches with possible violations in DCL contingencies: 0
num AC branches with possible violations in XFR contingencies: 0
t: 2, time: 0.001123666763305664, memory_info: {'rss bytes': 137490432, 'rss human': '131.1M', 'percent': 0.0508809126532358}
num AC branches with possible violations in ACL contingencies: 0
num AC branches with possible violations in DCL contingencies: 0
num AC branches with possible violations in XFR contingencies: 0
t: 3, time: 0.0010759830474853516, memory_info: {'rss bytes': 137490432, 'rss human': '131.1M', 'percent': 0.0508809126532358}
num AC branches with possible violations in ACL contingencies: 0
num AC branches with possible violations in DCL contingencies: 0
num AC branches with possible violations in XFR contingencies: 0
t: 4, time: 0.0010943412780761719, memory_info: {'rss bytes': 137490432, 'rss human': '131.1M', 'percent': 0.0508809126532358}
num AC branches with possible violations in ACL contingencies: 0
num AC branches with possible violations in DCL contingencies: 0
num AC branches with possible violations in XFR contingencies: 0
t: 5, time: 0.0010793209075927734, memory_info: {'rss bytes': 137490432, 'rss human': '131.1M', 'percent': 0.0508809126532358}
num AC branches with possible violations in ACL contingencies: 0
num AC branches with possible violations in DCL contingencies: 0
num AC branches with possible violations in XFR contingencies: 0
t: 6, time: 0.001093149185180664, memory_info: {'rss bytes': 137490432, 'rss human': '131.1M', 'percent': 0.0508809126532358}
num AC branches with possible violations in ACL contingencies: 0
num AC branches with possible violations in DCL contingencies: 0
num AC branches with possible violations in XFR contingencies: 0
t: 7, time: 0.0010838508605957031, memory_info: {'rss bytes': 137490432, 'rss human': '131.1M', 'percent': 0.0508809126532358}
num AC branches with possible violations in ACL contingencies: 0
num AC branches with possible violations in DCL contingencies: 0
num AC branches with possible violations in XFR contingencies: 0
t: 8, time: 0.0010845661163330078, memory_info: {'rss bytes': 137490432, 'rss human': '131.1M', 'percent': 0.0508809126532358}
num AC branches with possible violations in ACL contingencies: 0
num AC branches with possible violations in DCL contingencies: 0
num AC branches with possible violations in XFR contingencies: 0
t: 9, time: 0.0010797977447509766, memory_info: {'rss bytes': 137490432, 'rss human': '131.1M', 'percent': 0.0508809126532358}
num AC branches with possible violations in ACL contingencies: 0
num AC branches with possible violations in DCL contingencies: 0
num AC branches with possible violations in XFR contingencies: 0
t: 10, time: 0.0010790824890136719, memory_info: {'rss bytes': 137490432, 'rss human': '131.1M', 'percent': 0.0508809126532358}
num AC branches with possible violations in ACL contingencies: 0
num AC branches with possible violations in DCL contingencies: 0
num AC branches with possible violations in XFR contingencies: 0
t: 11, time: 0.0010828971862792969, memory_info: {'rss bytes': 137490432, 'rss human': '131.1M', 'percent': 0.0508809126532358}
num AC branches with possible violations in ACL contingencies: 0
num AC branches with possible violations in DCL contingencies: 0
num AC branches with possible violations in XFR contingencies: 0
t: 12, time: 0.0010802745819091797, memory_info: {'rss bytes': 137490432, 'rss human': '131.1M', 'percent': 0.0508809126532358}
num AC branches with possible violations in ACL contingencies: 0
num AC branches with possible violations in DCL contingencies: 0
num AC branches with possible violations in XFR contingencies: 0
t: 13, time: 0.0010721683502197266, memory_info: {'rss bytes': 137490432, 'rss human': '131.1M', 'percent': 0.0508809126532358}
num AC branches with possible violations in ACL contingencies: 0
num AC branches with possible violations in DCL contingencies: 0
num AC branches with possible violations in XFR contingencies: 0
t: 14, time: 0.0010771751403808594, memory_info: {'rss bytes': 137490432, 'rss human': '131.1M', 'percent': 0.0508809126532358}
num AC branches with possible violations in ACL contingencies: 0
num AC branches with possible violations in DCL contingencies: 0
num AC branches with possible violations in XFR contingencies: 0
t: 15, time: 0.0010688304901123047, memory_info: {'rss bytes': 137490432, 'rss human': '131.1M', 'percent': 0.0508809126532358}
num AC branches with possible violations in ACL contingencies: 0
num AC branches with possible violations in DCL contingencies: 0
num AC branches with possible violations in XFR contingencies: 0
t: 16, time: 0.0010771751403808594, memory_info: {'rss bytes': 137490432, 'rss human': '131.1M', 'percent': 0.0508809126532358}
num AC branches with possible violations in ACL contingencies: 0
num AC branches with possible violations in DCL contingencies: 0
num AC branches with possible violations in XFR contingencies: 0
t: 17, time: 0.0010797977447509766, memory_info: {'rss bytes': 137490432, 'rss human': '131.1M', 'percent': 0.0508809126532358}
initialize_m_w_time: 0.00042319297790527344
compute_static_w_time: 3.981590270996094e-05
get_time_varying_branch_characteristics_time: 0.00032711029052734375
construct_a_t_time: 0.005192279815673828
factor_a_t_time: 0.0021059513092041016
compute_w_with_t_a_solve_time: 0.00023889541625976562
compute_v_t_time: 2.6226043701171875e-06
compute_w_with_t_smw_time: 1.1920928955078125e-06
compute_v_time: 0.0005419254302978516
compute_bus_theta_with_t_a_solve_time: 0.00010585784912109375
compute_bus_theta_with_t_smw_time: 2.6226043701171875e-06
compute_br_p_time: 0.001499176025390625
apply_w_v_wt_time: 0.0005011558532714844
compute_bus_dtheta_rhs_dcl_k_time: 0.0014238357543945312
compute_w_v_wt_xfr_k_time: 0.001972198486328125
compute_bus_dtheta_rhs_xfr_k_time: 2.1457672119140625e-06
compute_br_acl_delta_k_p_delta_time: 0.0010058879852294922
compute_br_dcl_delta_k_p_delta_time: 0.000911712646484375
compute_br_xfr_delta_k_p_delta_time: 0.0008709430694580078
filter_branches_acl_k_time: 0.0006055831909179688
filter_branches_dcl_k_time: 0.00024175643920898438
filter_branches_xfr_k_time: 0.0004241466522216797
compute_br_acl_delta_k_p_time: 5.91278076171875e-05
compute_br_dcl_delta_k_p_time: 6.127357482910156e-05
compute_br_xfr_delta_k_p_time: 3.981590270996094e-05
compute_br_acl_delta_k_s_over_time: 0.00023889541625976562
compute_br_dcl_delta_k_s_over_time: 0.0002434253692626953
compute_br_xfr_delta_k_s_over_time: 0.0002243518829345703
zero_out_time: 7.176399230957031e-05
get_max_br_acl_delta_k_s_over_time: 0.0004839897155761719
get_max_br_dcl_delta_k_s_over_time: 1.9073486328125e-06
get_max_br_xfr_delta_k_s_over_time: 0.0002906322479248047
compute_br_k_z_time: 0.0004334449768066406
collect_penalties_into_obj_array_time: 0.00020313262939453125
end of contingency model method 1, memory info: {'rss bytes': 137490432, 'rss human': '131.1M', 'percent': 0.0508809126532358}
function: eval_post_contingency_model, time: 0.03821086883544922
function: eval_post_contingency_model, time: 0.03821897506713867
function: run, time: 0.045758724212646484
after solution_evaluator.run(), memory info: {'rss bytes': 137490432, 'rss human': '131.1M', 'percent': 0.0508809126532358}
evaluation summary:
{'feas': 1,
 'infeas': 0,
 'info_i_i_k_t_disconnected_ctg': {'idx': {0: None, 1: None, 2: None, 3: None},
                                   'val': 0},
 'info_i_i_t_disconnected_base': {'idx': {0: None, 1: None, 2: None}, 'val': 0},
 'sum_acl_t_u_sd': 0,
 'sum_acl_t_u_su': 0,
 'sum_acl_t_z_s': 0.0,
 'sum_acl_t_z_sd': 0.0,
 'sum_acl_t_z_su': 0.0,
 'sum_bus_t_z_p': 501729.54568553856,
 'sum_bus_t_z_q': 540295.7767341619,
 'sum_cs_t_z_p': 161580.39314778463,
 'sum_pr_t_z_p': 19.600000000464362,
 'sum_prz_t_z_nsc': 40.9218965625364,
 'sum_prz_t_z_rgd': 21.321896562072045,
 'sum_prz_t_z_rgu': 21.321896562072045,
 'sum_prz_t_z_rrd': 8.0,
 'sum_prz_t_z_rru': 8.0,
 'sum_prz_t_z_scr': 31.121896562304222,
 'sum_qrz_t_z_qrd': 8.0,
 'sum_qrz_t_z_qru': 8.0,
 'sum_sd_t_sd': 0,
 'sum_sd_t_su': 0,
 'sum_sd_t_z_nsc': 0.0,
 'sum_sd_t_z_on': 0.0,
 'sum_sd_t_z_qrd': 0.0,
 'sum_sd_t_z_qru': 0.0,
 'sum_sd_t_z_rgd': 0.0,
 'sum_sd_t_z_rgu': 0.0,
 'sum_sd_t_z_rrd_off': 0.0,
 'sum_sd_t_z_rrd_on': 0.0,
 'sum_sd_t_z_rru_off': 0.0,
 'sum_sd_t_z_rru_on': 0.0,
 'sum_sd_t_z_scr': 0.0,
 'sum_sd_t_z_sd': 0.0,
 'sum_sd_t_z_su': 0.0,
 'sum_sd_t_z_sus': 0.0,
 'sum_xfr_t_u_sd': 0,
 'sum_xfr_t_u_su': 0,
 'sum_xfr_t_z_s': 0.0,
 'sum_xfr_t_z_sd': 0.0,
 'sum_xfr_t_z_su': 0.0,
 'viol_acl_acl_t_s_max_ctg': {'idx': {0: None, 1: None, 2: None}, 'val': 0.0},
 'viol_acl_dcl_t_s_max_ctg': {'idx': {0: None, 1: None, 2: None}, 'val': 0.0},
 'viol_acl_t_s_max': {'idx': {0: 'acl_0', 1: 0}, 'val': 0.0},
 'viol_acl_t_u_sd_max': {'idx': {0: 'acl_0', 1: 0}, 'val': 0},
 'viol_acl_t_u_su_max': {'idx': {0: 'acl_0', 1: 0}, 'val': 0},
 'viol_acl_xfr_t_s_max_ctg': {'idx': {0: None, 1: None, 2: None}, 'val': 0.0},
 'viol_bus_t_p_balance_max': {'idx': {0: 'bus_0', 1: 8},
                              'val': 0.38152743948031687},
 'viol_bus_t_p_balance_min': {'idx': {0: 'bus_1', 1: 1},
                              'val': -0.2457064480858247},
 'viol_bus_t_q_balance_max': {'idx': {0: 'bus_0', 1: 0},
                              'val': 0.14828217254250003},
 'viol_bus_t_q_balance_min': {'idx': {0: 'bus_2', 1: 0},
                              'val': -0.47029209239159186},
 'viol_bus_t_v_max': {'idx': {0: 'bus_0', 1: 0}, 'val': 0.0},
 'viol_bus_t_v_min': {'idx': {0: 'bus_0', 1: 0}, 'val': 0.0},
 'viol_cs_t_p_off_max': {'idx': {0: 'sd_2', 1: 0}, 'val': 0.0},
 'viol_cs_t_p_off_min': {'idx': {0: 'sd_2', 1: 0}, 'val': 0.0},
 'viol_cs_t_p_on_max': {'idx': {0: 'sd_2', 1: 0}, 'val': 0.0},
 'viol_cs_t_p_on_min': {'idx': {0: 'sd_2', 1: 0}, 'val': 0.0},
 'viol_cs_t_q_max': {'idx': {0: 'sd_2', 1: 0}, 'val': 0.0},
 'viol_cs_t_q_min': {'idx': {0: 'sd_2', 1: 0}, 'val': 0.0},
 'viol_cs_t_q_p_max': {'idx': {0: None, 1: None}, 'val': None},
 'viol_cs_t_q_p_min': {'idx': {0: None, 1: None}, 'val': None},
 'viol_dcl_t_p_max': {'idx': {0: None, 1: None}, 'val': None},
 'viol_dcl_t_p_min': {'idx': {0: None, 1: None}, 'val': None},
 'viol_dcl_t_q_fr_max': {'idx': {0: None, 1: None}, 'val': None},
 'viol_dcl_t_q_fr_min': {'idx': {0: None, 1: None}, 'val': None},
 'viol_dcl_t_q_to_max': {'idx': {0: None, 1: None}, 'val': None},
 'viol_dcl_t_q_to_min': {'idx': {0: None, 1: None}, 'val': None},
 'viol_pr_t_p_off_max': {'idx': {0: 'sd_0', 1: 0}, 'val': 0.0},
 'viol_pr_t_p_off_min': {'idx': {0: 'sd_0', 1: 0}, 'val': 0.0},
 'viol_pr_t_p_on_max': {'idx': {0: 'sd_0', 1: 0}, 'val': 0.0},
 'viol_pr_t_p_on_min': {'idx': {0: 'sd_0', 1: 0}, 'val': 0.0},
 'viol_pr_t_q_max': {'idx': {0: 'sd_0', 1: 0}, 'val': 0.0},
 'viol_pr_t_q_min': {'idx': {0: 'sd_0', 1: 0}, 'val': 0.0},
 'viol_pr_t_q_p_max': {'idx': {0: None, 1: None}, 'val': None},
 'viol_pr_t_q_p_min': {'idx': {0: None, 1: None}, 'val': None},
 'viol_prz_t_p_nsc_balance': {'idx': {0: 'prz_0', 1: 8},
                              'val': 0.05120692076424133},
 'viol_prz_t_p_rgd_balance': {'idx': {0: 'prz_0', 1: 8},
                              'val': 0.02670692076362218},
 'viol_prz_t_p_rgu_balance': {'idx': {0: 'prz_0', 1: 8},
                              'val': 0.02670692076362218},
 'viol_prz_t_p_rrd_balance': {'idx': {0: 'prz_0', 1: 0}, 'val': 0.01},
 'viol_prz_t_p_rru_balance': {'idx': {0: 'prz_0', 1: 0}, 'val': 0.01},
 'viol_prz_t_p_scr_balance': {'idx': {0: 'prz_0', 1: 8},
                              'val': 0.03895692076393176},
 'viol_qrz_t_q_qrd_balance': {'idx': {0: 'qrz_0', 1: 0}, 'val': 0.01},
 'viol_qrz_t_q_qru_balance': {'idx': {0: 'qrz_0', 1: 0}, 'val': 0.01},
 'viol_sd_max_energy_constr': {'idx': {0: 'sd_0', 1: 0}, 'val': 0.0},
 'viol_sd_max_startup_constr': {'idx': {0: 'sd_0', 1: 0}, 'val': 0},
 'viol_sd_min_energy_constr': {'idx': {0: 'sd_0', 1: 0}, 'val': 0.0},
 'viol_sd_t_d_dn_min': {'idx': {0: 'sd_0', 1: 0}, 'val': 0},
 'viol_sd_t_d_up_min': {'idx': {0: 'sd_0', 1: 0}, 'val': 0},
 'viol_sd_t_p_nsc_max': {'idx': {0: 'sd_0', 1: 0}, 'val': 0.0},
 'viol_sd_t_p_nsc_nonneg': {'idx': {0: 'sd_0', 1: 0}, 'val': -0.0},
 'viol_sd_t_p_ramp_dn_max': {'idx': {0: 'sd_0', 1: 0}, 'val': 0.0},
 'viol_sd_t_p_ramp_up_max': {'idx': {0: 'sd_0', 1: 0}, 'val': 0.0},
 'viol_sd_t_p_rgd_max': {'idx': {0: 'sd_0', 1: 0}, 'val': 0.0},
 'viol_sd_t_p_rgd_nonneg': {'idx': {0: 'sd_0', 1: 0}, 'val': -0.0},
 'viol_sd_t_p_rgu_max': {'idx': {0: 'sd_0', 1: 0}, 'val': 0.0},
 'viol_sd_t_p_rgu_nonneg': {'idx': {0: 'sd_0', 1: 0}, 'val': -0.0},
 'viol_sd_t_p_rrd_off_max': {'idx': {0: 'sd_0', 1: 0}, 'val': 0.0},
 'viol_sd_t_p_rrd_off_nonneg': {'idx': {0: 'sd_0', 1: 0}, 'val': -0.0},
 'viol_sd_t_p_rrd_on_max': {'idx': {0: 'sd_0', 1: 0}, 'val': 0.0},
 'viol_sd_t_p_rrd_on_nonneg': {'idx': {0: 'sd_0', 1: 0}, 'val': -0.0},
 'viol_sd_t_p_rru_off_max': {'idx': {0: 'sd_0', 1: 0}, 'val': 0.0},
 'viol_sd_t_p_rru_off_nonneg': {'idx': {0: 'sd_0', 1: 0}, 'val': -0.0},
 'viol_sd_t_p_rru_on_max': {'idx': {0: 'sd_0', 1: 0}, 'val': 0.0},
 'viol_sd_t_p_rru_on_nonneg': {'idx': {0: 'sd_0', 1: 0}, 'val': -0.0},
 'viol_sd_t_p_scr_max': {'idx': {0: 'sd_0', 1: 0}, 'val': 0.0},
 'viol_sd_t_p_scr_nonneg': {'idx': {0: 'sd_0', 1: 0}, 'val': -0.0},
 'viol_sd_t_q_qrd_nonneg': {'idx': {0: 'sd_0', 1: 0}, 'val': -0.0},
 'viol_sd_t_q_qru_nonneg': {'idx': {0: 'sd_0', 1: 0}, 'val': -0.0},
 'viol_sd_t_u_on_max': {'idx': {0: 'sd_0', 1: 0}, 'val': 0},
 'viol_sd_t_u_on_min': {'idx': {0: 'sd_0', 1: 0}, 'val': 0},
 'viol_sh_t_u_st_max': {'idx': {0: 'sh_0', 1: 0}, 'val': 0},
 'viol_sh_t_u_st_min': {'idx': {0: 'sh_0', 1: 0}, 'val': 0},
 'viol_t_connected_base': {'idx': {0: 0}, 'val': 0},
 'viol_t_connected_ctg': {'idx': {0: 0}, 'val': 0},
 'viol_xfr_acl_t_s_max_ctg': {'idx': {0: None, 1: None, 2: None}, 'val': 0.0},
 'viol_xfr_dcl_t_s_max_ctg': {'idx': {0: None, 1: None, 2: None}, 'val': 0.0},
 'viol_xfr_t_phi_max': {'idx': {0: 'xfr_0', 1: 0}, 'val': 0.0},
 'viol_xfr_t_phi_min': {'idx': {0: 'xfr_0', 1: 0}, 'val': 0.0},
 'viol_xfr_t_s_max': {'idx': {0: 'xfr_0', 1: 0}, 'val': 0.0},
 'viol_xfr_t_tau_max': {'idx': {0: 'xfr_0', 1: 0}, 'val': 0.0},
 'viol_xfr_t_tau_min': {'idx': {0: 'xfr_0', 1: 0}, 'val': 0.0},
 'viol_xfr_t_u_sd_max': {'idx': {0: 'xfr_0', 1: 0}, 'val': 0},
 'viol_xfr_t_u_su_max': {'idx': {0: 'xfr_0', 1: 0}, 'val': 0},
 'viol_xfr_xfr_t_s_max_ctg': {'idx': {0: None, 1: None, 2: None}, 'val': 0.0},
 'z': -880611.2168581653,
 'z_base': -880611.2168581653,
 'z_cost': 19.600000000464362,
 'z_k_average_case': 0.0,
 'z_k_worst_case': 0.0,
 'z_max_energy': 0.0,
 'z_min_energy': 0.0,
 'z_penalty': 1042172.0100059494,
 'z_value': 161580.39314778463}
infeasibility summary:
{}
feas: 1
obj: -880611.2168581653
evaluate solution time: 0.05175471305847168
end of check_data(), memory info: {'rss bytes': 138530816, 'rss human': '132.1M', 'percent': 0.051265926262254236}
