/rcfs/dtn/arpacomp/.conda/envs/goc_eval/lib/python3.10/site-packages/scipy/sparse/linalg/_dsolve/linsolve.py:347: SparseEfficiencyWarning: splu converted its input to CSC format
  warn('splu converted its input to CSC format', SparseEfficiencyWarning)
args:
Namespace(problem_opt=None, problem='/qfs/projects/goc/share/data/C3/E1/D1/C3E1N00003D1/scenario_120.json', solution='/qfs/projects/goc/share/data/C3/E1/D1/C3E1N00003D1/scenario_120.json.pop_solution.json', configuration=None, parameters='{}', summary_csv='summary.csv', summary_json='summary.json', data_errors='data_errors.txt', ignored_errors='ignored_errors.txt', solution_errors='solution_errors.txt', pop_solution=None, scrubbed_problem=None)
problem data file: /qfs/projects/goc/share/data/C3/E1/D1/C3E1N00003D1/scenario_120.json

pop solution data file: None

solution data file: /qfs/projects/goc/share/data/C3/E1/D1/C3E1N00003D1/scenario_120.json.pop_solution.json

git info: {'C3DataUtilities': {'branch': None, 'commit': '417faef61bd7caf40b3ea0dc36c5e033ca7ea3d5', 'date': 'Fri Dec 30 07:03:34 2022 -0800', 'query_return_code': 0, 'query_err': '', 'query_path': '/qfs/projects/goc/share/loadbalancing/src/nonmpi-template/Challenge3/C3DataUtilities/datautilities', 'query_out': 'commit 417faef61bd7caf40b3ea0dc36c5e033ca7ea3d5\nAuthor: Jesse T Holzer <jesse.holzer@pnnl.gov>\nDate:   Fri Dec 30 07:03:34 2022 -0800\n\n    add z_value, z_cost, z_penalty components of z_base\n'}, 'Bid-DS-data-model': {'branch': None, 'commit': None, 'date': None, 'query_return_code': 128, 'query_err': 'fatal: Not a git repository (or any parent up to mount point /rcfs)\nStopping at filesystem boundary (GIT_DISCOVERY_ACROSS_FILESYSTEM not set).\n', 'query_path': '/rcfs/dtn/arpacomp/.conda/envs/goc_eval/lib/python3.10/site-packages/datamodel', 'query_out': ''}}

after reading problem without validation, memory info: {'rss bytes': 131624960, 'rss human': '125.5M', 'percent': 0.04871028474727358}
read problem data file without validation time: 0.0013089179992675781
after reading problem with validation, memory info: {'rss bytes': 132161536, 'rss human': '126.0M', 'percent': 0.048908854758224034}
load time: 0.00561213493347168
{'general': {'base_norm_mva': 100.0,
             'day_type': None,
             'electricity_demand': None,
             'net_load': None,
             'season': None,
             'solar_availability': None,
             'timestamp_start': None,
             'timestamp_stop': None,
             'vre_availability': None,
             'weather_temperature': None,
             'wind_availability': None},
 'interval durations': [0.25,
                        0.25,
                        0.25,
                        0.25,
                        0.25,
                        0.25,
                        0.25,
                        0.25,
                        0.5,
                        0.5,
                        0.5,
                        0.5,
                        0.5,
                        0.5,
                        0.5,
                        0.5,
                        1.0,
                        1.0],
 'num ac lines': 2,
 'num buses': 3,
 'num consuming devices': 1,
 'num contingencies': 2,
 'num dc lines': 0,
 'num intervals': 18,
 'num producing devices': 2,
 'num reactive power reserve zones': 1,
 'num real power reserve zones': 1,
 'num shunts': 2,
 'num simple dispatchable devices': 3,
 'num transformers': 2,
 'total duration': 8.0,
 'violation costs': {'e_vio_cost': 100000.0,
                     'p_bus_vio_cost': 100000.0,
                     'q_bus_vio_cost': 100000.0,
                     's_vio_cost': 100000.0}}
after read solution without validation, memory info: {'rss bytes': 132161536, 'rss human': '126.0M', 'percent': 0.048908854758224034}
read solution data file without validation time: 0.0008478164672851562
after read solution with validation, memory info: {'rss bytes': 132431872, 'rss human': '126.3M', 'percent': 0.04900889766450442}
solution load time: 0.0023305416107177734
after solution_model_checks(), memory info: {'rss bytes': 132431872, 'rss human': '126.3M', 'percent': 0.04900889766450442}
solution model_checks time: 0.00020503997802734375
{}
after problem_data_array.set_from_data_model(), memory info: {'rss bytes': 132694016, 'rss human': '126.5M', 'percent': 0.04910590896756418}
convert problem data to numpy arrays time: 0.0015435218811035156
after solution_data_array.set_from_data_model(), memory info: {'rss bytes': 132694016, 'rss human': '126.5M', 'percent': 0.04910590896756418}
convert solution data to numpy arrays time: 0.00026345252990722656
function: set_summary, time: 0.00021195411682128906
function: set_problem, time: 9.5367431640625e-07
function: set_solution, time: 3.814697265625e-06
function: set_solution_zero, time: 2.384185791015625e-05
function: set_work_zero, time: 4.2438507080078125e-05
function: set_matrices, time: 0.0028159618377685547
function: __init__, time: 0.0031213760375976562
function: eval_sd_t_d_up_dn, time: 0.00030875205993652344
function: eval_sd_max_startup, time: 9.894371032714844e-05
function: eval_sd_t_z_sus, time: 6.532669067382812e-05
function: eval_acl_t_p_q_fr_to, time: 8.940696716308594e-05
function: eval_xfr_t_p_q_fr_to, time: 7.939338684082031e-05
function: eval_sd_t_su_sd_trajectories, time: 1.8596649169921875e-05
function: eval_sd_max_energy, time: 4.291534423828125e-05
function: eval_sd_min_energy, time: 3.504753112792969e-05
function: eval_sd_t_z_p, time: 0.00014472007751464844
function: eval_bus_t_p, time: 0.0004229545593261719
function: eval_bus_t_q, time: 0.00011491775512695312
sd_t_p_rgu sum: 0.0
prz_sigma_rgu max: 0.07
prz_t_p_rgu_req max: 0.02521584403165533
sd_t_p_rgd sum: 0.0
prz_sigma_rgd max: 0.07
prz_t_p_rgd_req max: 0.02521584403165533
sd_t_p_scr sum: 0.0
prz_sigma_scr max: 0.05
prz_t_p_scr_req max: 0.012250000001146292
sd_t_p_nsc sum: 0.0
prz_sigma_nsc max: 0.05
prz_t_p_nsc_req max: 0.012250000001146292
sd_t_p_rru sum: 0.0
prz_t_p_rru_min max: 0.01
sd_t_p_rrd sum: 0.0
prz_t_p_rrd_min max: 0.01
sd_t_p_qru sum: 0.0
qrz_t_q_qru_min max: 0.01
sd_t_p_qrd sum: 0.0
qrz_t_q_qrd_min max: 0.01
function: get_connected_components, time: 0.00025272369384765625
function: get_bridges, time: 0.0003502368927001953
function: get_connected_components, time: 2.6464462280273438e-05
function: get_bridges, time: 9.036064147949219e-05
function: get_connected_components, time: 2.3365020751953125e-05
function: get_bridges, time: 7.486343383789062e-05
function: get_connected_components, time: 2.2649765014648438e-05
function: get_bridges, time: 8.320808410644531e-05
function: get_connected_components, time: 2.2411346435546875e-05
function: get_bridges, time: 7.367134094238281e-05
function: get_connected_components, time: 2.2411346435546875e-05
function: get_bridges, time: 7.653236389160156e-05
function: get_connected_components, time: 2.193450927734375e-05
function: get_bridges, time: 7.82012939453125e-05
function: get_connected_components, time: 2.2411346435546875e-05
function: get_bridges, time: 7.534027099609375e-05
function: get_connected_components, time: 2.1696090698242188e-05
function: get_bridges, time: 7.462501525878906e-05
function: get_connected_components, time: 2.1219253540039062e-05
function: get_bridges, time: 7.390975952148438e-05
function: get_connected_components, time: 2.1696090698242188e-05
function: get_bridges, time: 7.510185241699219e-05
function: get_connected_components, time: 2.1457672119140625e-05
function: get_bridges, time: 8.0108642578125e-05
function: get_connected_components, time: 2.2172927856445312e-05
function: get_bridges, time: 7.390975952148438e-05
function: get_connected_components, time: 2.1219253540039062e-05
function: get_bridges, time: 7.295608520507812e-05
function: get_connected_components, time: 2.1457672119140625e-05
function: get_bridges, time: 0.0001277923583984375
function: get_connected_components, time: 2.2649765014648438e-05
function: get_bridges, time: 7.343292236328125e-05
function: get_connected_components, time: 2.1696090698242188e-05
function: get_bridges, time: 7.128715515136719e-05
function: get_connected_components, time: 2.1457672119140625e-05
function: get_bridges, time: 7.05718994140625e-05
end of eval_connectedness(), memory info: {'rss bytes': 133206016, 'rss human': '127.0M', 'percent': 0.04929538416885278}
function: eval_connectedness, time: 0.0028696060180664062
problem dimensions. bus: 3, acl: 2, xfr: 2, dcl: 0, k: 2, t: 18
construct static bus admittance matrix. time: 0.0007600784301757812
factor static bus admittance matrix. time: 0.0026094913482666016
t_acl_delta_t: [array([], dtype=int64), array([], dtype=int64), array([], dtype=int64), array([], dtype=int64), array([], dtype=int64), array([], dtype=int64), array([], dtype=int64), array([], dtype=int64), array([], dtype=int64), array([], dtype=int64), array([], dtype=int64), array([], dtype=int64), array([], dtype=int64), array([], dtype=int64), array([], dtype=int64), array([], dtype=int64), array([], dtype=int64), array([], dtype=int64)], t_xfr_delta_t: [array([], dtype=int64), array([], dtype=int64), array([], dtype=int64), array([], dtype=int64), array([], dtype=int64), array([], dtype=int64), array([], dtype=int64), array([], dtype=int64), array([], dtype=int64), array([], dtype=int64), array([], dtype=int64), array([], dtype=int64), array([], dtype=int64), array([], dtype=int64), array([], dtype=int64), array([], dtype=int64), array([], dtype=int64), array([], dtype=int64)], t_br_delta_t: [array([], dtype=int64), array([], dtype=int64), array([], dtype=int64), array([], dtype=int64), array([], dtype=int64), array([], dtype=int64), array([], dtype=int64), array([], dtype=int64), array([], dtype=int64), array([], dtype=int64), array([], dtype=int64), array([], dtype=int64), array([], dtype=int64), array([], dtype=int64), array([], dtype=int64), array([], dtype=int64), array([], dtype=int64), array([], dtype=int64)], acl_delta_t: [], xfr_delta_t: [], br_delta_t: []
contingency delta branches. acl: 1, xfr: 1, dcl: 0
construct bus,t-indexed right hand side. time: 9.942054748535156e-05
solve for base case bus,t-indexed theta. time: 0.008723974227905273
num AC branches with possible violations in ACL contingencies: 0
num AC branches with possible violations in DCL contingencies: 0
num AC branches with possible violations in XFR contingencies: 0
t: 0, time: 0.002192974090576172, memory_info: {'rss bytes': 137498624, 'rss human': '131.1M', 'percent': 0.05088394425645642}
num AC branches with possible violations in ACL contingencies: 0
num AC branches with possible violations in DCL contingencies: 0
num AC branches with possible violations in XFR contingencies: 0
t: 1, time: 0.0011682510375976562, memory_info: {'rss bytes': 137498624, 'rss human': '131.1M', 'percent': 0.05088394425645642}
num AC branches with possible violations in ACL contingencies: 0
num AC branches with possible violations in DCL contingencies: 0
num AC branches with possible violations in XFR contingencies: 0
t: 2, time: 0.001148223876953125, memory_info: {'rss bytes': 137498624, 'rss human': '131.1M', 'percent': 0.05088394425645642}
num AC branches with possible violations in ACL contingencies: 0
num AC branches with possible violations in DCL contingencies: 0
num AC branches with possible violations in XFR contingencies: 0
t: 3, time: 0.0011489391326904297, memory_info: {'rss bytes': 137498624, 'rss human': '131.1M', 'percent': 0.05088394425645642}
num AC branches with possible violations in ACL contingencies: 0
num AC branches with possible violations in DCL contingencies: 0
num AC branches with possible violations in XFR contingencies: 0
t: 4, time: 0.0011746883392333984, memory_info: {'rss bytes': 137498624, 'rss human': '131.1M', 'percent': 0.05088394425645642}
num AC branches with possible violations in ACL contingencies: 0
num AC branches with possible violations in DCL contingencies: 0
num AC branches with possible violations in XFR contingencies: 0
t: 5, time: 0.001140594482421875, memory_info: {'rss bytes': 137498624, 'rss human': '131.1M', 'percent': 0.05088394425645642}
num AC branches with possible violations in ACL contingencies: 0
num AC branches with possible violations in DCL contingencies: 0
num AC branches with possible violations in XFR contingencies: 0
t: 6, time: 0.0011887550354003906, memory_info: {'rss bytes': 137498624, 'rss human': '131.1M', 'percent': 0.05088394425645642}
num AC branches with possible violations in ACL contingencies: 0
num AC branches with possible violations in DCL contingencies: 0
num AC branches with possible violations in XFR contingencies: 0
t: 7, time: 0.0011680126190185547, memory_info: {'rss bytes': 137498624, 'rss human': '131.1M', 'percent': 0.05088394425645642}
num AC branches with possible violations in ACL contingencies: 0
num AC branches with possible violations in DCL contingencies: 0
num AC branches with possible violations in XFR contingencies: 0
t: 8, time: 0.0011425018310546875, memory_info: {'rss bytes': 137498624, 'rss human': '131.1M', 'percent': 0.05088394425645642}
num AC branches with possible violations in ACL contingencies: 0
num AC branches with possible violations in DCL contingencies: 0
num AC branches with possible violations in XFR contingencies: 0
t: 9, time: 0.0011332035064697266, memory_info: {'rss bytes': 137498624, 'rss human': '131.1M', 'percent': 0.05088394425645642}
num AC branches with possible violations in ACL contingencies: 0
num AC branches with possible violations in DCL contingencies: 0
num AC branches with possible violations in XFR contingencies: 0
t: 10, time: 0.001131296157836914, memory_info: {'rss bytes': 137498624, 'rss human': '131.1M', 'percent': 0.05088394425645642}
num AC branches with possible violations in ACL contingencies: 0
num AC branches with possible violations in DCL contingencies: 0
num AC branches with possible violations in XFR contingencies: 0
t: 11, time: 0.001129150390625, memory_info: {'rss bytes': 137498624, 'rss human': '131.1M', 'percent': 0.05088394425645642}
num AC branches with possible violations in ACL contingencies: 0
num AC branches with possible violations in DCL contingencies: 0
num AC branches with possible violations in XFR contingencies: 0
t: 12, time: 0.001131296157836914, memory_info: {'rss bytes': 137498624, 'rss human': '131.1M', 'percent': 0.05088394425645642}
num AC branches with possible violations in ACL contingencies: 0
num AC branches with possible violations in DCL contingencies: 0
num AC branches with possible violations in XFR contingencies: 0
t: 13, time: 0.0011212825775146484, memory_info: {'rss bytes': 137498624, 'rss human': '131.1M', 'percent': 0.05088394425645642}
num AC branches with possible violations in ACL contingencies: 0
num AC branches with possible violations in DCL contingencies: 0
num AC branches with possible violations in XFR contingencies: 0
t: 14, time: 0.0011289119720458984, memory_info: {'rss bytes': 137498624, 'rss human': '131.1M', 'percent': 0.05088394425645642}
num AC branches with possible violations in ACL contingencies: 0
num AC branches with possible violations in DCL contingencies: 0
num AC branches with possible violations in XFR contingencies: 0
t: 15, time: 0.001123189926147461, memory_info: {'rss bytes': 137498624, 'rss human': '131.1M', 'percent': 0.05088394425645642}
num AC branches with possible violations in ACL contingencies: 0
num AC branches with possible violations in DCL contingencies: 0
num AC branches with possible violations in XFR contingencies: 0
t: 16, time: 0.001123666763305664, memory_info: {'rss bytes': 137498624, 'rss human': '131.1M', 'percent': 0.05088394425645642}
num AC branches with possible violations in ACL contingencies: 0
num AC branches with possible violations in DCL contingencies: 0
num AC branches with possible violations in XFR contingencies: 0
t: 17, time: 0.0011212825775146484, memory_info: {'rss bytes': 137498624, 'rss human': '131.1M', 'percent': 0.05088394425645642}
initialize_m_w_time: 0.00044274330139160156
compute_static_w_time: 4.100799560546875e-05
get_time_varying_branch_characteristics_time: 0.0003342628479003906
construct_a_t_time: 0.005386829376220703
factor_a_t_time: 0.002231597900390625
compute_w_with_t_a_solve_time: 0.00026345252990722656
compute_v_t_time: 2.6226043701171875e-06
compute_w_with_t_smw_time: 1.9073486328125e-06
compute_v_time: 0.0005698204040527344
compute_bus_theta_with_t_a_solve_time: 0.00011491775512695312
compute_bus_theta_with_t_smw_time: 2.1457672119140625e-06
compute_br_p_time: 0.0014812946319580078
apply_w_v_wt_time: 0.0005395412445068359
compute_bus_dtheta_rhs_dcl_k_time: 0.0015497207641601562
compute_w_v_wt_xfr_k_time: 0.002087116241455078
compute_bus_dtheta_rhs_xfr_k_time: 9.5367431640625e-07
compute_br_acl_delta_k_p_delta_time: 0.0010693073272705078
compute_br_dcl_delta_k_p_delta_time: 0.0009765625
compute_br_xfr_delta_k_p_delta_time: 0.0009355545043945312
filter_branches_acl_k_time: 0.0006163120269775391
filter_branches_dcl_k_time: 0.0002486705780029297
filter_branches_xfr_k_time: 0.0004420280456542969
compute_br_acl_delta_k_p_time: 5.7220458984375e-05
compute_br_dcl_delta_k_p_time: 6.341934204101562e-05
compute_br_xfr_delta_k_p_time: 4.029273986816406e-05
compute_br_acl_delta_k_s_over_time: 0.00023698806762695312
compute_br_dcl_delta_k_s_over_time: 0.0002453327178955078
compute_br_xfr_delta_k_s_over_time: 0.0002167224884033203
zero_out_time: 7.486343383789062e-05
get_max_br_acl_delta_k_s_over_time: 0.0005257129669189453
get_max_br_dcl_delta_k_s_over_time: 2.86102294921875e-06
get_max_br_xfr_delta_k_s_over_time: 0.0003085136413574219
compute_br_k_z_time: 0.00045752525329589844
collect_penalties_into_obj_array_time: 0.0002048015594482422
end of contingency model method 1, memory info: {'rss bytes': 137498624, 'rss human': '131.1M', 'percent': 0.05088394425645642}
function: eval_post_contingency_model, time: 0.03899502754211426
function: eval_post_contingency_model, time: 0.03900289535522461
function: run, time: 0.0464935302734375
after solution_evaluator.run(), memory info: {'rss bytes': 137498624, 'rss human': '131.1M', 'percent': 0.05088394425645642}
evaluation summary:
{'feas': 1,
 'infeas': 0,
 'info_i_i_k_t_disconnected_ctg': {'idx': {0: None, 1: None, 2: None, 3: None},
                                   'val': 0},
 'info_i_i_t_disconnected_base': {'idx': {0: None, 1: None, 2: None}, 'val': 0},
 'sum_acl_t_u_sd': 0,
 'sum_acl_t_u_su': 0,
 'sum_acl_t_z_s': 0.0,
 'sum_acl_t_z_sd': 0.0,
 'sum_acl_t_z_su': 0.0,
 'sum_bus_t_z_p': 506374.1769071244,
 'sum_bus_t_z_q': 532342.7938286205,
 'sum_cs_t_z_p': 159581.00697612815,
 'sum_pr_t_z_p': 19.600000000859715,
 'sum_prz_t_z_nsc': 39.772443791643894,
 'sum_prz_t_z_rgd': 20.17244379078418,
 'sum_prz_t_z_rgu': 20.17244379078418,
 'sum_prz_t_z_rrd': 8.0,
 'sum_prz_t_z_rru': 8.0,
 'sum_prz_t_z_scr': 29.972443791214033,
 'sum_qrz_t_z_qrd': 8.0,
 'sum_qrz_t_z_qru': 8.0,
 'sum_sd_t_sd': 0,
 'sum_sd_t_su': 0,
 'sum_sd_t_z_nsc': 0.0,
 'sum_sd_t_z_on': 0.0,
 'sum_sd_t_z_qrd': 0.0,
 'sum_sd_t_z_qru': 0.0,
 'sum_sd_t_z_rgd': 0.0,
 'sum_sd_t_z_rgu': 0.0,
 'sum_sd_t_z_rrd_off': 0.0,
 'sum_sd_t_z_rrd_on': 0.0,
 'sum_sd_t_z_rru_off': 0.0,
 'sum_sd_t_z_rru_on': 0.0,
 'sum_sd_t_z_scr': 0.0,
 'sum_sd_t_z_sd': 0.0,
 'sum_sd_t_z_su': 0.0,
 'sum_sd_t_z_sus': 0.0,
 'sum_xfr_t_u_sd': 0,
 'sum_xfr_t_u_su': 0,
 'sum_xfr_t_z_s': 0.0,
 'sum_xfr_t_z_sd': 0.0,
 'sum_xfr_t_z_su': 0.0,
 'viol_acl_acl_t_s_max_ctg': {'idx': {0: None, 1: None, 2: None}, 'val': 0.0},
 'viol_acl_dcl_t_s_max_ctg': {'idx': {0: None, 1: None, 2: None}, 'val': 0.0},
 'viol_acl_t_s_max': {'idx': {0: 'acl_0', 1: 0}, 'val': 0.0},
 'viol_acl_t_u_sd_max': {'idx': {0: 'acl_0', 1: 0}, 'val': 0},
 'viol_acl_t_u_su_max': {'idx': {0: 'acl_0', 1: 0}, 'val': 0},
 'viol_acl_xfr_t_s_max_ctg': {'idx': {0: None, 1: None, 2: None}, 'val': 0.0},
 'viol_bus_t_p_balance_max': {'idx': {0: 'bus_0', 1: 8},
                              'val': 0.3602263433093618},
 'viol_bus_t_p_balance_min': {'idx': {0: 'bus_1', 1: 1},
                              'val': -0.2457064480963676},
 'viol_bus_t_q_balance_max': {'idx': {0: 'bus_0', 1: 0},
                              'val': 0.13796558080962962},
 'viol_bus_t_q_balance_min': {'idx': {0: 'bus_2', 1: 0},
                              'val': -0.47029209239159186},
 'viol_bus_t_v_max': {'idx': {0: 'bus_0', 1: 0}, 'val': 0.0},
 'viol_bus_t_v_min': {'idx': {0: 'bus_0', 1: 0}, 'val': 0.0},
 'viol_cs_t_p_off_max': {'idx': {0: 'sd_2', 1: 0}, 'val': 0.0},
 'viol_cs_t_p_off_min': {'idx': {0: 'sd_2', 1: 0}, 'val': 0.0},
 'viol_cs_t_p_on_max': {'idx': {0: 'sd_2', 1: 0}, 'val': 0.0},
 'viol_cs_t_p_on_min': {'idx': {0: 'sd_2', 1: 0}, 'val': 0.0},
 'viol_cs_t_q_max': {'idx': {0: 'sd_2', 1: 0}, 'val': 0.0},
 'viol_cs_t_q_min': {'idx': {0: 'sd_2', 1: 0}, 'val': 0.0},
 'viol_cs_t_q_p_max': {'idx': {0: None, 1: None}, 'val': None},
 'viol_cs_t_q_p_min': {'idx': {0: None, 1: None}, 'val': None},
 'viol_dcl_t_p_max': {'idx': {0: None, 1: None}, 'val': None},
 'viol_dcl_t_p_min': {'idx': {0: None, 1: None}, 'val': None},
 'viol_dcl_t_q_fr_max': {'idx': {0: None, 1: None}, 'val': None},
 'viol_dcl_t_q_fr_min': {'idx': {0: None, 1: None}, 'val': None},
 'viol_dcl_t_q_to_max': {'idx': {0: None, 1: None}, 'val': None},
 'viol_dcl_t_q_to_min': {'idx': {0: None, 1: None}, 'val': None},
 'viol_pr_t_p_off_max': {'idx': {0: 'sd_0', 1: 0}, 'val': 0.0},
 'viol_pr_t_p_off_min': {'idx': {0: 'sd_0', 1: 0}, 'val': 0.0},
 'viol_pr_t_p_on_max': {'idx': {0: 'sd_0', 1: 0}, 'val': 0.0},
 'viol_pr_t_p_on_min': {'idx': {0: 'sd_0', 1: 0}, 'val': 0.0},
 'viol_pr_t_q_max': {'idx': {0: 'sd_0', 1: 0}, 'val': 0.0},
 'viol_pr_t_q_min': {'idx': {0: 'sd_0', 1: 0}, 'val': 0.0},
 'viol_pr_t_q_p_max': {'idx': {0: None, 1: None}, 'val': None},
 'viol_pr_t_q_p_min': {'idx': {0: None, 1: None}, 'val': None},
 'viol_prz_t_p_nsc_balance': {'idx': {0: 'prz_0', 1: 8},
                              'val': 0.04971584403280162},
 'viol_prz_t_p_rgd_balance': {'idx': {0: 'prz_0', 1: 8},
                              'val': 0.02521584403165533},
 'viol_prz_t_p_rgu_balance': {'idx': {0: 'prz_0', 1: 8},
                              'val': 0.02521584403165533},
 'viol_prz_t_p_rrd_balance': {'idx': {0: 'prz_0', 1: 0}, 'val': 0.01},
 'viol_prz_t_p_rru_balance': {'idx': {0: 'prz_0', 1: 0}, 'val': 0.01},
 'viol_prz_t_p_scr_balance': {'idx': {0: 'prz_0', 1: 8},
                              'val': 0.037465844032228475},
 'viol_qrz_t_q_qrd_balance': {'idx': {0: 'qrz_0', 1: 0}, 'val': 0.01},
 'viol_qrz_t_q_qru_balance': {'idx': {0: 'qrz_0', 1: 0}, 'val': 0.01},
 'viol_sd_max_energy_constr': {'idx': {0: 'sd_0', 1: 0}, 'val': 0.0},
 'viol_sd_max_startup_constr': {'idx': {0: 'sd_0', 1: 0}, 'val': 0},
 'viol_sd_min_energy_constr': {'idx': {0: 'sd_0', 1: 0}, 'val': 0.0},
 'viol_sd_t_d_dn_min': {'idx': {0: 'sd_0', 1: 0}, 'val': 0},
 'viol_sd_t_d_up_min': {'idx': {0: 'sd_0', 1: 0}, 'val': 0},
 'viol_sd_t_p_nsc_max': {'idx': {0: 'sd_0', 1: 0}, 'val': 0.0},
 'viol_sd_t_p_nsc_nonneg': {'idx': {0: 'sd_0', 1: 0}, 'val': -0.0},
 'viol_sd_t_p_ramp_dn_max': {'idx': {0: 'sd_0', 1: 0}, 'val': 0.0},
 'viol_sd_t_p_ramp_up_max': {'idx': {0: 'sd_0', 1: 0}, 'val': 0.0},
 'viol_sd_t_p_rgd_max': {'idx': {0: 'sd_0', 1: 0}, 'val': 0.0},
 'viol_sd_t_p_rgd_nonneg': {'idx': {0: 'sd_0', 1: 0}, 'val': -0.0},
 'viol_sd_t_p_rgu_max': {'idx': {0: 'sd_0', 1: 0}, 'val': 0.0},
 'viol_sd_t_p_rgu_nonneg': {'idx': {0: 'sd_0', 1: 0}, 'val': -0.0},
 'viol_sd_t_p_rrd_off_max': {'idx': {0: 'sd_0', 1: 0}, 'val': 0.0},
 'viol_sd_t_p_rrd_off_nonneg': {'idx': {0: 'sd_0', 1: 0}, 'val': -0.0},
 'viol_sd_t_p_rrd_on_max': {'idx': {0: 'sd_0', 1: 0}, 'val': 0.0},
 'viol_sd_t_p_rrd_on_nonneg': {'idx': {0: 'sd_0', 1: 0}, 'val': -0.0},
 'viol_sd_t_p_rru_off_max': {'idx': {0: 'sd_0', 1: 0}, 'val': 0.0},
 'viol_sd_t_p_rru_off_nonneg': {'idx': {0: 'sd_0', 1: 0}, 'val': -0.0},
 'viol_sd_t_p_rru_on_max': {'idx': {0: 'sd_0', 1: 0}, 'val': 0.0},
 'viol_sd_t_p_rru_on_nonneg': {'idx': {0: 'sd_0', 1: 0}, 'val': -0.0},
 'viol_sd_t_p_scr_max': {'idx': {0: 'sd_0', 1: 0}, 'val': 0.0},
 'viol_sd_t_p_scr_nonneg': {'idx': {0: 'sd_0', 1: 0}, 'val': -0.0},
 'viol_sd_t_q_qrd_nonneg': {'idx': {0: 'sd_0', 1: 0}, 'val': -0.0},
 'viol_sd_t_q_qru_nonneg': {'idx': {0: 'sd_0', 1: 0}, 'val': -0.0},
 'viol_sd_t_u_on_max': {'idx': {0: 'sd_0', 1: 0}, 'val': 0},
 'viol_sd_t_u_on_min': {'idx': {0: 'sd_0', 1: 0}, 'val': 0},
 'viol_sh_t_u_st_max': {'idx': {0: 'sh_0', 1: 0}, 'val': 0},
 'viol_sh_t_u_st_min': {'idx': {0: 'sh_0', 1: 0}, 'val': 0},
 'viol_t_connected_base': {'idx': {0: 0}, 'val': 0},
 'viol_t_connected_ctg': {'idx': {0: 0}, 'val': 0},
 'viol_xfr_acl_t_s_max_ctg': {'idx': {0: None, 1: None, 2: None}, 'val': 0.0},
 'viol_xfr_dcl_t_s_max_ctg': {'idx': {0: None, 1: None, 2: None}, 'val': 0.0},
 'viol_xfr_t_phi_max': {'idx': {0: 'xfr_0', 1: 0}, 'val': 0.0},
 'viol_xfr_t_phi_min': {'idx': {0: 'xfr_0', 1: 0}, 'val': 0.0},
 'viol_xfr_t_s_max': {'idx': {0: 'xfr_0', 1: 0}, 'val': 0.0},
 'viol_xfr_t_tau_max': {'idx': {0: 'xfr_0', 1: 0}, 'val': 0.0},
 'viol_xfr_t_tau_min': {'idx': {0: 'xfr_0', 1: 0}, 'val': 0.0},
 'viol_xfr_t_u_sd_max': {'idx': {0: 'xfr_0', 1: 0}, 'val': 0},
 'viol_xfr_t_u_su_max': {'idx': {0: 'xfr_0', 1: 0}, 'val': 0},
 'viol_xfr_xfr_t_s_max_ctg': {'idx': {0: None, 1: None, 2: None}, 'val': 0.0},
 'z': -879297.653534782,
 'z_base': -879297.653534782,
 'z_cost': 19.600000000859715,
 'z_k_average_case': 0.0,
 'z_k_worst_case': 0.0,
 'z_max_energy': 0.0,
 'z_min_energy': 0.0,
 'z_penalty': 1038859.0605109093,
 'z_value': 159581.00697612815}
infeasibility summary:
{}
feas: 1
obj: -879297.653534782
evaluate solution time: 0.05282926559448242
end of check_data(), memory info: {'rss bytes': 138268672, 'rss human': '131.9M', 'percent': 0.05116891495919447}
