/rcfs/dtn/arpacomp/.conda/envs/goc_eval/lib/python3.10/site-packages/scipy/sparse/linalg/_dsolve/linsolve.py:347: SparseEfficiencyWarning: splu converted its input to CSC format
  warn('splu converted its input to CSC format', SparseEfficiencyWarning)
args:
Namespace(problem_opt=None, problem='/qfs/projects/goc/share/data/C3/E1/D1/C3E1N00003D1/scenario_123.json', solution='/qfs/projects/goc/share/data/C3/E1/D1/C3E1N00003D1/scenario_123.json.pop_solution.json', configuration=None, parameters='{}', summary_csv='summary.csv', summary_json='summary.json', data_errors='data_errors.txt', ignored_errors='ignored_errors.txt', solution_errors='solution_errors.txt', pop_solution=None, scrubbed_problem=None)
problem data file: /qfs/projects/goc/share/data/C3/E1/D1/C3E1N00003D1/scenario_123.json

pop solution data file: None

solution data file: /qfs/projects/goc/share/data/C3/E1/D1/C3E1N00003D1/scenario_123.json.pop_solution.json

git info: {'C3DataUtilities': {'branch': None, 'commit': '417faef61bd7caf40b3ea0dc36c5e033ca7ea3d5', 'date': 'Fri Dec 30 07:03:34 2022 -0800', 'query_return_code': 0, 'query_err': '', 'query_path': '/qfs/projects/goc/share/loadbalancing/src/nonmpi-template/Challenge3/C3DataUtilities/datautilities', 'query_out': 'commit 417faef61bd7caf40b3ea0dc36c5e033ca7ea3d5\nAuthor: Jesse T Holzer <jesse.holzer@pnnl.gov>\nDate:   Fri Dec 30 07:03:34 2022 -0800\n\n    add z_value, z_cost, z_penalty components of z_base\n'}, 'Bid-DS-data-model': {'branch': None, 'commit': None, 'date': None, 'query_return_code': 128, 'query_err': 'fatal: Not a git repository (or any parent up to mount point /rcfs)\nStopping at filesystem boundary (GIT_DISCOVERY_ACROSS_FILESYSTEM not set).\n', 'query_path': '/rcfs/dtn/arpacomp/.conda/envs/goc_eval/lib/python3.10/site-packages/datamodel', 'query_out': ''}}

after reading problem without validation, memory info: {'rss bytes': 98201600, 'rss human': '93.7M', 'percent': 0.0363413436071537}
read problem data file without validation time: 0.0012943744659423828
after reading problem with validation, memory info: {'rss bytes': 98738176, 'rss human': '94.2M', 'percent': 0.03653991361810415}
load time: 0.005602359771728516
{'general': {'base_norm_mva': 100.0,
             'day_type': None,
             'electricity_demand': None,
             'net_load': None,
             'season': None,
             'solar_availability': None,
             'timestamp_start': None,
             'timestamp_stop': None,
             'vre_availability': None,
             'weather_temperature': None,
             'wind_availability': None},
 'interval durations': [0.25,
                        0.25,
                        0.25,
                        0.25,
                        0.25,
                        0.25,
                        0.25,
                        0.25,
                        0.5,
                        0.5,
                        0.5,
                        0.5,
                        0.5,
                        0.5,
                        0.5,
                        0.5,
                        1.0,
                        1.0],
 'num ac lines': 2,
 'num buses': 3,
 'num consuming devices': 1,
 'num contingencies': 2,
 'num dc lines': 0,
 'num intervals': 18,
 'num producing devices': 2,
 'num reactive power reserve zones': 1,
 'num real power reserve zones': 1,
 'num shunts': 2,
 'num simple dispatchable devices': 3,
 'num transformers': 2,
 'total duration': 8.0,
 'violation costs': {'e_vio_cost': 100000.0,
                     'p_bus_vio_cost': 100000.0,
                     'q_bus_vio_cost': 100000.0,
                     's_vio_cost': 100000.0}}
after read solution without validation, memory info: {'rss bytes': 98738176, 'rss human': '94.2M', 'percent': 0.03653991361810415}
read solution data file without validation time: 0.0007960796356201172
after read solution with validation, memory info: {'rss bytes': 99008512, 'rss human': '94.4M', 'percent': 0.03663995652438453}
solution load time: 0.002309083938598633
after solution_model_checks(), memory info: {'rss bytes': 99008512, 'rss human': '94.4M', 'percent': 0.03663995652438453}
solution model_checks time: 0.00021195411682128906
{}
after problem_data_array.set_from_data_model(), memory info: {'rss bytes': 99270656, 'rss human': '94.7M', 'percent': 0.0367369678274443}
convert problem data to numpy arrays time: 0.0015218257904052734
after solution_data_array.set_from_data_model(), memory info: {'rss bytes': 99270656, 'rss human': '94.7M', 'percent': 0.0367369678274443}
convert solution data to numpy arrays time: 0.00026226043701171875
function: set_summary, time: 0.0002052783966064453
function: set_problem, time: 4.76837158203125e-07
function: set_solution, time: 5.0067901611328125e-06
function: set_solution_zero, time: 2.5033950805664062e-05
function: set_work_zero, time: 4.00543212890625e-05
function: set_matrices, time: 0.002851724624633789
function: __init__, time: 0.0031499862670898438
function: eval_sd_t_d_up_dn, time: 0.0003104209899902344
function: eval_sd_max_startup, time: 8.749961853027344e-05
function: eval_sd_t_z_sus, time: 6.151199340820312e-05
function: eval_acl_t_p_q_fr_to, time: 8.678436279296875e-05
function: eval_xfr_t_p_q_fr_to, time: 7.939338684082031e-05
function: eval_sd_t_su_sd_trajectories, time: 1.7642974853515625e-05
function: eval_sd_max_energy, time: 4.1961669921875e-05
function: eval_sd_min_energy, time: 3.4332275390625e-05
function: eval_sd_t_z_p, time: 0.0001437664031982422
function: eval_bus_t_p, time: 0.0005261898040771484
function: eval_bus_t_q, time: 0.00011110305786132812
sd_t_p_rgu sum: 0.0
prz_sigma_rgu max: 0.07
prz_t_p_rgu_req max: 0.026278037453700605
sd_t_p_rgd sum: 0.0
prz_sigma_rgd max: 0.07
prz_t_p_rgd_req max: 0.026278037453700605
sd_t_p_scr sum: 0.0
prz_sigma_scr max: 0.05
prz_t_p_scr_req max: 0.012250000000842684
sd_t_p_nsc sum: 0.0
prz_sigma_nsc max: 0.05
prz_t_p_nsc_req max: 0.012250000000842684
sd_t_p_rru sum: 0.0
prz_t_p_rru_min max: 0.01
sd_t_p_rrd sum: 0.0
prz_t_p_rrd_min max: 0.01
sd_t_p_qru sum: 0.0
qrz_t_q_qru_min max: 0.01
sd_t_p_qrd sum: 0.0
qrz_t_q_qrd_min max: 0.01
function: get_connected_components, time: 0.0002529621124267578
function: get_bridges, time: 0.00033593177795410156
function: get_connected_components, time: 2.7894973754882812e-05
function: get_bridges, time: 8.392333984375e-05
function: get_connected_components, time: 2.3603439331054688e-05
function: get_bridges, time: 7.343292236328125e-05
function: get_connected_components, time: 2.2649765014648438e-05
function: get_bridges, time: 7.43865966796875e-05
function: get_connected_components, time: 3.218650817871094e-05
function: get_bridges, time: 7.295608520507812e-05
function: get_connected_components, time: 2.288818359375e-05
function: get_bridges, time: 7.796287536621094e-05
function: get_connected_components, time: 2.1696090698242188e-05
function: get_bridges, time: 7.367134094238281e-05
function: get_connected_components, time: 2.2172927856445312e-05
function: get_bridges, time: 7.557868957519531e-05
function: get_connected_components, time: 2.1457672119140625e-05
function: get_bridges, time: 7.200241088867188e-05
function: get_connected_components, time: 2.1219253540039062e-05
function: get_bridges, time: 7.343292236328125e-05
function: get_connected_components, time: 2.09808349609375e-05
function: get_bridges, time: 7.486343383789062e-05
function: get_connected_components, time: 2.1457672119140625e-05
function: get_bridges, time: 7.557868957519531e-05
function: get_connected_components, time: 2.1219253540039062e-05
function: get_bridges, time: 8.20159912109375e-05
function: get_connected_components, time: 2.1696090698242188e-05
function: get_bridges, time: 7.367134094238281e-05
function: get_connected_components, time: 2.1457672119140625e-05
function: get_bridges, time: 0.00012683868408203125
function: get_connected_components, time: 2.2649765014648438e-05
function: get_bridges, time: 7.915496826171875e-05
function: get_connected_components, time: 2.6941299438476562e-05
function: get_bridges, time: 8.869171142578125e-05
function: get_connected_components, time: 2.3365020751953125e-05
function: get_bridges, time: 7.033348083496094e-05
end of eval_connectedness(), memory info: {'rss bytes': 99782656, 'rss human': '95.2M', 'percent': 0.0369264430287329}
function: eval_connectedness, time: 0.0028734207153320312
problem dimensions. bus: 3, acl: 2, xfr: 2, dcl: 0, k: 2, t: 18
construct static bus admittance matrix. time: 0.0008025169372558594
factor static bus admittance matrix. time: 0.003210306167602539
t_acl_delta_t: [array([], dtype=int64), array([], dtype=int64), array([], dtype=int64), array([], dtype=int64), array([], dtype=int64), array([], dtype=int64), array([], dtype=int64), array([], dtype=int64), array([], dtype=int64), array([], dtype=int64), array([], dtype=int64), array([], dtype=int64), array([], dtype=int64), array([], dtype=int64), array([], dtype=int64), array([], dtype=int64), array([], dtype=int64), array([], dtype=int64)], t_xfr_delta_t: [array([], dtype=int64), array([], dtype=int64), array([], dtype=int64), array([], dtype=int64), array([], dtype=int64), array([], dtype=int64), array([], dtype=int64), array([], dtype=int64), array([], dtype=int64), array([], dtype=int64), array([], dtype=int64), array([], dtype=int64), array([], dtype=int64), array([], dtype=int64), array([], dtype=int64), array([], dtype=int64), array([], dtype=int64), array([], dtype=int64)], t_br_delta_t: [array([], dtype=int64), array([], dtype=int64), array([], dtype=int64), array([], dtype=int64), array([], dtype=int64), array([], dtype=int64), array([], dtype=int64), array([], dtype=int64), array([], dtype=int64), array([], dtype=int64), array([], dtype=int64), array([], dtype=int64), array([], dtype=int64), array([], dtype=int64), array([], dtype=int64), array([], dtype=int64), array([], dtype=int64), array([], dtype=int64)], acl_delta_t: [], xfr_delta_t: [], br_delta_t: []
contingency delta branches. acl: 1, xfr: 1, dcl: 0
construct bus,t-indexed right hand side. time: 9.655952453613281e-05
solve for base case bus,t-indexed theta. time: 0.008747577667236328
num AC branches with possible violations in ACL contingencies: 0
num AC branches with possible violations in DCL contingencies: 0
num AC branches with possible violations in XFR contingencies: 0
t: 0, time: 0.002213716506958008, memory_info: {'rss bytes': 104095744, 'rss human': '99.3M', 'percent': 0.038522582124388076}
num AC branches with possible violations in ACL contingencies: 0
num AC branches with possible violations in DCL contingencies: 0
num AC branches with possible violations in XFR contingencies: 0
t: 1, time: 0.0011343955993652344, memory_info: {'rss bytes': 104095744, 'rss human': '99.3M', 'percent': 0.038522582124388076}
num AC branches with possible violations in ACL contingencies: 0
num AC branches with possible violations in DCL contingencies: 0
num AC branches with possible violations in XFR contingencies: 0
t: 2, time: 0.0011098384857177734, memory_info: {'rss bytes': 104095744, 'rss human': '99.3M', 'percent': 0.038522582124388076}
num AC branches with possible violations in ACL contingencies: 0
num AC branches with possible violations in DCL contingencies: 0
num AC branches with possible violations in XFR contingencies: 0
t: 3, time: 0.0011210441589355469, memory_info: {'rss bytes': 104095744, 'rss human': '99.3M', 'percent': 0.038522582124388076}
num AC branches with possible violations in ACL contingencies: 0
num AC branches with possible violations in DCL contingencies: 0
num AC branches with possible violations in XFR contingencies: 0
t: 4, time: 0.0011229515075683594, memory_info: {'rss bytes': 104095744, 'rss human': '99.3M', 'percent': 0.038522582124388076}
num AC branches with possible violations in ACL contingencies: 0
num AC branches with possible violations in DCL contingencies: 0
num AC branches with possible violations in XFR contingencies: 0
t: 5, time: 0.0011150836944580078, memory_info: {'rss bytes': 104095744, 'rss human': '99.3M', 'percent': 0.038522582124388076}
num AC branches with possible violations in ACL contingencies: 0
num AC branches with possible violations in DCL contingencies: 0
num AC branches with possible violations in XFR contingencies: 0
t: 6, time: 0.0011107921600341797, memory_info: {'rss bytes': 104095744, 'rss human': '99.3M', 'percent': 0.038522582124388076}
num AC branches with possible violations in ACL contingencies: 0
num AC branches with possible violations in DCL contingencies: 0
num AC branches with possible violations in XFR contingencies: 0
t: 7, time: 0.0011141300201416016, memory_info: {'rss bytes': 104095744, 'rss human': '99.3M', 'percent': 0.038522582124388076}
num AC branches with possible violations in ACL contingencies: 0
num AC branches with possible violations in DCL contingencies: 0
num AC branches with possible violations in XFR contingencies: 0
t: 8, time: 0.0011146068572998047, memory_info: {'rss bytes': 104095744, 'rss human': '99.3M', 'percent': 0.038522582124388076}
num AC branches with possible violations in ACL contingencies: 0
num AC branches with possible violations in DCL contingencies: 0
num AC branches with possible violations in XFR contingencies: 0
t: 9, time: 0.0011172294616699219, memory_info: {'rss bytes': 104095744, 'rss human': '99.3M', 'percent': 0.038522582124388076}
num AC branches with possible violations in ACL contingencies: 0
num AC branches with possible violations in DCL contingencies: 0
num AC branches with possible violations in XFR contingencies: 0
t: 10, time: 0.0011050701141357422, memory_info: {'rss bytes': 104095744, 'rss human': '99.3M', 'percent': 0.038522582124388076}
num AC branches with possible violations in ACL contingencies: 0
num AC branches with possible violations in DCL contingencies: 0
num AC branches with possible violations in XFR contingencies: 0
t: 11, time: 0.0011191368103027344, memory_info: {'rss bytes': 104095744, 'rss human': '99.3M', 'percent': 0.038522582124388076}
num AC branches with possible violations in ACL contingencies: 0
num AC branches with possible violations in DCL contingencies: 0
num AC branches with possible violations in XFR contingencies: 0
t: 12, time: 0.0011196136474609375, memory_info: {'rss bytes': 104095744, 'rss human': '99.3M', 'percent': 0.038522582124388076}
num AC branches with possible violations in ACL contingencies: 0
num AC branches with possible violations in DCL contingencies: 0
num AC branches with possible violations in XFR contingencies: 0
t: 13, time: 0.0011098384857177734, memory_info: {'rss bytes': 104095744, 'rss human': '99.3M', 'percent': 0.038522582124388076}
num AC branches with possible violations in ACL contingencies: 0
num AC branches with possible violations in DCL contingencies: 0
num AC branches with possible violations in XFR contingencies: 0
t: 14, time: 0.0011174678802490234, memory_info: {'rss bytes': 104095744, 'rss human': '99.3M', 'percent': 0.038522582124388076}
num AC branches with possible violations in ACL contingencies: 0
num AC branches with possible violations in DCL contingencies: 0
num AC branches with possible violations in XFR contingencies: 0
t: 15, time: 0.0011091232299804688, memory_info: {'rss bytes': 104095744, 'rss human': '99.3M', 'percent': 0.038522582124388076}
num AC branches with possible violations in ACL contingencies: 0
num AC branches with possible violations in DCL contingencies: 0
num AC branches with possible violations in XFR contingencies: 0
t: 16, time: 0.0011034011840820312, memory_info: {'rss bytes': 104095744, 'rss human': '99.3M', 'percent': 0.038522582124388076}
num AC branches with possible violations in ACL contingencies: 0
num AC branches with possible violations in DCL contingencies: 0
num AC branches with possible violations in XFR contingencies: 0
t: 17, time: 0.0011219978332519531, memory_info: {'rss bytes': 104095744, 'rss human': '99.3M', 'percent': 0.038522582124388076}
initialize_m_w_time: 0.00042557716369628906
compute_static_w_time: 4.076957702636719e-05
get_time_varying_branch_characteristics_time: 0.0003376007080078125
construct_a_t_time: 0.005312919616699219
factor_a_t_time: 0.002151966094970703
compute_w_with_t_a_solve_time: 0.00025463104248046875
compute_v_t_time: 1.9073486328125e-06
compute_w_with_t_smw_time: 1.430511474609375e-06
compute_v_time: 0.0005650520324707031
compute_bus_theta_with_t_a_solve_time: 0.00011277198791503906
compute_bus_theta_with_t_smw_time: 1.6689300537109375e-06
compute_br_p_time: 0.0015697479248046875
apply_w_v_wt_time: 0.0004858970642089844
compute_bus_dtheta_rhs_dcl_k_time: 0.0014772415161132812
compute_w_v_wt_xfr_k_time: 0.0020165443420410156
compute_bus_dtheta_rhs_xfr_k_time: 2.6226043701171875e-06
compute_br_acl_delta_k_p_delta_time: 0.0010368824005126953
compute_br_dcl_delta_k_p_delta_time: 0.0009157657623291016
compute_br_xfr_delta_k_p_delta_time: 0.0009272098541259766
filter_branches_acl_k_time: 0.0006134510040283203
filter_branches_dcl_k_time: 0.0002562999725341797
filter_branches_xfr_k_time: 0.000431060791015625
compute_br_acl_delta_k_p_time: 5.984306335449219e-05
compute_br_dcl_delta_k_p_time: 6.103515625e-05
compute_br_xfr_delta_k_p_time: 4.100799560546875e-05
compute_br_acl_delta_k_s_over_time: 0.00024247169494628906
compute_br_dcl_delta_k_s_over_time: 0.0002486705780029297
compute_br_xfr_delta_k_s_over_time: 0.00022149085998535156
zero_out_time: 7.367134094238281e-05
get_max_br_acl_delta_k_s_over_time: 0.0004963874816894531
get_max_br_dcl_delta_k_s_over_time: 2.86102294921875e-06
get_max_br_xfr_delta_k_s_over_time: 0.0002949237823486328
compute_br_k_z_time: 0.00043582916259765625
collect_penalties_into_obj_array_time: 0.0001995563507080078
end of contingency model method 1, memory info: {'rss bytes': 104095744, 'rss human': '99.3M', 'percent': 0.038522582124388076}
function: eval_post_contingency_model, time: 0.03910231590270996
function: eval_post_contingency_model, time: 0.03911089897155762
function: run, time: 0.04665946960449219
after solution_evaluator.run(), memory info: {'rss bytes': 104095744, 'rss human': '99.3M', 'percent': 0.038522582124388076}
evaluation summary:
{'feas': 1,
 'infeas': 0,
 'info_i_i_k_t_disconnected_ctg': {'idx': {0: None, 1: None, 2: None, 3: None},
                                   'val': 0},
 'info_i_i_t_disconnected_base': {'idx': {0: None, 1: None, 2: None}, 'val': 0},
 'sum_acl_t_u_sd': 0,
 'sum_acl_t_u_su': 0,
 'sum_acl_t_z_s': 0.0,
 'sum_acl_t_z_sd': 0.0,
 'sum_acl_t_z_su': 0.0,
 'sum_bus_t_z_p': 495435.7755784196,
 'sum_bus_t_z_q': 537247.54779769,
 'sum_cs_t_z_p': 159121.29910566157,
 'sum_pr_t_z_p': 19.600000000632015,
 'sum_prz_t_z_nsc': 40.481332655088366,
 'sum_prz_t_z_rgd': 20.881332654456354,
 'sum_prz_t_z_rgu': 20.881332654456354,
 'sum_prz_t_z_rrd': 8.0,
 'sum_prz_t_z_rru': 8.0,
 'sum_prz_t_z_scr': 30.681332654772362,
 'sum_qrz_t_z_qrd': 8.0,
 'sum_qrz_t_z_qru': 8.0,
 'sum_sd_t_sd': 0,
 'sum_sd_t_su': 0,
 'sum_sd_t_z_nsc': 0.0,
 'sum_sd_t_z_on': 0.0,
 'sum_sd_t_z_qrd': 0.0,
 'sum_sd_t_z_qru': 0.0,
 'sum_sd_t_z_rgd': 0.0,
 'sum_sd_t_z_rgu': 0.0,
 'sum_sd_t_z_rrd_off': 0.0,
 'sum_sd_t_z_rrd_on': 0.0,
 'sum_sd_t_z_rru_off': 0.0,
 'sum_sd_t_z_rru_on': 0.0,
 'sum_sd_t_z_scr': 0.0,
 'sum_sd_t_z_sd': 0.0,
 'sum_sd_t_z_su': 0.0,
 'sum_sd_t_z_sus': 0.0,
 'sum_xfr_t_u_sd': 0,
 'sum_xfr_t_u_su': 0,
 'sum_xfr_t_z_s': 0.0,
 'sum_xfr_t_z_sd': 0.0,
 'sum_xfr_t_z_su': 0.0,
 'viol_acl_acl_t_s_max_ctg': {'idx': {0: None, 1: None, 2: None}, 'val': 0.0},
 'viol_acl_dcl_t_s_max_ctg': {'idx': {0: None, 1: None, 2: None}, 'val': 0.0},
 'viol_acl_t_s_max': {'idx': {0: 'acl_0', 1: 0}, 'val': 0.0},
 'viol_acl_t_u_sd_max': {'idx': {0: 'acl_0', 1: 0}, 'val': 0},
 'viol_acl_t_u_su_max': {'idx': {0: 'acl_0', 1: 0}, 'val': 0},
 'viol_acl_xfr_t_s_max_ctg': {'idx': {0: None, 1: None, 2: None}, 'val': 0.0},
 'viol_bus_t_p_balance_max': {'idx': {0: 'bus_0', 1: 8},
                              'val': 0.37540053505286575},
 'viol_bus_t_p_balance_min': {'idx': {0: 'bus_1', 1: 1},
                              'val': -0.24570644809029546},
 'viol_bus_t_q_balance_max': {'idx': {0: 'bus_0', 1: 0},
                              'val': 0.14531477729405656},
 'viol_bus_t_q_balance_min': {'idx': {0: 'bus_2', 1: 0},
                              'val': -0.47029209239159186},
 'viol_bus_t_v_max': {'idx': {0: 'bus_0', 1: 0}, 'val': 0.0},
 'viol_bus_t_v_min': {'idx': {0: 'bus_0', 1: 0}, 'val': 0.0},
 'viol_cs_t_p_off_max': {'idx': {0: 'sd_2', 1: 0}, 'val': 0.0},
 'viol_cs_t_p_off_min': {'idx': {0: 'sd_2', 1: 0}, 'val': 0.0},
 'viol_cs_t_p_on_max': {'idx': {0: 'sd_2', 1: 0}, 'val': 0.0},
 'viol_cs_t_p_on_min': {'idx': {0: 'sd_2', 1: 0}, 'val': 0.0},
 'viol_cs_t_q_max': {'idx': {0: 'sd_2', 1: 0}, 'val': 0.0},
 'viol_cs_t_q_min': {'idx': {0: 'sd_2', 1: 0}, 'val': 0.0},
 'viol_cs_t_q_p_max': {'idx': {0: None, 1: None}, 'val': None},
 'viol_cs_t_q_p_min': {'idx': {0: None, 1: None}, 'val': None},
 'viol_dcl_t_p_max': {'idx': {0: None, 1: None}, 'val': None},
 'viol_dcl_t_p_min': {'idx': {0: None, 1: None}, 'val': None},
 'viol_dcl_t_q_fr_max': {'idx': {0: None, 1: None}, 'val': None},
 'viol_dcl_t_q_fr_min': {'idx': {0: None, 1: None}, 'val': None},
 'viol_dcl_t_q_to_max': {'idx': {0: None, 1: None}, 'val': None},
 'viol_dcl_t_q_to_min': {'idx': {0: None, 1: None}, 'val': None},
 'viol_pr_t_p_off_max': {'idx': {0: 'sd_0', 1: 0}, 'val': 0.0},
 'viol_pr_t_p_off_min': {'idx': {0: 'sd_0', 1: 0}, 'val': 0.0},
 'viol_pr_t_p_on_max': {'idx': {0: 'sd_0', 1: 0}, 'val': 0.0},
 'viol_pr_t_p_on_min': {'idx': {0: 'sd_0', 1: 0}, 'val': 0.0},
 'viol_pr_t_q_max': {'idx': {0: 'sd_0', 1: 0}, 'val': 0.0},
 'viol_pr_t_q_min': {'idx': {0: 'sd_0', 1: 0}, 'val': 0.0},
 'viol_pr_t_q_p_max': {'idx': {0: None, 1: None}, 'val': None},
 'viol_pr_t_q_p_min': {'idx': {0: None, 1: None}, 'val': None},
 'viol_prz_t_p_nsc_balance': {'idx': {0: 'prz_0', 1: 8},
                              'val': 0.05077803745454329},
 'viol_prz_t_p_rgd_balance': {'idx': {0: 'prz_0', 1: 8},
                              'val': 0.026278037453700605},
 'viol_prz_t_p_rgu_balance': {'idx': {0: 'prz_0', 1: 8},
                              'val': 0.026278037453700605},
 'viol_prz_t_p_rrd_balance': {'idx': {0: 'prz_0', 1: 0}, 'val': 0.01},
 'viol_prz_t_p_rru_balance': {'idx': {0: 'prz_0', 1: 0}, 'val': 0.01},
 'viol_prz_t_p_scr_balance': {'idx': {0: 'prz_0', 1: 8},
                              'val': 0.03852803745412195},
 'viol_qrz_t_q_qrd_balance': {'idx': {0: 'qrz_0', 1: 0}, 'val': 0.01},
 'viol_qrz_t_q_qru_balance': {'idx': {0: 'qrz_0', 1: 0}, 'val': 0.01},
 'viol_sd_max_energy_constr': {'idx': {0: 'sd_0', 1: 0}, 'val': 0.0},
 'viol_sd_max_startup_constr': {'idx': {0: 'sd_0', 1: 0}, 'val': 0},
 'viol_sd_min_energy_constr': {'idx': {0: 'sd_0', 1: 0}, 'val': 0.0},
 'viol_sd_t_d_dn_min': {'idx': {0: 'sd_0', 1: 0}, 'val': 0},
 'viol_sd_t_d_up_min': {'idx': {0: 'sd_0', 1: 0}, 'val': 0},
 'viol_sd_t_p_nsc_max': {'idx': {0: 'sd_0', 1: 0}, 'val': 0.0},
 'viol_sd_t_p_nsc_nonneg': {'idx': {0: 'sd_0', 1: 0}, 'val': -0.0},
 'viol_sd_t_p_ramp_dn_max': {'idx': {0: 'sd_0', 1: 0}, 'val': 0.0},
 'viol_sd_t_p_ramp_up_max': {'idx': {0: 'sd_0', 1: 0}, 'val': 0.0},
 'viol_sd_t_p_rgd_max': {'idx': {0: 'sd_0', 1: 0}, 'val': 0.0},
 'viol_sd_t_p_rgd_nonneg': {'idx': {0: 'sd_0', 1: 0}, 'val': -0.0},
 'viol_sd_t_p_rgu_max': {'idx': {0: 'sd_0', 1: 0}, 'val': 0.0},
 'viol_sd_t_p_rgu_nonneg': {'idx': {0: 'sd_0', 1: 0}, 'val': -0.0},
 'viol_sd_t_p_rrd_off_max': {'idx': {0: 'sd_0', 1: 0}, 'val': 0.0},
 'viol_sd_t_p_rrd_off_nonneg': {'idx': {0: 'sd_0', 1: 0}, 'val': -0.0},
 'viol_sd_t_p_rrd_on_max': {'idx': {0: 'sd_0', 1: 0}, 'val': 0.0},
 'viol_sd_t_p_rrd_on_nonneg': {'idx': {0: 'sd_0', 1: 0}, 'val': -0.0},
 'viol_sd_t_p_rru_off_max': {'idx': {0: 'sd_0', 1: 0}, 'val': 0.0},
 'viol_sd_t_p_rru_off_nonneg': {'idx': {0: 'sd_0', 1: 0}, 'val': -0.0},
 'viol_sd_t_p_rru_on_max': {'idx': {0: 'sd_0', 1: 0}, 'val': 0.0},
 'viol_sd_t_p_rru_on_nonneg': {'idx': {0: 'sd_0', 1: 0}, 'val': -0.0},
 'viol_sd_t_p_scr_max': {'idx': {0: 'sd_0', 1: 0}, 'val': 0.0},
 'viol_sd_t_p_scr_nonneg': {'idx': {0: 'sd_0', 1: 0}, 'val': -0.0},
 'viol_sd_t_q_qrd_nonneg': {'idx': {0: 'sd_0', 1: 0}, 'val': -0.0},
 'viol_sd_t_q_qru_nonneg': {'idx': {0: 'sd_0', 1: 0}, 'val': -0.0},
 'viol_sd_t_u_on_max': {'idx': {0: 'sd_0', 1: 0}, 'val': 0},
 'viol_sd_t_u_on_min': {'idx': {0: 'sd_0', 1: 0}, 'val': 0},
 'viol_sh_t_u_st_max': {'idx': {0: 'sh_0', 1: 0}, 'val': 0},
 'viol_sh_t_u_st_min': {'idx': {0: 'sh_0', 1: 0}, 'val': 0},
 'viol_t_connected_base': {'idx': {0: 0}, 'val': 0},
 'viol_t_connected_ctg': {'idx': {0: 0}, 'val': 0},
 'viol_xfr_acl_t_s_max_ctg': {'idx': {0: None, 1: None, 2: None}, 'val': 0.0},
 'viol_xfr_dcl_t_s_max_ctg': {'idx': {0: None, 1: None, 2: None}, 'val': 0.0},
 'viol_xfr_t_phi_max': {'idx': {0: 'xfr_0', 1: 0}, 'val': 0.0},
 'viol_xfr_t_phi_min': {'idx': {0: 'xfr_0', 1: 0}, 'val': 0.0},
 'viol_xfr_t_s_max': {'idx': {0: 'xfr_0', 1: 0}, 'val': 0.0},
 'viol_xfr_t_tau_max': {'idx': {0: 'xfr_0', 1: 0}, 'val': 0.0},
 'viol_xfr_t_tau_min': {'idx': {0: 'xfr_0', 1: 0}, 'val': 0.0},
 'viol_xfr_t_u_sd_max': {'idx': {0: 'xfr_0', 1: 0}, 'val': 0},
 'viol_xfr_t_u_su_max': {'idx': {0: 'xfr_0', 1: 0}, 'val': 0},
 'viol_xfr_xfr_t_s_max_ctg': {'idx': {0: None, 1: None, 2: None}, 'val': 0.0},
 'z': -873726.5496010677,
 'z_base': -873726.5496010677,
 'z_cost': 19.600000000632015,
 'z_k_average_case': 0.0,
 'z_k_worst_case': 0.0,
 'z_max_energy': 0.0,
 'z_min_energy': 0.0,
 'z_penalty': 1032828.2487067285,
 'z_value': 159121.29910566157}
infeasibility summary:
{}
feas: 1
obj: -873726.5496010677
evaluate solution time: 0.05300712585449219
end of check_data(), memory info: {'rss bytes': 104865792, 'rss human': '100.0M', 'percent': 0.038807552827126134}
