/rcfs/dtn/arpacomp/.conda/envs/goc_eval/lib/python3.10/site-packages/scipy/sparse/linalg/_dsolve/linsolve.py:347: SparseEfficiencyWarning: splu converted its input to CSC format
  warn('splu converted its input to CSC format', SparseEfficiencyWarning)
args:
Namespace(problem_opt=None, problem='/qfs/projects/goc/share/data/C3/E1/D1/C3E1N00003D1/scenario_114.json', solution='/qfs/projects/goc/share/data/C3/E1/D1/C3E1N00003D1/scenario_114.json.pop_solution.json', configuration=None, parameters='{}', summary_csv='summary.csv', summary_json='summary.json', data_errors='data_errors.txt', ignored_errors='ignored_errors.txt', solution_errors='solution_errors.txt', pop_solution=None, scrubbed_problem=None)
problem data file: /qfs/projects/goc/share/data/C3/E1/D1/C3E1N00003D1/scenario_114.json

pop solution data file: None

solution data file: /qfs/projects/goc/share/data/C3/E1/D1/C3E1N00003D1/scenario_114.json.pop_solution.json

git info: {'C3DataUtilities': {'branch': None, 'commit': '417faef61bd7caf40b3ea0dc36c5e033ca7ea3d5', 'date': 'Fri Dec 30 07:03:34 2022 -0800', 'query_return_code': 0, 'query_err': '', 'query_path': '/qfs/projects/goc/share/loadbalancing/src/nonmpi-template/Challenge3/C3DataUtilities/datautilities', 'query_out': 'commit 417faef61bd7caf40b3ea0dc36c5e033ca7ea3d5\nAuthor: Jesse T Holzer <jesse.holzer@pnnl.gov>\nDate:   Fri Dec 30 07:03:34 2022 -0800\n\n    add z_value, z_cost, z_penalty components of z_base\n'}, 'Bid-DS-data-model': {'branch': None, 'commit': None, 'date': None, 'query_return_code': 128, 'query_err': 'fatal: Not a git repository (or any parent up to mount point /rcfs)\nStopping at filesystem boundary (GIT_DISCOVERY_ACROSS_FILESYSTEM not set).\n', 'query_path': '/rcfs/dtn/arpacomp/.conda/envs/goc_eval/lib/python3.10/site-packages/datamodel', 'query_out': ''}}

after reading problem without validation, memory info: {'rss bytes': 125366272, 'rss human': '119.6M', 'percent': 0.04639413988672172}
read problem data file without validation time: 0.0012769699096679688
after reading problem with validation, memory info: {'rss bytes': 125902848, 'rss human': '120.1M', 'percent': 0.046592709897672176}
load time: 0.005670309066772461
{'general': {'base_norm_mva': 100.0,
             'day_type': None,
             'electricity_demand': None,
             'net_load': None,
             'season': None,
             'solar_availability': None,
             'timestamp_start': None,
             'timestamp_stop': None,
             'vre_availability': None,
             'weather_temperature': None,
             'wind_availability': None},
 'interval durations': [0.25,
                        0.25,
                        0.25,
                        0.25,
                        0.25,
                        0.25,
                        0.25,
                        0.25,
                        0.5,
                        0.5,
                        0.5,
                        0.5,
                        0.5,
                        0.5,
                        0.5,
                        0.5,
                        1.0,
                        1.0],
 'num ac lines': 2,
 'num buses': 3,
 'num consuming devices': 1,
 'num contingencies': 2,
 'num dc lines': 0,
 'num intervals': 18,
 'num producing devices': 2,
 'num reactive power reserve zones': 1,
 'num real power reserve zones': 1,
 'num shunts': 2,
 'num simple dispatchable devices': 3,
 'num transformers': 2,
 'total duration': 8.0,
 'violation costs': {'e_vio_cost': 100000.0,
                     'p_bus_vio_cost': 100000.0,
                     'q_bus_vio_cost': 100000.0,
                     's_vio_cost': 100000.0}}
after read solution without validation, memory info: {'rss bytes': 125902848, 'rss human': '120.1M', 'percent': 0.046592709897672176}
read solution data file without validation time: 0.0008752346038818359
after read solution with validation, memory info: {'rss bytes': 126173184, 'rss human': '120.3M', 'percent': 0.04669275280395256}
solution load time: 0.0024895668029785156
after solution_model_checks(), memory info: {'rss bytes': 126173184, 'rss human': '120.3M', 'percent': 0.04669275280395256}
solution model_checks time: 0.0002040863037109375
{}
after problem_data_array.set_from_data_model(), memory info: {'rss bytes': 126435328, 'rss human': '120.6M', 'percent': 0.04678976410701232}
convert problem data to numpy arrays time: 0.0015158653259277344
after solution_data_array.set_from_data_model(), memory info: {'rss bytes': 126435328, 'rss human': '120.6M', 'percent': 0.04678976410701232}
convert solution data to numpy arrays time: 0.0002675056457519531
function: set_summary, time: 0.00020313262939453125
function: set_problem, time: 7.152557373046875e-07
function: set_solution, time: 3.814697265625e-06
function: set_solution_zero, time: 2.4318695068359375e-05
function: set_work_zero, time: 4.1961669921875e-05
function: set_matrices, time: 0.0027832984924316406
function: __init__, time: 0.003078460693359375
function: eval_sd_t_d_up_dn, time: 0.0003132820129394531
function: eval_sd_max_startup, time: 9.226799011230469e-05
function: eval_sd_t_z_sus, time: 6.341934204101562e-05
function: eval_acl_t_p_q_fr_to, time: 9.250640869140625e-05
function: eval_xfr_t_p_q_fr_to, time: 8.106231689453125e-05
function: eval_sd_t_su_sd_trajectories, time: 2.002716064453125e-05
function: eval_sd_max_energy, time: 4.3392181396484375e-05
function: eval_sd_min_energy, time: 3.4809112548828125e-05
function: eval_sd_t_z_p, time: 0.00014495849609375
function: eval_bus_t_p, time: 0.0005371570587158203
function: eval_bus_t_q, time: 0.00011372566223144531
sd_t_p_rgu sum: 0.0
prz_sigma_rgu max: 0.07
prz_t_p_rgu_req max: 0.025901451079371817
sd_t_p_rgd sum: 0.0
prz_sigma_rgd max: 0.07
prz_t_p_rgd_req max: 0.025901451079371817
sd_t_p_scr sum: 0.0
prz_sigma_scr max: 0.05
prz_t_p_scr_req max: 0.01225000000088975
sd_t_p_nsc sum: 0.0
prz_sigma_nsc max: 0.05
prz_t_p_nsc_req max: 0.01225000000088975
sd_t_p_rru sum: 0.0
prz_t_p_rru_min max: 0.01
sd_t_p_rrd sum: 0.0
prz_t_p_rrd_min max: 0.01
sd_t_p_qru sum: 0.0
qrz_t_q_qru_min max: 0.01
sd_t_p_qrd sum: 0.0
qrz_t_q_qrd_min max: 0.01
function: get_connected_components, time: 0.00024771690368652344
function: get_bridges, time: 0.00033783912658691406
function: get_connected_components, time: 2.6226043701171875e-05
function: get_bridges, time: 8.153915405273438e-05
function: get_connected_components, time: 2.4318695068359375e-05
function: get_bridges, time: 7.343292236328125e-05
function: get_connected_components, time: 2.288818359375e-05
function: get_bridges, time: 8.082389831542969e-05
function: get_connected_components, time: 2.1696090698242188e-05
function: get_bridges, time: 7.2479248046875e-05
function: get_connected_components, time: 2.193450927734375e-05
function: get_bridges, time: 7.462501525878906e-05
function: get_connected_components, time: 2.1457672119140625e-05
function: get_bridges, time: 7.653236389160156e-05
function: get_connected_components, time: 2.2411346435546875e-05
function: get_bridges, time: 7.295608520507812e-05
function: get_connected_components, time: 2.1457672119140625e-05
function: get_bridges, time: 7.343292236328125e-05
function: get_connected_components, time: 2.1696090698242188e-05
function: get_bridges, time: 7.867813110351562e-05
function: get_connected_components, time: 2.193450927734375e-05
function: get_bridges, time: 7.43865966796875e-05
function: get_connected_components, time: 2.1457672119140625e-05
function: get_bridges, time: 7.414817810058594e-05
function: get_connected_components, time: 2.6226043701171875e-05
function: get_bridges, time: 7.772445678710938e-05
function: get_connected_components, time: 2.2172927856445312e-05
function: get_bridges, time: 7.367134094238281e-05
function: get_connected_components, time: 2.1457672119140625e-05
function: get_bridges, time: 0.00012612342834472656
function: get_connected_components, time: 2.2172927856445312e-05
function: get_bridges, time: 7.390975952148438e-05
function: get_connected_components, time: 2.1696090698242188e-05
function: get_bridges, time: 7.152557373046875e-05
function: get_connected_components, time: 2.1696090698242188e-05
function: get_bridges, time: 7.009506225585938e-05
end of eval_connectedness(), memory info: {'rss bytes': 126947328, 'rss human': '121.1M', 'percent': 0.04697923930830092}
function: eval_connectedness, time: 0.002822399139404297
problem dimensions. bus: 3, acl: 2, xfr: 2, dcl: 0, k: 2, t: 18
construct static bus admittance matrix. time: 0.0009143352508544922
factor static bus admittance matrix. time: 0.002674102783203125
t_acl_delta_t: [array([], dtype=int64), array([], dtype=int64), array([], dtype=int64), array([], dtype=int64), array([], dtype=int64), array([], dtype=int64), array([], dtype=int64), array([], dtype=int64), array([], dtype=int64), array([], dtype=int64), array([], dtype=int64), array([], dtype=int64), array([], dtype=int64), array([], dtype=int64), array([], dtype=int64), array([], dtype=int64), array([], dtype=int64), array([], dtype=int64)], t_xfr_delta_t: [array([], dtype=int64), array([], dtype=int64), array([], dtype=int64), array([], dtype=int64), array([], dtype=int64), array([], dtype=int64), array([], dtype=int64), array([], dtype=int64), array([], dtype=int64), array([], dtype=int64), array([], dtype=int64), array([], dtype=int64), array([], dtype=int64), array([], dtype=int64), array([], dtype=int64), array([], dtype=int64), array([], dtype=int64), array([], dtype=int64)], t_br_delta_t: [array([], dtype=int64), array([], dtype=int64), array([], dtype=int64), array([], dtype=int64), array([], dtype=int64), array([], dtype=int64), array([], dtype=int64), array([], dtype=int64), array([], dtype=int64), array([], dtype=int64), array([], dtype=int64), array([], dtype=int64), array([], dtype=int64), array([], dtype=int64), array([], dtype=int64), array([], dtype=int64), array([], dtype=int64), array([], dtype=int64)], acl_delta_t: [], xfr_delta_t: [], br_delta_t: []
contingency delta branches. acl: 1, xfr: 1, dcl: 0
construct bus,t-indexed right hand side. time: 9.989738464355469e-05
solve for base case bus,t-indexed theta. time: 0.008506536483764648
num AC branches with possible violations in ACL contingencies: 0
num AC branches with possible violations in DCL contingencies: 0
num AC branches with possible violations in XFR contingencies: 0
t: 0, time: 0.00251007080078125, memory_info: {'rss bytes': 129142784, 'rss human': '123.2M', 'percent': 0.04779170897142644}
num AC branches with possible violations in ACL contingencies: 0
num AC branches with possible violations in DCL contingencies: 0
num AC branches with possible violations in XFR contingencies: 0
t: 1, time: 0.0013415813446044922, memory_info: {'rss bytes': 129142784, 'rss human': '123.2M', 'percent': 0.04779170897142644}
num AC branches with possible violations in ACL contingencies: 0
num AC branches with possible violations in DCL contingencies: 0
num AC branches with possible violations in XFR contingencies: 0
t: 2, time: 0.0013053417205810547, memory_info: {'rss bytes': 129142784, 'rss human': '123.2M', 'percent': 0.04779170897142644}
num AC branches with possible violations in ACL contingencies: 0
num AC branches with possible violations in DCL contingencies: 0
num AC branches with possible violations in XFR contingencies: 0
t: 3, time: 0.0013768672943115234, memory_info: {'rss bytes': 129142784, 'rss human': '123.2M', 'percent': 0.04779170897142644}
num AC branches with possible violations in ACL contingencies: 0
num AC branches with possible violations in DCL contingencies: 0
num AC branches with possible violations in XFR contingencies: 0
t: 4, time: 0.0013015270233154297, memory_info: {'rss bytes': 129142784, 'rss human': '123.2M', 'percent': 0.04779170897142644}
num AC branches with possible violations in ACL contingencies: 0
num AC branches with possible violations in DCL contingencies: 0
num AC branches with possible violations in XFR contingencies: 0
t: 5, time: 0.0013377666473388672, memory_info: {'rss bytes': 129142784, 'rss human': '123.2M', 'percent': 0.04779170897142644}
num AC branches with possible violations in ACL contingencies: 0
num AC branches with possible violations in DCL contingencies: 0
num AC branches with possible violations in XFR contingencies: 0
t: 6, time: 0.0012998580932617188, memory_info: {'rss bytes': 129142784, 'rss human': '123.2M', 'percent': 0.04779170897142644}
num AC branches with possible violations in ACL contingencies: 0
num AC branches with possible violations in DCL contingencies: 0
num AC branches with possible violations in XFR contingencies: 0
t: 7, time: 0.0012874603271484375, memory_info: {'rss bytes': 129142784, 'rss human': '123.2M', 'percent': 0.04779170897142644}
num AC branches with possible violations in ACL contingencies: 0
num AC branches with possible violations in DCL contingencies: 0
num AC branches with possible violations in XFR contingencies: 0
t: 8, time: 0.0012896060943603516, memory_info: {'rss bytes': 129142784, 'rss human': '123.2M', 'percent': 0.04779170897142644}
num AC branches with possible violations in ACL contingencies: 0
num AC branches with possible violations in DCL contingencies: 0
num AC branches with possible violations in XFR contingencies: 0
t: 9, time: 0.0012907981872558594, memory_info: {'rss bytes': 129142784, 'rss human': '123.2M', 'percent': 0.04779170897142644}
num AC branches with possible violations in ACL contingencies: 0
num AC branches with possible violations in DCL contingencies: 0
num AC branches with possible violations in XFR contingencies: 0
t: 10, time: 0.001287698745727539, memory_info: {'rss bytes': 129142784, 'rss human': '123.2M', 'percent': 0.04779170897142644}
num AC branches with possible violations in ACL contingencies: 0
num AC branches with possible violations in DCL contingencies: 0
num AC branches with possible violations in XFR contingencies: 0
t: 11, time: 0.0013053417205810547, memory_info: {'rss bytes': 129142784, 'rss human': '123.2M', 'percent': 0.04779170897142644}
num AC branches with possible violations in ACL contingencies: 0
num AC branches with possible violations in DCL contingencies: 0
num AC branches with possible violations in XFR contingencies: 0
t: 12, time: 0.0012965202331542969, memory_info: {'rss bytes': 129142784, 'rss human': '123.2M', 'percent': 0.04779170897142644}
num AC branches with possible violations in ACL contingencies: 0
num AC branches with possible violations in DCL contingencies: 0
num AC branches with possible violations in XFR contingencies: 0
t: 13, time: 0.0012884140014648438, memory_info: {'rss bytes': 129142784, 'rss human': '123.2M', 'percent': 0.04779170897142644}
num AC branches with possible violations in ACL contingencies: 0
num AC branches with possible violations in DCL contingencies: 0
num AC branches with possible violations in XFR contingencies: 0
t: 14, time: 0.0012981891632080078, memory_info: {'rss bytes': 129142784, 'rss human': '123.2M', 'percent': 0.04779170897142644}
num AC branches with possible violations in ACL contingencies: 0
num AC branches with possible violations in DCL contingencies: 0
num AC branches with possible violations in XFR contingencies: 0
t: 15, time: 0.0013256072998046875, memory_info: {'rss bytes': 129142784, 'rss human': '123.2M', 'percent': 0.04779170897142644}
num AC branches with possible violations in ACL contingencies: 0
num AC branches with possible violations in DCL contingencies: 0
num AC branches with possible violations in XFR contingencies: 0
t: 16, time: 0.0013439655303955078, memory_info: {'rss bytes': 129142784, 'rss human': '123.2M', 'percent': 0.04779170897142644}
num AC branches with possible violations in ACL contingencies: 0
num AC branches with possible violations in DCL contingencies: 0
num AC branches with possible violations in XFR contingencies: 0
t: 17, time: 0.001336812973022461, memory_info: {'rss bytes': 129142784, 'rss human': '123.2M', 'percent': 0.04779170897142644}
initialize_m_w_time: 0.0004799365997314453
compute_static_w_time: 4.3392181396484375e-05
get_time_varying_branch_characteristics_time: 0.0003902912139892578
construct_a_t_time: 0.006413459777832031
factor_a_t_time: 0.0025818347930908203
compute_w_with_t_a_solve_time: 0.00028634071350097656
compute_v_t_time: 2.384185791015625e-06
compute_w_with_t_smw_time: 1.9073486328125e-06
compute_v_time: 0.0006346702575683594
compute_bus_theta_with_t_a_solve_time: 0.00012445449829101562
compute_bus_theta_with_t_smw_time: 1.9073486328125e-06
compute_br_p_time: 0.0016777515411376953
apply_w_v_wt_time: 0.0005795955657958984
compute_bus_dtheta_rhs_dcl_k_time: 0.0017499923706054688
compute_w_v_wt_xfr_k_time: 0.0023026466369628906
compute_bus_dtheta_rhs_xfr_k_time: 3.0994415283203125e-06
compute_br_acl_delta_k_p_delta_time: 0.0012273788452148438
compute_br_dcl_delta_k_p_delta_time: 0.0010876655578613281
compute_br_xfr_delta_k_p_delta_time: 0.0010571479797363281
filter_branches_acl_k_time: 0.0007135868072509766
filter_branches_dcl_k_time: 0.0003037452697753906
filter_branches_xfr_k_time: 0.0005290508270263672
compute_br_acl_delta_k_p_time: 6.842613220214844e-05
compute_br_dcl_delta_k_p_time: 7.367134094238281e-05
compute_br_xfr_delta_k_p_time: 5.054473876953125e-05
compute_br_acl_delta_k_s_over_time: 0.0002903938293457031
compute_br_dcl_delta_k_s_over_time: 0.0002944469451904297
compute_br_xfr_delta_k_s_over_time: 0.0002665519714355469
zero_out_time: 8.058547973632812e-05
get_max_br_acl_delta_k_s_over_time: 0.0005774497985839844
get_max_br_dcl_delta_k_s_over_time: 3.0994415283203125e-06
get_max_br_xfr_delta_k_s_over_time: 0.0003619194030761719
compute_br_k_z_time: 0.0005118846893310547
collect_penalties_into_obj_array_time: 0.0002231597900390625
end of contingency model method 1, memory info: {'rss bytes': 129142784, 'rss human': '123.2M', 'percent': 0.04779170897142644}
function: eval_post_contingency_model, time: 0.042157649993896484
function: eval_post_contingency_model, time: 0.04216623306274414
function: run, time: 0.04983997344970703
after solution_evaluator.run(), memory info: {'rss bytes': 129142784, 'rss human': '123.2M', 'percent': 0.04779170897142644}
evaluation summary:
{'feas': 1,
 'infeas': 0,
 'info_i_i_k_t_disconnected_ctg': {'idx': {0: None, 1: None, 2: None, 3: None},
                                   'val': 0},
 'info_i_i_t_disconnected_base': {'idx': {0: None, 1: None, 2: None}, 'val': 0},
 'sum_acl_t_u_sd': 0,
 'sum_acl_t_u_su': 0,
 'sum_acl_t_z_s': 0.0,
 'sum_acl_t_z_sd': 0.0,
 'sum_acl_t_z_su': 0.0,
 'sum_bus_t_z_p': 659675.9291568983,
 'sum_bus_t_z_q': 526676.5519326172,
 'sum_cs_t_z_p': 147286.75291822004,
 'sum_pr_t_z_p': 19.600000000667315,
 'sum_prz_t_z_nsc': 38.95348588810417,
 'sum_prz_t_z_rgd': 19.353485887436854,
 'sum_prz_t_z_rgu': 19.353485887436854,
 'sum_prz_t_z_rrd': 8.0,
 'sum_prz_t_z_rru': 8.0,
 'sum_prz_t_z_scr': 29.15348588777051,
 'sum_qrz_t_z_qrd': 8.0,
 'sum_qrz_t_z_qru': 8.0,
 'sum_sd_t_sd': 0,
 'sum_sd_t_su': 0,
 'sum_sd_t_z_nsc': 0.0,
 'sum_sd_t_z_on': 0.0,
 'sum_sd_t_z_qrd': 0.0,
 'sum_sd_t_z_qru': 0.0,
 'sum_sd_t_z_rgd': 0.0,
 'sum_sd_t_z_rgu': 0.0,
 'sum_sd_t_z_rrd_off': 0.0,
 'sum_sd_t_z_rrd_on': 0.0,
 'sum_sd_t_z_rru_off': 0.0,
 'sum_sd_t_z_rru_on': 0.0,
 'sum_sd_t_z_scr': 0.0,
 'sum_sd_t_z_sd': 0.0,
 'sum_sd_t_z_su': 0.0,
 'sum_sd_t_z_sus': 0.0,
 'sum_xfr_t_u_sd': 0,
 'sum_xfr_t_u_su': 0,
 'sum_xfr_t_z_s': 0.0,
 'sum_xfr_t_z_sd': 0.0,
 'sum_xfr_t_z_su': 0.0,
 'viol_acl_acl_t_s_max_ctg': {'idx': {0: None, 1: None, 2: None}, 'val': 0.0},
 'viol_acl_dcl_t_s_max_ctg': {'idx': {0: None, 1: None, 2: None}, 'val': 0.0},
 'viol_acl_t_s_max': {'idx': {0: 'acl_0', 1: 0}, 'val': 0.0},
 'viol_acl_t_u_sd_max': {'idx': {0: 'acl_0', 1: 0}, 'val': 0},
 'viol_acl_t_u_su_max': {'idx': {0: 'acl_0', 1: 0}, 'val': 0},
 'viol_acl_xfr_t_s_max_ctg': {'idx': {0: None, 1: None, 2: None}, 'val': 0.0},
 'viol_bus_t_p_balance_max': {'idx': {0: 'bus_0', 1: 8},
                              'val': 0.37002072970531164},
 'viol_bus_t_p_balance_min': {'idx': {0: 'bus_1', 1: 1},
                              'val': -0.24570644809123676},
 'viol_bus_t_q_balance_max': {'idx': {0: 'bus_0', 1: 0},
                              'val': 0.14270921864451125},
 'viol_bus_t_q_balance_min': {'idx': {0: 'bus_2', 1: 0},
                              'val': -0.47029209239159186},
 'viol_bus_t_v_max': {'idx': {0: 'bus_0', 1: 0}, 'val': 0.0},
 'viol_bus_t_v_min': {'idx': {0: 'bus_0', 1: 0}, 'val': 0.0},
 'viol_cs_t_p_off_max': {'idx': {0: 'sd_2', 1: 0}, 'val': 0.0},
 'viol_cs_t_p_off_min': {'idx': {0: 'sd_2', 1: 0}, 'val': 0.0},
 'viol_cs_t_p_on_max': {'idx': {0: 'sd_2', 1: 0}, 'val': 0.0},
 'viol_cs_t_p_on_min': {'idx': {0: 'sd_2', 1: 0}, 'val': 0.0},
 'viol_cs_t_q_max': {'idx': {0: 'sd_2', 1: 0}, 'val': 0.0},
 'viol_cs_t_q_min': {'idx': {0: 'sd_2', 1: 0}, 'val': 0.0},
 'viol_cs_t_q_p_max': {'idx': {0: None, 1: None}, 'val': None},
 'viol_cs_t_q_p_min': {'idx': {0: None, 1: None}, 'val': None},
 'viol_dcl_t_p_max': {'idx': {0: None, 1: None}, 'val': None},
 'viol_dcl_t_p_min': {'idx': {0: None, 1: None}, 'val': None},
 'viol_dcl_t_q_fr_max': {'idx': {0: None, 1: None}, 'val': None},
 'viol_dcl_t_q_fr_min': {'idx': {0: None, 1: None}, 'val': None},
 'viol_dcl_t_q_to_max': {'idx': {0: None, 1: None}, 'val': None},
 'viol_dcl_t_q_to_min': {'idx': {0: None, 1: None}, 'val': None},
 'viol_pr_t_p_off_max': {'idx': {0: 'sd_0', 1: 0}, 'val': 0.0},
 'viol_pr_t_p_off_min': {'idx': {0: 'sd_0', 1: 0}, 'val': 0.0},
 'viol_pr_t_p_on_max': {'idx': {0: 'sd_0', 1: 0}, 'val': 0.0},
 'viol_pr_t_p_on_min': {'idx': {0: 'sd_0', 1: 0}, 'val': 0.0},
 'viol_pr_t_q_max': {'idx': {0: 'sd_0', 1: 0}, 'val': 0.0},
 'viol_pr_t_q_min': {'idx': {0: 'sd_0', 1: 0}, 'val': 0.0},
 'viol_pr_t_q_p_max': {'idx': {0: None, 1: None}, 'val': None},
 'viol_pr_t_q_p_min': {'idx': {0: None, 1: None}, 'val': None},
 'viol_prz_t_p_nsc_balance': {'idx': {0: 'prz_0', 1: 8},
                              'val': 0.05040145108026157},
 'viol_prz_t_p_rgd_balance': {'idx': {0: 'prz_0', 1: 8},
                              'val': 0.025901451079371817},
 'viol_prz_t_p_rgu_balance': {'idx': {0: 'prz_0', 1: 8},
                              'val': 0.025901451079371817},
 'viol_prz_t_p_rrd_balance': {'idx': {0: 'prz_0', 1: 0}, 'val': 0.01},
 'viol_prz_t_p_rru_balance': {'idx': {0: 'prz_0', 1: 0}, 'val': 0.01},
 'viol_prz_t_p_scr_balance': {'idx': {0: 'prz_0', 1: 8},
                              'val': 0.03815145107981669},
 'viol_qrz_t_q_qrd_balance': {'idx': {0: 'qrz_0', 1: 0}, 'val': 0.01},
 'viol_qrz_t_q_qru_balance': {'idx': {0: 'qrz_0', 1: 0}, 'val': 0.01},
 'viol_sd_max_energy_constr': {'idx': {0: 'sd_0', 1: 0}, 'val': 0.0},
 'viol_sd_max_startup_constr': {'idx': {0: 'sd_0', 1: 0}, 'val': 0},
 'viol_sd_min_energy_constr': {'idx': {0: 'sd_0', 1: 0}, 'val': 0.0},
 'viol_sd_t_d_dn_min': {'idx': {0: 'sd_0', 1: 0}, 'val': 0},
 'viol_sd_t_d_up_min': {'idx': {0: 'sd_0', 1: 0}, 'val': 0},
 'viol_sd_t_p_nsc_max': {'idx': {0: 'sd_0', 1: 0}, 'val': 0.0},
 'viol_sd_t_p_nsc_nonneg': {'idx': {0: 'sd_0', 1: 0}, 'val': -0.0},
 'viol_sd_t_p_ramp_dn_max': {'idx': {0: 'sd_0', 1: 0}, 'val': 0.0},
 'viol_sd_t_p_ramp_up_max': {'idx': {0: 'sd_0', 1: 0}, 'val': 0.0},
 'viol_sd_t_p_rgd_max': {'idx': {0: 'sd_0', 1: 0}, 'val': 0.0},
 'viol_sd_t_p_rgd_nonneg': {'idx': {0: 'sd_0', 1: 0}, 'val': -0.0},
 'viol_sd_t_p_rgu_max': {'idx': {0: 'sd_0', 1: 0}, 'val': 0.0},
 'viol_sd_t_p_rgu_nonneg': {'idx': {0: 'sd_0', 1: 0}, 'val': -0.0},
 'viol_sd_t_p_rrd_off_max': {'idx': {0: 'sd_0', 1: 0}, 'val': 0.0},
 'viol_sd_t_p_rrd_off_nonneg': {'idx': {0: 'sd_0', 1: 0}, 'val': -0.0},
 'viol_sd_t_p_rrd_on_max': {'idx': {0: 'sd_0', 1: 0}, 'val': 0.0},
 'viol_sd_t_p_rrd_on_nonneg': {'idx': {0: 'sd_0', 1: 0}, 'val': -0.0},
 'viol_sd_t_p_rru_off_max': {'idx': {0: 'sd_0', 1: 0}, 'val': 0.0},
 'viol_sd_t_p_rru_off_nonneg': {'idx': {0: 'sd_0', 1: 0}, 'val': -0.0},
 'viol_sd_t_p_rru_on_max': {'idx': {0: 'sd_0', 1: 0}, 'val': 0.0},
 'viol_sd_t_p_rru_on_nonneg': {'idx': {0: 'sd_0', 1: 0}, 'val': -0.0},
 'viol_sd_t_p_scr_max': {'idx': {0: 'sd_0', 1: 0}, 'val': 0.0},
 'viol_sd_t_p_scr_nonneg': {'idx': {0: 'sd_0', 1: 0}, 'val': -0.0},
 'viol_sd_t_q_qrd_nonneg': {'idx': {0: 'sd_0', 1: 0}, 'val': -0.0},
 'viol_sd_t_q_qru_nonneg': {'idx': {0: 'sd_0', 1: 0}, 'val': -0.0},
 'viol_sd_t_u_on_max': {'idx': {0: 'sd_0', 1: 0}, 'val': 0},
 'viol_sd_t_u_on_min': {'idx': {0: 'sd_0', 1: 0}, 'val': 0},
 'viol_sh_t_u_st_max': {'idx': {0: 'sh_0', 1: 0}, 'val': 0},
 'viol_sh_t_u_st_min': {'idx': {0: 'sh_0', 1: 0}, 'val': 0},
 'viol_t_connected_base': {'idx': {0: 0}, 'val': 0},
 'viol_t_connected_ctg': {'idx': {0: 0}, 'val': 0},
 'viol_xfr_acl_t_s_max_ctg': {'idx': {0: None, 1: None, 2: None}, 'val': 0.0},
 'viol_xfr_dcl_t_s_max_ctg': {'idx': {0: None, 1: None, 2: None}, 'val': 0.0},
 'viol_xfr_t_phi_max': {'idx': {0: 'xfr_0', 1: 0}, 'val': 0.0},
 'viol_xfr_t_phi_min': {'idx': {0: 'xfr_0', 1: 0}, 'val': 0.0},
 'viol_xfr_t_s_max': {'idx': {0: 'xfr_0', 1: 0}, 'val': 0.0},
 'viol_xfr_t_tau_max': {'idx': {0: 'xfr_0', 1: 0}, 'val': 0.0},
 'viol_xfr_t_tau_min': {'idx': {0: 'xfr_0', 1: 0}, 'val': 0.0},
 'viol_xfr_t_u_sd_max': {'idx': {0: 'xfr_0', 1: 0}, 'val': 0},
 'viol_xfr_t_u_su_max': {'idx': {0: 'xfr_0', 1: 0}, 'val': 0},
 'viol_xfr_xfr_t_s_max_ctg': {'idx': {0: None, 1: None, 2: None}, 'val': 0.0},
 'z': -1039224.142114847,
 'z_base': -1039224.142114847,
 'z_cost': 19.600000000667315,
 'z_k_average_case': 0.0,
 'z_k_worst_case': 0.0,
 'z_max_energy': 0.0,
 'z_min_energy': 0.0,
 'z_penalty': 1186491.2950330663,
 'z_value': 147286.75291822004}
infeasibility summary:
{}
feas: 1
obj: -1039224.142114847
evaluate solution time: 0.05686354637145996
end of check_data(), memory info: {'rss bytes': 130174976, 'rss human': '124.1M', 'percent': 0.048173690977224265}
