/rcfs/dtn/arpacomp/.conda/envs/goc_eval/lib/python3.10/site-packages/scipy/sparse/linalg/_dsolve/linsolve.py:347: SparseEfficiencyWarning: splu converted its input to CSC format
  warn('splu converted its input to CSC format', SparseEfficiencyWarning)
args:
Namespace(problem_opt=None, problem='/qfs/projects/goc/share/data/C3/E1/D1/C3E1N00003D1/scenario_124.json', solution='/qfs/projects/goc/share/data/C3/E1/D1/C3E1N00003D1/scenario_124.json.pop_solution.json', configuration=None, parameters='{}', summary_csv='summary.csv', summary_json='summary.json', data_errors='data_errors.txt', ignored_errors='ignored_errors.txt', solution_errors='solution_errors.txt', pop_solution=None, scrubbed_problem=None)
problem data file: /qfs/projects/goc/share/data/C3/E1/D1/C3E1N00003D1/scenario_124.json

pop solution data file: None

solution data file: /qfs/projects/goc/share/data/C3/E1/D1/C3E1N00003D1/scenario_124.json.pop_solution.json

git info: {'C3DataUtilities': {'branch': None, 'commit': '417faef61bd7caf40b3ea0dc36c5e033ca7ea3d5', 'date': 'Fri Dec 30 07:03:34 2022 -0800', 'query_return_code': 0, 'query_err': '', 'query_path': '/qfs/projects/goc/share/loadbalancing/src/nonmpi-template/Challenge3/C3DataUtilities/datautilities', 'query_out': 'commit 417faef61bd7caf40b3ea0dc36c5e033ca7ea3d5\nAuthor: Jesse T Holzer <jesse.holzer@pnnl.gov>\nDate:   Fri Dec 30 07:03:34 2022 -0800\n\n    add z_value, z_cost, z_penalty components of z_base\n'}, 'Bid-DS-data-model': {'branch': None, 'commit': None, 'date': None, 'query_return_code': 128, 'query_err': 'fatal: Not a git repository (or any parent up to mount point /rcfs)\nStopping at filesystem boundary (GIT_DISCOVERY_ACROSS_FILESYSTEM not set).\n', 'query_path': '/rcfs/dtn/arpacomp/.conda/envs/goc_eval/lib/python3.10/site-packages/datamodel', 'query_out': ''}}

after reading problem without validation, memory info: {'rss bytes': 119078912, 'rss human': '113.6M', 'percent': 0.0440673844148977}
read problem data file without validation time: 0.001331329345703125
after reading problem with validation, memory info: {'rss bytes': 119615488, 'rss human': '114.1M', 'percent': 0.04426595442584815}
load time: 0.005936622619628906
{'general': {'base_norm_mva': 100.0,
             'day_type': None,
             'electricity_demand': None,
             'net_load': None,
             'season': None,
             'solar_availability': None,
             'timestamp_start': None,
             'timestamp_stop': None,
             'vre_availability': None,
             'weather_temperature': None,
             'wind_availability': None},
 'interval durations': [0.25,
                        0.25,
                        0.25,
                        0.25,
                        0.25,
                        0.25,
                        0.25,
                        0.25,
                        0.5,
                        0.5,
                        0.5,
                        0.5,
                        0.5,
                        0.5,
                        0.5,
                        0.5,
                        1.0,
                        1.0],
 'num ac lines': 2,
 'num buses': 3,
 'num consuming devices': 1,
 'num contingencies': 2,
 'num dc lines': 0,
 'num intervals': 18,
 'num producing devices': 2,
 'num reactive power reserve zones': 1,
 'num real power reserve zones': 1,
 'num shunts': 2,
 'num simple dispatchable devices': 3,
 'num transformers': 2,
 'total duration': 8.0,
 'violation costs': {'e_vio_cost': 100000.0,
                     'p_bus_vio_cost': 100000.0,
                     'q_bus_vio_cost': 100000.0,
                     's_vio_cost': 100000.0}}
after read solution without validation, memory info: {'rss bytes': 119615488, 'rss human': '114.1M', 'percent': 0.04426595442584815}
read solution data file without validation time: 0.0007936954498291016
after read solution with validation, memory info: {'rss bytes': 119885824, 'rss human': '114.3M', 'percent': 0.04436599733212853}
solution load time: 0.0022971630096435547
after solution_model_checks(), memory info: {'rss bytes': 119885824, 'rss human': '114.3M', 'percent': 0.04436599733212853}
solution model_checks time: 0.00020122528076171875
{}
after problem_data_array.set_from_data_model(), memory info: {'rss bytes': 120147968, 'rss human': '114.6M', 'percent': 0.044463008635188296}
convert problem data to numpy arrays time: 0.0016279220581054688
after solution_data_array.set_from_data_model(), memory info: {'rss bytes': 120147968, 'rss human': '114.6M', 'percent': 0.044463008635188296}
convert solution data to numpy arrays time: 0.0002636909484863281
function: set_summary, time: 0.00020956993103027344
function: set_problem, time: 4.76837158203125e-07
function: set_solution, time: 4.291534423828125e-06
function: set_solution_zero, time: 2.6702880859375e-05
function: set_work_zero, time: 4.38690185546875e-05
function: set_matrices, time: 0.0028533935546875
function: __init__, time: 0.0031595230102539062
function: eval_sd_t_d_up_dn, time: 0.0003147125244140625
function: eval_sd_max_startup, time: 8.678436279296875e-05
function: eval_sd_t_z_sus, time: 6.246566772460938e-05
function: eval_acl_t_p_q_fr_to, time: 9.179115295410156e-05
function: eval_xfr_t_p_q_fr_to, time: 8.130073547363281e-05
function: eval_sd_t_su_sd_trajectories, time: 1.8596649169921875e-05
function: eval_sd_max_energy, time: 4.3392181396484375e-05
function: eval_sd_min_energy, time: 3.504753112792969e-05
function: eval_sd_t_z_p, time: 0.00014829635620117188
function: eval_bus_t_p, time: 0.0004892349243164062
function: eval_bus_t_q, time: 0.00012135505676269531
sd_t_p_rgu sum: 0.0
prz_sigma_rgu max: 0.07
prz_t_p_rgu_req max: 0.02729755716494883
sd_t_p_rgd sum: 0.0
prz_sigma_rgd max: 0.07
prz_t_p_rgd_req max: 0.02729755716494883
sd_t_p_scr sum: 0.0
prz_sigma_scr max: 0.05
prz_t_p_scr_req max: 0.012250000000236455
sd_t_p_nsc sum: 0.0
prz_sigma_nsc max: 0.05
prz_t_p_nsc_req max: 0.012250000000236455
sd_t_p_rru sum: 0.0
prz_t_p_rru_min max: 0.01
sd_t_p_rrd sum: 0.0
prz_t_p_rrd_min max: 0.01
sd_t_p_qru sum: 0.0
qrz_t_q_qru_min max: 0.01
sd_t_p_qrd sum: 0.0
qrz_t_q_qrd_min max: 0.01
function: get_connected_components, time: 0.00025153160095214844
function: get_bridges, time: 0.0003452301025390625
function: get_connected_components, time: 2.6226043701171875e-05
function: get_bridges, time: 8.320808410644531e-05
function: get_connected_components, time: 2.2649765014648438e-05
function: get_bridges, time: 7.462501525878906e-05
function: get_connected_components, time: 2.2411346435546875e-05
function: get_bridges, time: 7.677078247070312e-05
function: get_connected_components, time: 2.1457672119140625e-05
function: get_bridges, time: 7.128715515136719e-05
function: get_connected_components, time: 2.2411346435546875e-05
function: get_bridges, time: 7.486343383789062e-05
function: get_connected_components, time: 2.193450927734375e-05
function: get_bridges, time: 7.772445678710938e-05
function: get_connected_components, time: 2.2649765014648438e-05
function: get_bridges, time: 7.605552673339844e-05
function: get_connected_components, time: 2.1696090698242188e-05
function: get_bridges, time: 7.152557373046875e-05
function: get_connected_components, time: 2.1219253540039062e-05
function: get_bridges, time: 7.486343383789062e-05
function: get_connected_components, time: 2.1696090698242188e-05
function: get_bridges, time: 7.390975952148438e-05
function: get_connected_components, time: 2.1219253540039062e-05
function: get_bridges, time: 8.273124694824219e-05
function: get_connected_components, time: 2.193450927734375e-05
function: get_bridges, time: 7.152557373046875e-05
function: get_connected_components, time: 2.09808349609375e-05
function: get_bridges, time: 7.987022399902344e-05
function: get_connected_components, time: 2.1696090698242188e-05
function: get_bridges, time: 0.0001270771026611328
function: get_connected_components, time: 2.2172927856445312e-05
function: get_bridges, time: 7.390975952148438e-05
function: get_connected_components, time: 2.1696090698242188e-05
function: get_bridges, time: 7.152557373046875e-05
function: get_connected_components, time: 2.2649765014648438e-05
function: get_bridges, time: 7.104873657226562e-05
end of eval_connectedness(), memory info: {'rss bytes': 120659968, 'rss human': '115.1M', 'percent': 0.0446524838364769}
function: eval_connectedness, time: 0.002842426300048828
problem dimensions. bus: 3, acl: 2, xfr: 2, dcl: 0, k: 2, t: 18
construct static bus admittance matrix. time: 0.0007064342498779297
factor static bus admittance matrix. time: 0.0024013519287109375
t_acl_delta_t: [array([], dtype=int64), array([], dtype=int64), array([], dtype=int64), array([], dtype=int64), array([], dtype=int64), array([], dtype=int64), array([], dtype=int64), array([], dtype=int64), array([], dtype=int64), array([], dtype=int64), array([], dtype=int64), array([], dtype=int64), array([], dtype=int64), array([], dtype=int64), array([], dtype=int64), array([], dtype=int64), array([], dtype=int64), array([], dtype=int64)], t_xfr_delta_t: [array([], dtype=int64), array([], dtype=int64), array([], dtype=int64), array([], dtype=int64), array([], dtype=int64), array([], dtype=int64), array([], dtype=int64), array([], dtype=int64), array([], dtype=int64), array([], dtype=int64), array([], dtype=int64), array([], dtype=int64), array([], dtype=int64), array([], dtype=int64), array([], dtype=int64), array([], dtype=int64), array([], dtype=int64), array([], dtype=int64)], t_br_delta_t: [array([], dtype=int64), array([], dtype=int64), array([], dtype=int64), array([], dtype=int64), array([], dtype=int64), array([], dtype=int64), array([], dtype=int64), array([], dtype=int64), array([], dtype=int64), array([], dtype=int64), array([], dtype=int64), array([], dtype=int64), array([], dtype=int64), array([], dtype=int64), array([], dtype=int64), array([], dtype=int64), array([], dtype=int64), array([], dtype=int64)], acl_delta_t: [], xfr_delta_t: [], br_delta_t: []
contingency delta branches. acl: 1, xfr: 1, dcl: 0
construct bus,t-indexed right hand side. time: 9.441375732421875e-05
solve for base case bus,t-indexed theta. time: 0.00890493392944336
num AC branches with possible violations in ACL contingencies: 0
num AC branches with possible violations in DCL contingencies: 0
num AC branches with possible violations in XFR contingencies: 0
t: 0, time: 0.0022034645080566406, memory_info: {'rss bytes': 124968960, 'rss human': '119.2M', 'percent': 0.04624710713052176}
num AC branches with possible violations in ACL contingencies: 0
num AC branches with possible violations in DCL contingencies: 0
num AC branches with possible violations in XFR contingencies: 0
t: 1, time: 0.0011413097381591797, memory_info: {'rss bytes': 124968960, 'rss human': '119.2M', 'percent': 0.04624710713052176}
num AC branches with possible violations in ACL contingencies: 0
num AC branches with possible violations in DCL contingencies: 0
num AC branches with possible violations in XFR contingencies: 0
t: 2, time: 0.0011186599731445312, memory_info: {'rss bytes': 124968960, 'rss human': '119.2M', 'percent': 0.04624710713052176}
num AC branches with possible violations in ACL contingencies: 0
num AC branches with possible violations in DCL contingencies: 0
num AC branches with possible violations in XFR contingencies: 0
t: 3, time: 0.0011181831359863281, memory_info: {'rss bytes': 124968960, 'rss human': '119.2M', 'percent': 0.04624710713052176}
num AC branches with possible violations in ACL contingencies: 0
num AC branches with possible violations in DCL contingencies: 0
num AC branches with possible violations in XFR contingencies: 0
t: 4, time: 0.0011227130889892578, memory_info: {'rss bytes': 124968960, 'rss human': '119.2M', 'percent': 0.04624710713052176}
num AC branches with possible violations in ACL contingencies: 0
num AC branches with possible violations in DCL contingencies: 0
num AC branches with possible violations in XFR contingencies: 0
t: 5, time: 0.0011119842529296875, memory_info: {'rss bytes': 124968960, 'rss human': '119.2M', 'percent': 0.04624710713052176}
num AC branches with possible violations in ACL contingencies: 0
num AC branches with possible violations in DCL contingencies: 0
num AC branches with possible violations in XFR contingencies: 0
t: 6, time: 0.0011086463928222656, memory_info: {'rss bytes': 124968960, 'rss human': '119.2M', 'percent': 0.04624710713052176}
num AC branches with possible violations in ACL contingencies: 0
num AC branches with possible violations in DCL contingencies: 0
num AC branches with possible violations in XFR contingencies: 0
t: 7, time: 0.0011065006256103516, memory_info: {'rss bytes': 124968960, 'rss human': '119.2M', 'percent': 0.04624710713052176}
num AC branches with possible violations in ACL contingencies: 0
num AC branches with possible violations in DCL contingencies: 0
num AC branches with possible violations in XFR contingencies: 0
t: 8, time: 0.0011134147644042969, memory_info: {'rss bytes': 124968960, 'rss human': '119.2M', 'percent': 0.04624710713052176}
num AC branches with possible violations in ACL contingencies: 0
num AC branches with possible violations in DCL contingencies: 0
num AC branches with possible violations in XFR contingencies: 0
t: 9, time: 0.0011165142059326172, memory_info: {'rss bytes': 124968960, 'rss human': '119.2M', 'percent': 0.04624710713052176}
num AC branches with possible violations in ACL contingencies: 0
num AC branches with possible violations in DCL contingencies: 0
num AC branches with possible violations in XFR contingencies: 0
t: 10, time: 0.001108407974243164, memory_info: {'rss bytes': 124968960, 'rss human': '119.2M', 'percent': 0.04624710713052176}
num AC branches with possible violations in ACL contingencies: 0
num AC branches with possible violations in DCL contingencies: 0
num AC branches with possible violations in XFR contingencies: 0
t: 11, time: 0.0011143684387207031, memory_info: {'rss bytes': 124968960, 'rss human': '119.2M', 'percent': 0.04624710713052176}
num AC branches with possible violations in ACL contingencies: 0
num AC branches with possible violations in DCL contingencies: 0
num AC branches with possible violations in XFR contingencies: 0
t: 12, time: 0.0011153221130371094, memory_info: {'rss bytes': 124968960, 'rss human': '119.2M', 'percent': 0.04624710713052176}
num AC branches with possible violations in ACL contingencies: 0
num AC branches with possible violations in DCL contingencies: 0
num AC branches with possible violations in XFR contingencies: 0
t: 13, time: 0.001110076904296875, memory_info: {'rss bytes': 124968960, 'rss human': '119.2M', 'percent': 0.04624710713052176}
num AC branches with possible violations in ACL contingencies: 0
num AC branches with possible violations in DCL contingencies: 0
num AC branches with possible violations in XFR contingencies: 0
t: 14, time: 0.0011074542999267578, memory_info: {'rss bytes': 124968960, 'rss human': '119.2M', 'percent': 0.04624710713052176}
num AC branches with possible violations in ACL contingencies: 0
num AC branches with possible violations in DCL contingencies: 0
num AC branches with possible violations in XFR contingencies: 0
t: 15, time: 0.0011038780212402344, memory_info: {'rss bytes': 124968960, 'rss human': '119.2M', 'percent': 0.04624710713052176}
num AC branches with possible violations in ACL contingencies: 0
num AC branches with possible violations in DCL contingencies: 0
num AC branches with possible violations in XFR contingencies: 0
t: 16, time: 0.0011103153228759766, memory_info: {'rss bytes': 124968960, 'rss human': '119.2M', 'percent': 0.04624710713052176}
num AC branches with possible violations in ACL contingencies: 0
num AC branches with possible violations in DCL contingencies: 0
num AC branches with possible violations in XFR contingencies: 0
t: 17, time: 0.0010983943939208984, memory_info: {'rss bytes': 124968960, 'rss human': '119.2M', 'percent': 0.04624710713052176}
initialize_m_w_time: 0.0004074573516845703
compute_static_w_time: 3.6716461181640625e-05
get_time_varying_branch_characteristics_time: 0.0003361701965332031
construct_a_t_time: 0.00530242919921875
factor_a_t_time: 0.0021469593048095703
compute_w_with_t_a_solve_time: 0.00024890899658203125
compute_v_t_time: 2.1457672119140625e-06
compute_w_with_t_smw_time: 1.9073486328125e-06
compute_v_time: 0.0005743503570556641
compute_bus_theta_with_t_a_solve_time: 0.00011110305786132812
compute_bus_theta_with_t_smw_time: 2.384185791015625e-06
compute_br_p_time: 0.0014684200286865234
apply_w_v_wt_time: 0.0005202293395996094
compute_bus_dtheta_rhs_dcl_k_time: 0.0014941692352294922
compute_w_v_wt_xfr_k_time: 0.002022266387939453
compute_bus_dtheta_rhs_xfr_k_time: 2.6226043701171875e-06
compute_br_acl_delta_k_p_delta_time: 0.0010361671447753906
compute_br_dcl_delta_k_p_delta_time: 0.0009279251098632812
compute_br_xfr_delta_k_p_delta_time: 0.0009069442749023438
filter_branches_acl_k_time: 0.0006189346313476562
filter_branches_dcl_k_time: 0.000244140625
filter_branches_xfr_k_time: 0.00044226646423339844
compute_br_acl_delta_k_p_time: 5.53131103515625e-05
compute_br_dcl_delta_k_p_time: 6.127357482910156e-05
compute_br_xfr_delta_k_p_time: 4.1484832763671875e-05
compute_br_acl_delta_k_s_over_time: 0.00024008750915527344
compute_br_dcl_delta_k_s_over_time: 0.000247955322265625
compute_br_xfr_delta_k_s_over_time: 0.0002205371856689453
zero_out_time: 8.0108642578125e-05
get_max_br_acl_delta_k_s_over_time: 0.0004992485046386719
get_max_br_dcl_delta_k_s_over_time: 3.0994415283203125e-06
get_max_br_xfr_delta_k_s_over_time: 0.0002932548522949219
compute_br_k_z_time: 0.0004630088806152344
collect_penalties_into_obj_array_time: 0.00020194053649902344
end of contingency model method 1, memory info: {'rss bytes': 124968960, 'rss human': '119.2M', 'percent': 0.04624710713052176}
function: eval_post_contingency_model, time: 0.038330793380737305
function: eval_post_contingency_model, time: 0.03833889961242676
function: run, time: 0.045857906341552734
after solution_evaluator.run(), memory info: {'rss bytes': 124968960, 'rss human': '119.2M', 'percent': 0.04624710713052176}
evaluation summary:
{'feas': 1,
 'infeas': 0,
 'info_i_i_k_t_disconnected_ctg': {'idx': {0: None, 1: None, 2: None, 3: None},
                                   'val': 0},
 'info_i_i_t_disconnected_base': {'idx': {0: None, 1: None, 2: None}, 'val': 0},
 'sum_acl_t_u_sd': 0,
 'sum_acl_t_u_su': 0,
 'sum_acl_t_z_s': 0.0,
 'sum_acl_t_z_sd': 0.0,
 'sum_acl_t_z_su': 0.0,
 'sum_bus_t_z_p': 593550.9270927559,
 'sum_bus_t_z_q': 523515.1728577789,
 'sum_cs_t_z_p': 141725.99532519904,
 'sum_pr_t_z_p': 19.600000000177342,
 'sum_prz_t_z_nsc': 38.49674121054472,
 'sum_prz_t_z_rgd': 18.896741210367388,
 'sum_prz_t_z_rgu': 18.896741210367388,
 'sum_prz_t_z_rrd': 8.0,
 'sum_prz_t_z_rru': 8.0,
 'sum_prz_t_z_scr': 28.696741210456057,
 'sum_qrz_t_z_qrd': 8.0,
 'sum_qrz_t_z_qru': 8.0,
 'sum_sd_t_sd': 0,
 'sum_sd_t_su': 0,
 'sum_sd_t_z_nsc': 0.0,
 'sum_sd_t_z_on': 0.0,
 'sum_sd_t_z_qrd': 0.0,
 'sum_sd_t_z_qru': 0.0,
 'sum_sd_t_z_rgd': 0.0,
 'sum_sd_t_z_rgu': 0.0,
 'sum_sd_t_z_rrd_off': 0.0,
 'sum_sd_t_z_rrd_on': 0.0,
 'sum_sd_t_z_rru_off': 0.0,
 'sum_sd_t_z_rru_on': 0.0,
 'sum_sd_t_z_scr': 0.0,
 'sum_sd_t_z_sd': 0.0,
 'sum_sd_t_z_su': 0.0,
 'sum_sd_t_z_sus': 0.0,
 'sum_xfr_t_u_sd': 0,
 'sum_xfr_t_u_su': 0,
 'sum_xfr_t_z_s': 0.0,
 'sum_xfr_t_z_sd': 0.0,
 'sum_xfr_t_z_su': 0.0,
 'viol_acl_acl_t_s_max_ctg': {'idx': {0: None, 1: None, 2: None}, 'val': 0.0},
 'viol_acl_dcl_t_s_max_ctg': {'idx': {0: None, 1: None, 2: None}, 'val': 0.0},
 'viol_acl_t_s_max': {'idx': {0: 'acl_0', 1: 0}, 'val': 0.0},
 'viol_acl_t_u_sd_max': {'idx': {0: 'acl_0', 1: 0}, 'val': 0},
 'viol_acl_t_u_su_max': {'idx': {0: 'acl_0', 1: 0}, 'val': 0},
 'viol_acl_xfr_t_s_max_ctg': {'idx': {0: None, 1: None, 2: None}, 'val': 0.0},
 'viol_bus_t_p_balance_max': {'idx': {0: 'bus_0', 1: 0},
                              'val': 0.3899651023564118},
 'viol_bus_t_p_balance_min': {'idx': {0: 'bus_1', 1: 1},
                              'val': -0.24570644807817088},
 'viol_bus_t_q_balance_max': {'idx': {0: 'bus_0', 1: 0},
                              'val': 0.1523856208867591},
 'viol_bus_t_q_balance_min': {'idx': {0: 'bus_2', 1: 0},
                              'val': -0.47029209239159186},
 'viol_bus_t_v_max': {'idx': {0: 'bus_0', 1: 0}, 'val': 0.0},
 'viol_bus_t_v_min': {'idx': {0: 'bus_0', 1: 0}, 'val': 0.0},
 'viol_cs_t_p_off_max': {'idx': {0: 'sd_2', 1: 0}, 'val': 0.0},
 'viol_cs_t_p_off_min': {'idx': {0: 'sd_2', 1: 0}, 'val': 0.0},
 'viol_cs_t_p_on_max': {'idx': {0: 'sd_2', 1: 0}, 'val': 0.0},
 'viol_cs_t_p_on_min': {'idx': {0: 'sd_2', 1: 0}, 'val': 0.0},
 'viol_cs_t_q_max': {'idx': {0: 'sd_2', 1: 0}, 'val': 0.0},
 'viol_cs_t_q_min': {'idx': {0: 'sd_2', 1: 0}, 'val': 0.0},
 'viol_cs_t_q_p_max': {'idx': {0: None, 1: None}, 'val': None},
 'viol_cs_t_q_p_min': {'idx': {0: None, 1: None}, 'val': None},
 'viol_dcl_t_p_max': {'idx': {0: None, 1: None}, 'val': None},
 'viol_dcl_t_p_min': {'idx': {0: None, 1: None}, 'val': None},
 'viol_dcl_t_q_fr_max': {'idx': {0: None, 1: None}, 'val': None},
 'viol_dcl_t_q_fr_min': {'idx': {0: None, 1: None}, 'val': None},
 'viol_dcl_t_q_to_max': {'idx': {0: None, 1: None}, 'val': None},
 'viol_dcl_t_q_to_min': {'idx': {0: None, 1: None}, 'val': None},
 'viol_pr_t_p_off_max': {'idx': {0: 'sd_0', 1: 0}, 'val': 0.0},
 'viol_pr_t_p_off_min': {'idx': {0: 'sd_0', 1: 0}, 'val': 0.0},
 'viol_pr_t_p_on_max': {'idx': {0: 'sd_0', 1: 0}, 'val': 0.0},
 'viol_pr_t_p_on_min': {'idx': {0: 'sd_0', 1: 0}, 'val': 0.0},
 'viol_pr_t_q_max': {'idx': {0: 'sd_0', 1: 0}, 'val': 0.0},
 'viol_pr_t_q_min': {'idx': {0: 'sd_0', 1: 0}, 'val': 0.0},
 'viol_pr_t_q_p_max': {'idx': {0: None, 1: None}, 'val': None},
 'viol_pr_t_q_p_min': {'idx': {0: None, 1: None}, 'val': None},
 'viol_prz_t_p_nsc_balance': {'idx': {0: 'prz_0', 1: 0},
                              'val': 0.051797557164948826},
 'viol_prz_t_p_rgd_balance': {'idx': {0: 'prz_0', 1: 0},
                              'val': 0.02729755716494883},
 'viol_prz_t_p_rgu_balance': {'idx': {0: 'prz_0', 1: 0},
                              'val': 0.02729755716494883},
 'viol_prz_t_p_rrd_balance': {'idx': {0: 'prz_0', 1: 0}, 'val': 0.01},
 'viol_prz_t_p_rru_balance': {'idx': {0: 'prz_0', 1: 0}, 'val': 0.01},
 'viol_prz_t_p_scr_balance': {'idx': {0: 'prz_0', 1: 0},
                              'val': 0.03954755716494883},
 'viol_qrz_t_q_qrd_balance': {'idx': {0: 'qrz_0', 1: 0}, 'val': 0.01},
 'viol_qrz_t_q_qru_balance': {'idx': {0: 'qrz_0', 1: 0}, 'val': 0.01},
 'viol_sd_max_energy_constr': {'idx': {0: 'sd_0', 1: 0}, 'val': 0.0},
 'viol_sd_max_startup_constr': {'idx': {0: 'sd_0', 1: 0}, 'val': 0},
 'viol_sd_min_energy_constr': {'idx': {0: 'sd_0', 1: 0}, 'val': 0.0},
 'viol_sd_t_d_dn_min': {'idx': {0: 'sd_0', 1: 0}, 'val': 0},
 'viol_sd_t_d_up_min': {'idx': {0: 'sd_0', 1: 0}, 'val': 0},
 'viol_sd_t_p_nsc_max': {'idx': {0: 'sd_0', 1: 0}, 'val': 0.0},
 'viol_sd_t_p_nsc_nonneg': {'idx': {0: 'sd_0', 1: 0}, 'val': -0.0},
 'viol_sd_t_p_ramp_dn_max': {'idx': {0: 'sd_0', 1: 0}, 'val': 0.0},
 'viol_sd_t_p_ramp_up_max': {'idx': {0: 'sd_0', 1: 0}, 'val': 0.0},
 'viol_sd_t_p_rgd_max': {'idx': {0: 'sd_0', 1: 0}, 'val': 0.0},
 'viol_sd_t_p_rgd_nonneg': {'idx': {0: 'sd_0', 1: 0}, 'val': -0.0},
 'viol_sd_t_p_rgu_max': {'idx': {0: 'sd_0', 1: 0}, 'val': 0.0},
 'viol_sd_t_p_rgu_nonneg': {'idx': {0: 'sd_0', 1: 0}, 'val': -0.0},
 'viol_sd_t_p_rrd_off_max': {'idx': {0: 'sd_0', 1: 0}, 'val': 0.0},
 'viol_sd_t_p_rrd_off_nonneg': {'idx': {0: 'sd_0', 1: 0}, 'val': -0.0},
 'viol_sd_t_p_rrd_on_max': {'idx': {0: 'sd_0', 1: 0}, 'val': 0.0},
 'viol_sd_t_p_rrd_on_nonneg': {'idx': {0: 'sd_0', 1: 0}, 'val': -0.0},
 'viol_sd_t_p_rru_off_max': {'idx': {0: 'sd_0', 1: 0}, 'val': 0.0},
 'viol_sd_t_p_rru_off_nonneg': {'idx': {0: 'sd_0', 1: 0}, 'val': -0.0},
 'viol_sd_t_p_rru_on_max': {'idx': {0: 'sd_0', 1: 0}, 'val': 0.0},
 'viol_sd_t_p_rru_on_nonneg': {'idx': {0: 'sd_0', 1: 0}, 'val': -0.0},
 'viol_sd_t_p_scr_max': {'idx': {0: 'sd_0', 1: 0}, 'val': 0.0},
 'viol_sd_t_p_scr_nonneg': {'idx': {0: 'sd_0', 1: 0}, 'val': -0.0},
 'viol_sd_t_q_qrd_nonneg': {'idx': {0: 'sd_0', 1: 0}, 'val': -0.0},
 'viol_sd_t_q_qru_nonneg': {'idx': {0: 'sd_0', 1: 0}, 'val': -0.0},
 'viol_sd_t_u_on_max': {'idx': {0: 'sd_0', 1: 0}, 'val': 0},
 'viol_sd_t_u_on_min': {'idx': {0: 'sd_0', 1: 0}, 'val': 0},
 'viol_sh_t_u_st_max': {'idx': {0: 'sh_0', 1: 0}, 'val': 0},
 'viol_sh_t_u_st_min': {'idx': {0: 'sh_0', 1: 0}, 'val': 0},
 'viol_t_connected_base': {'idx': {0: 0}, 'val': 0},
 'viol_t_connected_ctg': {'idx': {0: 0}, 'val': 0},
 'viol_xfr_acl_t_s_max_ctg': {'idx': {0: None, 1: None, 2: None}, 'val': 0.0},
 'viol_xfr_dcl_t_s_max_ctg': {'idx': {0: None, 1: None, 2: None}, 'val': 0.0},
 'viol_xfr_t_phi_max': {'idx': {0: 'xfr_0', 1: 0}, 'val': 0.0},
 'viol_xfr_t_phi_min': {'idx': {0: 'xfr_0', 1: 0}, 'val': 0.0},
 'viol_xfr_t_s_max': {'idx': {0: 'xfr_0', 1: 0}, 'val': 0.0},
 'viol_xfr_t_tau_max': {'idx': {0: 'xfr_0', 1: 0}, 'val': 0.0},
 'viol_xfr_t_tau_min': {'idx': {0: 'xfr_0', 1: 0}, 'val': 0.0},
 'viol_xfr_t_u_sd_max': {'idx': {0: 'xfr_0', 1: 0}, 'val': 0},
 'viol_xfr_t_u_su_max': {'idx': {0: 'xfr_0', 1: 0}, 'val': 0},
 'viol_xfr_xfr_t_s_max_ctg': {'idx': {0: None, 1: None, 2: None}, 'val': 0.0},
 'z': -975496.6915901777,
 'z_base': -975496.6915901777,
 'z_cost': 19.600000000177342,
 'z_k_average_case': 0.0,
 'z_k_worst_case': 0.0,
 'z_max_energy': 0.0,
 'z_min_energy': 0.0,
 'z_penalty': 1117203.0869153766,
 'z_value': 141725.99532519904}
infeasibility summary:
{}
feas: 1
obj: -975496.6915901777
evaluate solution time: 0.0522000789642334
end of check_data(), memory info: {'rss bytes': 125739008, 'rss human': '119.9M', 'percent': 0.04653207783325982}
