/rcfs/dtn/arpacomp/.local/lib/python3.8/site-packages/scipy/sparse/linalg/_dsolve/linsolve.py:347: SparseEfficiencyWarning: splu converted its input to CSC format
  warn('splu converted its input to CSC format', SparseEfficiencyWarning)
args:
Namespace(configuration=None, data_errors='data_errors.txt', ignored_errors='ignored_errors.txt', parameters='{}', pop_solution=None, problem='/qfs/projects/goc/share/data/C3/E1/D1/C3E1N00600D1/scenario_113.json', problem_opt=None, scrubbed_problem=None, solution='/qfs/projects/goc/share/data/C3/E1/D1/C3E1N00600D1/scenario_113.json.pop_solution.json', solution_errors='solution_errors.txt', summary_csv='summary.csv', summary_json='summary.json')
problem data file: /qfs/projects/goc/share/data/C3/E1/D1/C3E1N00600D1/scenario_113.json

pop solution data file: None

solution data file: /qfs/projects/goc/share/data/C3/E1/D1/C3E1N00600D1/scenario_113.json.pop_solution.json

git info: {'C3DataUtilities': {'branch': None, 'commit': '417faef61bd7caf40b3ea0dc36c5e033ca7ea3d5', 'date': 'Fri Dec 30 07:03:34 2022 -0800', 'query_return_code': 0, 'query_err': '', 'query_path': '/qfs/projects/goc/share/loadbalancing/src/nonmpi-template/Challenge3/C3DataUtilities/datautilities', 'query_out': 'commit 417faef61bd7caf40b3ea0dc36c5e033ca7ea3d5\nAuthor: Jesse T Holzer <jesse.holzer@pnnl.gov>\nDate:   Fri Dec 30 07:03:34 2022 -0800\n\n    add z_value, z_cost, z_penalty components of z_base\n'}, 'Bid-DS-data-model': {'branch': None, 'commit': None, 'date': None, 'query_return_code': 128, 'query_err': 'fatal: Not a git repository (or any parent up to mount point /rcfs)\nStopping at filesystem boundary (GIT_DISCOVERY_ACROSS_FILESYSTEM not set).\n', 'query_path': '/rcfs/dtn/arpacomp/.local/lib/python3.8/site-packages/datamodel', 'query_out': ''}}

after reading problem without validation, memory info: {'rss bytes': 103882752, 'rss human': '99.1M', 'percent': 0.0384423432907622}
read problem data file without validation time: 0.12686705589294434
after reading problem with validation, memory info: {'rss bytes': 142295040, 'rss human': '135.7M', 'percent': 0.05265700677868775}
load time: 0.8634366989135742
{'general': {'base_norm_mva': 100.0,
             'day_type': None,
             'electricity_demand': None,
             'net_load': None,
             'season': None,
             'solar_availability': None,
             'timestamp_start': None,
             'timestamp_stop': None,
             'vre_availability': None,
             'weather_temperature': None,
             'wind_availability': None},
 'interval durations': [0.25,
                        0.25,
                        0.25,
                        0.25,
                        0.25,
                        0.25,
                        0.25,
                        0.25,
                        0.5,
                        0.5,
                        0.5,
                        0.5,
                        0.5,
                        0.5,
                        0.5,
                        0.5,
                        1.0,
                        1.0],
 'num ac lines': 723,
 'num buses': 617,
 'num consuming devices': 405,
 'num contingencies': 562,
 'num dc lines': 0,
 'num intervals': 18,
 'num producing devices': 94,
 'num reactive power reserve zones': 10,
 'num real power reserve zones': 10,
 'num shunts': 22,
 'num simple dispatchable devices': 499,
 'num transformers': 130,
 'total duration': 8.0,
 'violation costs': {'e_vio_cost': 500.0,
                     'p_bus_vio_cost': 1000000.0,
                     'q_bus_vio_cost': 1000000.0,
                     's_vio_cost': 500.0}}
after read solution without validation, memory info: {'rss bytes': 142295040, 'rss human': '135.7M', 'percent': 0.05265700677868775}
read solution data file without validation time: 0.03920245170593262
after read solution with validation, memory info: {'rss bytes': 150994944, 'rss human': '144.0M', 'percent': 0.05587645071645208}
solution load time: 0.33907604217529297
after solution_model_checks(), memory info: {'rss bytes': 150994944, 'rss human': '144.0M', 'percent': 0.05587645071645208}
solution model_checks time: 0.004081249237060547
{}
after problem_data_array.set_from_data_model(), memory info: {'rss bytes': 154517504, 'rss human': '147.4M', 'percent': 0.05717999204718528}
convert problem data to numpy arrays time: 0.09861135482788086
after solution_data_array.set_from_data_model(), memory info: {'rss bytes': 154517504, 'rss human': '147.4M', 'percent': 0.05717999204718528}
convert solution data to numpy arrays time: 0.012689828872680664
function: set_summary, time: 0.00020170211791992188
function: set_problem, time: 1.6689300537109375e-06
function: set_solution, time: 7.152557373046875e-06
function: set_solution_zero, time: 0.0002014636993408203
function: set_work_zero, time: 0.0002713203430175781
function: set_matrices, time: 0.0036840438842773438
function: __init__, time: 0.004395008087158203
function: eval_sd_t_d_up_dn, time: 0.0003731250762939453
function: eval_sd_max_startup, time: 0.00019121170043945312
function: eval_sd_t_z_sus, time: 0.0008156299591064453
function: eval_acl_t_p_q_fr_to, time: 0.0008423328399658203
function: eval_xfr_t_p_q_fr_to, time: 0.00022840499877929688
function: eval_sd_t_su_sd_trajectories, time: 0.00011420249938964844
function: eval_sd_max_energy, time: 0.00028705596923828125
function: eval_sd_min_energy, time: 0.00025463104248046875
function: eval_sd_t_z_p, time: 0.032808780670166016
function: eval_bus_t_p, time: 0.0005669593811035156
function: eval_bus_t_q, time: 0.00024771690368652344
sd_t_p_rgu sum: 0.0
prz_sigma_rgu max: 0.1076496
prz_t_p_rgu_req max: 2.089079673813469
sd_t_p_rgd sum: 0.0
prz_sigma_rgd max: 0.0941934
prz_t_p_rgd_req max: 1.8279447145867853
sd_t_p_scr sum: 0.0
prz_sigma_scr max: 0.8432552
prz_t_p_scr_req max: 1.6850167318501845
sd_t_p_nsc sum: 0.0
prz_sigma_nsc max: 0.4956367
prz_t_p_nsc_req max: 0.9903954727098158
sd_t_p_rru sum: 0.0
prz_t_p_rru_min max: 0.44854
sd_t_p_rrd sum: 0.0
prz_t_p_rrd_min max: 0.44854
sd_t_p_qru sum: 0.0
qrz_t_q_qru_min max: 4.1745
sd_t_p_qrd sum: 0.0
qrz_t_q_qrd_min max: 10.4904
function: get_connected_components, time: 0.0036077499389648438
function: get_bridges, time: 0.014525890350341797
function: get_connected_components, time: 0.0034372806549072266
function: get_bridges, time: 0.014081001281738281
function: get_connected_components, time: 0.003451108932495117
function: get_bridges, time: 0.014114141464233398
function: get_connected_components, time: 0.0034890174865722656
function: get_bridges, time: 0.08141732215881348
function: get_connected_components, time: 0.0034637451171875
function: get_bridges, time: 0.013788700103759766
function: get_connected_components, time: 0.003542184829711914
function: get_bridges, time: 0.014298439025878906
function: get_connected_components, time: 0.0035614967346191406
function: get_bridges, time: 0.014389514923095703
function: get_connected_components, time: 0.003545522689819336
function: get_bridges, time: 0.01419687271118164
function: get_connected_components, time: 0.0035724639892578125
function: get_bridges, time: 0.01423954963684082
function: get_connected_components, time: 0.0034787654876708984
function: get_bridges, time: 0.01429295539855957
function: get_connected_components, time: 0.0035619735717773438
function: get_bridges, time: 0.014435529708862305
function: get_connected_components, time: 0.003566741943359375
function: get_bridges, time: 0.014418363571166992
function: get_connected_components, time: 0.0036051273345947266
function: get_bridges, time: 0.014422178268432617
function: get_connected_components, time: 0.00353240966796875
function: get_bridges, time: 0.014518499374389648
function: get_connected_components, time: 0.0035610198974609375
function: get_bridges, time: 0.014434576034545898
function: get_connected_components, time: 0.0035202503204345703
function: get_bridges, time: 0.014078140258789062
function: get_connected_components, time: 0.0035130977630615234
function: get_bridges, time: 0.014208316802978516
function: get_connected_components, time: 0.0035152435302734375
function: get_bridges, time: 0.014427661895751953
end of eval_connectedness(), memory info: {'rss bytes': 165687296, 'rss human': '158.0M', 'percent': 0.06131343066219627}
function: eval_connectedness, time: 0.4210503101348877
problem dimensions. bus: 617, acl: 723, xfr: 130, dcl: 0, k: 562, t: 18
construct static bus admittance matrix. time: 0.0007302761077880859
factor static bus admittance matrix. time: 0.004240274429321289
t_acl_delta_t: [array([], dtype=int64), array([], dtype=int64), array([], dtype=int64), array([], dtype=int64), array([], dtype=int64), array([], dtype=int64), array([], dtype=int64), array([], dtype=int64), array([], dtype=int64), array([], dtype=int64), array([], dtype=int64), array([], dtype=int64), array([], dtype=int64), array([], dtype=int64), array([], dtype=int64), array([], dtype=int64), array([], dtype=int64), array([], dtype=int64)], t_xfr_delta_t: [array([], dtype=int64), array([], dtype=int64), array([], dtype=int64), array([], dtype=int64), array([], dtype=int64), array([], dtype=int64), array([], dtype=int64), array([], dtype=int64), array([], dtype=int64), array([], dtype=int64), array([], dtype=int64), array([], dtype=int64), array([], dtype=int64), array([], dtype=int64), array([], dtype=int64), array([], dtype=int64), array([], dtype=int64), array([], dtype=int64)], t_br_delta_t: [array([], dtype=int64), array([], dtype=int64), array([], dtype=int64), array([], dtype=int64), array([], dtype=int64), array([], dtype=int64), array([], dtype=int64), array([], dtype=int64), array([], dtype=int64), array([], dtype=int64), array([], dtype=int64), array([], dtype=int64), array([], dtype=int64), array([], dtype=int64), array([], dtype=int64), array([], dtype=int64), array([], dtype=int64), array([], dtype=int64)], acl_delta_t: [], xfr_delta_t: [], br_delta_t: []
contingency delta branches. acl: 562, xfr: 0, dcl: 0
construct bus,t-indexed right hand side. time: 0.00020647048950195312
solve for base case bus,t-indexed theta. time: 0.0010404586791992188
num AC branches with possible violations in ACL contingencies: 0
num AC branches with possible violations in DCL contingencies: 0
num AC branches with possible violations in XFR contingencies: 0
t: 0, time: 0.1534576416015625, memory_info: {'rss bytes': 432406528, 'rss human': '412.4M', 'percent': 0.1600142455847009}
num AC branches with possible violations in ACL contingencies: 0
num AC branches with possible violations in DCL contingencies: 0
num AC branches with possible violations in XFR contingencies: 0
t: 1, time: 0.1883106231689453, memory_info: {'rss bytes': 434024448, 'rss human': '413.9M', 'percent': 0.1606129651493981}
num AC branches with possible violations in ACL contingencies: 0
num AC branches with possible violations in DCL contingencies: 0
num AC branches with possible violations in XFR contingencies: 0
t: 2, time: 0.15973663330078125, memory_info: {'rss bytes': 434294784, 'rss human': '414.2M', 'percent': 0.16071300436780322}
num AC branches with possible violations in ACL contingencies: 0
num AC branches with possible violations in DCL contingencies: 0
num AC branches with possible violations in XFR contingencies: 0
t: 3, time: 0.044878482818603516, memory_info: {'rss bytes': 434294784, 'rss human': '414.2M', 'percent': 0.16071300436780322}
num AC branches with possible violations in ACL contingencies: 0
num AC branches with possible violations in DCL contingencies: 0
num AC branches with possible violations in XFR contingencies: 0
t: 4, time: 0.044602155685424805, memory_info: {'rss bytes': 434565120, 'rss human': '414.4M', 'percent': 0.16081304358620832}
num AC branches with possible violations in ACL contingencies: 0
num AC branches with possible violations in DCL contingencies: 0
num AC branches with possible violations in XFR contingencies: 0
t: 5, time: 0.04505181312561035, memory_info: {'rss bytes': 434565120, 'rss human': '414.4M', 'percent': 0.16081304358620832}
num AC branches with possible violations in ACL contingencies: 0
num AC branches with possible violations in DCL contingencies: 0
num AC branches with possible violations in XFR contingencies: 0
t: 6, time: 0.044843196868896484, memory_info: {'rss bytes': 434565120, 'rss human': '414.4M', 'percent': 0.16081304358620832}
num AC branches with possible violations in ACL contingencies: 0
num AC branches with possible violations in DCL contingencies: 0
num AC branches with possible violations in XFR contingencies: 0
t: 7, time: 0.045154571533203125, memory_info: {'rss bytes': 434565120, 'rss human': '414.4M', 'percent': 0.16081304358620832}
num AC branches with possible violations in ACL contingencies: 0
num AC branches with possible violations in DCL contingencies: 0
num AC branches with possible violations in XFR contingencies: 0
t: 8, time: 0.07803201675415039, memory_info: {'rss bytes': 434565120, 'rss human': '414.4M', 'percent': 0.16081304358620832}
num AC branches with possible violations in ACL contingencies: 0
num AC branches with possible violations in DCL contingencies: 0
num AC branches with possible violations in XFR contingencies: 0
t: 9, time: 0.0900413990020752, memory_info: {'rss bytes': 434565120, 'rss human': '414.4M', 'percent': 0.16081304358620832}
num AC branches with possible violations in ACL contingencies: 0
num AC branches with possible violations in DCL contingencies: 0
num AC branches with possible violations in XFR contingencies: 0
t: 10, time: 0.08952474594116211, memory_info: {'rss bytes': 434565120, 'rss human': '414.4M', 'percent': 0.16081304358620832}
num AC branches with possible violations in ACL contingencies: 0
num AC branches with possible violations in DCL contingencies: 0
num AC branches with possible violations in XFR contingencies: 0
t: 11, time: 0.08890748023986816, memory_info: {'rss bytes': 434565120, 'rss human': '414.4M', 'percent': 0.16081304358620832}
num AC branches with possible violations in ACL contingencies: 0
num AC branches with possible violations in DCL contingencies: 0
num AC branches with possible violations in XFR contingencies: 0
t: 12, time: 0.1333911418914795, memory_info: {'rss bytes': 434565120, 'rss human': '414.4M', 'percent': 0.16081304358620832}
num AC branches with possible violations in ACL contingencies: 0
num AC branches with possible violations in DCL contingencies: 0
num AC branches with possible violations in XFR contingencies: 0
t: 13, time: 0.1287219524383545, memory_info: {'rss bytes': 434565120, 'rss human': '414.4M', 'percent': 0.16081304358620832}
num AC branches with possible violations in ACL contingencies: 0
num AC branches with possible violations in DCL contingencies: 0
num AC branches with possible violations in XFR contingencies: 0
t: 14, time: 0.1275620460510254, memory_info: {'rss bytes': 434565120, 'rss human': '414.4M', 'percent': 0.16081304358620832}
num AC branches with possible violations in ACL contingencies: 0
num AC branches with possible violations in DCL contingencies: 0
num AC branches with possible violations in XFR contingencies: 0
t: 15, time: 0.12906217575073242, memory_info: {'rss bytes': 434565120, 'rss human': '414.4M', 'percent': 0.16081304358620832}
num AC branches with possible violations in ACL contingencies: 0
num AC branches with possible violations in DCL contingencies: 0
num AC branches with possible violations in XFR contingencies: 0
t: 16, time: 0.13265705108642578, memory_info: {'rss bytes': 434565120, 'rss human': '414.4M', 'percent': 0.16081304358620832}
num AC branches with possible violations in ACL contingencies: 0
num AC branches with possible violations in DCL contingencies: 0
num AC branches with possible violations in XFR contingencies: 0
t: 17, time: 0.13010764122009277, memory_info: {'rss bytes': 434565120, 'rss human': '414.4M', 'percent': 0.16081304358620832}
initialize_m_w_time: 0.0010144710540771484
compute_static_w_time: 0.029393672943115234
get_time_varying_branch_characteristics_time: 0.0008845329284667969
construct_a_t_time: 0.008163690567016602
factor_a_t_time: 0.018135547637939453
compute_w_with_t_a_solve_time: 0.5361764430999756
compute_v_t_time: 3.0994415283203125e-06
compute_w_with_t_smw_time: 2.86102294921875e-06
compute_v_time: 0.004155397415161133
compute_bus_theta_with_t_a_solve_time: 0.001088857650756836
compute_bus_theta_with_t_smw_time: 3.337860107421875e-06
compute_br_p_time: 0.005022287368774414
apply_w_v_wt_time: 0.2143545150756836
compute_bus_dtheta_rhs_dcl_k_time: 0.0024175643920898438
compute_w_v_wt_xfr_k_time: 0.0020864009857177734
compute_bus_dtheta_rhs_xfr_k_time: 2.86102294921875e-06
compute_br_acl_delta_k_p_delta_time: 0.024478673934936523
compute_br_dcl_delta_k_p_delta_time: 0.001420736312866211
compute_br_xfr_delta_k_p_delta_time: 0.0011761188507080078
filter_branches_acl_k_time: 0.007155656814575195
filter_branches_dcl_k_time: 0.0013782978057861328
filter_branches_xfr_k_time: 0.0012943744659423828
compute_br_acl_delta_k_p_time: 0.0033712387084960938
compute_br_dcl_delta_k_p_time: 8.463859558105469e-05
compute_br_xfr_delta_k_p_time: 5.91278076171875e-05
compute_br_acl_delta_k_s_over_time: 1.01253342628479
compute_br_dcl_delta_k_s_over_time: 0.00043773651123046875
compute_br_xfr_delta_k_s_over_time: 0.0003871917724609375
zero_out_time: 0.0001316070556640625
get_max_br_acl_delta_k_s_over_time: 0.002711772918701172
get_max_br_dcl_delta_k_s_over_time: 3.814697265625e-06
get_max_br_xfr_delta_k_s_over_time: 3.0994415283203125e-06
compute_br_k_z_time: 0.002389192581176758
collect_penalties_into_obj_array_time: 0.0003135204315185547
end of contingency model method 1, memory info: {'rss bytes': 434565120, 'rss human': '414.4M', 'percent': 0.16081304358620832}
function: eval_post_contingency_model, time: 1.9007720947265625
function: eval_post_contingency_model, time: 1.9007861614227295
function: run, time: 2.368978977203369
after solution_evaluator.run(), memory info: {'rss bytes': 434565120, 'rss human': '414.4M', 'percent': 0.16081304358620832}
evaluation summary:
{'feas': 1,
 'infeas': 0,
 'info_i_i_k_t_disconnected_ctg': {'idx': {0: None, 1: None, 2: None, 3: None},
                                   'val': 0},
 'info_i_i_t_disconnected_base': {'idx': {0: None, 1: None, 2: None}, 'val': 0},
 'sum_acl_t_u_sd': 0,
 'sum_acl_t_u_su': 0,
 'sum_acl_t_z_s': 0.0,
 'sum_acl_t_z_sd': 0.0,
 'sum_acl_t_z_su': 0.0,
 'sum_bus_t_z_p': 314096149.2078517,
 'sum_bus_t_z_q': 116620235.21850021,
 'sum_cs_t_z_p': 34387404.905028135,
 'sum_pr_t_z_p': 3672223.4629097376,
 'sum_prz_t_z_nsc': 2691.8692231899995,
 'sum_prz_t_z_rgd': 32804.81520645511,
 'sum_prz_t_z_rgu': 37491.217378805835,
 'sum_prz_t_z_rrd': 1.125256,
 'sum_prz_t_z_rru': 1.125256,
 'sum_prz_t_z_scr': 24948.20049398675,
 'sum_qrz_t_z_qrd': 7333.343999999999,
 'sum_qrz_t_z_qru': 4109.376,
 'sum_sd_t_sd': 0,
 'sum_sd_t_su': 0,
 'sum_sd_t_z_nsc': 0.0,
 'sum_sd_t_z_on': 399.20000000000005,
 'sum_sd_t_z_qrd': 0.0,
 'sum_sd_t_z_qru': 0.0,
 'sum_sd_t_z_rgd': 0.0,
 'sum_sd_t_z_rgu': 0.0,
 'sum_sd_t_z_rrd_off': 0.0,
 'sum_sd_t_z_rrd_on': 0.0,
 'sum_sd_t_z_rru_off': 0.0,
 'sum_sd_t_z_rru_on': 0.0,
 'sum_sd_t_z_scr': 0.0,
 'sum_sd_t_z_sd': 0.0,
 'sum_sd_t_z_su': 0.0,
 'sum_sd_t_z_sus': 0.0,
 'sum_xfr_t_u_sd': 0,
 'sum_xfr_t_u_su': 0,
 'sum_xfr_t_z_s': 0.0,
 'sum_xfr_t_z_sd': 0.0,
 'sum_xfr_t_z_su': 0.0,
 'viol_acl_acl_t_s_max_ctg': {'idx': {0: None, 1: None, 2: None}, 'val': 0.0},
 'viol_acl_dcl_t_s_max_ctg': {'idx': {0: None, 1: None, 2: None}, 'val': 0.0},
 'viol_acl_t_s_max': {'idx': {0: 'acl_000', 1: 0}, 'val': 0.0},
 'viol_acl_t_u_sd_max': {'idx': {0: 'acl_000', 1: 0}, 'val': 0},
 'viol_acl_t_u_su_max': {'idx': {0: 'acl_000', 1: 0}, 'val': 0},
 'viol_acl_xfr_t_s_max_ctg': {'idx': {0: None, 1: None, 2: None}, 'val': 0.0},
 'viol_bus_t_p_balance_max': {'idx': {0: 'bus_064', 1: 0},
                              'val': 2.2415152885658443},
 'viol_bus_t_p_balance_min': {'idx': {0: 'bus_065', 1: 0},
                              'val': -2.471110628835456},
 'viol_bus_t_q_balance_max': {'idx': {0: 'bus_064', 1: 0},
                              'val': 0.48996646706755853},
 'viol_bus_t_q_balance_min': {'idx': {0: 'bus_611', 1: 0},
                              'val': -1.1804998787977161},
 'viol_bus_t_v_max': {'idx': {0: 'bus_000', 1: 0}, 'val': 0.0},
 'viol_bus_t_v_min': {'idx': {0: 'bus_000', 1: 0}, 'val': 0.0},
 'viol_cs_t_p_off_max': {'idx': {0: 'sd_094', 1: 0}, 'val': 0.0},
 'viol_cs_t_p_off_min': {'idx': {0: 'sd_094', 1: 0}, 'val': 0.0},
 'viol_cs_t_p_on_max': {'idx': {0: 'sd_094', 1: 0}, 'val': 0.0},
 'viol_cs_t_p_on_min': {'idx': {0: 'sd_094', 1: 0}, 'val': 0.0},
 'viol_cs_t_q_max': {'idx': {0: 'sd_094', 1: 0}, 'val': 0.0},
 'viol_cs_t_q_min': {'idx': {0: 'sd_094', 1: 0}, 'val': 0.0},
 'viol_cs_t_q_p_max': {'idx': {0: None, 1: None}, 'val': None},
 'viol_cs_t_q_p_min': {'idx': {0: None, 1: None}, 'val': None},
 'viol_dcl_t_p_max': {'idx': {0: None, 1: None}, 'val': None},
 'viol_dcl_t_p_min': {'idx': {0: None, 1: None}, 'val': None},
 'viol_dcl_t_q_fr_max': {'idx': {0: None, 1: None}, 'val': None},
 'viol_dcl_t_q_fr_min': {'idx': {0: None, 1: None}, 'val': None},
 'viol_dcl_t_q_to_max': {'idx': {0: None, 1: None}, 'val': None},
 'viol_dcl_t_q_to_min': {'idx': {0: None, 1: None}, 'val': None},
 'viol_pr_t_p_off_max': {'idx': {0: 'sd_000', 1: 0}, 'val': 0.0},
 'viol_pr_t_p_off_min': {'idx': {0: 'sd_000', 1: 0}, 'val': 0.0},
 'viol_pr_t_p_on_max': {'idx': {0: 'sd_000', 1: 0}, 'val': 0.0},
 'viol_pr_t_p_on_min': {'idx': {0: 'sd_000', 1: 0}, 'val': 0.0},
 'viol_pr_t_q_max': {'idx': {0: 'sd_000', 1: 0}, 'val': 0.0},
 'viol_pr_t_q_min': {'idx': {0: 'sd_000', 1: 0}, 'val': 0.0},
 'viol_pr_t_q_p_max': {'idx': {0: None, 1: None}, 'val': None},
 'viol_pr_t_q_p_min': {'idx': {0: None, 1: None}, 'val': None},
 'viol_prz_t_p_nsc_balance': {'idx': {0: 'prz_00', 1: 2},
                              'val': 4.164791928139177},
 'viol_prz_t_p_rgd_balance': {'idx': {0: 'prz_00', 1: 16},
                              'val': 1.8279447145867853},
 'viol_prz_t_p_rgu_balance': {'idx': {0: 'prz_00', 1: 16},
                              'val': 2.089079673813469},
 'viol_prz_t_p_rrd_balance': {'idx': {0: 'prz_00', 1: 0}, 'val': 0.44854},
 'viol_prz_t_p_rru_balance': {'idx': {0: 'prz_00', 1: 0}, 'val': 0.44854},
 'viol_prz_t_p_scr_balance': {'idx': {0: 'prz_00', 1: 2},
                              'val': 3.3963959335660014},
 'viol_qrz_t_q_qrd_balance': {'idx': {0: 'qrz_02', 1: 0}, 'val': 10.4904},
 'viol_qrz_t_q_qru_balance': {'idx': {0: 'qrz_09', 1: 0}, 'val': 4.1745},
 'viol_sd_max_energy_constr': {'idx': {0: 'sd_000', 1: 0}, 'val': 0.0},
 'viol_sd_max_startup_constr': {'idx': {0: 'sd_000', 1: 0}, 'val': 0},
 'viol_sd_min_energy_constr': {'idx': {0: 'sd_000', 1: 0}, 'val': 0.0},
 'viol_sd_t_d_dn_min': {'idx': {0: 'sd_000', 1: 0}, 'val': 0},
 'viol_sd_t_d_up_min': {'idx': {0: 'sd_000', 1: 0}, 'val': 0},
 'viol_sd_t_p_nsc_max': {'idx': {0: 'sd_000', 1: 0}, 'val': 0.0},
 'viol_sd_t_p_nsc_nonneg': {'idx': {0: 'sd_000', 1: 0}, 'val': -0.0},
 'viol_sd_t_p_ramp_dn_max': {'idx': {0: 'sd_000', 1: 0}, 'val': 0.0},
 'viol_sd_t_p_ramp_up_max': {'idx': {0: 'sd_000', 1: 0}, 'val': 0.0},
 'viol_sd_t_p_rgd_max': {'idx': {0: 'sd_000', 1: 0}, 'val': 0.0},
 'viol_sd_t_p_rgd_nonneg': {'idx': {0: 'sd_000', 1: 0}, 'val': -0.0},
 'viol_sd_t_p_rgu_max': {'idx': {0: 'sd_000', 1: 0}, 'val': 0.0},
 'viol_sd_t_p_rgu_nonneg': {'idx': {0: 'sd_000', 1: 0}, 'val': -0.0},
 'viol_sd_t_p_rrd_off_max': {'idx': {0: 'sd_000', 1: 0}, 'val': 0.0},
 'viol_sd_t_p_rrd_off_nonneg': {'idx': {0: 'sd_000', 1: 0}, 'val': -0.0},
 'viol_sd_t_p_rrd_on_max': {'idx': {0: 'sd_000', 1: 0}, 'val': 0.0},
 'viol_sd_t_p_rrd_on_nonneg': {'idx': {0: 'sd_000', 1: 0}, 'val': -0.0},
 'viol_sd_t_p_rru_off_max': {'idx': {0: 'sd_000', 1: 0}, 'val': 0.0},
 'viol_sd_t_p_rru_off_nonneg': {'idx': {0: 'sd_000', 1: 0}, 'val': -0.0},
 'viol_sd_t_p_rru_on_max': {'idx': {0: 'sd_000', 1: 0}, 'val': 0.0},
 'viol_sd_t_p_rru_on_nonneg': {'idx': {0: 'sd_000', 1: 0}, 'val': -0.0},
 'viol_sd_t_p_scr_max': {'idx': {0: 'sd_000', 1: 0}, 'val': 0.0},
 'viol_sd_t_p_scr_nonneg': {'idx': {0: 'sd_000', 1: 0}, 'val': -0.0},
 'viol_sd_t_q_qrd_nonneg': {'idx': {0: 'sd_000', 1: 0}, 'val': -0.0},
 'viol_sd_t_q_qru_nonneg': {'idx': {0: 'sd_000', 1: 0}, 'val': -0.0},
 'viol_sd_t_u_on_max': {'idx': {0: 'sd_000', 1: 0}, 'val': 0},
 'viol_sd_t_u_on_min': {'idx': {0: 'sd_000', 1: 0}, 'val': 0},
 'viol_sh_t_u_st_max': {'idx': {0: 'sh_00', 1: 0}, 'val': 0},
 'viol_sh_t_u_st_min': {'idx': {0: 'sh_00', 1: 0}, 'val': 0},
 'viol_t_connected_base': {'idx': {0: 0}, 'val': 0},
 'viol_t_connected_ctg': {'idx': {0: 0}, 'val': 0},
 'viol_xfr_acl_t_s_max_ctg': {'idx': {0: None, 1: None, 2: None}, 'val': 0.0},
 'viol_xfr_dcl_t_s_max_ctg': {'idx': {0: None, 1: None, 2: None}, 'val': 0.0},
 'viol_xfr_t_phi_max': {'idx': {0: 'xfr_000', 1: 0}, 'val': 0.0},
 'viol_xfr_t_phi_min': {'idx': {0: 'xfr_000', 1: 0}, 'val': 0.0},
 'viol_xfr_t_s_max': {'idx': {0: 'xfr_000', 1: 0}, 'val': 0.0},
 'viol_xfr_t_tau_max': {'idx': {0: 'xfr_000', 1: 0}, 'val': 0.0},
 'viol_xfr_t_tau_min': {'idx': {0: 'xfr_000', 1: 0}, 'val': 0.0},
 'viol_xfr_t_u_sd_max': {'idx': {0: 'xfr_000', 1: 0}, 'val': 0},
 'viol_xfr_t_u_su_max': {'idx': {0: 'xfr_000', 1: 0}, 'val': 0},
 'viol_xfr_xfr_t_s_max_ctg': {'idx': {0: None, 1: None, 2: None}, 'val': 0.0},
 'z': -400110983.2570481,
 'z_base': -400110983.2570481,
 'z_cost': 3672622.662909738,
 'z_k_average_case': 0.0,
 'z_k_worst_case': 0.0,
 'z_max_energy': 0.0,
 'z_min_energy': 0.0,
 'z_penalty': 430825765.49916637,
 'z_value': 34387404.905028135}
infeasibility summary:
{}
feas: 1
obj: -400110983.2570481
evaluate solution time: 2.3768794536590576
end of check_data(), memory info: {'rss bytes': 435044352, 'rss human': '414.9M', 'percent': 0.16099038583701739}
