/rcfs/dtn/arpacomp/.local/lib/python3.8/site-packages/scipy/sparse/linalg/_dsolve/linsolve.py:347: SparseEfficiencyWarning: splu converted its input to CSC format
  warn('splu converted its input to CSC format', SparseEfficiencyWarning)
args:
Namespace(configuration=None, data_errors='data_errors.txt', ignored_errors='ignored_errors.txt', parameters='{}', pop_solution=None, problem='/qfs/projects/goc/share/data/C3/E1/D1/C3E1N00600D1/scenario_118.json', problem_opt=None, scrubbed_problem=None, solution='/qfs/projects/goc/share/data/C3/E1/D1/C3E1N00600D1/scenario_118.json.pop_solution.json', solution_errors='solution_errors.txt', summary_csv='summary.csv', summary_json='summary.json')
problem data file: /qfs/projects/goc/share/data/C3/E1/D1/C3E1N00600D1/scenario_118.json

pop solution data file: None

solution data file: /qfs/projects/goc/share/data/C3/E1/D1/C3E1N00600D1/scenario_118.json.pop_solution.json

git info: {'C3DataUtilities': {'branch': None, 'commit': '417faef61bd7caf40b3ea0dc36c5e033ca7ea3d5', 'date': 'Fri Dec 30 07:03:34 2022 -0800', 'query_return_code': 0, 'query_err': '', 'query_path': '/qfs/projects/goc/share/loadbalancing/src/nonmpi-template/Challenge3/C3DataUtilities/datautilities', 'query_out': 'commit 417faef61bd7caf40b3ea0dc36c5e033ca7ea3d5\nAuthor: Jesse T Holzer <jesse.holzer@pnnl.gov>\nDate:   Fri Dec 30 07:03:34 2022 -0800\n\n    add z_value, z_cost, z_penalty components of z_base\n'}, 'Bid-DS-data-model': {'branch': None, 'commit': None, 'date': None, 'query_return_code': 128, 'query_err': 'fatal: Not a git repository (or any parent up to mount point /rcfs)\nStopping at filesystem boundary (GIT_DISCOVERY_ACROSS_FILESYSTEM not set).\n', 'query_path': '/rcfs/dtn/arpacomp/.local/lib/python3.8/site-packages/datamodel', 'query_out': ''}}

after reading problem without validation, memory info: {'rss bytes': 102223872, 'rss human': '97.5M', 'percent': 0.03784362372606497}
read problem data file without validation time: 0.12880802154541016
after reading problem with validation, memory info: {'rss bytes': 140664832, 'rss human': '134.1M', 'percent': 0.052053739976790296}
load time: 0.8781375885009766
{'general': {'base_norm_mva': 100.0,
             'day_type': None,
             'electricity_demand': None,
             'net_load': None,
             'season': None,
             'solar_availability': None,
             'timestamp_start': None,
             'timestamp_stop': None,
             'vre_availability': None,
             'weather_temperature': None,
             'wind_availability': None},
 'interval durations': [0.25,
                        0.25,
                        0.25,
                        0.25,
                        0.25,
                        0.25,
                        0.25,
                        0.25,
                        0.5,
                        0.5,
                        0.5,
                        0.5,
                        0.5,
                        0.5,
                        0.5,
                        0.5,
                        1.0,
                        1.0],
 'num ac lines': 723,
 'num buses': 617,
 'num consuming devices': 405,
 'num contingencies': 562,
 'num dc lines': 0,
 'num intervals': 18,
 'num producing devices': 94,
 'num reactive power reserve zones': 10,
 'num real power reserve zones': 10,
 'num shunts': 22,
 'num simple dispatchable devices': 499,
 'num transformers': 130,
 'total duration': 8.0,
 'violation costs': {'e_vio_cost': 500.0,
                     'p_bus_vio_cost': 1000000.0,
                     'q_bus_vio_cost': 1000000.0,
                     's_vio_cost': 500.0}}
after read solution without validation, memory info: {'rss bytes': 140664832, 'rss human': '134.1M', 'percent': 0.052053739976790296}
read solution data file without validation time: 0.039307355880737305
after read solution with validation, memory info: {'rss bytes': 149364736, 'rss human': '142.4M', 'percent': 0.05527318391455462}
solution load time: 0.33924293518066406
after solution_model_checks(), memory info: {'rss bytes': 149364736, 'rss human': '142.4M', 'percent': 0.05527318391455462}
solution model_checks time: 0.004191398620605469
{}
after problem_data_array.set_from_data_model(), memory info: {'rss bytes': 152887296, 'rss human': '145.8M', 'percent': 0.056576725245287826}
convert problem data to numpy arrays time: 0.09807682037353516
after solution_data_array.set_from_data_model(), memory info: {'rss bytes': 152887296, 'rss human': '145.8M', 'percent': 0.056576725245287826}
convert solution data to numpy arrays time: 0.012637138366699219
function: set_summary, time: 0.0002048015594482422
function: set_problem, time: 2.384185791015625e-06
function: set_solution, time: 6.9141387939453125e-06
function: set_solution_zero, time: 0.00019741058349609375
function: set_work_zero, time: 0.0002551078796386719
function: set_matrices, time: 0.003762483596801758
function: __init__, time: 0.004456996917724609
function: eval_sd_t_d_up_dn, time: 0.00036597251892089844
function: eval_sd_max_startup, time: 0.00016617774963378906
function: eval_sd_t_z_sus, time: 0.0008218288421630859
function: eval_acl_t_p_q_fr_to, time: 0.0008351802825927734
function: eval_xfr_t_p_q_fr_to, time: 0.00023221969604492188
function: eval_sd_t_su_sd_trajectories, time: 0.00011372566223144531
function: eval_sd_max_energy, time: 0.0002601146697998047
function: eval_sd_min_energy, time: 0.0002758502960205078
function: eval_sd_t_z_p, time: 0.03331255912780762
function: eval_bus_t_p, time: 0.0008020401000976562
function: eval_bus_t_q, time: 0.00025081634521484375
sd_t_p_rgu sum: 0.0
prz_sigma_rgu max: 0.1076496
prz_t_p_rgu_req max: 2.498103205358988
sd_t_p_rgd sum: 0.0
prz_sigma_rgd max: 0.0941934
prz_t_p_rgd_req max: 2.1858403046891146
sd_t_p_scr sum: 0.0
prz_sigma_scr max: 0.8432552
prz_t_p_scr_req max: 1.6850163976631127
sd_t_p_nsc sum: 0.0
prz_sigma_nsc max: 0.4956367
prz_t_p_nsc_req max: 0.9903952762860316
sd_t_p_rru sum: 0.0
prz_t_p_rru_min max: 0.44854
sd_t_p_rrd sum: 0.0
prz_t_p_rrd_min max: 0.44854
sd_t_p_qru sum: 0.0
qrz_t_q_qru_min max: 4.1745
sd_t_p_qrd sum: 0.0
qrz_t_q_qrd_min max: 10.4904
function: get_connected_components, time: 0.0036787986755371094
function: get_bridges, time: 0.014628410339355469
function: get_connected_components, time: 0.00345611572265625
function: get_bridges, time: 0.014594793319702148
function: get_connected_components, time: 0.0036008358001708984
function: get_bridges, time: 0.014717578887939453
function: get_connected_components, time: 0.003751039505004883
function: get_bridges, time: 0.08610343933105469
function: get_connected_components, time: 0.003538846969604492
function: get_bridges, time: 0.014055490493774414
function: get_connected_components, time: 0.0035140514373779297
function: get_bridges, time: 0.014108657836914062
function: get_connected_components, time: 0.0035033226013183594
function: get_bridges, time: 0.01420903205871582
function: get_connected_components, time: 0.0035343170166015625
function: get_bridges, time: 0.014156579971313477
function: get_connected_components, time: 0.003541707992553711
function: get_bridges, time: 0.014287948608398438
function: get_connected_components, time: 0.00354766845703125
function: get_bridges, time: 0.014357328414916992
function: get_connected_components, time: 0.0035517215728759766
function: get_bridges, time: 0.014269113540649414
function: get_connected_components, time: 0.003546476364135742
function: get_bridges, time: 0.014365196228027344
function: get_connected_components, time: 0.0035958290100097656
function: get_bridges, time: 0.014331340789794922
function: get_connected_components, time: 0.003562450408935547
function: get_bridges, time: 0.014395952224731445
function: get_connected_components, time: 0.0034775733947753906
function: get_bridges, time: 0.014309167861938477
function: get_connected_components, time: 0.0035233497619628906
function: get_bridges, time: 0.014262914657592773
function: get_connected_components, time: 0.003525972366333008
function: get_bridges, time: 0.014213800430297852
function: get_connected_components, time: 0.0034863948822021484
function: get_bridges, time: 0.01425623893737793
end of eval_connectedness(), memory info: {'rss bytes': 164065280, 'rss human': '156.5M', 'percent': 0.060713195351765635}
function: eval_connectedness, time: 0.42654919624328613
problem dimensions. bus: 617, acl: 723, xfr: 130, dcl: 0, k: 562, t: 18
construct static bus admittance matrix. time: 0.0008127689361572266
factor static bus admittance matrix. time: 0.004527091979980469
t_acl_delta_t: [array([], dtype=int64), array([], dtype=int64), array([], dtype=int64), array([], dtype=int64), array([], dtype=int64), array([], dtype=int64), array([], dtype=int64), array([], dtype=int64), array([], dtype=int64), array([], dtype=int64), array([], dtype=int64), array([], dtype=int64), array([], dtype=int64), array([], dtype=int64), array([], dtype=int64), array([], dtype=int64), array([], dtype=int64), array([], dtype=int64)], t_xfr_delta_t: [array([], dtype=int64), array([], dtype=int64), array([], dtype=int64), array([], dtype=int64), array([], dtype=int64), array([], dtype=int64), array([], dtype=int64), array([], dtype=int64), array([], dtype=int64), array([], dtype=int64), array([], dtype=int64), array([], dtype=int64), array([], dtype=int64), array([], dtype=int64), array([], dtype=int64), array([], dtype=int64), array([], dtype=int64), array([], dtype=int64)], t_br_delta_t: [array([], dtype=int64), array([], dtype=int64), array([], dtype=int64), array([], dtype=int64), array([], dtype=int64), array([], dtype=int64), array([], dtype=int64), array([], dtype=int64), array([], dtype=int64), array([], dtype=int64), array([], dtype=int64), array([], dtype=int64), array([], dtype=int64), array([], dtype=int64), array([], dtype=int64), array([], dtype=int64), array([], dtype=int64), array([], dtype=int64)], acl_delta_t: [], xfr_delta_t: [], br_delta_t: []
contingency delta branches. acl: 562, xfr: 0, dcl: 0
construct bus,t-indexed right hand side. time: 0.0002028942108154297
solve for base case bus,t-indexed theta. time: 0.0014491081237792969
num AC branches with possible violations in ACL contingencies: 0
num AC branches with possible violations in DCL contingencies: 0
num AC branches with possible violations in XFR contingencies: 0
t: 0, time: 0.13423871994018555, memory_info: {'rss bytes': 430706688, 'rss human': '410.8M', 'percent': 0.15938521110533543}
num AC branches with possible violations in ACL contingencies: 0
num AC branches with possible violations in DCL contingencies: 0
num AC branches with possible violations in XFR contingencies: 0
t: 1, time: 0.14493846893310547, memory_info: {'rss bytes': 432324608, 'rss human': '412.3M', 'percent': 0.15998393067003266}
num AC branches with possible violations in ACL contingencies: 0
num AC branches with possible violations in DCL contingencies: 0
num AC branches with possible violations in XFR contingencies: 0
t: 2, time: 0.1331636905670166, memory_info: {'rss bytes': 432594944, 'rss human': '412.6M', 'percent': 0.1600839698884378}
num AC branches with possible violations in ACL contingencies: 0
num AC branches with possible violations in DCL contingencies: 0
num AC branches with possible violations in XFR contingencies: 0
t: 3, time: 0.05499386787414551, memory_info: {'rss bytes': 432865280, 'rss human': '412.8M', 'percent': 0.16018400910684288}
num AC branches with possible violations in ACL contingencies: 0
num AC branches with possible violations in DCL contingencies: 0
num AC branches with possible violations in XFR contingencies: 0
t: 4, time: 0.05128741264343262, memory_info: {'rss bytes': 432865280, 'rss human': '412.8M', 'percent': 0.16018400910684288}
num AC branches with possible violations in ACL contingencies: 0
num AC branches with possible violations in DCL contingencies: 0
num AC branches with possible violations in XFR contingencies: 0
t: 5, time: 0.05309939384460449, memory_info: {'rss bytes': 432865280, 'rss human': '412.8M', 'percent': 0.16018400910684288}
num AC branches with possible violations in ACL contingencies: 0
num AC branches with possible violations in DCL contingencies: 0
num AC branches with possible violations in XFR contingencies: 0
t: 6, time: 0.051091670989990234, memory_info: {'rss bytes': 432865280, 'rss human': '412.8M', 'percent': 0.16018400910684288}
num AC branches with possible violations in ACL contingencies: 0
num AC branches with possible violations in DCL contingencies: 0
num AC branches with possible violations in XFR contingencies: 0
t: 7, time: 0.05230712890625, memory_info: {'rss bytes': 432865280, 'rss human': '412.8M', 'percent': 0.16018400910684288}
num AC branches with possible violations in ACL contingencies: 0
num AC branches with possible violations in DCL contingencies: 0
num AC branches with possible violations in XFR contingencies: 0
t: 8, time: 0.05173921585083008, memory_info: {'rss bytes': 432865280, 'rss human': '412.8M', 'percent': 0.16018400910684288}
num AC branches with possible violations in ACL contingencies: 0
num AC branches with possible violations in DCL contingencies: 0
num AC branches with possible violations in XFR contingencies: 0
t: 9, time: 0.05287003517150879, memory_info: {'rss bytes': 432865280, 'rss human': '412.8M', 'percent': 0.16018400910684288}
num AC branches with possible violations in ACL contingencies: 0
num AC branches with possible violations in DCL contingencies: 0
num AC branches with possible violations in XFR contingencies: 0
t: 10, time: 0.0503385066986084, memory_info: {'rss bytes': 432865280, 'rss human': '412.8M', 'percent': 0.16018400910684288}
num AC branches with possible violations in ACL contingencies: 0
num AC branches with possible violations in DCL contingencies: 0
num AC branches with possible violations in XFR contingencies: 0
t: 11, time: 0.050992488861083984, memory_info: {'rss bytes': 432865280, 'rss human': '412.8M', 'percent': 0.16018400910684288}
num AC branches with possible violations in ACL contingencies: 0
num AC branches with possible violations in DCL contingencies: 0
num AC branches with possible violations in XFR contingencies: 0
t: 12, time: 0.05179929733276367, memory_info: {'rss bytes': 432865280, 'rss human': '412.8M', 'percent': 0.16018400910684288}
num AC branches with possible violations in ACL contingencies: 0
num AC branches with possible violations in DCL contingencies: 0
num AC branches with possible violations in XFR contingencies: 0
t: 13, time: 0.05100846290588379, memory_info: {'rss bytes': 432865280, 'rss human': '412.8M', 'percent': 0.16018400910684288}
num AC branches with possible violations in ACL contingencies: 0
num AC branches with possible violations in DCL contingencies: 0
num AC branches with possible violations in XFR contingencies: 0
t: 14, time: 0.05160927772521973, memory_info: {'rss bytes': 432865280, 'rss human': '412.8M', 'percent': 0.16018400910684288}
num AC branches with possible violations in ACL contingencies: 0
num AC branches with possible violations in DCL contingencies: 0
num AC branches with possible violations in XFR contingencies: 0
t: 15, time: 0.051531314849853516, memory_info: {'rss bytes': 432865280, 'rss human': '412.8M', 'percent': 0.16018400910684288}
num AC branches with possible violations in ACL contingencies: 0
num AC branches with possible violations in DCL contingencies: 0
num AC branches with possible violations in XFR contingencies: 0
t: 16, time: 0.05061650276184082, memory_info: {'rss bytes': 432865280, 'rss human': '412.8M', 'percent': 0.16018400910684288}
num AC branches with possible violations in ACL contingencies: 0
num AC branches with possible violations in DCL contingencies: 0
num AC branches with possible violations in XFR contingencies: 0
t: 17, time: 0.05167031288146973, memory_info: {'rss bytes': 432865280, 'rss human': '412.8M', 'percent': 0.16018400910684288}
initialize_m_w_time: 0.0010042190551757812
compute_static_w_time: 0.03348684310913086
get_time_varying_branch_characteristics_time: 0.0011913776397705078
construct_a_t_time: 0.009223461151123047
factor_a_t_time: 0.018898963928222656
compute_w_with_t_a_solve_time: 0.4338052272796631
compute_v_t_time: 2.384185791015625e-06
compute_w_with_t_smw_time: 5.7220458984375e-06
compute_v_time: 0.005623340606689453
compute_bus_theta_with_t_a_solve_time: 0.0011320114135742188
compute_bus_theta_with_t_smw_time: 1.6689300537109375e-06
compute_br_p_time: 0.00491642951965332
apply_w_v_wt_time: 0.0850377082824707
compute_bus_dtheta_rhs_dcl_k_time: 0.0032820701599121094
compute_w_v_wt_xfr_k_time: 0.0021276473999023438
compute_bus_dtheta_rhs_xfr_k_time: 9.5367431640625e-07
compute_br_acl_delta_k_p_delta_time: 0.030375003814697266
compute_br_dcl_delta_k_p_delta_time: 0.0014357566833496094
compute_br_xfr_delta_k_p_delta_time: 0.0011665821075439453
filter_branches_acl_k_time: 0.008768320083618164
filter_branches_dcl_k_time: 0.0014903545379638672
filter_branches_xfr_k_time: 0.0013320446014404297
compute_br_acl_delta_k_p_time: 0.0033872127532958984
compute_br_dcl_delta_k_p_time: 8.106231689453125e-05
compute_br_xfr_delta_k_p_time: 5.817413330078125e-05
compute_br_acl_delta_k_s_over_time: 0.5667252540588379
compute_br_dcl_delta_k_s_over_time: 0.000469207763671875
compute_br_xfr_delta_k_s_over_time: 0.000377655029296875
zero_out_time: 0.0001404285430908203
get_max_br_acl_delta_k_s_over_time: 0.0030531883239746094
get_max_br_dcl_delta_k_s_over_time: 5.0067901611328125e-06
get_max_br_xfr_delta_k_s_over_time: 3.0994415283203125e-06
compute_br_k_z_time: 0.002422809600830078
collect_penalties_into_obj_array_time: 0.00037789344787597656
end of contingency model method 1, memory info: {'rss bytes': 432865280, 'rss human': '412.8M', 'percent': 0.16018400910684288}
function: eval_post_contingency_model, time: 1.2420542240142822
function: eval_post_contingency_model, time: 1.2420692443847656
function: run, time: 1.7167670726776123
after solution_evaluator.run(), memory info: {'rss bytes': 432865280, 'rss human': '412.8M', 'percent': 0.16018400910684288}
evaluation summary:
{'feas': 1,
 'infeas': 0,
 'info_i_i_k_t_disconnected_ctg': {'idx': {0: None, 1: None, 2: None, 3: None},
                                   'val': 0},
 'info_i_i_t_disconnected_base': {'idx': {0: None, 1: None, 2: None}, 'val': 0},
 'sum_acl_t_u_sd': 0,
 'sum_acl_t_u_su': 0,
 'sum_acl_t_z_s': 0.0,
 'sum_acl_t_z_sd': 0.0,
 'sum_acl_t_z_su': 0.0,
 'sum_bus_t_z_p': 212175880.22129476,
 'sum_bus_t_z_q': 136943640.80181357,
 'sum_cs_t_z_p': 36747893.73366993,
 'sum_pr_t_z_p': 3672224.9876948805,
 'sum_prz_t_z_nsc': 2865.8761088443443,
 'sum_prz_t_z_rgd': 39227.70786949726,
 'sum_prz_t_z_rgu': 44831.6661365683,
 'sum_prz_t_z_rrd': 1.125256,
 'sum_prz_t_z_rru': 1.125256,
 'sum_prz_t_z_scr': 27007.159273070898,
 'sum_qrz_t_z_qrd': 7333.343999999999,
 'sum_qrz_t_z_qru': 4109.376,
 'sum_sd_t_sd': 0,
 'sum_sd_t_su': 0,
 'sum_sd_t_z_nsc': 0.0,
 'sum_sd_t_z_on': 399.20000000000005,
 'sum_sd_t_z_qrd': 0.0,
 'sum_sd_t_z_qru': 0.0,
 'sum_sd_t_z_rgd': 0.0,
 'sum_sd_t_z_rgu': 0.0,
 'sum_sd_t_z_rrd_off': 0.0,
 'sum_sd_t_z_rrd_on': 0.0,
 'sum_sd_t_z_rru_off': 0.0,
 'sum_sd_t_z_rru_on': 0.0,
 'sum_sd_t_z_scr': 0.0,
 'sum_sd_t_z_sd': 0.0,
 'sum_sd_t_z_su': 0.0,
 'sum_sd_t_z_sus': 0.0,
 'sum_xfr_t_u_sd': 0,
 'sum_xfr_t_u_su': 0,
 'sum_xfr_t_z_s': 0.0,
 'sum_xfr_t_z_sd': 0.0,
 'sum_xfr_t_z_su': 0.0,
 'viol_acl_acl_t_s_max_ctg': {'idx': {0: None, 1: None, 2: None}, 'val': 0.0},
 'viol_acl_dcl_t_s_max_ctg': {'idx': {0: None, 1: None, 2: None}, 'val': 0.0},
 'viol_acl_t_s_max': {'idx': {0: 'acl_000', 1: 0}, 'val': 0.0},
 'viol_acl_t_u_sd_max': {'idx': {0: 'acl_000', 1: 0}, 'val': 0},
 'viol_acl_t_u_su_max': {'idx': {0: 'acl_000', 1: 0}, 'val': 0},
 'viol_acl_xfr_t_s_max_ctg': {'idx': {0: None, 1: None, 2: None}, 'val': 0.0},
 'viol_bus_t_p_balance_max': {'idx': {0: 'bus_064', 1: 0},
                              'val': 2.2415152885658443},
 'viol_bus_t_p_balance_min': {'idx': {0: 'bus_065', 1: 0},
                              'val': -2.38166522779422},
 'viol_bus_t_q_balance_max': {'idx': {0: 'bus_064', 1: 0},
                              'val': 0.48996646706755853},
 'viol_bus_t_q_balance_min': {'idx': {0: 'bus_611', 1: 0},
                              'val': -1.1804998787977161},
 'viol_bus_t_v_max': {'idx': {0: 'bus_000', 1: 0}, 'val': 0.0},
 'viol_bus_t_v_min': {'idx': {0: 'bus_000', 1: 0}, 'val': 0.0},
 'viol_cs_t_p_off_max': {'idx': {0: 'sd_094', 1: 0}, 'val': 0.0},
 'viol_cs_t_p_off_min': {'idx': {0: 'sd_094', 1: 0}, 'val': 0.0},
 'viol_cs_t_p_on_max': {'idx': {0: 'sd_094', 1: 0}, 'val': 0.0},
 'viol_cs_t_p_on_min': {'idx': {0: 'sd_094', 1: 0}, 'val': 0.0},
 'viol_cs_t_q_max': {'idx': {0: 'sd_094', 1: 0}, 'val': 0.0},
 'viol_cs_t_q_min': {'idx': {0: 'sd_094', 1: 0}, 'val': 0.0},
 'viol_cs_t_q_p_max': {'idx': {0: None, 1: None}, 'val': None},
 'viol_cs_t_q_p_min': {'idx': {0: None, 1: None}, 'val': None},
 'viol_dcl_t_p_max': {'idx': {0: None, 1: None}, 'val': None},
 'viol_dcl_t_p_min': {'idx': {0: None, 1: None}, 'val': None},
 'viol_dcl_t_q_fr_max': {'idx': {0: None, 1: None}, 'val': None},
 'viol_dcl_t_q_fr_min': {'idx': {0: None, 1: None}, 'val': None},
 'viol_dcl_t_q_to_max': {'idx': {0: None, 1: None}, 'val': None},
 'viol_dcl_t_q_to_min': {'idx': {0: None, 1: None}, 'val': None},
 'viol_pr_t_p_off_max': {'idx': {0: 'sd_000', 1: 0}, 'val': 0.0},
 'viol_pr_t_p_off_min': {'idx': {0: 'sd_000', 1: 0}, 'val': 0.0},
 'viol_pr_t_p_on_max': {'idx': {0: 'sd_000', 1: 0}, 'val': 0.0},
 'viol_pr_t_p_on_min': {'idx': {0: 'sd_000', 1: 0}, 'val': 0.0},
 'viol_pr_t_q_max': {'idx': {0: 'sd_000', 1: 0}, 'val': 0.0},
 'viol_pr_t_q_min': {'idx': {0: 'sd_000', 1: 0}, 'val': 0.0},
 'viol_pr_t_q_p_max': {'idx': {0: None, 1: None}, 'val': None},
 'viol_pr_t_q_p_min': {'idx': {0: None, 1: None}, 'val': None},
 'viol_prz_t_p_nsc_balance': {'idx': {0: 'prz_00', 1: 2},
                              'val': 4.573818490491309},
 'viol_prz_t_p_rgd_balance': {'idx': {0: 'prz_00', 1: 16},
                              'val': 2.1858403046891146},
 'viol_prz_t_p_rgu_balance': {'idx': {0: 'prz_00', 1: 16},
                              'val': 2.498103205358988},
 'viol_prz_t_p_rrd_balance': {'idx': {0: 'prz_00', 1: 0}, 'val': 0.44854},
 'viol_prz_t_p_rru_balance': {'idx': {0: 'prz_00', 1: 0}, 'val': 0.44854},
 'viol_prz_t_p_scr_balance': {'idx': {0: 'prz_00', 1: 2},
                              'val': 3.8054213729863373},
 'viol_qrz_t_q_qrd_balance': {'idx': {0: 'qrz_02', 1: 0}, 'val': 10.4904},
 'viol_qrz_t_q_qru_balance': {'idx': {0: 'qrz_09', 1: 0}, 'val': 4.1745},
 'viol_sd_max_energy_constr': {'idx': {0: 'sd_000', 1: 0}, 'val': 0.0},
 'viol_sd_max_startup_constr': {'idx': {0: 'sd_000', 1: 0}, 'val': 0},
 'viol_sd_min_energy_constr': {'idx': {0: 'sd_000', 1: 0}, 'val': 0.0},
 'viol_sd_t_d_dn_min': {'idx': {0: 'sd_000', 1: 0}, 'val': 0},
 'viol_sd_t_d_up_min': {'idx': {0: 'sd_000', 1: 0}, 'val': 0},
 'viol_sd_t_p_nsc_max': {'idx': {0: 'sd_000', 1: 0}, 'val': 0.0},
 'viol_sd_t_p_nsc_nonneg': {'idx': {0: 'sd_000', 1: 0}, 'val': -0.0},
 'viol_sd_t_p_ramp_dn_max': {'idx': {0: 'sd_000', 1: 0}, 'val': 0.0},
 'viol_sd_t_p_ramp_up_max': {'idx': {0: 'sd_000', 1: 0}, 'val': 0.0},
 'viol_sd_t_p_rgd_max': {'idx': {0: 'sd_000', 1: 0}, 'val': 0.0},
 'viol_sd_t_p_rgd_nonneg': {'idx': {0: 'sd_000', 1: 0}, 'val': -0.0},
 'viol_sd_t_p_rgu_max': {'idx': {0: 'sd_000', 1: 0}, 'val': 0.0},
 'viol_sd_t_p_rgu_nonneg': {'idx': {0: 'sd_000', 1: 0}, 'val': -0.0},
 'viol_sd_t_p_rrd_off_max': {'idx': {0: 'sd_000', 1: 0}, 'val': 0.0},
 'viol_sd_t_p_rrd_off_nonneg': {'idx': {0: 'sd_000', 1: 0}, 'val': -0.0},
 'viol_sd_t_p_rrd_on_max': {'idx': {0: 'sd_000', 1: 0}, 'val': 0.0},
 'viol_sd_t_p_rrd_on_nonneg': {'idx': {0: 'sd_000', 1: 0}, 'val': -0.0},
 'viol_sd_t_p_rru_off_max': {'idx': {0: 'sd_000', 1: 0}, 'val': 0.0},
 'viol_sd_t_p_rru_off_nonneg': {'idx': {0: 'sd_000', 1: 0}, 'val': -0.0},
 'viol_sd_t_p_rru_on_max': {'idx': {0: 'sd_000', 1: 0}, 'val': 0.0},
 'viol_sd_t_p_rru_on_nonneg': {'idx': {0: 'sd_000', 1: 0}, 'val': -0.0},
 'viol_sd_t_p_scr_max': {'idx': {0: 'sd_000', 1: 0}, 'val': 0.0},
 'viol_sd_t_p_scr_nonneg': {'idx': {0: 'sd_000', 1: 0}, 'val': -0.0},
 'viol_sd_t_q_qrd_nonneg': {'idx': {0: 'sd_000', 1: 0}, 'val': -0.0},
 'viol_sd_t_q_qru_nonneg': {'idx': {0: 'sd_000', 1: 0}, 'val': -0.0},
 'viol_sd_t_u_on_max': {'idx': {0: 'sd_000', 1: 0}, 'val': 0},
 'viol_sd_t_u_on_min': {'idx': {0: 'sd_000', 1: 0}, 'val': 0},
 'viol_sh_t_u_st_max': {'idx': {0: 'sh_00', 1: 0}, 'val': 0},
 'viol_sh_t_u_st_min': {'idx': {0: 'sh_00', 1: 0}, 'val': 0},
 'viol_t_connected_base': {'idx': {0: 0}, 'val': 0},
 'viol_t_connected_ctg': {'idx': {0: 0}, 'val': 0},
 'viol_xfr_acl_t_s_max_ctg': {'idx': {0: None, 1: None, 2: None}, 'val': 0.0},
 'viol_xfr_dcl_t_s_max_ctg': {'idx': {0: None, 1: None, 2: None}, 'val': 0.0},
 'viol_xfr_t_phi_max': {'idx': {0: 'xfr_000', 1: 0}, 'val': 0.0},
 'viol_xfr_t_phi_min': {'idx': {0: 'xfr_000', 1: 0}, 'val': 0.0},
 'viol_xfr_t_s_max': {'idx': {0: 'xfr_000', 1: 0}, 'val': 0.0},
 'viol_xfr_t_tau_max': {'idx': {0: 'xfr_000', 1: 0}, 'val': 0.0},
 'viol_xfr_t_tau_min': {'idx': {0: 'xfr_000', 1: 0}, 'val': 0.0},
 'viol_xfr_t_u_sd_max': {'idx': {0: 'xfr_000', 1: 0}, 'val': 0},
 'viol_xfr_t_u_su_max': {'idx': {0: 'xfr_000', 1: 0}, 'val': 0},
 'viol_xfr_xfr_t_s_max_ctg': {'idx': {0: None, 1: None, 2: None}, 'val': 0.0},
 'z': -316169628.8570333,
 'z_base': -316169628.8570333,
 'z_cost': 3672624.1876948806,
 'z_k_average_case': 0.0,
 'z_k_worst_case': 0.0,
 'z_max_energy': 0.0,
 'z_min_energy': 0.0,
 'z_penalty': 349244898.40300834,
 'z_value': 36747893.73366993}
infeasibility summary:
{}
feas: 1
obj: -316169628.8570333
evaluate solution time: 1.7249581813812256
end of check_data(), memory info: {'rss bytes': 433389568, 'rss human': '413.3M', 'percent': 0.16037802456071945}
