/rcfs/dtn/arpacomp/.local/lib/python3.8/site-packages/scipy/sparse/linalg/_dsolve/linsolve.py:347: SparseEfficiencyWarning: splu converted its input to CSC format
  warn('splu converted its input to CSC format', SparseEfficiencyWarning)
args:
Namespace(configuration=None, data_errors='data_errors.txt', ignored_errors='ignored_errors.txt', parameters='{}', pop_solution=None, problem='/qfs/projects/goc/share/data/C3/E1/D1/C3E1N00600D1/scenario_117.json', problem_opt=None, scrubbed_problem=None, solution='/qfs/projects/goc/share/data/C3/E1/D1/C3E1N00600D1/scenario_117.json.pop_solution.json', solution_errors='solution_errors.txt', summary_csv='summary.csv', summary_json='summary.json')
problem data file: /qfs/projects/goc/share/data/C3/E1/D1/C3E1N00600D1/scenario_117.json

pop solution data file: None

solution data file: /qfs/projects/goc/share/data/C3/E1/D1/C3E1N00600D1/scenario_117.json.pop_solution.json

git info: {'C3DataUtilities': {'branch': None, 'commit': '417faef61bd7caf40b3ea0dc36c5e033ca7ea3d5', 'date': 'Fri Dec 30 07:03:34 2022 -0800', 'query_return_code': 0, 'query_err': '', 'query_path': '/qfs/projects/goc/share/loadbalancing/src/nonmpi-template/Challenge3/C3DataUtilities/datautilities', 'query_out': 'commit 417faef61bd7caf40b3ea0dc36c5e033ca7ea3d5\nAuthor: Jesse T Holzer <jesse.holzer@pnnl.gov>\nDate:   Fri Dec 30 07:03:34 2022 -0800\n\n    add z_value, z_cost, z_penalty components of z_base\n'}, 'Bid-DS-data-model': {'branch': None, 'commit': None, 'date': None, 'query_return_code': 128, 'query_err': 'fatal: Not a git repository (or any parent up to mount point /rcfs)\nStopping at filesystem boundary (GIT_DISCOVERY_ACROSS_FILESYSTEM not set).\n', 'query_path': '/rcfs/dtn/arpacomp/.local/lib/python3.8/site-packages/datamodel', 'query_out': ''}}

after reading problem without validation, memory info: {'rss bytes': 115589120, 'rss human': '110.2M', 'percent': 0.042789502054184095}
read problem data file without validation time: 0.12618732452392578
after reading problem with validation, memory info: {'rss bytes': 154025984, 'rss human': '146.9M', 'percent': 0.056998102559176006}
load time: 0.8672330379486084
{'general': {'base_norm_mva': 100.0,
             'day_type': None,
             'electricity_demand': None,
             'net_load': None,
             'season': None,
             'solar_availability': None,
             'timestamp_start': None,
             'timestamp_stop': None,
             'vre_availability': None,
             'weather_temperature': None,
             'wind_availability': None},
 'interval durations': [0.25,
                        0.25,
                        0.25,
                        0.25,
                        0.25,
                        0.25,
                        0.25,
                        0.25,
                        0.5,
                        0.5,
                        0.5,
                        0.5,
                        0.5,
                        0.5,
                        0.5,
                        0.5,
                        1.0,
                        1.0],
 'num ac lines': 723,
 'num buses': 617,
 'num consuming devices': 405,
 'num contingencies': 562,
 'num dc lines': 0,
 'num intervals': 18,
 'num producing devices': 94,
 'num reactive power reserve zones': 10,
 'num real power reserve zones': 10,
 'num shunts': 22,
 'num simple dispatchable devices': 499,
 'num transformers': 130,
 'total duration': 8.0,
 'violation costs': {'e_vio_cost': 500.0,
                     'p_bus_vio_cost': 1000000.0,
                     'q_bus_vio_cost': 1000000.0,
                     's_vio_cost': 500.0}}
after read solution without validation, memory info: {'rss bytes': 154025984, 'rss human': '146.9M', 'percent': 0.056998102559176006}
read solution data file without validation time: 0.039846181869506836
after read solution with validation, memory info: {'rss bytes': 162725888, 'rss human': '155.2M', 'percent': 0.06021754649694033}
solution load time: 0.3360624313354492
after solution_model_checks(), memory info: {'rss bytes': 162725888, 'rss human': '155.2M', 'percent': 0.06021754649694033}
solution model_checks time: 0.00411534309387207
{}
after problem_data_array.set_from_data_model(), memory info: {'rss bytes': 166248448, 'rss human': '158.5M', 'percent': 0.061521087827673536}
convert problem data to numpy arrays time: 0.09621334075927734
after solution_data_array.set_from_data_model(), memory info: {'rss bytes': 166248448, 'rss human': '158.5M', 'percent': 0.061521087827673536}
convert solution data to numpy arrays time: 0.012253046035766602
function: set_summary, time: 0.00021696090698242188
function: set_problem, time: 1.1920928955078125e-06
function: set_solution, time: 7.3909759521484375e-06
function: set_solution_zero, time: 0.0002002716064453125
function: set_work_zero, time: 0.0002608299255371094
function: set_matrices, time: 0.004438161849975586
function: __init__, time: 0.005154132843017578
function: eval_sd_t_d_up_dn, time: 0.00037288665771484375
function: eval_sd_max_startup, time: 0.00019073486328125
function: eval_sd_t_z_sus, time: 0.0007891654968261719
function: eval_acl_t_p_q_fr_to, time: 0.0008428096771240234
function: eval_xfr_t_p_q_fr_to, time: 0.0002300739288330078
function: eval_sd_t_su_sd_trajectories, time: 0.00011992454528808594
function: eval_sd_max_energy, time: 0.0002911090850830078
function: eval_sd_min_energy, time: 0.00025343894958496094
function: eval_sd_t_z_p, time: 0.0349123477935791
function: eval_bus_t_p, time: 0.0006234645843505859
function: eval_bus_t_q, time: 0.0002551078796386719
sd_t_p_rgu sum: 0.0
prz_sigma_rgu max: 0.1076496
prz_t_p_rgu_req max: 2.633039584090704
sd_t_p_rgd sum: 0.0
prz_sigma_rgd max: 0.0941934
prz_t_p_rgd_req max: 2.3039096360793656
sd_t_p_scr sum: 0.0
prz_sigma_scr max: 0.8432552
prz_t_p_scr_req max: 1.6850166733062046
sd_t_p_nsc sum: 0.0
prz_sigma_nsc max: 0.4956367
prz_t_p_nsc_req max: 0.9903954382996574
sd_t_p_rru sum: 0.0
prz_t_p_rru_min max: 0.44854
sd_t_p_rrd sum: 0.0
prz_t_p_rrd_min max: 0.44854
sd_t_p_qru sum: 0.0
qrz_t_q_qru_min max: 4.1745
sd_t_p_qrd sum: 0.0
qrz_t_q_qrd_min max: 10.4904
function: get_connected_components, time: 0.003575563430786133
function: get_bridges, time: 0.014507055282592773
function: get_connected_components, time: 0.0034151077270507812
function: get_bridges, time: 0.014064550399780273
function: get_connected_components, time: 0.003437519073486328
function: get_bridges, time: 0.014104127883911133
function: get_connected_components, time: 0.003551006317138672
function: get_bridges, time: 0.08248662948608398
function: get_connected_components, time: 0.0034296512603759766
function: get_bridges, time: 0.013739824295043945
function: get_connected_components, time: 0.003408670425415039
function: get_bridges, time: 0.013845443725585938
function: get_connected_components, time: 0.0034101009368896484
function: get_bridges, time: 0.013902664184570312
function: get_connected_components, time: 0.003420591354370117
function: get_bridges, time: 0.01381683349609375
function: get_connected_components, time: 0.0034220218658447266
function: get_bridges, time: 0.013872146606445312
function: get_connected_components, time: 0.0034317970275878906
function: get_bridges, time: 0.013964176177978516
function: get_connected_components, time: 0.0034372806549072266
function: get_bridges, time: 0.014042854309082031
function: get_connected_components, time: 0.003546476364135742
function: get_bridges, time: 0.014198541641235352
function: get_connected_components, time: 0.0035355091094970703
function: get_bridges, time: 0.014394998550415039
function: get_connected_components, time: 0.0035288333892822266
function: get_bridges, time: 0.014330387115478516
function: get_connected_components, time: 0.0035216808319091797
function: get_bridges, time: 0.014307498931884766
function: get_connected_components, time: 0.0035219192504882812
function: get_bridges, time: 0.014312267303466797
function: get_connected_components, time: 0.0035486221313476562
function: get_bridges, time: 0.014134883880615234
function: get_connected_components, time: 0.0034859180450439453
function: get_bridges, time: 0.014236927032470703
end of eval_connectedness(), memory info: {'rss bytes': 177430528, 'rss human': '169.2M', 'percent': 0.06565907367988474}
function: eval_connectedness, time: 0.41768360137939453
problem dimensions. bus: 617, acl: 723, xfr: 130, dcl: 0, k: 562, t: 18
construct static bus admittance matrix. time: 0.0007989406585693359
factor static bus admittance matrix. time: 0.004810333251953125
t_acl_delta_t: [array([], dtype=int64), array([], dtype=int64), array([], dtype=int64), array([], dtype=int64), array([], dtype=int64), array([], dtype=int64), array([], dtype=int64), array([], dtype=int64), array([], dtype=int64), array([], dtype=int64), array([], dtype=int64), array([], dtype=int64), array([], dtype=int64), array([], dtype=int64), array([], dtype=int64), array([], dtype=int64), array([], dtype=int64), array([], dtype=int64)], t_xfr_delta_t: [array([], dtype=int64), array([], dtype=int64), array([], dtype=int64), array([], dtype=int64), array([], dtype=int64), array([], dtype=int64), array([], dtype=int64), array([], dtype=int64), array([], dtype=int64), array([], dtype=int64), array([], dtype=int64), array([], dtype=int64), array([], dtype=int64), array([], dtype=int64), array([], dtype=int64), array([], dtype=int64), array([], dtype=int64), array([], dtype=int64)], t_br_delta_t: [array([], dtype=int64), array([], dtype=int64), array([], dtype=int64), array([], dtype=int64), array([], dtype=int64), array([], dtype=int64), array([], dtype=int64), array([], dtype=int64), array([], dtype=int64), array([], dtype=int64), array([], dtype=int64), array([], dtype=int64), array([], dtype=int64), array([], dtype=int64), array([], dtype=int64), array([], dtype=int64), array([], dtype=int64), array([], dtype=int64)], acl_delta_t: [], xfr_delta_t: [], br_delta_t: []
contingency delta branches. acl: 562, xfr: 0, dcl: 0
construct bus,t-indexed right hand side. time: 0.0002048015594482422
solve for base case bus,t-indexed theta. time: 0.0013430118560791016
num AC branches with possible violations in ACL contingencies: 0
num AC branches with possible violations in DCL contingencies: 0
num AC branches with possible violations in XFR contingencies: 0
t: 0, time: 0.1511683464050293, memory_info: {'rss bytes': 309243904, 'rss human': '294.9M', 'percent': 0.1144372871267745}
num AC branches with possible violations in ACL contingencies: 0
num AC branches with possible violations in DCL contingencies: 0
num AC branches with possible violations in XFR contingencies: 0
t: 1, time: 0.16432428359985352, memory_info: {'rss bytes': 310591488, 'rss human': '296.2M', 'percent': 0.11493596747306663}
num AC branches with possible violations in ACL contingencies: 0
num AC branches with possible violations in DCL contingencies: 0
num AC branches with possible violations in XFR contingencies: 0
t: 2, time: 0.20553207397460938, memory_info: {'rss bytes': 310861824, 'rss human': '296.5M', 'percent': 0.11503600669147175}
num AC branches with possible violations in ACL contingencies: 0
num AC branches with possible violations in DCL contingencies: 0
num AC branches with possible violations in XFR contingencies: 0
t: 3, time: 0.13691234588623047, memory_info: {'rss bytes': 310861824, 'rss human': '296.5M', 'percent': 0.11503600669147175}
num AC branches with possible violations in ACL contingencies: 0
num AC branches with possible violations in DCL contingencies: 0
num AC branches with possible violations in XFR contingencies: 0
t: 4, time: 0.08360481262207031, memory_info: {'rss bytes': 310861824, 'rss human': '296.5M', 'percent': 0.11503600669147175}
num AC branches with possible violations in ACL contingencies: 0
num AC branches with possible violations in DCL contingencies: 0
num AC branches with possible violations in XFR contingencies: 0
t: 5, time: 0.051340341567993164, memory_info: {'rss bytes': 310861824, 'rss human': '296.5M', 'percent': 0.11503600669147175}
num AC branches with possible violations in ACL contingencies: 0
num AC branches with possible violations in DCL contingencies: 0
num AC branches with possible violations in XFR contingencies: 0
t: 6, time: 0.051529645919799805, memory_info: {'rss bytes': 310861824, 'rss human': '296.5M', 'percent': 0.11503600669147175}
num AC branches with possible violations in ACL contingencies: 0
num AC branches with possible violations in DCL contingencies: 0
num AC branches with possible violations in XFR contingencies: 0
t: 7, time: 0.05155229568481445, memory_info: {'rss bytes': 310861824, 'rss human': '296.5M', 'percent': 0.11503600669147175}
num AC branches with possible violations in ACL contingencies: 0
num AC branches with possible violations in DCL contingencies: 0
num AC branches with possible violations in XFR contingencies: 0
t: 8, time: 0.05115389823913574, memory_info: {'rss bytes': 310861824, 'rss human': '296.5M', 'percent': 0.11503600669147175}
num AC branches with possible violations in ACL contingencies: 0
num AC branches with possible violations in DCL contingencies: 0
num AC branches with possible violations in XFR contingencies: 0
t: 9, time: 0.051859140396118164, memory_info: {'rss bytes': 310861824, 'rss human': '296.5M', 'percent': 0.11503600669147175}
num AC branches with possible violations in ACL contingencies: 0
num AC branches with possible violations in DCL contingencies: 0
num AC branches with possible violations in XFR contingencies: 0
t: 10, time: 0.05169987678527832, memory_info: {'rss bytes': 310861824, 'rss human': '296.5M', 'percent': 0.11503600669147175}
num AC branches with possible violations in ACL contingencies: 0
num AC branches with possible violations in DCL contingencies: 0
num AC branches with possible violations in XFR contingencies: 0
t: 11, time: 0.05167198181152344, memory_info: {'rss bytes': 310861824, 'rss human': '296.5M', 'percent': 0.11503600669147175}
num AC branches with possible violations in ACL contingencies: 0
num AC branches with possible violations in DCL contingencies: 0
num AC branches with possible violations in XFR contingencies: 0
t: 12, time: 0.05107522010803223, memory_info: {'rss bytes': 310861824, 'rss human': '296.5M', 'percent': 0.11503600669147175}
num AC branches with possible violations in ACL contingencies: 0
num AC branches with possible violations in DCL contingencies: 0
num AC branches with possible violations in XFR contingencies: 0
t: 13, time: 0.05223989486694336, memory_info: {'rss bytes': 310861824, 'rss human': '296.5M', 'percent': 0.11503600669147175}
num AC branches with possible violations in ACL contingencies: 0
num AC branches with possible violations in DCL contingencies: 0
num AC branches with possible violations in XFR contingencies: 0
t: 14, time: 0.0511174201965332, memory_info: {'rss bytes': 310861824, 'rss human': '296.5M', 'percent': 0.11503600669147175}
num AC branches with possible violations in ACL contingencies: 0
num AC branches with possible violations in DCL contingencies: 0
num AC branches with possible violations in XFR contingencies: 0
t: 15, time: 0.05217385292053223, memory_info: {'rss bytes': 310861824, 'rss human': '296.5M', 'percent': 0.11503600669147175}
num AC branches with possible violations in ACL contingencies: 0
num AC branches with possible violations in DCL contingencies: 0
num AC branches with possible violations in XFR contingencies: 0
t: 16, time: 0.05111384391784668, memory_info: {'rss bytes': 310861824, 'rss human': '296.5M', 'percent': 0.11503600669147175}
num AC branches with possible violations in ACL contingencies: 0
num AC branches with possible violations in DCL contingencies: 0
num AC branches with possible violations in XFR contingencies: 0
t: 17, time: 0.05231523513793945, memory_info: {'rss bytes': 310861824, 'rss human': '296.5M', 'percent': 0.11503600669147175}
initialize_m_w_time: 0.0012471675872802734
compute_static_w_time: 0.02649235725402832
get_time_varying_branch_characteristics_time: 0.0011625289916992188
construct_a_t_time: 0.009319067001342773
factor_a_t_time: 0.01882457733154297
compute_w_with_t_a_solve_time: 0.4353671073913574
compute_v_t_time: 3.337860107421875e-06
compute_w_with_t_smw_time: 3.5762786865234375e-06
compute_v_time: 0.005490303039550781
compute_bus_theta_with_t_a_solve_time: 0.0011205673217773438
compute_bus_theta_with_t_smw_time: 1.9073486328125e-06
compute_br_p_time: 0.004999876022338867
apply_w_v_wt_time: 0.18279004096984863
compute_bus_dtheta_rhs_dcl_k_time: 0.0029163360595703125
compute_w_v_wt_xfr_k_time: 0.002148866653442383
compute_bus_dtheta_rhs_xfr_k_time: 2.1457672119140625e-06
compute_br_acl_delta_k_p_delta_time: 0.030612945556640625
compute_br_dcl_delta_k_p_delta_time: 0.0014913082122802734
compute_br_xfr_delta_k_p_delta_time: 0.0011959075927734375
filter_branches_acl_k_time: 0.008771419525146484
filter_branches_dcl_k_time: 0.0015344619750976562
filter_branches_xfr_k_time: 0.0013494491577148438
compute_br_acl_delta_k_p_time: 0.003573894500732422
compute_br_dcl_delta_k_p_time: 9.012222290039062e-05
compute_br_xfr_delta_k_p_time: 5.984306335449219e-05
compute_br_acl_delta_k_s_over_time: 0.6836233139038086
compute_br_dcl_delta_k_s_over_time: 0.00048542022705078125
compute_br_xfr_delta_k_s_over_time: 0.00038242340087890625
zero_out_time: 0.00014400482177734375
get_max_br_acl_delta_k_s_over_time: 0.0030879974365234375
get_max_br_dcl_delta_k_s_over_time: 5.245208740234375e-06
get_max_br_xfr_delta_k_s_over_time: 2.6226043701171875e-06
compute_br_k_z_time: 0.002450704574584961
collect_penalties_into_obj_array_time: 0.0067064762115478516
end of contingency model method 1, memory info: {'rss bytes': 310861824, 'rss human': '296.5M', 'percent': 0.11503600669147175}
function: eval_post_contingency_model, time: 1.4585602283477783
function: eval_post_contingency_model, time: 1.4585773944854736
function: run, time: 1.9259095191955566
after solution_evaluator.run(), memory info: {'rss bytes': 307269632, 'rss human': '293.0M', 'percent': 0.11370669768327056}
evaluation summary:
{'feas': 1,
 'infeas': 0,
 'info_i_i_k_t_disconnected_ctg': {'idx': {0: None, 1: None, 2: None, 3: None},
                                   'val': 0},
 'info_i_i_t_disconnected_base': {'idx': {0: None, 1: None, 2: None}, 'val': 0},
 'sum_acl_t_u_sd': 0,
 'sum_acl_t_u_su': 0,
 'sum_acl_t_z_s': 0.0,
 'sum_acl_t_z_sd': 0.0,
 'sum_acl_t_z_su': 0.0,
 'sum_bus_t_z_p': 178406330.6640437,
 'sum_bus_t_z_q': 146604983.23392785,
 'sum_cs_t_z_p': 37749653.777657084,
 'sum_pr_t_z_p': 3672223.843284663,
 'sum_prz_t_z_nsc': 2925.3442400598265,
 'sum_prz_t_z_rgd': 41346.63166495463,
 'sum_prz_t_z_rgu': 47253.29333137672,
 'sum_prz_t_z_rrd': 1.125256,
 'sum_prz_t_z_rru': 1.125256,
 'sum_prz_t_z_scr': 27702.925108971445,
 'sum_qrz_t_z_qrd': 7333.343999999999,
 'sum_qrz_t_z_qru': 4109.376,
 'sum_sd_t_sd': 0,
 'sum_sd_t_su': 0,
 'sum_sd_t_z_nsc': 0.0,
 'sum_sd_t_z_on': 399.20000000000005,
 'sum_sd_t_z_qrd': 0.0,
 'sum_sd_t_z_qru': 0.0,
 'sum_sd_t_z_rgd': 0.0,
 'sum_sd_t_z_rgu': 0.0,
 'sum_sd_t_z_rrd_off': 0.0,
 'sum_sd_t_z_rrd_on': 0.0,
 'sum_sd_t_z_rru_off': 0.0,
 'sum_sd_t_z_rru_on': 0.0,
 'sum_sd_t_z_scr': 0.0,
 'sum_sd_t_z_sd': 0.0,
 'sum_sd_t_z_su': 0.0,
 'sum_sd_t_z_sus': 0.0,
 'sum_xfr_t_u_sd': 0,
 'sum_xfr_t_u_su': 0,
 'sum_xfr_t_z_s': 0.0,
 'sum_xfr_t_z_sd': 0.0,
 'sum_xfr_t_z_su': 0.0,
 'viol_acl_acl_t_s_max_ctg': {'idx': {0: None, 1: None, 2: None}, 'val': 0.0},
 'viol_acl_dcl_t_s_max_ctg': {'idx': {0: None, 1: None, 2: None}, 'val': 0.0},
 'viol_acl_t_s_max': {'idx': {0: 'acl_000', 1: 0}, 'val': 0.0},
 'viol_acl_t_u_sd_max': {'idx': {0: 'acl_000', 1: 0}, 'val': 0},
 'viol_acl_t_u_su_max': {'idx': {0: 'acl_000', 1: 0}, 'val': 0},
 'viol_acl_xfr_t_s_max_ctg': {'idx': {0: None, 1: None, 2: None}, 'val': 0.0},
 'viol_bus_t_p_balance_max': {'idx': {0: 'bus_064', 1: 0},
                              'val': 2.2415152885658443},
 'viol_bus_t_p_balance_min': {'idx': {0: 'bus_065', 1: 0},
                              'val': -2.35215413706643},
 'viol_bus_t_q_balance_max': {'idx': {0: 'bus_064', 1: 0},
                              'val': 0.48996646706755853},
 'viol_bus_t_q_balance_min': {'idx': {0: 'bus_611', 1: 0},
                              'val': -1.1804998787977161},
 'viol_bus_t_v_max': {'idx': {0: 'bus_000', 1: 0}, 'val': 0.0},
 'viol_bus_t_v_min': {'idx': {0: 'bus_000', 1: 0}, 'val': 0.0},
 'viol_cs_t_p_off_max': {'idx': {0: 'sd_094', 1: 0}, 'val': 0.0},
 'viol_cs_t_p_off_min': {'idx': {0: 'sd_094', 1: 0}, 'val': 0.0},
 'viol_cs_t_p_on_max': {'idx': {0: 'sd_094', 1: 0}, 'val': 0.0},
 'viol_cs_t_p_on_min': {'idx': {0: 'sd_094', 1: 0}, 'val': 0.0},
 'viol_cs_t_q_max': {'idx': {0: 'sd_094', 1: 0}, 'val': 0.0},
 'viol_cs_t_q_min': {'idx': {0: 'sd_094', 1: 0}, 'val': 0.0},
 'viol_cs_t_q_p_max': {'idx': {0: None, 1: None}, 'val': None},
 'viol_cs_t_q_p_min': {'idx': {0: None, 1: None}, 'val': None},
 'viol_dcl_t_p_max': {'idx': {0: None, 1: None}, 'val': None},
 'viol_dcl_t_p_min': {'idx': {0: None, 1: None}, 'val': None},
 'viol_dcl_t_q_fr_max': {'idx': {0: None, 1: None}, 'val': None},
 'viol_dcl_t_q_fr_min': {'idx': {0: None, 1: None}, 'val': None},
 'viol_dcl_t_q_to_max': {'idx': {0: None, 1: None}, 'val': None},
 'viol_dcl_t_q_to_min': {'idx': {0: None, 1: None}, 'val': None},
 'viol_pr_t_p_off_max': {'idx': {0: 'sd_000', 1: 0}, 'val': 0.0},
 'viol_pr_t_p_off_min': {'idx': {0: 'sd_000', 1: 0}, 'val': 0.0},
 'viol_pr_t_p_on_max': {'idx': {0: 'sd_000', 1: 0}, 'val': 0.0},
 'viol_pr_t_p_on_min': {'idx': {0: 'sd_000', 1: 0}, 'val': 0.0},
 'viol_pr_t_q_max': {'idx': {0: 'sd_000', 1: 0}, 'val': 0.0},
 'viol_pr_t_q_min': {'idx': {0: 'sd_000', 1: 0}, 'val': 0.0},
 'viol_pr_t_q_p_max': {'idx': {0: None, 1: None}, 'val': None},
 'viol_pr_t_q_p_min': {'idx': {0: None, 1: None}, 'val': None},
 'viol_prz_t_p_nsc_balance': {'idx': {0: 'prz_00', 1: 2},
                              'val': 4.708752360119169},
 'viol_prz_t_p_rgd_balance': {'idx': {0: 'prz_00', 1: 16},
                              'val': 2.3039096360793656},
 'viol_prz_t_p_rgu_balance': {'idx': {0: 'prz_00', 1: 16},
                              'val': 2.633039584090704},
 'viol_prz_t_p_rrd_balance': {'idx': {0: 'prz_00', 1: 0}, 'val': 0.44854},
 'viol_prz_t_p_rru_balance': {'idx': {0: 'prz_00', 1: 0}, 'val': 0.44854},
 'viol_prz_t_p_scr_balance': {'idx': {0: 'prz_00', 1: 2},
                              'val': 3.9403561715693276},
 'viol_qrz_t_q_qrd_balance': {'idx': {0: 'qrz_02', 1: 0}, 'val': 10.4904},
 'viol_qrz_t_q_qru_balance': {'idx': {0: 'qrz_09', 1: 0}, 'val': 4.1745},
 'viol_sd_max_energy_constr': {'idx': {0: 'sd_000', 1: 0}, 'val': 0.0},
 'viol_sd_max_startup_constr': {'idx': {0: 'sd_000', 1: 0}, 'val': 0},
 'viol_sd_min_energy_constr': {'idx': {0: 'sd_000', 1: 0}, 'val': 0.0},
 'viol_sd_t_d_dn_min': {'idx': {0: 'sd_000', 1: 0}, 'val': 0},
 'viol_sd_t_d_up_min': {'idx': {0: 'sd_000', 1: 0}, 'val': 0},
 'viol_sd_t_p_nsc_max': {'idx': {0: 'sd_000', 1: 0}, 'val': 0.0},
 'viol_sd_t_p_nsc_nonneg': {'idx': {0: 'sd_000', 1: 0}, 'val': -0.0},
 'viol_sd_t_p_ramp_dn_max': {'idx': {0: 'sd_000', 1: 0}, 'val': 0.0},
 'viol_sd_t_p_ramp_up_max': {'idx': {0: 'sd_000', 1: 0}, 'val': 0.0},
 'viol_sd_t_p_rgd_max': {'idx': {0: 'sd_000', 1: 0}, 'val': 0.0},
 'viol_sd_t_p_rgd_nonneg': {'idx': {0: 'sd_000', 1: 0}, 'val': -0.0},
 'viol_sd_t_p_rgu_max': {'idx': {0: 'sd_000', 1: 0}, 'val': 0.0},
 'viol_sd_t_p_rgu_nonneg': {'idx': {0: 'sd_000', 1: 0}, 'val': -0.0},
 'viol_sd_t_p_rrd_off_max': {'idx': {0: 'sd_000', 1: 0}, 'val': 0.0},
 'viol_sd_t_p_rrd_off_nonneg': {'idx': {0: 'sd_000', 1: 0}, 'val': -0.0},
 'viol_sd_t_p_rrd_on_max': {'idx': {0: 'sd_000', 1: 0}, 'val': 0.0},
 'viol_sd_t_p_rrd_on_nonneg': {'idx': {0: 'sd_000', 1: 0}, 'val': -0.0},
 'viol_sd_t_p_rru_off_max': {'idx': {0: 'sd_000', 1: 0}, 'val': 0.0},
 'viol_sd_t_p_rru_off_nonneg': {'idx': {0: 'sd_000', 1: 0}, 'val': -0.0},
 'viol_sd_t_p_rru_on_max': {'idx': {0: 'sd_000', 1: 0}, 'val': 0.0},
 'viol_sd_t_p_rru_on_nonneg': {'idx': {0: 'sd_000', 1: 0}, 'val': -0.0},
 'viol_sd_t_p_scr_max': {'idx': {0: 'sd_000', 1: 0}, 'val': 0.0},
 'viol_sd_t_p_scr_nonneg': {'idx': {0: 'sd_000', 1: 0}, 'val': -0.0},
 'viol_sd_t_q_qrd_nonneg': {'idx': {0: 'sd_000', 1: 0}, 'val': -0.0},
 'viol_sd_t_q_qru_nonneg': {'idx': {0: 'sd_000', 1: 0}, 'val': -0.0},
 'viol_sd_t_u_on_max': {'idx': {0: 'sd_000', 1: 0}, 'val': 0},
 'viol_sd_t_u_on_min': {'idx': {0: 'sd_000', 1: 0}, 'val': 0},
 'viol_sh_t_u_st_max': {'idx': {0: 'sh_00', 1: 0}, 'val': 0},
 'viol_sh_t_u_st_min': {'idx': {0: 'sh_00', 1: 0}, 'val': 0},
 'viol_t_connected_base': {'idx': {0: 0}, 'val': 0},
 'viol_t_connected_ctg': {'idx': {0: 0}, 'val': 0},
 'viol_xfr_acl_t_s_max_ctg': {'idx': {0: None, 1: None, 2: None}, 'val': 0.0},
 'viol_xfr_dcl_t_s_max_ctg': {'idx': {0: None, 1: None, 2: None}, 'val': 0.0},
 'viol_xfr_t_phi_max': {'idx': {0: 'xfr_000', 1: 0}, 'val': 0.0},
 'viol_xfr_t_phi_min': {'idx': {0: 'xfr_000', 1: 0}, 'val': 0.0},
 'viol_xfr_t_s_max': {'idx': {0: 'xfr_000', 1: 0}, 'val': 0.0},
 'viol_xfr_t_tau_max': {'idx': {0: 'xfr_000', 1: 0}, 'val': 0.0},
 'viol_xfr_t_tau_min': {'idx': {0: 'xfr_000', 1: 0}, 'val': 0.0},
 'viol_xfr_t_u_sd_max': {'idx': {0: 'xfr_000', 1: 0}, 'val': 0},
 'viol_xfr_t_u_su_max': {'idx': {0: 'xfr_000', 1: 0}, 'val': 0},
 'viol_xfr_xfr_t_s_max_ctg': {'idx': {0: None, 1: None, 2: None}, 'val': 0.0},
 'z': -291064956.3284564,
 'z_base': -291064956.3284564,
 'z_cost': 3672623.043284663,
 'z_k_average_case': 0.0,
 'z_k_worst_case': 0.0,
 'z_max_energy': 0.0,
 'z_min_energy': 0.0,
 'z_penalty': 325141987.0628289,
 'z_value': 37749653.777657084}
infeasibility summary:
{}
feas: 1
obj: -291064956.3284564
evaluate solution time: 1.9349873065948486
end of check_data(), memory info: {'rss bytes': 307531776, 'rss human': '293.3M', 'percent': 0.11380370541020884}
