/rcfs/dtn/arpacomp/.local/lib/python3.8/site-packages/scipy/sparse/linalg/_dsolve/linsolve.py:347: SparseEfficiencyWarning: splu converted its input to CSC format
  warn('splu converted its input to CSC format', SparseEfficiencyWarning)
args:
Namespace(configuration=None, data_errors='data_errors.txt', ignored_errors='ignored_errors.txt', parameters='{}', pop_solution=None, problem='/qfs/projects/goc/share/data/C3/E1/D1/C3E1N00600D1/scenario_111.json', problem_opt=None, scrubbed_problem=None, solution='/qfs/projects/goc/share/data/C3/E1/D1/C3E1N00600D1/scenario_111.json.pop_solution.json', solution_errors='solution_errors.txt', summary_csv='summary.csv', summary_json='summary.json')
problem data file: /qfs/projects/goc/share/data/C3/E1/D1/C3E1N00600D1/scenario_111.json

pop solution data file: None

solution data file: /qfs/projects/goc/share/data/C3/E1/D1/C3E1N00600D1/scenario_111.json.pop_solution.json

git info: {'C3DataUtilities': {'branch': None, 'commit': '417faef61bd7caf40b3ea0dc36c5e033ca7ea3d5', 'date': 'Fri Dec 30 07:03:34 2022 -0800', 'query_return_code': 0, 'query_err': '', 'query_path': '/qfs/projects/goc/share/loadbalancing/src/nonmpi-template/Challenge3/C3DataUtilities/datautilities', 'query_out': 'commit 417faef61bd7caf40b3ea0dc36c5e033ca7ea3d5\nAuthor: Jesse T Holzer <jesse.holzer@pnnl.gov>\nDate:   Fri Dec 30 07:03:34 2022 -0800\n\n    add z_value, z_cost, z_penalty components of z_base\n'}, 'Bid-DS-data-model': {'branch': None, 'commit': None, 'date': None, 'query_return_code': 128, 'query_err': 'fatal: Not a git repository (or any parent up to mount point /rcfs)\nStopping at filesystem boundary (GIT_DISCOVERY_ACROSS_FILESYSTEM not set).\n', 'query_path': '/rcfs/dtn/arpacomp/.local/lib/python3.8/site-packages/datamodel', 'query_out': ''}}

after reading problem without validation, memory info: {'rss bytes': 100208640, 'rss human': '95.6M', 'percent': 0.0370827193678928}
read problem data file without validation time: 0.12835121154785156
after reading problem with validation, memory info: {'rss bytes': 138616832, 'rss human': '132.2M', 'percent': 0.05129586711008495}
load time: 0.8677761554718018
{'general': {'base_norm_mva': 100.0,
             'day_type': None,
             'electricity_demand': None,
             'net_load': None,
             'season': None,
             'solar_availability': None,
             'timestamp_start': None,
             'timestamp_stop': None,
             'vre_availability': None,
             'weather_temperature': None,
             'wind_availability': None},
 'interval durations': [0.25,
                        0.25,
                        0.25,
                        0.25,
                        0.25,
                        0.25,
                        0.25,
                        0.25,
                        0.5,
                        0.5,
                        0.5,
                        0.5,
                        0.5,
                        0.5,
                        0.5,
                        0.5,
                        1.0,
                        1.0],
 'num ac lines': 723,
 'num buses': 617,
 'num consuming devices': 405,
 'num contingencies': 562,
 'num dc lines': 0,
 'num intervals': 18,
 'num producing devices': 94,
 'num reactive power reserve zones': 10,
 'num real power reserve zones': 10,
 'num shunts': 22,
 'num simple dispatchable devices': 499,
 'num transformers': 130,
 'total duration': 8.0,
 'violation costs': {'e_vio_cost': 500.0,
                     'p_bus_vio_cost': 1000000.0,
                     'q_bus_vio_cost': 1000000.0,
                     's_vio_cost': 500.0}}
after read solution without validation, memory info: {'rss bytes': 138616832, 'rss human': '132.2M', 'percent': 0.05129586711008495}
read solution data file without validation time: 0.040035247802734375
after read solution with validation, memory info: {'rss bytes': 147316736, 'rss human': '140.5M', 'percent': 0.05451531104784927}
solution load time: 0.33693933486938477
after solution_model_checks(), memory info: {'rss bytes': 147316736, 'rss human': '140.5M', 'percent': 0.05451531104784927}
solution model_checks time: 0.004099845886230469
{}
after problem_data_array.set_from_data_model(), memory info: {'rss bytes': 150839296, 'rss human': '143.9M', 'percent': 0.05581885237858247}
convert problem data to numpy arrays time: 0.09670305252075195
after solution_data_array.set_from_data_model(), memory info: {'rss bytes': 150839296, 'rss human': '143.9M', 'percent': 0.05581885237858247}
convert solution data to numpy arrays time: 0.012391090393066406
function: set_summary, time: 0.00021791458129882812
function: set_problem, time: 1.430511474609375e-06
function: set_solution, time: 5.9604644775390625e-06
function: set_solution_zero, time: 0.00020122528076171875
function: set_work_zero, time: 0.0002541542053222656
function: set_matrices, time: 0.004130840301513672
function: __init__, time: 0.004840850830078125
function: eval_sd_t_d_up_dn, time: 0.0003762245178222656
function: eval_sd_max_startup, time: 0.0001697540283203125
function: eval_sd_t_z_sus, time: 0.0007948875427246094
function: eval_acl_t_p_q_fr_to, time: 0.0008449554443359375
function: eval_xfr_t_p_q_fr_to, time: 0.00023221969604492188
function: eval_sd_t_su_sd_trajectories, time: 0.00011444091796875
function: eval_sd_max_energy, time: 0.0002720355987548828
function: eval_sd_min_energy, time: 0.0002791881561279297
function: eval_sd_t_z_p, time: 0.03305172920227051
function: eval_bus_t_p, time: 0.0009558200836181641
function: eval_bus_t_q, time: 0.00026607513427734375
sd_t_p_rgu sum: 0.0
prz_sigma_rgu max: 0.1076496
prz_t_p_rgu_req max: 2.6650093538190043
sd_t_p_rgd sum: 0.0
prz_sigma_rgd max: 0.0941934
prz_t_p_rgd_req max: 2.3318831845916286
sd_t_p_scr sum: 0.0
prz_sigma_scr max: 0.8432552
prz_t_p_scr_req max: 1.6850155575085812
sd_t_p_nsc sum: 0.0
prz_sigma_nsc max: 0.4956367
prz_t_p_nsc_req max: 0.9903947824717989
sd_t_p_rru sum: 0.0
prz_t_p_rru_min max: 0.44854
sd_t_p_rrd sum: 0.0
prz_t_p_rrd_min max: 0.44854
sd_t_p_qru sum: 0.0
qrz_t_q_qru_min max: 4.1745
sd_t_p_qrd sum: 0.0
qrz_t_q_qrd_min max: 10.4904
function: get_connected_components, time: 0.0036895275115966797
function: get_bridges, time: 0.01448512077331543
function: get_connected_components, time: 0.003522634506225586
function: get_bridges, time: 0.014518499374389648
function: get_connected_components, time: 0.003554821014404297
function: get_bridges, time: 0.014566898345947266
function: get_connected_components, time: 0.0036258697509765625
function: get_bridges, time: 0.08347892761230469
function: get_connected_components, time: 0.0034449100494384766
function: get_bridges, time: 0.013733863830566406
function: get_connected_components, time: 0.003432035446166992
function: get_bridges, time: 0.013833999633789062
function: get_connected_components, time: 0.0034172534942626953
function: get_bridges, time: 0.013943672180175781
function: get_connected_components, time: 0.0034406185150146484
function: get_bridges, time: 0.013852596282958984
function: get_connected_components, time: 0.0034656524658203125
function: get_bridges, time: 0.013957977294921875
function: get_connected_components, time: 0.0034301280975341797
function: get_bridges, time: 0.014220714569091797
function: get_connected_components, time: 0.0034537315368652344
function: get_bridges, time: 0.014181375503540039
function: get_connected_components, time: 0.0034422874450683594
function: get_bridges, time: 0.014078140258789062
function: get_connected_components, time: 0.003483295440673828
function: get_bridges, time: 0.014076471328735352
function: get_connected_components, time: 0.003463268280029297
function: get_bridges, time: 0.014055967330932617
function: get_connected_components, time: 0.0034532546997070312
function: get_bridges, time: 0.014027833938598633
function: get_connected_components, time: 0.0034568309783935547
function: get_bridges, time: 0.014041900634765625
function: get_connected_components, time: 0.0035364627838134766
function: get_bridges, time: 0.014043092727661133
function: get_connected_components, time: 0.0034830570220947266
function: get_bridges, time: 0.014088153839111328
end of eval_connectedness(), memory info: {'rss bytes': 162013184, 'rss human': '154.5M', 'percent': 0.05995380673932686}
function: eval_connectedness, time: 0.4191007614135742
problem dimensions. bus: 617, acl: 723, xfr: 130, dcl: 0, k: 562, t: 18
construct static bus admittance matrix. time: 0.0008919239044189453
factor static bus admittance matrix. time: 0.004240512847900391
t_acl_delta_t: [array([], dtype=int64), array([], dtype=int64), array([], dtype=int64), array([], dtype=int64), array([], dtype=int64), array([], dtype=int64), array([], dtype=int64), array([], dtype=int64), array([], dtype=int64), array([], dtype=int64), array([], dtype=int64), array([], dtype=int64), array([], dtype=int64), array([], dtype=int64), array([], dtype=int64), array([], dtype=int64), array([], dtype=int64), array([], dtype=int64)], t_xfr_delta_t: [array([], dtype=int64), array([], dtype=int64), array([], dtype=int64), array([], dtype=int64), array([], dtype=int64), array([], dtype=int64), array([], dtype=int64), array([], dtype=int64), array([], dtype=int64), array([], dtype=int64), array([], dtype=int64), array([], dtype=int64), array([], dtype=int64), array([], dtype=int64), array([], dtype=int64), array([], dtype=int64), array([], dtype=int64), array([], dtype=int64)], t_br_delta_t: [array([], dtype=int64), array([], dtype=int64), array([], dtype=int64), array([], dtype=int64), array([], dtype=int64), array([], dtype=int64), array([], dtype=int64), array([], dtype=int64), array([], dtype=int64), array([], dtype=int64), array([], dtype=int64), array([], dtype=int64), array([], dtype=int64), array([], dtype=int64), array([], dtype=int64), array([], dtype=int64), array([], dtype=int64), array([], dtype=int64)], acl_delta_t: [], xfr_delta_t: [], br_delta_t: []
contingency delta branches. acl: 562, xfr: 0, dcl: 0
construct bus,t-indexed right hand side. time: 0.00020122528076171875
solve for base case bus,t-indexed theta. time: 0.0013244152069091797
num AC branches with possible violations in ACL contingencies: 0
num AC branches with possible violations in DCL contingencies: 0
num AC branches with possible violations in XFR contingencies: 0
t: 0, time: 0.11960721015930176, memory_info: {'rss bytes': 304918528, 'rss human': '290.8M', 'percent': 0.11283665963229281}
num AC branches with possible violations in ACL contingencies: 0
num AC branches with possible violations in DCL contingencies: 0
num AC branches with possible violations in XFR contingencies: 0
t: 1, time: 0.16449689865112305, memory_info: {'rss bytes': 306536448, 'rss human': '292.3M', 'percent': 0.11343537919699005}
num AC branches with possible violations in ACL contingencies: 0
num AC branches with possible violations in DCL contingencies: 0
num AC branches with possible violations in XFR contingencies: 0
t: 2, time: 0.14706993103027344, memory_info: {'rss bytes': 306806784, 'rss human': '292.6M', 'percent': 0.11353541841539515}
num AC branches with possible violations in ACL contingencies: 0
num AC branches with possible violations in DCL contingencies: 0
num AC branches with possible violations in XFR contingencies: 0
t: 3, time: 0.08009099960327148, memory_info: {'rss bytes': 307077120, 'rss human': '292.9M', 'percent': 0.11363545763380026}
num AC branches with possible violations in ACL contingencies: 0
num AC branches with possible violations in DCL contingencies: 0
num AC branches with possible violations in XFR contingencies: 0
t: 4, time: 0.05320382118225098, memory_info: {'rss bytes': 307077120, 'rss human': '292.9M', 'percent': 0.11363545763380026}
num AC branches with possible violations in ACL contingencies: 0
num AC branches with possible violations in DCL contingencies: 0
num AC branches with possible violations in XFR contingencies: 0
t: 5, time: 0.060994863510131836, memory_info: {'rss bytes': 307077120, 'rss human': '292.9M', 'percent': 0.11363545763380026}
num AC branches with possible violations in ACL contingencies: 0
num AC branches with possible violations in DCL contingencies: 0
num AC branches with possible violations in XFR contingencies: 0
t: 6, time: 0.0626521110534668, memory_info: {'rss bytes': 307077120, 'rss human': '292.9M', 'percent': 0.11363545763380026}
num AC branches with possible violations in ACL contingencies: 0
num AC branches with possible violations in DCL contingencies: 0
num AC branches with possible violations in XFR contingencies: 0
t: 7, time: 0.053089141845703125, memory_info: {'rss bytes': 307077120, 'rss human': '292.9M', 'percent': 0.11363545763380026}
num AC branches with possible violations in ACL contingencies: 0
num AC branches with possible violations in DCL contingencies: 0
num AC branches with possible violations in XFR contingencies: 0
t: 8, time: 0.053285837173461914, memory_info: {'rss bytes': 307077120, 'rss human': '292.9M', 'percent': 0.11363545763380026}
num AC branches with possible violations in ACL contingencies: 0
num AC branches with possible violations in DCL contingencies: 0
num AC branches with possible violations in XFR contingencies: 0
t: 9, time: 0.056838274002075195, memory_info: {'rss bytes': 307077120, 'rss human': '292.9M', 'percent': 0.11363545763380026}
num AC branches with possible violations in ACL contingencies: 0
num AC branches with possible violations in DCL contingencies: 0
num AC branches with possible violations in XFR contingencies: 0
t: 10, time: 0.05291557312011719, memory_info: {'rss bytes': 307077120, 'rss human': '292.9M', 'percent': 0.11363545763380026}
num AC branches with possible violations in ACL contingencies: 0
num AC branches with possible violations in DCL contingencies: 0
num AC branches with possible violations in XFR contingencies: 0
t: 11, time: 0.05259084701538086, memory_info: {'rss bytes': 307077120, 'rss human': '292.9M', 'percent': 0.11363545763380026}
num AC branches with possible violations in ACL contingencies: 0
num AC branches with possible violations in DCL contingencies: 0
num AC branches with possible violations in XFR contingencies: 0
t: 12, time: 0.06095075607299805, memory_info: {'rss bytes': 307077120, 'rss human': '292.9M', 'percent': 0.11363545763380026}
num AC branches with possible violations in ACL contingencies: 0
num AC branches with possible violations in DCL contingencies: 0
num AC branches with possible violations in XFR contingencies: 0
t: 13, time: 0.05277729034423828, memory_info: {'rss bytes': 307077120, 'rss human': '292.9M', 'percent': 0.11363545763380026}
num AC branches with possible violations in ACL contingencies: 0
num AC branches with possible violations in DCL contingencies: 0
num AC branches with possible violations in XFR contingencies: 0
t: 14, time: 0.054738521575927734, memory_info: {'rss bytes': 307077120, 'rss human': '292.9M', 'percent': 0.11363545763380026}
num AC branches with possible violations in ACL contingencies: 0
num AC branches with possible violations in DCL contingencies: 0
num AC branches with possible violations in XFR contingencies: 0
t: 15, time: 0.05295157432556152, memory_info: {'rss bytes': 307077120, 'rss human': '292.9M', 'percent': 0.11363545763380026}
num AC branches with possible violations in ACL contingencies: 0
num AC branches with possible violations in DCL contingencies: 0
num AC branches with possible violations in XFR contingencies: 0
t: 16, time: 0.058138370513916016, memory_info: {'rss bytes': 307077120, 'rss human': '292.9M', 'percent': 0.11363545763380026}
num AC branches with possible violations in ACL contingencies: 0
num AC branches with possible violations in DCL contingencies: 0
num AC branches with possible violations in XFR contingencies: 0
t: 17, time: 0.05264472961425781, memory_info: {'rss bytes': 307077120, 'rss human': '292.9M', 'percent': 0.11363545763380026}
initialize_m_w_time: 0.0010006427764892578
compute_static_w_time: 0.03164339065551758
get_time_varying_branch_characteristics_time: 0.0011665821075439453
construct_a_t_time: 0.009088516235351562
factor_a_t_time: 0.029077768325805664
compute_w_with_t_a_solve_time: 0.48284316062927246
compute_v_t_time: 2.86102294921875e-06
compute_w_with_t_smw_time: 4.0531158447265625e-06
compute_v_time: 0.00562286376953125
compute_bus_theta_with_t_a_solve_time: 0.0011303424835205078
compute_bus_theta_with_t_smw_time: 2.1457672119140625e-06
compute_br_p_time: 0.002742767333984375
apply_w_v_wt_time: 0.10733461380004883
compute_bus_dtheta_rhs_dcl_k_time: 0.0031604766845703125
compute_w_v_wt_xfr_k_time: 0.002324819564819336
compute_bus_dtheta_rhs_xfr_k_time: 2.1457672119140625e-06
compute_br_acl_delta_k_p_delta_time: 0.032202959060668945
compute_br_dcl_delta_k_p_delta_time: 0.001474142074584961
compute_br_xfr_delta_k_p_delta_time: 0.0011670589447021484
filter_branches_acl_k_time: 0.009173154830932617
filter_branches_dcl_k_time: 0.001547098159790039
filter_branches_xfr_k_time: 0.0013244152069091797
compute_br_acl_delta_k_p_time: 0.0035524368286132812
compute_br_dcl_delta_k_p_time: 8.225440979003906e-05
compute_br_xfr_delta_k_p_time: 5.841255187988281e-05
compute_br_acl_delta_k_s_over_time: 0.5844998359680176
compute_br_dcl_delta_k_s_over_time: 0.0004372596740722656
compute_br_xfr_delta_k_s_over_time: 0.0003886222839355469
zero_out_time: 0.00014090538024902344
get_max_br_acl_delta_k_s_over_time: 0.0030863285064697266
get_max_br_dcl_delta_k_s_over_time: 3.5762786865234375e-06
get_max_br_xfr_delta_k_s_over_time: 3.337860107421875e-06
compute_br_k_z_time: 0.002454519271850586
collect_penalties_into_obj_array_time: 0.00038051605224609375
end of contingency model method 1, memory info: {'rss bytes': 307077120, 'rss human': '292.9M', 'percent': 0.11363545763380026}
function: eval_post_contingency_model, time: 1.339914321899414
function: eval_post_contingency_model, time: 1.3399317264556885
function: run, time: 1.80706787109375
after solution_evaluator.run(), memory info: {'rss bytes': 307077120, 'rss human': '292.9M', 'percent': 0.11363545763380026}
evaluation summary:
{'feas': 1,
 'infeas': 0,
 'info_i_i_k_t_disconnected_ctg': {'idx': {0: None, 1: None, 2: None, 3: None},
                                   'val': 0},
 'info_i_i_t_disconnected_base': {'idx': {0: None, 1: None, 2: None}, 'val': 0},
 'sum_acl_t_u_sd': 0,
 'sum_acl_t_u_su': 0,
 'sum_acl_t_z_s': 0.0,
 'sum_acl_t_z_sd': 0.0,
 'sum_acl_t_z_su': 0.0,
 'sum_bus_t_z_p': 175398767.71564886,
 'sum_bus_t_z_q': 145991485.44608203,
 'sum_cs_t_z_p': 35437242.9813215,
 'sum_pr_t_z_p': 3672227.7363397344,
 'sum_prz_t_z_nsc': 2983.6516968964875,
 'sum_prz_t_z_rgd': 41202.03082660205,
 'sum_prz_t_z_rgu': 47088.03523040235,
 'sum_prz_t_z_rrd': 1.125256,
 'sum_prz_t_z_rru': 1.125256,
 'sum_prz_t_z_scr': 28154.61372844468,
 'sum_qrz_t_z_qrd': 7333.343999999999,
 'sum_qrz_t_z_qru': 4109.376,
 'sum_sd_t_sd': 0,
 'sum_sd_t_su': 0,
 'sum_sd_t_z_nsc': 0.0,
 'sum_sd_t_z_on': 399.20000000000005,
 'sum_sd_t_z_qrd': 0.0,
 'sum_sd_t_z_qru': 0.0,
 'sum_sd_t_z_rgd': 0.0,
 'sum_sd_t_z_rgu': 0.0,
 'sum_sd_t_z_rrd_off': 0.0,
 'sum_sd_t_z_rrd_on': 0.0,
 'sum_sd_t_z_rru_off': 0.0,
 'sum_sd_t_z_rru_on': 0.0,
 'sum_sd_t_z_scr': 0.0,
 'sum_sd_t_z_sd': 0.0,
 'sum_sd_t_z_su': 0.0,
 'sum_sd_t_z_sus': 0.0,
 'sum_xfr_t_u_sd': 0,
 'sum_xfr_t_u_su': 0,
 'sum_xfr_t_z_s': 0.0,
 'sum_xfr_t_z_sd': 0.0,
 'sum_xfr_t_z_su': 0.0,
 'viol_acl_acl_t_s_max_ctg': {'idx': {0: None, 1: None, 2: None}, 'val': 0.0},
 'viol_acl_dcl_t_s_max_ctg': {'idx': {0: None, 1: None, 2: None}, 'val': 0.0},
 'viol_acl_t_s_max': {'idx': {0: 'acl_000', 1: 0}, 'val': 0.0},
 'viol_acl_t_u_sd_max': {'idx': {0: 'acl_000', 1: 0}, 'val': 0},
 'viol_acl_t_u_su_max': {'idx': {0: 'acl_000', 1: 0}, 'val': 0},
 'viol_acl_xfr_t_s_max_ctg': {'idx': {0: None, 1: None, 2: None}, 'val': 0.0},
 'viol_bus_t_p_balance_max': {'idx': {0: 'bus_064', 1: 0},
                              'val': 2.2415152885658443},
 'viol_bus_t_p_balance_min': {'idx': {0: 'bus_065', 1: 8},
                              'val': -2.37430787245979},
 'viol_bus_t_q_balance_max': {'idx': {0: 'bus_064', 1: 0},
                              'val': 0.48996646706755853},
 'viol_bus_t_q_balance_min': {'idx': {0: 'bus_611', 1: 0},
                              'val': -1.1804998787977161},
 'viol_bus_t_v_max': {'idx': {0: 'bus_000', 1: 0}, 'val': 0.0},
 'viol_bus_t_v_min': {'idx': {0: 'bus_000', 1: 0}, 'val': 0.0},
 'viol_cs_t_p_off_max': {'idx': {0: 'sd_094', 1: 0}, 'val': 0.0},
 'viol_cs_t_p_off_min': {'idx': {0: 'sd_094', 1: 0}, 'val': 0.0},
 'viol_cs_t_p_on_max': {'idx': {0: 'sd_094', 1: 0}, 'val': 0.0},
 'viol_cs_t_p_on_min': {'idx': {0: 'sd_094', 1: 0}, 'val': 0.0},
 'viol_cs_t_q_max': {'idx': {0: 'sd_094', 1: 0}, 'val': 0.0},
 'viol_cs_t_q_min': {'idx': {0: 'sd_094', 1: 0}, 'val': 0.0},
 'viol_cs_t_q_p_max': {'idx': {0: None, 1: None}, 'val': None},
 'viol_cs_t_q_p_min': {'idx': {0: None, 1: None}, 'val': None},
 'viol_dcl_t_p_max': {'idx': {0: None, 1: None}, 'val': None},
 'viol_dcl_t_p_min': {'idx': {0: None, 1: None}, 'val': None},
 'viol_dcl_t_q_fr_max': {'idx': {0: None, 1: None}, 'val': None},
 'viol_dcl_t_q_fr_min': {'idx': {0: None, 1: None}, 'val': None},
 'viol_dcl_t_q_to_max': {'idx': {0: None, 1: None}, 'val': None},
 'viol_dcl_t_q_to_min': {'idx': {0: None, 1: None}, 'val': None},
 'viol_pr_t_p_off_max': {'idx': {0: 'sd_000', 1: 0}, 'val': 0.0},
 'viol_pr_t_p_off_min': {'idx': {0: 'sd_000', 1: 0}, 'val': 0.0},
 'viol_pr_t_p_on_max': {'idx': {0: 'sd_000', 1: 0}, 'val': 0.0},
 'viol_pr_t_p_on_min': {'idx': {0: 'sd_000', 1: 0}, 'val': 0.0},
 'viol_pr_t_q_max': {'idx': {0: 'sd_000', 1: 0}, 'val': 0.0},
 'viol_pr_t_q_min': {'idx': {0: 'sd_000', 1: 0}, 'val': 0.0},
 'viol_pr_t_q_p_max': {'idx': {0: None, 1: None}, 'val': None},
 'viol_pr_t_q_p_min': {'idx': {0: None, 1: None}, 'val': None},
 'viol_prz_t_p_nsc_balance': {'idx': {0: 'prz_00', 1: 15},
                              'val': 4.740717622069845},
 'viol_prz_t_p_rgd_balance': {'idx': {0: 'prz_00', 1: 16},
                              'val': 2.3318831845916286},
 'viol_prz_t_p_rgu_balance': {'idx': {0: 'prz_00', 1: 16},
                              'val': 2.6650093538190043},
 'viol_prz_t_p_rrd_balance': {'idx': {0: 'prz_00', 1: 0}, 'val': 0.44854},
 'viol_prz_t_p_rru_balance': {'idx': {0: 'prz_00', 1: 0}, 'val': 0.44854},
 'viol_prz_t_p_scr_balance': {'idx': {0: 'prz_00', 1: 15},
                              'val': 3.9723231038201465},
 'viol_qrz_t_q_qrd_balance': {'idx': {0: 'qrz_02', 1: 0}, 'val': 10.4904},
 'viol_qrz_t_q_qru_balance': {'idx': {0: 'qrz_09', 1: 0}, 'val': 4.1745},
 'viol_sd_max_energy_constr': {'idx': {0: 'sd_000', 1: 0}, 'val': 0.0},
 'viol_sd_max_startup_constr': {'idx': {0: 'sd_000', 1: 0}, 'val': 0},
 'viol_sd_min_energy_constr': {'idx': {0: 'sd_000', 1: 0}, 'val': 0.0},
 'viol_sd_t_d_dn_min': {'idx': {0: 'sd_000', 1: 0}, 'val': 0},
 'viol_sd_t_d_up_min': {'idx': {0: 'sd_000', 1: 0}, 'val': 0},
 'viol_sd_t_p_nsc_max': {'idx': {0: 'sd_000', 1: 0}, 'val': 0.0},
 'viol_sd_t_p_nsc_nonneg': {'idx': {0: 'sd_000', 1: 0}, 'val': -0.0},
 'viol_sd_t_p_ramp_dn_max': {'idx': {0: 'sd_000', 1: 0}, 'val': 0.0},
 'viol_sd_t_p_ramp_up_max': {'idx': {0: 'sd_000', 1: 0}, 'val': 0.0},
 'viol_sd_t_p_rgd_max': {'idx': {0: 'sd_000', 1: 0}, 'val': 0.0},
 'viol_sd_t_p_rgd_nonneg': {'idx': {0: 'sd_000', 1: 0}, 'val': -0.0},
 'viol_sd_t_p_rgu_max': {'idx': {0: 'sd_000', 1: 0}, 'val': 0.0},
 'viol_sd_t_p_rgu_nonneg': {'idx': {0: 'sd_000', 1: 0}, 'val': -0.0},
 'viol_sd_t_p_rrd_off_max': {'idx': {0: 'sd_000', 1: 0}, 'val': 0.0},
 'viol_sd_t_p_rrd_off_nonneg': {'idx': {0: 'sd_000', 1: 0}, 'val': -0.0},
 'viol_sd_t_p_rrd_on_max': {'idx': {0: 'sd_000', 1: 0}, 'val': 0.0},
 'viol_sd_t_p_rrd_on_nonneg': {'idx': {0: 'sd_000', 1: 0}, 'val': -0.0},
 'viol_sd_t_p_rru_off_max': {'idx': {0: 'sd_000', 1: 0}, 'val': 0.0},
 'viol_sd_t_p_rru_off_nonneg': {'idx': {0: 'sd_000', 1: 0}, 'val': -0.0},
 'viol_sd_t_p_rru_on_max': {'idx': {0: 'sd_000', 1: 0}, 'val': 0.0},
 'viol_sd_t_p_rru_on_nonneg': {'idx': {0: 'sd_000', 1: 0}, 'val': -0.0},
 'viol_sd_t_p_scr_max': {'idx': {0: 'sd_000', 1: 0}, 'val': 0.0},
 'viol_sd_t_p_scr_nonneg': {'idx': {0: 'sd_000', 1: 0}, 'val': -0.0},
 'viol_sd_t_q_qrd_nonneg': {'idx': {0: 'sd_000', 1: 0}, 'val': -0.0},
 'viol_sd_t_q_qru_nonneg': {'idx': {0: 'sd_000', 1: 0}, 'val': -0.0},
 'viol_sd_t_u_on_max': {'idx': {0: 'sd_000', 1: 0}, 'val': 0},
 'viol_sd_t_u_on_min': {'idx': {0: 'sd_000', 1: 0}, 'val': 0},
 'viol_sh_t_u_st_max': {'idx': {0: 'sh_00', 1: 0}, 'val': 0},
 'viol_sh_t_u_st_min': {'idx': {0: 'sh_00', 1: 0}, 'val': 0},
 'viol_t_connected_base': {'idx': {0: 0}, 'val': 0},
 'viol_t_connected_ctg': {'idx': {0: 0}, 'val': 0},
 'viol_xfr_acl_t_s_max_ctg': {'idx': {0: None, 1: None, 2: None}, 'val': 0.0},
 'viol_xfr_dcl_t_s_max_ctg': {'idx': {0: None, 1: None, 2: None}, 'val': 0.0},
 'viol_xfr_t_phi_max': {'idx': {0: 'xfr_000', 1: 0}, 'val': 0.0},
 'viol_xfr_t_phi_min': {'idx': {0: 'xfr_000', 1: 0}, 'val': 0.0},
 'viol_xfr_t_s_max': {'idx': {0: 'xfr_000', 1: 0}, 'val': 0.0},
 'viol_xfr_t_tau_max': {'idx': {0: 'xfr_000', 1: 0}, 'val': 0.0},
 'viol_xfr_t_tau_min': {'idx': {0: 'xfr_000', 1: 0}, 'val': 0.0},
 'viol_xfr_t_u_sd_max': {'idx': {0: 'xfr_000', 1: 0}, 'val': 0},
 'viol_xfr_t_u_su_max': {'idx': {0: 'xfr_000', 1: 0}, 'val': 0},
 'viol_xfr_xfr_t_s_max_ctg': {'idx': {0: None, 1: None, 2: None}, 'val': 0.0},
 'z': -289756510.41874343,
 'z_base': -289756510.41874343,
 'z_cost': 3672626.9363397346,
 'z_k_average_case': 0.0,
 'z_k_worst_case': 0.0,
 'z_max_energy': 0.0,
 'z_min_energy': 0.0,
 'z_penalty': 321521126.4637252,
 'z_value': 35437242.9813215}
infeasibility summary:
{}
feas: 1
obj: -289756510.41874343
evaluate solution time: 1.8157665729522705
end of check_data(), memory info: {'rss bytes': 307609600, 'rss human': '293.4M', 'percent': 0.11383250457914365}
