/rcfs/dtn/arpacomp/.conda/envs/goc_eval/lib/python3.10/site-packages/scipy/sparse/linalg/_dsolve/linsolve.py:347: SparseEfficiencyWarning: splu converted its input to CSC format
  warn('splu converted its input to CSC format', SparseEfficiencyWarning)
args:
Namespace(problem_opt=None, problem='/qfs/projects/goc/share/data/C3/E1/D1/C3E1N04200D1/scenario_111.json', solution='/qfs/projects/goc/share/data/C3/E1/D1/C3E1N04200D1/scenario_111.json.pop_solution.json', configuration=None, parameters='{}', summary_csv='summary.csv', summary_json='summary.json', data_errors='data_errors.txt', ignored_errors='ignored_errors.txt', solution_errors='solution_errors.txt', pop_solution=None, scrubbed_problem=None)
problem data file: /qfs/projects/goc/share/data/C3/E1/D1/C3E1N04200D1/scenario_111.json

pop solution data file: None

solution data file: /qfs/projects/goc/share/data/C3/E1/D1/C3E1N04200D1/scenario_111.json.pop_solution.json

git info: {'C3DataUtilities': {'branch': None, 'commit': '417faef61bd7caf40b3ea0dc36c5e033ca7ea3d5', 'date': 'Fri Dec 30 07:03:34 2022 -0800', 'query_return_code': 0, 'query_err': '', 'query_path': '/qfs/projects/goc/share/loadbalancing/src/nonmpi-template/Challenge3/C3DataUtilities/datautilities', 'query_out': 'commit 417faef61bd7caf40b3ea0dc36c5e033ca7ea3d5\nAuthor: Jesse T Holzer <jesse.holzer@pnnl.gov>\nDate:   Fri Dec 30 07:03:34 2022 -0800\n\n    add z_value, z_cost, z_penalty components of z_base\n'}, 'Bid-DS-data-model': {'branch': None, 'commit': None, 'date': None, 'query_return_code': 128, 'query_err': 'fatal: Not a git repository (or any parent up to mount point /rcfs)\nStopping at filesystem boundary (GIT_DISCOVERY_ACROSS_FILESYSTEM not set).\n', 'query_path': '/rcfs/dtn/arpacomp/.conda/envs/goc_eval/lib/python3.10/site-packages/datamodel', 'query_out': ''}}

after reading problem without validation, memory info: {'rss bytes': 188178432, 'rss human': '179.5M', 'percent': 0.06963639048435442}
read problem data file without validation time: 0.4585835933685303
after reading problem with validation, memory info: {'rss bytes': 346763264, 'rss human': '330.7M', 'percent': 0.12832151804481653}
load time: 3.202988862991333
{'general': {'base_norm_mva': 100.0,
             'day_type': None,
             'electricity_demand': None,
             'net_load': None,
             'season': None,
             'solar_availability': None,
             'timestamp_start': None,
             'timestamp_stop': None,
             'vre_availability': None,
             'weather_temperature': None,
             'wind_availability': None},
 'interval durations': [0.25,
                        0.25,
                        0.25,
                        0.25,
                        0.25,
                        0.25,
                        0.25,
                        0.25,
                        0.5,
                        0.5,
                        0.5,
                        0.5,
                        0.5,
                        0.5,
                        0.5,
                        0.5,
                        1.0,
                        1.0],
 'num ac lines': 2605,
 'num buses': 4224,
 'num consuming devices': 1673,
 'num contingencies': 2313,
 'num dc lines': 0,
 'num intervals': 18,
 'num producing devices': 478,
 'num reactive power reserve zones': 2,
 'num real power reserve zones': 2,
 'num shunts': 436,
 'num simple dispatchable devices': 2151,
 'num transformers': 2325,
 'total duration': 8.0,
 'violation costs': {'e_vio_cost': 900000.0,
                     'p_bus_vio_cost': 1000000.0,
                     'q_bus_vio_cost': 1000000.0,
                     's_vio_cost': 500.0}}
after read solution without validation, memory info: {'rss bytes': 366157824, 'rss human': '349.2M', 'percent': 0.1354985740925162}
read solution data file without validation time: 0.1491563320159912
after read solution with validation, memory info: {'rss bytes': 414277632, 'rss human': '395.1M', 'percent': 0.15330555496862514}
solution load time: 1.7330880165100098
after solution_model_checks(), memory info: {'rss bytes': 414277632, 'rss human': '395.1M', 'percent': 0.15330555496862514}
solution model_checks time: 0.025243043899536133
{}
after problem_data_array.set_from_data_model(), memory info: {'rss bytes': 429027328, 'rss human': '409.2M', 'percent': 0.15876375535463708}
convert problem data to numpy arrays time: 0.6023075580596924
after solution_data_array.set_from_data_model(), memory info: {'rss bytes': 433344512, 'rss human': '413.3M', 'percent': 0.16036135135765195}
convert solution data to numpy arrays time: 0.06102776527404785
function: set_summary, time: 0.00017499923706054688
function: set_problem, time: 9.5367431640625e-07
function: set_solution, time: 4.76837158203125e-06
function: set_solution_zero, time: 0.0005056858062744141
function: set_work_zero, time: 0.0005564689636230469
function: set_matrices, time: 0.00503849983215332
function: __init__, time: 0.0063054561614990234
function: eval_sd_t_d_up_dn, time: 0.0007960796356201172
function: eval_sd_max_startup, time: 0.025011539459228516
function: eval_sd_t_z_sus, time: 0.0027527809143066406
function: eval_acl_t_p_q_fr_to, time: 0.0029878616333007812
function: eval_xfr_t_p_q_fr_to, time: 0.002953767776489258
function: eval_sd_t_su_sd_trajectories, time: 0.0004467964172363281
function: eval_sd_max_energy, time: 0.0007822513580322266
function: eval_sd_min_energy, time: 0.0007593631744384766
function: eval_sd_t_z_p, time: 0.09816217422485352
function: eval_bus_t_p, time: 0.0018112659454345703
function: eval_bus_t_q, time: 0.0009531974792480469
sd_t_p_rgu sum: 0.0
prz_sigma_rgu max: 0.05
prz_t_p_rgu_req max: 11.077170439466254
sd_t_p_rgd sum: 0.0
prz_sigma_rgd max: 0.05
prz_t_p_rgd_req max: 11.077170439466254
sd_t_p_scr sum: 0.0
prz_sigma_scr max: 0.15
prz_t_p_scr_req max: 1.1028075759177667
sd_t_p_nsc sum: 0.0
prz_sigma_nsc max: 0.15
prz_t_p_nsc_req max: 1.1028075759177667
sd_t_p_rru sum: 0.0
prz_t_p_rru_min max: 0.5
sd_t_p_rrd sum: 0.0
prz_t_p_rrd_min max: 0.5
sd_t_p_qru sum: 0.0
qrz_t_q_qru_min max: 0.0
sd_t_p_qrd sum: 0.0
qrz_t_q_qrd_min max: 0.0
function: get_connected_components, time: 0.01627206802368164
function: get_bridges, time: 0.06570053100585938
function: get_connected_components, time: 0.01606607437133789
function: get_bridges, time: 0.06514716148376465
function: get_connected_components, time: 0.01634955406188965
function: get_bridges, time: 0.06540894508361816
function: get_connected_components, time: 0.016295909881591797
function: get_bridges, time: 0.06591391563415527
function: get_connected_components, time: 0.016701459884643555
function: get_bridges, time: 0.0675816535949707
function: get_connected_components, time: 0.01607537269592285
function: get_bridges, time: 0.06575798988342285
function: get_connected_components, time: 0.01623249053955078
function: get_bridges, time: 0.06616497039794922
function: get_connected_components, time: 0.016211509704589844
function: get_bridges, time: 0.06540799140930176
function: get_connected_components, time: 0.01623368263244629
function: get_bridges, time: 0.06606078147888184
function: get_connected_components, time: 0.016335487365722656
function: get_bridges, time: 0.3177673816680908
function: get_connected_components, time: 0.01578688621520996
function: get_bridges, time: 0.06615948677062988
function: get_connected_components, time: 0.016330242156982422
function: get_bridges, time: 0.06637907028198242
function: get_connected_components, time: 0.016430139541625977
function: get_bridges, time: 0.06598281860351562
function: get_connected_components, time: 0.016619443893432617
function: get_bridges, time: 0.06601715087890625
function: get_connected_components, time: 0.016550540924072266
function: get_bridges, time: 0.06805038452148438
function: get_connected_components, time: 0.01654648780822754
function: get_bridges, time: 0.0667271614074707
function: get_connected_components, time: 0.016391754150390625
function: get_bridges, time: 0.06610250473022461
function: get_connected_components, time: 0.016092300415039062
function: get_bridges, time: 0.06577086448669434
end of eval_connectedness(), memory info: {'rss bytes': 488206336, 'rss human': '465.6M', 'percent': 0.18066324971095488}
function: eval_connectedness, time: 1.8755347728729248
problem dimensions. bus: 4224, acl: 2605, xfr: 2325, dcl: 0, k: 2313, t: 18
construct static bus admittance matrix. time: 0.001157999038696289
factor static bus admittance matrix. time: 0.009853601455688477
t_acl_delta_t: [array([], dtype=int64), array([], dtype=int64), array([], dtype=int64), array([], dtype=int64), array([], dtype=int64), array([], dtype=int64), array([], dtype=int64), array([], dtype=int64), array([], dtype=int64), array([], dtype=int64), array([], dtype=int64), array([], dtype=int64), array([], dtype=int64), array([], dtype=int64), array([], dtype=int64), array([], dtype=int64), array([], dtype=int64), array([], dtype=int64)], t_xfr_delta_t: [array([], dtype=int64), array([], dtype=int64), array([], dtype=int64), array([], dtype=int64), array([], dtype=int64), array([], dtype=int64), array([], dtype=int64), array([], dtype=int64), array([], dtype=int64), array([], dtype=int64), array([], dtype=int64), array([], dtype=int64), array([], dtype=int64), array([], dtype=int64), array([], dtype=int64), array([], dtype=int64), array([], dtype=int64), array([], dtype=int64)], t_br_delta_t: [array([], dtype=int64), array([], dtype=int64), array([], dtype=int64), array([], dtype=int64), array([], dtype=int64), array([], dtype=int64), array([], dtype=int64), array([], dtype=int64), array([], dtype=int64), array([], dtype=int64), array([], dtype=int64), array([], dtype=int64), array([], dtype=int64), array([], dtype=int64), array([], dtype=int64), array([], dtype=int64), array([], dtype=int64), array([], dtype=int64)], acl_delta_t: [], xfr_delta_t: [], br_delta_t: []
contingency delta branches. acl: 2313, xfr: 0, dcl: 0
construct bus,t-indexed right hand side. time: 0.0007612705230712891
solve for base case bus,t-indexed theta. time: 0.22437763214111328
num AC branches with possible violations in ACL contingencies: 1
num AC branches with possible violations in DCL contingencies: 0
num AC branches with possible violations in XFR contingencies: 0
t: 0, time: 1.2824790477752686, memory_info: {'rss bytes': 876490752, 'rss human': '835.9M', 'percent': 0.3243498822553557}
num AC branches with possible violations in ACL contingencies: 1
num AC branches with possible violations in DCL contingencies: 0
num AC branches with possible violations in XFR contingencies: 0
t: 1, time: 1.3456857204437256, memory_info: {'rss bytes': 878292992, 'rss human': '837.6M', 'percent': 0.3250168103780564}
num AC branches with possible violations in ACL contingencies: 1
num AC branches with possible violations in DCL contingencies: 0
num AC branches with possible violations in XFR contingencies: 0
t: 2, time: 1.2461156845092773, memory_info: {'rss bytes': 880009216, 'rss human': '839.2M', 'percent': 0.32565190784035547}
num AC branches with possible violations in ACL contingencies: 1
num AC branches with possible violations in DCL contingencies: 0
num AC branches with possible violations in XFR contingencies: 0
t: 3, time: 1.2321662902832031, memory_info: {'rss bytes': 880898048, 'rss human': '840.1M', 'percent': 0.32598082466450556}
num AC branches with possible violations in ACL contingencies: 1
num AC branches with possible violations in DCL contingencies: 0
num AC branches with possible violations in XFR contingencies: 0
t: 4, time: 1.3392653465270996, memory_info: {'rss bytes': 881254400, 'rss human': '840.4M', 'percent': 0.3261126945433123}
num AC branches with possible violations in ACL contingencies: 1
num AC branches with possible violations in DCL contingencies: 0
num AC branches with possible violations in XFR contingencies: 0
t: 5, time: 1.2869019508361816, memory_info: {'rss bytes': 882327552, 'rss human': '841.5M', 'percent': 0.32650981992546596}
num AC branches with possible violations in ACL contingencies: 1
num AC branches with possible violations in DCL contingencies: 0
num AC branches with possible violations in XFR contingencies: 0
t: 6, time: 1.2451765537261963, memory_info: {'rss bytes': 882331648, 'rss human': '841.5M', 'percent': 0.32651133567119933}
num AC branches with possible violations in ACL contingencies: 1
num AC branches with possible violations in DCL contingencies: 0
num AC branches with possible violations in XFR contingencies: 0
t: 7, time: 1.222078561782837, memory_info: {'rss bytes': 882368512, 'rss human': '841.5M', 'percent': 0.32652497738280006}
num AC branches with possible violations in ACL contingencies: 1
num AC branches with possible violations in DCL contingencies: 0
num AC branches with possible violations in XFR contingencies: 0
t: 8, time: 1.2171647548675537, memory_info: {'rss bytes': 882380800, 'rss human': '841.5M', 'percent': 0.3265295246200003}
num AC branches with possible violations in ACL contingencies: 1
num AC branches with possible violations in DCL contingencies: 0
num AC branches with possible violations in XFR contingencies: 0
t: 9, time: 1.231187343597412, memory_info: {'rss bytes': 882384896, 'rss human': '841.5M', 'percent': 0.32653104036573366}
num AC branches with possible violations in ACL contingencies: 1
num AC branches with possible violations in DCL contingencies: 0
num AC branches with possible violations in XFR contingencies: 0
t: 10, time: 1.2213709354400635, memory_info: {'rss bytes': 882384896, 'rss human': '841.5M', 'percent': 0.32653104036573366}
num AC branches with possible violations in ACL contingencies: 1
num AC branches with possible violations in DCL contingencies: 0
num AC branches with possible violations in XFR contingencies: 0
t: 11, time: 1.2064285278320312, memory_info: {'rss bytes': 882589696, 'rss human': '841.7M', 'percent': 0.3266068276524042}
num AC branches with possible violations in ACL contingencies: 1
num AC branches with possible violations in DCL contingencies: 0
num AC branches with possible violations in XFR contingencies: 0
t: 12, time: 1.2061195373535156, memory_info: {'rss bytes': 882614272, 'rss human': '841.7M', 'percent': 0.3266159221268047}
num AC branches with possible violations in ACL contingencies: 1
num AC branches with possible violations in DCL contingencies: 0
num AC branches with possible violations in XFR contingencies: 0
t: 13, time: 1.2063970565795898, memory_info: {'rss bytes': 882786304, 'rss human': '841.9M', 'percent': 0.32667958344760795}
num AC branches with possible violations in ACL contingencies: 1
num AC branches with possible violations in DCL contingencies: 0
num AC branches with possible violations in XFR contingencies: 0
t: 14, time: 1.2070209980010986, memory_info: {'rss bytes': 882819072, 'rss human': '841.9M', 'percent': 0.32669170941347525}
num AC branches with possible violations in ACL contingencies: 1
num AC branches with possible violations in DCL contingencies: 0
num AC branches with possible violations in XFR contingencies: 0
t: 15, time: 1.2078452110290527, memory_info: {'rss bytes': 883052544, 'rss human': '842.1M', 'percent': 0.32677810692027964}
num AC branches with possible violations in ACL contingencies: 1
num AC branches with possible violations in DCL contingencies: 0
num AC branches with possible violations in XFR contingencies: 0
t: 16, time: 1.2060892581939697, memory_info: {'rss bytes': 883056640, 'rss human': '842.1M', 'percent': 0.326779622666013}
num AC branches with possible violations in ACL contingencies: 1
num AC branches with possible violations in DCL contingencies: 0
num AC branches with possible violations in XFR contingencies: 0
t: 17, time: 1.2061233520507812, memory_info: {'rss bytes': 883535872, 'rss human': '842.6M', 'percent': 0.3269569649168221}
initialize_m_w_time: 0.0047228336334228516
compute_static_w_time: 0.5678627490997314
get_time_varying_branch_characteristics_time: 0.0034627914428710938
construct_a_t_time: 0.015419721603393555
factor_a_t_time: 0.08305621147155762
compute_w_with_t_a_solve_time: 9.438068389892578
compute_v_t_time: 7.152557373046875e-06
compute_w_with_t_smw_time: 2.1457672119140625e-06
compute_v_time: 0.12503838539123535
compute_bus_theta_with_t_a_solve_time: 0.0059680938720703125
compute_bus_theta_with_t_smw_time: 1.9073486328125e-06
compute_br_p_time: 0.004723787307739258
apply_w_v_wt_time: 0.24573636054992676
compute_bus_dtheta_rhs_dcl_k_time: 0.005962371826171875
compute_w_v_wt_xfr_k_time: 0.003728628158569336
compute_bus_dtheta_rhs_xfr_k_time: 7.152557373046875e-07
compute_br_acl_delta_k_p_delta_time: 0.8653883934020996
compute_br_dcl_delta_k_p_delta_time: 0.0039052963256835938
compute_br_xfr_delta_k_p_delta_time: 0.0013890266418457031
filter_branches_acl_k_time: 0.18372035026550293
filter_branches_dcl_k_time: 0.006102561950683594
filter_branches_xfr_k_time: 0.006094932556152344
compute_br_acl_delta_k_p_time: 0.15960335731506348
compute_br_dcl_delta_k_p_time: 0.00044465065002441406
compute_br_xfr_delta_k_p_time: 6.508827209472656e-05
compute_br_acl_delta_k_s_over_time: 10.855424165725708
compute_br_dcl_delta_k_s_over_time: 0.0016627311706542969
compute_br_xfr_delta_k_s_over_time: 0.0009043216705322266
zero_out_time: 0.0008137226104736328
get_max_br_acl_delta_k_s_over_time: 0.09951066970825195
get_max_br_dcl_delta_k_s_over_time: 6.4373016357421875e-06
get_max_br_xfr_delta_k_s_over_time: 3.814697265625e-06
compute_br_k_z_time: 0.09154510498046875
collect_penalties_into_obj_array_time: 0.0006136894226074219
end of contingency model method 1, memory info: {'rss bytes': 883535872, 'rss human': '842.6M', 'percent': 0.3269569649168221}
function: eval_post_contingency_model, time: 23.138296127319336
function: eval_post_contingency_model, time: 23.138333559036255
function: run, time: 25.177088737487793
after solution_evaluator.run(), memory info: {'rss bytes': 515702784, 'rss human': '491.8M', 'percent': 0.1908384508193409}
evaluation summary:
{'feas': 1,
 'infeas': 0,
 'info_i_i_k_t_disconnected_ctg': {'idx': {0: None, 1: None, 2: None, 3: None},
                                   'val': 0},
 'info_i_i_t_disconnected_base': {'idx': {0: None, 1: None, 2: None}, 'val': 0},
 'sum_acl_t_u_sd': 0,
 'sum_acl_t_u_su': 0,
 'sum_acl_t_z_s': 0.0,
 'sum_acl_t_z_sd': 0.0,
 'sum_acl_t_z_su': 0.0,
 'sum_bus_t_z_p': 1061062933.3475001,
 'sum_bus_t_z_q': 357448709.6875659,
 'sum_cs_t_z_p': 121840848.50649677,
 'sum_pr_t_z_p': 25063469.512035016,
 'sum_prz_t_z_nsc': 60717095.90216649,
 'sum_prz_t_z_rgd': 179699948.63479304,
 'sum_prz_t_z_rgu': 179699948.63479304,
 'sum_prz_t_z_rrd': 4000000.0,
 'sum_prz_t_z_rru': 4000000.0,
 'sum_prz_t_z_scr': 105642083.06086478,
 'sum_qrz_t_z_qrd': 0.0,
 'sum_qrz_t_z_qru': 0.0,
 'sum_sd_t_sd': 0,
 'sum_sd_t_su': 0,
 'sum_sd_t_z_nsc': 0.0,
 'sum_sd_t_z_on': 14146091.939999998,
 'sum_sd_t_z_qrd': 0.0,
 'sum_sd_t_z_qru': 0.0,
 'sum_sd_t_z_rgd': 0.0,
 'sum_sd_t_z_rgu': 0.0,
 'sum_sd_t_z_rrd_off': 0.0,
 'sum_sd_t_z_rrd_on': 0.0,
 'sum_sd_t_z_rru_off': 0.0,
 'sum_sd_t_z_rru_on': 0.0,
 'sum_sd_t_z_scr': 0.0,
 'sum_sd_t_z_sd': 0.0,
 'sum_sd_t_z_su': 0.0,
 'sum_sd_t_z_sus': 0.0,
 'sum_xfr_t_u_sd': 0,
 'sum_xfr_t_u_su': 0,
 'sum_xfr_t_z_s': 0.0,
 'sum_xfr_t_z_sd': 0.0,
 'sum_xfr_t_z_su': 0.0,
 'viol_acl_acl_t_s_max_ctg': {'idx': {0: None, 1: None, 2: None}, 'val': 0.0},
 'viol_acl_dcl_t_s_max_ctg': {'idx': {0: None, 1: None, 2: None}, 'val': 0.0},
 'viol_acl_t_s_max': {'idx': {0: 'acl_0000', 1: 0}, 'val': 0.0},
 'viol_acl_t_u_sd_max': {'idx': {0: 'acl_0000', 1: 0}, 'val': 0},
 'viol_acl_t_u_su_max': {'idx': {0: 'acl_0000', 1: 0}, 'val': 0},
 'viol_acl_xfr_t_s_max_ctg': {'idx': {0: None, 1: None, 2: None}, 'val': 0.0},
 'viol_bus_t_p_balance_max': {'idx': {0: 'bus_3029', 1: 0},
                              'val': 14.361073828155153},
 'viol_bus_t_p_balance_min': {'idx': {0: 'bus_1909', 1: 0},
                              'val': -0.19505161641591473},
 'viol_bus_t_q_balance_max': {'idx': {0: 'bus_4100', 1: 0},
                              'val': 0.9863380335243206},
 'viol_bus_t_q_balance_min': {'idx': {0: 'bus_3029', 1: 0},
                              'val': -13.410556213112201},
 'viol_bus_t_v_max': {'idx': {0: 'bus_0000', 1: 0}, 'val': 0.0},
 'viol_bus_t_v_min': {'idx': {0: 'bus_0000', 1: 0}, 'val': 0.0},
 'viol_cs_t_p_off_max': {'idx': {0: 'sd_0478', 1: 0}, 'val': 0.0},
 'viol_cs_t_p_off_min': {'idx': {0: 'sd_0478', 1: 0}, 'val': 0.0},
 'viol_cs_t_p_on_max': {'idx': {0: 'sd_0478', 1: 0}, 'val': 0.0},
 'viol_cs_t_p_on_min': {'idx': {0: 'sd_0478', 1: 0}, 'val': 0.0},
 'viol_cs_t_q_max': {'idx': {0: 'sd_0478', 1: 0}, 'val': 0.0},
 'viol_cs_t_q_min': {'idx': {0: 'sd_0478', 1: 0}, 'val': 0.0},
 'viol_cs_t_q_p_max': {'idx': {0: None, 1: None}, 'val': None},
 'viol_cs_t_q_p_min': {'idx': {0: None, 1: None}, 'val': None},
 'viol_dcl_t_p_max': {'idx': {0: None, 1: None}, 'val': None},
 'viol_dcl_t_p_min': {'idx': {0: None, 1: None}, 'val': None},
 'viol_dcl_t_q_fr_max': {'idx': {0: None, 1: None}, 'val': None},
 'viol_dcl_t_q_fr_min': {'idx': {0: None, 1: None}, 'val': None},
 'viol_dcl_t_q_to_max': {'idx': {0: None, 1: None}, 'val': None},
 'viol_dcl_t_q_to_min': {'idx': {0: None, 1: None}, 'val': None},
 'viol_pr_t_p_off_max': {'idx': {0: 'sd_0000', 1: 0}, 'val': 0.0},
 'viol_pr_t_p_off_min': {'idx': {0: 'sd_0000', 1: 0}, 'val': 0.0},
 'viol_pr_t_p_on_max': {'idx': {0: 'sd_0000', 1: 0}, 'val': 0.0},
 'viol_pr_t_p_on_min': {'idx': {0: 'sd_0000', 1: 0}, 'val': 0.0},
 'viol_pr_t_q_max': {'idx': {0: 'sd_0000', 1: 0}, 'val': 0.0},
 'viol_pr_t_q_min': {'idx': {0: 'sd_0000', 1: 0}, 'val': 0.0},
 'viol_pr_t_q_p_max': {'idx': {0: 'sd_0000', 1: 0}, 'val': 0.0},
 'viol_pr_t_q_p_min': {'idx': {0: 'sd_0000', 1: 0}, 'val': 0.0},
 'viol_prz_t_p_nsc_balance': {'idx': {0: 'prz_0', 1: 0},
                              'val': 12.819582473498166},
 'viol_prz_t_p_rgd_balance': {'idx': {0: 'prz_0', 1: 0},
                              'val': 11.077170439466254},
 'viol_prz_t_p_rgu_balance': {'idx': {0: 'prz_0', 1: 0},
                              'val': 11.077170439466254},
 'viol_prz_t_p_rrd_balance': {'idx': {0: 'prz_0', 1: 0}, 'val': 0.5},
 'viol_prz_t_p_rru_balance': {'idx': {0: 'prz_0', 1: 0}, 'val': 0.5},
 'viol_prz_t_p_scr_balance': {'idx': {0: 'prz_0', 1: 0},
                              'val': 11.94837645648221},
 'viol_qrz_t_q_qrd_balance': {'idx': {0: 'qrz_0', 1: 0}, 'val': 0.0},
 'viol_qrz_t_q_qru_balance': {'idx': {0: 'qrz_0', 1: 0}, 'val': 0.0},
 'viol_sd_max_energy_constr': {'idx': {0: 'sd_0000', 1: 0}, 'val': 0.0},
 'viol_sd_max_startup_constr': {'idx': {0: 'sd_0000', 1: 0}, 'val': 0},
 'viol_sd_min_energy_constr': {'idx': {0: 'sd_0000', 1: 0}, 'val': 0.0},
 'viol_sd_t_d_dn_min': {'idx': {0: 'sd_0000', 1: 0}, 'val': 0},
 'viol_sd_t_d_up_min': {'idx': {0: 'sd_0000', 1: 0}, 'val': 0},
 'viol_sd_t_p_nsc_max': {'idx': {0: 'sd_0000', 1: 0}, 'val': 0.0},
 'viol_sd_t_p_nsc_nonneg': {'idx': {0: 'sd_0000', 1: 0}, 'val': -0.0},
 'viol_sd_t_p_ramp_dn_max': {'idx': {0: 'sd_0000', 1: 0}, 'val': 0.0},
 'viol_sd_t_p_ramp_up_max': {'idx': {0: 'sd_0000', 1: 0}, 'val': 0.0},
 'viol_sd_t_p_rgd_max': {'idx': {0: 'sd_0000', 1: 0}, 'val': 0.0},
 'viol_sd_t_p_rgd_nonneg': {'idx': {0: 'sd_0000', 1: 0}, 'val': -0.0},
 'viol_sd_t_p_rgu_max': {'idx': {0: 'sd_0000', 1: 0}, 'val': 0.0},
 'viol_sd_t_p_rgu_nonneg': {'idx': {0: 'sd_0000', 1: 0}, 'val': -0.0},
 'viol_sd_t_p_rrd_off_max': {'idx': {0: 'sd_0000', 1: 0}, 'val': 0.0},
 'viol_sd_t_p_rrd_off_nonneg': {'idx': {0: 'sd_0000', 1: 0}, 'val': -0.0},
 'viol_sd_t_p_rrd_on_max': {'idx': {0: 'sd_0000', 1: 0}, 'val': 0.0},
 'viol_sd_t_p_rrd_on_nonneg': {'idx': {0: 'sd_0000', 1: 0}, 'val': -0.0},
 'viol_sd_t_p_rru_off_max': {'idx': {0: 'sd_0000', 1: 0}, 'val': 0.0},
 'viol_sd_t_p_rru_off_nonneg': {'idx': {0: 'sd_0000', 1: 0}, 'val': -0.0},
 'viol_sd_t_p_rru_on_max': {'idx': {0: 'sd_0000', 1: 0}, 'val': 0.0},
 'viol_sd_t_p_rru_on_nonneg': {'idx': {0: 'sd_0000', 1: 0}, 'val': -0.0},
 'viol_sd_t_p_scr_max': {'idx': {0: 'sd_0000', 1: 0}, 'val': 0.0},
 'viol_sd_t_p_scr_nonneg': {'idx': {0: 'sd_0000', 1: 0}, 'val': -0.0},
 'viol_sd_t_q_qrd_nonneg': {'idx': {0: 'sd_0000', 1: 0}, 'val': -0.0},
 'viol_sd_t_q_qru_nonneg': {'idx': {0: 'sd_0000', 1: 0}, 'val': -0.0},
 'viol_sd_t_u_on_max': {'idx': {0: 'sd_0000', 1: 0}, 'val': 0},
 'viol_sd_t_u_on_min': {'idx': {0: 'sd_0000', 1: 0}, 'val': 0},
 'viol_sh_t_u_st_max': {'idx': {0: 'sh_000', 1: 0}, 'val': 0},
 'viol_sh_t_u_st_min': {'idx': {0: 'sh_000', 1: 0}, 'val': 0},
 'viol_t_connected_base': {'idx': {0: 0}, 'val': 0},
 'viol_t_connected_ctg': {'idx': {0: 0}, 'val': 0},
 'viol_xfr_acl_t_s_max_ctg': {'idx': {0: None, 1: None, 2: None}, 'val': 0.0},
 'viol_xfr_dcl_t_s_max_ctg': {'idx': {0: None, 1: None, 2: None}, 'val': 0.0},
 'viol_xfr_t_phi_max': {'idx': {0: 'xfr_0000', 1: 0}, 'val': 0.0},
 'viol_xfr_t_phi_min': {'idx': {0: 'xfr_0000', 1: 0}, 'val': 0.0},
 'viol_xfr_t_s_max': {'idx': {0: 'xfr_0000', 1: 0}, 'val': 0.0},
 'viol_xfr_t_tau_max': {'idx': {0: 'xfr_0000', 1: 0}, 'val': 0.0},
 'viol_xfr_t_tau_min': {'idx': {0: 'xfr_0000', 1: 0}, 'val': 0.0},
 'viol_xfr_t_u_sd_max': {'idx': {0: 'xfr_0000', 1: 0}, 'val': 0},
 'viol_xfr_t_u_su_max': {'idx': {0: 'xfr_0000', 1: 0}, 'val': 0},
 'viol_xfr_xfr_t_s_max_ctg': {'idx': {0: None, 1: None, 2: None}, 'val': 0.0},
 'z': -1869640428.6814766,
 'z_base': -1869639432.2132053,
 'z_cost': 39209561.45203501,
 'z_k_average_case': -0.43062587349717574,
 'z_k_worst_case': -996.0376453989675,
 'z_max_energy': 0.0,
 'z_min_energy': 0.0,
 'z_penalty': 1952270719.2676835,
 'z_value': 121840848.50649677}
infeasibility summary:
{}
feas: 1
obj: -1869640428.6814766
evaluate solution time: 25.186708688735962
end of check_data(), memory info: {'rss bytes': 518045696, 'rss human': '494.0M', 'percent': 0.19170545737885183}
