/rcfs/dtn/arpacomp/.conda/envs/goc_eval/lib/python3.10/site-packages/scipy/sparse/linalg/_dsolve/linsolve.py:347: SparseEfficiencyWarning: splu converted its input to CSC format
  warn('splu converted its input to CSC format', SparseEfficiencyWarning)
args:
Namespace(problem_opt=None, problem='/qfs/projects/goc/share/data/C3/E1/D1/C3E1N04200D1/scenario_129.json', solution='/qfs/projects/goc/share/data/C3/E1/D1/C3E1N04200D1/scenario_129.json.pop_solution.json', configuration=None, parameters='{}', summary_csv='summary.csv', summary_json='summary.json', data_errors='data_errors.txt', ignored_errors='ignored_errors.txt', solution_errors='solution_errors.txt', pop_solution=None, scrubbed_problem=None)
problem data file: /qfs/projects/goc/share/data/C3/E1/D1/C3E1N04200D1/scenario_129.json

pop solution data file: None

solution data file: /qfs/projects/goc/share/data/C3/E1/D1/C3E1N04200D1/scenario_129.json.pop_solution.json

git info: {'C3DataUtilities': {'branch': None, 'commit': '417faef61bd7caf40b3ea0dc36c5e033ca7ea3d5', 'date': 'Fri Dec 30 07:03:34 2022 -0800', 'query_return_code': 0, 'query_err': '', 'query_path': '/qfs/projects/goc/share/loadbalancing/src/nonmpi-template/Challenge3/C3DataUtilities/datautilities', 'query_out': 'commit 417faef61bd7caf40b3ea0dc36c5e033ca7ea3d5\nAuthor: Jesse T Holzer <jesse.holzer@pnnl.gov>\nDate:   Fri Dec 30 07:03:34 2022 -0800\n\n    add z_value, z_cost, z_penalty components of z_base\n'}, 'Bid-DS-data-model': {'branch': None, 'commit': None, 'date': None, 'query_return_code': 128, 'query_err': 'fatal: Not a git repository (or any parent up to mount point /rcfs)\nStopping at filesystem boundary (GIT_DISCOVERY_ACROSS_FILESYSTEM not set).\n', 'query_path': '/rcfs/dtn/arpacomp/.conda/envs/goc_eval/lib/python3.10/site-packages/datamodel', 'query_out': ''}}

after reading problem without validation, memory info: {'rss bytes': 194482176, 'rss human': '185.5M', 'percent': 0.07197177625907256}
read problem data file without validation time: 0.5294153690338135
after reading problem with validation, memory info: {'rss bytes': 353067008, 'rss human': '336.7M', 'percent': 0.13065906720539874}
load time: 3.302031993865967
{'general': {'base_norm_mva': 100.0,
             'day_type': None,
             'electricity_demand': None,
             'net_load': None,
             'season': None,
             'solar_availability': None,
             'timestamp_start': None,
             'timestamp_stop': None,
             'vre_availability': None,
             'weather_temperature': None,
             'wind_availability': None},
 'interval durations': [0.25,
                        0.25,
                        0.25,
                        0.25,
                        0.25,
                        0.25,
                        0.25,
                        0.25,
                        0.5,
                        0.5,
                        0.5,
                        0.5,
                        0.5,
                        0.5,
                        0.5,
                        0.5,
                        1.0,
                        1.0],
 'num ac lines': 2605,
 'num buses': 4224,
 'num consuming devices': 1673,
 'num contingencies': 2313,
 'num dc lines': 0,
 'num intervals': 18,
 'num producing devices': 478,
 'num reactive power reserve zones': 2,
 'num real power reserve zones': 2,
 'num shunts': 436,
 'num simple dispatchable devices': 2151,
 'num transformers': 2325,
 'total duration': 8.0,
 'violation costs': {'e_vio_cost': 900000.0,
                     'p_bus_vio_cost': 1000000.0,
                     'q_bus_vio_cost': 1000000.0,
                     's_vio_cost': 500.0}}
after read solution without validation, memory info: {'rss bytes': 372662272, 'rss human': '355.4M', 'percent': 0.13791066210911607}
read solution data file without validation time: 0.1482992172241211
after read solution with validation, memory info: {'rss bytes': 420782080, 'rss human': '401.3M', 'percent': 0.15571829942702395}
solution load time: 1.7582049369812012
after solution_model_checks(), memory info: {'rss bytes': 420782080, 'rss human': '401.3M', 'percent': 0.15571829942702395}
solution model_checks time: 0.025621891021728516
{}
after problem_data_array.set_from_data_model(), memory info: {'rss bytes': 436445184, 'rss human': '416.2M', 'percent': 0.16151472478484485}
convert problem data to numpy arrays time: 0.62788987159729
after solution_data_array.set_from_data_model(), memory info: {'rss bytes': 440766464, 'rss human': '420.3M', 'percent': 0.16311389548372063}
convert solution data to numpy arrays time: 0.061911582946777344
function: set_summary, time: 0.00021648406982421875
function: set_problem, time: 9.5367431640625e-07
function: set_solution, time: 9.059906005859375e-06
function: set_solution_zero, time: 0.0005335807800292969
function: set_work_zero, time: 0.0005691051483154297
function: set_matrices, time: 0.0051043033599853516
function: __init__, time: 0.006460666656494141
function: eval_sd_t_d_up_dn, time: 0.0008366107940673828
function: eval_sd_max_startup, time: 0.025270462036132812
function: eval_sd_t_z_sus, time: 0.0028421878814697266
function: eval_acl_t_p_q_fr_to, time: 0.0029659271240234375
function: eval_xfr_t_p_q_fr_to, time: 0.0030181407928466797
function: eval_sd_t_su_sd_trajectories, time: 0.0004506111145019531
function: eval_sd_max_energy, time: 0.0007429122924804688
function: eval_sd_min_energy, time: 0.0007455348968505859
function: eval_sd_t_z_p, time: 0.10672473907470703
function: eval_bus_t_p, time: 0.0014934539794921875
function: eval_bus_t_q, time: 0.0009632110595703125
sd_t_p_rgu sum: 0.0
prz_sigma_rgu max: 0.05
prz_t_p_rgu_req max: 15.672217637754441
sd_t_p_rgd sum: 0.0
prz_sigma_rgd max: 0.05
prz_t_p_rgd_req max: 15.672217637754441
sd_t_p_scr sum: 0.0
prz_sigma_scr max: 0.15
prz_t_p_scr_req max: 1.1028075759177667
sd_t_p_nsc sum: 0.0
prz_sigma_nsc max: 0.15
prz_t_p_nsc_req max: 1.1028075759177667
sd_t_p_rru sum: 0.0
prz_t_p_rru_min max: 0.5
sd_t_p_rrd sum: 0.0
prz_t_p_rrd_min max: 0.5
sd_t_p_qru sum: 0.0
qrz_t_q_qru_min max: 0.0
sd_t_p_qrd sum: 0.0
qrz_t_q_qrd_min max: 0.0
function: get_connected_components, time: 0.016527175903320312
function: get_bridges, time: 0.06775498390197754
function: get_connected_components, time: 0.016804218292236328
function: get_bridges, time: 0.06591939926147461
function: get_connected_components, time: 0.016778945922851562
function: get_bridges, time: 0.06622147560119629
function: get_connected_components, time: 0.016402482986450195
function: get_bridges, time: 0.06704068183898926
function: get_connected_components, time: 0.016475915908813477
function: get_bridges, time: 0.0669548511505127
function: get_connected_components, time: 0.01626110076904297
function: get_bridges, time: 0.06702017784118652
function: get_connected_components, time: 0.016590356826782227
function: get_bridges, time: 0.06803321838378906
function: get_connected_components, time: 0.016798734664916992
function: get_bridges, time: 0.0668494701385498
function: get_connected_components, time: 0.016386985778808594
function: get_bridges, time: 0.06683063507080078
function: get_connected_components, time: 0.016735315322875977
function: get_bridges, time: 0.34099745750427246
function: get_connected_components, time: 0.016123533248901367
function: get_bridges, time: 0.06560111045837402
function: get_connected_components, time: 0.01651787757873535
function: get_bridges, time: 0.06609058380126953
function: get_connected_components, time: 0.016760826110839844
function: get_bridges, time: 0.06677126884460449
function: get_connected_components, time: 0.01654219627380371
function: get_bridges, time: 0.06564903259277344
function: get_connected_components, time: 0.016637563705444336
function: get_bridges, time: 0.06633234024047852
function: get_connected_components, time: 0.01660442352294922
function: get_bridges, time: 0.06795215606689453
function: get_connected_components, time: 0.016813278198242188
function: get_bridges, time: 0.0675497055053711
function: get_connected_components, time: 0.016594648361206055
function: get_bridges, time: 0.06688904762268066
end of eval_connectedness(), memory info: {'rss bytes': 494579712, 'rss human': '471.7M', 'percent': 0.18302849703995777}
function: eval_connectedness, time: 1.9164271354675293
problem dimensions. bus: 4224, acl: 2605, xfr: 2325, dcl: 0, k: 2313, t: 18
construct static bus admittance matrix. time: 0.00102996826171875
factor static bus admittance matrix. time: 0.008563518524169922
t_acl_delta_t: [array([], dtype=int64), array([], dtype=int64), array([], dtype=int64), array([], dtype=int64), array([], dtype=int64), array([], dtype=int64), array([], dtype=int64), array([], dtype=int64), array([], dtype=int64), array([], dtype=int64), array([], dtype=int64), array([], dtype=int64), array([], dtype=int64), array([], dtype=int64), array([], dtype=int64), array([], dtype=int64), array([], dtype=int64), array([], dtype=int64)], t_xfr_delta_t: [array([], dtype=int64), array([], dtype=int64), array([], dtype=int64), array([], dtype=int64), array([], dtype=int64), array([], dtype=int64), array([], dtype=int64), array([], dtype=int64), array([], dtype=int64), array([], dtype=int64), array([], dtype=int64), array([], dtype=int64), array([], dtype=int64), array([], dtype=int64), array([], dtype=int64), array([], dtype=int64), array([], dtype=int64), array([], dtype=int64)], t_br_delta_t: [array([], dtype=int64), array([], dtype=int64), array([], dtype=int64), array([], dtype=int64), array([], dtype=int64), array([], dtype=int64), array([], dtype=int64), array([], dtype=int64), array([], dtype=int64), array([], dtype=int64), array([], dtype=int64), array([], dtype=int64), array([], dtype=int64), array([], dtype=int64), array([], dtype=int64), array([], dtype=int64), array([], dtype=int64), array([], dtype=int64)], acl_delta_t: [], xfr_delta_t: [], br_delta_t: []
contingency delta branches. acl: 2313, xfr: 0, dcl: 0
construct bus,t-indexed right hand side. time: 0.000789642333984375
solve for base case bus,t-indexed theta. time: 0.12330389022827148
num AC branches with possible violations in ACL contingencies: 2
num AC branches with possible violations in DCL contingencies: 0
num AC branches with possible violations in XFR contingencies: 0
t: 0, time: 1.2574832439422607, memory_info: {'rss bytes': 882868224, 'rss human': '842.0M', 'percent': 0.326721942292402}
num AC branches with possible violations in ACL contingencies: 2
num AC branches with possible violations in DCL contingencies: 0
num AC branches with possible violations in XFR contingencies: 0
t: 1, time: 1.2522714138031006, memory_info: {'rss bytes': 884686848, 'rss human': '843.7M', 'percent': 0.32739495820737907}
num AC branches with possible violations in ACL contingencies: 2
num AC branches with possible violations in DCL contingencies: 0
num AC branches with possible violations in XFR contingencies: 0
t: 2, time: 1.2494356632232666, memory_info: {'rss bytes': 886407168, 'rss human': '845.3M', 'percent': 0.32803159488370875}
num AC branches with possible violations in ACL contingencies: 2
num AC branches with possible violations in DCL contingencies: 0
num AC branches with possible violations in XFR contingencies: 0
t: 3, time: 1.2477667331695557, memory_info: {'rss bytes': 887291904, 'rss human': '846.2M', 'percent': 0.32835900803153545}
num AC branches with possible violations in ACL contingencies: 2
num AC branches with possible violations in DCL contingencies: 0
num AC branches with possible violations in XFR contingencies: 0
t: 4, time: 1.2556250095367432, memory_info: {'rss bytes': 887640064, 'rss human': '846.5M', 'percent': 0.3284878511684117}
num AC branches with possible violations in ACL contingencies: 2
num AC branches with possible violations in DCL contingencies: 0
num AC branches with possible violations in XFR contingencies: 0
t: 5, time: 1.2485864162445068, memory_info: {'rss bytes': 890740736, 'rss human': '849.5M', 'percent': 0.3296353129874155}
num AC branches with possible violations in ACL contingencies: 2
num AC branches with possible violations in DCL contingencies: 0
num AC branches with possible violations in XFR contingencies: 0
t: 6, time: 1.249769926071167, memory_info: {'rss bytes': 890740736, 'rss human': '849.5M', 'percent': 0.3296353129874155}
num AC branches with possible violations in ACL contingencies: 2
num AC branches with possible violations in DCL contingencies: 0
num AC branches with possible violations in XFR contingencies: 0
t: 7, time: 1.2466800212860107, memory_info: {'rss bytes': 890761216, 'rss human': '849.5M', 'percent': 0.32964289199546704}
num AC branches with possible violations in ACL contingencies: 2
num AC branches with possible violations in DCL contingencies: 0
num AC branches with possible violations in XFR contingencies: 0
t: 8, time: 1.2543692588806152, memory_info: {'rss bytes': 890777600, 'rss human': '849.5M', 'percent': 0.32964895520190823}
num AC branches with possible violations in ACL contingencies: 2
num AC branches with possible violations in DCL contingencies: 0
num AC branches with possible violations in XFR contingencies: 0
t: 9, time: 1.247978925704956, memory_info: {'rss bytes': 890777600, 'rss human': '849.5M', 'percent': 0.32964895520190823}
num AC branches with possible violations in ACL contingencies: 2
num AC branches with possible violations in DCL contingencies: 0
num AC branches with possible violations in XFR contingencies: 0
t: 10, time: 1.246323585510254, memory_info: {'rss bytes': 890777600, 'rss human': '849.5M', 'percent': 0.32964895520190823}
num AC branches with possible violations in ACL contingencies: 1
num AC branches with possible violations in DCL contingencies: 0
num AC branches with possible violations in XFR contingencies: 0
t: 11, time: 1.2472546100616455, memory_info: {'rss bytes': 890929152, 'rss human': '849.7M', 'percent': 0.3297050398614897}
num AC branches with possible violations in ACL contingencies: 1
num AC branches with possible violations in DCL contingencies: 0
num AC branches with possible violations in XFR contingencies: 0
t: 12, time: 1.2560858726501465, memory_info: {'rss bytes': 890953728, 'rss human': '849.7M', 'percent': 0.3297141346711515}
num AC branches with possible violations in ACL contingencies: 1
num AC branches with possible violations in DCL contingencies: 0
num AC branches with possible violations in XFR contingencies: 0
t: 13, time: 1.2519831657409668, memory_info: {'rss bytes': 891064320, 'rss human': '849.8M', 'percent': 0.3297550613146299}
num AC branches with possible violations in ACL contingencies: 1
num AC branches with possible violations in DCL contingencies: 0
num AC branches with possible violations in XFR contingencies: 0
t: 14, time: 1.2457330226898193, memory_info: {'rss bytes': 891105280, 'rss human': '849.8M', 'percent': 0.32977021933073297}
num AC branches with possible violations in ACL contingencies: 1
num AC branches with possible violations in DCL contingencies: 0
num AC branches with possible violations in XFR contingencies: 0
t: 15, time: 1.2529935836791992, memory_info: {'rss bytes': 891219968, 'rss human': '849.9M', 'percent': 0.32981266177582164}
num AC branches with possible violations in ACL contingencies: 1
num AC branches with possible violations in DCL contingencies: 0
num AC branches with possible violations in XFR contingencies: 0
t: 16, time: 1.2595605850219727, memory_info: {'rss bytes': 891219968, 'rss human': '849.9M', 'percent': 0.32981266177582164}
num AC branches with possible violations in ACL contingencies: 1
num AC branches with possible violations in DCL contingencies: 0
num AC branches with possible violations in XFR contingencies: 0
t: 17, time: 1.2474002838134766, memory_info: {'rss bytes': 891564032, 'rss human': '850.3M', 'percent': 0.3299399891110875}
initialize_m_w_time: 0.005616664886474609
compute_static_w_time: 0.4846220016479492
get_time_varying_branch_characteristics_time: 0.00353240966796875
construct_a_t_time: 0.015018224716186523
factor_a_t_time: 0.08054566383361816
compute_w_with_t_a_solve_time: 9.242920637130737
compute_v_t_time: 9.775161743164062e-06
compute_w_with_t_smw_time: 4.0531158447265625e-06
compute_v_time: 0.12319111824035645
compute_bus_theta_with_t_a_solve_time: 0.007246494293212891
compute_bus_theta_with_t_smw_time: 2.86102294921875e-06
compute_br_p_time: 0.004715442657470703
apply_w_v_wt_time: 0.23664069175720215
compute_bus_dtheta_rhs_dcl_k_time: 0.007400989532470703
compute_w_v_wt_xfr_k_time: 0.004781961441040039
compute_bus_dtheta_rhs_xfr_k_time: 3.337860107421875e-06
compute_br_acl_delta_k_p_delta_time: 1.157674789428711
compute_br_dcl_delta_k_p_delta_time: 0.00449061393737793
compute_br_xfr_delta_k_p_delta_time: 0.0016734600067138672
filter_branches_acl_k_time: 0.21310091018676758
filter_branches_dcl_k_time: 0.009222269058227539
filter_branches_xfr_k_time: 0.009075403213500977
compute_br_acl_delta_k_p_time: 0.23296499252319336
compute_br_dcl_delta_k_p_time: 0.0005500316619873047
compute_br_xfr_delta_k_p_time: 6.127357482910156e-05
compute_br_acl_delta_k_s_over_time: 10.8536057472229
compute_br_dcl_delta_k_s_over_time: 0.0017507076263427734
compute_br_xfr_delta_k_s_over_time: 0.0009357929229736328
zero_out_time: 0.0008358955383300781
get_max_br_acl_delta_k_s_over_time: 0.10180068016052246
get_max_br_dcl_delta_k_s_over_time: 6.67572021484375e-06
get_max_br_xfr_delta_k_s_over_time: 4.0531158447265625e-06
compute_br_k_z_time: 0.093048095703125
collect_penalties_into_obj_array_time: 0.0006232261657714844
end of contingency model method 1, memory info: {'rss bytes': 891564032, 'rss human': '850.3M', 'percent': 0.3299399891110875}
function: eval_post_contingency_model, time: 23.154789447784424
function: eval_post_contingency_model, time: 23.154832363128662
function: run, time: 25.243130445480347
after solution_evaluator.run(), memory info: {'rss bytes': 523730944, 'rss human': '499.5M', 'percent': 0.19381645710052556}
evaluation summary:
{'feas': 1,
 'infeas': 0,
 'info_i_i_k_t_disconnected_ctg': {'idx': {0: None, 1: None, 2: None, 3: None},
                                   'val': 0},
 'info_i_i_t_disconnected_base': {'idx': {0: None, 1: None, 2: None}, 'val': 0},
 'sum_acl_t_u_sd': 0,
 'sum_acl_t_u_su': 0,
 'sum_acl_t_z_s': 0.0,
 'sum_acl_t_z_sd': 0.0,
 'sum_acl_t_z_su': 0.0,
 'sum_bus_t_z_p': 362836168.35257375,
 'sum_bus_t_z_q': 688648316.5062871,
 'sum_cs_t_z_p': 130883666.28453223,
 'sum_pr_t_z_p': 25063469.512035172,
 'sum_prz_t_z_nsc': 77887464.62876046,
 'sum_prz_t_z_rgd': 248381423.54116893,
 'sum_prz_t_z_rgu': 248381423.54116893,
 'sum_prz_t_z_rrd': 4000000.0,
 'sum_prz_t_z_rru': 4000000.0,
 'sum_prz_t_z_scr': 139982820.51405266,
 'sum_qrz_t_z_qrd': 0.0,
 'sum_qrz_t_z_qru': 0.0,
 'sum_sd_t_sd': 0,
 'sum_sd_t_su': 0,
 'sum_sd_t_z_nsc': 0.0,
 'sum_sd_t_z_on': 14146091.939999998,
 'sum_sd_t_z_qrd': 0.0,
 'sum_sd_t_z_qru': 0.0,
 'sum_sd_t_z_rgd': 0.0,
 'sum_sd_t_z_rgu': 0.0,
 'sum_sd_t_z_rrd_off': 0.0,
 'sum_sd_t_z_rrd_on': 0.0,
 'sum_sd_t_z_rru_off': 0.0,
 'sum_sd_t_z_rru_on': 0.0,
 'sum_sd_t_z_scr': 0.0,
 'sum_sd_t_z_sd': 0.0,
 'sum_sd_t_z_su': 0.0,
 'sum_sd_t_z_sus': 0.0,
 'sum_xfr_t_u_sd': 0,
 'sum_xfr_t_u_su': 0,
 'sum_xfr_t_z_s': 0.0,
 'sum_xfr_t_z_sd': 0.0,
 'sum_xfr_t_z_su': 0.0,
 'viol_acl_acl_t_s_max_ctg': {'idx': {0: 'acl_0998', 1: 'acl_0050', 2: 0},
                              'val': 0.023383145930520932},
 'viol_acl_dcl_t_s_max_ctg': {'idx': {0: None, 1: None, 2: None}, 'val': 0.0},
 'viol_acl_t_s_max': {'idx': {0: 'acl_0000', 1: 0}, 'val': 0.0},
 'viol_acl_t_u_sd_max': {'idx': {0: 'acl_0000', 1: 0}, 'val': 0},
 'viol_acl_t_u_su_max': {'idx': {0: 'acl_0000', 1: 0}, 'val': 0},
 'viol_acl_xfr_t_s_max_ctg': {'idx': {0: None, 1: None, 2: None}, 'val': 0.0},
 'viol_bus_t_p_balance_max': {'idx': {0: 'bus_3029', 1: 0},
                              'val': 14.361073828155153},
 'viol_bus_t_p_balance_min': {'idx': {0: 'bus_0064', 1: 16},
                              'val': -0.14843813724811455},
 'viol_bus_t_q_balance_max': {'idx': {0: 'bus_4100', 1: 0},
                              'val': 0.9863380335243206},
 'viol_bus_t_q_balance_min': {'idx': {0: 'bus_3029', 1: 0},
                              'val': -13.410556213112201},
 'viol_bus_t_v_max': {'idx': {0: 'bus_0000', 1: 0}, 'val': 0.0},
 'viol_bus_t_v_min': {'idx': {0: 'bus_0000', 1: 0}, 'val': 0.0},
 'viol_cs_t_p_off_max': {'idx': {0: 'sd_0478', 1: 0}, 'val': 0.0},
 'viol_cs_t_p_off_min': {'idx': {0: 'sd_0478', 1: 0}, 'val': 0.0},
 'viol_cs_t_p_on_max': {'idx': {0: 'sd_0478', 1: 0}, 'val': 0.0},
 'viol_cs_t_p_on_min': {'idx': {0: 'sd_0478', 1: 0}, 'val': 0.0},
 'viol_cs_t_q_max': {'idx': {0: 'sd_0478', 1: 0}, 'val': 0.0},
 'viol_cs_t_q_min': {'idx': {0: 'sd_0478', 1: 0}, 'val': 0.0},
 'viol_cs_t_q_p_max': {'idx': {0: None, 1: None}, 'val': None},
 'viol_cs_t_q_p_min': {'idx': {0: None, 1: None}, 'val': None},
 'viol_dcl_t_p_max': {'idx': {0: None, 1: None}, 'val': None},
 'viol_dcl_t_p_min': {'idx': {0: None, 1: None}, 'val': None},
 'viol_dcl_t_q_fr_max': {'idx': {0: None, 1: None}, 'val': None},
 'viol_dcl_t_q_fr_min': {'idx': {0: None, 1: None}, 'val': None},
 'viol_dcl_t_q_to_max': {'idx': {0: None, 1: None}, 'val': None},
 'viol_dcl_t_q_to_min': {'idx': {0: None, 1: None}, 'val': None},
 'viol_pr_t_p_off_max': {'idx': {0: 'sd_0000', 1: 0}, 'val': 0.0},
 'viol_pr_t_p_off_min': {'idx': {0: 'sd_0000', 1: 0}, 'val': 0.0},
 'viol_pr_t_p_on_max': {'idx': {0: 'sd_0000', 1: 0}, 'val': 0.0},
 'viol_pr_t_p_on_min': {'idx': {0: 'sd_0000', 1: 0}, 'val': 0.0},
 'viol_pr_t_q_max': {'idx': {0: 'sd_0000', 1: 0}, 'val': 0.0},
 'viol_pr_t_q_min': {'idx': {0: 'sd_0000', 1: 0}, 'val': 0.0},
 'viol_pr_t_q_p_max': {'idx': {0: 'sd_0000', 1: 0}, 'val': 0.0},
 'viol_pr_t_q_p_min': {'idx': {0: 'sd_0000', 1: 0}, 'val': 0.0},
 'viol_prz_t_p_nsc_balance': {'idx': {0: 'prz_0', 1: 0},
                              'val': 17.41462967178635},
 'viol_prz_t_p_rgd_balance': {'idx': {0: 'prz_0', 1: 0},
                              'val': 15.672217637754441},
 'viol_prz_t_p_rgu_balance': {'idx': {0: 'prz_0', 1: 0},
                              'val': 15.672217637754441},
 'viol_prz_t_p_rrd_balance': {'idx': {0: 'prz_0', 1: 0}, 'val': 0.5},
 'viol_prz_t_p_rru_balance': {'idx': {0: 'prz_0', 1: 0}, 'val': 0.5},
 'viol_prz_t_p_scr_balance': {'idx': {0: 'prz_0', 1: 0},
                              'val': 16.543423654770397},
 'viol_qrz_t_q_qrd_balance': {'idx': {0: 'qrz_0', 1: 0}, 'val': 0.0},
 'viol_qrz_t_q_qru_balance': {'idx': {0: 'qrz_0', 1: 0}, 'val': 0.0},
 'viol_sd_max_energy_constr': {'idx': {0: 'sd_0000', 1: 0}, 'val': 0.0},
 'viol_sd_max_startup_constr': {'idx': {0: 'sd_0000', 1: 0}, 'val': 0},
 'viol_sd_min_energy_constr': {'idx': {0: 'sd_0000', 1: 0}, 'val': 0.0},
 'viol_sd_t_d_dn_min': {'idx': {0: 'sd_0000', 1: 0}, 'val': 0},
 'viol_sd_t_d_up_min': {'idx': {0: 'sd_0000', 1: 0}, 'val': 0},
 'viol_sd_t_p_nsc_max': {'idx': {0: 'sd_0000', 1: 0}, 'val': 0.0},
 'viol_sd_t_p_nsc_nonneg': {'idx': {0: 'sd_0000', 1: 0}, 'val': -0.0},
 'viol_sd_t_p_ramp_dn_max': {'idx': {0: 'sd_0000', 1: 0}, 'val': 0.0},
 'viol_sd_t_p_ramp_up_max': {'idx': {0: 'sd_0000', 1: 0}, 'val': 0.0},
 'viol_sd_t_p_rgd_max': {'idx': {0: 'sd_0000', 1: 0}, 'val': 0.0},
 'viol_sd_t_p_rgd_nonneg': {'idx': {0: 'sd_0000', 1: 0}, 'val': -0.0},
 'viol_sd_t_p_rgu_max': {'idx': {0: 'sd_0000', 1: 0}, 'val': 0.0},
 'viol_sd_t_p_rgu_nonneg': {'idx': {0: 'sd_0000', 1: 0}, 'val': -0.0},
 'viol_sd_t_p_rrd_off_max': {'idx': {0: 'sd_0000', 1: 0}, 'val': 0.0},
 'viol_sd_t_p_rrd_off_nonneg': {'idx': {0: 'sd_0000', 1: 0}, 'val': -0.0},
 'viol_sd_t_p_rrd_on_max': {'idx': {0: 'sd_0000', 1: 0}, 'val': 0.0},
 'viol_sd_t_p_rrd_on_nonneg': {'idx': {0: 'sd_0000', 1: 0}, 'val': -0.0},
 'viol_sd_t_p_rru_off_max': {'idx': {0: 'sd_0000', 1: 0}, 'val': 0.0},
 'viol_sd_t_p_rru_off_nonneg': {'idx': {0: 'sd_0000', 1: 0}, 'val': -0.0},
 'viol_sd_t_p_rru_on_max': {'idx': {0: 'sd_0000', 1: 0}, 'val': 0.0},
 'viol_sd_t_p_rru_on_nonneg': {'idx': {0: 'sd_0000', 1: 0}, 'val': -0.0},
 'viol_sd_t_p_scr_max': {'idx': {0: 'sd_0000', 1: 0}, 'val': 0.0},
 'viol_sd_t_p_scr_nonneg': {'idx': {0: 'sd_0000', 1: 0}, 'val': -0.0},
 'viol_sd_t_q_qrd_nonneg': {'idx': {0: 'sd_0000', 1: 0}, 'val': -0.0},
 'viol_sd_t_q_qru_nonneg': {'idx': {0: 'sd_0000', 1: 0}, 'val': -0.0},
 'viol_sd_t_u_on_max': {'idx': {0: 'sd_0000', 1: 0}, 'val': 0},
 'viol_sd_t_u_on_min': {'idx': {0: 'sd_0000', 1: 0}, 'val': 0},
 'viol_sh_t_u_st_max': {'idx': {0: 'sh_000', 1: 0}, 'val': 0},
 'viol_sh_t_u_st_min': {'idx': {0: 'sh_000', 1: 0}, 'val': 0},
 'viol_t_connected_base': {'idx': {0: 0}, 'val': 0},
 'viol_t_connected_ctg': {'idx': {0: 0}, 'val': 0},
 'viol_xfr_acl_t_s_max_ctg': {'idx': {0: 'xfr_0998', 1: 'acl_0050', 2: 0},
                              'val': 0.023383145930520932},
 'viol_xfr_dcl_t_s_max_ctg': {'idx': {0: None, 1: None, 2: None}, 'val': 0.0},
 'viol_xfr_t_phi_max': {'idx': {0: 'xfr_0000', 1: 0}, 'val': 0.0},
 'viol_xfr_t_phi_min': {'idx': {0: 'xfr_0000', 1: 0}, 'val': 0.0},
 'viol_xfr_t_s_max': {'idx': {0: 'xfr_0000', 1: 0}, 'val': 0.0},
 'viol_xfr_t_tau_max': {'idx': {0: 'xfr_0000', 1: 0}, 'val': 0.0},
 'viol_xfr_t_tau_min': {'idx': {0: 'xfr_0000', 1: 0}, 'val': 0.0},
 'viol_xfr_t_u_sd_max': {'idx': {0: 'xfr_0000', 1: 0}, 'val': 0},
 'viol_xfr_t_u_su_max': {'idx': {0: 'xfr_0000', 1: 0}, 'val': 0},
 'viol_xfr_xfr_t_s_max_ctg': {'idx': {0: None, 1: None, 2: None}, 'val': 0.0},
 'z': -1682445055.178353,
 'z_base': -1682443512.2515087,
 'z_cost': 39209561.452035174,
 'z_k_average_case': -0.7181605026677641,
 'z_k_worst_case': -1542.2086835499215,
 'z_max_energy': 0.0,
 'z_min_energy': 0.0,
 'z_penalty': 1774117617.0840118,
 'z_value': 130883666.28453223}
infeasibility summary:
{}
feas: 1
obj: -1682445055.178353
evaluate solution time: 25.252922773361206
end of check_data(), memory info: {'rss bytes': 523976704, 'rss human': '499.7M', 'percent': 0.19390740519714408}
