/rcfs/dtn/arpacomp/.conda/envs/goc_eval/lib/python3.10/site-packages/scipy/sparse/linalg/_dsolve/linsolve.py:347: SparseEfficiencyWarning: splu converted its input to CSC format
  warn('splu converted its input to CSC format', SparseEfficiencyWarning)
args:
Namespace(problem_opt=None, problem='/qfs/projects/goc/share/data/C3/E1/D1/C3E1N04200D1/scenario_114.json', solution='/qfs/projects/goc/share/data/C3/E1/D1/C3E1N04200D1/scenario_114.json.pop_solution.json', configuration=None, parameters='{}', summary_csv='summary.csv', summary_json='summary.json', data_errors='data_errors.txt', ignored_errors='ignored_errors.txt', solution_errors='solution_errors.txt', pop_solution=None, scrubbed_problem=None)
problem data file: /qfs/projects/goc/share/data/C3/E1/D1/C3E1N04200D1/scenario_114.json

pop solution data file: None

solution data file: /qfs/projects/goc/share/data/C3/E1/D1/C3E1N04200D1/scenario_114.json.pop_solution.json

git info: {'C3DataUtilities': {'branch': None, 'commit': '417faef61bd7caf40b3ea0dc36c5e033ca7ea3d5', 'date': 'Fri Dec 30 07:03:34 2022 -0800', 'query_return_code': 0, 'query_err': '', 'query_path': '/qfs/projects/goc/share/loadbalancing/src/nonmpi-template/Challenge3/C3DataUtilities/datautilities', 'query_out': 'commit 417faef61bd7caf40b3ea0dc36c5e033ca7ea3d5\nAuthor: Jesse T Holzer <jesse.holzer@pnnl.gov>\nDate:   Fri Dec 30 07:03:34 2022 -0800\n\n    add z_value, z_cost, z_penalty components of z_base\n'}, 'Bid-DS-data-model': {'branch': None, 'commit': None, 'date': None, 'query_return_code': 128, 'query_err': 'fatal: Not a git repository (or any parent up to mount point /rcfs)\nStopping at filesystem boundary (GIT_DISCOVERY_ACROSS_FILESYSTEM not set).\n', 'query_path': '/rcfs/dtn/arpacomp/.conda/envs/goc_eval/lib/python3.10/site-packages/datamodel', 'query_out': ''}}

after reading problem without validation, memory info: {'rss bytes': 190316544, 'rss human': '181.5M', 'percent': 0.07043020602138851}
read problem data file without validation time: 0.5293881893157959
after reading problem with validation, memory info: {'rss bytes': 348901376, 'rss human': '332.7M', 'percent': 0.12911749696771468}
load time: 3.3317136764526367
{'general': {'base_norm_mva': 100.0,
             'day_type': None,
             'electricity_demand': None,
             'net_load': None,
             'season': None,
             'solar_availability': None,
             'timestamp_start': None,
             'timestamp_stop': None,
             'vre_availability': None,
             'weather_temperature': None,
             'wind_availability': None},
 'interval durations': [0.25,
                        0.25,
                        0.25,
                        0.25,
                        0.25,
                        0.25,
                        0.25,
                        0.25,
                        0.5,
                        0.5,
                        0.5,
                        0.5,
                        0.5,
                        0.5,
                        0.5,
                        0.5,
                        1.0,
                        1.0],
 'num ac lines': 2605,
 'num buses': 4224,
 'num consuming devices': 1673,
 'num contingencies': 2313,
 'num dc lines': 0,
 'num intervals': 18,
 'num producing devices': 478,
 'num reactive power reserve zones': 2,
 'num real power reserve zones': 2,
 'num shunts': 436,
 'num simple dispatchable devices': 2151,
 'num transformers': 2325,
 'total duration': 8.0,
 'violation costs': {'e_vio_cost': 900000.0,
                     'p_bus_vio_cost': 1000000.0,
                     'q_bus_vio_cost': 1000000.0,
                     's_vio_cost': 500.0}}
after read solution without validation, memory info: {'rss bytes': 368295936, 'rss human': '351.2M', 'percent': 0.13629481759252687}
read solution data file without validation time: 0.14953923225402832
after read solution with validation, memory info: {'rss bytes': 416415744, 'rss human': '397.1M', 'percent': 0.15410245491043478}
solution load time: 1.7807905673980713
after solution_model_checks(), memory info: {'rss bytes': 416686080, 'rss human': '397.4M', 'percent': 0.15420249781671516}
solution model_checks time: 0.025788068771362305
{}
after problem_data_array.set_from_data_model(), memory info: {'rss bytes': 432078848, 'rss human': '412.1M', 'percent': 0.15989888026825563}
convert problem data to numpy arrays time: 0.6232903003692627
after solution_data_array.set_from_data_model(), memory info: {'rss bytes': 436400128, 'rss human': '416.2M', 'percent': 0.16149805096713146}
convert solution data to numpy arrays time: 0.06163620948791504
function: set_summary, time: 0.00021767616271972656
function: set_problem, time: 7.152557373046875e-07
function: set_solution, time: 7.3909759521484375e-06
function: set_solution_zero, time: 0.0005333423614501953
function: set_work_zero, time: 0.0005667209625244141
function: set_matrices, time: 0.005784034729003906
function: __init__, time: 0.0071370601654052734
function: eval_sd_t_d_up_dn, time: 0.0008327960968017578
function: eval_sd_max_startup, time: 0.025014162063598633
function: eval_sd_t_z_sus, time: 0.0028641223907470703
function: eval_acl_t_p_q_fr_to, time: 0.0029773712158203125
function: eval_xfr_t_p_q_fr_to, time: 0.0029811859130859375
function: eval_sd_t_su_sd_trajectories, time: 0.0004553794860839844
function: eval_sd_max_energy, time: 0.0008447170257568359
function: eval_sd_min_energy, time: 0.0008492469787597656
function: eval_sd_t_z_p, time: 0.11051034927368164
function: eval_bus_t_p, time: 0.001748800277709961
function: eval_bus_t_q, time: 0.0009264945983886719
sd_t_p_rgu sum: 0.0
prz_sigma_rgu max: 0.05
prz_t_p_rgu_req max: 13.622915540808947
sd_t_p_rgd sum: 0.0
prz_sigma_rgd max: 0.05
prz_t_p_rgd_req max: 13.622915540808947
sd_t_p_scr sum: 0.0
prz_sigma_scr max: 0.15
prz_t_p_scr_req max: 1.102807575917765
sd_t_p_nsc sum: 0.0
prz_sigma_nsc max: 0.15
prz_t_p_nsc_req max: 1.102807575917765
sd_t_p_rru sum: 0.0
prz_t_p_rru_min max: 0.5
sd_t_p_rrd sum: 0.0
prz_t_p_rrd_min max: 0.5
sd_t_p_qru sum: 0.0
qrz_t_q_qru_min max: 0.0
sd_t_p_qrd sum: 0.0
qrz_t_q_qrd_min max: 0.0
function: get_connected_components, time: 0.016387462615966797
function: get_bridges, time: 0.06648755073547363
function: get_connected_components, time: 0.016334056854248047
function: get_bridges, time: 0.06606149673461914
function: get_connected_components, time: 0.016474246978759766
function: get_bridges, time: 0.06690406799316406
function: get_connected_components, time: 0.016494035720825195
function: get_bridges, time: 0.07098579406738281
function: get_connected_components, time: 0.016593456268310547
function: get_bridges, time: 0.06925535202026367
function: get_connected_components, time: 0.01627373695373535
function: get_bridges, time: 0.06741452217102051
function: get_connected_components, time: 0.016468524932861328
function: get_bridges, time: 0.06613683700561523
function: get_connected_components, time: 0.016437530517578125
function: get_bridges, time: 0.06536245346069336
function: get_connected_components, time: 0.016499042510986328
function: get_bridges, time: 0.06560778617858887
function: get_connected_components, time: 0.016348838806152344
function: get_bridges, time: 0.3448612689971924
function: get_connected_components, time: 0.016080617904663086
function: get_bridges, time: 0.06590843200683594
function: get_connected_components, time: 0.016414642333984375
function: get_bridges, time: 0.06623411178588867
function: get_connected_components, time: 0.016453027725219727
function: get_bridges, time: 0.06575942039489746
function: get_connected_components, time: 0.016469478607177734
function: get_bridges, time: 0.06591796875
function: get_connected_components, time: 0.016653060913085938
function: get_bridges, time: 0.06713676452636719
function: get_connected_components, time: 0.016608238220214844
function: get_bridges, time: 0.0680091381072998
function: get_connected_components, time: 0.01661062240600586
function: get_bridges, time: 0.0661015510559082
function: get_connected_components, time: 0.016138792037963867
function: get_bridges, time: 0.06601953506469727
end of eval_connectedness(), memory info: {'rss bytes': 490418176, 'rss human': '467.7M', 'percent': 0.18148844260388403}
function: eval_connectedness, time: 1.9207453727722168
problem dimensions. bus: 4224, acl: 2605, xfr: 2325, dcl: 0, k: 2313, t: 18
construct static bus admittance matrix. time: 0.0012829303741455078
factor static bus admittance matrix. time: 0.009473800659179688
t_acl_delta_t: [array([], dtype=int64), array([], dtype=int64), array([], dtype=int64), array([], dtype=int64), array([], dtype=int64), array([], dtype=int64), array([], dtype=int64), array([], dtype=int64), array([], dtype=int64), array([], dtype=int64), array([], dtype=int64), array([], dtype=int64), array([], dtype=int64), array([], dtype=int64), array([], dtype=int64), array([], dtype=int64), array([], dtype=int64), array([], dtype=int64)], t_xfr_delta_t: [array([], dtype=int64), array([], dtype=int64), array([], dtype=int64), array([], dtype=int64), array([], dtype=int64), array([], dtype=int64), array([], dtype=int64), array([], dtype=int64), array([], dtype=int64), array([], dtype=int64), array([], dtype=int64), array([], dtype=int64), array([], dtype=int64), array([], dtype=int64), array([], dtype=int64), array([], dtype=int64), array([], dtype=int64), array([], dtype=int64)], t_br_delta_t: [array([], dtype=int64), array([], dtype=int64), array([], dtype=int64), array([], dtype=int64), array([], dtype=int64), array([], dtype=int64), array([], dtype=int64), array([], dtype=int64), array([], dtype=int64), array([], dtype=int64), array([], dtype=int64), array([], dtype=int64), array([], dtype=int64), array([], dtype=int64), array([], dtype=int64), array([], dtype=int64), array([], dtype=int64), array([], dtype=int64)], acl_delta_t: [], xfr_delta_t: [], br_delta_t: []
contingency delta branches. acl: 2313, xfr: 0, dcl: 0
construct bus,t-indexed right hand side. time: 0.0007927417755126953
solve for base case bus,t-indexed theta. time: 0.11673378944396973
num AC branches with possible violations in ACL contingencies: 1
num AC branches with possible violations in DCL contingencies: 0
num AC branches with possible violations in XFR contingencies: 0
t: 0, time: 1.3057916164398193, memory_info: {'rss bytes': 874504192, 'rss human': '834.0M', 'percent': 0.32362667540415135}
num AC branches with possible violations in ACL contingencies: 1
num AC branches with possible violations in DCL contingencies: 0
num AC branches with possible violations in XFR contingencies: 0
t: 1, time: 1.25250244140625, memory_info: {'rss bytes': 876318720, 'rss human': '835.7M', 'percent': 0.32429817551751816}
num AC branches with possible violations in ACL contingencies: 1
num AC branches with possible violations in DCL contingencies: 0
num AC branches with possible violations in XFR contingencies: 0
t: 2, time: 1.252037763595581, memory_info: {'rss bytes': 878043136, 'rss human': '837.4M', 'percent': 0.32493632799545813}
num AC branches with possible violations in ACL contingencies: 1
num AC branches with possible violations in DCL contingencies: 0
num AC branches with possible violations in XFR contingencies: 0
t: 3, time: 1.2540476322174072, memory_info: {'rss bytes': 878931968, 'rss human': '838.2M', 'percent': 0.3252652569448952}
num AC branches with possible violations in ACL contingencies: 1
num AC branches with possible violations in DCL contingencies: 0
num AC branches with possible violations in XFR contingencies: 0
t: 4, time: 1.256401777267456, memory_info: {'rss bytes': 879276032, 'rss human': '838.5M', 'percent': 0.32539258428016116}
num AC branches with possible violations in ACL contingencies: 1
num AC branches with possible violations in DCL contingencies: 0
num AC branches with possible violations in XFR contingencies: 0
t: 5, time: 1.2518150806427002, memory_info: {'rss bytes': 880349184, 'rss human': '839.6M', 'percent': 0.325789724302062}
num AC branches with possible violations in ACL contingencies: 1
num AC branches with possible violations in DCL contingencies: 0
num AC branches with possible violations in XFR contingencies: 0
t: 6, time: 1.252115249633789, memory_info: {'rss bytes': 880349184, 'rss human': '839.6M', 'percent': 0.325789724302062}
num AC branches with possible violations in ACL contingencies: 1
num AC branches with possible violations in DCL contingencies: 0
num AC branches with possible violations in XFR contingencies: 0
t: 7, time: 1.2560844421386719, memory_info: {'rss bytes': 880386048, 'rss human': '839.6M', 'percent': 0.32580336651655484}
num AC branches with possible violations in ACL contingencies: 1
num AC branches with possible violations in DCL contingencies: 0
num AC branches with possible violations in XFR contingencies: 0
t: 8, time: 1.2573323249816895, memory_info: {'rss bytes': 880398336, 'rss human': '839.6M', 'percent': 0.32580791392138575}
num AC branches with possible violations in ACL contingencies: 1
num AC branches with possible violations in DCL contingencies: 0
num AC branches with possible violations in XFR contingencies: 0
t: 9, time: 1.2528877258300781, memory_info: {'rss bytes': 880398336, 'rss human': '839.6M', 'percent': 0.32580791392138575}
num AC branches with possible violations in ACL contingencies: 1
num AC branches with possible violations in DCL contingencies: 0
num AC branches with possible violations in XFR contingencies: 0
t: 10, time: 1.2725834846496582, memory_info: {'rss bytes': 880398336, 'rss human': '839.6M', 'percent': 0.32580791392138575}
num AC branches with possible violations in ACL contingencies: 1
num AC branches with possible violations in DCL contingencies: 0
num AC branches with possible violations in XFR contingencies: 0
t: 11, time: 1.252509593963623, memory_info: {'rss bytes': 880615424, 'rss human': '839.8M', 'percent': 0.3258882514067321}
num AC branches with possible violations in ACL contingencies: 1
num AC branches with possible violations in DCL contingencies: 0
num AC branches with possible violations in XFR contingencies: 0
t: 12, time: 1.2551665306091309, memory_info: {'rss bytes': 880640000, 'rss human': '839.8M', 'percent': 0.32589734621639393}
num AC branches with possible violations in ACL contingencies: 1
num AC branches with possible violations in DCL contingencies: 0
num AC branches with possible violations in XFR contingencies: 0
t: 13, time: 1.258561372756958, memory_info: {'rss bytes': 880807936, 'rss human': '840.0M', 'percent': 0.32595949408241665}
num AC branches with possible violations in ACL contingencies: 1
num AC branches with possible violations in DCL contingencies: 0
num AC branches with possible violations in XFR contingencies: 0
t: 14, time: 1.2562172412872314, memory_info: {'rss bytes': 880844800, 'rss human': '840.0M', 'percent': 0.3259731362969094}
num AC branches with possible violations in ACL contingencies: 1
num AC branches with possible violations in DCL contingencies: 0
num AC branches with possible violations in XFR contingencies: 0
t: 15, time: 1.2529783248901367, memory_info: {'rss bytes': 881082368, 'rss human': '840.3M', 'percent': 0.3260610527903073}
num AC branches with possible violations in ACL contingencies: 1
num AC branches with possible violations in DCL contingencies: 0
num AC branches with possible violations in XFR contingencies: 0
t: 16, time: 1.2573535442352295, memory_info: {'rss bytes': 881086464, 'rss human': '840.3M', 'percent': 0.3260625685919176}
num AC branches with possible violations in ACL contingencies: 1
num AC branches with possible violations in DCL contingencies: 0
num AC branches with possible violations in XFR contingencies: 0
t: 17, time: 1.2613036632537842, memory_info: {'rss bytes': 881565696, 'rss human': '840.7M', 'percent': 0.32623991738032376}
initialize_m_w_time: 0.0054874420166015625
compute_static_w_time: 0.638918399810791
get_time_varying_branch_characteristics_time: 0.0037381649017333984
construct_a_t_time: 0.015373706817626953
factor_a_t_time: 0.08167886734008789
compute_w_with_t_a_solve_time: 9.33538031578064
compute_v_t_time: 1.049041748046875e-05
compute_w_with_t_smw_time: 4.76837158203125e-06
compute_v_time: 0.12158370018005371
compute_bus_theta_with_t_a_solve_time: 0.007844924926757812
compute_bus_theta_with_t_smw_time: 3.5762786865234375e-06
compute_br_p_time: 0.005337715148925781
apply_w_v_wt_time: 0.23744964599609375
compute_bus_dtheta_rhs_dcl_k_time: 0.007400989532470703
compute_w_v_wt_xfr_k_time: 0.004777669906616211
compute_bus_dtheta_rhs_xfr_k_time: 2.6226043701171875e-06
compute_br_acl_delta_k_p_delta_time: 1.160449504852295
compute_br_dcl_delta_k_p_delta_time: 0.0045201778411865234
compute_br_xfr_delta_k_p_delta_time: 0.0016596317291259766
filter_branches_acl_k_time: 0.2134108543395996
filter_branches_dcl_k_time: 0.009383916854858398
filter_branches_xfr_k_time: 0.009048223495483398
compute_br_acl_delta_k_p_time: 0.20766353607177734
compute_br_dcl_delta_k_p_time: 0.0007412433624267578
compute_br_xfr_delta_k_p_time: 6.008148193359375e-05
compute_br_acl_delta_k_s_over_time: 10.918884515762329
compute_br_dcl_delta_k_s_over_time: 0.0018184185028076172
compute_br_xfr_delta_k_s_over_time: 0.0009818077087402344
zero_out_time: 0.0008363723754882812
get_max_br_acl_delta_k_s_over_time: 0.10154509544372559
get_max_br_dcl_delta_k_s_over_time: 7.867813110351562e-06
get_max_br_xfr_delta_k_s_over_time: 3.5762786865234375e-06
compute_br_k_z_time: 0.09335589408874512
collect_penalties_into_obj_array_time: 0.0005993843078613281
end of contingency model method 1, memory info: {'rss bytes': 881565696, 'rss human': '840.7M', 'percent': 0.32623991738032376}
function: eval_post_contingency_model, time: 23.444889307022095
function: eval_post_contingency_model, time: 23.444926500320435
function: run, time: 25.541786909103394
after solution_evaluator.run(), memory info: {'rss bytes': 513732608, 'rss human': '489.9M', 'percent': 0.19011638536976175}
evaluation summary:
{'feas': 1,
 'infeas': 0,
 'info_i_i_k_t_disconnected_ctg': {'idx': {0: None, 1: None, 2: None, 3: None},
                                   'val': 0},
 'info_i_i_t_disconnected_base': {'idx': {0: None, 1: None, 2: None}, 'val': 0},
 'sum_acl_t_u_sd': 0,
 'sum_acl_t_u_su': 0,
 'sum_acl_t_z_s': 0.0,
 'sum_acl_t_z_sd': 0.0,
 'sum_acl_t_z_su': 0.0,
 'sum_bus_t_z_p': 813127309.8616432,
 'sum_bus_t_z_q': 476754650.4336529,
 'sum_cs_t_z_p': 109688763.21026105,
 'sum_pr_t_z_p': 25063469.512031995,
 'sum_prz_t_z_nsc': 66915550.48583124,
 'sum_prz_t_z_rgd': 204493766.96944788,
 'sum_prz_t_z_rgu': 204493766.96944788,
 'sum_prz_t_z_rrd': 4000000.0,
 'sum_prz_t_z_rru': 4000000.0,
 'sum_prz_t_z_scr': 118038992.2281932,
 'sum_qrz_t_z_qrd': 0.0,
 'sum_qrz_t_z_qru': 0.0,
 'sum_sd_t_sd': 0,
 'sum_sd_t_su': 0,
 'sum_sd_t_z_nsc': 0.0,
 'sum_sd_t_z_on': 14146091.939999998,
 'sum_sd_t_z_qrd': 0.0,
 'sum_sd_t_z_qru': 0.0,
 'sum_sd_t_z_rgd': 0.0,
 'sum_sd_t_z_rgu': 0.0,
 'sum_sd_t_z_rrd_off': 0.0,
 'sum_sd_t_z_rrd_on': 0.0,
 'sum_sd_t_z_rru_off': 0.0,
 'sum_sd_t_z_rru_on': 0.0,
 'sum_sd_t_z_scr': 0.0,
 'sum_sd_t_z_sd': 0.0,
 'sum_sd_t_z_su': 0.0,
 'sum_sd_t_z_sus': 0.0,
 'sum_xfr_t_u_sd': 0,
 'sum_xfr_t_u_su': 0,
 'sum_xfr_t_z_s': 0.0,
 'sum_xfr_t_z_sd': 0.0,
 'sum_xfr_t_z_su': 0.0,
 'viol_acl_acl_t_s_max_ctg': {'idx': {0: None, 1: None, 2: None}, 'val': 0.0},
 'viol_acl_dcl_t_s_max_ctg': {'idx': {0: None, 1: None, 2: None}, 'val': 0.0},
 'viol_acl_t_s_max': {'idx': {0: 'acl_0000', 1: 0}, 'val': 0.0},
 'viol_acl_t_u_sd_max': {'idx': {0: 'acl_0000', 1: 0}, 'val': 0},
 'viol_acl_t_u_su_max': {'idx': {0: 'acl_0000', 1: 0}, 'val': 0},
 'viol_acl_xfr_t_s_max_ctg': {'idx': {0: None, 1: None, 2: None}, 'val': 0.0},
 'viol_bus_t_p_balance_max': {'idx': {0: 'bus_3029', 1: 0},
                              'val': 14.361073828155153},
 'viol_bus_t_p_balance_min': {'idx': {0: 'bus_1909', 1: 10},
                              'val': -0.16863054257911875},
 'viol_bus_t_q_balance_max': {'idx': {0: 'bus_4100', 1: 0},
                              'val': 0.9863380335243206},
 'viol_bus_t_q_balance_min': {'idx': {0: 'bus_3029', 1: 0},
                              'val': -13.410556213112201},
 'viol_bus_t_v_max': {'idx': {0: 'bus_0000', 1: 0}, 'val': 0.0},
 'viol_bus_t_v_min': {'idx': {0: 'bus_0000', 1: 0}, 'val': 0.0},
 'viol_cs_t_p_off_max': {'idx': {0: 'sd_0478', 1: 0}, 'val': 0.0},
 'viol_cs_t_p_off_min': {'idx': {0: 'sd_0478', 1: 0}, 'val': 0.0},
 'viol_cs_t_p_on_max': {'idx': {0: 'sd_0478', 1: 0}, 'val': 0.0},
 'viol_cs_t_p_on_min': {'idx': {0: 'sd_0478', 1: 0}, 'val': 0.0},
 'viol_cs_t_q_max': {'idx': {0: 'sd_0478', 1: 0}, 'val': 0.0},
 'viol_cs_t_q_min': {'idx': {0: 'sd_0478', 1: 0}, 'val': 0.0},
 'viol_cs_t_q_p_max': {'idx': {0: None, 1: None}, 'val': None},
 'viol_cs_t_q_p_min': {'idx': {0: None, 1: None}, 'val': None},
 'viol_dcl_t_p_max': {'idx': {0: None, 1: None}, 'val': None},
 'viol_dcl_t_p_min': {'idx': {0: None, 1: None}, 'val': None},
 'viol_dcl_t_q_fr_max': {'idx': {0: None, 1: None}, 'val': None},
 'viol_dcl_t_q_fr_min': {'idx': {0: None, 1: None}, 'val': None},
 'viol_dcl_t_q_to_max': {'idx': {0: None, 1: None}, 'val': None},
 'viol_dcl_t_q_to_min': {'idx': {0: None, 1: None}, 'val': None},
 'viol_pr_t_p_off_max': {'idx': {0: 'sd_0000', 1: 0}, 'val': 0.0},
 'viol_pr_t_p_off_min': {'idx': {0: 'sd_0000', 1: 0}, 'val': 0.0},
 'viol_pr_t_p_on_max': {'idx': {0: 'sd_0000', 1: 0}, 'val': 0.0},
 'viol_pr_t_p_on_min': {'idx': {0: 'sd_0000', 1: 0}, 'val': 0.0},
 'viol_pr_t_q_max': {'idx': {0: 'sd_0000', 1: 0}, 'val': 0.0},
 'viol_pr_t_q_min': {'idx': {0: 'sd_0000', 1: 0}, 'val': 0.0},
 'viol_pr_t_q_p_max': {'idx': {0: 'sd_0000', 1: 0}, 'val': 0.0},
 'viol_pr_t_q_p_min': {'idx': {0: 'sd_0000', 1: 0}, 'val': 0.0},
 'viol_prz_t_p_nsc_balance': {'idx': {0: 'prz_0', 1: 0},
                              'val': 15.365327574840869},
 'viol_prz_t_p_rgd_balance': {'idx': {0: 'prz_0', 1: 0},
                              'val': 13.622915540808947},
 'viol_prz_t_p_rgu_balance': {'idx': {0: 'prz_0', 1: 0},
                              'val': 13.622915540808947},
 'viol_prz_t_p_rrd_balance': {'idx': {0: 'prz_0', 1: 0}, 'val': 0.5},
 'viol_prz_t_p_rru_balance': {'idx': {0: 'prz_0', 1: 0}, 'val': 0.5},
 'viol_prz_t_p_scr_balance': {'idx': {0: 'prz_0', 1: 0},
                              'val': 14.494121557824908},
 'viol_qrz_t_q_qrd_balance': {'idx': {0: 'qrz_0', 1: 0}, 'val': 0.0},
 'viol_qrz_t_q_qru_balance': {'idx': {0: 'qrz_0', 1: 0}, 'val': 0.0},
 'viol_sd_max_energy_constr': {'idx': {0: 'sd_0000', 1: 0}, 'val': 0.0},
 'viol_sd_max_startup_constr': {'idx': {0: 'sd_0000', 1: 0}, 'val': 0},
 'viol_sd_min_energy_constr': {'idx': {0: 'sd_0000', 1: 0}, 'val': 0.0},
 'viol_sd_t_d_dn_min': {'idx': {0: 'sd_0000', 1: 0}, 'val': 0},
 'viol_sd_t_d_up_min': {'idx': {0: 'sd_0000', 1: 0}, 'val': 0},
 'viol_sd_t_p_nsc_max': {'idx': {0: 'sd_0000', 1: 0}, 'val': 0.0},
 'viol_sd_t_p_nsc_nonneg': {'idx': {0: 'sd_0000', 1: 0}, 'val': -0.0},
 'viol_sd_t_p_ramp_dn_max': {'idx': {0: 'sd_0000', 1: 0}, 'val': 0.0},
 'viol_sd_t_p_ramp_up_max': {'idx': {0: 'sd_0000', 1: 0}, 'val': 0.0},
 'viol_sd_t_p_rgd_max': {'idx': {0: 'sd_0000', 1: 0}, 'val': 0.0},
 'viol_sd_t_p_rgd_nonneg': {'idx': {0: 'sd_0000', 1: 0}, 'val': -0.0},
 'viol_sd_t_p_rgu_max': {'idx': {0: 'sd_0000', 1: 0}, 'val': 0.0},
 'viol_sd_t_p_rgu_nonneg': {'idx': {0: 'sd_0000', 1: 0}, 'val': -0.0},
 'viol_sd_t_p_rrd_off_max': {'idx': {0: 'sd_0000', 1: 0}, 'val': 0.0},
 'viol_sd_t_p_rrd_off_nonneg': {'idx': {0: 'sd_0000', 1: 0}, 'val': -0.0},
 'viol_sd_t_p_rrd_on_max': {'idx': {0: 'sd_0000', 1: 0}, 'val': 0.0},
 'viol_sd_t_p_rrd_on_nonneg': {'idx': {0: 'sd_0000', 1: 0}, 'val': -0.0},
 'viol_sd_t_p_rru_off_max': {'idx': {0: 'sd_0000', 1: 0}, 'val': 0.0},
 'viol_sd_t_p_rru_off_nonneg': {'idx': {0: 'sd_0000', 1: 0}, 'val': -0.0},
 'viol_sd_t_p_rru_on_max': {'idx': {0: 'sd_0000', 1: 0}, 'val': 0.0},
 'viol_sd_t_p_rru_on_nonneg': {'idx': {0: 'sd_0000', 1: 0}, 'val': -0.0},
 'viol_sd_t_p_scr_max': {'idx': {0: 'sd_0000', 1: 0}, 'val': 0.0},
 'viol_sd_t_p_scr_nonneg': {'idx': {0: 'sd_0000', 1: 0}, 'val': -0.0},
 'viol_sd_t_q_qrd_nonneg': {'idx': {0: 'sd_0000', 1: 0}, 'val': -0.0},
 'viol_sd_t_q_qru_nonneg': {'idx': {0: 'sd_0000', 1: 0}, 'val': -0.0},
 'viol_sd_t_u_on_max': {'idx': {0: 'sd_0000', 1: 0}, 'val': 0},
 'viol_sd_t_u_on_min': {'idx': {0: 'sd_0000', 1: 0}, 'val': 0},
 'viol_sh_t_u_st_max': {'idx': {0: 'sh_000', 1: 0}, 'val': 0},
 'viol_sh_t_u_st_min': {'idx': {0: 'sh_000', 1: 0}, 'val': 0},
 'viol_t_connected_base': {'idx': {0: 0}, 'val': 0},
 'viol_t_connected_ctg': {'idx': {0: 0}, 'val': 0},
 'viol_xfr_acl_t_s_max_ctg': {'idx': {0: None, 1: None, 2: None}, 'val': 0.0},
 'viol_xfr_dcl_t_s_max_ctg': {'idx': {0: None, 1: None, 2: None}, 'val': 0.0},
 'viol_xfr_t_phi_max': {'idx': {0: 'xfr_0000', 1: 0}, 'val': 0.0},
 'viol_xfr_t_phi_min': {'idx': {0: 'xfr_0000', 1: 0}, 'val': 0.0},
 'viol_xfr_t_s_max': {'idx': {0: 'xfr_0000', 1: 0}, 'val': 0.0},
 'viol_xfr_t_tau_max': {'idx': {0: 'xfr_0000', 1: 0}, 'val': 0.0},
 'viol_xfr_t_tau_min': {'idx': {0: 'xfr_0000', 1: 0}, 'val': 0.0},
 'viol_xfr_t_u_sd_max': {'idx': {0: 'xfr_0000', 1: 0}, 'val': 0},
 'viol_xfr_t_u_su_max': {'idx': {0: 'xfr_0000', 1: 0}, 'val': 0},
 'viol_xfr_xfr_t_s_max_ctg': {'idx': {0: None, 1: None, 2: None}, 'val': 0.0},
 'z': -1821346021.1348763,
 'z_base': -1821344835.1899717,
 'z_cost': 39209561.45203199,
 'z_k_average_case': -0.5125086019582591,
 'z_k_worst_case': -1185.4323963294532,
 'z_max_energy': 0.0,
 'z_min_energy': 0.0,
 'z_penalty': 1891824036.9482164,
 'z_value': 109688763.21026105}
infeasibility summary:
{}
feas: 1
obj: -1821346021.1348763
evaluate solution time: 25.552183151245117
end of check_data(), memory info: {'rss bytes': 516075520, 'rss human': '492.2M', 'percent': 0.1909834238908584}
