/rcfs/dtn/arpacomp/.conda/envs/goc_eval/lib/python3.10/site-packages/scipy/sparse/linalg/_dsolve/linsolve.py:347: SparseEfficiencyWarning: splu converted its input to CSC format
  warn('splu converted its input to CSC format', SparseEfficiencyWarning)
args:
Namespace(problem_opt=None, problem='/qfs/projects/goc/share/data/C3/E1/D1/C3E1N04200D1/scenario_124.json', solution='/qfs/projects/goc/share/data/C3/E1/D1/C3E1N04200D1/scenario_124.json.pop_solution.json', configuration=None, parameters='{}', summary_csv='summary.csv', summary_json='summary.json', data_errors='data_errors.txt', ignored_errors='ignored_errors.txt', solution_errors='solution_errors.txt', pop_solution=None, scrubbed_problem=None)
problem data file: /qfs/projects/goc/share/data/C3/E1/D1/C3E1N04200D1/scenario_124.json

pop solution data file: None

solution data file: /qfs/projects/goc/share/data/C3/E1/D1/C3E1N04200D1/scenario_124.json.pop_solution.json

git info: {'C3DataUtilities': {'branch': None, 'commit': '417faef61bd7caf40b3ea0dc36c5e033ca7ea3d5', 'date': 'Fri Dec 30 07:03:34 2022 -0800', 'query_return_code': 0, 'query_err': '', 'query_path': '/qfs/projects/goc/share/loadbalancing/src/nonmpi-template/Challenge3/C3DataUtilities/datautilities', 'query_out': 'commit 417faef61bd7caf40b3ea0dc36c5e033ca7ea3d5\nAuthor: Jesse T Holzer <jesse.holzer@pnnl.gov>\nDate:   Fri Dec 30 07:03:34 2022 -0800\n\n    add z_value, z_cost, z_penalty components of z_base\n'}, 'Bid-DS-data-model': {'branch': None, 'commit': None, 'date': None, 'query_return_code': 128, 'query_err': 'fatal: Not a git repository (or any parent up to mount point /rcfs)\nStopping at filesystem boundary (GIT_DISCOVERY_ACROSS_FILESYSTEM not set).\n', 'query_path': '/rcfs/dtn/arpacomp/.conda/envs/goc_eval/lib/python3.10/site-packages/datamodel', 'query_out': ''}}

after reading problem without validation, memory info: {'rss bytes': 190324736, 'rss human': '181.5M', 'percent': 0.07043323762460912}
read problem data file without validation time: 0.529524564743042
after reading problem with validation, memory info: {'rss bytes': 348839936, 'rss human': '332.7M', 'percent': 0.12909475994356004}
load time: 3.312957763671875
{'general': {'base_norm_mva': 100.0,
             'day_type': None,
             'electricity_demand': None,
             'net_load': None,
             'season': None,
             'solar_availability': None,
             'timestamp_start': None,
             'timestamp_stop': None,
             'vre_availability': None,
             'weather_temperature': None,
             'wind_availability': None},
 'interval durations': [0.25,
                        0.25,
                        0.25,
                        0.25,
                        0.25,
                        0.25,
                        0.25,
                        0.25,
                        0.5,
                        0.5,
                        0.5,
                        0.5,
                        0.5,
                        0.5,
                        0.5,
                        0.5,
                        1.0,
                        1.0],
 'num ac lines': 2605,
 'num buses': 4224,
 'num consuming devices': 1673,
 'num contingencies': 2313,
 'num dc lines': 0,
 'num intervals': 18,
 'num producing devices': 478,
 'num reactive power reserve zones': 2,
 'num real power reserve zones': 2,
 'num shunts': 436,
 'num simple dispatchable devices': 2151,
 'num transformers': 2325,
 'total duration': 8.0,
 'violation costs': {'e_vio_cost': 900000.0,
                     'p_bus_vio_cost': 1000000.0,
                     'q_bus_vio_cost': 1000000.0,
                     's_vio_cost': 500.0}}
after read solution without validation, memory info: {'rss bytes': 368234496, 'rss human': '351.2M', 'percent': 0.13627208056837226}
read solution data file without validation time: 0.14857125282287598
after read solution with validation, memory info: {'rss bytes': 416624640, 'rss human': '397.3M', 'percent': 0.15417976079256052}
solution load time: 1.799464464187622
after solution_model_checks(), memory info: {'rss bytes': 416624640, 'rss human': '397.3M', 'percent': 0.15417976079256052}
solution model_checks time: 0.02584052085876465
{}
after problem_data_array.set_from_data_model(), memory info: {'rss bytes': 431153152, 'rss human': '411.2M', 'percent': 0.15955630910432586}
convert problem data to numpy arrays time: 0.6267039775848389
after solution_data_array.set_from_data_model(), memory info: {'rss bytes': 435470336, 'rss human': '415.3M', 'percent': 0.16115396400159135}
convert solution data to numpy arrays time: 0.06247735023498535
function: set_summary, time: 0.0002086162567138672
function: set_problem, time: 9.5367431640625e-07
function: set_solution, time: 6.4373016357421875e-06
function: set_solution_zero, time: 0.0005562305450439453
function: set_work_zero, time: 0.0005867481231689453
function: set_matrices, time: 0.005049943923950195
function: __init__, time: 0.0064356327056884766
function: eval_sd_t_d_up_dn, time: 0.0008299350738525391
function: eval_sd_max_startup, time: 0.0250091552734375
function: eval_sd_t_z_sus, time: 0.0027883052825927734
function: eval_acl_t_p_q_fr_to, time: 0.0029587745666503906
function: eval_xfr_t_p_q_fr_to, time: 0.0029256343841552734
function: eval_sd_t_su_sd_trajectories, time: 0.00045037269592285156
function: eval_sd_max_energy, time: 0.0007491111755371094
function: eval_sd_min_energy, time: 0.0007479190826416016
function: eval_sd_t_z_p, time: 0.10969734191894531
function: eval_bus_t_p, time: 0.0017020702362060547
function: eval_bus_t_q, time: 0.0009191036224365234
sd_t_p_rgu sum: 0.0
prz_sigma_rgu max: 0.05
prz_t_p_rgu_req max: 15.935467309376168
sd_t_p_rgd sum: 0.0
prz_sigma_rgd max: 0.05
prz_t_p_rgd_req max: 15.935467309376168
sd_t_p_scr sum: 0.0
prz_sigma_scr max: 0.15
prz_t_p_scr_req max: 1.1028075759159026
sd_t_p_nsc sum: 0.0
prz_sigma_nsc max: 0.15
prz_t_p_nsc_req max: 1.1028075759159026
sd_t_p_rru sum: 0.0
prz_t_p_rru_min max: 0.5
sd_t_p_rrd sum: 0.0
prz_t_p_rrd_min max: 0.5
sd_t_p_qru sum: 0.0
qrz_t_q_qru_min max: 0.0
sd_t_p_qrd sum: 0.0
qrz_t_q_qrd_min max: 0.0
function: get_connected_components, time: 0.016722440719604492
function: get_bridges, time: 0.06650042533874512
function: get_connected_components, time: 0.01639723777770996
function: get_bridges, time: 0.06589126586914062
function: get_connected_components, time: 0.01642012596130371
function: get_bridges, time: 0.06590700149536133
function: get_connected_components, time: 0.01635289192199707
function: get_bridges, time: 0.06678986549377441
function: get_connected_components, time: 0.01643204689025879
function: get_bridges, time: 0.06668305397033691
function: get_connected_components, time: 0.01630377769470215
function: get_bridges, time: 0.06724333763122559
function: get_connected_components, time: 0.016701936721801758
function: get_bridges, time: 0.06660795211791992
function: get_connected_components, time: 0.016592979431152344
function: get_bridges, time: 0.06748223304748535
function: get_connected_components, time: 0.016791820526123047
function: get_bridges, time: 0.06643795967102051
function: get_connected_components, time: 0.016528606414794922
function: get_bridges, time: 0.33905935287475586
function: get_connected_components, time: 0.016246795654296875
function: get_bridges, time: 0.06539297103881836
function: get_connected_components, time: 0.01643991470336914
function: get_bridges, time: 0.06545615196228027
function: get_connected_components, time: 0.016407012939453125
function: get_bridges, time: 0.06522560119628906
function: get_connected_components, time: 0.016728639602661133
function: get_bridges, time: 0.06563806533813477
function: get_connected_components, time: 0.016652822494506836
function: get_bridges, time: 0.06746435165405273
function: get_connected_components, time: 0.016904115676879883
function: get_bridges, time: 0.06717681884765625
function: get_connected_components, time: 0.017094850540161133
function: get_bridges, time: 0.06736421585083008
function: get_connected_components, time: 0.01648402214050293
function: get_bridges, time: 0.06574320793151855
end of eval_connectedness(), memory info: {'rss bytes': 490246144, 'rss human': '467.5M', 'percent': 0.18142477893625106}
function: eval_connectedness, time: 1.910008192062378
problem dimensions. bus: 4224, acl: 2605, xfr: 2325, dcl: 0, k: 2313, t: 18
construct static bus admittance matrix. time: 0.0013608932495117188
factor static bus admittance matrix. time: 0.009400606155395508
t_acl_delta_t: [array([], dtype=int64), array([], dtype=int64), array([], dtype=int64), array([], dtype=int64), array([], dtype=int64), array([], dtype=int64), array([], dtype=int64), array([], dtype=int64), array([], dtype=int64), array([], dtype=int64), array([], dtype=int64), array([], dtype=int64), array([], dtype=int64), array([], dtype=int64), array([], dtype=int64), array([], dtype=int64), array([], dtype=int64), array([], dtype=int64)], t_xfr_delta_t: [array([], dtype=int64), array([], dtype=int64), array([], dtype=int64), array([], dtype=int64), array([], dtype=int64), array([], dtype=int64), array([], dtype=int64), array([], dtype=int64), array([], dtype=int64), array([], dtype=int64), array([], dtype=int64), array([], dtype=int64), array([], dtype=int64), array([], dtype=int64), array([], dtype=int64), array([], dtype=int64), array([], dtype=int64), array([], dtype=int64)], t_br_delta_t: [array([], dtype=int64), array([], dtype=int64), array([], dtype=int64), array([], dtype=int64), array([], dtype=int64), array([], dtype=int64), array([], dtype=int64), array([], dtype=int64), array([], dtype=int64), array([], dtype=int64), array([], dtype=int64), array([], dtype=int64), array([], dtype=int64), array([], dtype=int64), array([], dtype=int64), array([], dtype=int64), array([], dtype=int64), array([], dtype=int64)], acl_delta_t: [], xfr_delta_t: [], br_delta_t: []
contingency delta branches. acl: 2313, xfr: 0, dcl: 0
construct bus,t-indexed right hand side. time: 0.0007853507995605469
solve for base case bus,t-indexed theta. time: 0.12480735778808594
num AC branches with possible violations in ACL contingencies: 1
num AC branches with possible violations in DCL contingencies: 0
num AC branches with possible violations in XFR contingencies: 0
t: 0, time: 1.278791904449463, memory_info: {'rss bytes': 876544000, 'rss human': '835.9M', 'percent': 0.32438154460608515}
num AC branches with possible violations in ACL contingencies: 1
num AC branches with possible violations in DCL contingencies: 0
num AC branches with possible violations in XFR contingencies: 0
t: 1, time: 1.25345778465271, memory_info: {'rss bytes': 878362624, 'rss human': '837.7M', 'percent': 0.32505456052106224}
num AC branches with possible violations in ACL contingencies: 1
num AC branches with possible violations in DCL contingencies: 0
num AC branches with possible violations in XFR contingencies: 0
t: 2, time: 1.2520349025726318, memory_info: {'rss bytes': 880046080, 'rss human': '839.3M', 'percent': 0.3256775549828992}
num AC branches with possible violations in ACL contingencies: 1
num AC branches with possible violations in DCL contingencies: 0
num AC branches with possible violations in XFR contingencies: 0
t: 3, time: 1.2480568885803223, memory_info: {'rss bytes': 880934912, 'rss human': '840.1M', 'percent': 0.3260064839323362}
num AC branches with possible violations in ACL contingencies: 1
num AC branches with possible violations in DCL contingencies: 0
num AC branches with possible violations in XFR contingencies: 0
t: 4, time: 1.2597181797027588, memory_info: {'rss bytes': 881213440, 'rss human': '840.4M', 'percent': 0.3261095584418372}
num AC branches with possible violations in ACL contingencies: 1
num AC branches with possible violations in DCL contingencies: 0
num AC branches with possible violations in XFR contingencies: 0
t: 5, time: 1.2484135627746582, memory_info: {'rss bytes': 884326400, 'rss human': '843.4M', 'percent': 0.3272615676656719}
num AC branches with possible violations in ACL contingencies: 1
num AC branches with possible violations in DCL contingencies: 0
num AC branches with possible violations in XFR contingencies: 0
t: 6, time: 1.251255750656128, memory_info: {'rss bytes': 884326400, 'rss human': '843.4M', 'percent': 0.3272615676656719}
num AC branches with possible violations in ACL contingencies: 1
num AC branches with possible violations in DCL contingencies: 0
num AC branches with possible violations in XFR contingencies: 0
t: 7, time: 1.248030662536621, memory_info: {'rss bytes': 884346880, 'rss human': '843.4M', 'percent': 0.3272691466737234}
num AC branches with possible violations in ACL contingencies: 1
num AC branches with possible violations in DCL contingencies: 0
num AC branches with possible violations in XFR contingencies: 0
t: 8, time: 1.277827262878418, memory_info: {'rss bytes': 884359168, 'rss human': '843.4M', 'percent': 0.3272736940785544}
num AC branches with possible violations in ACL contingencies: 1
num AC branches with possible violations in DCL contingencies: 0
num AC branches with possible violations in XFR contingencies: 0
t: 9, time: 1.2498903274536133, memory_info: {'rss bytes': 884359168, 'rss human': '843.4M', 'percent': 0.3272736940785544}
num AC branches with possible violations in ACL contingencies: 1
num AC branches with possible violations in DCL contingencies: 0
num AC branches with possible violations in XFR contingencies: 0
t: 10, time: 1.2540628910064697, memory_info: {'rss bytes': 884359168, 'rss human': '843.4M', 'percent': 0.3272736940785544}
num AC branches with possible violations in ACL contingencies: 1
num AC branches with possible violations in DCL contingencies: 0
num AC branches with possible violations in XFR contingencies: 0
t: 11, time: 1.2497949600219727, memory_info: {'rss bytes': 884514816, 'rss human': '843.5M', 'percent': 0.3273312945397461}
num AC branches with possible violations in ACL contingencies: 1
num AC branches with possible violations in DCL contingencies: 0
num AC branches with possible violations in XFR contingencies: 0
t: 12, time: 1.2451415061950684, memory_info: {'rss bytes': 884539392, 'rss human': '843.6M', 'percent': 0.32734038934940796}
num AC branches with possible violations in ACL contingencies: 1
num AC branches with possible violations in DCL contingencies: 0
num AC branches with possible violations in XFR contingencies: 0
t: 13, time: 1.2534878253936768, memory_info: {'rss bytes': 884649984, 'rss human': '843.7M', 'percent': 0.3273813159928863}
num AC branches with possible violations in ACL contingencies: 1
num AC branches with possible violations in DCL contingencies: 0
num AC branches with possible violations in XFR contingencies: 0
t: 14, time: 1.2483062744140625, memory_info: {'rss bytes': 884678656, 'rss human': '843.7M', 'percent': 0.32739192660415845}
num AC branches with possible violations in ACL contingencies: 1
num AC branches with possible violations in DCL contingencies: 0
num AC branches with possible violations in XFR contingencies: 0
t: 15, time: 1.2504982948303223, memory_info: {'rss bytes': 884793344, 'rss human': '843.8M', 'percent': 0.32743436904924705}
num AC branches with possible violations in ACL contingencies: 1
num AC branches with possible violations in DCL contingencies: 0
num AC branches with possible violations in XFR contingencies: 0
t: 16, time: 1.2488291263580322, memory_info: {'rss bytes': 884797440, 'rss human': '843.8M', 'percent': 0.3274358848508574}
num AC branches with possible violations in ACL contingencies: 1
num AC branches with possible violations in DCL contingencies: 0
num AC branches with possible violations in XFR contingencies: 0
t: 17, time: 1.2662818431854248, memory_info: {'rss bytes': 885137408, 'rss human': '844.1M', 'percent': 0.32756169638451305}
initialize_m_w_time: 0.0052356719970703125
compute_static_w_time: 0.5443027019500732
get_time_varying_branch_characteristics_time: 0.003707408905029297
construct_a_t_time: 0.015407562255859375
factor_a_t_time: 0.08331894874572754
compute_w_with_t_a_solve_time: 9.262694358825684
compute_v_t_time: 1.1682510375976562e-05
compute_w_with_t_smw_time: 6.198883056640625e-06
compute_v_time: 0.12173604965209961
compute_bus_theta_with_t_a_solve_time: 0.007287740707397461
compute_bus_theta_with_t_smw_time: 3.0994415283203125e-06
compute_br_p_time: 0.00510716438293457
apply_w_v_wt_time: 0.23681139945983887
compute_bus_dtheta_rhs_dcl_k_time: 0.007524728775024414
compute_w_v_wt_xfr_k_time: 0.004796743392944336
compute_bus_dtheta_rhs_xfr_k_time: 2.384185791015625e-06
compute_br_acl_delta_k_p_delta_time: 1.1546213626861572
compute_br_dcl_delta_k_p_delta_time: 0.004462003707885742
compute_br_xfr_delta_k_p_delta_time: 0.0016775131225585938
filter_branches_acl_k_time: 0.21325945854187012
filter_branches_dcl_k_time: 0.009315252304077148
filter_branches_xfr_k_time: 0.00911855697631836
compute_br_acl_delta_k_p_time: 0.23627853393554688
compute_br_dcl_delta_k_p_time: 0.0005354881286621094
compute_br_xfr_delta_k_p_time: 6.604194641113281e-05
compute_br_acl_delta_k_s_over_time: 10.895493984222412
compute_br_dcl_delta_k_s_over_time: 0.0017447471618652344
compute_br_xfr_delta_k_s_over_time: 0.0009424686431884766
zero_out_time: 0.0008459091186523438
get_max_br_acl_delta_k_s_over_time: 0.10165715217590332
get_max_br_dcl_delta_k_s_over_time: 5.7220458984375e-06
get_max_br_xfr_delta_k_s_over_time: 1.6689300537109375e-06
compute_br_k_z_time: 0.09329891204833984
collect_penalties_into_obj_array_time: 0.0005872249603271484
end of contingency model method 1, memory info: {'rss bytes': 885137408, 'rss human': '844.1M', 'percent': 0.32756169638451305}
function: eval_post_contingency_model, time: 23.283564805984497
function: eval_post_contingency_model, time: 23.283604860305786
function: run, time: 25.3680522441864
after solution_evaluator.run(), memory info: {'rss bytes': 517304320, 'rss human': '493.3M', 'percent': 0.19143816437395103}
evaluation summary:
{'feas': 1,
 'infeas': 0,
 'info_i_i_k_t_disconnected_ctg': {'idx': {0: None, 1: None, 2: None, 3: None},
                                   'val': 0},
 'info_i_i_t_disconnected_base': {'idx': {0: None, 1: None, 2: None}, 'val': 0},
 'sum_acl_t_u_sd': 0,
 'sum_acl_t_u_su': 0,
 'sum_acl_t_z_s': 0.0,
 'sum_acl_t_z_sd': 0.0,
 'sum_acl_t_z_su': 0.0,
 'sum_bus_t_z_p': 926286810.356012,
 'sum_bus_t_z_q': 422455580.1867792,
 'sum_cs_t_z_p': 101418354.61397558,
 'sum_pr_t_z_p': 25063469.517096836,
 'sum_prz_t_z_nsc': 64086563.321060866,
 'sum_prz_t_z_rgd': 193177818.31233448,
 'sum_prz_t_z_rgu': 193177818.31233448,
 'sum_prz_t_z_rrd': 4000000.0,
 'sum_prz_t_z_rru': 4000000.0,
 'sum_prz_t_z_scr': 112381017.89914447,
 'sum_qrz_t_z_qrd': 0.0,
 'sum_qrz_t_z_qru': 0.0,
 'sum_sd_t_sd': 0,
 'sum_sd_t_su': 0,
 'sum_sd_t_z_nsc': 0.0,
 'sum_sd_t_z_on': 14146091.939999998,
 'sum_sd_t_z_qrd': 0.0,
 'sum_sd_t_z_qru': 0.0,
 'sum_sd_t_z_rgd': 0.0,
 'sum_sd_t_z_rgu': 0.0,
 'sum_sd_t_z_rrd_off': 0.0,
 'sum_sd_t_z_rrd_on': 0.0,
 'sum_sd_t_z_rru_off': 0.0,
 'sum_sd_t_z_rru_on': 0.0,
 'sum_sd_t_z_scr': 0.0,
 'sum_sd_t_z_sd': 0.0,
 'sum_sd_t_z_su': 0.0,
 'sum_sd_t_z_sus': 0.0,
 'sum_xfr_t_u_sd': 0,
 'sum_xfr_t_u_su': 0,
 'sum_xfr_t_z_s': 0.0,
 'sum_xfr_t_z_sd': 0.0,
 'sum_xfr_t_z_su': 0.0,
 'viol_acl_acl_t_s_max_ctg': {'idx': {0: None, 1: None, 2: None}, 'val': 0.0},
 'viol_acl_dcl_t_s_max_ctg': {'idx': {0: None, 1: None, 2: None}, 'val': 0.0},
 'viol_acl_t_s_max': {'idx': {0: 'acl_0000', 1: 0}, 'val': 0.0},
 'viol_acl_t_u_sd_max': {'idx': {0: 'acl_0000', 1: 0}, 'val': 0},
 'viol_acl_t_u_su_max': {'idx': {0: 'acl_0000', 1: 0}, 'val': 0},
 'viol_acl_xfr_t_s_max_ctg': {'idx': {0: None, 1: None, 2: None}, 'val': 0.0},
 'viol_bus_t_p_balance_max': {'idx': {0: 'bus_3029', 1: 0},
                              'val': 14.361073828155153},
 'viol_bus_t_p_balance_min': {'idx': {0: 'bus_1909', 1: 16},
                              'val': -0.2216150310563042},
 'viol_bus_t_q_balance_max': {'idx': {0: 'bus_4100', 1: 0},
                              'val': 0.9863380335243206},
 'viol_bus_t_q_balance_min': {'idx': {0: 'bus_3029', 1: 0},
                              'val': -13.410556213112201},
 'viol_bus_t_v_max': {'idx': {0: 'bus_0000', 1: 0}, 'val': 0.0},
 'viol_bus_t_v_min': {'idx': {0: 'bus_0000', 1: 0}, 'val': 0.0},
 'viol_cs_t_p_off_max': {'idx': {0: 'sd_0478', 1: 0}, 'val': 0.0},
 'viol_cs_t_p_off_min': {'idx': {0: 'sd_0478', 1: 0}, 'val': 0.0},
 'viol_cs_t_p_on_max': {'idx': {0: 'sd_0478', 1: 0}, 'val': 0.0},
 'viol_cs_t_p_on_min': {'idx': {0: 'sd_0478', 1: 0}, 'val': 0.0},
 'viol_cs_t_q_max': {'idx': {0: 'sd_0478', 1: 0}, 'val': 0.0},
 'viol_cs_t_q_min': {'idx': {0: 'sd_0478', 1: 0}, 'val': 0.0},
 'viol_cs_t_q_p_max': {'idx': {0: None, 1: None}, 'val': None},
 'viol_cs_t_q_p_min': {'idx': {0: None, 1: None}, 'val': None},
 'viol_dcl_t_p_max': {'idx': {0: None, 1: None}, 'val': None},
 'viol_dcl_t_p_min': {'idx': {0: None, 1: None}, 'val': None},
 'viol_dcl_t_q_fr_max': {'idx': {0: None, 1: None}, 'val': None},
 'viol_dcl_t_q_fr_min': {'idx': {0: None, 1: None}, 'val': None},
 'viol_dcl_t_q_to_max': {'idx': {0: None, 1: None}, 'val': None},
 'viol_dcl_t_q_to_min': {'idx': {0: None, 1: None}, 'val': None},
 'viol_pr_t_p_off_max': {'idx': {0: 'sd_0000', 1: 0}, 'val': 0.0},
 'viol_pr_t_p_off_min': {'idx': {0: 'sd_0000', 1: 0}, 'val': 0.0},
 'viol_pr_t_p_on_max': {'idx': {0: 'sd_0000', 1: 0}, 'val': 0.0},
 'viol_pr_t_p_on_min': {'idx': {0: 'sd_0000', 1: 0}, 'val': 0.0},
 'viol_pr_t_q_max': {'idx': {0: 'sd_0000', 1: 0}, 'val': 0.0},
 'viol_pr_t_q_min': {'idx': {0: 'sd_0000', 1: 0}, 'val': 0.0},
 'viol_pr_t_q_p_max': {'idx': {0: 'sd_0000', 1: 0}, 'val': 0.0},
 'viol_pr_t_q_p_min': {'idx': {0: 'sd_0000', 1: 0}, 'val': 0.0},
 'viol_prz_t_p_nsc_balance': {'idx': {0: 'prz_0', 1: 0},
                              'val': 17.677879343418137},
 'viol_prz_t_p_rgd_balance': {'idx': {0: 'prz_0', 1: 0},
                              'val': 15.935467309376168},
 'viol_prz_t_p_rgu_balance': {'idx': {0: 'prz_0', 1: 0},
                              'val': 15.935467309376168},
 'viol_prz_t_p_rrd_balance': {'idx': {0: 'prz_0', 1: 0}, 'val': 0.5},
 'viol_prz_t_p_rru_balance': {'idx': {0: 'prz_0', 1: 0}, 'val': 0.5},
 'viol_prz_t_p_scr_balance': {'idx': {0: 'prz_0', 1: 0},
                              'val': 16.806673326397153},
 'viol_qrz_t_q_qrd_balance': {'idx': {0: 'qrz_0', 1: 0}, 'val': 0.0},
 'viol_qrz_t_q_qru_balance': {'idx': {0: 'qrz_0', 1: 0}, 'val': 0.0},
 'viol_sd_max_energy_constr': {'idx': {0: 'sd_0000', 1: 0}, 'val': 0.0},
 'viol_sd_max_startup_constr': {'idx': {0: 'sd_0000', 1: 0}, 'val': 0},
 'viol_sd_min_energy_constr': {'idx': {0: 'sd_0000', 1: 0}, 'val': 0.0},
 'viol_sd_t_d_dn_min': {'idx': {0: 'sd_0000', 1: 0}, 'val': 0},
 'viol_sd_t_d_up_min': {'idx': {0: 'sd_0000', 1: 0}, 'val': 0},
 'viol_sd_t_p_nsc_max': {'idx': {0: 'sd_0000', 1: 0}, 'val': 0.0},
 'viol_sd_t_p_nsc_nonneg': {'idx': {0: 'sd_0000', 1: 0}, 'val': -0.0},
 'viol_sd_t_p_ramp_dn_max': {'idx': {0: 'sd_0000', 1: 0}, 'val': 0.0},
 'viol_sd_t_p_ramp_up_max': {'idx': {0: 'sd_0000', 1: 0}, 'val': 0.0},
 'viol_sd_t_p_rgd_max': {'idx': {0: 'sd_0000', 1: 0}, 'val': 0.0},
 'viol_sd_t_p_rgd_nonneg': {'idx': {0: 'sd_0000', 1: 0}, 'val': -0.0},
 'viol_sd_t_p_rgu_max': {'idx': {0: 'sd_0000', 1: 0}, 'val': 0.0},
 'viol_sd_t_p_rgu_nonneg': {'idx': {0: 'sd_0000', 1: 0}, 'val': -0.0},
 'viol_sd_t_p_rrd_off_max': {'idx': {0: 'sd_0000', 1: 0}, 'val': 0.0},
 'viol_sd_t_p_rrd_off_nonneg': {'idx': {0: 'sd_0000', 1: 0}, 'val': -0.0},
 'viol_sd_t_p_rrd_on_max': {'idx': {0: 'sd_0000', 1: 0}, 'val': 0.0},
 'viol_sd_t_p_rrd_on_nonneg': {'idx': {0: 'sd_0000', 1: 0}, 'val': -0.0},
 'viol_sd_t_p_rru_off_max': {'idx': {0: 'sd_0000', 1: 0}, 'val': 0.0},
 'viol_sd_t_p_rru_off_nonneg': {'idx': {0: 'sd_0000', 1: 0}, 'val': -0.0},
 'viol_sd_t_p_rru_on_max': {'idx': {0: 'sd_0000', 1: 0}, 'val': 0.0},
 'viol_sd_t_p_rru_on_nonneg': {'idx': {0: 'sd_0000', 1: 0}, 'val': -0.0},
 'viol_sd_t_p_scr_max': {'idx': {0: 'sd_0000', 1: 0}, 'val': 0.0},
 'viol_sd_t_p_scr_nonneg': {'idx': {0: 'sd_0000', 1: 0}, 'val': -0.0},
 'viol_sd_t_q_qrd_nonneg': {'idx': {0: 'sd_0000', 1: 0}, 'val': -0.0},
 'viol_sd_t_q_qru_nonneg': {'idx': {0: 'sd_0000', 1: 0}, 'val': -0.0},
 'viol_sd_t_u_on_max': {'idx': {0: 'sd_0000', 1: 0}, 'val': 0},
 'viol_sd_t_u_on_min': {'idx': {0: 'sd_0000', 1: 0}, 'val': 0},
 'viol_sh_t_u_st_max': {'idx': {0: 'sh_000', 1: 0}, 'val': 0},
 'viol_sh_t_u_st_min': {'idx': {0: 'sh_000', 1: 0}, 'val': 0},
 'viol_t_connected_base': {'idx': {0: 0}, 'val': 0},
 'viol_t_connected_ctg': {'idx': {0: 0}, 'val': 0},
 'viol_xfr_acl_t_s_max_ctg': {'idx': {0: None, 1: None, 2: None}, 'val': 0.0},
 'viol_xfr_dcl_t_s_max_ctg': {'idx': {0: None, 1: None, 2: None}, 'val': 0.0},
 'viol_xfr_t_phi_max': {'idx': {0: 'xfr_0000', 1: 0}, 'val': 0.0},
 'viol_xfr_t_phi_min': {'idx': {0: 'xfr_0000', 1: 0}, 'val': 0.0},
 'viol_xfr_t_s_max': {'idx': {0: 'xfr_0000', 1: 0}, 'val': 0.0},
 'viol_xfr_t_tau_max': {'idx': {0: 'xfr_0000', 1: 0}, 'val': 0.0},
 'viol_xfr_t_tau_min': {'idx': {0: 'xfr_0000', 1: 0}, 'val': 0.0},
 'viol_xfr_t_u_sd_max': {'idx': {0: 'xfr_0000', 1: 0}, 'val': 0},
 'viol_xfr_t_u_su_max': {'idx': {0: 'xfr_0000', 1: 0}, 'val': 0},
 'viol_xfr_xfr_t_s_max_ctg': {'idx': {0: None, 1: None, 2: None}, 'val': 0.0},
 'z': -1857358014.4605072,
 'z_base': -1857356815.230766,
 'z_cost': 39209561.45709683,
 'z_k_average_case': -0.5182496720397379,
 'z_k_worst_case': -1198.7114914279136,
 'z_max_energy': 0.0,
 'z_min_energy': 0.0,
 'z_penalty': 1919565608.3876655,
 'z_value': 101418354.61397558}
infeasibility summary:
{}
feas: 1
obj: -1857358014.4605072
evaluate solution time: 25.377676963806152
end of check_data(), memory info: {'rss bytes': 517550080, 'rss human': '493.6M', 'percent': 0.19152911247056958}
