/rcfs/dtn/arpacomp/.conda/envs/goc_eval/lib/python3.10/site-packages/scipy/sparse/linalg/_dsolve/linsolve.py:347: SparseEfficiencyWarning: splu converted its input to CSC format
  warn('splu converted its input to CSC format', SparseEfficiencyWarning)
args:
Namespace(problem_opt=None, problem='/qfs/projects/goc/share/data/C3/E1/D1/C3E1N04200D1/scenario_118.json', solution='/qfs/projects/goc/share/data/C3/E1/D1/C3E1N04200D1/scenario_118.json.pop_solution.json', configuration=None, parameters='{}', summary_csv='summary.csv', summary_json='summary.json', data_errors='data_errors.txt', ignored_errors='ignored_errors.txt', solution_errors='solution_errors.txt', pop_solution=None, scrubbed_problem=None)
problem data file: /qfs/projects/goc/share/data/C3/E1/D1/C3E1N04200D1/scenario_118.json

pop solution data file: None

solution data file: /qfs/projects/goc/share/data/C3/E1/D1/C3E1N04200D1/scenario_118.json.pop_solution.json

git info: {'C3DataUtilities': {'branch': None, 'commit': '417faef61bd7caf40b3ea0dc36c5e033ca7ea3d5', 'date': 'Fri Dec 30 07:03:34 2022 -0800', 'query_return_code': 0, 'query_err': '', 'query_path': '/qfs/projects/goc/share/loadbalancing/src/nonmpi-template/Challenge3/C3DataUtilities/datautilities', 'query_out': 'commit 417faef61bd7caf40b3ea0dc36c5e033ca7ea3d5\nAuthor: Jesse T Holzer <jesse.holzer@pnnl.gov>\nDate:   Fri Dec 30 07:03:34 2022 -0800\n\n    add z_value, z_cost, z_penalty components of z_base\n'}, 'Bid-DS-data-model': {'branch': None, 'commit': None, 'date': None, 'query_return_code': 128, 'query_err': 'fatal: Not a git repository (or any parent up to mount point /rcfs)\nStopping at filesystem boundary (GIT_DISCOVERY_ACROSS_FILESYSTEM not set).\n', 'query_path': '/rcfs/dtn/arpacomp/.conda/envs/goc_eval/lib/python3.10/site-packages/datamodel', 'query_out': ''}}

after reading problem without validation, memory info: {'rss bytes': 186085376, 'rss human': '177.5M', 'percent': 0.06886184441458156}
read problem data file without validation time: 0.474611759185791
after reading problem with validation, memory info: {'rss bytes': 344670208, 'rss human': '328.7M', 'percent': 0.12754697197504367}
load time: 3.1796209812164307
{'general': {'base_norm_mva': 100.0,
             'day_type': None,
             'electricity_demand': None,
             'net_load': None,
             'season': None,
             'solar_availability': None,
             'timestamp_start': None,
             'timestamp_stop': None,
             'vre_availability': None,
             'weather_temperature': None,
             'wind_availability': None},
 'interval durations': [0.25,
                        0.25,
                        0.25,
                        0.25,
                        0.25,
                        0.25,
                        0.25,
                        0.25,
                        0.5,
                        0.5,
                        0.5,
                        0.5,
                        0.5,
                        0.5,
                        0.5,
                        0.5,
                        1.0,
                        1.0],
 'num ac lines': 2605,
 'num buses': 4224,
 'num consuming devices': 1673,
 'num contingencies': 2313,
 'num dc lines': 0,
 'num intervals': 18,
 'num producing devices': 478,
 'num reactive power reserve zones': 2,
 'num real power reserve zones': 2,
 'num shunts': 436,
 'num simple dispatchable devices': 2151,
 'num transformers': 2325,
 'total duration': 8.0,
 'violation costs': {'e_vio_cost': 900000.0,
                     'p_bus_vio_cost': 1000000.0,
                     'q_bus_vio_cost': 1000000.0,
                     's_vio_cost': 500.0}}
after read solution without validation, memory info: {'rss bytes': 364064768, 'rss human': '347.2M', 'percent': 0.13472402802274336}
read solution data file without validation time: 0.15366315841674805
after read solution with validation, memory info: {'rss bytes': 412184576, 'rss human': '393.1M', 'percent': 0.15253100889885224}
solution load time: 1.7289307117462158
after solution_model_checks(), memory info: {'rss bytes': 412454912, 'rss human': '393.3M', 'percent': 0.15263104811725736}
solution model_checks time: 0.02523207664489746
{}
after problem_data_array.set_from_data_model(), memory info: {'rss bytes': 427847680, 'rss human': '408.0M', 'percent': 0.15832722058341478}
convert problem data to numpy arrays time: 0.6046218872070312
after solution_data_array.set_from_data_model(), memory info: {'rss bytes': 432168960, 'rss human': '412.1M', 'percent': 0.15992633233216305}
convert solution data to numpy arrays time: 0.061705589294433594
function: set_summary, time: 0.00018978118896484375
function: set_problem, time: 9.5367431640625e-07
function: set_solution, time: 5.245208740234375e-06
function: set_solution_zero, time: 0.0006818771362304688
function: set_work_zero, time: 0.0006959438323974609
function: set_matrices, time: 0.005927324295043945
function: __init__, time: 0.007529497146606445
function: eval_sd_t_d_up_dn, time: 0.0008113384246826172
function: eval_sd_max_startup, time: 0.025487422943115234
function: eval_sd_t_z_sus, time: 0.0028562545776367188
function: eval_acl_t_p_q_fr_to, time: 0.002965211868286133
function: eval_xfr_t_p_q_fr_to, time: 0.0028960704803466797
function: eval_sd_t_su_sd_trajectories, time: 0.0004494190216064453
function: eval_sd_max_energy, time: 0.0007491111755371094
function: eval_sd_min_energy, time: 0.0007219314575195312
function: eval_sd_t_z_p, time: 0.1122276782989502
function: eval_bus_t_p, time: 0.001672506332397461
function: eval_bus_t_q, time: 0.0009431838989257812
sd_t_p_rgu sum: 0.0
prz_sigma_rgu max: 0.05
prz_t_p_rgu_req max: 15.935467309376168
sd_t_p_rgd sum: 0.0
prz_sigma_rgd max: 0.05
prz_t_p_rgd_req max: 15.935467309376168
sd_t_p_scr sum: 0.0
prz_sigma_scr max: 0.15
prz_t_p_scr_req max: 1.1028075759159026
sd_t_p_nsc sum: 0.0
prz_sigma_nsc max: 0.15
prz_t_p_nsc_req max: 1.1028075759159026
sd_t_p_rru sum: 0.0
prz_t_p_rru_min max: 0.5
sd_t_p_rrd sum: 0.0
prz_t_p_rrd_min max: 0.5
sd_t_p_qru sum: 0.0
qrz_t_q_qru_min max: 0.0
sd_t_p_qrd sum: 0.0
qrz_t_q_qrd_min max: 0.0
function: get_connected_components, time: 0.016512393951416016
function: get_bridges, time: 0.06709671020507812
function: get_connected_components, time: 0.0164642333984375
function: get_bridges, time: 0.06657290458679199
function: get_connected_components, time: 0.016854047775268555
function: get_bridges, time: 0.06699919700622559
function: get_connected_components, time: 0.016875267028808594
function: get_bridges, time: 0.06747221946716309
function: get_connected_components, time: 0.016529083251953125
function: get_bridges, time: 0.06856560707092285
function: get_connected_components, time: 0.016360759735107422
function: get_bridges, time: 0.06756949424743652
function: get_connected_components, time: 0.016821861267089844
function: get_bridges, time: 0.06870675086975098
function: get_connected_components, time: 0.016871929168701172
function: get_bridges, time: 0.06801843643188477
function: get_connected_components, time: 0.016386747360229492
function: get_bridges, time: 0.0677804946899414
function: get_connected_components, time: 0.016483783721923828
function: get_bridges, time: 0.32210588455200195
function: get_connected_components, time: 0.016214847564697266
function: get_bridges, time: 0.06691908836364746
function: get_connected_components, time: 0.016475677490234375
function: get_bridges, time: 0.06765317916870117
function: get_connected_components, time: 0.016798734664916992
function: get_bridges, time: 0.06662225723266602
function: get_connected_components, time: 0.016802310943603516
function: get_bridges, time: 0.06715011596679688
function: get_connected_components, time: 0.0165255069732666
function: get_bridges, time: 0.06746792793273926
function: get_connected_components, time: 0.016666173934936523
function: get_bridges, time: 0.06737661361694336
function: get_connected_components, time: 0.016335010528564453
function: get_bridges, time: 0.06763863563537598
function: get_connected_components, time: 0.016442060470581055
function: get_bridges, time: 0.06664395332336426
end of eval_connectedness(), memory info: {'rss bytes': 486215680, 'rss human': '463.7M', 'percent': 0.17992659728451726}
function: eval_connectedness, time: 1.9090650081634521
problem dimensions. bus: 4224, acl: 2605, xfr: 2325, dcl: 0, k: 2313, t: 18
construct static bus admittance matrix. time: 0.0012867450714111328
factor static bus admittance matrix. time: 0.010635852813720703
t_acl_delta_t: [array([], dtype=int64), array([], dtype=int64), array([], dtype=int64), array([], dtype=int64), array([], dtype=int64), array([], dtype=int64), array([], dtype=int64), array([], dtype=int64), array([], dtype=int64), array([], dtype=int64), array([], dtype=int64), array([], dtype=int64), array([], dtype=int64), array([], dtype=int64), array([], dtype=int64), array([], dtype=int64), array([], dtype=int64), array([], dtype=int64)], t_xfr_delta_t: [array([], dtype=int64), array([], dtype=int64), array([], dtype=int64), array([], dtype=int64), array([], dtype=int64), array([], dtype=int64), array([], dtype=int64), array([], dtype=int64), array([], dtype=int64), array([], dtype=int64), array([], dtype=int64), array([], dtype=int64), array([], dtype=int64), array([], dtype=int64), array([], dtype=int64), array([], dtype=int64), array([], dtype=int64), array([], dtype=int64)], t_br_delta_t: [array([], dtype=int64), array([], dtype=int64), array([], dtype=int64), array([], dtype=int64), array([], dtype=int64), array([], dtype=int64), array([], dtype=int64), array([], dtype=int64), array([], dtype=int64), array([], dtype=int64), array([], dtype=int64), array([], dtype=int64), array([], dtype=int64), array([], dtype=int64), array([], dtype=int64), array([], dtype=int64), array([], dtype=int64), array([], dtype=int64)], acl_delta_t: [], xfr_delta_t: [], br_delta_t: []
contingency delta branches. acl: 2313, xfr: 0, dcl: 0
construct bus,t-indexed right hand side. time: 0.0007686614990234375
solve for base case bus,t-indexed theta. time: 0.21874117851257324
num AC branches with possible violations in ACL contingencies: 1
num AC branches with possible violations in DCL contingencies: 0
num AC branches with possible violations in XFR contingencies: 0
t: 0, time: 1.3764824867248535, memory_info: {'rss bytes': 870203392, 'rss human': '829.9M', 'percent': 0.3220232125545703}
num AC branches with possible violations in ACL contingencies: 1
num AC branches with possible violations in DCL contingencies: 0
num AC branches with possible violations in XFR contingencies: 0
t: 1, time: 1.3379199504852295, memory_info: {'rss bytes': 872005632, 'rss human': '831.6M', 'percent': 0.322690140677271}
num AC branches with possible violations in ACL contingencies: 1
num AC branches with possible violations in DCL contingencies: 0
num AC branches with possible violations in XFR contingencies: 0
t: 2, time: 1.3113610744476318, memory_info: {'rss bytes': 873721856, 'rss human': '833.2M', 'percent': 0.32332523813957004}
num AC branches with possible violations in ACL contingencies: 1
num AC branches with possible violations in DCL contingencies: 0
num AC branches with possible violations in XFR contingencies: 0
t: 3, time: 1.2265112400054932, memory_info: {'rss bytes': 874610688, 'rss human': '834.1M', 'percent': 0.32365415496372013}
num AC branches with possible violations in ACL contingencies: 1
num AC branches with possible violations in DCL contingencies: 0
num AC branches with possible violations in XFR contingencies: 0
t: 4, time: 1.2820022106170654, memory_info: {'rss bytes': 874967040, 'rss human': '834.4M', 'percent': 0.3237860248425269}
num AC branches with possible violations in ACL contingencies: 1
num AC branches with possible violations in DCL contingencies: 0
num AC branches with possible violations in XFR contingencies: 0
t: 5, time: 1.246708869934082, memory_info: {'rss bytes': 876040192, 'rss human': '835.5M', 'percent': 0.3241831502246805}
num AC branches with possible violations in ACL contingencies: 1
num AC branches with possible violations in DCL contingencies: 0
num AC branches with possible violations in XFR contingencies: 0
t: 6, time: 1.2455105781555176, memory_info: {'rss bytes': 876044288, 'rss human': '835.5M', 'percent': 0.3241846659704139}
num AC branches with possible violations in ACL contingencies: 1
num AC branches with possible violations in DCL contingencies: 0
num AC branches with possible violations in XFR contingencies: 0
t: 7, time: 1.2258861064910889, memory_info: {'rss bytes': 876081152, 'rss human': '835.5M', 'percent': 0.32419830768201463}
num AC branches with possible violations in ACL contingencies: 1
num AC branches with possible violations in DCL contingencies: 0
num AC branches with possible violations in XFR contingencies: 0
t: 8, time: 1.2204151153564453, memory_info: {'rss bytes': 876093440, 'rss human': '835.5M', 'percent': 0.32420285491921486}
num AC branches with possible violations in ACL contingencies: 1
num AC branches with possible violations in DCL contingencies: 0
num AC branches with possible violations in XFR contingencies: 0
t: 9, time: 1.205524206161499, memory_info: {'rss bytes': 876097536, 'rss human': '835.5M', 'percent': 0.3242043706649482}
num AC branches with possible violations in ACL contingencies: 1
num AC branches with possible violations in DCL contingencies: 0
num AC branches with possible violations in XFR contingencies: 0
t: 10, time: 1.2067890167236328, memory_info: {'rss bytes': 876097536, 'rss human': '835.5M', 'percent': 0.3242043706649482}
num AC branches with possible violations in ACL contingencies: 1
num AC branches with possible violations in DCL contingencies: 0
num AC branches with possible violations in XFR contingencies: 0
t: 11, time: 1.205744743347168, memory_info: {'rss bytes': 876302336, 'rss human': '835.7M', 'percent': 0.3242801579516188}
num AC branches with possible violations in ACL contingencies: 1
num AC branches with possible violations in DCL contingencies: 0
num AC branches with possible violations in XFR contingencies: 0
t: 12, time: 1.2073678970336914, memory_info: {'rss bytes': 876326912, 'rss human': '835.7M', 'percent': 0.32428925242601925}
num AC branches with possible violations in ACL contingencies: 1
num AC branches with possible violations in DCL contingencies: 0
num AC branches with possible violations in XFR contingencies: 0
t: 13, time: 1.2052133083343506, memory_info: {'rss bytes': 876498944, 'rss human': '835.9M', 'percent': 0.3243529137468225}
num AC branches with possible violations in ACL contingencies: 1
num AC branches with possible violations in DCL contingencies: 0
num AC branches with possible violations in XFR contingencies: 0
t: 14, time: 1.2071092128753662, memory_info: {'rss bytes': 876531712, 'rss human': '835.9M', 'percent': 0.3243650397126898}
num AC branches with possible violations in ACL contingencies: 1
num AC branches with possible violations in DCL contingencies: 0
num AC branches with possible violations in XFR contingencies: 0
t: 15, time: 1.2016773223876953, memory_info: {'rss bytes': 876765184, 'rss human': '836.1M', 'percent': 0.3244514372194942}
num AC branches with possible violations in ACL contingencies: 1
num AC branches with possible violations in DCL contingencies: 0
num AC branches with possible violations in XFR contingencies: 0
t: 16, time: 1.2024409770965576, memory_info: {'rss bytes': 876769280, 'rss human': '836.2M', 'percent': 0.3244529529652276}
num AC branches with possible violations in ACL contingencies: 1
num AC branches with possible violations in DCL contingencies: 0
num AC branches with possible violations in XFR contingencies: 0
t: 17, time: 1.2061219215393066, memory_info: {'rss bytes': 877248512, 'rss human': '836.6M', 'percent': 0.32463029521603665}
initialize_m_w_time: 0.0047190189361572266
compute_static_w_time: 0.5513005256652832
get_time_varying_branch_characteristics_time: 0.0034482479095458984
construct_a_t_time: 0.015535116195678711
factor_a_t_time: 0.0825495719909668
compute_w_with_t_a_solve_time: 9.461385488510132
compute_v_t_time: 7.867813110351562e-06
compute_w_with_t_smw_time: 2.6226043701171875e-06
compute_v_time: 0.1180868148803711
compute_bus_theta_with_t_a_solve_time: 0.006021976470947266
compute_bus_theta_with_t_smw_time: 4.0531158447265625e-06
compute_br_p_time: 0.004646778106689453
apply_w_v_wt_time: 0.23418092727661133
compute_bus_dtheta_rhs_dcl_k_time: 0.006072998046875
compute_w_v_wt_xfr_k_time: 0.003766298294067383
compute_bus_dtheta_rhs_xfr_k_time: 7.152557373046875e-07
compute_br_acl_delta_k_p_delta_time: 0.8435921669006348
compute_br_dcl_delta_k_p_delta_time: 0.0038607120513916016
compute_br_xfr_delta_k_p_delta_time: 0.0013916492462158203
filter_branches_acl_k_time: 0.18252158164978027
filter_branches_dcl_k_time: 0.006118297576904297
filter_branches_xfr_k_time: 0.006013393402099609
compute_br_acl_delta_k_p_time: 0.1589798927307129
compute_br_dcl_delta_k_p_time: 0.00045418739318847656
compute_br_xfr_delta_k_p_time: 5.8650970458984375e-05
compute_br_acl_delta_k_s_over_time: 10.882559776306152
compute_br_dcl_delta_k_s_over_time: 0.0017058849334716797
compute_br_xfr_delta_k_s_over_time: 0.00091552734375
zero_out_time: 0.0008213520050048828
get_max_br_acl_delta_k_s_over_time: 0.09853267669677734
get_max_br_dcl_delta_k_s_over_time: 5.9604644775390625e-06
get_max_br_xfr_delta_k_s_over_time: 1.9073486328125e-06
compute_br_k_z_time: 0.09077191352844238
collect_penalties_into_obj_array_time: 0.0006012916564941406
end of contingency model method 1, memory info: {'rss bytes': 877248512, 'rss human': '836.6M', 'percent': 0.32463029521603665}
function: eval_post_contingency_model, time: 23.12228035926819
function: eval_post_contingency_model, time: 23.122313261032104
function: run, time: 25.209008932113647
after solution_evaluator.run(), memory info: {'rss bytes': 509415424, 'rss human': '485.8M', 'percent': 0.1885117811185555}
evaluation summary:
{'feas': 1,
 'infeas': 0,
 'info_i_i_k_t_disconnected_ctg': {'idx': {0: None, 1: None, 2: None, 3: None},
                                   'val': 0},
 'info_i_i_t_disconnected_base': {'idx': {0: None, 1: None, 2: None}, 'val': 0},
 'sum_acl_t_u_sd': 0,
 'sum_acl_t_u_su': 0,
 'sum_acl_t_z_s': 0.0,
 'sum_acl_t_z_sd': 0.0,
 'sum_acl_t_z_su': 0.0,
 'sum_bus_t_z_p': 606567079.7880162,
 'sum_bus_t_z_q': 576418741.2952014,
 'sum_cs_t_z_p': 118203640.46879536,
 'sum_pr_t_z_p': 25063469.517096836,
 'sum_prz_t_z_nsc': 72079556.5852608,
 'sum_prz_t_z_rgd': 225149791.36913413,
 'sum_prz_t_z_rgu': 225149791.36913413,
 'sum_prz_t_z_rrd': 4000000.0,
 'sum_prz_t_z_rru': 4000000.0,
 'sum_prz_t_z_scr': 128367004.4275443,
 'sum_qrz_t_z_qrd': 0.0,
 'sum_qrz_t_z_qru': 0.0,
 'sum_sd_t_sd': 0,
 'sum_sd_t_su': 0,
 'sum_sd_t_z_nsc': 0.0,
 'sum_sd_t_z_on': 14146091.939999998,
 'sum_sd_t_z_qrd': 0.0,
 'sum_sd_t_z_qru': 0.0,
 'sum_sd_t_z_rgd': 0.0,
 'sum_sd_t_z_rgu': 0.0,
 'sum_sd_t_z_rrd_off': 0.0,
 'sum_sd_t_z_rrd_on': 0.0,
 'sum_sd_t_z_rru_off': 0.0,
 'sum_sd_t_z_rru_on': 0.0,
 'sum_sd_t_z_scr': 0.0,
 'sum_sd_t_z_sd': 0.0,
 'sum_sd_t_z_su': 0.0,
 'sum_sd_t_z_sus': 0.0,
 'sum_xfr_t_u_sd': 0,
 'sum_xfr_t_u_su': 0,
 'sum_xfr_t_z_s': 0.0,
 'sum_xfr_t_z_sd': 0.0,
 'sum_xfr_t_z_su': 0.0,
 'viol_acl_acl_t_s_max_ctg': {'idx': {0: None, 1: None, 2: None}, 'val': 0.0},
 'viol_acl_dcl_t_s_max_ctg': {'idx': {0: None, 1: None, 2: None}, 'val': 0.0},
 'viol_acl_t_s_max': {'idx': {0: 'acl_0000', 1: 0}, 'val': 0.0},
 'viol_acl_t_u_sd_max': {'idx': {0: 'acl_0000', 1: 0}, 'val': 0},
 'viol_acl_t_u_su_max': {'idx': {0: 'acl_0000', 1: 0}, 'val': 0},
 'viol_acl_xfr_t_s_max_ctg': {'idx': {0: None, 1: None, 2: None}, 'val': 0.0},
 'viol_bus_t_p_balance_max': {'idx': {0: 'bus_3029', 1: 0},
                              'val': 14.361073828155153},
 'viol_bus_t_p_balance_min': {'idx': {0: 'bus_4015', 1: 0},
                              'val': -0.137160685338237},
 'viol_bus_t_q_balance_max': {'idx': {0: 'bus_4100', 1: 0},
                              'val': 0.9863380335243206},
 'viol_bus_t_q_balance_min': {'idx': {0: 'bus_3029', 1: 0},
                              'val': -13.410556213112201},
 'viol_bus_t_v_max': {'idx': {0: 'bus_0000', 1: 0}, 'val': 0.0},
 'viol_bus_t_v_min': {'idx': {0: 'bus_0000', 1: 0}, 'val': 0.0},
 'viol_cs_t_p_off_max': {'idx': {0: 'sd_0478', 1: 0}, 'val': 0.0},
 'viol_cs_t_p_off_min': {'idx': {0: 'sd_0478', 1: 0}, 'val': 0.0},
 'viol_cs_t_p_on_max': {'idx': {0: 'sd_0478', 1: 0}, 'val': 0.0},
 'viol_cs_t_p_on_min': {'idx': {0: 'sd_0478', 1: 0}, 'val': 0.0},
 'viol_cs_t_q_max': {'idx': {0: 'sd_0478', 1: 0}, 'val': 0.0},
 'viol_cs_t_q_min': {'idx': {0: 'sd_0478', 1: 0}, 'val': 0.0},
 'viol_cs_t_q_p_max': {'idx': {0: None, 1: None}, 'val': None},
 'viol_cs_t_q_p_min': {'idx': {0: None, 1: None}, 'val': None},
 'viol_dcl_t_p_max': {'idx': {0: None, 1: None}, 'val': None},
 'viol_dcl_t_p_min': {'idx': {0: None, 1: None}, 'val': None},
 'viol_dcl_t_q_fr_max': {'idx': {0: None, 1: None}, 'val': None},
 'viol_dcl_t_q_fr_min': {'idx': {0: None, 1: None}, 'val': None},
 'viol_dcl_t_q_to_max': {'idx': {0: None, 1: None}, 'val': None},
 'viol_dcl_t_q_to_min': {'idx': {0: None, 1: None}, 'val': None},
 'viol_pr_t_p_off_max': {'idx': {0: 'sd_0000', 1: 0}, 'val': 0.0},
 'viol_pr_t_p_off_min': {'idx': {0: 'sd_0000', 1: 0}, 'val': 0.0},
 'viol_pr_t_p_on_max': {'idx': {0: 'sd_0000', 1: 0}, 'val': 0.0},
 'viol_pr_t_p_on_min': {'idx': {0: 'sd_0000', 1: 0}, 'val': 0.0},
 'viol_pr_t_q_max': {'idx': {0: 'sd_0000', 1: 0}, 'val': 0.0},
 'viol_pr_t_q_min': {'idx': {0: 'sd_0000', 1: 0}, 'val': 0.0},
 'viol_pr_t_q_p_max': {'idx': {0: 'sd_0000', 1: 0}, 'val': 0.0},
 'viol_pr_t_q_p_min': {'idx': {0: 'sd_0000', 1: 0}, 'val': 0.0},
 'viol_prz_t_p_nsc_balance': {'idx': {0: 'prz_0', 1: 0},
                              'val': 17.677879343418137},
 'viol_prz_t_p_rgd_balance': {'idx': {0: 'prz_0', 1: 0},
                              'val': 15.935467309376168},
 'viol_prz_t_p_rgu_balance': {'idx': {0: 'prz_0', 1: 0},
                              'val': 15.935467309376168},
 'viol_prz_t_p_rrd_balance': {'idx': {0: 'prz_0', 1: 0}, 'val': 0.5},
 'viol_prz_t_p_rru_balance': {'idx': {0: 'prz_0', 1: 0}, 'val': 0.5},
 'viol_prz_t_p_scr_balance': {'idx': {0: 'prz_0', 1: 0},
                              'val': 16.806673326397153},
 'viol_qrz_t_q_qrd_balance': {'idx': {0: 'qrz_0', 1: 0}, 'val': 0.0},
 'viol_qrz_t_q_qru_balance': {'idx': {0: 'qrz_0', 1: 0}, 'val': 0.0},
 'viol_sd_max_energy_constr': {'idx': {0: 'sd_0000', 1: 0}, 'val': 0.0},
 'viol_sd_max_startup_constr': {'idx': {0: 'sd_0000', 1: 0}, 'val': 0},
 'viol_sd_min_energy_constr': {'idx': {0: 'sd_0000', 1: 0}, 'val': 0.0},
 'viol_sd_t_d_dn_min': {'idx': {0: 'sd_0000', 1: 0}, 'val': 0},
 'viol_sd_t_d_up_min': {'idx': {0: 'sd_0000', 1: 0}, 'val': 0},
 'viol_sd_t_p_nsc_max': {'idx': {0: 'sd_0000', 1: 0}, 'val': 0.0},
 'viol_sd_t_p_nsc_nonneg': {'idx': {0: 'sd_0000', 1: 0}, 'val': -0.0},
 'viol_sd_t_p_ramp_dn_max': {'idx': {0: 'sd_0000', 1: 0}, 'val': 0.0},
 'viol_sd_t_p_ramp_up_max': {'idx': {0: 'sd_0000', 1: 0}, 'val': 0.0},
 'viol_sd_t_p_rgd_max': {'idx': {0: 'sd_0000', 1: 0}, 'val': 0.0},
 'viol_sd_t_p_rgd_nonneg': {'idx': {0: 'sd_0000', 1: 0}, 'val': -0.0},
 'viol_sd_t_p_rgu_max': {'idx': {0: 'sd_0000', 1: 0}, 'val': 0.0},
 'viol_sd_t_p_rgu_nonneg': {'idx': {0: 'sd_0000', 1: 0}, 'val': -0.0},
 'viol_sd_t_p_rrd_off_max': {'idx': {0: 'sd_0000', 1: 0}, 'val': 0.0},
 'viol_sd_t_p_rrd_off_nonneg': {'idx': {0: 'sd_0000', 1: 0}, 'val': -0.0},
 'viol_sd_t_p_rrd_on_max': {'idx': {0: 'sd_0000', 1: 0}, 'val': 0.0},
 'viol_sd_t_p_rrd_on_nonneg': {'idx': {0: 'sd_0000', 1: 0}, 'val': -0.0},
 'viol_sd_t_p_rru_off_max': {'idx': {0: 'sd_0000', 1: 0}, 'val': 0.0},
 'viol_sd_t_p_rru_off_nonneg': {'idx': {0: 'sd_0000', 1: 0}, 'val': -0.0},
 'viol_sd_t_p_rru_on_max': {'idx': {0: 'sd_0000', 1: 0}, 'val': 0.0},
 'viol_sd_t_p_rru_on_nonneg': {'idx': {0: 'sd_0000', 1: 0}, 'val': -0.0},
 'viol_sd_t_p_scr_max': {'idx': {0: 'sd_0000', 1: 0}, 'val': 0.0},
 'viol_sd_t_p_scr_nonneg': {'idx': {0: 'sd_0000', 1: 0}, 'val': -0.0},
 'viol_sd_t_q_qrd_nonneg': {'idx': {0: 'sd_0000', 1: 0}, 'val': -0.0},
 'viol_sd_t_q_qru_nonneg': {'idx': {0: 'sd_0000', 1: 0}, 'val': -0.0},
 'viol_sd_t_u_on_max': {'idx': {0: 'sd_0000', 1: 0}, 'val': 0},
 'viol_sd_t_u_on_min': {'idx': {0: 'sd_0000', 1: 0}, 'val': 0},
 'viol_sh_t_u_st_max': {'idx': {0: 'sh_000', 1: 0}, 'val': 0},
 'viol_sh_t_u_st_min': {'idx': {0: 'sh_000', 1: 0}, 'val': 0},
 'viol_t_connected_base': {'idx': {0: 0}, 'val': 0},
 'viol_t_connected_ctg': {'idx': {0: 0}, 'val': 0},
 'viol_xfr_acl_t_s_max_ctg': {'idx': {0: None, 1: None, 2: None}, 'val': 0.0},
 'viol_xfr_dcl_t_s_max_ctg': {'idx': {0: None, 1: None, 2: None}, 'val': 0.0},
 'viol_xfr_t_phi_max': {'idx': {0: 'xfr_0000', 1: 0}, 'val': 0.0},
 'viol_xfr_t_phi_min': {'idx': {0: 'xfr_0000', 1: 0}, 'val': 0.0},
 'viol_xfr_t_s_max': {'idx': {0: 'xfr_0000', 1: 0}, 'val': 0.0},
 'viol_xfr_t_tau_max': {'idx': {0: 'xfr_0000', 1: 0}, 'val': 0.0},
 'viol_xfr_t_tau_min': {'idx': {0: 'xfr_0000', 1: 0}, 'val': 0.0},
 'viol_xfr_t_u_sd_max': {'idx': {0: 'xfr_0000', 1: 0}, 'val': 0},
 'viol_xfr_t_u_su_max': {'idx': {0: 'xfr_0000', 1: 0}, 'val': 0},
 'viol_xfr_xfr_t_s_max_ctg': {'idx': {0: None, 1: None, 2: None}, 'val': 0.0},
 'z': -1762739272.8825905,
 'z_base': -1762737885.8225803,
 'z_cost': 39209561.45709683,
 'z_k_average_case': -0.5994209205695255,
 'z_k_worst_case': -1386.4605892773125,
 'z_max_energy': 0.0,
 'z_min_energy': 0.0,
 'z_penalty': 1841731964.834291,
 'z_value': 118203640.46879536}
infeasibility summary:
{}
feas: 1
obj: -1762739272.8825905
evaluate solution time: 25.219783306121826
end of check_data(), memory info: {'rss bytes': 509661184, 'rss human': '486.1M', 'percent': 0.1886027258625601}
